<?xml version="1.0" encoding="UTF-8"?>
<testsuites name="TS_ClickUpdate_Delete" time="60" tests="17" failures="0" errors="0">
   <testsuite name="TS_ClickUpdate_Delete" tests="17" failures="0" errors="0" time="60" timestamp="2019-01-31 12:37:07" hostname="Ebtehal Gamal Yusuf - LPALXY0199.ejadaalex.local" id="Test Suites/Event Group Management/TS_ClickUpdate_Delete">
      <properties>
         <property name="deviceName" value=""/>
         <property name="devicePlatform" value=""/>
         <property name="logFolder" value="C:\\Users\\Administrator\\git\\MOF\\Reports\\Event Group Management\\TS_ClickUpdate_Delete\\20190131_123704"/>
         <property name="logFiles" value="C:\\Users\\Administrator\\git\\MOF\\Reports\\Event Group Management\\TS_ClickUpdate_Delete\\20190131_123704\\execution0.log"/>
         <property name="attachments" value=""/>
         <property name="hostName" value="Ebtehal Gamal Yusuf - LPALXY0199.ejadaalex.local"/>
         <property name="os" value="Windows 7 64bit"/>
         <property name="katalonVersion" value="5.10.1.1"/>
         <property name="browser" value="Chrome 71.0.3578.98"/>
         <property name="hostAddress" value="192.168.3.51"/>
         <property name="sessionId" value="fff897cd627284986a54bc04defc00e8"/>
         <property name="seleniumVersion" value="3.7.1"/>
         <property name="proxyInformation" value="ProxyInformation{proxyOption=NO_PROXY, proxyServerType=HTTP, password=, proxyServerAddress=, proxyServerPort=0}"/>
         <property name="platform" value="Windows 7"/>
      </properties>
      <testcase name="Test Cases/TC_Login" classname="Test Cases/TC_Login" status="PASSED">
         <system-out><![CDATA[2019-01-31 12:37:08 - [TEST_CASE][PASSED] - Test Cases/TC_Login: Test Cases/TC_Login

2019-01-31 12:37:09 - [TEST_STEP][PASSED] - pk_Functions.CS_Login.LoginFun(findTestObject(null), "http://192.168.0.190:8080/mof/#/", findTestObject("Login/Username"), findTestObject("Login/Password"), "AAttia", "123", findTestObject("Login/Login")): pk_Functions.CS_Login.LoginFun is PASSED

2019-01-31 12:37:09 - [MESSAGE][WARNING] - Test object id is null

2019-01-31 12:37:09 - [MESSAGE][INFO] - Starting 'Chrome' driver

2019-01-31 12:37:09 - [MESSAGE][INFO] - Action delay is set to 0 seconds

2019-01-31 12:37:27 - [MESSAGE][PASSED] - Browser is opened with url: 'http://192.168.0.190:8080/mof/#/'

2019-01-31 12:37:28 - [MESSAGE][PASSED] - Text 'AAttia' is set on object 'Object Repository/Login/Username'

2019-01-31 12:37:28 - [MESSAGE][PASSED] - Text '123' is set on object 'Object Repository/Login/Password'

2019-01-31 12:37:28 - [MESSAGE][PASSED] - Object: 'Object Repository/Login/Login' is clicked on

2019-01-31 12:37:28 - [MESSAGE][PASSED] - pk_Functions.CS_Login.LoginFun is PASSED

2019-01-31 12:37:28 - [TEST_STEP][PASSED] - click(findTestObject("NE_SideMenu")): Object: 'Object Repository/NE_SideMenu' is clicked on

2019-01-31 12:37:30 - [MESSAGE][PASSED] - Object: 'Object Repository/NE_SideMenu' is clicked on

2019-01-31 12:37:30 - [TEST_STEP][PASSED] - click(findTestObject("NE_EventGroupManagement")): Object: 'Object Repository/NE_EventGroupManagement' is clicked on

2019-01-31 12:37:30 - [MESSAGE][PASSED] - Object: 'Object Repository/NE_EventGroupManagement' is clicked on

2019-01-31 12:37:30 - [TEST_STEP][PASSED] - click(findTestObject("Event Group Managemnt/BTN_Search")): Object: 'Object Repository/Event Group Managemnt/BTN_Search' is clicked on

2019-01-31 12:37:30 - [MESSAGE][PASSED] - Object: 'Object Repository/Event Group Managemnt/BTN_Search' is clicked on]]></system-out>
         <system-err><![CDATA[]]></system-err>
      </testcase>
      <testcase name="Test Cases/Event Group Management/TC_Update and Delete test" classname="Test Cases/Event Group Management/TC_Update and Delete test" status="PASSED">
         <system-out><![CDATA[2019-01-31 12:37:31 - [TEST_CASE][PASSED] - Test Cases/Event Group Management/TC_Update and Delete test: Test Cases/Event Group Management/TC_Update and Delete test

2019-01-31 12:37:31 - [TEST_STEP][NOT_RUN] - pk_Functions.CS_Login.LoginFun(findTestObject(null), "http://192.168.0.190:8080/mof/#/", findTestObject("Login/Username"), findTestObject("Login/Password"), "AAttia", "123", findTestObject("Login/Login")): NOT_RUN: pk_Functions.CS_Login.LoginFun(findTestObject(null), "http://192.168.0.190:8080/mof/#/", findTestObject("Login/Username"), findTestObject("Login/Password"), "AAttia", "123", findTestObject("Login/Login"))

2019-01-31 12:37:31 - [MESSAGE][NOT_RUN] - NOT_RUN: pk_Functions.CS_Login.LoginFun(findTestObject(null), "http://192.168.0.190:8080/mof/#/", findTestObject("Login/Username"), findTestObject("Login/Password"), "AAttia", "123", findTestObject("Login/Login"))

2019-01-31 12:37:31 - [TEST_STEP][NOT_RUN] - click(findTestObject("NE_SideMenu")): NOT_RUN: click(findTestObject("NE_SideMenu"))

2019-01-31 12:37:31 - [MESSAGE][NOT_RUN] - NOT_RUN: click(findTestObject("NE_SideMenu"))

2019-01-31 12:37:31 - [TEST_STEP][NOT_RUN] - click(findTestObject("NE_EventGroupManagement")): NOT_RUN: click(findTestObject("NE_EventGroupManagement"))

2019-01-31 12:37:31 - [MESSAGE][NOT_RUN] - NOT_RUN: click(findTestObject("NE_EventGroupManagement"))

2019-01-31 12:37:31 - [TEST_STEP][PASSED] - delay(1): Delayed 1 second(s)

2019-01-31 12:37:32 - [MESSAGE][PASSED] - Delayed 1 second(s)

2019-01-31 12:37:32 - [TEST_STEP][NOT_RUN] - pk_Functions.CS_ClickingonUpdateorDeletebutton.SelectRecordFromWebtableFun("Event Group Management/MOF_NE_Event Group ManagementData", "Sheet1"): NOT_RUN: pk_Functions.CS_ClickingonUpdateorDeletebutton.SelectRecordFromWebtableFun("Event Group Management/MOF_NE_Event Group ManagementData", "Sheet1")

2019-01-31 12:37:32 - [MESSAGE][NOT_RUN] - NOT_RUN: pk_Functions.CS_ClickingonUpdateorDeletebutton.SelectRecordFromWebtableFun("Event Group Management/MOF_NE_Event Group ManagementData", "Sheet1")

2019-01-31 12:37:32 - [TEST_STEP][NOT_RUN] - pk_Functions.CS_ClickingonUpdateorDeletebutton.SelectRecordFromWebtableFun("", 0, 3, 2, "Event Group Management/MOF_NE_Event Group ManagementObjectRepository", "Sheet1", "Event Group Management/MOF_NE_Event Group ManagementData", "Sheet1"): NOT_RUN: pk_Functions.CS_ClickingonUpdateorDeletebutton.SelectRecordFromWebtableFun("", 0, 3, 2, "Event Group Management/MOF_NE_Event Group ManagementObjectRepository", "Sheet1", "Event Group Management/MOF_NE_Event Group ManagementData", "Sheet1")

2019-01-31 12:37:32 - [MESSAGE][NOT_RUN] - NOT_RUN: pk_Functions.CS_ClickingonUpdateorDeletebutton.SelectRecordFromWebtableFun("", 0, 3, 2, "Event Group Management/MOF_NE_Event Group ManagementObjectRepository", "Sheet1", "Event Group Management/MOF_NE_Event Group ManagementData", "Sheet1")

2019-01-31 12:37:32 - [TEST_STEP][PASSED] - pk_Functions.CS_ClickingonUpdateorDeletebutton.SelectRecordFromWebtableFun(ActionType, 0, 13, 3, "Event Group Management/MOF_NE_Event Group ManagementObjectRepository", "Sheet1", "Event Group Management/MOF_NE_Event Group ManagementData", "Sheet1"): pk_Functions.CS_ClickingonUpdateorDeletebutton.SelectRecordFromWebtableFun is PASSED

2019-01-31 12:37:34 - [MESSAGE][PASSED] - pk_Functions.CS_ClickingonUpdateorDeletebutton.SelectRecordFromWebtableFun is PASSED

2019-01-31 12:37:34 - [TEST_STEP][NOT_RUN] - pk_Functions.CS_SpecificPageData.DataFun(["Arabic Description", "English Description"], "Event Group Management/MOF_NE_Event Group ManagementObjectRepository", "Sheet1", [ArabicDescription, EnglishDescription]): NOT_RUN: pk_Functions.CS_SpecificPageData.DataFun(["Arabic Description", "English Description"], "Event Group Management/MOF_NE_Event Group ManagementObjectRepository", "Sheet1", [ArabicDescription, EnglishDescription])

2019-01-31 12:37:34 - [MESSAGE][NOT_RUN] - NOT_RUN: pk_Functions.CS_SpecificPageData.DataFun(["Arabic Description", "English Description"], "Event Group Management/MOF_NE_Event Group ManagementObjectRepository", "Sheet1", [ArabicDescription, EnglishDescription])

2019-01-31 12:37:34 - [TEST_STEP][NOT_RUN] - click(findTestObject("Event Group Managemnt/BTN_Save")): NOT_RUN: click(findTestObject("Event Group Managemnt/BTN_Save"))

2019-01-31 12:37:34 - [MESSAGE][NOT_RUN] - NOT_RUN: click(findTestObject("Event Group Managemnt/BTN_Save"))

2019-01-31 12:37:34 - [TEST_STEP][NOT_RUN] - click(findTestObject("Event Group Managemnt/BTN_Back")): NOT_RUN: click(findTestObject("Event Group Managemnt/BTN_Back"))

2019-01-31 12:37:34 - [MESSAGE][NOT_RUN] - NOT_RUN: click(findTestObject("Event Group Managemnt/BTN_Back"))]]></system-out>
         <system-err><![CDATA[]]></system-err>
      </testcase>
      <testcase name="Test Cases/Event Group Management/TC_Update and Delete test" classname="Test Cases/Event Group Management/TC_Update and Delete test" status="PASSED">
         <system-out><![CDATA[2019-01-31 12:37:34 - [TEST_CASE][PASSED] - Test Cases/Event Group Management/TC_Update and Delete test: Test Cases/Event Group Management/TC_Update and Delete test

2019-01-31 12:37:34 - [TEST_STEP][NOT_RUN] - pk_Functions.CS_Login.LoginFun(findTestObject(null), "http://192.168.0.190:8080/mof/#/", findTestObject("Login/Username"), findTestObject("Login/Password"), "AAttia", "123", findTestObject("Login/Login")): NOT_RUN: pk_Functions.CS_Login.LoginFun(findTestObject(null), "http://192.168.0.190:8080/mof/#/", findTestObject("Login/Username"), findTestObject("Login/Password"), "AAttia", "123", findTestObject("Login/Login"))

2019-01-31 12:37:34 - [MESSAGE][NOT_RUN] - NOT_RUN: pk_Functions.CS_Login.LoginFun(findTestObject(null), "http://192.168.0.190:8080/mof/#/", findTestObject("Login/Username"), findTestObject("Login/Password"), "AAttia", "123", findTestObject("Login/Login"))

2019-01-31 12:37:34 - [TEST_STEP][NOT_RUN] - click(findTestObject("NE_SideMenu")): NOT_RUN: click(findTestObject("NE_SideMenu"))

2019-01-31 12:37:34 - [MESSAGE][NOT_RUN] - NOT_RUN: click(findTestObject("NE_SideMenu"))

2019-01-31 12:37:34 - [TEST_STEP][NOT_RUN] - click(findTestObject("NE_EventGroupManagement")): NOT_RUN: click(findTestObject("NE_EventGroupManagement"))

2019-01-31 12:37:34 - [MESSAGE][NOT_RUN] - NOT_RUN: click(findTestObject("NE_EventGroupManagement"))

2019-01-31 12:37:34 - [TEST_STEP][PASSED] - delay(1): Delayed 1 second(s)

2019-01-31 12:37:35 - [MESSAGE][PASSED] - Delayed 1 second(s)

2019-01-31 12:37:35 - [TEST_STEP][NOT_RUN] - pk_Functions.CS_ClickingonUpdateorDeletebutton.SelectRecordFromWebtableFun("Event Group Management/MOF_NE_Event Group ManagementData", "Sheet1"): NOT_RUN: pk_Functions.CS_ClickingonUpdateorDeletebutton.SelectRecordFromWebtableFun("Event Group Management/MOF_NE_Event Group ManagementData", "Sheet1")

2019-01-31 12:37:35 - [MESSAGE][NOT_RUN] - NOT_RUN: pk_Functions.CS_ClickingonUpdateorDeletebutton.SelectRecordFromWebtableFun("Event Group Management/MOF_NE_Event Group ManagementData", "Sheet1")

2019-01-31 12:37:35 - [TEST_STEP][NOT_RUN] - pk_Functions.CS_ClickingonUpdateorDeletebutton.SelectRecordFromWebtableFun("", 0, 3, 2, "Event Group Management/MOF_NE_Event Group ManagementObjectRepository", "Sheet1", "Event Group Management/MOF_NE_Event Group ManagementData", "Sheet1"): NOT_RUN: pk_Functions.CS_ClickingonUpdateorDeletebutton.SelectRecordFromWebtableFun("", 0, 3, 2, "Event Group Management/MOF_NE_Event Group ManagementObjectRepository", "Sheet1", "Event Group Management/MOF_NE_Event Group ManagementData", "Sheet1")

2019-01-31 12:37:35 - [MESSAGE][NOT_RUN] - NOT_RUN: pk_Functions.CS_ClickingonUpdateorDeletebutton.SelectRecordFromWebtableFun("", 0, 3, 2, "Event Group Management/MOF_NE_Event Group ManagementObjectRepository", "Sheet1", "Event Group Management/MOF_NE_Event Group ManagementData", "Sheet1")

2019-01-31 12:37:35 - [TEST_STEP][PASSED] - pk_Functions.CS_ClickingonUpdateorDeletebutton.SelectRecordFromWebtableFun(ActionType, 0, 13, 3, "Event Group Management/MOF_NE_Event Group ManagementObjectRepository", "Sheet1", "Event Group Management/MOF_NE_Event Group ManagementData", "Sheet1"): pk_Functions.CS_ClickingonUpdateorDeletebutton.SelectRecordFromWebtableFun is PASSED

2019-01-31 12:37:40 - [MESSAGE][PASSED] - Delayed 4 second(s)

2019-01-31 12:37:41 - [MESSAGE][PASSED] - Delayed 1 second(s)

2019-01-31 12:37:41 - [MESSAGE][PASSED] - pk_Functions.CS_ClickingonUpdateorDeletebutton.SelectRecordFromWebtableFun is PASSED

2019-01-31 12:37:41 - [TEST_STEP][NOT_RUN] - pk_Functions.CS_SpecificPageData.DataFun(["Arabic Description", "English Description"], "Event Group Management/MOF_NE_Event Group ManagementObjectRepository", "Sheet1", [ArabicDescription, EnglishDescription]): NOT_RUN: pk_Functions.CS_SpecificPageData.DataFun(["Arabic Description", "English Description"], "Event Group Management/MOF_NE_Event Group ManagementObjectRepository", "Sheet1", [ArabicDescription, EnglishDescription])

2019-01-31 12:37:41 - [MESSAGE][NOT_RUN] - NOT_RUN: pk_Functions.CS_SpecificPageData.DataFun(["Arabic Description", "English Description"], "Event Group Management/MOF_NE_Event Group ManagementObjectRepository", "Sheet1", [ArabicDescription, EnglishDescription])

2019-01-31 12:37:41 - [TEST_STEP][NOT_RUN] - click(findTestObject("Event Group Managemnt/BTN_Save")): NOT_RUN: click(findTestObject("Event Group Managemnt/BTN_Save"))

2019-01-31 12:37:41 - [MESSAGE][NOT_RUN] - NOT_RUN: click(findTestObject("Event Group Managemnt/BTN_Save"))

2019-01-31 12:37:41 - [TEST_STEP][NOT_RUN] - click(findTestObject("Event Group Managemnt/BTN_Back")): NOT_RUN: click(findTestObject("Event Group Managemnt/BTN_Back"))

2019-01-31 12:37:41 - [MESSAGE][NOT_RUN] - NOT_RUN: click(findTestObject("Event Group Managemnt/BTN_Back"))]]></system-out>
         <system-err><![CDATA[]]></system-err>
      </testcase>
      <testcase name="Test Cases/Event Group Management/TC_Update and Delete test" classname="Test Cases/Event Group Management/TC_Update and Delete test" status="PASSED">
         <system-out><![CDATA[2019-01-31 12:37:41 - [TEST_CASE][PASSED] - Test Cases/Event Group Management/TC_Update and Delete test: Test Cases/Event Group Management/TC_Update and Delete test

2019-01-31 12:37:41 - [TEST_STEP][NOT_RUN] - pk_Functions.CS_Login.LoginFun(findTestObject(null), "http://192.168.0.190:8080/mof/#/", findTestObject("Login/Username"), findTestObject("Login/Password"), "AAttia", "123", findTestObject("Login/Login")): NOT_RUN: pk_Functions.CS_Login.LoginFun(findTestObject(null), "http://192.168.0.190:8080/mof/#/", findTestObject("Login/Username"), findTestObject("Login/Password"), "AAttia", "123", findTestObject("Login/Login"))

2019-01-31 12:37:41 - [MESSAGE][NOT_RUN] - NOT_RUN: pk_Functions.CS_Login.LoginFun(findTestObject(null), "http://192.168.0.190:8080/mof/#/", findTestObject("Login/Username"), findTestObject("Login/Password"), "AAttia", "123", findTestObject("Login/Login"))

2019-01-31 12:37:41 - [TEST_STEP][NOT_RUN] - click(findTestObject("NE_SideMenu")): NOT_RUN: click(findTestObject("NE_SideMenu"))

2019-01-31 12:37:41 - [MESSAGE][NOT_RUN] - NOT_RUN: click(findTestObject("NE_SideMenu"))

2019-01-31 12:37:41 - [TEST_STEP][NOT_RUN] - click(findTestObject("NE_EventGroupManagement")): NOT_RUN: click(findTestObject("NE_EventGroupManagement"))

2019-01-31 12:37:41 - [MESSAGE][NOT_RUN] - NOT_RUN: click(findTestObject("NE_EventGroupManagement"))

2019-01-31 12:37:41 - [TEST_STEP][PASSED] - delay(1): Delayed 1 second(s)

2019-01-31 12:37:42 - [MESSAGE][PASSED] - Delayed 1 second(s)

2019-01-31 12:37:42 - [TEST_STEP][NOT_RUN] - pk_Functions.CS_ClickingonUpdateorDeletebutton.SelectRecordFromWebtableFun("Event Group Management/MOF_NE_Event Group ManagementData", "Sheet1"): NOT_RUN: pk_Functions.CS_ClickingonUpdateorDeletebutton.SelectRecordFromWebtableFun("Event Group Management/MOF_NE_Event Group ManagementData", "Sheet1")

2019-01-31 12:37:42 - [MESSAGE][NOT_RUN] - NOT_RUN: pk_Functions.CS_ClickingonUpdateorDeletebutton.SelectRecordFromWebtableFun("Event Group Management/MOF_NE_Event Group ManagementData", "Sheet1")

2019-01-31 12:37:42 - [TEST_STEP][NOT_RUN] - pk_Functions.CS_ClickingonUpdateorDeletebutton.SelectRecordFromWebtableFun("", 0, 3, 2, "Event Group Management/MOF_NE_Event Group ManagementObjectRepository", "Sheet1", "Event Group Management/MOF_NE_Event Group ManagementData", "Sheet1"): NOT_RUN: pk_Functions.CS_ClickingonUpdateorDeletebutton.SelectRecordFromWebtableFun("", 0, 3, 2, "Event Group Management/MOF_NE_Event Group ManagementObjectRepository", "Sheet1", "Event Group Management/MOF_NE_Event Group ManagementData", "Sheet1")

2019-01-31 12:37:42 - [MESSAGE][NOT_RUN] - NOT_RUN: pk_Functions.CS_ClickingonUpdateorDeletebutton.SelectRecordFromWebtableFun("", 0, 3, 2, "Event Group Management/MOF_NE_Event Group ManagementObjectRepository", "Sheet1", "Event Group Management/MOF_NE_Event Group ManagementData", "Sheet1")

2019-01-31 12:37:42 - [TEST_STEP][PASSED] - pk_Functions.CS_ClickingonUpdateorDeletebutton.SelectRecordFromWebtableFun(ActionType, 0, 13, 3, "Event Group Management/MOF_NE_Event Group ManagementObjectRepository", "Sheet1", "Event Group Management/MOF_NE_Event Group ManagementData", "Sheet1"): pk_Functions.CS_ClickingonUpdateorDeletebutton.SelectRecordFromWebtableFun is PASSED

2019-01-31 12:37:47 - [MESSAGE][PASSED] - Delayed 4 second(s)

2019-01-31 12:37:48 - [MESSAGE][PASSED] - Delayed 1 second(s)

2019-01-31 12:37:48 - [MESSAGE][PASSED] - pk_Functions.CS_ClickingonUpdateorDeletebutton.SelectRecordFromWebtableFun is PASSED

2019-01-31 12:37:48 - [TEST_STEP][NOT_RUN] - pk_Functions.CS_SpecificPageData.DataFun(["Arabic Description", "English Description"], "Event Group Management/MOF_NE_Event Group ManagementObjectRepository", "Sheet1", [ArabicDescription, EnglishDescription]): NOT_RUN: pk_Functions.CS_SpecificPageData.DataFun(["Arabic Description", "English Description"], "Event Group Management/MOF_NE_Event Group ManagementObjectRepository", "Sheet1", [ArabicDescription, EnglishDescription])

2019-01-31 12:37:48 - [MESSAGE][NOT_RUN] - NOT_RUN: pk_Functions.CS_SpecificPageData.DataFun(["Arabic Description", "English Description"], "Event Group Management/MOF_NE_Event Group ManagementObjectRepository", "Sheet1", [ArabicDescription, EnglishDescription])

2019-01-31 12:37:48 - [TEST_STEP][NOT_RUN] - click(findTestObject("Event Group Managemnt/BTN_Save")): NOT_RUN: click(findTestObject("Event Group Managemnt/BTN_Save"))

2019-01-31 12:37:48 - [MESSAGE][NOT_RUN] - NOT_RUN: click(findTestObject("Event Group Managemnt/BTN_Save"))

2019-01-31 12:37:48 - [TEST_STEP][NOT_RUN] - click(findTestObject("Event Group Managemnt/BTN_Back")): NOT_RUN: click(findTestObject("Event Group Managemnt/BTN_Back"))

2019-01-31 12:37:48 - [MESSAGE][NOT_RUN] - NOT_RUN: click(findTestObject("Event Group Managemnt/BTN_Back"))]]></system-out>
         <system-err><![CDATA[]]></system-err>
      </testcase>
      <testcase name="Test Cases/Event Group Management/TC_Update and Delete test" classname="Test Cases/Event Group Management/TC_Update and Delete test" status="PASSED">
         <system-out><![CDATA[2019-01-31 12:37:48 - [TEST_CASE][PASSED] - Test Cases/Event Group Management/TC_Update and Delete test: Test Cases/Event Group Management/TC_Update and Delete test

2019-01-31 12:37:48 - [TEST_STEP][NOT_RUN] - pk_Functions.CS_Login.LoginFun(findTestObject(null), "http://192.168.0.190:8080/mof/#/", findTestObject("Login/Username"), findTestObject("Login/Password"), "AAttia", "123", findTestObject("Login/Login")): NOT_RUN: pk_Functions.CS_Login.LoginFun(findTestObject(null), "http://192.168.0.190:8080/mof/#/", findTestObject("Login/Username"), findTestObject("Login/Password"), "AAttia", "123", findTestObject("Login/Login"))

2019-01-31 12:37:48 - [MESSAGE][NOT_RUN] - NOT_RUN: pk_Functions.CS_Login.LoginFun(findTestObject(null), "http://192.168.0.190:8080/mof/#/", findTestObject("Login/Username"), findTestObject("Login/Password"), "AAttia", "123", findTestObject("Login/Login"))

2019-01-31 12:37:48 - [TEST_STEP][NOT_RUN] - click(findTestObject("NE_SideMenu")): NOT_RUN: click(findTestObject("NE_SideMenu"))

2019-01-31 12:37:48 - [MESSAGE][NOT_RUN] - NOT_RUN: click(findTestObject("NE_SideMenu"))

2019-01-31 12:37:48 - [TEST_STEP][NOT_RUN] - click(findTestObject("NE_EventGroupManagement")): NOT_RUN: click(findTestObject("NE_EventGroupManagement"))

2019-01-31 12:37:48 - [MESSAGE][NOT_RUN] - NOT_RUN: click(findTestObject("NE_EventGroupManagement"))

2019-01-31 12:37:48 - [TEST_STEP][PASSED] - delay(1): Delayed 1 second(s)

2019-01-31 12:37:49 - [MESSAGE][PASSED] - Delayed 1 second(s)

2019-01-31 12:37:49 - [TEST_STEP][NOT_RUN] - pk_Functions.CS_ClickingonUpdateorDeletebutton.SelectRecordFromWebtableFun("Event Group Management/MOF_NE_Event Group ManagementData", "Sheet1"): NOT_RUN: pk_Functions.CS_ClickingonUpdateorDeletebutton.SelectRecordFromWebtableFun("Event Group Management/MOF_NE_Event Group ManagementData", "Sheet1")

2019-01-31 12:37:49 - [MESSAGE][NOT_RUN] - NOT_RUN: pk_Functions.CS_ClickingonUpdateorDeletebutton.SelectRecordFromWebtableFun("Event Group Management/MOF_NE_Event Group ManagementData", "Sheet1")

2019-01-31 12:37:49 - [TEST_STEP][NOT_RUN] - pk_Functions.CS_ClickingonUpdateorDeletebutton.SelectRecordFromWebtableFun("", 0, 3, 2, "Event Group Management/MOF_NE_Event Group ManagementObjectRepository", "Sheet1", "Event Group Management/MOF_NE_Event Group ManagementData", "Sheet1"): NOT_RUN: pk_Functions.CS_ClickingonUpdateorDeletebutton.SelectRecordFromWebtableFun("", 0, 3, 2, "Event Group Management/MOF_NE_Event Group ManagementObjectRepository", "Sheet1", "Event Group Management/MOF_NE_Event Group ManagementData", "Sheet1")

2019-01-31 12:37:49 - [MESSAGE][NOT_RUN] - NOT_RUN: pk_Functions.CS_ClickingonUpdateorDeletebutton.SelectRecordFromWebtableFun("", 0, 3, 2, "Event Group Management/MOF_NE_Event Group ManagementObjectRepository", "Sheet1", "Event Group Management/MOF_NE_Event Group ManagementData", "Sheet1")

2019-01-31 12:37:49 - [TEST_STEP][PASSED] - pk_Functions.CS_ClickingonUpdateorDeletebutton.SelectRecordFromWebtableFun(ActionType, 0, 13, 3, "Event Group Management/MOF_NE_Event Group ManagementObjectRepository", "Sheet1", "Event Group Management/MOF_NE_Event Group ManagementData", "Sheet1"): pk_Functions.CS_ClickingonUpdateorDeletebutton.SelectRecordFromWebtableFun is PASSED

2019-01-31 12:37:50 - [MESSAGE][PASSED] - pk_Functions.CS_ClickingonUpdateorDeletebutton.SelectRecordFromWebtableFun is PASSED

2019-01-31 12:37:50 - [TEST_STEP][NOT_RUN] - pk_Functions.CS_SpecificPageData.DataFun(["Arabic Description", "English Description"], "Event Group Management/MOF_NE_Event Group ManagementObjectRepository", "Sheet1", [ArabicDescription, EnglishDescription]): NOT_RUN: pk_Functions.CS_SpecificPageData.DataFun(["Arabic Description", "English Description"], "Event Group Management/MOF_NE_Event Group ManagementObjectRepository", "Sheet1", [ArabicDescription, EnglishDescription])

2019-01-31 12:37:50 - [MESSAGE][NOT_RUN] - NOT_RUN: pk_Functions.CS_SpecificPageData.DataFun(["Arabic Description", "English Description"], "Event Group Management/MOF_NE_Event Group ManagementObjectRepository", "Sheet1", [ArabicDescription, EnglishDescription])

2019-01-31 12:37:50 - [TEST_STEP][NOT_RUN] - click(findTestObject("Event Group Managemnt/BTN_Save")): NOT_RUN: click(findTestObject("Event Group Managemnt/BTN_Save"))

2019-01-31 12:37:50 - [MESSAGE][NOT_RUN] - NOT_RUN: click(findTestObject("Event Group Managemnt/BTN_Save"))

2019-01-31 12:37:50 - [TEST_STEP][NOT_RUN] - click(findTestObject("Event Group Managemnt/BTN_Back")): NOT_RUN: click(findTestObject("Event Group Managemnt/BTN_Back"))

2019-01-31 12:37:50 - [MESSAGE][NOT_RUN] - NOT_RUN: click(findTestObject("Event Group Managemnt/BTN_Back"))]]></system-out>
         <system-err><![CDATA[]]></system-err>
      </testcase>
      <testcase name="Test Cases/Event Group Management/TC_Update and Delete test" classname="Test Cases/Event Group Management/TC_Update and Delete test" status="PASSED">
         <system-out><![CDATA[2019-01-31 12:37:50 - [TEST_CASE][PASSED] - Test Cases/Event Group Management/TC_Update and Delete test: Test Cases/Event Group Management/TC_Update and Delete test

2019-01-31 12:37:50 - [TEST_STEP][NOT_RUN] - pk_Functions.CS_Login.LoginFun(findTestObject(null), "http://192.168.0.190:8080/mof/#/", findTestObject("Login/Username"), findTestObject("Login/Password"), "AAttia", "123", findTestObject("Login/Login")): NOT_RUN: pk_Functions.CS_Login.LoginFun(findTestObject(null), "http://192.168.0.190:8080/mof/#/", findTestObject("Login/Username"), findTestObject("Login/Password"), "AAttia", "123", findTestObject("Login/Login"))

2019-01-31 12:37:50 - [MESSAGE][NOT_RUN] - NOT_RUN: pk_Functions.CS_Login.LoginFun(findTestObject(null), "http://192.168.0.190:8080/mof/#/", findTestObject("Login/Username"), findTestObject("Login/Password"), "AAttia", "123", findTestObject("Login/Login"))

2019-01-31 12:37:50 - [TEST_STEP][NOT_RUN] - click(findTestObject("NE_SideMenu")): NOT_RUN: click(findTestObject("NE_SideMenu"))

2019-01-31 12:37:50 - [MESSAGE][NOT_RUN] - NOT_RUN: click(findTestObject("NE_SideMenu"))

2019-01-31 12:37:50 - [TEST_STEP][NOT_RUN] - click(findTestObject("NE_EventGroupManagement")): NOT_RUN: click(findTestObject("NE_EventGroupManagement"))

2019-01-31 12:37:50 - [MESSAGE][NOT_RUN] - NOT_RUN: click(findTestObject("NE_EventGroupManagement"))

2019-01-31 12:37:50 - [TEST_STEP][PASSED] - delay(1): Delayed 1 second(s)

2019-01-31 12:37:51 - [MESSAGE][PASSED] - Delayed 1 second(s)

2019-01-31 12:37:51 - [TEST_STEP][NOT_RUN] - pk_Functions.CS_ClickingonUpdateorDeletebutton.SelectRecordFromWebtableFun("Event Group Management/MOF_NE_Event Group ManagementData", "Sheet1"): NOT_RUN: pk_Functions.CS_ClickingonUpdateorDeletebutton.SelectRecordFromWebtableFun("Event Group Management/MOF_NE_Event Group ManagementData", "Sheet1")

2019-01-31 12:37:51 - [MESSAGE][NOT_RUN] - NOT_RUN: pk_Functions.CS_ClickingonUpdateorDeletebutton.SelectRecordFromWebtableFun("Event Group Management/MOF_NE_Event Group ManagementData", "Sheet1")

2019-01-31 12:37:51 - [TEST_STEP][NOT_RUN] - pk_Functions.CS_ClickingonUpdateorDeletebutton.SelectRecordFromWebtableFun("", 0, 3, 2, "Event Group Management/MOF_NE_Event Group ManagementObjectRepository", "Sheet1", "Event Group Management/MOF_NE_Event Group ManagementData", "Sheet1"): NOT_RUN: pk_Functions.CS_ClickingonUpdateorDeletebutton.SelectRecordFromWebtableFun("", 0, 3, 2, "Event Group Management/MOF_NE_Event Group ManagementObjectRepository", "Sheet1", "Event Group Management/MOF_NE_Event Group ManagementData", "Sheet1")

2019-01-31 12:37:51 - [MESSAGE][NOT_RUN] - NOT_RUN: pk_Functions.CS_ClickingonUpdateorDeletebutton.SelectRecordFromWebtableFun("", 0, 3, 2, "Event Group Management/MOF_NE_Event Group ManagementObjectRepository", "Sheet1", "Event Group Management/MOF_NE_Event Group ManagementData", "Sheet1")

2019-01-31 12:37:51 - [TEST_STEP][PASSED] - pk_Functions.CS_ClickingonUpdateorDeletebutton.SelectRecordFromWebtableFun(ActionType, 0, 13, 3, "Event Group Management/MOF_NE_Event Group ManagementObjectRepository", "Sheet1", "Event Group Management/MOF_NE_Event Group ManagementData", "Sheet1"): pk_Functions.CS_ClickingonUpdateorDeletebutton.SelectRecordFromWebtableFun is PASSED

2019-01-31 12:37:51 - [MESSAGE][PASSED] - pk_Functions.CS_ClickingonUpdateorDeletebutton.SelectRecordFromWebtableFun is PASSED

2019-01-31 12:37:51 - [TEST_STEP][NOT_RUN] - pk_Functions.CS_SpecificPageData.DataFun(["Arabic Description", "English Description"], "Event Group Management/MOF_NE_Event Group ManagementObjectRepository", "Sheet1", [ArabicDescription, EnglishDescription]): NOT_RUN: pk_Functions.CS_SpecificPageData.DataFun(["Arabic Description", "English Description"], "Event Group Management/MOF_NE_Event Group ManagementObjectRepository", "Sheet1", [ArabicDescription, EnglishDescription])

2019-01-31 12:37:51 - [MESSAGE][NOT_RUN] - NOT_RUN: pk_Functions.CS_SpecificPageData.DataFun(["Arabic Description", "English Description"], "Event Group Management/MOF_NE_Event Group ManagementObjectRepository", "Sheet1", [ArabicDescription, EnglishDescription])

2019-01-31 12:37:51 - [TEST_STEP][NOT_RUN] - click(findTestObject("Event Group Managemnt/BTN_Save")): NOT_RUN: click(findTestObject("Event Group Managemnt/BTN_Save"))

2019-01-31 12:37:51 - [MESSAGE][NOT_RUN] - NOT_RUN: click(findTestObject("Event Group Managemnt/BTN_Save"))

2019-01-31 12:37:51 - [TEST_STEP][NOT_RUN] - click(findTestObject("Event Group Managemnt/BTN_Back")): NOT_RUN: click(findTestObject("Event Group Managemnt/BTN_Back"))

2019-01-31 12:37:51 - [MESSAGE][NOT_RUN] - NOT_RUN: click(findTestObject("Event Group Managemnt/BTN_Back"))]]></system-out>
         <system-err><![CDATA[]]></system-err>
      </testcase>
      <testcase name="Test Cases/Event Group Management/TC_Update and Delete test" classname="Test Cases/Event Group Management/TC_Update and Delete test" status="PASSED">
         <system-out><![CDATA[2019-01-31 12:37:51 - [TEST_CASE][PASSED] - Test Cases/Event Group Management/TC_Update and Delete test: Test Cases/Event Group Management/TC_Update and Delete test

2019-01-31 12:37:51 - [TEST_STEP][NOT_RUN] - pk_Functions.CS_Login.LoginFun(findTestObject(null), "http://192.168.0.190:8080/mof/#/", findTestObject("Login/Username"), findTestObject("Login/Password"), "AAttia", "123", findTestObject("Login/Login")): NOT_RUN: pk_Functions.CS_Login.LoginFun(findTestObject(null), "http://192.168.0.190:8080/mof/#/", findTestObject("Login/Username"), findTestObject("Login/Password"), "AAttia", "123", findTestObject("Login/Login"))

2019-01-31 12:37:51 - [MESSAGE][NOT_RUN] - NOT_RUN: pk_Functions.CS_Login.LoginFun(findTestObject(null), "http://192.168.0.190:8080/mof/#/", findTestObject("Login/Username"), findTestObject("Login/Password"), "AAttia", "123", findTestObject("Login/Login"))

2019-01-31 12:37:51 - [TEST_STEP][NOT_RUN] - click(findTestObject("NE_SideMenu")): NOT_RUN: click(findTestObject("NE_SideMenu"))

2019-01-31 12:37:51 - [MESSAGE][NOT_RUN] - NOT_RUN: click(findTestObject("NE_SideMenu"))

2019-01-31 12:37:51 - [TEST_STEP][NOT_RUN] - click(findTestObject("NE_EventGroupManagement")): NOT_RUN: click(findTestObject("NE_EventGroupManagement"))

2019-01-31 12:37:51 - [MESSAGE][NOT_RUN] - NOT_RUN: click(findTestObject("NE_EventGroupManagement"))

2019-01-31 12:37:51 - [TEST_STEP][PASSED] - delay(1): Delayed 1 second(s)

2019-01-31 12:37:52 - [MESSAGE][PASSED] - Delayed 1 second(s)

2019-01-31 12:37:52 - [TEST_STEP][NOT_RUN] - pk_Functions.CS_ClickingonUpdateorDeletebutton.SelectRecordFromWebtableFun("Event Group Management/MOF_NE_Event Group ManagementData", "Sheet1"): NOT_RUN: pk_Functions.CS_ClickingonUpdateorDeletebutton.SelectRecordFromWebtableFun("Event Group Management/MOF_NE_Event Group ManagementData", "Sheet1")

2019-01-31 12:37:52 - [MESSAGE][NOT_RUN] - NOT_RUN: pk_Functions.CS_ClickingonUpdateorDeletebutton.SelectRecordFromWebtableFun("Event Group Management/MOF_NE_Event Group ManagementData", "Sheet1")

2019-01-31 12:37:52 - [TEST_STEP][NOT_RUN] - pk_Functions.CS_ClickingonUpdateorDeletebutton.SelectRecordFromWebtableFun("", 0, 3, 2, "Event Group Management/MOF_NE_Event Group ManagementObjectRepository", "Sheet1", "Event Group Management/MOF_NE_Event Group ManagementData", "Sheet1"): NOT_RUN: pk_Functions.CS_ClickingonUpdateorDeletebutton.SelectRecordFromWebtableFun("", 0, 3, 2, "Event Group Management/MOF_NE_Event Group ManagementObjectRepository", "Sheet1", "Event Group Management/MOF_NE_Event Group ManagementData", "Sheet1")

2019-01-31 12:37:52 - [MESSAGE][NOT_RUN] - NOT_RUN: pk_Functions.CS_ClickingonUpdateorDeletebutton.SelectRecordFromWebtableFun("", 0, 3, 2, "Event Group Management/MOF_NE_Event Group ManagementObjectRepository", "Sheet1", "Event Group Management/MOF_NE_Event Group ManagementData", "Sheet1")

2019-01-31 12:37:52 - [TEST_STEP][PASSED] - pk_Functions.CS_ClickingonUpdateorDeletebutton.SelectRecordFromWebtableFun(ActionType, 0, 13, 3, "Event Group Management/MOF_NE_Event Group ManagementObjectRepository", "Sheet1", "Event Group Management/MOF_NE_Event Group ManagementData", "Sheet1"): pk_Functions.CS_ClickingonUpdateorDeletebutton.SelectRecordFromWebtableFun is PASSED

2019-01-31 12:37:53 - [MESSAGE][PASSED] - pk_Functions.CS_ClickingonUpdateorDeletebutton.SelectRecordFromWebtableFun is PASSED

2019-01-31 12:37:53 - [TEST_STEP][NOT_RUN] - pk_Functions.CS_SpecificPageData.DataFun(["Arabic Description", "English Description"], "Event Group Management/MOF_NE_Event Group ManagementObjectRepository", "Sheet1", [ArabicDescription, EnglishDescription]): NOT_RUN: pk_Functions.CS_SpecificPageData.DataFun(["Arabic Description", "English Description"], "Event Group Management/MOF_NE_Event Group ManagementObjectRepository", "Sheet1", [ArabicDescription, EnglishDescription])

2019-01-31 12:37:53 - [MESSAGE][NOT_RUN] - NOT_RUN: pk_Functions.CS_SpecificPageData.DataFun(["Arabic Description", "English Description"], "Event Group Management/MOF_NE_Event Group ManagementObjectRepository", "Sheet1", [ArabicDescription, EnglishDescription])

2019-01-31 12:37:53 - [TEST_STEP][NOT_RUN] - click(findTestObject("Event Group Managemnt/BTN_Save")): NOT_RUN: click(findTestObject("Event Group Managemnt/BTN_Save"))

2019-01-31 12:37:53 - [MESSAGE][NOT_RUN] - NOT_RUN: click(findTestObject("Event Group Managemnt/BTN_Save"))

2019-01-31 12:37:53 - [TEST_STEP][NOT_RUN] - click(findTestObject("Event Group Managemnt/BTN_Back")): NOT_RUN: click(findTestObject("Event Group Managemnt/BTN_Back"))

2019-01-31 12:37:53 - [MESSAGE][NOT_RUN] - NOT_RUN: click(findTestObject("Event Group Managemnt/BTN_Back"))]]></system-out>
         <system-err><![CDATA[]]></system-err>
      </testcase>
      <testcase name="Test Cases/Event Group Management/TC_Update and Delete test" classname="Test Cases/Event Group Management/TC_Update and Delete test" status="PASSED">
         <system-out><![CDATA[2019-01-31 12:37:53 - [TEST_CASE][PASSED] - Test Cases/Event Group Management/TC_Update and Delete test: Test Cases/Event Group Management/TC_Update and Delete test

2019-01-31 12:37:53 - [TEST_STEP][NOT_RUN] - pk_Functions.CS_Login.LoginFun(findTestObject(null), "http://192.168.0.190:8080/mof/#/", findTestObject("Login/Username"), findTestObject("Login/Password"), "AAttia", "123", findTestObject("Login/Login")): NOT_RUN: pk_Functions.CS_Login.LoginFun(findTestObject(null), "http://192.168.0.190:8080/mof/#/", findTestObject("Login/Username"), findTestObject("Login/Password"), "AAttia", "123", findTestObject("Login/Login"))

2019-01-31 12:37:53 - [MESSAGE][NOT_RUN] - NOT_RUN: pk_Functions.CS_Login.LoginFun(findTestObject(null), "http://192.168.0.190:8080/mof/#/", findTestObject("Login/Username"), findTestObject("Login/Password"), "AAttia", "123", findTestObject("Login/Login"))

2019-01-31 12:37:53 - [TEST_STEP][NOT_RUN] - click(findTestObject("NE_SideMenu")): NOT_RUN: click(findTestObject("NE_SideMenu"))

2019-01-31 12:37:53 - [MESSAGE][NOT_RUN] - NOT_RUN: click(findTestObject("NE_SideMenu"))

2019-01-31 12:37:53 - [TEST_STEP][NOT_RUN] - click(findTestObject("NE_EventGroupManagement")): NOT_RUN: click(findTestObject("NE_EventGroupManagement"))

2019-01-31 12:37:53 - [MESSAGE][NOT_RUN] - NOT_RUN: click(findTestObject("NE_EventGroupManagement"))

2019-01-31 12:37:53 - [TEST_STEP][PASSED] - delay(1): Delayed 1 second(s)

2019-01-31 12:37:54 - [MESSAGE][PASSED] - Delayed 1 second(s)

2019-01-31 12:37:54 - [TEST_STEP][NOT_RUN] - pk_Functions.CS_ClickingonUpdateorDeletebutton.SelectRecordFromWebtableFun("Event Group Management/MOF_NE_Event Group ManagementData", "Sheet1"): NOT_RUN: pk_Functions.CS_ClickingonUpdateorDeletebutton.SelectRecordFromWebtableFun("Event Group Management/MOF_NE_Event Group ManagementData", "Sheet1")

2019-01-31 12:37:54 - [MESSAGE][NOT_RUN] - NOT_RUN: pk_Functions.CS_ClickingonUpdateorDeletebutton.SelectRecordFromWebtableFun("Event Group Management/MOF_NE_Event Group ManagementData", "Sheet1")

2019-01-31 12:37:54 - [TEST_STEP][NOT_RUN] - pk_Functions.CS_ClickingonUpdateorDeletebutton.SelectRecordFromWebtableFun("", 0, 3, 2, "Event Group Management/MOF_NE_Event Group ManagementObjectRepository", "Sheet1", "Event Group Management/MOF_NE_Event Group ManagementData", "Sheet1"): NOT_RUN: pk_Functions.CS_ClickingonUpdateorDeletebutton.SelectRecordFromWebtableFun("", 0, 3, 2, "Event Group Management/MOF_NE_Event Group ManagementObjectRepository", "Sheet1", "Event Group Management/MOF_NE_Event Group ManagementData", "Sheet1")

2019-01-31 12:37:54 - [MESSAGE][NOT_RUN] - NOT_RUN: pk_Functions.CS_ClickingonUpdateorDeletebutton.SelectRecordFromWebtableFun("", 0, 3, 2, "Event Group Management/MOF_NE_Event Group ManagementObjectRepository", "Sheet1", "Event Group Management/MOF_NE_Event Group ManagementData", "Sheet1")

2019-01-31 12:37:54 - [TEST_STEP][PASSED] - pk_Functions.CS_ClickingonUpdateorDeletebutton.SelectRecordFromWebtableFun(ActionType, 0, 13, 3, "Event Group Management/MOF_NE_Event Group ManagementObjectRepository", "Sheet1", "Event Group Management/MOF_NE_Event Group ManagementData", "Sheet1"): pk_Functions.CS_ClickingonUpdateorDeletebutton.SelectRecordFromWebtableFun is PASSED

2019-01-31 12:37:54 - [MESSAGE][PASSED] - pk_Functions.CS_ClickingonUpdateorDeletebutton.SelectRecordFromWebtableFun is PASSED

2019-01-31 12:37:54 - [TEST_STEP][NOT_RUN] - pk_Functions.CS_SpecificPageData.DataFun(["Arabic Description", "English Description"], "Event Group Management/MOF_NE_Event Group ManagementObjectRepository", "Sheet1", [ArabicDescription, EnglishDescription]): NOT_RUN: pk_Functions.CS_SpecificPageData.DataFun(["Arabic Description", "English Description"], "Event Group Management/MOF_NE_Event Group ManagementObjectRepository", "Sheet1", [ArabicDescription, EnglishDescription])

2019-01-31 12:37:54 - [MESSAGE][NOT_RUN] - NOT_RUN: pk_Functions.CS_SpecificPageData.DataFun(["Arabic Description", "English Description"], "Event Group Management/MOF_NE_Event Group ManagementObjectRepository", "Sheet1", [ArabicDescription, EnglishDescription])

2019-01-31 12:37:54 - [TEST_STEP][NOT_RUN] - click(findTestObject("Event Group Managemnt/BTN_Save")): NOT_RUN: click(findTestObject("Event Group Managemnt/BTN_Save"))

2019-01-31 12:37:54 - [MESSAGE][NOT_RUN] - NOT_RUN: click(findTestObject("Event Group Managemnt/BTN_Save"))

2019-01-31 12:37:54 - [TEST_STEP][NOT_RUN] - click(findTestObject("Event Group Managemnt/BTN_Back")): NOT_RUN: click(findTestObject("Event Group Managemnt/BTN_Back"))

2019-01-31 12:37:54 - [MESSAGE][NOT_RUN] - NOT_RUN: click(findTestObject("Event Group Managemnt/BTN_Back"))]]></system-out>
         <system-err><![CDATA[]]></system-err>
      </testcase>
      <testcase name="Test Cases/Event Group Management/TC_Update and Delete test" classname="Test Cases/Event Group Management/TC_Update and Delete test" status="PASSED">
         <system-out><![CDATA[2019-01-31 12:37:54 - [TEST_CASE][PASSED] - Test Cases/Event Group Management/TC_Update and Delete test: Test Cases/Event Group Management/TC_Update and Delete test

2019-01-31 12:37:54 - [TEST_STEP][NOT_RUN] - pk_Functions.CS_Login.LoginFun(findTestObject(null), "http://192.168.0.190:8080/mof/#/", findTestObject("Login/Username"), findTestObject("Login/Password"), "AAttia", "123", findTestObject("Login/Login")): NOT_RUN: pk_Functions.CS_Login.LoginFun(findTestObject(null), "http://192.168.0.190:8080/mof/#/", findTestObject("Login/Username"), findTestObject("Login/Password"), "AAttia", "123", findTestObject("Login/Login"))

2019-01-31 12:37:54 - [MESSAGE][NOT_RUN] - NOT_RUN: pk_Functions.CS_Login.LoginFun(findTestObject(null), "http://192.168.0.190:8080/mof/#/", findTestObject("Login/Username"), findTestObject("Login/Password"), "AAttia", "123", findTestObject("Login/Login"))

2019-01-31 12:37:54 - [TEST_STEP][NOT_RUN] - click(findTestObject("NE_SideMenu")): NOT_RUN: click(findTestObject("NE_SideMenu"))

2019-01-31 12:37:54 - [MESSAGE][NOT_RUN] - NOT_RUN: click(findTestObject("NE_SideMenu"))

2019-01-31 12:37:54 - [TEST_STEP][NOT_RUN] - click(findTestObject("NE_EventGroupManagement")): NOT_RUN: click(findTestObject("NE_EventGroupManagement"))

2019-01-31 12:37:54 - [MESSAGE][NOT_RUN] - NOT_RUN: click(findTestObject("NE_EventGroupManagement"))

2019-01-31 12:37:54 - [TEST_STEP][PASSED] - delay(1): Delayed 1 second(s)

2019-01-31 12:37:55 - [MESSAGE][PASSED] - Delayed 1 second(s)

2019-01-31 12:37:55 - [TEST_STEP][NOT_RUN] - pk_Functions.CS_ClickingonUpdateorDeletebutton.SelectRecordFromWebtableFun("Event Group Management/MOF_NE_Event Group ManagementData", "Sheet1"): NOT_RUN: pk_Functions.CS_ClickingonUpdateorDeletebutton.SelectRecordFromWebtableFun("Event Group Management/MOF_NE_Event Group ManagementData", "Sheet1")

2019-01-31 12:37:55 - [MESSAGE][NOT_RUN] - NOT_RUN: pk_Functions.CS_ClickingonUpdateorDeletebutton.SelectRecordFromWebtableFun("Event Group Management/MOF_NE_Event Group ManagementData", "Sheet1")

2019-01-31 12:37:55 - [TEST_STEP][NOT_RUN] - pk_Functions.CS_ClickingonUpdateorDeletebutton.SelectRecordFromWebtableFun("", 0, 3, 2, "Event Group Management/MOF_NE_Event Group ManagementObjectRepository", "Sheet1", "Event Group Management/MOF_NE_Event Group ManagementData", "Sheet1"): NOT_RUN: pk_Functions.CS_ClickingonUpdateorDeletebutton.SelectRecordFromWebtableFun("", 0, 3, 2, "Event Group Management/MOF_NE_Event Group ManagementObjectRepository", "Sheet1", "Event Group Management/MOF_NE_Event Group ManagementData", "Sheet1")

2019-01-31 12:37:55 - [MESSAGE][NOT_RUN] - NOT_RUN: pk_Functions.CS_ClickingonUpdateorDeletebutton.SelectRecordFromWebtableFun("", 0, 3, 2, "Event Group Management/MOF_NE_Event Group ManagementObjectRepository", "Sheet1", "Event Group Management/MOF_NE_Event Group ManagementData", "Sheet1")

2019-01-31 12:37:55 - [TEST_STEP][PASSED] - pk_Functions.CS_ClickingonUpdateorDeletebutton.SelectRecordFromWebtableFun(ActionType, 0, 13, 3, "Event Group Management/MOF_NE_Event Group ManagementObjectRepository", "Sheet1", "Event Group Management/MOF_NE_Event Group ManagementData", "Sheet1"): pk_Functions.CS_ClickingonUpdateorDeletebutton.SelectRecordFromWebtableFun is PASSED

2019-01-31 12:37:56 - [MESSAGE][PASSED] - pk_Functions.CS_ClickingonUpdateorDeletebutton.SelectRecordFromWebtableFun is PASSED

2019-01-31 12:37:56 - [TEST_STEP][NOT_RUN] - pk_Functions.CS_SpecificPageData.DataFun(["Arabic Description", "English Description"], "Event Group Management/MOF_NE_Event Group ManagementObjectRepository", "Sheet1", [ArabicDescription, EnglishDescription]): NOT_RUN: pk_Functions.CS_SpecificPageData.DataFun(["Arabic Description", "English Description"], "Event Group Management/MOF_NE_Event Group ManagementObjectRepository", "Sheet1", [ArabicDescription, EnglishDescription])

2019-01-31 12:37:56 - [MESSAGE][NOT_RUN] - NOT_RUN: pk_Functions.CS_SpecificPageData.DataFun(["Arabic Description", "English Description"], "Event Group Management/MOF_NE_Event Group ManagementObjectRepository", "Sheet1", [ArabicDescription, EnglishDescription])

2019-01-31 12:37:56 - [TEST_STEP][NOT_RUN] - click(findTestObject("Event Group Managemnt/BTN_Save")): NOT_RUN: click(findTestObject("Event Group Managemnt/BTN_Save"))

2019-01-31 12:37:56 - [MESSAGE][NOT_RUN] - NOT_RUN: click(findTestObject("Event Group Managemnt/BTN_Save"))

2019-01-31 12:37:56 - [TEST_STEP][NOT_RUN] - click(findTestObject("Event Group Managemnt/BTN_Back")): NOT_RUN: click(findTestObject("Event Group Managemnt/BTN_Back"))

2019-01-31 12:37:56 - [MESSAGE][NOT_RUN] - NOT_RUN: click(findTestObject("Event Group Managemnt/BTN_Back"))]]></system-out>
         <system-err><![CDATA[]]></system-err>
      </testcase>
      <testcase name="Test Cases/Event Group Management/TC_Update and Delete test" classname="Test Cases/Event Group Management/TC_Update and Delete test" status="PASSED">
         <system-out><![CDATA[2019-01-31 12:37:56 - [TEST_CASE][PASSED] - Test Cases/Event Group Management/TC_Update and Delete test: Test Cases/Event Group Management/TC_Update and Delete test

2019-01-31 12:37:56 - [TEST_STEP][NOT_RUN] - pk_Functions.CS_Login.LoginFun(findTestObject(null), "http://192.168.0.190:8080/mof/#/", findTestObject("Login/Username"), findTestObject("Login/Password"), "AAttia", "123", findTestObject("Login/Login")): NOT_RUN: pk_Functions.CS_Login.LoginFun(findTestObject(null), "http://192.168.0.190:8080/mof/#/", findTestObject("Login/Username"), findTestObject("Login/Password"), "AAttia", "123", findTestObject("Login/Login"))

2019-01-31 12:37:56 - [MESSAGE][NOT_RUN] - NOT_RUN: pk_Functions.CS_Login.LoginFun(findTestObject(null), "http://192.168.0.190:8080/mof/#/", findTestObject("Login/Username"), findTestObject("Login/Password"), "AAttia", "123", findTestObject("Login/Login"))

2019-01-31 12:37:56 - [TEST_STEP][NOT_RUN] - click(findTestObject("NE_SideMenu")): NOT_RUN: click(findTestObject("NE_SideMenu"))

2019-01-31 12:37:56 - [MESSAGE][NOT_RUN] - NOT_RUN: click(findTestObject("NE_SideMenu"))

2019-01-31 12:37:56 - [TEST_STEP][NOT_RUN] - click(findTestObject("NE_EventGroupManagement")): NOT_RUN: click(findTestObject("NE_EventGroupManagement"))

2019-01-31 12:37:56 - [MESSAGE][NOT_RUN] - NOT_RUN: click(findTestObject("NE_EventGroupManagement"))

2019-01-31 12:37:56 - [TEST_STEP][PASSED] - delay(1): Delayed 1 second(s)

2019-01-31 12:37:57 - [MESSAGE][PASSED] - Delayed 1 second(s)

2019-01-31 12:37:57 - [TEST_STEP][NOT_RUN] - pk_Functions.CS_ClickingonUpdateorDeletebutton.SelectRecordFromWebtableFun("Event Group Management/MOF_NE_Event Group ManagementData", "Sheet1"): NOT_RUN: pk_Functions.CS_ClickingonUpdateorDeletebutton.SelectRecordFromWebtableFun("Event Group Management/MOF_NE_Event Group ManagementData", "Sheet1")

2019-01-31 12:37:57 - [MESSAGE][NOT_RUN] - NOT_RUN: pk_Functions.CS_ClickingonUpdateorDeletebutton.SelectRecordFromWebtableFun("Event Group Management/MOF_NE_Event Group ManagementData", "Sheet1")

2019-01-31 12:37:57 - [TEST_STEP][NOT_RUN] - pk_Functions.CS_ClickingonUpdateorDeletebutton.SelectRecordFromWebtableFun("", 0, 3, 2, "Event Group Management/MOF_NE_Event Group ManagementObjectRepository", "Sheet1", "Event Group Management/MOF_NE_Event Group ManagementData", "Sheet1"): NOT_RUN: pk_Functions.CS_ClickingonUpdateorDeletebutton.SelectRecordFromWebtableFun("", 0, 3, 2, "Event Group Management/MOF_NE_Event Group ManagementObjectRepository", "Sheet1", "Event Group Management/MOF_NE_Event Group ManagementData", "Sheet1")

2019-01-31 12:37:57 - [MESSAGE][NOT_RUN] - NOT_RUN: pk_Functions.CS_ClickingonUpdateorDeletebutton.SelectRecordFromWebtableFun("", 0, 3, 2, "Event Group Management/MOF_NE_Event Group ManagementObjectRepository", "Sheet1", "Event Group Management/MOF_NE_Event Group ManagementData", "Sheet1")

2019-01-31 12:37:57 - [TEST_STEP][PASSED] - pk_Functions.CS_ClickingonUpdateorDeletebutton.SelectRecordFromWebtableFun(ActionType, 0, 13, 3, "Event Group Management/MOF_NE_Event Group ManagementObjectRepository", "Sheet1", "Event Group Management/MOF_NE_Event Group ManagementData", "Sheet1"): pk_Functions.CS_ClickingonUpdateorDeletebutton.SelectRecordFromWebtableFun is PASSED

2019-01-31 12:37:57 - [MESSAGE][PASSED] - pk_Functions.CS_ClickingonUpdateorDeletebutton.SelectRecordFromWebtableFun is PASSED

2019-01-31 12:37:57 - [TEST_STEP][NOT_RUN] - pk_Functions.CS_SpecificPageData.DataFun(["Arabic Description", "English Description"], "Event Group Management/MOF_NE_Event Group ManagementObjectRepository", "Sheet1", [ArabicDescription, EnglishDescription]): NOT_RUN: pk_Functions.CS_SpecificPageData.DataFun(["Arabic Description", "English Description"], "Event Group Management/MOF_NE_Event Group ManagementObjectRepository", "Sheet1", [ArabicDescription, EnglishDescription])

2019-01-31 12:37:57 - [MESSAGE][NOT_RUN] - NOT_RUN: pk_Functions.CS_SpecificPageData.DataFun(["Arabic Description", "English Description"], "Event Group Management/MOF_NE_Event Group ManagementObjectRepository", "Sheet1", [ArabicDescription, EnglishDescription])

2019-01-31 12:37:57 - [TEST_STEP][NOT_RUN] - click(findTestObject("Event Group Managemnt/BTN_Save")): NOT_RUN: click(findTestObject("Event Group Managemnt/BTN_Save"))

2019-01-31 12:37:57 - [MESSAGE][NOT_RUN] - NOT_RUN: click(findTestObject("Event Group Managemnt/BTN_Save"))

2019-01-31 12:37:57 - [TEST_STEP][NOT_RUN] - click(findTestObject("Event Group Managemnt/BTN_Back")): NOT_RUN: click(findTestObject("Event Group Managemnt/BTN_Back"))

2019-01-31 12:37:57 - [MESSAGE][NOT_RUN] - NOT_RUN: click(findTestObject("Event Group Managemnt/BTN_Back"))]]></system-out>
         <system-err><![CDATA[]]></system-err>
      </testcase>
      <testcase name="Test Cases/Event Group Management/TC_Update and Delete test" classname="Test Cases/Event Group Management/TC_Update and Delete test" status="PASSED">
         <system-out><![CDATA[2019-01-31 12:37:57 - [TEST_CASE][PASSED] - Test Cases/Event Group Management/TC_Update and Delete test: Test Cases/Event Group Management/TC_Update and Delete test

2019-01-31 12:37:57 - [TEST_STEP][NOT_RUN] - pk_Functions.CS_Login.LoginFun(findTestObject(null), "http://192.168.0.190:8080/mof/#/", findTestObject("Login/Username"), findTestObject("Login/Password"), "AAttia", "123", findTestObject("Login/Login")): NOT_RUN: pk_Functions.CS_Login.LoginFun(findTestObject(null), "http://192.168.0.190:8080/mof/#/", findTestObject("Login/Username"), findTestObject("Login/Password"), "AAttia", "123", findTestObject("Login/Login"))

2019-01-31 12:37:57 - [MESSAGE][NOT_RUN] - NOT_RUN: pk_Functions.CS_Login.LoginFun(findTestObject(null), "http://192.168.0.190:8080/mof/#/", findTestObject("Login/Username"), findTestObject("Login/Password"), "AAttia", "123", findTestObject("Login/Login"))

2019-01-31 12:37:57 - [TEST_STEP][NOT_RUN] - click(findTestObject("NE_SideMenu")): NOT_RUN: click(findTestObject("NE_SideMenu"))

2019-01-31 12:37:57 - [MESSAGE][NOT_RUN] - NOT_RUN: click(findTestObject("NE_SideMenu"))

2019-01-31 12:37:57 - [TEST_STEP][NOT_RUN] - click(findTestObject("NE_EventGroupManagement")): NOT_RUN: click(findTestObject("NE_EventGroupManagement"))

2019-01-31 12:37:57 - [MESSAGE][NOT_RUN] - NOT_RUN: click(findTestObject("NE_EventGroupManagement"))

2019-01-31 12:37:57 - [TEST_STEP][PASSED] - delay(1): Delayed 1 second(s)

2019-01-31 12:37:58 - [MESSAGE][PASSED] - Delayed 1 second(s)

2019-01-31 12:37:58 - [TEST_STEP][NOT_RUN] - pk_Functions.CS_ClickingonUpdateorDeletebutton.SelectRecordFromWebtableFun("Event Group Management/MOF_NE_Event Group ManagementData", "Sheet1"): NOT_RUN: pk_Functions.CS_ClickingonUpdateorDeletebutton.SelectRecordFromWebtableFun("Event Group Management/MOF_NE_Event Group ManagementData", "Sheet1")

2019-01-31 12:37:58 - [MESSAGE][NOT_RUN] - NOT_RUN: pk_Functions.CS_ClickingonUpdateorDeletebutton.SelectRecordFromWebtableFun("Event Group Management/MOF_NE_Event Group ManagementData", "Sheet1")

2019-01-31 12:37:58 - [TEST_STEP][NOT_RUN] - pk_Functions.CS_ClickingonUpdateorDeletebutton.SelectRecordFromWebtableFun("", 0, 3, 2, "Event Group Management/MOF_NE_Event Group ManagementObjectRepository", "Sheet1", "Event Group Management/MOF_NE_Event Group ManagementData", "Sheet1"): NOT_RUN: pk_Functions.CS_ClickingonUpdateorDeletebutton.SelectRecordFromWebtableFun("", 0, 3, 2, "Event Group Management/MOF_NE_Event Group ManagementObjectRepository", "Sheet1", "Event Group Management/MOF_NE_Event Group ManagementData", "Sheet1")

2019-01-31 12:37:58 - [MESSAGE][NOT_RUN] - NOT_RUN: pk_Functions.CS_ClickingonUpdateorDeletebutton.SelectRecordFromWebtableFun("", 0, 3, 2, "Event Group Management/MOF_NE_Event Group ManagementObjectRepository", "Sheet1", "Event Group Management/MOF_NE_Event Group ManagementData", "Sheet1")

2019-01-31 12:37:58 - [TEST_STEP][PASSED] - pk_Functions.CS_ClickingonUpdateorDeletebutton.SelectRecordFromWebtableFun(ActionType, 0, 13, 3, "Event Group Management/MOF_NE_Event Group ManagementObjectRepository", "Sheet1", "Event Group Management/MOF_NE_Event Group ManagementData", "Sheet1"): pk_Functions.CS_ClickingonUpdateorDeletebutton.SelectRecordFromWebtableFun is PASSED

2019-01-31 12:37:59 - [MESSAGE][PASSED] - pk_Functions.CS_ClickingonUpdateorDeletebutton.SelectRecordFromWebtableFun is PASSED

2019-01-31 12:37:59 - [TEST_STEP][NOT_RUN] - pk_Functions.CS_SpecificPageData.DataFun(["Arabic Description", "English Description"], "Event Group Management/MOF_NE_Event Group ManagementObjectRepository", "Sheet1", [ArabicDescription, EnglishDescription]): NOT_RUN: pk_Functions.CS_SpecificPageData.DataFun(["Arabic Description", "English Description"], "Event Group Management/MOF_NE_Event Group ManagementObjectRepository", "Sheet1", [ArabicDescription, EnglishDescription])

2019-01-31 12:37:59 - [MESSAGE][NOT_RUN] - NOT_RUN: pk_Functions.CS_SpecificPageData.DataFun(["Arabic Description", "English Description"], "Event Group Management/MOF_NE_Event Group ManagementObjectRepository", "Sheet1", [ArabicDescription, EnglishDescription])

2019-01-31 12:37:59 - [TEST_STEP][NOT_RUN] - click(findTestObject("Event Group Managemnt/BTN_Save")): NOT_RUN: click(findTestObject("Event Group Managemnt/BTN_Save"))

2019-01-31 12:37:59 - [MESSAGE][NOT_RUN] - NOT_RUN: click(findTestObject("Event Group Managemnt/BTN_Save"))

2019-01-31 12:37:59 - [TEST_STEP][NOT_RUN] - click(findTestObject("Event Group Managemnt/BTN_Back")): NOT_RUN: click(findTestObject("Event Group Managemnt/BTN_Back"))

2019-01-31 12:37:59 - [MESSAGE][NOT_RUN] - NOT_RUN: click(findTestObject("Event Group Managemnt/BTN_Back"))]]></system-out>
         <system-err><![CDATA[]]></system-err>
      </testcase>
      <testcase name="Test Cases/Event Group Management/TC_Update and Delete test" classname="Test Cases/Event Group Management/TC_Update and Delete test" status="PASSED">
         <system-out><![CDATA[2019-01-31 12:37:59 - [TEST_CASE][PASSED] - Test Cases/Event Group Management/TC_Update and Delete test: Test Cases/Event Group Management/TC_Update and Delete test

2019-01-31 12:37:59 - [TEST_STEP][NOT_RUN] - pk_Functions.CS_Login.LoginFun(findTestObject(null), "http://192.168.0.190:8080/mof/#/", findTestObject("Login/Username"), findTestObject("Login/Password"), "AAttia", "123", findTestObject("Login/Login")): NOT_RUN: pk_Functions.CS_Login.LoginFun(findTestObject(null), "http://192.168.0.190:8080/mof/#/", findTestObject("Login/Username"), findTestObject("Login/Password"), "AAttia", "123", findTestObject("Login/Login"))

2019-01-31 12:37:59 - [MESSAGE][NOT_RUN] - NOT_RUN: pk_Functions.CS_Login.LoginFun(findTestObject(null), "http://192.168.0.190:8080/mof/#/", findTestObject("Login/Username"), findTestObject("Login/Password"), "AAttia", "123", findTestObject("Login/Login"))

2019-01-31 12:37:59 - [TEST_STEP][NOT_RUN] - click(findTestObject("NE_SideMenu")): NOT_RUN: click(findTestObject("NE_SideMenu"))

2019-01-31 12:37:59 - [MESSAGE][NOT_RUN] - NOT_RUN: click(findTestObject("NE_SideMenu"))

2019-01-31 12:37:59 - [TEST_STEP][NOT_RUN] - click(findTestObject("NE_EventGroupManagement")): NOT_RUN: click(findTestObject("NE_EventGroupManagement"))

2019-01-31 12:37:59 - [MESSAGE][NOT_RUN] - NOT_RUN: click(findTestObject("NE_EventGroupManagement"))

2019-01-31 12:37:59 - [TEST_STEP][PASSED] - delay(1): Delayed 1 second(s)

2019-01-31 12:38:00 - [MESSAGE][PASSED] - Delayed 1 second(s)

2019-01-31 12:38:00 - [TEST_STEP][NOT_RUN] - pk_Functions.CS_ClickingonUpdateorDeletebutton.SelectRecordFromWebtableFun("Event Group Management/MOF_NE_Event Group ManagementData", "Sheet1"): NOT_RUN: pk_Functions.CS_ClickingonUpdateorDeletebutton.SelectRecordFromWebtableFun("Event Group Management/MOF_NE_Event Group ManagementData", "Sheet1")

2019-01-31 12:38:00 - [MESSAGE][NOT_RUN] - NOT_RUN: pk_Functions.CS_ClickingonUpdateorDeletebutton.SelectRecordFromWebtableFun("Event Group Management/MOF_NE_Event Group ManagementData", "Sheet1")

2019-01-31 12:38:00 - [TEST_STEP][NOT_RUN] - pk_Functions.CS_ClickingonUpdateorDeletebutton.SelectRecordFromWebtableFun("", 0, 3, 2, "Event Group Management/MOF_NE_Event Group ManagementObjectRepository", "Sheet1", "Event Group Management/MOF_NE_Event Group ManagementData", "Sheet1"): NOT_RUN: pk_Functions.CS_ClickingonUpdateorDeletebutton.SelectRecordFromWebtableFun("", 0, 3, 2, "Event Group Management/MOF_NE_Event Group ManagementObjectRepository", "Sheet1", "Event Group Management/MOF_NE_Event Group ManagementData", "Sheet1")

2019-01-31 12:38:00 - [MESSAGE][NOT_RUN] - NOT_RUN: pk_Functions.CS_ClickingonUpdateorDeletebutton.SelectRecordFromWebtableFun("", 0, 3, 2, "Event Group Management/MOF_NE_Event Group ManagementObjectRepository", "Sheet1", "Event Group Management/MOF_NE_Event Group ManagementData", "Sheet1")

2019-01-31 12:38:00 - [TEST_STEP][PASSED] - pk_Functions.CS_ClickingonUpdateorDeletebutton.SelectRecordFromWebtableFun(ActionType, 0, 13, 3, "Event Group Management/MOF_NE_Event Group ManagementObjectRepository", "Sheet1", "Event Group Management/MOF_NE_Event Group ManagementData", "Sheet1"): pk_Functions.CS_ClickingonUpdateorDeletebutton.SelectRecordFromWebtableFun is PASSED

2019-01-31 12:38:00 - [MESSAGE][PASSED] - pk_Functions.CS_ClickingonUpdateorDeletebutton.SelectRecordFromWebtableFun is PASSED

2019-01-31 12:38:00 - [TEST_STEP][NOT_RUN] - pk_Functions.CS_SpecificPageData.DataFun(["Arabic Description", "English Description"], "Event Group Management/MOF_NE_Event Group ManagementObjectRepository", "Sheet1", [ArabicDescription, EnglishDescription]): NOT_RUN: pk_Functions.CS_SpecificPageData.DataFun(["Arabic Description", "English Description"], "Event Group Management/MOF_NE_Event Group ManagementObjectRepository", "Sheet1", [ArabicDescription, EnglishDescription])

2019-01-31 12:38:00 - [MESSAGE][NOT_RUN] - NOT_RUN: pk_Functions.CS_SpecificPageData.DataFun(["Arabic Description", "English Description"], "Event Group Management/MOF_NE_Event Group ManagementObjectRepository", "Sheet1", [ArabicDescription, EnglishDescription])

2019-01-31 12:38:00 - [TEST_STEP][NOT_RUN] - click(findTestObject("Event Group Managemnt/BTN_Save")): NOT_RUN: click(findTestObject("Event Group Managemnt/BTN_Save"))

2019-01-31 12:38:00 - [MESSAGE][NOT_RUN] - NOT_RUN: click(findTestObject("Event Group Managemnt/BTN_Save"))

2019-01-31 12:38:00 - [TEST_STEP][NOT_RUN] - click(findTestObject("Event Group Managemnt/BTN_Back")): NOT_RUN: click(findTestObject("Event Group Managemnt/BTN_Back"))

2019-01-31 12:38:00 - [MESSAGE][NOT_RUN] - NOT_RUN: click(findTestObject("Event Group Managemnt/BTN_Back"))]]></system-out>
         <system-err><![CDATA[]]></system-err>
      </testcase>
      <testcase name="Test Cases/Event Group Management/TC_Update and Delete test" classname="Test Cases/Event Group Management/TC_Update and Delete test" status="PASSED">
         <system-out><![CDATA[2019-01-31 12:38:00 - [TEST_CASE][PASSED] - Test Cases/Event Group Management/TC_Update and Delete test: Test Cases/Event Group Management/TC_Update and Delete test

2019-01-31 12:38:00 - [TEST_STEP][NOT_RUN] - pk_Functions.CS_Login.LoginFun(findTestObject(null), "http://192.168.0.190:8080/mof/#/", findTestObject("Login/Username"), findTestObject("Login/Password"), "AAttia", "123", findTestObject("Login/Login")): NOT_RUN: pk_Functions.CS_Login.LoginFun(findTestObject(null), "http://192.168.0.190:8080/mof/#/", findTestObject("Login/Username"), findTestObject("Login/Password"), "AAttia", "123", findTestObject("Login/Login"))

2019-01-31 12:38:00 - [MESSAGE][NOT_RUN] - NOT_RUN: pk_Functions.CS_Login.LoginFun(findTestObject(null), "http://192.168.0.190:8080/mof/#/", findTestObject("Login/Username"), findTestObject("Login/Password"), "AAttia", "123", findTestObject("Login/Login"))

2019-01-31 12:38:00 - [TEST_STEP][NOT_RUN] - click(findTestObject("NE_SideMenu")): NOT_RUN: click(findTestObject("NE_SideMenu"))

2019-01-31 12:38:00 - [MESSAGE][NOT_RUN] - NOT_RUN: click(findTestObject("NE_SideMenu"))

2019-01-31 12:38:00 - [TEST_STEP][NOT_RUN] - click(findTestObject("NE_EventGroupManagement")): NOT_RUN: click(findTestObject("NE_EventGroupManagement"))

2019-01-31 12:38:00 - [MESSAGE][NOT_RUN] - NOT_RUN: click(findTestObject("NE_EventGroupManagement"))

2019-01-31 12:38:00 - [TEST_STEP][PASSED] - delay(1): Delayed 1 second(s)

2019-01-31 12:38:01 - [MESSAGE][PASSED] - Delayed 1 second(s)

2019-01-31 12:38:01 - [TEST_STEP][NOT_RUN] - pk_Functions.CS_ClickingonUpdateorDeletebutton.SelectRecordFromWebtableFun("Event Group Management/MOF_NE_Event Group ManagementData", "Sheet1"): NOT_RUN: pk_Functions.CS_ClickingonUpdateorDeletebutton.SelectRecordFromWebtableFun("Event Group Management/MOF_NE_Event Group ManagementData", "Sheet1")

2019-01-31 12:38:01 - [MESSAGE][NOT_RUN] - NOT_RUN: pk_Functions.CS_ClickingonUpdateorDeletebutton.SelectRecordFromWebtableFun("Event Group Management/MOF_NE_Event Group ManagementData", "Sheet1")

2019-01-31 12:38:01 - [TEST_STEP][NOT_RUN] - pk_Functions.CS_ClickingonUpdateorDeletebutton.SelectRecordFromWebtableFun("", 0, 3, 2, "Event Group Management/MOF_NE_Event Group ManagementObjectRepository", "Sheet1", "Event Group Management/MOF_NE_Event Group ManagementData", "Sheet1"): NOT_RUN: pk_Functions.CS_ClickingonUpdateorDeletebutton.SelectRecordFromWebtableFun("", 0, 3, 2, "Event Group Management/MOF_NE_Event Group ManagementObjectRepository", "Sheet1", "Event Group Management/MOF_NE_Event Group ManagementData", "Sheet1")

2019-01-31 12:38:01 - [MESSAGE][NOT_RUN] - NOT_RUN: pk_Functions.CS_ClickingonUpdateorDeletebutton.SelectRecordFromWebtableFun("", 0, 3, 2, "Event Group Management/MOF_NE_Event Group ManagementObjectRepository", "Sheet1", "Event Group Management/MOF_NE_Event Group ManagementData", "Sheet1")

2019-01-31 12:38:01 - [TEST_STEP][PASSED] - pk_Functions.CS_ClickingonUpdateorDeletebutton.SelectRecordFromWebtableFun(ActionType, 0, 13, 3, "Event Group Management/MOF_NE_Event Group ManagementObjectRepository", "Sheet1", "Event Group Management/MOF_NE_Event Group ManagementData", "Sheet1"): pk_Functions.CS_ClickingonUpdateorDeletebutton.SelectRecordFromWebtableFun is PASSED

2019-01-31 12:38:02 - [MESSAGE][PASSED] - pk_Functions.CS_ClickingonUpdateorDeletebutton.SelectRecordFromWebtableFun is PASSED

2019-01-31 12:38:02 - [TEST_STEP][NOT_RUN] - pk_Functions.CS_SpecificPageData.DataFun(["Arabic Description", "English Description"], "Event Group Management/MOF_NE_Event Group ManagementObjectRepository", "Sheet1", [ArabicDescription, EnglishDescription]): NOT_RUN: pk_Functions.CS_SpecificPageData.DataFun(["Arabic Description", "English Description"], "Event Group Management/MOF_NE_Event Group ManagementObjectRepository", "Sheet1", [ArabicDescription, EnglishDescription])

2019-01-31 12:38:02 - [MESSAGE][NOT_RUN] - NOT_RUN: pk_Functions.CS_SpecificPageData.DataFun(["Arabic Description", "English Description"], "Event Group Management/MOF_NE_Event Group ManagementObjectRepository", "Sheet1", [ArabicDescription, EnglishDescription])

2019-01-31 12:38:02 - [TEST_STEP][NOT_RUN] - click(findTestObject("Event Group Managemnt/BTN_Save")): NOT_RUN: click(findTestObject("Event Group Managemnt/BTN_Save"))

2019-01-31 12:38:02 - [MESSAGE][NOT_RUN] - NOT_RUN: click(findTestObject("Event Group Managemnt/BTN_Save"))

2019-01-31 12:38:02 - [TEST_STEP][NOT_RUN] - click(findTestObject("Event Group Managemnt/BTN_Back")): NOT_RUN: click(findTestObject("Event Group Managemnt/BTN_Back"))

2019-01-31 12:38:02 - [MESSAGE][NOT_RUN] - NOT_RUN: click(findTestObject("Event Group Managemnt/BTN_Back"))]]></system-out>
         <system-err><![CDATA[]]></system-err>
      </testcase>
      <testcase name="Test Cases/Event Group Management/TC_Update and Delete test" classname="Test Cases/Event Group Management/TC_Update and Delete test" status="PASSED">
         <system-out><![CDATA[2019-01-31 12:38:02 - [TEST_CASE][PASSED] - Test Cases/Event Group Management/TC_Update and Delete test: Test Cases/Event Group Management/TC_Update and Delete test

2019-01-31 12:38:02 - [TEST_STEP][NOT_RUN] - pk_Functions.CS_Login.LoginFun(findTestObject(null), "http://192.168.0.190:8080/mof/#/", findTestObject("Login/Username"), findTestObject("Login/Password"), "AAttia", "123", findTestObject("Login/Login")): NOT_RUN: pk_Functions.CS_Login.LoginFun(findTestObject(null), "http://192.168.0.190:8080/mof/#/", findTestObject("Login/Username"), findTestObject("Login/Password"), "AAttia", "123", findTestObject("Login/Login"))

2019-01-31 12:38:02 - [MESSAGE][NOT_RUN] - NOT_RUN: pk_Functions.CS_Login.LoginFun(findTestObject(null), "http://192.168.0.190:8080/mof/#/", findTestObject("Login/Username"), findTestObject("Login/Password"), "AAttia", "123", findTestObject("Login/Login"))

2019-01-31 12:38:02 - [TEST_STEP][NOT_RUN] - click(findTestObject("NE_SideMenu")): NOT_RUN: click(findTestObject("NE_SideMenu"))

2019-01-31 12:38:02 - [MESSAGE][NOT_RUN] - NOT_RUN: click(findTestObject("NE_SideMenu"))

2019-01-31 12:38:02 - [TEST_STEP][NOT_RUN] - click(findTestObject("NE_EventGroupManagement")): NOT_RUN: click(findTestObject("NE_EventGroupManagement"))

2019-01-31 12:38:02 - [MESSAGE][NOT_RUN] - NOT_RUN: click(findTestObject("NE_EventGroupManagement"))

2019-01-31 12:38:02 - [TEST_STEP][PASSED] - delay(1): Delayed 1 second(s)

2019-01-31 12:38:03 - [MESSAGE][PASSED] - Delayed 1 second(s)

2019-01-31 12:38:03 - [TEST_STEP][NOT_RUN] - pk_Functions.CS_ClickingonUpdateorDeletebutton.SelectRecordFromWebtableFun("Event Group Management/MOF_NE_Event Group ManagementData", "Sheet1"): NOT_RUN: pk_Functions.CS_ClickingonUpdateorDeletebutton.SelectRecordFromWebtableFun("Event Group Management/MOF_NE_Event Group ManagementData", "Sheet1")

2019-01-31 12:38:03 - [MESSAGE][NOT_RUN] - NOT_RUN: pk_Functions.CS_ClickingonUpdateorDeletebutton.SelectRecordFromWebtableFun("Event Group Management/MOF_NE_Event Group ManagementData", "Sheet1")

2019-01-31 12:38:03 - [TEST_STEP][NOT_RUN] - pk_Functions.CS_ClickingonUpdateorDeletebutton.SelectRecordFromWebtableFun("", 0, 3, 2, "Event Group Management/MOF_NE_Event Group ManagementObjectRepository", "Sheet1", "Event Group Management/MOF_NE_Event Group ManagementData", "Sheet1"): NOT_RUN: pk_Functions.CS_ClickingonUpdateorDeletebutton.SelectRecordFromWebtableFun("", 0, 3, 2, "Event Group Management/MOF_NE_Event Group ManagementObjectRepository", "Sheet1", "Event Group Management/MOF_NE_Event Group ManagementData", "Sheet1")

2019-01-31 12:38:03 - [MESSAGE][NOT_RUN] - NOT_RUN: pk_Functions.CS_ClickingonUpdateorDeletebutton.SelectRecordFromWebtableFun("", 0, 3, 2, "Event Group Management/MOF_NE_Event Group ManagementObjectRepository", "Sheet1", "Event Group Management/MOF_NE_Event Group ManagementData", "Sheet1")

2019-01-31 12:38:03 - [TEST_STEP][PASSED] - pk_Functions.CS_ClickingonUpdateorDeletebutton.SelectRecordFromWebtableFun(ActionType, 0, 13, 3, "Event Group Management/MOF_NE_Event Group ManagementObjectRepository", "Sheet1", "Event Group Management/MOF_NE_Event Group ManagementData", "Sheet1"): pk_Functions.CS_ClickingonUpdateorDeletebutton.SelectRecordFromWebtableFun is PASSED

2019-01-31 12:38:03 - [MESSAGE][PASSED] - pk_Functions.CS_ClickingonUpdateorDeletebutton.SelectRecordFromWebtableFun is PASSED

2019-01-31 12:38:03 - [TEST_STEP][NOT_RUN] - pk_Functions.CS_SpecificPageData.DataFun(["Arabic Description", "English Description"], "Event Group Management/MOF_NE_Event Group ManagementObjectRepository", "Sheet1", [ArabicDescription, EnglishDescription]): NOT_RUN: pk_Functions.CS_SpecificPageData.DataFun(["Arabic Description", "English Description"], "Event Group Management/MOF_NE_Event Group ManagementObjectRepository", "Sheet1", [ArabicDescription, EnglishDescription])

2019-01-31 12:38:03 - [MESSAGE][NOT_RUN] - NOT_RUN: pk_Functions.CS_SpecificPageData.DataFun(["Arabic Description", "English Description"], "Event Group Management/MOF_NE_Event Group ManagementObjectRepository", "Sheet1", [ArabicDescription, EnglishDescription])

2019-01-31 12:38:03 - [TEST_STEP][NOT_RUN] - click(findTestObject("Event Group Managemnt/BTN_Save")): NOT_RUN: click(findTestObject("Event Group Managemnt/BTN_Save"))

2019-01-31 12:38:03 - [MESSAGE][NOT_RUN] - NOT_RUN: click(findTestObject("Event Group Managemnt/BTN_Save"))

2019-01-31 12:38:03 - [TEST_STEP][NOT_RUN] - click(findTestObject("Event Group Managemnt/BTN_Back")): NOT_RUN: click(findTestObject("Event Group Managemnt/BTN_Back"))

2019-01-31 12:38:03 - [MESSAGE][NOT_RUN] - NOT_RUN: click(findTestObject("Event Group Managemnt/BTN_Back"))]]></system-out>
         <system-err><![CDATA[]]></system-err>
      </testcase>
      <testcase name="Test Cases/Event Group Management/TC_Update and Delete test" classname="Test Cases/Event Group Management/TC_Update and Delete test" status="PASSED">
         <system-out><![CDATA[2019-01-31 12:38:03 - [TEST_CASE][PASSED] - Test Cases/Event Group Management/TC_Update and Delete test: Test Cases/Event Group Management/TC_Update and Delete test

2019-01-31 12:38:03 - [TEST_STEP][NOT_RUN] - pk_Functions.CS_Login.LoginFun(findTestObject(null), "http://192.168.0.190:8080/mof/#/", findTestObject("Login/Username"), findTestObject("Login/Password"), "AAttia", "123", findTestObject("Login/Login")): NOT_RUN: pk_Functions.CS_Login.LoginFun(findTestObject(null), "http://192.168.0.190:8080/mof/#/", findTestObject("Login/Username"), findTestObject("Login/Password"), "AAttia", "123", findTestObject("Login/Login"))

2019-01-31 12:38:03 - [MESSAGE][NOT_RUN] - NOT_RUN: pk_Functions.CS_Login.LoginFun(findTestObject(null), "http://192.168.0.190:8080/mof/#/", findTestObject("Login/Username"), findTestObject("Login/Password"), "AAttia", "123", findTestObject("Login/Login"))

2019-01-31 12:38:03 - [TEST_STEP][NOT_RUN] - click(findTestObject("NE_SideMenu")): NOT_RUN: click(findTestObject("NE_SideMenu"))

2019-01-31 12:38:03 - [MESSAGE][NOT_RUN] - NOT_RUN: click(findTestObject("NE_SideMenu"))

2019-01-31 12:38:03 - [TEST_STEP][NOT_RUN] - click(findTestObject("NE_EventGroupManagement")): NOT_RUN: click(findTestObject("NE_EventGroupManagement"))

2019-01-31 12:38:03 - [MESSAGE][NOT_RUN] - NOT_RUN: click(findTestObject("NE_EventGroupManagement"))

2019-01-31 12:38:03 - [TEST_STEP][PASSED] - delay(1): Delayed 1 second(s)

2019-01-31 12:38:04 - [MESSAGE][PASSED] - Delayed 1 second(s)

2019-01-31 12:38:04 - [TEST_STEP][NOT_RUN] - pk_Functions.CS_ClickingonUpdateorDeletebutton.SelectRecordFromWebtableFun("Event Group Management/MOF_NE_Event Group ManagementData", "Sheet1"): NOT_RUN: pk_Functions.CS_ClickingonUpdateorDeletebutton.SelectRecordFromWebtableFun("Event Group Management/MOF_NE_Event Group ManagementData", "Sheet1")

2019-01-31 12:38:04 - [MESSAGE][NOT_RUN] - NOT_RUN: pk_Functions.CS_ClickingonUpdateorDeletebutton.SelectRecordFromWebtableFun("Event Group Management/MOF_NE_Event Group ManagementData", "Sheet1")

2019-01-31 12:38:04 - [TEST_STEP][NOT_RUN] - pk_Functions.CS_ClickingonUpdateorDeletebutton.SelectRecordFromWebtableFun("", 0, 3, 2, "Event Group Management/MOF_NE_Event Group ManagementObjectRepository", "Sheet1", "Event Group Management/MOF_NE_Event Group ManagementData", "Sheet1"): NOT_RUN: pk_Functions.CS_ClickingonUpdateorDeletebutton.SelectRecordFromWebtableFun("", 0, 3, 2, "Event Group Management/MOF_NE_Event Group ManagementObjectRepository", "Sheet1", "Event Group Management/MOF_NE_Event Group ManagementData", "Sheet1")

2019-01-31 12:38:04 - [MESSAGE][NOT_RUN] - NOT_RUN: pk_Functions.CS_ClickingonUpdateorDeletebutton.SelectRecordFromWebtableFun("", 0, 3, 2, "Event Group Management/MOF_NE_Event Group ManagementObjectRepository", "Sheet1", "Event Group Management/MOF_NE_Event Group ManagementData", "Sheet1")

2019-01-31 12:38:04 - [TEST_STEP][PASSED] - pk_Functions.CS_ClickingonUpdateorDeletebutton.SelectRecordFromWebtableFun(ActionType, 0, 13, 3, "Event Group Management/MOF_NE_Event Group ManagementObjectRepository", "Sheet1", "Event Group Management/MOF_NE_Event Group ManagementData", "Sheet1"): pk_Functions.CS_ClickingonUpdateorDeletebutton.SelectRecordFromWebtableFun is PASSED

2019-01-31 12:38:05 - [MESSAGE][PASSED] - pk_Functions.CS_ClickingonUpdateorDeletebutton.SelectRecordFromWebtableFun is PASSED

2019-01-31 12:38:05 - [TEST_STEP][NOT_RUN] - pk_Functions.CS_SpecificPageData.DataFun(["Arabic Description", "English Description"], "Event Group Management/MOF_NE_Event Group ManagementObjectRepository", "Sheet1", [ArabicDescription, EnglishDescription]): NOT_RUN: pk_Functions.CS_SpecificPageData.DataFun(["Arabic Description", "English Description"], "Event Group Management/MOF_NE_Event Group ManagementObjectRepository", "Sheet1", [ArabicDescription, EnglishDescription])

2019-01-31 12:38:05 - [MESSAGE][NOT_RUN] - NOT_RUN: pk_Functions.CS_SpecificPageData.DataFun(["Arabic Description", "English Description"], "Event Group Management/MOF_NE_Event Group ManagementObjectRepository", "Sheet1", [ArabicDescription, EnglishDescription])

2019-01-31 12:38:05 - [TEST_STEP][NOT_RUN] - click(findTestObject("Event Group Managemnt/BTN_Save")): NOT_RUN: click(findTestObject("Event Group Managemnt/BTN_Save"))

2019-01-31 12:38:05 - [MESSAGE][NOT_RUN] - NOT_RUN: click(findTestObject("Event Group Managemnt/BTN_Save"))

2019-01-31 12:38:05 - [TEST_STEP][NOT_RUN] - click(findTestObject("Event Group Managemnt/BTN_Back")): NOT_RUN: click(findTestObject("Event Group Managemnt/BTN_Back"))

2019-01-31 12:38:05 - [MESSAGE][NOT_RUN] - NOT_RUN: click(findTestObject("Event Group Managemnt/BTN_Back"))]]></system-out>
         <system-err><![CDATA[]]></system-err>
      </testcase>
      <testcase name="Test Cases/Event Group Management/TC_Update and Delete test" classname="Test Cases/Event Group Management/TC_Update and Delete test" status="PASSED">
         <system-out><![CDATA[2019-01-31 12:38:05 - [TEST_CASE][PASSED] - Test Cases/Event Group Management/TC_Update and Delete test: Test Cases/Event Group Management/TC_Update and Delete test

2019-01-31 12:38:05 - [TEST_STEP][NOT_RUN] - pk_Functions.CS_Login.LoginFun(findTestObject(null), "http://192.168.0.190:8080/mof/#/", findTestObject("Login/Username"), findTestObject("Login/Password"), "AAttia", "123", findTestObject("Login/Login")): NOT_RUN: pk_Functions.CS_Login.LoginFun(findTestObject(null), "http://192.168.0.190:8080/mof/#/", findTestObject("Login/Username"), findTestObject("Login/Password"), "AAttia", "123", findTestObject("Login/Login"))

2019-01-31 12:38:05 - [MESSAGE][NOT_RUN] - NOT_RUN: pk_Functions.CS_Login.LoginFun(findTestObject(null), "http://192.168.0.190:8080/mof/#/", findTestObject("Login/Username"), findTestObject("Login/Password"), "AAttia", "123", findTestObject("Login/Login"))

2019-01-31 12:38:05 - [TEST_STEP][NOT_RUN] - click(findTestObject("NE_SideMenu")): NOT_RUN: click(findTestObject("NE_SideMenu"))

2019-01-31 12:38:05 - [MESSAGE][NOT_RUN] - NOT_RUN: click(findTestObject("NE_SideMenu"))

2019-01-31 12:38:05 - [TEST_STEP][NOT_RUN] - click(findTestObject("NE_EventGroupManagement")): NOT_RUN: click(findTestObject("NE_EventGroupManagement"))

2019-01-31 12:38:05 - [MESSAGE][NOT_RUN] - NOT_RUN: click(findTestObject("NE_EventGroupManagement"))

2019-01-31 12:38:05 - [TEST_STEP][PASSED] - delay(1): Delayed 1 second(s)

2019-01-31 12:38:06 - [MESSAGE][PASSED] - Delayed 1 second(s)

2019-01-31 12:38:06 - [TEST_STEP][NOT_RUN] - pk_Functions.CS_ClickingonUpdateorDeletebutton.SelectRecordFromWebtableFun("Event Group Management/MOF_NE_Event Group ManagementData", "Sheet1"): NOT_RUN: pk_Functions.CS_ClickingonUpdateorDeletebutton.SelectRecordFromWebtableFun("Event Group Management/MOF_NE_Event Group ManagementData", "Sheet1")

2019-01-31 12:38:06 - [MESSAGE][NOT_RUN] - NOT_RUN: pk_Functions.CS_ClickingonUpdateorDeletebutton.SelectRecordFromWebtableFun("Event Group Management/MOF_NE_Event Group ManagementData", "Sheet1")

2019-01-31 12:38:06 - [TEST_STEP][NOT_RUN] - pk_Functions.CS_ClickingonUpdateorDeletebutton.SelectRecordFromWebtableFun("", 0, 3, 2, "Event Group Management/MOF_NE_Event Group ManagementObjectRepository", "Sheet1", "Event Group Management/MOF_NE_Event Group ManagementData", "Sheet1"): NOT_RUN: pk_Functions.CS_ClickingonUpdateorDeletebutton.SelectRecordFromWebtableFun("", 0, 3, 2, "Event Group Management/MOF_NE_Event Group ManagementObjectRepository", "Sheet1", "Event Group Management/MOF_NE_Event Group ManagementData", "Sheet1")

2019-01-31 12:38:06 - [MESSAGE][NOT_RUN] - NOT_RUN: pk_Functions.CS_ClickingonUpdateorDeletebutton.SelectRecordFromWebtableFun("", 0, 3, 2, "Event Group Management/MOF_NE_Event Group ManagementObjectRepository", "Sheet1", "Event Group Management/MOF_NE_Event Group ManagementData", "Sheet1")

2019-01-31 12:38:06 - [TEST_STEP][PASSED] - pk_Functions.CS_ClickingonUpdateorDeletebutton.SelectRecordFromWebtableFun(ActionType, 0, 13, 3, "Event Group Management/MOF_NE_Event Group ManagementObjectRepository", "Sheet1", "Event Group Management/MOF_NE_Event Group ManagementData", "Sheet1"): pk_Functions.CS_ClickingonUpdateorDeletebutton.SelectRecordFromWebtableFun is PASSED

2019-01-31 12:38:06 - [MESSAGE][PASSED] - pk_Functions.CS_ClickingonUpdateorDeletebutton.SelectRecordFromWebtableFun is PASSED

2019-01-31 12:38:06 - [TEST_STEP][NOT_RUN] - pk_Functions.CS_SpecificPageData.DataFun(["Arabic Description", "English Description"], "Event Group Management/MOF_NE_Event Group ManagementObjectRepository", "Sheet1", [ArabicDescription, EnglishDescription]): NOT_RUN: pk_Functions.CS_SpecificPageData.DataFun(["Arabic Description", "English Description"], "Event Group Management/MOF_NE_Event Group ManagementObjectRepository", "Sheet1", [ArabicDescription, EnglishDescription])

2019-01-31 12:38:06 - [MESSAGE][NOT_RUN] - NOT_RUN: pk_Functions.CS_SpecificPageData.DataFun(["Arabic Description", "English Description"], "Event Group Management/MOF_NE_Event Group ManagementObjectRepository", "Sheet1", [ArabicDescription, EnglishDescription])

2019-01-31 12:38:06 - [TEST_STEP][NOT_RUN] - click(findTestObject("Event Group Managemnt/BTN_Save")): NOT_RUN: click(findTestObject("Event Group Managemnt/BTN_Save"))

2019-01-31 12:38:06 - [MESSAGE][NOT_RUN] - NOT_RUN: click(findTestObject("Event Group Managemnt/BTN_Save"))

2019-01-31 12:38:06 - [TEST_STEP][NOT_RUN] - click(findTestObject("Event Group Managemnt/BTN_Back")): NOT_RUN: click(findTestObject("Event Group Managemnt/BTN_Back"))

2019-01-31 12:38:06 - [MESSAGE][NOT_RUN] - NOT_RUN: click(findTestObject("Event Group Managemnt/BTN_Back"))]]></system-out>
         <system-err><![CDATA[]]></system-err>
      </testcase>
      <testcase name="Test Cases/Event Group Management/TC_Update and Delete test" classname="Test Cases/Event Group Management/TC_Update and Delete test" status="PASSED">
         <system-out><![CDATA[2019-01-31 12:38:06 - [TEST_CASE][PASSED] - Test Cases/Event Group Management/TC_Update and Delete test: Test Cases/Event Group Management/TC_Update and Delete test

2019-01-31 12:38:06 - [TEST_STEP][NOT_RUN] - pk_Functions.CS_Login.LoginFun(findTestObject(null), "http://192.168.0.190:8080/mof/#/", findTestObject("Login/Username"), findTestObject("Login/Password"), "AAttia", "123", findTestObject("Login/Login")): NOT_RUN: pk_Functions.CS_Login.LoginFun(findTestObject(null), "http://192.168.0.190:8080/mof/#/", findTestObject("Login/Username"), findTestObject("Login/Password"), "AAttia", "123", findTestObject("Login/Login"))

2019-01-31 12:38:06 - [MESSAGE][NOT_RUN] - NOT_RUN: pk_Functions.CS_Login.LoginFun(findTestObject(null), "http://192.168.0.190:8080/mof/#/", findTestObject("Login/Username"), findTestObject("Login/Password"), "AAttia", "123", findTestObject("Login/Login"))

2019-01-31 12:38:06 - [TEST_STEP][NOT_RUN] - click(findTestObject("NE_SideMenu")): NOT_RUN: click(findTestObject("NE_SideMenu"))

2019-01-31 12:38:06 - [MESSAGE][NOT_RUN] - NOT_RUN: click(findTestObject("NE_SideMenu"))

2019-01-31 12:38:06 - [TEST_STEP][NOT_RUN] - click(findTestObject("NE_EventGroupManagement")): NOT_RUN: click(findTestObject("NE_EventGroupManagement"))

2019-01-31 12:38:06 - [MESSAGE][NOT_RUN] - NOT_RUN: click(findTestObject("NE_EventGroupManagement"))

2019-01-31 12:38:06 - [TEST_STEP][PASSED] - delay(1): Delayed 1 second(s)

2019-01-31 12:38:07 - [MESSAGE][PASSED] - Delayed 1 second(s)

2019-01-31 12:38:07 - [TEST_STEP][NOT_RUN] - pk_Functions.CS_ClickingonUpdateorDeletebutton.SelectRecordFromWebtableFun("Event Group Management/MOF_NE_Event Group ManagementData", "Sheet1"): NOT_RUN: pk_Functions.CS_ClickingonUpdateorDeletebutton.SelectRecordFromWebtableFun("Event Group Management/MOF_NE_Event Group ManagementData", "Sheet1")

2019-01-31 12:38:07 - [MESSAGE][NOT_RUN] - NOT_RUN: pk_Functions.CS_ClickingonUpdateorDeletebutton.SelectRecordFromWebtableFun("Event Group Management/MOF_NE_Event Group ManagementData", "Sheet1")

2019-01-31 12:38:07 - [TEST_STEP][NOT_RUN] - pk_Functions.CS_ClickingonUpdateorDeletebutton.SelectRecordFromWebtableFun("", 0, 3, 2, "Event Group Management/MOF_NE_Event Group ManagementObjectRepository", "Sheet1", "Event Group Management/MOF_NE_Event Group ManagementData", "Sheet1"): NOT_RUN: pk_Functions.CS_ClickingonUpdateorDeletebutton.SelectRecordFromWebtableFun("", 0, 3, 2, "Event Group Management/MOF_NE_Event Group ManagementObjectRepository", "Sheet1", "Event Group Management/MOF_NE_Event Group ManagementData", "Sheet1")

2019-01-31 12:38:07 - [MESSAGE][NOT_RUN] - NOT_RUN: pk_Functions.CS_ClickingonUpdateorDeletebutton.SelectRecordFromWebtableFun("", 0, 3, 2, "Event Group Management/MOF_NE_Event Group ManagementObjectRepository", "Sheet1", "Event Group Management/MOF_NE_Event Group ManagementData", "Sheet1")

2019-01-31 12:38:07 - [TEST_STEP][PASSED] - pk_Functions.CS_ClickingonUpdateorDeletebutton.SelectRecordFromWebtableFun(ActionType, 0, 13, 3, "Event Group Management/MOF_NE_Event Group ManagementObjectRepository", "Sheet1", "Event Group Management/MOF_NE_Event Group ManagementData", "Sheet1"): pk_Functions.CS_ClickingonUpdateorDeletebutton.SelectRecordFromWebtableFun is PASSED

2019-01-31 12:38:08 - [MESSAGE][PASSED] - pk_Functions.CS_ClickingonUpdateorDeletebutton.SelectRecordFromWebtableFun is PASSED

2019-01-31 12:38:08 - [TEST_STEP][NOT_RUN] - pk_Functions.CS_SpecificPageData.DataFun(["Arabic Description", "English Description"], "Event Group Management/MOF_NE_Event Group ManagementObjectRepository", "Sheet1", [ArabicDescription, EnglishDescription]): NOT_RUN: pk_Functions.CS_SpecificPageData.DataFun(["Arabic Description", "English Description"], "Event Group Management/MOF_NE_Event Group ManagementObjectRepository", "Sheet1", [ArabicDescription, EnglishDescription])

2019-01-31 12:38:08 - [MESSAGE][NOT_RUN] - NOT_RUN: pk_Functions.CS_SpecificPageData.DataFun(["Arabic Description", "English Description"], "Event Group Management/MOF_NE_Event Group ManagementObjectRepository", "Sheet1", [ArabicDescription, EnglishDescription])

2019-01-31 12:38:08 - [TEST_STEP][NOT_RUN] - click(findTestObject("Event Group Managemnt/BTN_Save")): NOT_RUN: click(findTestObject("Event Group Managemnt/BTN_Save"))

2019-01-31 12:38:08 - [MESSAGE][NOT_RUN] - NOT_RUN: click(findTestObject("Event Group Managemnt/BTN_Save"))

2019-01-31 12:38:08 - [TEST_STEP][NOT_RUN] - click(findTestObject("Event Group Managemnt/BTN_Back")): NOT_RUN: click(findTestObject("Event Group Managemnt/BTN_Back"))

2019-01-31 12:38:08 - [MESSAGE][NOT_RUN] - NOT_RUN: click(findTestObject("Event Group Managemnt/BTN_Back"))]]></system-out>
         <system-err><![CDATA[]]></system-err>
      </testcase>
      <system-out><![CDATA[2019-01-31 12:37:07 - [TEST_SUITE][PASSED] - TS_ClickUpdate_Delete: Test Cases/Event Group Management/TC_Update and Delete test]]></system-out>
      <system-err><![CDATA[]]></system-err>
   </testsuite>
</testsuites>
