<?xml version="1.0" encoding="UTF-8"?>
<testsuites name="TS_EGMFullScenario" time="30" tests="7" failures="0" errors="0">
   <testsuite name="TS_EGMFullScenario" tests="7" failures="0" errors="0" time="30" timestamp="2019-02-14 11:01:53" hostname="aeibrahim - LPALXY0477.ejadaalex.local" id="Test Suites/Event Group Management/TS_EGMFullScenario">
      <properties>
         <property name="deviceName" value=""/>
         <property name="devicePlatform" value=""/>
         <property name="logFolder" value="C:\\Users\\aeibrahim\\git\\MOF\\Reports\\Event Group Management\\TS_EGMFullScenario\\20190214_110150"/>
         <property name="logFiles" value="C:\\Users\\aeibrahim\\git\\MOF\\Reports\\Event Group Management\\TS_EGMFullScenario\\20190214_110150\\execution0.log"/>
         <property name="attachments" value=""/>
         <property name="hostName" value="aeibrahim - LPALXY0477.ejadaalex.local"/>
         <property name="os" value="Windows 10 64bit"/>
         <property name="katalonVersion" value="5.10.1.1"/>
         <property name="browser" value="Chrome 71.0.3578.98"/>
         <property name="hostAddress" value="192.168.3.64"/>
         <property name="sessionId" value="d3d006e106a5840d8009a7f255580081"/>
         <property name="seleniumVersion" value="3.7.1"/>
         <property name="proxyInformation" value="ProxyInformation{proxyOption=NO_PROXY, proxyServerType=HTTP, password=, proxyServerAddress=, proxyServerPort=0}"/>
         <property name="platform" value="Windows 10"/>
      </properties>
      <testcase name="Test Cases/TC_Login" classname="Test Cases/TC_Login" status="PASSED">
         <system-out><![CDATA[2019-02-14 11:01:53 - [TEST_CASE][PASSED] - Test Cases/TC_Login: Test Cases/TC_Login

2019-02-14 11:01:54 - [TEST_STEP][PASSED] - pk_Functions.CS_Login.LoginFun(findTestObject(null), "http://192.168.0.190:8080/mof/#/", findTestObject("Login/Username"), findTestObject("Login/Password"), "AAttia", "123", findTestObject("Login/Login")): pk_Functions.CS_Login.LoginFun is PASSED

2019-02-14 11:01:54 - [MESSAGE][WARNING] - Test object id is null

2019-02-14 11:01:54 - [MESSAGE][INFO] - Starting 'Chrome' driver

2019-02-14 11:01:54 - [MESSAGE][INFO] - Action delay is set to 0 seconds

2019-02-14 11:02:07 - [MESSAGE][PASSED] - Browser is opened with url: 'http://192.168.0.190:8080/mof/#/'

2019-02-14 11:02:07 - [MESSAGE][PASSED] - Text 'AAttia' is set on object 'Object Repository/Login/Username'

2019-02-14 11:02:08 - [MESSAGE][PASSED] - Text '123' is set on object 'Object Repository/Login/Password'

2019-02-14 11:02:08 - [MESSAGE][PASSED] - Object: 'Object Repository/Login/Login' is clicked on

2019-02-14 11:02:08 - [MESSAGE][PASSED] - pk_Functions.CS_Login.LoginFun is PASSED]]></system-out>
         <system-err><![CDATA[]]></system-err>
      </testcase>
      <testcase name="Test Cases/Event Group Management/TC_Select_Screen" classname="Test Cases/Event Group Management/TC_Select_Screen" status="PASSED">
         <system-out><![CDATA[2019-02-14 11:02:08 - [TEST_CASE][PASSED] - Test Cases/Event Group Management/TC_Select_Screen: Test Cases/Event Group Management/TC_Select_Screen

2019-02-14 11:02:08 - [TEST_STEP][PASSED] - click(findTestObject("NE_SideMenu")): Object: 'Object Repository/NE_SideMenu' is clicked on

2019-02-14 11:02:09 - [MESSAGE][PASSED] - Object: 'Object Repository/NE_SideMenu' is clicked on

2019-02-14 11:02:09 - [TEST_STEP][PASSED] - click(findTestObject("NE_EventGroupManagement")): Object: 'Object Repository/NE_EventGroupManagement' is clicked on

2019-02-14 11:02:09 - [MESSAGE][PASSED] - Object: 'Object Repository/NE_EventGroupManagement' is clicked on

2019-02-14 11:02:09 - [TEST_STEP][PASSED] - click(findTestObject("Event Group Managemnt/BTN_Search")): Object: 'Object Repository/Event Group Managemnt/BTN_Search' is clicked on

2019-02-14 11:02:11 - [MESSAGE][PASSED] - Object: 'Object Repository/Event Group Managemnt/BTN_Search' is clicked on

2019-02-14 11:02:11 - [TEST_STEP][PASSED] - delay(2): Delayed 2 second(s)

2019-02-14 11:02:13 - [MESSAGE][PASSED] - Delayed 2 second(s)]]></system-out>
         <system-err><![CDATA[]]></system-err>
      </testcase>
      <testcase name="Test Cases/Event Group Management/TC_Verify_Insert" classname="Test Cases/Event Group Management/TC_Verify_Insert" status="PASSED">
         <system-out><![CDATA[2019-02-14 11:02:13 - [TEST_CASE][PASSED] - Test Cases/Event Group Management/TC_Verify_Insert: Test Cases/Event Group Management/TC_Verify_Insert

2019-02-14 11:02:13 - [TEST_STEP][PASSED] - click(findTestObject("Event Group Managemnt/BTN_Clear")): Object: 'Object Repository/Event Group Managemnt/BTN_Clear' is clicked on

2019-02-14 11:02:13 - [MESSAGE][PASSED] - Object: 'Object Repository/Event Group Managemnt/BTN_Clear' is clicked on

2019-02-14 11:02:13 - [TEST_STEP][PASSED] - delay(1): Delayed 1 second(s)

2019-02-14 11:02:14 - [MESSAGE][PASSED] - Delayed 1 second(s)

2019-02-14 11:02:14 - [TEST_STEP][PASSED] - if (Search == "SearchYes"): null

2019-02-14 11:02:14 - [TEST_STEP][PASSED] - delay(1): Delayed 1 second(s)

2019-02-14 11:02:15 - [MESSAGE][PASSED] - Delayed 1 second(s)]]></system-out>
         <system-err><![CDATA[]]></system-err>
      </testcase>
      <testcase name="Test Cases/Event Group Management/TC_Verify_Insert" classname="Test Cases/Event Group Management/TC_Verify_Insert" status="PASSED">
         <system-out><![CDATA[2019-02-14 11:02:15 - [TEST_CASE][PASSED] - Test Cases/Event Group Management/TC_Verify_Insert: Test Cases/Event Group Management/TC_Verify_Insert

2019-02-14 11:02:15 - [TEST_STEP][PASSED] - click(findTestObject("Event Group Managemnt/BTN_Clear")): Object: 'Object Repository/Event Group Managemnt/BTN_Clear' is clicked on

2019-02-14 11:02:15 - [MESSAGE][PASSED] - Object: 'Object Repository/Event Group Managemnt/BTN_Clear' is clicked on

2019-02-14 11:02:15 - [TEST_STEP][PASSED] - delay(1): Delayed 1 second(s)

2019-02-14 11:02:16 - [MESSAGE][PASSED] - Delayed 1 second(s)

2019-02-14 11:02:16 - [TEST_STEP][PASSED] - if (Search == "SearchYes"): null

2019-02-14 11:02:16 - [TEST_STEP][PASSED] - delay(1): Delayed 1 second(s)

2019-02-14 11:02:17 - [MESSAGE][PASSED] - Delayed 1 second(s)]]></system-out>
         <system-err><![CDATA[]]></system-err>
      </testcase>
      <testcase name="Test Cases/Event Group Management/TC_Verify_Insert" classname="Test Cases/Event Group Management/TC_Verify_Insert" status="PASSED">
         <system-out><![CDATA[2019-02-14 11:02:17 - [TEST_CASE][PASSED] - Test Cases/Event Group Management/TC_Verify_Insert: Test Cases/Event Group Management/TC_Verify_Insert

2019-02-14 11:02:17 - [TEST_STEP][PASSED] - click(findTestObject("Event Group Managemnt/BTN_Clear")): Object: 'Object Repository/Event Group Managemnt/BTN_Clear' is clicked on

2019-02-14 11:02:17 - [MESSAGE][PASSED] - Object: 'Object Repository/Event Group Managemnt/BTN_Clear' is clicked on

2019-02-14 11:02:17 - [TEST_STEP][PASSED] - delay(1): Delayed 1 second(s)

2019-02-14 11:02:18 - [MESSAGE][PASSED] - Delayed 1 second(s)

2019-02-14 11:02:18 - [TEST_STEP][PASSED] - if (Search == "SearchYes"): null

2019-02-14 11:02:18 - [TEST_STEP][PASSED] - delay(1): Delayed 1 second(s)

2019-02-14 11:02:19 - [MESSAGE][PASSED] - Delayed 1 second(s)]]></system-out>
         <system-err><![CDATA[]]></system-err>
      </testcase>
      <testcase name="Test Cases/Event Group Management/TC_Verify_Insert" classname="Test Cases/Event Group Management/TC_Verify_Insert" status="PASSED">
         <system-out><![CDATA[2019-02-14 11:02:19 - [TEST_CASE][PASSED] - Test Cases/Event Group Management/TC_Verify_Insert: Test Cases/Event Group Management/TC_Verify_Insert

2019-02-14 11:02:19 - [TEST_STEP][PASSED] - click(findTestObject("Event Group Managemnt/BTN_Clear")): Object: 'Object Repository/Event Group Managemnt/BTN_Clear' is clicked on

2019-02-14 11:02:20 - [MESSAGE][PASSED] - Object: 'Object Repository/Event Group Managemnt/BTN_Clear' is clicked on

2019-02-14 11:02:20 - [TEST_STEP][PASSED] - delay(1): Delayed 1 second(s)

2019-02-14 11:02:21 - [MESSAGE][PASSED] - Delayed 1 second(s)

2019-02-14 11:02:21 - [TEST_STEP][PASSED] - if (Search == "SearchYes"): null

2019-02-14 11:02:21 - [TEST_STEP][PASSED] - delay(1): Delayed 1 second(s)

2019-02-14 11:02:22 - [MESSAGE][PASSED] - Delayed 1 second(s)]]></system-out>
         <system-err><![CDATA[]]></system-err>
      </testcase>
      <testcase name="Test Cases/Event Group Management/TC_Verify_Insert" classname="Test Cases/Event Group Management/TC_Verify_Insert" status="PASSED">
         <system-out><![CDATA[2019-02-14 11:02:22 - [TEST_CASE][PASSED] - Test Cases/Event Group Management/TC_Verify_Insert: Test Cases/Event Group Management/TC_Verify_Insert

2019-02-14 11:02:22 - [TEST_STEP][PASSED] - click(findTestObject("Event Group Managemnt/BTN_Clear")): Object: 'Object Repository/Event Group Managemnt/BTN_Clear' is clicked on

2019-02-14 11:02:22 - [MESSAGE][PASSED] - Object: 'Object Repository/Event Group Managemnt/BTN_Clear' is clicked on

2019-02-14 11:02:22 - [TEST_STEP][PASSED] - delay(1): Delayed 1 second(s)

2019-02-14 11:02:23 - [MESSAGE][PASSED] - Delayed 1 second(s)

2019-02-14 11:02:23 - [TEST_STEP][PASSED] - if (Search == "SearchYes"): null

2019-02-14 11:02:23 - [TEST_STEP][PASSED] - delay(1): Delayed 1 second(s)

2019-02-14 11:02:24 - [MESSAGE][PASSED] - Delayed 1 second(s)]]></system-out>
         <system-err><![CDATA[]]></system-err>
      </testcase>
      <system-out><![CDATA[2019-02-14 11:01:53 - [TEST_SUITE][PASSED] - TS_EGMFullScenario: Test Cases/Event Group Management/TC_Verify_Insert]]></system-out>
      <system-err><![CDATA[]]></system-err>
   </testsuite>
</testsuites>
