<?xml version="1.0" encoding="UTF-8"?>
<testsuites name="TS_EGMFullScenario" time="66" tests="7" failures="0" errors="0">
   <testsuite name="TS_EGMFullScenario" tests="7" failures="0" errors="0" time="66" timestamp="2019-02-14 12:33:02" hostname="aeibrahim - LPALXY0477.ejadaalex.local" id="Test Suites/Event Group Management/TS_EGMFullScenario">
      <properties>
         <property name="deviceName" value=""/>
         <property name="devicePlatform" value=""/>
         <property name="logFolder" value="C:\\Users\\aeibrahim\\git\\MOF\\Reports\\Event Group Management\\TS_EGMFullScenario\\20190214_123300"/>
         <property name="logFiles" value="C:\\Users\\aeibrahim\\git\\MOF\\Reports\\Event Group Management\\TS_EGMFullScenario\\20190214_123300\\execution0.log"/>
         <property name="attachments" value=""/>
         <property name="hostName" value="aeibrahim - LPALXY0477.ejadaalex.local"/>
         <property name="os" value="Windows 10 64bit"/>
         <property name="katalonVersion" value="5.10.1.1"/>
         <property name="browser" value="Chrome 71.0.3578.98"/>
         <property name="hostAddress" value="192.168.3.64"/>
         <property name="sessionId" value="d8590d7ef581f8fe094713572efa811c"/>
         <property name="seleniumVersion" value="3.7.1"/>
         <property name="proxyInformation" value="ProxyInformation{proxyOption=NO_PROXY, proxyServerType=HTTP, password=, proxyServerAddress=, proxyServerPort=0}"/>
         <property name="platform" value="Windows 10"/>
      </properties>
      <testcase name="Test Cases/TC_Login" classname="Test Cases/TC_Login" status="PASSED">
         <system-out><![CDATA[2019-02-14 12:33:02 - [TEST_CASE][PASSED] - Test Cases/TC_Login: Test Cases/TC_Login

2019-02-14 12:33:03 - [TEST_STEP][PASSED] - pk_Functions.CS_Login.LoginFun(findTestObject(null), "http://192.168.0.190:8080/mof/#/", findTestObject("Login/Username"), findTestObject("Login/Password"), "AAttia", "123", findTestObject("Login/Login")): pk_Functions.CS_Login.LoginFun is PASSED

2019-02-14 12:33:03 - [MESSAGE][WARNING] - Test object id is null

2019-02-14 12:33:03 - [MESSAGE][INFO] - Starting 'Chrome' driver

2019-02-14 12:33:03 - [MESSAGE][INFO] - Action delay is set to 0 seconds

2019-02-14 12:33:20 - [MESSAGE][PASSED] - Browser is opened with url: 'http://192.168.0.190:8080/mof/#/'

2019-02-14 12:33:20 - [MESSAGE][PASSED] - Text 'AAttia' is set on object 'Object Repository/Login/Username'

2019-02-14 12:33:20 - [MESSAGE][PASSED] - Text '123' is set on object 'Object Repository/Login/Password'

2019-02-14 12:33:21 - [MESSAGE][PASSED] - Object: 'Object Repository/Login/Login' is clicked on

2019-02-14 12:33:21 - [MESSAGE][PASSED] - pk_Functions.CS_Login.LoginFun is PASSED]]></system-out>
         <system-err><![CDATA[]]></system-err>
      </testcase>
      <testcase name="Test Cases/Event Group Management/TC_Select_Screen" classname="Test Cases/Event Group Management/TC_Select_Screen" status="PASSED">
         <system-out><![CDATA[2019-02-14 12:33:21 - [TEST_CASE][PASSED] - Test Cases/Event Group Management/TC_Select_Screen: Test Cases/Event Group Management/TC_Select_Screen

2019-02-14 12:33:21 - [TEST_STEP][PASSED] - click(findTestObject("NE_SideMenu")): Object: 'Object Repository/NE_SideMenu' is clicked on

2019-02-14 12:33:23 - [MESSAGE][PASSED] - Object: 'Object Repository/NE_SideMenu' is clicked on

2019-02-14 12:33:23 - [TEST_STEP][PASSED] - click(findTestObject("NE_EventGroupManagement")): Object: 'Object Repository/NE_EventGroupManagement' is clicked on

2019-02-14 12:33:23 - [MESSAGE][PASSED] - Object: 'Object Repository/NE_EventGroupManagement' is clicked on

2019-02-14 12:33:23 - [TEST_STEP][PASSED] - click(findTestObject("Event Group Managemnt/BTN_Search")): Object: 'Object Repository/Event Group Managemnt/BTN_Search' is clicked on

2019-02-14 12:33:23 - [MESSAGE][PASSED] - Object: 'Object Repository/Event Group Managemnt/BTN_Search' is clicked on

2019-02-14 12:33:23 - [TEST_STEP][PASSED] - delay(2): Delayed 2 second(s)

2019-02-14 12:33:26 - [MESSAGE][PASSED] - Delayed 2 second(s)]]></system-out>
         <system-err><![CDATA[]]></system-err>
      </testcase>
      <testcase name="Test Cases/Event Group Management/TC_Verify_Insert" classname="Test Cases/Event Group Management/TC_Verify_Insert" status="PASSED">
         <system-out><![CDATA[2019-02-14 12:33:26 - [TEST_CASE][PASSED] - Test Cases/Event Group Management/TC_Verify_Insert: Test Cases/Event Group Management/TC_Verify_Insert

2019-02-14 12:33:26 - [TEST_STEP][PASSED] - if (search == "SearchYes"): pk_Functions.CS_WebtableVerification.ValidateSearchParameters is PASSED

2019-02-14 12:33:26 - [TEST_STEP][PASSED] - pk_Functions.CS_SpecificPageData.DataFun(["Code_Search"], "Event Group Management/MOF_NE_Event Group ManagementObjectRepository", "Sheet1", [Code]): pk_Functions.CS_SpecificPageData.DataFun is PASSED

2019-02-14 12:33:27 - [MESSAGE][PASSED] - Text 'EB2' is set on object ''

2019-02-14 12:33:27 - [MESSAGE][PASSED] - pk_Functions.CS_SpecificPageData.DataFun is PASSED

2019-02-14 12:33:27 - [TEST_STEP][PASSED] - delay(2): Delayed 2 second(s)

2019-02-14 12:33:29 - [MESSAGE][PASSED] - Delayed 2 second(s)

2019-02-14 12:33:29 - [TEST_STEP][PASSED] - click(findTestObject("Event Group Managemnt/BTN_Search")): Object: 'Object Repository/Event Group Managemnt/BTN_Search' is clicked on

2019-02-14 12:33:29 - [MESSAGE][PASSED] - Object: 'Object Repository/Event Group Managemnt/BTN_Search' is clicked on

2019-02-14 12:33:29 - [TEST_STEP][PASSED] - delay(5): Delayed 5 second(s)

2019-02-14 12:33:34 - [MESSAGE][PASSED] - Delayed 5 second(s)

2019-02-14 12:33:34 - [TEST_STEP][PASSED] - pk_Functions.CS_WebtableVerification.ValidateSearchParameters(search, "Event Group Management/MOF_NE_Event Group ManagementObjectRepository", "Sheet1", [Code, EnglishDescription, ArabicDescription], 0): pk_Functions.CS_WebtableVerification.ValidateSearchParameters is PASSED

2019-02-14 12:33:37 - [MESSAGE][PASSED] - Delayed 3 second(s)

2019-02-14 12:33:39 - [MESSAGE][PASSED] - Delayed 2 second(s)

2019-02-14 12:33:42 - [MESSAGE][PASSED] - Delayed 3 second(s)

2019-02-14 12:33:42 - [MESSAGE][PASSED] - pk_Functions.CS_WebtableVerification.ValidateSearchParameters is PASSED

2019-02-14 12:33:42 - [TEST_STEP][PASSED] - delay(2): Delayed 2 second(s)

2019-02-14 12:33:44 - [MESSAGE][PASSED] - Delayed 2 second(s)]]></system-out>
         <system-err><![CDATA[]]></system-err>
      </testcase>
      <testcase name="Test Cases/Event Group Management/TC_Verify_Insert" classname="Test Cases/Event Group Management/TC_Verify_Insert" status="PASSED">
         <system-out><![CDATA[2019-02-14 12:33:44 - [TEST_CASE][PASSED] - Test Cases/Event Group Management/TC_Verify_Insert: Test Cases/Event Group Management/TC_Verify_Insert

2019-02-14 12:33:45 - [TEST_STEP][PASSED] - if (search == "SearchYes"): pk_Functions.CS_WebtableVerification.ValidateSearchParameters is PASSED

2019-02-14 12:33:45 - [TEST_STEP][PASSED] - pk_Functions.CS_SpecificPageData.DataFun(["Code_Search"], "Event Group Management/MOF_NE_Event Group ManagementObjectRepository", "Sheet1", [Code]): pk_Functions.CS_SpecificPageData.DataFun is PASSED

2019-02-14 12:33:45 - [MESSAGE][PASSED] - Text 'EB3' is set on object ''

2019-02-14 12:33:45 - [MESSAGE][PASSED] - pk_Functions.CS_SpecificPageData.DataFun is PASSED

2019-02-14 12:33:45 - [TEST_STEP][PASSED] - delay(2): Delayed 2 second(s)

2019-02-14 12:33:47 - [MESSAGE][PASSED] - Delayed 2 second(s)

2019-02-14 12:33:47 - [TEST_STEP][PASSED] - click(findTestObject("Event Group Managemnt/BTN_Search")): Object: 'Object Repository/Event Group Managemnt/BTN_Search' is clicked on

2019-02-14 12:33:47 - [MESSAGE][PASSED] - Object: 'Object Repository/Event Group Managemnt/BTN_Search' is clicked on

2019-02-14 12:33:47 - [TEST_STEP][PASSED] - delay(5): Delayed 5 second(s)

2019-02-14 12:33:52 - [MESSAGE][PASSED] - Delayed 5 second(s)

2019-02-14 12:33:52 - [TEST_STEP][PASSED] - pk_Functions.CS_WebtableVerification.ValidateSearchParameters(search, "Event Group Management/MOF_NE_Event Group ManagementObjectRepository", "Sheet1", [Code, EnglishDescription, ArabicDescription], 0): pk_Functions.CS_WebtableVerification.ValidateSearchParameters is PASSED

2019-02-14 12:33:55 - [MESSAGE][PASSED] - Delayed 3 second(s)

2019-02-14 12:33:57 - [MESSAGE][PASSED] - Delayed 2 second(s)

2019-02-14 12:34:00 - [MESSAGE][PASSED] - Delayed 3 second(s)

2019-02-14 12:34:00 - [MESSAGE][PASSED] - pk_Functions.CS_WebtableVerification.ValidateSearchParameters is PASSED

2019-02-14 12:34:00 - [TEST_STEP][PASSED] - delay(2): Delayed 2 second(s)

2019-02-14 12:34:02 - [MESSAGE][PASSED] - Delayed 2 second(s)]]></system-out>
         <system-err><![CDATA[]]></system-err>
      </testcase>
      <testcase name="Test Cases/Event Group Management/TC_Verify_Insert" classname="Test Cases/Event Group Management/TC_Verify_Insert" status="PASSED">
         <system-out><![CDATA[2019-02-14 12:34:02 - [TEST_CASE][PASSED] - Test Cases/Event Group Management/TC_Verify_Insert: Test Cases/Event Group Management/TC_Verify_Insert

2019-02-14 12:34:02 - [TEST_STEP][PASSED] - if (search == "SearchYes"): null

2019-02-14 12:34:02 - [TEST_STEP][PASSED] - delay(2): Delayed 2 second(s)

2019-02-14 12:34:04 - [MESSAGE][PASSED] - Delayed 2 second(s)]]></system-out>
         <system-err><![CDATA[]]></system-err>
      </testcase>
      <testcase name="Test Cases/Event Group Management/TC_Verify_Insert" classname="Test Cases/Event Group Management/TC_Verify_Insert" status="PASSED">
         <system-out><![CDATA[2019-02-14 12:34:04 - [TEST_CASE][PASSED] - Test Cases/Event Group Management/TC_Verify_Insert: Test Cases/Event Group Management/TC_Verify_Insert

2019-02-14 12:34:04 - [TEST_STEP][PASSED] - if (search == "SearchYes"): null

2019-02-14 12:34:04 - [TEST_STEP][PASSED] - delay(2): Delayed 2 second(s)

2019-02-14 12:34:06 - [MESSAGE][PASSED] - Delayed 2 second(s)]]></system-out>
         <system-err><![CDATA[]]></system-err>
      </testcase>
      <testcase name="Test Cases/Event Group Management/TC_Verify_Insert" classname="Test Cases/Event Group Management/TC_Verify_Insert" status="PASSED">
         <system-out><![CDATA[2019-02-14 12:34:06 - [TEST_CASE][PASSED] - Test Cases/Event Group Management/TC_Verify_Insert: Test Cases/Event Group Management/TC_Verify_Insert

2019-02-14 12:34:06 - [TEST_STEP][PASSED] - if (search == "SearchYes"): null

2019-02-14 12:34:06 - [TEST_STEP][PASSED] - delay(2): Delayed 2 second(s)

2019-02-14 12:34:08 - [MESSAGE][PASSED] - Delayed 2 second(s)]]></system-out>
         <system-err><![CDATA[]]></system-err>
      </testcase>
      <system-out><![CDATA[2019-02-14 12:33:02 - [TEST_SUITE][PASSED] - TS_EGMFullScenario: Test Cases/Event Group Management/TC_Verify_Insert]]></system-out>
      <system-err><![CDATA[]]></system-err>
   </testsuite>
</testsuites>
