<?xml version="1.0" encoding="UTF-8"?>
<testsuites name="TS_Event Group Management" time="64" tests="1" failures="0" errors="0">
   <testsuite name="TS_Event Group Management" tests="1" failures="0" errors="0" time="64" timestamp="2019-01-21 16:58:55" hostname="Ebtehal Gamal Yusuf - LPALXY0199.ejadaalex.local" id="Test Suites/Event Group Management/TS_Event Group Management">
      <properties>
         <property name="deviceName" value=""/>
         <property name="devicePlatform" value=""/>
         <property name="logFolder" value="C:\\Users\\Administrator\\git\\MOF\\Reports\\Event Group Management\\TS_Event Group Management\\20190121_165852"/>
         <property name="logFiles" value="C:\\Users\\Administrator\\git\\MOF\\Reports\\Event Group Management\\TS_Event Group Management\\20190121_165852\\execution0.log"/>
         <property name="attachments" value=""/>
         <property name="hostName" value="Ebtehal Gamal Yusuf - LPALXY0199.ejadaalex.local"/>
         <property name="os" value="Windows 7 64bit"/>
         <property name="katalonVersion" value="5.10.1.1"/>
         <property name="browser" value="Chrome 71.0.3578.98"/>
         <property name="hostAddress" value="192.168.3.51"/>
         <property name="sessionId" value="54a366982310a91a791d9691b1a776a4"/>
         <property name="seleniumVersion" value="3.7.1"/>
         <property name="proxyInformation" value="ProxyInformation{proxyOption=NO_PROXY, proxyServerType=HTTP, password=, proxyServerAddress=, proxyServerPort=0}"/>
         <property name="platform" value="Windows 7"/>
      </properties>
      <testcase name="Test Cases/Event Group Management/TC_Update" classname="Test Cases/Event Group Management/TC_Update" status="PASSED">
         <system-out><![CDATA[2019-01-21 16:58:55 - [TEST_CASE][PASSED] - Test Cases/Event Group Management/TC_Update: Test Cases/Event Group Management/TC_Update

2019-01-21 16:58:56 - [TEST_STEP][PASSED] - pk_Functions.CS_Login.LoginFun(findTestObject(null), "http://192.168.0.190:8080/mof/#/", findTestObject("Login/Username"), findTestObject("Login/Password"), "AAttia", "123", findTestObject("Login/Login")): pk_Functions.CS_Login.LoginFun is PASSED

2019-01-21 16:58:56 - [MESSAGE][WARNING] - Test object id is null

2019-01-21 16:58:56 - [MESSAGE][INFO] - Starting 'Chrome' driver

2019-01-21 16:58:57 - [MESSAGE][INFO] - Action delay is set to 0 seconds

2019-01-21 16:59:25 - [MESSAGE][PASSED] - Browser is opened with url: 'http://192.168.0.190:8080/mof/#/'

2019-01-21 16:59:25 - [MESSAGE][PASSED] - Text 'AAttia' is set on object 'Object Repository/Login/Username'

2019-01-21 16:59:25 - [MESSAGE][PASSED] - Text '123' is set on object 'Object Repository/Login/Password'

2019-01-21 16:59:25 - [MESSAGE][PASSED] - Object: 'Object Repository/Login/Login' is clicked on

2019-01-21 16:59:25 - [MESSAGE][PASSED] - pk_Functions.CS_Login.LoginFun is PASSED

2019-01-21 16:59:25 - [TEST_STEP][PASSED] - click(findTestObject("NE_SideMenu")): Object: 'Object Repository/NE_SideMenu' is clicked on

2019-01-21 16:59:29 - [MESSAGE][PASSED] - Object: 'Object Repository/NE_SideMenu' is clicked on

2019-01-21 16:59:29 - [TEST_STEP][PASSED] - click(findTestObject("NE_EventGroupManagement")): Object: 'Object Repository/NE_EventGroupManagement' is clicked on

2019-01-21 16:59:30 - [MESSAGE][PASSED] - Object: 'Object Repository/NE_EventGroupManagement' is clicked on

2019-01-21 16:59:30 - [TEST_STEP][PASSED] - click(findTestObject("Search")): Object: 'Object Repository/Search' is clicked on

2019-01-21 16:59:31 - [MESSAGE][PASSED] - Object: 'Object Repository/Search' is clicked on

2019-01-21 16:59:31 - [TEST_STEP][PASSED] - delay(5): Delayed 5 second(s)

2019-01-21 16:59:36 - [MESSAGE][PASSED] - Delayed 5 second(s)

2019-01-21 16:59:36 - [TEST_STEP][PASSED] - pk_Functions.CS_SelectRecordFromWebtable_IPO.SelectRecordFromWebtableFun("xpath", "//*[@id="app-form"]//app-body//app-event-categories-management-layout//app-event-categories-management-list/p-panel//p-datatable/div/div[2]", "1", 0, 3, 2): pk_Functions.CS_SelectRecordFromWebtable_IPO.SelectRecordFromWebtableFun is PASSED

2019-01-21 16:59:41 - [MESSAGE][PASSED] - Delayed 4 second(s)

2019-01-21 16:59:45 - [MESSAGE][PASSED] - Delayed 4 second(s)

2019-01-21 16:59:45 - [MESSAGE][PASSED] - pk_Functions.CS_SelectRecordFromWebtable_IPO.SelectRecordFromWebtableFun is PASSED

2019-01-21 16:59:45 - [TEST_STEP][PASSED] - delay(5): Delayed 5 second(s)

2019-01-21 16:59:50 - [MESSAGE][PASSED] - Delayed 5 second(s)

2019-01-21 16:59:50 - [TEST_STEP][PASSED] - pk_Functions.CS_AllPageData.AllPageDataFun("Event Group Management/EventManagementGPUpdate_ObjectRepository", "Sheet1", [ArabicDescription, EnglishDescription, Save, Back]): pk_Functions.CS_AllPageData.AllPageDataFun is PASSED

2019-01-21 16:59:53 - [MESSAGE][PASSED] - Delayed 2 second(s)

2019-01-21 16:59:53 - [MESSAGE][PASSED] - Text 'Venice' is set on object ''

2019-01-21 16:59:55 - [MESSAGE][PASSED] - Delayed 2 second(s)

2019-01-21 16:59:55 - [MESSAGE][PASSED] - Text 'Rome' is set on object ''

2019-01-21 16:59:57 - [MESSAGE][PASSED] - Delayed 2 second(s)

2019-01-21 16:59:57 - [MESSAGE][PASSED] - Object: '' is clicked on

2019-01-21 16:59:59 - [MESSAGE][PASSED] - Delayed 2 second(s)

2019-01-21 17:00:00 - [MESSAGE][PASSED] - Object: '' is clicked on

2019-01-21 17:00:00 - [MESSAGE][PASSED] - pk_Functions.CS_AllPageData.AllPageDataFun is PASSED]]></system-out>
         <system-err><![CDATA[]]></system-err>
      </testcase>
      <system-out><![CDATA[2019-01-21 16:58:55 - [TEST_SUITE][PASSED] - TS_Event Group Management: Test Cases/Event Group Management/TC_Update]]></system-out>
      <system-err><![CDATA[]]></system-err>
   </testsuite>
</testsuites>
