<?xml version="1.0" encoding="UTF-8"?>
<testsuites name="TS_EGMFullScenario" time="461" tests="11" failures="0" errors="1">
   <testsuite name="TS_EGMFullScenario" tests="11" failures="0" errors="1" time="461" timestamp="2019-02-17 15:21:53" hostname="aeibrahim - LPALXY0477.ejadaalex.local" id="Test Suites/Event Group Management/TS_EGMFullScenario">
      <properties>
         <property name="deviceName" value=""/>
         <property name="devicePlatform" value=""/>
         <property name="logFolder" value="C:\\Users\\aeibrahim\\git\\MOF\\Reports\\Event Group Management\\TS_EGMFullScenario\\20190217_152151"/>
         <property name="logFiles" value="C:\\Users\\aeibrahim\\git\\MOF\\Reports\\Event Group Management\\TS_EGMFullScenario\\20190217_152151\\execution0.log"/>
         <property name="attachments" value=""/>
         <property name="hostName" value="aeibrahim - LPALXY0477.ejadaalex.local"/>
         <property name="os" value="Windows 10 64bit"/>
         <property name="katalonVersion" value="5.10.1.1"/>
         <property name="browser" value="Chrome 72.0.3626.109"/>
         <property name="hostAddress" value="192.168.3.64"/>
         <property name="sessionId" value="7495f8bca1d9daad565b16e6241f28c8"/>
         <property name="seleniumVersion" value="3.7.1"/>
         <property name="proxyInformation" value="ProxyInformation{proxyOption=NO_PROXY, proxyServerType=HTTP, password=, proxyServerAddress=, proxyServerPort=0}"/>
         <property name="platform" value="Windows 10"/>
      </properties>
      <testcase name="Test Cases/TC_Login" classname="Test Cases/TC_Login" status="PASSED">
         <system-out><![CDATA[2019-02-17 15:21:54 - [TEST_CASE][PASSED] - Test Cases/TC_Login: Test Cases/TC_Login

2019-02-17 15:21:54 - [TEST_STEP][PASSED] - pk_Functions.CS_Login.LoginFun(findTestObject(null), "http://192.168.0.190:8080/mof/#/", findTestObject("Login/Username"), findTestObject("Login/Password"), "AAttia", "123", findTestObject("Login/Login")): pk_Functions.CS_Login.LoginFun is PASSED

2019-02-17 15:21:54 - [MESSAGE][WARNING] - Test object id is null

2019-02-17 15:21:55 - [MESSAGE][INFO] - Starting 'Chrome' driver

2019-02-17 15:21:55 - [MESSAGE][INFO] - Action delay is set to 0 seconds

2019-02-17 15:22:08 - [MESSAGE][PASSED] - Browser is opened with url: 'http://192.168.0.190:8080/mof/#/'

2019-02-17 15:22:08 - [MESSAGE][PASSED] - Text 'AAttia' is set on object 'Object Repository/Login/Username'

2019-02-17 15:22:08 - [MESSAGE][PASSED] - Text '123' is set on object 'Object Repository/Login/Password'

2019-02-17 15:22:09 - [MESSAGE][PASSED] - Object: 'Object Repository/Login/Login' is clicked on

2019-02-17 15:22:09 - [MESSAGE][PASSED] - pk_Functions.CS_Login.LoginFun is PASSED]]></system-out>
         <system-err><![CDATA[]]></system-err>
      </testcase>
      <testcase name="Test Cases/Event Group Management/TC_Select_Screen" classname="Test Cases/Event Group Management/TC_Select_Screen" status="PASSED">
         <system-out><![CDATA[2019-02-17 15:22:09 - [TEST_CASE][PASSED] - Test Cases/Event Group Management/TC_Select_Screen: Test Cases/Event Group Management/TC_Select_Screen

2019-02-17 15:22:09 - [TEST_STEP][PASSED] - click(findTestObject("NE_SideMenu")): Object: 'Object Repository/NE_SideMenu' is clicked on

2019-02-17 15:22:10 - [MESSAGE][PASSED] - Object: 'Object Repository/NE_SideMenu' is clicked on

2019-02-17 15:22:10 - [TEST_STEP][PASSED] - click(findTestObject("NE_EventGroupManagement")): Object: 'Object Repository/NE_EventGroupManagement' is clicked on

2019-02-17 15:22:11 - [MESSAGE][PASSED] - Object: 'Object Repository/NE_EventGroupManagement' is clicked on

2019-02-17 15:22:11 - [TEST_STEP][PASSED] - click(findTestObject("Event Group Managemnt/BTN_Search")): Object: 'Object Repository/Event Group Managemnt/BTN_Search' is clicked on

2019-02-17 15:22:11 - [MESSAGE][PASSED] - Object: 'Object Repository/Event Group Managemnt/BTN_Search' is clicked on

2019-02-17 15:22:11 - [TEST_STEP][PASSED] - delay(2): Delayed 2 second(s)

2019-02-17 15:22:13 - [MESSAGE][PASSED] - Delayed 2 second(s)]]></system-out>
         <system-err><![CDATA[]]></system-err>
      </testcase>
      <testcase name="Test Cases/Event Group Management/TC_Delete" classname="Test Cases/Event Group Management/TC_Delete" status="PASSED">
         <system-out><![CDATA[2019-02-17 15:22:13 - [TEST_CASE][PASSED] - Test Cases/Event Group Management/TC_Delete: Test Cases/Event Group Management/TC_Delete

2019-02-17 15:22:14 - [TEST_STEP][PASSED] - if (delete): pk_Functions.CS_ClickingonActionButtonswithPagination.SelectRecordFromWebtableFun is PASSED

2019-02-17 15:22:14 - [TEST_STEP][PASSED] - pk_Functions.CS_ClickingonActionButtonswithPagination.SelectRecordFromWebtableFun(delete, 0, 3, "Event Group Management/MOF_NE_Event Group ManagementObjectRepository", "Sheet1", code): pk_Functions.CS_ClickingonActionButtonswithPagination.SelectRecordFromWebtableFun is PASSED

2019-02-17 15:22:15 - [MESSAGE][PASSED] - Object: '' is clicked on

2019-02-17 15:22:17 - [MESSAGE][PASSED] - Delayed 2 second(s)

2019-02-17 15:22:19 - [MESSAGE][PASSED] - Delayed 2 second(s)

2019-02-17 15:22:19 - [MESSAGE][PASSED] - Attribute 'tabindex' of object '' is: '0'

2019-02-17 15:22:19 - [MESSAGE][PASSED] - Attribute 'tabindex' of object '' is: '0'

2019-02-17 15:22:21 - [MESSAGE][PASSED] - Delayed 2 second(s)

2019-02-17 15:22:22 - [MESSAGE][PASSED] - Delayed 1 second(s)

2019-02-17 15:22:23 - [MESSAGE][PASSED] - Delayed 1 second(s)

2019-02-17 15:22:24 - [MESSAGE][PASSED] - Delayed 1 second(s)

2019-02-17 15:22:25 - [MESSAGE][PASSED] - Delayed 1 second(s)

2019-02-17 15:22:26 - [MESSAGE][PASSED] - Delayed 1 second(s)

2019-02-17 15:22:27 - [MESSAGE][PASSED] - Delayed 1 second(s)

2019-02-17 15:22:28 - [MESSAGE][PASSED] - Delayed 1 second(s)

2019-02-17 15:22:29 - [MESSAGE][PASSED] - Delayed 1 second(s)

2019-02-17 15:22:30 - [MESSAGE][PASSED] - Delayed 1 second(s)

2019-02-17 15:22:31 - [MESSAGE][PASSED] - Delayed 1 second(s)

2019-02-17 15:22:32 - [MESSAGE][PASSED] - Delayed 1 second(s)

2019-02-17 15:22:33 - [MESSAGE][PASSED] - Delayed 1 second(s)

2019-02-17 15:22:34 - [MESSAGE][PASSED] - Delayed 1 second(s)

2019-02-17 15:22:34 - [MESSAGE][PASSED] - Attribute 'tabindex' of object '' is: '0'

2019-02-17 15:22:36 - [MESSAGE][PASSED] - Delayed 2 second(s)

2019-02-17 15:22:36 - [MESSAGE][PASSED] - Object: '' is clicked on

2019-02-17 15:22:37 - [MESSAGE][PASSED] - Delayed 1 second(s)

2019-02-17 15:22:38 - [MESSAGE][PASSED] - Delayed 1 second(s)

2019-02-17 15:22:39 - [MESSAGE][PASSED] - Delayed 1 second(s)

2019-02-17 15:22:40 - [MESSAGE][PASSED] - Delayed 1 second(s)

2019-02-17 15:22:42 - [MESSAGE][PASSED] - Delayed 1 second(s)

2019-02-17 15:22:43 - [MESSAGE][PASSED] - Delayed 1 second(s)

2019-02-17 15:22:44 - [MESSAGE][PASSED] - Delayed 1 second(s)

2019-02-17 15:22:45 - [MESSAGE][PASSED] - Delayed 1 second(s)

2019-02-17 15:22:46 - [MESSAGE][PASSED] - Delayed 1 second(s)

2019-02-17 15:22:46 - [MESSAGE][PASSED] - Object: '' is clicked on

2019-02-17 15:22:47 - [MESSAGE][PASSED] - Delayed 1 second(s)

2019-02-17 15:22:47 - [MESSAGE][PASSED] - Object: '' is clicked on

2019-02-17 15:22:48 - [MESSAGE][PASSED] - Delayed 1 second(s)

2019-02-17 15:22:48 - [MESSAGE][PASSED] - pk_Functions.CS_ClickingonActionButtonswithPagination.SelectRecordFromWebtableFun is PASSED

2019-02-17 15:22:48 - [TEST_STEP][PASSED] - delay(2): Delayed 2 second(s)

2019-02-17 15:22:50 - [MESSAGE][PASSED] - Delayed 2 second(s)]]></system-out>
         <system-err><![CDATA[]]></system-err>
      </testcase>
      <testcase name="Test Cases/Event Group Management/TC_Delete" classname="Test Cases/Event Group Management/TC_Delete" status="PASSED">
         <system-out><![CDATA[2019-02-17 15:22:50 - [TEST_CASE][PASSED] - Test Cases/Event Group Management/TC_Delete: Test Cases/Event Group Management/TC_Delete

2019-02-17 15:22:50 - [TEST_STEP][PASSED] - if (delete): pk_Functions.CS_ClickingonActionButtonswithPagination.SelectRecordFromWebtableFun is PASSED

2019-02-17 15:22:50 - [TEST_STEP][PASSED] - pk_Functions.CS_ClickingonActionButtonswithPagination.SelectRecordFromWebtableFun(delete, 0, 3, "Event Group Management/MOF_NE_Event Group ManagementObjectRepository", "Sheet1", code): pk_Functions.CS_ClickingonActionButtonswithPagination.SelectRecordFromWebtableFun is PASSED

2019-02-17 15:22:50 - [MESSAGE][PASSED] - Object: '' is clicked on

2019-02-17 15:22:52 - [MESSAGE][PASSED] - Delayed 2 second(s)

2019-02-17 15:22:54 - [MESSAGE][PASSED] - Delayed 2 second(s)

2019-02-17 15:22:54 - [MESSAGE][PASSED] - Attribute 'tabindex' of object '' is: '0'

2019-02-17 15:22:54 - [MESSAGE][PASSED] - Attribute 'tabindex' of object '' is: '0'

2019-02-17 15:22:56 - [MESSAGE][PASSED] - Delayed 2 second(s)

2019-02-17 15:22:57 - [MESSAGE][PASSED] - Delayed 1 second(s)

2019-02-17 15:22:58 - [MESSAGE][PASSED] - Delayed 1 second(s)

2019-02-17 15:22:59 - [MESSAGE][PASSED] - Delayed 1 second(s)

2019-02-17 15:23:01 - [MESSAGE][PASSED] - Delayed 1 second(s)

2019-02-17 15:23:02 - [MESSAGE][PASSED] - Delayed 1 second(s)

2019-02-17 15:23:03 - [MESSAGE][PASSED] - Delayed 1 second(s)

2019-02-17 15:23:04 - [MESSAGE][PASSED] - Delayed 1 second(s)

2019-02-17 15:23:05 - [MESSAGE][PASSED] - Delayed 1 second(s)

2019-02-17 15:23:06 - [MESSAGE][PASSED] - Delayed 1 second(s)

2019-02-17 15:23:07 - [MESSAGE][PASSED] - Delayed 1 second(s)

2019-02-17 15:23:08 - [MESSAGE][PASSED] - Delayed 1 second(s)

2019-02-17 15:23:09 - [MESSAGE][PASSED] - Delayed 1 second(s)

2019-02-17 15:23:10 - [MESSAGE][PASSED] - Delayed 1 second(s)

2019-02-17 15:23:10 - [MESSAGE][PASSED] - Attribute 'tabindex' of object '' is: '0'

2019-02-17 15:23:12 - [MESSAGE][PASSED] - Delayed 2 second(s)

2019-02-17 15:23:12 - [MESSAGE][PASSED] - Object: '' is clicked on

2019-02-17 15:23:13 - [MESSAGE][PASSED] - Delayed 1 second(s)

2019-02-17 15:23:14 - [MESSAGE][PASSED] - Delayed 1 second(s)

2019-02-17 15:23:15 - [MESSAGE][PASSED] - Delayed 1 second(s)

2019-02-17 15:23:16 - [MESSAGE][PASSED] - Delayed 1 second(s)

2019-02-17 15:23:17 - [MESSAGE][PASSED] - Delayed 1 second(s)

2019-02-17 15:23:18 - [MESSAGE][PASSED] - Delayed 1 second(s)

2019-02-17 15:23:19 - [MESSAGE][PASSED] - Delayed 1 second(s)

2019-02-17 15:23:20 - [MESSAGE][PASSED] - Delayed 1 second(s)

2019-02-17 15:23:21 - [MESSAGE][PASSED] - Delayed 1 second(s)

2019-02-17 15:23:22 - [MESSAGE][PASSED] - Delayed 1 second(s)

2019-02-17 15:23:24 - [MESSAGE][PASSED] - Delayed 1 second(s)

2019-02-17 15:23:24 - [MESSAGE][PASSED] - Object: '' is clicked on

2019-02-17 15:23:25 - [MESSAGE][PASSED] - Delayed 1 second(s)

2019-02-17 15:23:25 - [MESSAGE][PASSED] - Object: '' is clicked on

2019-02-17 15:23:26 - [MESSAGE][PASSED] - Delayed 1 second(s)

2019-02-17 15:23:26 - [MESSAGE][PASSED] - pk_Functions.CS_ClickingonActionButtonswithPagination.SelectRecordFromWebtableFun is PASSED

2019-02-17 15:23:26 - [TEST_STEP][PASSED] - delay(2): Delayed 2 second(s)

2019-02-17 15:23:28 - [MESSAGE][PASSED] - Delayed 2 second(s)]]></system-out>
         <system-err><![CDATA[]]></system-err>
      </testcase>
      <testcase name="Test Cases/Event Group Management/TC_Delete" classname="Test Cases/Event Group Management/TC_Delete" status="PASSED">
         <system-out><![CDATA[2019-02-17 15:23:28 - [TEST_CASE][PASSED] - Test Cases/Event Group Management/TC_Delete: Test Cases/Event Group Management/TC_Delete

2019-02-17 15:23:28 - [TEST_STEP][PASSED] - if (delete): pk_Functions.CS_ClickingonActionButtonswithPagination.SelectRecordFromWebtableFun is PASSED

2019-02-17 15:23:28 - [TEST_STEP][PASSED] - pk_Functions.CS_ClickingonActionButtonswithPagination.SelectRecordFromWebtableFun(delete, 0, 3, "Event Group Management/MOF_NE_Event Group ManagementObjectRepository", "Sheet1", code): pk_Functions.CS_ClickingonActionButtonswithPagination.SelectRecordFromWebtableFun is PASSED

2019-02-17 15:23:28 - [MESSAGE][PASSED] - Object: '' is clicked on

2019-02-17 15:23:30 - [MESSAGE][PASSED] - Delayed 2 second(s)

2019-02-17 15:23:32 - [MESSAGE][PASSED] - Delayed 2 second(s)

2019-02-17 15:23:32 - [MESSAGE][PASSED] - Attribute 'tabindex' of object '' is: '0'

2019-02-17 15:23:32 - [MESSAGE][PASSED] - Attribute 'tabindex' of object '' is: '0'

2019-02-17 15:23:34 - [MESSAGE][PASSED] - Delayed 2 second(s)

2019-02-17 15:23:35 - [MESSAGE][PASSED] - Delayed 1 second(s)

2019-02-17 15:23:36 - [MESSAGE][PASSED] - Delayed 1 second(s)

2019-02-17 15:23:37 - [MESSAGE][PASSED] - Delayed 1 second(s)

2019-02-17 15:23:38 - [MESSAGE][PASSED] - Delayed 1 second(s)

2019-02-17 15:23:40 - [MESSAGE][PASSED] - Delayed 1 second(s)

2019-02-17 15:23:41 - [MESSAGE][PASSED] - Delayed 1 second(s)

2019-02-17 15:23:42 - [MESSAGE][PASSED] - Delayed 1 second(s)

2019-02-17 15:23:43 - [MESSAGE][PASSED] - Delayed 1 second(s)

2019-02-17 15:23:44 - [MESSAGE][PASSED] - Delayed 1 second(s)

2019-02-17 15:23:45 - [MESSAGE][PASSED] - Delayed 1 second(s)

2019-02-17 15:23:46 - [MESSAGE][PASSED] - Delayed 1 second(s)

2019-02-17 15:23:47 - [MESSAGE][PASSED] - Delayed 1 second(s)

2019-02-17 15:23:48 - [MESSAGE][PASSED] - Delayed 1 second(s)

2019-02-17 15:23:48 - [MESSAGE][PASSED] - Attribute 'tabindex' of object '' is: '0'

2019-02-17 15:23:50 - [MESSAGE][PASSED] - Delayed 2 second(s)

2019-02-17 15:23:55 - [MESSAGE][PASSED] - Object: '' is clicked on

2019-02-17 15:23:56 - [MESSAGE][PASSED] - Delayed 1 second(s)

2019-02-17 15:23:57 - [MESSAGE][PASSED] - Delayed 1 second(s)

2019-02-17 15:23:58 - [MESSAGE][PASSED] - Delayed 1 second(s)

2019-02-17 15:23:59 - [MESSAGE][PASSED] - Delayed 1 second(s)

2019-02-17 15:24:00 - [MESSAGE][PASSED] - Delayed 1 second(s)

2019-02-17 15:24:01 - [MESSAGE][PASSED] - Delayed 1 second(s)

2019-02-17 15:24:02 - [MESSAGE][PASSED] - Delayed 1 second(s)

2019-02-17 15:24:03 - [MESSAGE][PASSED] - Delayed 1 second(s)

2019-02-17 15:24:04 - [MESSAGE][PASSED] - Delayed 1 second(s)

2019-02-17 15:24:05 - [MESSAGE][PASSED] - Delayed 1 second(s)

2019-02-17 15:24:06 - [MESSAGE][PASSED] - Delayed 1 second(s)

2019-02-17 15:24:08 - [MESSAGE][PASSED] - Delayed 1 second(s)

2019-02-17 15:24:09 - [MESSAGE][PASSED] - Delayed 1 second(s)

2019-02-17 15:24:09 - [MESSAGE][PASSED] - Attribute 'tabindex' of object '' is: '0'

2019-02-17 15:24:11 - [MESSAGE][PASSED] - Delayed 2 second(s)

2019-02-17 15:24:11 - [MESSAGE][PASSED] - Object: '' is clicked on

2019-02-17 15:24:12 - [MESSAGE][PASSED] - Delayed 1 second(s)

2019-02-17 15:24:13 - [MESSAGE][PASSED] - Delayed 1 second(s)

2019-02-17 15:24:14 - [MESSAGE][PASSED] - Delayed 1 second(s)

2019-02-17 15:24:15 - [MESSAGE][PASSED] - Delayed 1 second(s)

2019-02-17 15:24:16 - [MESSAGE][PASSED] - Delayed 1 second(s)

2019-02-17 15:24:17 - [MESSAGE][PASSED] - Delayed 1 second(s)

2019-02-17 15:24:18 - [MESSAGE][PASSED] - Delayed 1 second(s)

2019-02-17 15:24:19 - [MESSAGE][PASSED] - Delayed 1 second(s)

2019-02-17 15:24:20 - [MESSAGE][PASSED] - Delayed 1 second(s)

2019-02-17 15:24:21 - [MESSAGE][PASSED] - Delayed 1 second(s)

2019-02-17 15:24:22 - [MESSAGE][PASSED] - Delayed 1 second(s)

2019-02-17 15:24:23 - [MESSAGE][PASSED] - Delayed 1 second(s)

2019-02-17 15:24:24 - [MESSAGE][PASSED] - Delayed 1 second(s)

2019-02-17 15:24:24 - [MESSAGE][PASSED] - Attribute 'tabindex' of object '' is: '0'

2019-02-17 15:24:26 - [MESSAGE][PASSED] - Delayed 2 second(s)

2019-02-17 15:24:26 - [MESSAGE][PASSED] - Object: '' is clicked on

2019-02-17 15:24:27 - [MESSAGE][PASSED] - Delayed 1 second(s)

2019-02-17 15:24:28 - [MESSAGE][PASSED] - Delayed 1 second(s)

2019-02-17 15:24:29 - [MESSAGE][PASSED] - Delayed 1 second(s)

2019-02-17 15:24:30 - [MESSAGE][PASSED] - Delayed 1 second(s)

2019-02-17 15:24:30 - [MESSAGE][PASSED] - Attribute 'tabindex' of object '' is: '-1'

2019-02-17 15:24:31 - [MESSAGE][PASSED] - Delayed 1 second(s)

2019-02-17 15:24:31 - [MESSAGE][PASSED] - pk_Functions.CS_ClickingonActionButtonswithPagination.SelectRecordFromWebtableFun is PASSED

2019-02-17 15:24:31 - [TEST_STEP][PASSED] - delay(2): Delayed 2 second(s)

2019-02-17 15:24:33 - [MESSAGE][PASSED] - Delayed 2 second(s)]]></system-out>
         <system-err><![CDATA[]]></system-err>
      </testcase>
      <testcase name="Test Cases/Event Group Management/TC_Delete" classname="Test Cases/Event Group Management/TC_Delete" status="PASSED">
         <system-out><![CDATA[2019-02-17 15:24:33 - [TEST_CASE][PASSED] - Test Cases/Event Group Management/TC_Delete: Test Cases/Event Group Management/TC_Delete

2019-02-17 15:24:33 - [TEST_STEP][PASSED] - if (delete): pk_Functions.CS_ClickingonActionButtonswithPagination.SelectRecordFromWebtableFun is PASSED

2019-02-17 15:24:33 - [TEST_STEP][PASSED] - pk_Functions.CS_ClickingonActionButtonswithPagination.SelectRecordFromWebtableFun(delete, 0, 3, "Event Group Management/MOF_NE_Event Group ManagementObjectRepository", "Sheet1", code): pk_Functions.CS_ClickingonActionButtonswithPagination.SelectRecordFromWebtableFun is PASSED

2019-02-17 15:24:34 - [MESSAGE][PASSED] - Object: '' is clicked on

2019-02-17 15:24:36 - [MESSAGE][PASSED] - Delayed 2 second(s)

2019-02-17 15:24:38 - [MESSAGE][PASSED] - Delayed 2 second(s)

2019-02-17 15:24:38 - [MESSAGE][PASSED] - Attribute 'tabindex' of object '' is: '0'

2019-02-17 15:24:38 - [MESSAGE][PASSED] - Attribute 'tabindex' of object '' is: '0'

2019-02-17 15:24:40 - [MESSAGE][PASSED] - Delayed 2 second(s)

2019-02-17 15:24:41 - [MESSAGE][PASSED] - Delayed 1 second(s)

2019-02-17 15:24:42 - [MESSAGE][PASSED] - Delayed 1 second(s)

2019-02-17 15:24:43 - [MESSAGE][PASSED] - Delayed 1 second(s)

2019-02-17 15:24:44 - [MESSAGE][PASSED] - Delayed 1 second(s)

2019-02-17 15:24:45 - [MESSAGE][PASSED] - Delayed 1 second(s)

2019-02-17 15:24:46 - [MESSAGE][PASSED] - Delayed 1 second(s)

2019-02-17 15:24:47 - [MESSAGE][PASSED] - Delayed 1 second(s)

2019-02-17 15:24:48 - [MESSAGE][PASSED] - Delayed 1 second(s)

2019-02-17 15:24:49 - [MESSAGE][PASSED] - Delayed 1 second(s)

2019-02-17 15:24:50 - [MESSAGE][PASSED] - Delayed 1 second(s)

2019-02-17 15:24:51 - [MESSAGE][PASSED] - Delayed 1 second(s)

2019-02-17 15:24:52 - [MESSAGE][PASSED] - Delayed 1 second(s)

2019-02-17 15:24:53 - [MESSAGE][PASSED] - Delayed 1 second(s)

2019-02-17 15:24:53 - [MESSAGE][PASSED] - Attribute 'tabindex' of object '' is: '0'

2019-02-17 15:24:55 - [MESSAGE][PASSED] - Delayed 2 second(s)

2019-02-17 15:24:55 - [MESSAGE][PASSED] - Object: '' is clicked on

2019-02-17 15:24:56 - [MESSAGE][PASSED] - Delayed 1 second(s)

2019-02-17 15:24:57 - [MESSAGE][PASSED] - Delayed 1 second(s)

2019-02-17 15:24:58 - [MESSAGE][PASSED] - Delayed 1 second(s)

2019-02-17 15:24:59 - [MESSAGE][PASSED] - Delayed 1 second(s)

2019-02-17 15:25:00 - [MESSAGE][PASSED] - Delayed 1 second(s)

2019-02-17 15:25:01 - [MESSAGE][PASSED] - Delayed 1 second(s)

2019-02-17 15:25:03 - [MESSAGE][PASSED] - Delayed 1 second(s)

2019-02-17 15:25:04 - [MESSAGE][PASSED] - Delayed 1 second(s)

2019-02-17 15:25:05 - [MESSAGE][PASSED] - Delayed 1 second(s)

2019-02-17 15:25:06 - [MESSAGE][PASSED] - Delayed 1 second(s)

2019-02-17 15:25:07 - [MESSAGE][PASSED] - Delayed 1 second(s)

2019-02-17 15:25:07 - [MESSAGE][PASSED] - Object: '' is clicked on

2019-02-17 15:25:08 - [MESSAGE][PASSED] - Delayed 1 second(s)

2019-02-17 15:25:08 - [MESSAGE][PASSED] - Object: '' is clicked on

2019-02-17 15:25:09 - [MESSAGE][PASSED] - Delayed 1 second(s)

2019-02-17 15:25:09 - [MESSAGE][PASSED] - pk_Functions.CS_ClickingonActionButtonswithPagination.SelectRecordFromWebtableFun is PASSED

2019-02-17 15:25:09 - [TEST_STEP][PASSED] - delay(2): Delayed 2 second(s)

2019-02-17 15:25:11 - [MESSAGE][PASSED] - Delayed 2 second(s)]]></system-out>
         <system-err><![CDATA[]]></system-err>
      </testcase>
      <testcase name="Test Cases/Event Group Management/TC_Delete" classname="Test Cases/Event Group Management/TC_Delete" status="PASSED">
         <system-out><![CDATA[2019-02-17 15:25:11 - [TEST_CASE][PASSED] - Test Cases/Event Group Management/TC_Delete: Test Cases/Event Group Management/TC_Delete

2019-02-17 15:25:11 - [TEST_STEP][PASSED] - if (delete): pk_Functions.CS_ClickingonActionButtonswithPagination.SelectRecordFromWebtableFun is PASSED

2019-02-17 15:25:11 - [TEST_STEP][PASSED] - pk_Functions.CS_ClickingonActionButtonswithPagination.SelectRecordFromWebtableFun(delete, 0, 3, "Event Group Management/MOF_NE_Event Group ManagementObjectRepository", "Sheet1", code): pk_Functions.CS_ClickingonActionButtonswithPagination.SelectRecordFromWebtableFun is PASSED

2019-02-17 15:25:11 - [MESSAGE][PASSED] - Object: '' is clicked on

2019-02-17 15:25:13 - [MESSAGE][PASSED] - Delayed 2 second(s)

2019-02-17 15:25:15 - [MESSAGE][PASSED] - Delayed 2 second(s)

2019-02-17 15:25:15 - [MESSAGE][PASSED] - Attribute 'tabindex' of object '' is: '0'

2019-02-17 15:25:15 - [MESSAGE][PASSED] - Attribute 'tabindex' of object '' is: '0'

2019-02-17 15:25:17 - [MESSAGE][PASSED] - Delayed 2 second(s)

2019-02-17 15:25:18 - [MESSAGE][PASSED] - Delayed 1 second(s)

2019-02-17 15:25:19 - [MESSAGE][PASSED] - Delayed 1 second(s)

2019-02-17 15:25:20 - [MESSAGE][PASSED] - Delayed 1 second(s)

2019-02-17 15:25:22 - [MESSAGE][PASSED] - Delayed 1 second(s)

2019-02-17 15:25:23 - [MESSAGE][PASSED] - Delayed 1 second(s)

2019-02-17 15:25:24 - [MESSAGE][PASSED] - Delayed 1 second(s)

2019-02-17 15:25:25 - [MESSAGE][PASSED] - Delayed 1 second(s)

2019-02-17 15:25:26 - [MESSAGE][PASSED] - Delayed 1 second(s)

2019-02-17 15:25:27 - [MESSAGE][PASSED] - Delayed 1 second(s)

2019-02-17 15:25:28 - [MESSAGE][PASSED] - Delayed 1 second(s)

2019-02-17 15:25:29 - [MESSAGE][PASSED] - Delayed 1 second(s)

2019-02-17 15:25:30 - [MESSAGE][PASSED] - Delayed 1 second(s)

2019-02-17 15:25:31 - [MESSAGE][PASSED] - Delayed 1 second(s)

2019-02-17 15:25:31 - [MESSAGE][PASSED] - Attribute 'tabindex' of object '' is: '0'

2019-02-17 15:25:33 - [MESSAGE][PASSED] - Delayed 2 second(s)

2019-02-17 15:25:33 - [MESSAGE][PASSED] - Object: '' is clicked on

2019-02-17 15:25:34 - [MESSAGE][PASSED] - Delayed 1 second(s)

2019-02-17 15:25:35 - [MESSAGE][PASSED] - Delayed 1 second(s)

2019-02-17 15:25:36 - [MESSAGE][PASSED] - Delayed 1 second(s)

2019-02-17 15:25:37 - [MESSAGE][PASSED] - Delayed 1 second(s)

2019-02-17 15:25:38 - [MESSAGE][PASSED] - Delayed 1 second(s)

2019-02-17 15:25:39 - [MESSAGE][PASSED] - Delayed 1 second(s)

2019-02-17 15:25:40 - [MESSAGE][PASSED] - Delayed 1 second(s)

2019-02-17 15:25:41 - [MESSAGE][PASSED] - Delayed 1 second(s)

2019-02-17 15:25:42 - [MESSAGE][PASSED] - Delayed 1 second(s)

2019-02-17 15:25:43 - [MESSAGE][PASSED] - Delayed 1 second(s)

2019-02-17 15:25:44 - [MESSAGE][PASSED] - Delayed 1 second(s)

2019-02-17 15:25:46 - [MESSAGE][PASSED] - Delayed 1 second(s)

2019-02-17 15:25:47 - [MESSAGE][PASSED] - Delayed 1 second(s)

2019-02-17 15:25:47 - [MESSAGE][PASSED] - Attribute 'tabindex' of object '' is: '0'

2019-02-17 15:25:49 - [MESSAGE][PASSED] - Delayed 2 second(s)

2019-02-17 15:25:49 - [MESSAGE][PASSED] - Object: '' is clicked on

2019-02-17 15:25:50 - [MESSAGE][PASSED] - Delayed 1 second(s)

2019-02-17 15:25:51 - [MESSAGE][PASSED] - Delayed 1 second(s)

2019-02-17 15:25:52 - [MESSAGE][PASSED] - Delayed 1 second(s)

2019-02-17 15:25:53 - [MESSAGE][PASSED] - Delayed 1 second(s)

2019-02-17 15:25:54 - [MESSAGE][PASSED] - Delayed 1 second(s)

2019-02-17 15:25:55 - [MESSAGE][PASSED] - Delayed 1 second(s)

2019-02-17 15:25:56 - [MESSAGE][PASSED] - Delayed 1 second(s)

2019-02-17 15:25:57 - [MESSAGE][PASSED] - Delayed 1 second(s)

2019-02-17 15:25:58 - [MESSAGE][PASSED] - Delayed 1 second(s)

2019-02-17 15:25:59 - [MESSAGE][PASSED] - Delayed 1 second(s)

2019-02-17 15:25:59 - [MESSAGE][PASSED] - Object: '' is clicked on

2019-02-17 15:26:00 - [MESSAGE][PASSED] - Delayed 1 second(s)

2019-02-17 15:26:00 - [MESSAGE][PASSED] - Object: '' is clicked on

2019-02-17 15:26:01 - [MESSAGE][PASSED] - Delayed 1 second(s)

2019-02-17 15:26:01 - [MESSAGE][PASSED] - pk_Functions.CS_ClickingonActionButtonswithPagination.SelectRecordFromWebtableFun is PASSED

2019-02-17 15:26:01 - [TEST_STEP][PASSED] - delay(2): Delayed 2 second(s)

2019-02-17 15:26:03 - [MESSAGE][PASSED] - Delayed 2 second(s)]]></system-out>
         <system-err><![CDATA[]]></system-err>
      </testcase>
      <testcase name="Test Cases/Event Group Management/TC_Verify_Delete and Undelete" classname="Test Cases/Event Group Management/TC_Verify_Delete and Undelete" status="PASSED">
         <system-out><![CDATA[2019-02-17 15:26:03 - [TEST_CASE][PASSED] - Test Cases/Event Group Management/TC_Verify_Delete and Undelete: Test Cases/Event Group Management/TC_Verify_Delete and Undelete

2019-02-17 15:26:04 - [TEST_STEP][PASSED] - pk_Functions.CS_WebtableVerification.ValidateSearchParameters(check_Delete, "Event Group Management/MOF_NE_Event Group ManagementObjectRepository", "Sheet1", [code], 0): pk_Functions.CS_WebtableVerification.ValidateSearchParameters is PASSED

2019-02-17 15:26:07 - [MESSAGE][PASSED] - Delayed 3 second(s)

2019-02-17 15:26:09 - [MESSAGE][PASSED] - Delayed 2 second(s)

2019-02-17 15:26:09 - [MESSAGE][PASSED] - Object: '' is clicked on

2019-02-17 15:26:11 - [MESSAGE][PASSED] - Delayed 2 second(s)

2019-02-17 15:26:11 - [MESSAGE][PASSED] - Attribute 'tabindex' of object '' is: '0'

2019-02-17 15:26:12 - [MESSAGE][PASSED] - Object: '' is clicked on

2019-02-17 15:26:32 - [MESSAGE][PASSED] - Delayed 20 second(s)

2019-02-17 15:26:32 - [MESSAGE][PASSED] - pk_Functions.CS_WebtableVerification.ValidateSearchParameters is PASSED

2019-02-17 15:26:32 - [TEST_STEP][PASSED] - delay(2): Delayed 2 second(s)

2019-02-17 15:26:34 - [MESSAGE][PASSED] - Delayed 2 second(s)]]></system-out>
         <system-err><![CDATA[]]></system-err>
      </testcase>
      <testcase name="Test Cases/Event Group Management/TC_Verify_Delete and Undelete" classname="Test Cases/Event Group Management/TC_Verify_Delete and Undelete" status="PASSED">
         <system-out><![CDATA[2019-02-17 15:26:34 - [TEST_CASE][PASSED] - Test Cases/Event Group Management/TC_Verify_Delete and Undelete: Test Cases/Event Group Management/TC_Verify_Delete and Undelete

2019-02-17 15:26:34 - [TEST_STEP][PASSED] - pk_Functions.CS_WebtableVerification.ValidateSearchParameters(check_Delete, "Event Group Management/MOF_NE_Event Group ManagementObjectRepository", "Sheet1", [code], 0): pk_Functions.CS_WebtableVerification.ValidateSearchParameters is PASSED

2019-02-17 15:26:37 - [MESSAGE][PASSED] - Delayed 3 second(s)

2019-02-17 15:26:39 - [MESSAGE][PASSED] - Delayed 2 second(s)

2019-02-17 15:26:39 - [MESSAGE][PASSED] - Object: '' is clicked on

2019-02-17 15:26:41 - [MESSAGE][PASSED] - Delayed 2 second(s)

2019-02-17 15:26:42 - [MESSAGE][PASSED] - Attribute 'tabindex' of object '' is: '0'

2019-02-17 15:26:42 - [MESSAGE][PASSED] - Object: '' is clicked on

2019-02-17 15:27:02 - [MESSAGE][PASSED] - Delayed 20 second(s)

2019-02-17 15:27:02 - [MESSAGE][PASSED] - Attribute 'tabindex' of object '' is: '0'

2019-02-17 15:27:02 - [MESSAGE][PASSED] - Object: '' is clicked on

2019-02-17 15:27:22 - [MESSAGE][PASSED] - Delayed 20 second(s)

2019-02-17 15:27:23 - [MESSAGE][PASSED] - Attribute 'tabindex' of object '' is: '-1'

2019-02-17 15:27:23 - [MESSAGE][PASSED] - pk_Functions.CS_WebtableVerification.ValidateSearchParameters is PASSED

2019-02-17 15:27:23 - [TEST_STEP][PASSED] - delay(2): Delayed 2 second(s)

2019-02-17 15:27:25 - [MESSAGE][PASSED] - Delayed 2 second(s)]]></system-out>
         <system-err><![CDATA[]]></system-err>
      </testcase>
      <testcase name="Test Cases/Event Group Management/TC_Verify_Delete and Undelete" classname="Test Cases/Event Group Management/TC_Verify_Delete and Undelete" status="PASSED">
         <system-out><![CDATA[2019-02-17 15:27:25 - [TEST_CASE][PASSED] - Test Cases/Event Group Management/TC_Verify_Delete and Undelete: Test Cases/Event Group Management/TC_Verify_Delete and Undelete

2019-02-17 15:27:25 - [TEST_STEP][PASSED] - pk_Functions.CS_WebtableVerification.ValidateSearchParameters(check_Delete, "Event Group Management/MOF_NE_Event Group ManagementObjectRepository", "Sheet1", [code], 0): pk_Functions.CS_WebtableVerification.ValidateSearchParameters is PASSED

2019-02-17 15:27:28 - [MESSAGE][PASSED] - Delayed 3 second(s)

2019-02-17 15:27:30 - [MESSAGE][PASSED] - Delayed 2 second(s)

2019-02-17 15:27:30 - [MESSAGE][PASSED] - Object: '' is clicked on

2019-02-17 15:27:32 - [MESSAGE][PASSED] - Delayed 2 second(s)

2019-02-17 15:27:33 - [MESSAGE][PASSED] - Attribute 'tabindex' of object '' is: '0'

2019-02-17 15:27:33 - [MESSAGE][PASSED] - Object: '' is clicked on

2019-02-17 15:27:53 - [MESSAGE][PASSED] - Delayed 20 second(s)

2019-02-17 15:27:53 - [MESSAGE][PASSED] - Attribute 'tabindex' of object '' is: '0'

2019-02-17 15:27:53 - [MESSAGE][PASSED] - Object: '' is clicked on

2019-02-17 15:28:13 - [MESSAGE][PASSED] - Delayed 20 second(s)

2019-02-17 15:28:14 - [MESSAGE][PASSED] - Attribute 'tabindex' of object '' is: '-1'

2019-02-17 15:28:14 - [MESSAGE][PASSED] - pk_Functions.CS_WebtableVerification.ValidateSearchParameters is PASSED

2019-02-17 15:28:14 - [TEST_STEP][PASSED] - delay(2): Delayed 2 second(s)

2019-02-17 15:28:16 - [MESSAGE][PASSED] - Delayed 2 second(s)]]></system-out>
         <system-err><![CDATA[]]></system-err>
      </testcase>
      <testcase name="Test Cases/Event Group Management/TC_Verify_Delete and Undelete" classname="Test Cases/Event Group Management/TC_Verify_Delete and Undelete" status="PASSED">
         <system-out><![CDATA[2019-02-17 15:28:16 - [TEST_CASE][PASSED] - Test Cases/Event Group Management/TC_Verify_Delete and Undelete: Test Cases/Event Group Management/TC_Verify_Delete and Undelete

2019-02-17 15:28:16 - [TEST_STEP][PASSED] - pk_Functions.CS_WebtableVerification.ValidateSearchParameters(check_Delete, "Event Group Management/MOF_NE_Event Group ManagementObjectRepository", "Sheet1", [code], 0): pk_Functions.CS_WebtableVerification.ValidateSearchParameters is PASSED

2019-02-17 15:28:19 - [MESSAGE][PASSED] - Delayed 3 second(s)

2019-02-17 15:28:21 - [MESSAGE][PASSED] - Delayed 2 second(s)

2019-02-17 15:28:21 - [MESSAGE][PASSED] - Object: '' is clicked on

2019-02-17 15:28:23 - [MESSAGE][PASSED] - Delayed 2 second(s)

2019-02-17 15:28:24 - [MESSAGE][PASSED] - Attribute 'tabindex' of object '' is: '0'

2019-02-17 15:28:24 - [MESSAGE][PASSED] - Object: '' is clicked on

2019-02-17 15:28:44 - [MESSAGE][PASSED] - Delayed 20 second(s)

2019-02-17 15:28:44 - [MESSAGE][PASSED] - pk_Functions.CS_WebtableVerification.ValidateSearchParameters is PASSED

2019-02-17 15:28:44 - [TEST_STEP][PASSED] - delay(2): Delayed 2 second(s)

2019-02-17 15:28:46 - [MESSAGE][PASSED] - Delayed 2 second(s)]]></system-out>
         <system-err><![CDATA[]]></system-err>
      </testcase>
      <testcase name="Test Cases/Event Group Management/TC_Verify_Delete and Undelete" classname="Test Cases/Event Group Management/TC_Verify_Delete and Undelete" status="ERROR">
         <error type="ERROR" message="Test Cases/Event Group Management/TC_Verify_Delete and Undelete FAILED.
Reason:
org.codehaus.groovy.runtime.InvokerInvocationException: Assertion failed: 

assert Columns_row_text == []
       |                |
       [z12]            false

	at pk_Functions.CS_WebtableVerification.invokeMethod(CS_WebtableVerification.groovy)
	at com.kms.katalon.core.main.CustomKeywordDelegatingMetaClass.invokeStaticMethod(CustomKeywordDelegatingMetaClass.java:49)
	at TC_Verify_Delete and Undelete.run(TC_Verify_Delete and Undelete:17)
	at com.kms.katalon.core.main.ScriptEngine.run(ScriptEngine.java:194)
	at com.kms.katalon.core.main.ScriptEngine.runScriptAsRawText(ScriptEngine.java:119)
	at com.kms.katalon.core.main.TestCaseExecutor.runScript(TestCaseExecutor.java:328)
	at com.kms.katalon.core.main.TestCaseExecutor.doExecute(TestCaseExecutor.java:319)
	at com.kms.katalon.core.main.TestCaseExecutor.processExecutionPhase(TestCaseExecutor.java:298)
	at com.kms.katalon.core.main.TestCaseExecutor.accessMainPhase(TestCaseExecutor.java:290)
	at com.kms.katalon.core.main.TestCaseExecutor.execute(TestCaseExecutor.java:224)
	at com.kms.katalon.core.main.TestSuiteExecutor.accessTestCaseMainPhase(TestSuiteExecutor.java:129)
	at com.kms.katalon.core.main.TestSuiteExecutor.accessTestSuiteMainPhase(TestSuiteExecutor.java:112)
	at com.kms.katalon.core.main.TestSuiteExecutor.execute(TestSuiteExecutor.java:81)
	at com.kms.katalon.core.main.TestCaseMain.startTestSuite(TestCaseMain.java:149)
	at com.kms.katalon.core.main.TestCaseMain$startTestSuite$0.call(Unknown Source)
	at TempTestSuite1550409711248.run(TempTestSuite1550409711248.groovy:36)
Caused by: Assertion failed: 

assert Columns_row_text == []
       |                |
       [z12]            false

	at pk_Functions.CS_WebtableVerification.ValidateSearchParameters(CS_WebtableVerification.groovy:140)
	at pk_Functions.CS_WebtableVerification.invokeMethod(CS_WebtableVerification.groovy)
	at com.kms.katalon.core.main.CustomKeywordDelegatingMetaClass.invokeStaticMethod(CustomKeywordDelegatingMetaClass.java:49)
	at Script1549365331861.run(Script1549365331861.groovy:17)
	... 13 more
"/>
         <system-out><![CDATA[2019-02-17 15:28:46 - [TEST_CASE][ERROR] - Test Cases/Event Group Management/TC_Verify_Delete and Undelete: Test Cases/Event Group Management/TC_Verify_Delete and Undelete FAILED.
Reason:
org.codehaus.groovy.runtime.InvokerInvocationException: Assertion failed: 

assert Columns_row_text == []
       |                |
       [z12]            false

	at pk_Functions.CS_WebtableVerification.invokeMethod(CS_WebtableVerification.groovy)
	at com.kms.katalon.core.main.CustomKeywordDelegatingMetaClass.invokeStaticMethod(CustomKeywordDelegatingMetaClass.java:49)
	at TC_Verify_Delete and Undelete.run(TC_Verify_Delete and Undelete:17)
	at com.kms.katalon.core.main.ScriptEngine.run(ScriptEngine.java:194)
	at com.kms.katalon.core.main.ScriptEngine.runScriptAsRawText(ScriptEngine.java:119)
	at com.kms.katalon.core.main.TestCaseExecutor.runScript(TestCaseExecutor.java:328)
	at com.kms.katalon.core.main.TestCaseExecutor.doExecute(TestCaseExecutor.java:319)
	at com.kms.katalon.core.main.TestCaseExecutor.processExecutionPhase(TestCaseExecutor.java:298)
	at com.kms.katalon.core.main.TestCaseExecutor.accessMainPhase(TestCaseExecutor.java:290)
	at com.kms.katalon.core.main.TestCaseExecutor.execute(TestCaseExecutor.java:224)
	at com.kms.katalon.core.main.TestSuiteExecutor.accessTestCaseMainPhase(TestSuiteExecutor.java:129)
	at com.kms.katalon.core.main.TestSuiteExecutor.accessTestSuiteMainPhase(TestSuiteExecutor.java:112)
	at com.kms.katalon.core.main.TestSuiteExecutor.execute(TestSuiteExecutor.java:81)
	at com.kms.katalon.core.main.TestCaseMain.startTestSuite(TestCaseMain.java:149)
	at com.kms.katalon.core.main.TestCaseMain$startTestSuite$0.call(Unknown Source)
	at TempTestSuite1550409711248.run(TempTestSuite1550409711248.groovy:36)
Caused by: Assertion failed: 

assert Columns_row_text == []
       |                |
       [z12]            false

	at pk_Functions.CS_WebtableVerification.ValidateSearchParameters(CS_WebtableVerification.groovy:140)
	at pk_Functions.CS_WebtableVerification.invokeMethod(CS_WebtableVerification.groovy)
	at com.kms.katalon.core.main.CustomKeywordDelegatingMetaClass.invokeStaticMethod(CustomKeywordDelegatingMetaClass.java:49)
	at Script1549365331861.run(Script1549365331861.groovy:17)
	... 13 more


2019-02-17 15:28:46 - [TEST_STEP][ERROR] - pk_Functions.CS_WebtableVerification.ValidateSearchParameters(check_Delete, "Event Group Management/MOF_NE_Event Group ManagementObjectRepository", "Sheet1", [code], 0): pk_Functions.CS_WebtableVerification.ValidateSearchParameters(check_Delete, "Event Group Management/MOF_NE_Event Group ManagementObjectRepository", "Sheet1", [code], 0) FAILED.
Reason:
org.codehaus.groovy.runtime.InvokerInvocationException: Assertion failed: 

assert Columns_row_text == []
       |                |
       [z12]            false

	at pk_Functions.CS_WebtableVerification.invokeMethod(CS_WebtableVerification.groovy)
	at com.kms.katalon.core.main.CustomKeywordDelegatingMetaClass.invokeStaticMethod(CustomKeywordDelegatingMetaClass.java:49)
	at TC_Verify_Delete and Undelete.run(TC_Verify_Delete and Undelete:17)
	at com.kms.katalon.core.main.ScriptEngine.run(ScriptEngine.java:194)
	at com.kms.katalon.core.main.ScriptEngine.runScriptAsRawText(ScriptEngine.java:119)
	at com.kms.katalon.core.main.TestCaseExecutor.runScript(TestCaseExecutor.java:328)
	at com.kms.katalon.core.main.TestCaseExecutor.doExecute(TestCaseExecutor.java:319)
	at com.kms.katalon.core.main.TestCaseExecutor.processExecutionPhase(TestCaseExecutor.java:298)
	at com.kms.katalon.core.main.TestCaseExecutor.accessMainPhase(TestCaseExecutor.java:290)
	at com.kms.katalon.core.main.TestCaseExecutor.execute(TestCaseExecutor.java:224)
	at com.kms.katalon.core.main.TestSuiteExecutor.accessTestCaseMainPhase(TestSuiteExecutor.java:129)
	at com.kms.katalon.core.main.TestSuiteExecutor.accessTestSuiteMainPhase(TestSuiteExecutor.java:112)
	at com.kms.katalon.core.main.TestSuiteExecutor.execute(TestSuiteExecutor.java:81)
	at com.kms.katalon.core.main.TestCaseMain.startTestSuite(TestCaseMain.java:149)
	at com.kms.katalon.core.main.TestCaseMain$startTestSuite$0.call(Unknown Source)
	at TempTestSuite1550409711248.run(TempTestSuite1550409711248.groovy:36)
Caused by: Assertion failed: 

assert Columns_row_text == []
       |                |
       [z12]            false

	at pk_Functions.CS_WebtableVerification.ValidateSearchParameters(CS_WebtableVerification.groovy:140)
	at pk_Functions.CS_WebtableVerification.invokeMethod(CS_WebtableVerification.groovy)
	at com.kms.katalon.core.main.CustomKeywordDelegatingMetaClass.invokeStaticMethod(CustomKeywordDelegatingMetaClass.java:49)
	at Script1549365331861.run(Script1549365331861.groovy:17)
	... 13 more


2019-02-17 15:28:49 - [MESSAGE][PASSED] - Delayed 3 second(s)

2019-02-17 15:28:51 - [MESSAGE][PASSED] - Delayed 2 second(s)

2019-02-17 15:28:51 - [MESSAGE][PASSED] - Object: '' is clicked on

2019-02-17 15:28:53 - [MESSAGE][PASSED] - Delayed 2 second(s)

2019-02-17 15:28:54 - [MESSAGE][PASSED] - Attribute 'tabindex' of object '' is: '0'

2019-02-17 15:28:54 - [MESSAGE][PASSED] - Object: '' is clicked on

2019-02-17 15:29:14 - [MESSAGE][PASSED] - Delayed 20 second(s)

2019-02-17 15:29:15 - [MESSAGE][PASSED] - Attribute 'tabindex' of object '' is: '0'

2019-02-17 15:29:15 - [MESSAGE][PASSED] - Object: '' is clicked on

2019-02-17 15:29:35 - [MESSAGE][PASSED] - Delayed 20 second(s)

2019-02-17 15:29:35 - [MESSAGE][FAILED] - Assertion failed: 

assert Columns_row_text == []
       |                |
       [z12]            false


2019-02-17 15:29:35 - [MESSAGE][ERROR] - pk_Functions.CS_WebtableVerification.ValidateSearchParameters(check_Delete, "Event Group Management/MOF_NE_Event Group ManagementObjectRepository", "Sheet1", [code], 0) FAILED.
Reason:
org.codehaus.groovy.runtime.InvokerInvocationException: Assertion failed: 

assert Columns_row_text == []
       |                |
       [z12]            false

	at pk_Functions.CS_WebtableVerification.invokeMethod(CS_WebtableVerification.groovy)
	at com.kms.katalon.core.main.CustomKeywordDelegatingMetaClass.invokeStaticMethod(CustomKeywordDelegatingMetaClass.java:49)
	at TC_Verify_Delete and Undelete.run(TC_Verify_Delete and Undelete:17)
	at com.kms.katalon.core.main.ScriptEngine.run(ScriptEngine.java:194)
	at com.kms.katalon.core.main.ScriptEngine.runScriptAsRawText(ScriptEngine.java:119)
	at com.kms.katalon.core.main.TestCaseExecutor.runScript(TestCaseExecutor.java:328)
	at com.kms.katalon.core.main.TestCaseExecutor.doExecute(TestCaseExecutor.java:319)
	at com.kms.katalon.core.main.TestCaseExecutor.processExecutionPhase(TestCaseExecutor.java:298)
	at com.kms.katalon.core.main.TestCaseExecutor.accessMainPhase(TestCaseExecutor.java:290)
	at com.kms.katalon.core.main.TestCaseExecutor.execute(TestCaseExecutor.java:224)
	at com.kms.katalon.core.main.TestSuiteExecutor.accessTestCaseMainPhase(TestSuiteExecutor.java:129)
	at com.kms.katalon.core.main.TestSuiteExecutor.accessTestSuiteMainPhase(TestSuiteExecutor.java:112)
	at com.kms.katalon.core.main.TestSuiteExecutor.execute(TestSuiteExecutor.java:81)
	at com.kms.katalon.core.main.TestCaseMain.startTestSuite(TestCaseMain.java:149)
	at com.kms.katalon.core.main.TestCaseMain$startTestSuite$0.call(Unknown Source)
	at TempTestSuite1550409711248.run(TempTestSuite1550409711248.groovy:36)
Caused by: Assertion failed: 

assert Columns_row_text == []
       |                |
       [z12]            false

	at pk_Functions.CS_WebtableVerification.ValidateSearchParameters(CS_WebtableVerification.groovy:140)
	at pk_Functions.CS_WebtableVerification.invokeMethod(CS_WebtableVerification.groovy)
	at com.kms.katalon.core.main.CustomKeywordDelegatingMetaClass.invokeStaticMethod(CustomKeywordDelegatingMetaClass.java:49)
	at Script1549365331861.run(Script1549365331861.groovy:17)
	... 13 more]]></system-out>
         <system-err><![CDATA[2019-02-17 15:28:46 - [TEST_CASE][ERROR] - Test Cases/Event Group Management/TC_Verify_Delete and Undelete: Test Cases/Event Group Management/TC_Verify_Delete and Undelete FAILED.
Reason:
org.codehaus.groovy.runtime.InvokerInvocationException: Assertion failed: 

assert Columns_row_text == []
       |                |
       [z12]            false

	at pk_Functions.CS_WebtableVerification.invokeMethod(CS_WebtableVerification.groovy)
	at com.kms.katalon.core.main.CustomKeywordDelegatingMetaClass.invokeStaticMethod(CustomKeywordDelegatingMetaClass.java:49)
	at TC_Verify_Delete and Undelete.run(TC_Verify_Delete and Undelete:17)
	at com.kms.katalon.core.main.ScriptEngine.run(ScriptEngine.java:194)
	at com.kms.katalon.core.main.ScriptEngine.runScriptAsRawText(ScriptEngine.java:119)
	at com.kms.katalon.core.main.TestCaseExecutor.runScript(TestCaseExecutor.java:328)
	at com.kms.katalon.core.main.TestCaseExecutor.doExecute(TestCaseExecutor.java:319)
	at com.kms.katalon.core.main.TestCaseExecutor.processExecutionPhase(TestCaseExecutor.java:298)
	at com.kms.katalon.core.main.TestCaseExecutor.accessMainPhase(TestCaseExecutor.java:290)
	at com.kms.katalon.core.main.TestCaseExecutor.execute(TestCaseExecutor.java:224)
	at com.kms.katalon.core.main.TestSuiteExecutor.accessTestCaseMainPhase(TestSuiteExecutor.java:129)
	at com.kms.katalon.core.main.TestSuiteExecutor.accessTestSuiteMainPhase(TestSuiteExecutor.java:112)
	at com.kms.katalon.core.main.TestSuiteExecutor.execute(TestSuiteExecutor.java:81)
	at com.kms.katalon.core.main.TestCaseMain.startTestSuite(TestCaseMain.java:149)
	at com.kms.katalon.core.main.TestCaseMain$startTestSuite$0.call(Unknown Source)
	at TempTestSuite1550409711248.run(TempTestSuite1550409711248.groovy:36)
Caused by: Assertion failed: 

assert Columns_row_text == []
       |                |
       [z12]            false

	at pk_Functions.CS_WebtableVerification.ValidateSearchParameters(CS_WebtableVerification.groovy:140)
	at pk_Functions.CS_WebtableVerification.invokeMethod(CS_WebtableVerification.groovy)
	at com.kms.katalon.core.main.CustomKeywordDelegatingMetaClass.invokeStaticMethod(CustomKeywordDelegatingMetaClass.java:49)
	at Script1549365331861.run(Script1549365331861.groovy:17)
	... 13 more]]></system-err>
      </testcase>
      <system-out><![CDATA[2019-02-17 15:21:53 - [TEST_SUITE][ERROR] - TS_EGMFullScenario: Test Cases/Event Group Management/TC_Verify_Delete and Undelete FAILED.
Reason:
org.codehaus.groovy.runtime.InvokerInvocationException: Assertion failed: 

assert Columns_row_text == []
       |                |
       [z12]            false

	at pk_Functions.CS_WebtableVerification.invokeMethod(CS_WebtableVerification.groovy)
	at com.kms.katalon.core.main.CustomKeywordDelegatingMetaClass.invokeStaticMethod(CustomKeywordDelegatingMetaClass.java:49)
	at TC_Verify_Delete and Undelete.run(TC_Verify_Delete and Undelete:17)
	at com.kms.katalon.core.main.ScriptEngine.run(ScriptEngine.java:194)
	at com.kms.katalon.core.main.ScriptEngine.runScriptAsRawText(ScriptEngine.java:119)
	at com.kms.katalon.core.main.TestCaseExecutor.runScript(TestCaseExecutor.java:328)
	at com.kms.katalon.core.main.TestCaseExecutor.doExecute(TestCaseExecutor.java:319)
	at com.kms.katalon.core.main.TestCaseExecutor.processExecutionPhase(TestCaseExecutor.java:298)
	at com.kms.katalon.core.main.TestCaseExecutor.accessMainPhase(TestCaseExecutor.java:290)
	at com.kms.katalon.core.main.TestCaseExecutor.execute(TestCaseExecutor.java:224)
	at com.kms.katalon.core.main.TestSuiteExecutor.accessTestCaseMainPhase(TestSuiteExecutor.java:129)
	at com.kms.katalon.core.main.TestSuiteExecutor.accessTestSuiteMainPhase(TestSuiteExecutor.java:112)
	at com.kms.katalon.core.main.TestSuiteExecutor.execute(TestSuiteExecutor.java:81)
	at com.kms.katalon.core.main.TestCaseMain.startTestSuite(TestCaseMain.java:149)
	at com.kms.katalon.core.main.TestCaseMain$startTestSuite$0.call(Unknown Source)
	at TempTestSuite1550409711248.run(TempTestSuite1550409711248.groovy:36)
Caused by: Assertion failed: 

assert Columns_row_text == []
       |                |
       [z12]            false

	at pk_Functions.CS_WebtableVerification.ValidateSearchParameters(CS_WebtableVerification.groovy:140)
	at pk_Functions.CS_WebtableVerification.invokeMethod(CS_WebtableVerification.groovy)
	at com.kms.katalon.core.main.CustomKeywordDelegatingMetaClass.invokeStaticMethod(CustomKeywordDelegatingMetaClass.java:49)
	at Script1549365331861.run(Script1549365331861.groovy:17)
	... 13 more]]></system-out>
      <system-err><![CDATA[2019-02-17 15:21:53 - [TEST_SUITE][ERROR] - TS_EGMFullScenario: Test Cases/Event Group Management/TC_Verify_Delete and Undelete FAILED.
Reason:
org.codehaus.groovy.runtime.InvokerInvocationException: Assertion failed: 

assert Columns_row_text == []
       |                |
       [z12]            false

	at pk_Functions.CS_WebtableVerification.invokeMethod(CS_WebtableVerification.groovy)
	at com.kms.katalon.core.main.CustomKeywordDelegatingMetaClass.invokeStaticMethod(CustomKeywordDelegatingMetaClass.java:49)
	at TC_Verify_Delete and Undelete.run(TC_Verify_Delete and Undelete:17)
	at com.kms.katalon.core.main.ScriptEngine.run(ScriptEngine.java:194)
	at com.kms.katalon.core.main.ScriptEngine.runScriptAsRawText(ScriptEngine.java:119)
	at com.kms.katalon.core.main.TestCaseExecutor.runScript(TestCaseExecutor.java:328)
	at com.kms.katalon.core.main.TestCaseExecutor.doExecute(TestCaseExecutor.java:319)
	at com.kms.katalon.core.main.TestCaseExecutor.processExecutionPhase(TestCaseExecutor.java:298)
	at com.kms.katalon.core.main.TestCaseExecutor.accessMainPhase(TestCaseExecutor.java:290)
	at com.kms.katalon.core.main.TestCaseExecutor.execute(TestCaseExecutor.java:224)
	at com.kms.katalon.core.main.TestSuiteExecutor.accessTestCaseMainPhase(TestSuiteExecutor.java:129)
	at com.kms.katalon.core.main.TestSuiteExecutor.accessTestSuiteMainPhase(TestSuiteExecutor.java:112)
	at com.kms.katalon.core.main.TestSuiteExecutor.execute(TestSuiteExecutor.java:81)
	at com.kms.katalon.core.main.TestCaseMain.startTestSuite(TestCaseMain.java:149)
	at com.kms.katalon.core.main.TestCaseMain$startTestSuite$0.call(Unknown Source)
	at TempTestSuite1550409711248.run(TempTestSuite1550409711248.groovy:36)
Caused by: Assertion failed: 

assert Columns_row_text == []
       |                |
       [z12]            false

	at pk_Functions.CS_WebtableVerification.ValidateSearchParameters(CS_WebtableVerification.groovy:140)
	at pk_Functions.CS_WebtableVerification.invokeMethod(CS_WebtableVerification.groovy)
	at com.kms.katalon.core.main.CustomKeywordDelegatingMetaClass.invokeStaticMethod(CustomKeywordDelegatingMetaClass.java:49)
	at Script1549365331861.run(Script1549365331861.groovy:17)
	... 13 more]]></system-err>
   </testsuite>
</testsuites>
