<?xml version="1.0" encoding="UTF-8"?>
<testsuites name="TS_ClickUpdate_Delete" time="65" tests="6" failures="0" errors="0">
   <testsuite name="TS_ClickUpdate_Delete" tests="6" failures="0" errors="0" time="65" timestamp="2019-02-10 11:21:45" hostname="Ebtehal Gamal Yusuf - LPALXY0199.ejadaalex.local" id="Test Suites/Event Group Management/TS_ClickUpdate_Delete">
      <properties>
         <property name="deviceName" value=""/>
         <property name="devicePlatform" value=""/>
         <property name="logFolder" value="C:\\Users\\Administrator\\git\\MOF\\Reports\\Event Group Management\\TS_ClickUpdate_Delete\\20190210_112140"/>
         <property name="logFiles" value="C:\\Users\\Administrator\\git\\MOF\\Reports\\Event Group Management\\TS_ClickUpdate_Delete\\20190210_112140\\execution0.log"/>
         <property name="attachments" value=""/>
         <property name="hostName" value="Ebtehal Gamal Yusuf - LPALXY0199.ejadaalex.local"/>
         <property name="os" value="Windows 7 64bit"/>
         <property name="katalonVersion" value="5.10.1.1"/>
         <property name="browser" value="Chrome 71.0.3578.98"/>
         <property name="hostAddress" value="192.168.3.51"/>
         <property name="sessionId" value="cbb2ac60281112f82abf4a033088f0c2"/>
         <property name="seleniumVersion" value="3.7.1"/>
         <property name="proxyInformation" value="ProxyInformation{proxyOption=NO_PROXY, proxyServerType=HTTP, password=, proxyServerAddress=, proxyServerPort=0}"/>
         <property name="platform" value="Windows 7"/>
      </properties>
      <testcase name="Test Cases/TC_Login" classname="Test Cases/TC_Login" status="PASSED">
         <system-out><![CDATA[2019-02-10 11:21:45 - [TEST_CASE][PASSED] - Test Cases/TC_Login: Test Cases/TC_Login

2019-02-10 11:21:46 - [TEST_STEP][PASSED] - pk_Functions.CS_Login.LoginFun(findTestObject(null), "http://192.168.0.190:8080/mof/#/", findTestObject("Login/Username"), findTestObject("Login/Password"), "AAttia", "123", findTestObject("Login/Login")): pk_Functions.CS_Login.LoginFun is PASSED

2019-02-10 11:21:46 - [MESSAGE][WARNING] - Test object id is null

2019-02-10 11:21:47 - [MESSAGE][INFO] - Starting 'Chrome' driver

2019-02-10 11:21:47 - [MESSAGE][INFO] - Action delay is set to 0 seconds

2019-02-10 11:22:04 - [MESSAGE][PASSED] - Browser is opened with url: 'http://192.168.0.190:8080/mof/#/'

2019-02-10 11:22:05 - [MESSAGE][PASSED] - Text 'AAttia' is set on object 'Object Repository/Login/Username'

2019-02-10 11:22:05 - [MESSAGE][PASSED] - Text '123' is set on object 'Object Repository/Login/Password'

2019-02-10 11:22:05 - [MESSAGE][PASSED] - Object: 'Object Repository/Login/Login' is clicked on

2019-02-10 11:22:05 - [MESSAGE][PASSED] - pk_Functions.CS_Login.LoginFun is PASSED]]></system-out>
         <system-err><![CDATA[]]></system-err>
      </testcase>
      <testcase name="Test Cases/Event Group Management/TC_Select_Screen" classname="Test Cases/Event Group Management/TC_Select_Screen" status="PASSED">
         <system-out><![CDATA[2019-02-10 11:22:05 - [TEST_CASE][PASSED] - Test Cases/Event Group Management/TC_Select_Screen: Test Cases/Event Group Management/TC_Select_Screen

2019-02-10 11:22:05 - [TEST_STEP][PASSED] - click(findTestObject("NE_SideMenu")): Object: 'Object Repository/NE_SideMenu' is clicked on

2019-02-10 11:22:07 - [MESSAGE][PASSED] - Object: 'Object Repository/NE_SideMenu' is clicked on

2019-02-10 11:22:07 - [TEST_STEP][PASSED] - click(findTestObject("NE_EventGroupManagement")): Object: 'Object Repository/NE_EventGroupManagement' is clicked on

2019-02-10 11:22:07 - [MESSAGE][PASSED] - Object: 'Object Repository/NE_EventGroupManagement' is clicked on

2019-02-10 11:22:07 - [TEST_STEP][PASSED] - click(findTestObject("Event Group Managemnt/BTN_Search")): Object: 'Object Repository/Event Group Managemnt/BTN_Search' is clicked on

2019-02-10 11:22:07 - [MESSAGE][PASSED] - Object: 'Object Repository/Event Group Managemnt/BTN_Search' is clicked on

2019-02-10 11:22:07 - [TEST_STEP][PASSED] - delay(2): Delayed 2 second(s)

2019-02-10 11:22:10 - [MESSAGE][PASSED] - Delayed 2 second(s)]]></system-out>
         <system-err><![CDATA[]]></system-err>
      </testcase>
      <testcase name="Test Cases/Event Group Management/TC_Update and Delete test" classname="Test Cases/Event Group Management/TC_Update and Delete test" status="PASSED">
         <system-out><![CDATA[2019-02-10 11:22:10 - [TEST_CASE][PASSED] - Test Cases/Event Group Management/TC_Update and Delete test: Test Cases/Event Group Management/TC_Update and Delete test

2019-02-10 11:22:10 - [TEST_STEP][PASSED] - delay(1): Delayed 1 second(s)

2019-02-10 11:22:11 - [MESSAGE][PASSED] - Delayed 1 second(s)

2019-02-10 11:22:11 - [TEST_STEP][PASSED] - pk_Functions.CS_ClickingonUpdateorDeletebutton_Fulltabl.SelectRecordFromWebtableFun(ActionType, 0, 3, "Event Group Management/MOF_NE_Event Group ManagementObjectRepository", "Sheet1", Code): pk_Functions.CS_ClickingonUpdateorDeletebutton_Fulltabl.SelectRecordFromWebtableFun is PASSED

2019-02-10 11:22:18 - [MESSAGE][PASSED] - Delayed 6 second(s)

2019-02-10 11:22:18 - [MESSAGE][PASSED] - Attribute 'tabindex' of object '' is: '0'

2019-02-10 11:22:18 - [MESSAGE][PASSED] - Attribute 'tabindex' of object '' is: '0'

2019-02-10 11:22:20 - [MESSAGE][PASSED] - Delayed 2 second(s)

2019-02-10 11:22:20 - [MESSAGE][PASSED] - Object: '' is clicked on

2019-02-10 11:22:23 - [MESSAGE][PASSED] - Delayed 3 second(s)

2019-02-10 11:22:26 - [MESSAGE][PASSED] - Delayed 3 second(s)

2019-02-10 11:22:28 - [MESSAGE][PASSED] - Delayed 2 second(s)

2019-02-10 11:22:28 - [MESSAGE][PASSED] - Attribute 'tabindex' of object '' is: '-1'

2019-02-10 11:22:28 - [MESSAGE][PASSED] - pk_Functions.CS_ClickingonUpdateorDeletebutton_Fulltabl.SelectRecordFromWebtableFun is PASSED

2019-02-10 11:22:28 - [TEST_STEP][NOT_RUN] - if (ActionType == "Update"): NOT_RUN: if (ActionType == "Update")

2019-02-10 11:22:28 - [MESSAGE][NOT_RUN] - NOT_RUN: if (ActionType == "Update")]]></system-out>
         <system-err><![CDATA[]]></system-err>
      </testcase>
      <testcase name="Test Cases/Event Group Management/TC_Update and Delete test" classname="Test Cases/Event Group Management/TC_Update and Delete test" status="PASSED">
         <system-out><![CDATA[2019-02-10 11:22:29 - [TEST_CASE][PASSED] - Test Cases/Event Group Management/TC_Update and Delete test: Test Cases/Event Group Management/TC_Update and Delete test

2019-02-10 11:22:29 - [TEST_STEP][PASSED] - delay(1): Delayed 1 second(s)

2019-02-10 11:22:30 - [MESSAGE][PASSED] - Delayed 1 second(s)

2019-02-10 11:22:30 - [TEST_STEP][PASSED] - pk_Functions.CS_ClickingonUpdateorDeletebutton_Fulltabl.SelectRecordFromWebtableFun(ActionType, 0, 3, "Event Group Management/MOF_NE_Event Group ManagementObjectRepository", "Sheet1", Code): pk_Functions.CS_ClickingonUpdateorDeletebutton_Fulltabl.SelectRecordFromWebtableFun is PASSED

2019-02-10 11:22:36 - [MESSAGE][PASSED] - Delayed 6 second(s)

2019-02-10 11:22:36 - [MESSAGE][PASSED] - Attribute 'tabindex' of object '' is: '-1'

2019-02-10 11:22:36 - [MESSAGE][PASSED] - Attribute 'tabindex' of object '' is: '-1'

2019-02-10 11:22:36 - [MESSAGE][PASSED] - pk_Functions.CS_ClickingonUpdateorDeletebutton_Fulltabl.SelectRecordFromWebtableFun is PASSED

2019-02-10 11:22:36 - [TEST_STEP][NOT_RUN] - if (ActionType == "Update"): NOT_RUN: if (ActionType == "Update")

2019-02-10 11:22:36 - [MESSAGE][NOT_RUN] - NOT_RUN: if (ActionType == "Update")]]></system-out>
         <system-err><![CDATA[]]></system-err>
      </testcase>
      <testcase name="Test Cases/Event Group Management/TC_Update and Delete test" classname="Test Cases/Event Group Management/TC_Update and Delete test" status="PASSED">
         <system-out><![CDATA[2019-02-10 11:22:36 - [TEST_CASE][PASSED] - Test Cases/Event Group Management/TC_Update and Delete test: Test Cases/Event Group Management/TC_Update and Delete test

2019-02-10 11:22:36 - [TEST_STEP][PASSED] - delay(1): Delayed 1 second(s)

2019-02-10 11:22:37 - [MESSAGE][PASSED] - Delayed 1 second(s)

2019-02-10 11:22:37 - [TEST_STEP][PASSED] - pk_Functions.CS_ClickingonUpdateorDeletebutton_Fulltabl.SelectRecordFromWebtableFun(ActionType, 0, 3, "Event Group Management/MOF_NE_Event Group ManagementObjectRepository", "Sheet1", Code): pk_Functions.CS_ClickingonUpdateorDeletebutton_Fulltabl.SelectRecordFromWebtableFun is PASSED

2019-02-10 11:22:43 - [MESSAGE][PASSED] - Delayed 6 second(s)

2019-02-10 11:22:43 - [MESSAGE][PASSED] - Attribute 'tabindex' of object '' is: '-1'

2019-02-10 11:22:43 - [MESSAGE][PASSED] - Attribute 'tabindex' of object '' is: '-1'

2019-02-10 11:22:43 - [MESSAGE][PASSED] - pk_Functions.CS_ClickingonUpdateorDeletebutton_Fulltabl.SelectRecordFromWebtableFun is PASSED

2019-02-10 11:22:43 - [TEST_STEP][NOT_RUN] - if (ActionType == "Update"): NOT_RUN: if (ActionType == "Update")

2019-02-10 11:22:43 - [MESSAGE][NOT_RUN] - NOT_RUN: if (ActionType == "Update")]]></system-out>
         <system-err><![CDATA[]]></system-err>
      </testcase>
      <testcase name="Test Cases/Event Group Management/TC_Update and Delete test" classname="Test Cases/Event Group Management/TC_Update and Delete test" status="PASSED">
         <system-out><![CDATA[2019-02-10 11:22:43 - [TEST_CASE][PASSED] - Test Cases/Event Group Management/TC_Update and Delete test: Test Cases/Event Group Management/TC_Update and Delete test

2019-02-10 11:22:43 - [TEST_STEP][PASSED] - delay(1): Delayed 1 second(s)

2019-02-10 11:22:44 - [MESSAGE][PASSED] - Delayed 1 second(s)

2019-02-10 11:22:44 - [TEST_STEP][PASSED] - pk_Functions.CS_ClickingonUpdateorDeletebutton_Fulltabl.SelectRecordFromWebtableFun(ActionType, 0, 3, "Event Group Management/MOF_NE_Event Group ManagementObjectRepository", "Sheet1", Code): pk_Functions.CS_ClickingonUpdateorDeletebutton_Fulltabl.SelectRecordFromWebtableFun is PASSED

2019-02-10 11:22:50 - [MESSAGE][PASSED] - Delayed 6 second(s)

2019-02-10 11:22:50 - [MESSAGE][PASSED] - Attribute 'tabindex' of object '' is: '-1'

2019-02-10 11:22:50 - [MESSAGE][PASSED] - Attribute 'tabindex' of object '' is: '-1'

2019-02-10 11:22:50 - [MESSAGE][PASSED] - pk_Functions.CS_ClickingonUpdateorDeletebutton_Fulltabl.SelectRecordFromWebtableFun is PASSED

2019-02-10 11:22:50 - [TEST_STEP][NOT_RUN] - if (ActionType == "Update"): NOT_RUN: if (ActionType == "Update")

2019-02-10 11:22:50 - [MESSAGE][NOT_RUN] - NOT_RUN: if (ActionType == "Update")]]></system-out>
         <system-err><![CDATA[]]></system-err>
      </testcase>
      <system-out><![CDATA[2019-02-10 11:21:45 - [TEST_SUITE][PASSED] - TS_ClickUpdate_Delete: Test Cases/Event Group Management/TC_Update and Delete test]]></system-out>
      <system-err><![CDATA[]]></system-err>
   </testsuite>
</testsuites>
