<?xml version="1.0" encoding="UTF-8"?>
<testsuites name="TS_EGMFullScenario" time="94" tests="5" failures="2" errors="0">
   <testsuite name="TS_EGMFullScenario" tests="5" failures="2" errors="0" time="94" timestamp="2019-02-14 12:29:31" hostname="aeibrahim - LPALXY0477.ejadaalex.local" id="Test Suites/Event Group Management/TS_EGMFullScenario">
      <properties>
         <property name="deviceName" value=""/>
         <property name="devicePlatform" value=""/>
         <property name="logFolder" value="C:\\Users\\aeibrahim\\git\\MOF\\Reports\\Event Group Management\\TS_EGMFullScenario\\20190214_122928"/>
         <property name="logFiles" value="C:\\Users\\aeibrahim\\git\\MOF\\Reports\\Event Group Management\\TS_EGMFullScenario\\20190214_122928\\execution0.log"/>
         <property name="attachments" value="C:\\Users\\aeibrahim\\git\\MOF\\Reports\\Event Group Management\\TS_EGMFullScenario\\20190214_122928\\1550140227598.png, C:\\Users\\aeibrahim\\git\\MOF\\Reports\\Event Group Management\\TS_EGMFullScenario\\20190214_122928\\1550140259096.png"/>
         <property name="hostName" value="aeibrahim - LPALXY0477.ejadaalex.local"/>
         <property name="os" value="Windows 10 64bit"/>
         <property name="katalonVersion" value="5.10.1.1"/>
         <property name="browser" value="Chrome 71.0.3578.98"/>
         <property name="hostAddress" value="192.168.3.64"/>
         <property name="sessionId" value="edadf5b581137d6726e160ec856733b5"/>
         <property name="seleniumVersion" value="3.7.1"/>
         <property name="proxyInformation" value="ProxyInformation{proxyOption=NO_PROXY, proxyServerType=HTTP, password=, proxyServerAddress=, proxyServerPort=0}"/>
         <property name="platform" value="Windows 10"/>
      </properties>
      <testcase name="Test Cases/TC_Login" classname="Test Cases/TC_Login" status="PASSED">
         <system-out><![CDATA[2019-02-14 12:29:31 - [TEST_CASE][PASSED] - Test Cases/TC_Login: Test Cases/TC_Login

2019-02-14 12:29:32 - [TEST_STEP][PASSED] - pk_Functions.CS_Login.LoginFun(findTestObject(null), "http://192.168.0.190:8080/mof/#/", findTestObject("Login/Username"), findTestObject("Login/Password"), "AAttia", "123", findTestObject("Login/Login")): pk_Functions.CS_Login.LoginFun is PASSED

2019-02-14 12:29:32 - [MESSAGE][WARNING] - Test object id is null

2019-02-14 12:29:32 - [MESSAGE][INFO] - Starting 'Chrome' driver

2019-02-14 12:29:32 - [MESSAGE][INFO] - Action delay is set to 0 seconds

2019-02-14 12:29:45 - [MESSAGE][PASSED] - Browser is opened with url: 'http://192.168.0.190:8080/mof/#/'

2019-02-14 12:29:45 - [MESSAGE][PASSED] - Text 'AAttia' is set on object 'Object Repository/Login/Username'

2019-02-14 12:29:46 - [MESSAGE][PASSED] - Text '123' is set on object 'Object Repository/Login/Password'

2019-02-14 12:29:46 - [MESSAGE][PASSED] - Object: 'Object Repository/Login/Login' is clicked on

2019-02-14 12:29:46 - [MESSAGE][PASSED] - pk_Functions.CS_Login.LoginFun is PASSED]]></system-out>
         <system-err><![CDATA[]]></system-err>
      </testcase>
      <testcase name="Test Cases/Event Group Management/TC_Select_Screen" classname="Test Cases/Event Group Management/TC_Select_Screen" status="PASSED">
         <system-out><![CDATA[2019-02-14 12:29:46 - [TEST_CASE][PASSED] - Test Cases/Event Group Management/TC_Select_Screen: Test Cases/Event Group Management/TC_Select_Screen

2019-02-14 12:29:46 - [TEST_STEP][PASSED] - click(findTestObject("NE_SideMenu")): Object: 'Object Repository/NE_SideMenu' is clicked on

2019-02-14 12:29:51 - [MESSAGE][PASSED] - Object: 'Object Repository/NE_SideMenu' is clicked on

2019-02-14 12:29:51 - [TEST_STEP][PASSED] - click(findTestObject("NE_EventGroupManagement")): Object: 'Object Repository/NE_EventGroupManagement' is clicked on

2019-02-14 12:29:51 - [MESSAGE][PASSED] - Object: 'Object Repository/NE_EventGroupManagement' is clicked on

2019-02-14 12:29:51 - [TEST_STEP][PASSED] - click(findTestObject("Event Group Managemnt/BTN_Search")): Object: 'Object Repository/Event Group Managemnt/BTN_Search' is clicked on

2019-02-14 12:29:52 - [MESSAGE][PASSED] - Object: 'Object Repository/Event Group Managemnt/BTN_Search' is clicked on

2019-02-14 12:29:52 - [TEST_STEP][PASSED] - delay(2): Delayed 2 second(s)

2019-02-14 12:29:55 - [MESSAGE][PASSED] - Delayed 2 second(s)]]></system-out>
         <system-err><![CDATA[]]></system-err>
      </testcase>
      <testcase name="Test Cases/Event Group Management/TC_Verify_Insert" classname="Test Cases/Event Group Management/TC_Verify_Insert" status="FAILED">
         <failure type="FAILED" message="Test Cases/Event Group Management/TC_Verify_Insert FAILED.
Reason:
com.kms.katalon.core.exception.StepFailedException: Unable to set text 'EB2' of object '' (Root cause: com.kms.katalon.core.webui.exception.WebElementNotFoundException: Web element with id: '' located by 'By.xpath: //*[@id=&quot;app-form&quot;]/div/app-body/div/div/div[2]/div[2]/app-event-categories-management-layout/div/div[1]/div/app-event-categories-management-search-fields/div/form/span/div/div/span/extended-input/div/div/div[2]/input' not found)
	at com.kms.katalon.core.keyword.internal.KeywordMain.stepFailed(KeywordMain.groovy:36)
	at com.kms.katalon.core.webui.keyword.internal.WebUIKeywordMain.stepFailed(WebUIKeywordMain.groovy:65)
	at com.kms.katalon.core.webui.keyword.internal.WebUIKeywordMain.runKeyword(WebUIKeywordMain.groovy:27)
	at com.kms.katalon.core.webui.keyword.builtin.SetTextKeyword.setText(SetTextKeyword.groovy:65)
	at com.kms.katalon.core.webui.keyword.builtin.SetTextKeyword.execute(SetTextKeyword.groovy:37)
	at com.kms.katalon.core.keyword.internal.KeywordExecutor.executeKeywordForPlatform(KeywordExecutor.groovy:53)
	at com.kms.katalon.core.webui.keyword.WebUiBuiltInKeywords.setText(WebUiBuiltInKeywords.groovy:950)
	at com.kms.katalon.core.webui.keyword.WebUiBuiltInKeywords$setText$0.call(Unknown Source)
	at pk_Functions.CS_SpecificPageData.DataFun(CS_SpecificPageData.groovy:82)
	at pk_Functions.CS_SpecificPageData.invokeMethod(CS_SpecificPageData.groovy)
	at com.kms.katalon.core.main.CustomKeywordDelegatingMetaClass.invokeStaticMethod(CustomKeywordDelegatingMetaClass.java:49)
	at TC_Verify_Insert.run(TC_Verify_Insert:18)
	at com.kms.katalon.core.main.ScriptEngine.run(ScriptEngine.java:194)
	at com.kms.katalon.core.main.ScriptEngine.runScriptAsRawText(ScriptEngine.java:119)
	at com.kms.katalon.core.main.TestCaseExecutor.runScript(TestCaseExecutor.java:328)
	at com.kms.katalon.core.main.TestCaseExecutor.doExecute(TestCaseExecutor.java:319)
	at com.kms.katalon.core.main.TestCaseExecutor.processExecutionPhase(TestCaseExecutor.java:298)
	at com.kms.katalon.core.main.TestCaseExecutor.accessMainPhase(TestCaseExecutor.java:290)
	at com.kms.katalon.core.main.TestCaseExecutor.execute(TestCaseExecutor.java:224)
	at com.kms.katalon.core.main.TestSuiteExecutor.accessTestCaseMainPhase(TestSuiteExecutor.java:129)
	at com.kms.katalon.core.main.TestSuiteExecutor.accessTestSuiteMainPhase(TestSuiteExecutor.java:112)
	at com.kms.katalon.core.main.TestSuiteExecutor.execute(TestSuiteExecutor.java:81)
	at com.kms.katalon.core.main.TestCaseMain.startTestSuite(TestCaseMain.java:149)
	at com.kms.katalon.core.main.TestCaseMain$startTestSuite$0.call(Unknown Source)
	at TempTestSuite1550140168959.run(TempTestSuite1550140168959.groovy:36)
"/>
         <system-out><![CDATA[2019-02-14 12:29:55 - [TEST_CASE][FAILED] - Test Cases/Event Group Management/TC_Verify_Insert: Test Cases/Event Group Management/TC_Verify_Insert FAILED.
Reason:
com.kms.katalon.core.exception.StepFailedException: Unable to set text 'EB2' of object '' (Root cause: com.kms.katalon.core.webui.exception.WebElementNotFoundException: Web element with id: '' located by 'By.xpath: //*[@id="app-form"]/div/app-body/div/div/div[2]/div[2]/app-event-categories-management-layout/div/div[1]/div/app-event-categories-management-search-fields/div/form/span/div/div/span/extended-input/div/div/div[2]/input' not found)
	at com.kms.katalon.core.keyword.internal.KeywordMain.stepFailed(KeywordMain.groovy:36)
	at com.kms.katalon.core.webui.keyword.internal.WebUIKeywordMain.stepFailed(WebUIKeywordMain.groovy:65)
	at com.kms.katalon.core.webui.keyword.internal.WebUIKeywordMain.runKeyword(WebUIKeywordMain.groovy:27)
	at com.kms.katalon.core.webui.keyword.builtin.SetTextKeyword.setText(SetTextKeyword.groovy:65)
	at com.kms.katalon.core.webui.keyword.builtin.SetTextKeyword.execute(SetTextKeyword.groovy:37)
	at com.kms.katalon.core.keyword.internal.KeywordExecutor.executeKeywordForPlatform(KeywordExecutor.groovy:53)
	at com.kms.katalon.core.webui.keyword.WebUiBuiltInKeywords.setText(WebUiBuiltInKeywords.groovy:950)
	at com.kms.katalon.core.webui.keyword.WebUiBuiltInKeywords$setText$0.call(Unknown Source)
	at pk_Functions.CS_SpecificPageData.DataFun(CS_SpecificPageData.groovy:82)
	at pk_Functions.CS_SpecificPageData.invokeMethod(CS_SpecificPageData.groovy)
	at com.kms.katalon.core.main.CustomKeywordDelegatingMetaClass.invokeStaticMethod(CustomKeywordDelegatingMetaClass.java:49)
	at TC_Verify_Insert.run(TC_Verify_Insert:18)
	at com.kms.katalon.core.main.ScriptEngine.run(ScriptEngine.java:194)
	at com.kms.katalon.core.main.ScriptEngine.runScriptAsRawText(ScriptEngine.java:119)
	at com.kms.katalon.core.main.TestCaseExecutor.runScript(TestCaseExecutor.java:328)
	at com.kms.katalon.core.main.TestCaseExecutor.doExecute(TestCaseExecutor.java:319)
	at com.kms.katalon.core.main.TestCaseExecutor.processExecutionPhase(TestCaseExecutor.java:298)
	at com.kms.katalon.core.main.TestCaseExecutor.accessMainPhase(TestCaseExecutor.java:290)
	at com.kms.katalon.core.main.TestCaseExecutor.execute(TestCaseExecutor.java:224)
	at com.kms.katalon.core.main.TestSuiteExecutor.accessTestCaseMainPhase(TestSuiteExecutor.java:129)
	at com.kms.katalon.core.main.TestSuiteExecutor.accessTestSuiteMainPhase(TestSuiteExecutor.java:112)
	at com.kms.katalon.core.main.TestSuiteExecutor.execute(TestSuiteExecutor.java:81)
	at com.kms.katalon.core.main.TestCaseMain.startTestSuite(TestCaseMain.java:149)
	at com.kms.katalon.core.main.TestCaseMain$startTestSuite$0.call(Unknown Source)
	at TempTestSuite1550140168959.run(TempTestSuite1550140168959.groovy:36)


2019-02-14 12:29:55 - [TEST_STEP][FAILED] - if (search == "SearchYes"): if (search == "SearchYes") FAILED.
Reason:
com.kms.katalon.core.exception.StepFailedException: Unable to set text 'EB2' of object '' (Root cause: com.kms.katalon.core.webui.exception.WebElementNotFoundException: Web element with id: '' located by 'By.xpath: //*[@id="app-form"]/div/app-body/div/div/div[2]/div[2]/app-event-categories-management-layout/div/div[1]/div/app-event-categories-management-search-fields/div/form/span/div/div/span/extended-input/div/div/div[2]/input' not found)
	at com.kms.katalon.core.keyword.internal.KeywordMain.stepFailed(KeywordMain.groovy:36)
	at com.kms.katalon.core.webui.keyword.internal.WebUIKeywordMain.stepFailed(WebUIKeywordMain.groovy:65)
	at com.kms.katalon.core.webui.keyword.internal.WebUIKeywordMain.runKeyword(WebUIKeywordMain.groovy:27)
	at com.kms.katalon.core.webui.keyword.builtin.SetTextKeyword.setText(SetTextKeyword.groovy:65)
	at com.kms.katalon.core.webui.keyword.builtin.SetTextKeyword.execute(SetTextKeyword.groovy:37)
	at com.kms.katalon.core.keyword.internal.KeywordExecutor.executeKeywordForPlatform(KeywordExecutor.groovy:53)
	at com.kms.katalon.core.webui.keyword.WebUiBuiltInKeywords.setText(WebUiBuiltInKeywords.groovy:950)
	at com.kms.katalon.core.webui.keyword.WebUiBuiltInKeywords$setText$0.call(Unknown Source)
	at pk_Functions.CS_SpecificPageData.DataFun(CS_SpecificPageData.groovy:82)
	at pk_Functions.CS_SpecificPageData.invokeMethod(CS_SpecificPageData.groovy)
	at com.kms.katalon.core.main.CustomKeywordDelegatingMetaClass.invokeStaticMethod(CustomKeywordDelegatingMetaClass.java:49)
	at TC_Verify_Insert.run(TC_Verify_Insert:18)
	at com.kms.katalon.core.main.ScriptEngine.run(ScriptEngine.java:194)
	at com.kms.katalon.core.main.ScriptEngine.runScriptAsRawText(ScriptEngine.java:119)
	at com.kms.katalon.core.main.TestCaseExecutor.runScript(TestCaseExecutor.java:328)
	at com.kms.katalon.core.main.TestCaseExecutor.doExecute(TestCaseExecutor.java:319)
	at com.kms.katalon.core.main.TestCaseExecutor.processExecutionPhase(TestCaseExecutor.java:298)
	at com.kms.katalon.core.main.TestCaseExecutor.accessMainPhase(TestCaseExecutor.java:290)
	at com.kms.katalon.core.main.TestCaseExecutor.execute(TestCaseExecutor.java:224)
	at com.kms.katalon.core.main.TestSuiteExecutor.accessTestCaseMainPhase(TestSuiteExecutor.java:129)
	at com.kms.katalon.core.main.TestSuiteExecutor.accessTestSuiteMainPhase(TestSuiteExecutor.java:112)
	at com.kms.katalon.core.main.TestSuiteExecutor.execute(TestSuiteExecutor.java:81)
	at com.kms.katalon.core.main.TestCaseMain.startTestSuite(TestCaseMain.java:149)
	at com.kms.katalon.core.main.TestCaseMain$startTestSuite$0.call(Unknown Source)
	at TempTestSuite1550140168959.run(TempTestSuite1550140168959.groovy:36)


2019-02-14 12:29:55 - [TEST_STEP][FAILED] - pk_Functions.CS_SpecificPageData.DataFun(["Code_Search"], "Event Group Management/MOF_NE_Event Group ManagementObjectRepository", "Sheet1", [Code]): if (search == "SearchYes") FAILED.
Reason:
com.kms.katalon.core.exception.StepFailedException: Unable to set text 'EB2' of object '' (Root cause: com.kms.katalon.core.webui.exception.WebElementNotFoundException: Web element with id: '' located by 'By.xpath: //*[@id="app-form"]/div/app-body/div/div/div[2]/div[2]/app-event-categories-management-layout/div/div[1]/div/app-event-categories-management-search-fields/div/form/span/div/div/span/extended-input/div/div/div[2]/input' not found)
	at com.kms.katalon.core.keyword.internal.KeywordMain.stepFailed(KeywordMain.groovy:36)
	at com.kms.katalon.core.webui.keyword.internal.WebUIKeywordMain.stepFailed(WebUIKeywordMain.groovy:65)
	at com.kms.katalon.core.webui.keyword.internal.WebUIKeywordMain.runKeyword(WebUIKeywordMain.groovy:27)
	at com.kms.katalon.core.webui.keyword.builtin.SetTextKeyword.setText(SetTextKeyword.groovy:65)
	at com.kms.katalon.core.webui.keyword.builtin.SetTextKeyword.execute(SetTextKeyword.groovy:37)
	at com.kms.katalon.core.keyword.internal.KeywordExecutor.executeKeywordForPlatform(KeywordExecutor.groovy:53)
	at com.kms.katalon.core.webui.keyword.WebUiBuiltInKeywords.setText(WebUiBuiltInKeywords.groovy:950)
	at com.kms.katalon.core.webui.keyword.WebUiBuiltInKeywords$setText$0.call(Unknown Source)
	at pk_Functions.CS_SpecificPageData.DataFun(CS_SpecificPageData.groovy:82)
	at pk_Functions.CS_SpecificPageData.invokeMethod(CS_SpecificPageData.groovy)
	at com.kms.katalon.core.main.CustomKeywordDelegatingMetaClass.invokeStaticMethod(CustomKeywordDelegatingMetaClass.java:49)
	at TC_Verify_Insert.run(TC_Verify_Insert:18)
	at com.kms.katalon.core.main.ScriptEngine.run(ScriptEngine.java:194)
	at com.kms.katalon.core.main.ScriptEngine.runScriptAsRawText(ScriptEngine.java:119)
	at com.kms.katalon.core.main.TestCaseExecutor.runScript(TestCaseExecutor.java:328)
	at com.kms.katalon.core.main.TestCaseExecutor.doExecute(TestCaseExecutor.java:319)
	at com.kms.katalon.core.main.TestCaseExecutor.processExecutionPhase(TestCaseExecutor.java:298)
	at com.kms.katalon.core.main.TestCaseExecutor.accessMainPhase(TestCaseExecutor.java:290)
	at com.kms.katalon.core.main.TestCaseExecutor.execute(TestCaseExecutor.java:224)
	at com.kms.katalon.core.main.TestSuiteExecutor.accessTestCaseMainPhase(TestSuiteExecutor.java:129)
	at com.kms.katalon.core.main.TestSuiteExecutor.accessTestSuiteMainPhase(TestSuiteExecutor.java:112)
	at com.kms.katalon.core.main.TestSuiteExecutor.execute(TestSuiteExecutor.java:81)
	at com.kms.katalon.core.main.TestCaseMain.startTestSuite(TestCaseMain.java:149)
	at com.kms.katalon.core.main.TestCaseMain$startTestSuite$0.call(Unknown Source)
	at TempTestSuite1550140168959.run(TempTestSuite1550140168959.groovy:36)


2019-02-14 12:30:27 - [MESSAGE][INFO] - Unable to find the element located by 'By.xpath: //*[@id="app-form"]/div/app-body/div/div/div[2]/div[2]/app-event-categories-management-layout/div/div[1]/div/app-event-categories-management-search-fields/div/form/span/div/div/span/extended-input/div/div/div[2]/input'. Please recheck the objects properties to make sure the desired element is located. 

2019-02-14 12:30:27 - [MESSAGE][FAILED] - Unable to set text 'EB2' of object '' (Root cause: com.kms.katalon.core.webui.exception.WebElementNotFoundException: Web element with id: '' located by 'By.xpath: //*[@id="app-form"]/div/app-body/div/div/div[2]/div[2]/app-event-categories-management-layout/div/div[1]/div/app-event-categories-management-search-fields/div/form/span/div/div/span/extended-input/div/div/div[2]/input' not found)
[[ATTACHMENT|C:\\Users\\aeibrahim\\git\\MOF\\Reports\\Event Group Management\\TS_EGMFullScenario\\20190214_122928\\1550140227598.png]]

2019-02-14 12:30:27 - [MESSAGE][FAILED] - Unable to set text 'EB2' of object '' (Root cause: com.kms.katalon.core.webui.exception.WebElementNotFoundException: Web element with id: '' located by 'By.xpath: //*[@id="app-form"]/div/app-body/div/div/div[2]/div[2]/app-event-categories-management-layout/div/div[1]/div/app-event-categories-management-search-fields/div/form/span/div/div/span/extended-input/div/div/div[2]/input' not found)

2019-02-14 12:30:27 - [MESSAGE][FAILED] - if (search == "SearchYes") FAILED.
Reason:
com.kms.katalon.core.exception.StepFailedException: Unable to set text 'EB2' of object '' (Root cause: com.kms.katalon.core.webui.exception.WebElementNotFoundException: Web element with id: '' located by 'By.xpath: //*[@id="app-form"]/div/app-body/div/div/div[2]/div[2]/app-event-categories-management-layout/div/div[1]/div/app-event-categories-management-search-fields/div/form/span/div/div/span/extended-input/div/div/div[2]/input' not found)
	at com.kms.katalon.core.keyword.internal.KeywordMain.stepFailed(KeywordMain.groovy:36)
	at com.kms.katalon.core.webui.keyword.internal.WebUIKeywordMain.stepFailed(WebUIKeywordMain.groovy:65)
	at com.kms.katalon.core.webui.keyword.internal.WebUIKeywordMain.runKeyword(WebUIKeywordMain.groovy:27)
	at com.kms.katalon.core.webui.keyword.builtin.SetTextKeyword.setText(SetTextKeyword.groovy:65)
	at com.kms.katalon.core.webui.keyword.builtin.SetTextKeyword.execute(SetTextKeyword.groovy:37)
	at com.kms.katalon.core.keyword.internal.KeywordExecutor.executeKeywordForPlatform(KeywordExecutor.groovy:53)
	at com.kms.katalon.core.webui.keyword.WebUiBuiltInKeywords.setText(WebUiBuiltInKeywords.groovy:950)
	at com.kms.katalon.core.webui.keyword.WebUiBuiltInKeywords$setText$0.call(Unknown Source)
	at pk_Functions.CS_SpecificPageData.DataFun(CS_SpecificPageData.groovy:82)
	at pk_Functions.CS_SpecificPageData.invokeMethod(CS_SpecificPageData.groovy)
	at com.kms.katalon.core.main.CustomKeywordDelegatingMetaClass.invokeStaticMethod(CustomKeywordDelegatingMetaClass.java:49)
	at TC_Verify_Insert.run(TC_Verify_Insert:18)
	at com.kms.katalon.core.main.ScriptEngine.run(ScriptEngine.java:194)
	at com.kms.katalon.core.main.ScriptEngine.runScriptAsRawText(ScriptEngine.java:119)
	at com.kms.katalon.core.main.TestCaseExecutor.runScript(TestCaseExecutor.java:328)
	at com.kms.katalon.core.main.TestCaseExecutor.doExecute(TestCaseExecutor.java:319)
	at com.kms.katalon.core.main.TestCaseExecutor.processExecutionPhase(TestCaseExecutor.java:298)
	at com.kms.katalon.core.main.TestCaseExecutor.accessMainPhase(TestCaseExecutor.java:290)
	at com.kms.katalon.core.main.TestCaseExecutor.execute(TestCaseExecutor.java:224)
	at com.kms.katalon.core.main.TestSuiteExecutor.accessTestCaseMainPhase(TestSuiteExecutor.java:129)
	at com.kms.katalon.core.main.TestSuiteExecutor.accessTestSuiteMainPhase(TestSuiteExecutor.java:112)
	at com.kms.katalon.core.main.TestSuiteExecutor.execute(TestSuiteExecutor.java:81)
	at com.kms.katalon.core.main.TestCaseMain.startTestSuite(TestCaseMain.java:149)
	at com.kms.katalon.core.main.TestCaseMain$startTestSuite$0.call(Unknown Source)
	at TempTestSuite1550140168959.run(TempTestSuite1550140168959.groovy:36)]]></system-out>
         <system-err><![CDATA[2019-02-14 12:29:55 - [TEST_CASE][FAILED] - Test Cases/Event Group Management/TC_Verify_Insert: Test Cases/Event Group Management/TC_Verify_Insert FAILED.
Reason:
com.kms.katalon.core.exception.StepFailedException: Unable to set text 'EB2' of object '' (Root cause: com.kms.katalon.core.webui.exception.WebElementNotFoundException: Web element with id: '' located by 'By.xpath: //*[@id="app-form"]/div/app-body/div/div/div[2]/div[2]/app-event-categories-management-layout/div/div[1]/div/app-event-categories-management-search-fields/div/form/span/div/div/span/extended-input/div/div/div[2]/input' not found)
	at com.kms.katalon.core.keyword.internal.KeywordMain.stepFailed(KeywordMain.groovy:36)
	at com.kms.katalon.core.webui.keyword.internal.WebUIKeywordMain.stepFailed(WebUIKeywordMain.groovy:65)
	at com.kms.katalon.core.webui.keyword.internal.WebUIKeywordMain.runKeyword(WebUIKeywordMain.groovy:27)
	at com.kms.katalon.core.webui.keyword.builtin.SetTextKeyword.setText(SetTextKeyword.groovy:65)
	at com.kms.katalon.core.webui.keyword.builtin.SetTextKeyword.execute(SetTextKeyword.groovy:37)
	at com.kms.katalon.core.keyword.internal.KeywordExecutor.executeKeywordForPlatform(KeywordExecutor.groovy:53)
	at com.kms.katalon.core.webui.keyword.WebUiBuiltInKeywords.setText(WebUiBuiltInKeywords.groovy:950)
	at com.kms.katalon.core.webui.keyword.WebUiBuiltInKeywords$setText$0.call(Unknown Source)
	at pk_Functions.CS_SpecificPageData.DataFun(CS_SpecificPageData.groovy:82)
	at pk_Functions.CS_SpecificPageData.invokeMethod(CS_SpecificPageData.groovy)
	at com.kms.katalon.core.main.CustomKeywordDelegatingMetaClass.invokeStaticMethod(CustomKeywordDelegatingMetaClass.java:49)
	at TC_Verify_Insert.run(TC_Verify_Insert:18)
	at com.kms.katalon.core.main.ScriptEngine.run(ScriptEngine.java:194)
	at com.kms.katalon.core.main.ScriptEngine.runScriptAsRawText(ScriptEngine.java:119)
	at com.kms.katalon.core.main.TestCaseExecutor.runScript(TestCaseExecutor.java:328)
	at com.kms.katalon.core.main.TestCaseExecutor.doExecute(TestCaseExecutor.java:319)
	at com.kms.katalon.core.main.TestCaseExecutor.processExecutionPhase(TestCaseExecutor.java:298)
	at com.kms.katalon.core.main.TestCaseExecutor.accessMainPhase(TestCaseExecutor.java:290)
	at com.kms.katalon.core.main.TestCaseExecutor.execute(TestCaseExecutor.java:224)
	at com.kms.katalon.core.main.TestSuiteExecutor.accessTestCaseMainPhase(TestSuiteExecutor.java:129)
	at com.kms.katalon.core.main.TestSuiteExecutor.accessTestSuiteMainPhase(TestSuiteExecutor.java:112)
	at com.kms.katalon.core.main.TestSuiteExecutor.execute(TestSuiteExecutor.java:81)
	at com.kms.katalon.core.main.TestCaseMain.startTestSuite(TestCaseMain.java:149)
	at com.kms.katalon.core.main.TestCaseMain$startTestSuite$0.call(Unknown Source)
	at TempTestSuite1550140168959.run(TempTestSuite1550140168959.groovy:36)]]></system-err>
      </testcase>
      <testcase name="Test Cases/Event Group Management/TC_Verify_Insert" classname="Test Cases/Event Group Management/TC_Verify_Insert" status="FAILED">
         <failure type="FAILED" message="Test Cases/Event Group Management/TC_Verify_Insert FAILED.
Reason:
com.kms.katalon.core.exception.StepFailedException: Unable to set text 'EB3' of object '' (Root cause: com.kms.katalon.core.webui.exception.WebElementNotFoundException: Web element with id: '' located by 'By.xpath: //*[@id=&quot;app-form&quot;]/div/app-body/div/div/div[2]/div[2]/app-event-categories-management-layout/div/div[1]/div/app-event-categories-management-search-fields/div/form/span/div/div/span/extended-input/div/div/div[2]/input' not found)
	at com.kms.katalon.core.keyword.internal.KeywordMain.stepFailed(KeywordMain.groovy:36)
	at com.kms.katalon.core.webui.keyword.internal.WebUIKeywordMain.stepFailed(WebUIKeywordMain.groovy:65)
	at com.kms.katalon.core.webui.keyword.internal.WebUIKeywordMain.runKeyword(WebUIKeywordMain.groovy:27)
	at com.kms.katalon.core.webui.keyword.builtin.SetTextKeyword.setText(SetTextKeyword.groovy:65)
	at com.kms.katalon.core.webui.keyword.builtin.SetTextKeyword.execute(SetTextKeyword.groovy:37)
	at com.kms.katalon.core.keyword.internal.KeywordExecutor.executeKeywordForPlatform(KeywordExecutor.groovy:53)
	at com.kms.katalon.core.webui.keyword.WebUiBuiltInKeywords.setText(WebUiBuiltInKeywords.groovy:950)
	at com.kms.katalon.core.webui.keyword.WebUiBuiltInKeywords$setText$0.call(Unknown Source)
	at pk_Functions.CS_SpecificPageData.DataFun(CS_SpecificPageData.groovy:82)
	at pk_Functions.CS_SpecificPageData.invokeMethod(CS_SpecificPageData.groovy)
	at com.kms.katalon.core.main.CustomKeywordDelegatingMetaClass.invokeStaticMethod(CustomKeywordDelegatingMetaClass.java:49)
	at TC_Verify_Insert.run(TC_Verify_Insert:18)
	at com.kms.katalon.core.main.ScriptEngine.run(ScriptEngine.java:194)
	at com.kms.katalon.core.main.ScriptEngine.runScriptAsRawText(ScriptEngine.java:119)
	at com.kms.katalon.core.main.TestCaseExecutor.runScript(TestCaseExecutor.java:328)
	at com.kms.katalon.core.main.TestCaseExecutor.doExecute(TestCaseExecutor.java:319)
	at com.kms.katalon.core.main.TestCaseExecutor.processExecutionPhase(TestCaseExecutor.java:298)
	at com.kms.katalon.core.main.TestCaseExecutor.accessMainPhase(TestCaseExecutor.java:290)
	at com.kms.katalon.core.main.TestCaseExecutor.execute(TestCaseExecutor.java:224)
	at com.kms.katalon.core.main.TestSuiteExecutor.accessTestCaseMainPhase(TestSuiteExecutor.java:129)
	at com.kms.katalon.core.main.TestSuiteExecutor.accessTestSuiteMainPhase(TestSuiteExecutor.java:112)
	at com.kms.katalon.core.main.TestSuiteExecutor.execute(TestSuiteExecutor.java:81)
	at com.kms.katalon.core.main.TestCaseMain.startTestSuite(TestCaseMain.java:149)
	at com.kms.katalon.core.main.TestCaseMain$startTestSuite$0.call(Unknown Source)
	at TempTestSuite1550140168959.run(TempTestSuite1550140168959.groovy:36)
"/>
         <system-out><![CDATA[2019-02-14 12:30:27 - [TEST_CASE][FAILED] - Test Cases/Event Group Management/TC_Verify_Insert: Test Cases/Event Group Management/TC_Verify_Insert FAILED.
Reason:
com.kms.katalon.core.exception.StepFailedException: Unable to set text 'EB3' of object '' (Root cause: com.kms.katalon.core.webui.exception.WebElementNotFoundException: Web element with id: '' located by 'By.xpath: //*[@id="app-form"]/div/app-body/div/div/div[2]/div[2]/app-event-categories-management-layout/div/div[1]/div/app-event-categories-management-search-fields/div/form/span/div/div/span/extended-input/div/div/div[2]/input' not found)
	at com.kms.katalon.core.keyword.internal.KeywordMain.stepFailed(KeywordMain.groovy:36)
	at com.kms.katalon.core.webui.keyword.internal.WebUIKeywordMain.stepFailed(WebUIKeywordMain.groovy:65)
	at com.kms.katalon.core.webui.keyword.internal.WebUIKeywordMain.runKeyword(WebUIKeywordMain.groovy:27)
	at com.kms.katalon.core.webui.keyword.builtin.SetTextKeyword.setText(SetTextKeyword.groovy:65)
	at com.kms.katalon.core.webui.keyword.builtin.SetTextKeyword.execute(SetTextKeyword.groovy:37)
	at com.kms.katalon.core.keyword.internal.KeywordExecutor.executeKeywordForPlatform(KeywordExecutor.groovy:53)
	at com.kms.katalon.core.webui.keyword.WebUiBuiltInKeywords.setText(WebUiBuiltInKeywords.groovy:950)
	at com.kms.katalon.core.webui.keyword.WebUiBuiltInKeywords$setText$0.call(Unknown Source)
	at pk_Functions.CS_SpecificPageData.DataFun(CS_SpecificPageData.groovy:82)
	at pk_Functions.CS_SpecificPageData.invokeMethod(CS_SpecificPageData.groovy)
	at com.kms.katalon.core.main.CustomKeywordDelegatingMetaClass.invokeStaticMethod(CustomKeywordDelegatingMetaClass.java:49)
	at TC_Verify_Insert.run(TC_Verify_Insert:18)
	at com.kms.katalon.core.main.ScriptEngine.run(ScriptEngine.java:194)
	at com.kms.katalon.core.main.ScriptEngine.runScriptAsRawText(ScriptEngine.java:119)
	at com.kms.katalon.core.main.TestCaseExecutor.runScript(TestCaseExecutor.java:328)
	at com.kms.katalon.core.main.TestCaseExecutor.doExecute(TestCaseExecutor.java:319)
	at com.kms.katalon.core.main.TestCaseExecutor.processExecutionPhase(TestCaseExecutor.java:298)
	at com.kms.katalon.core.main.TestCaseExecutor.accessMainPhase(TestCaseExecutor.java:290)
	at com.kms.katalon.core.main.TestCaseExecutor.execute(TestCaseExecutor.java:224)
	at com.kms.katalon.core.main.TestSuiteExecutor.accessTestCaseMainPhase(TestSuiteExecutor.java:129)
	at com.kms.katalon.core.main.TestSuiteExecutor.accessTestSuiteMainPhase(TestSuiteExecutor.java:112)
	at com.kms.katalon.core.main.TestSuiteExecutor.execute(TestSuiteExecutor.java:81)
	at com.kms.katalon.core.main.TestCaseMain.startTestSuite(TestCaseMain.java:149)
	at com.kms.katalon.core.main.TestCaseMain$startTestSuite$0.call(Unknown Source)
	at TempTestSuite1550140168959.run(TempTestSuite1550140168959.groovy:36)


2019-02-14 12:30:27 - [TEST_STEP][FAILED] - if (search == "SearchYes"): if (search == "SearchYes") FAILED.
Reason:
com.kms.katalon.core.exception.StepFailedException: Unable to set text 'EB3' of object '' (Root cause: com.kms.katalon.core.webui.exception.WebElementNotFoundException: Web element with id: '' located by 'By.xpath: //*[@id="app-form"]/div/app-body/div/div/div[2]/div[2]/app-event-categories-management-layout/div/div[1]/div/app-event-categories-management-search-fields/div/form/span/div/div/span/extended-input/div/div/div[2]/input' not found)
	at com.kms.katalon.core.keyword.internal.KeywordMain.stepFailed(KeywordMain.groovy:36)
	at com.kms.katalon.core.webui.keyword.internal.WebUIKeywordMain.stepFailed(WebUIKeywordMain.groovy:65)
	at com.kms.katalon.core.webui.keyword.internal.WebUIKeywordMain.runKeyword(WebUIKeywordMain.groovy:27)
	at com.kms.katalon.core.webui.keyword.builtin.SetTextKeyword.setText(SetTextKeyword.groovy:65)
	at com.kms.katalon.core.webui.keyword.builtin.SetTextKeyword.execute(SetTextKeyword.groovy:37)
	at com.kms.katalon.core.keyword.internal.KeywordExecutor.executeKeywordForPlatform(KeywordExecutor.groovy:53)
	at com.kms.katalon.core.webui.keyword.WebUiBuiltInKeywords.setText(WebUiBuiltInKeywords.groovy:950)
	at com.kms.katalon.core.webui.keyword.WebUiBuiltInKeywords$setText$0.call(Unknown Source)
	at pk_Functions.CS_SpecificPageData.DataFun(CS_SpecificPageData.groovy:82)
	at pk_Functions.CS_SpecificPageData.invokeMethod(CS_SpecificPageData.groovy)
	at com.kms.katalon.core.main.CustomKeywordDelegatingMetaClass.invokeStaticMethod(CustomKeywordDelegatingMetaClass.java:49)
	at TC_Verify_Insert.run(TC_Verify_Insert:18)
	at com.kms.katalon.core.main.ScriptEngine.run(ScriptEngine.java:194)
	at com.kms.katalon.core.main.ScriptEngine.runScriptAsRawText(ScriptEngine.java:119)
	at com.kms.katalon.core.main.TestCaseExecutor.runScript(TestCaseExecutor.java:328)
	at com.kms.katalon.core.main.TestCaseExecutor.doExecute(TestCaseExecutor.java:319)
	at com.kms.katalon.core.main.TestCaseExecutor.processExecutionPhase(TestCaseExecutor.java:298)
	at com.kms.katalon.core.main.TestCaseExecutor.accessMainPhase(TestCaseExecutor.java:290)
	at com.kms.katalon.core.main.TestCaseExecutor.execute(TestCaseExecutor.java:224)
	at com.kms.katalon.core.main.TestSuiteExecutor.accessTestCaseMainPhase(TestSuiteExecutor.java:129)
	at com.kms.katalon.core.main.TestSuiteExecutor.accessTestSuiteMainPhase(TestSuiteExecutor.java:112)
	at com.kms.katalon.core.main.TestSuiteExecutor.execute(TestSuiteExecutor.java:81)
	at com.kms.katalon.core.main.TestCaseMain.startTestSuite(TestCaseMain.java:149)
	at com.kms.katalon.core.main.TestCaseMain$startTestSuite$0.call(Unknown Source)
	at TempTestSuite1550140168959.run(TempTestSuite1550140168959.groovy:36)


2019-02-14 12:30:27 - [TEST_STEP][FAILED] - pk_Functions.CS_SpecificPageData.DataFun(["Code_Search"], "Event Group Management/MOF_NE_Event Group ManagementObjectRepository", "Sheet1", [Code]): if (search == "SearchYes") FAILED.
Reason:
com.kms.katalon.core.exception.StepFailedException: Unable to set text 'EB3' of object '' (Root cause: com.kms.katalon.core.webui.exception.WebElementNotFoundException: Web element with id: '' located by 'By.xpath: //*[@id="app-form"]/div/app-body/div/div/div[2]/div[2]/app-event-categories-management-layout/div/div[1]/div/app-event-categories-management-search-fields/div/form/span/div/div/span/extended-input/div/div/div[2]/input' not found)
	at com.kms.katalon.core.keyword.internal.KeywordMain.stepFailed(KeywordMain.groovy:36)
	at com.kms.katalon.core.webui.keyword.internal.WebUIKeywordMain.stepFailed(WebUIKeywordMain.groovy:65)
	at com.kms.katalon.core.webui.keyword.internal.WebUIKeywordMain.runKeyword(WebUIKeywordMain.groovy:27)
	at com.kms.katalon.core.webui.keyword.builtin.SetTextKeyword.setText(SetTextKeyword.groovy:65)
	at com.kms.katalon.core.webui.keyword.builtin.SetTextKeyword.execute(SetTextKeyword.groovy:37)
	at com.kms.katalon.core.keyword.internal.KeywordExecutor.executeKeywordForPlatform(KeywordExecutor.groovy:53)
	at com.kms.katalon.core.webui.keyword.WebUiBuiltInKeywords.setText(WebUiBuiltInKeywords.groovy:950)
	at com.kms.katalon.core.webui.keyword.WebUiBuiltInKeywords$setText$0.call(Unknown Source)
	at pk_Functions.CS_SpecificPageData.DataFun(CS_SpecificPageData.groovy:82)
	at pk_Functions.CS_SpecificPageData.invokeMethod(CS_SpecificPageData.groovy)
	at com.kms.katalon.core.main.CustomKeywordDelegatingMetaClass.invokeStaticMethod(CustomKeywordDelegatingMetaClass.java:49)
	at TC_Verify_Insert.run(TC_Verify_Insert:18)
	at com.kms.katalon.core.main.ScriptEngine.run(ScriptEngine.java:194)
	at com.kms.katalon.core.main.ScriptEngine.runScriptAsRawText(ScriptEngine.java:119)
	at com.kms.katalon.core.main.TestCaseExecutor.runScript(TestCaseExecutor.java:328)
	at com.kms.katalon.core.main.TestCaseExecutor.doExecute(TestCaseExecutor.java:319)
	at com.kms.katalon.core.main.TestCaseExecutor.processExecutionPhase(TestCaseExecutor.java:298)
	at com.kms.katalon.core.main.TestCaseExecutor.accessMainPhase(TestCaseExecutor.java:290)
	at com.kms.katalon.core.main.TestCaseExecutor.execute(TestCaseExecutor.java:224)
	at com.kms.katalon.core.main.TestSuiteExecutor.accessTestCaseMainPhase(TestSuiteExecutor.java:129)
	at com.kms.katalon.core.main.TestSuiteExecutor.accessTestSuiteMainPhase(TestSuiteExecutor.java:112)
	at com.kms.katalon.core.main.TestSuiteExecutor.execute(TestSuiteExecutor.java:81)
	at com.kms.katalon.core.main.TestCaseMain.startTestSuite(TestCaseMain.java:149)
	at com.kms.katalon.core.main.TestCaseMain$startTestSuite$0.call(Unknown Source)
	at TempTestSuite1550140168959.run(TempTestSuite1550140168959.groovy:36)


2019-02-14 12:30:59 - [MESSAGE][INFO] - Unable to find the element located by 'By.xpath: //*[@id="app-form"]/div/app-body/div/div/div[2]/div[2]/app-event-categories-management-layout/div/div[1]/div/app-event-categories-management-search-fields/div/form/span/div/div/span/extended-input/div/div/div[2]/input'. Please recheck the objects properties to make sure the desired element is located. 

2019-02-14 12:30:59 - [MESSAGE][FAILED] - Unable to set text 'EB3' of object '' (Root cause: com.kms.katalon.core.webui.exception.WebElementNotFoundException: Web element with id: '' located by 'By.xpath: //*[@id="app-form"]/div/app-body/div/div/div[2]/div[2]/app-event-categories-management-layout/div/div[1]/div/app-event-categories-management-search-fields/div/form/span/div/div/span/extended-input/div/div/div[2]/input' not found)
[[ATTACHMENT|C:\\Users\\aeibrahim\\git\\MOF\\Reports\\Event Group Management\\TS_EGMFullScenario\\20190214_122928\\1550140259096.png]]

2019-02-14 12:30:59 - [MESSAGE][FAILED] - Unable to set text 'EB3' of object '' (Root cause: com.kms.katalon.core.webui.exception.WebElementNotFoundException: Web element with id: '' located by 'By.xpath: //*[@id="app-form"]/div/app-body/div/div/div[2]/div[2]/app-event-categories-management-layout/div/div[1]/div/app-event-categories-management-search-fields/div/form/span/div/div/span/extended-input/div/div/div[2]/input' not found)

2019-02-14 12:30:59 - [MESSAGE][FAILED] - if (search == "SearchYes") FAILED.
Reason:
com.kms.katalon.core.exception.StepFailedException: Unable to set text 'EB3' of object '' (Root cause: com.kms.katalon.core.webui.exception.WebElementNotFoundException: Web element with id: '' located by 'By.xpath: //*[@id="app-form"]/div/app-body/div/div/div[2]/div[2]/app-event-categories-management-layout/div/div[1]/div/app-event-categories-management-search-fields/div/form/span/div/div/span/extended-input/div/div/div[2]/input' not found)
	at com.kms.katalon.core.keyword.internal.KeywordMain.stepFailed(KeywordMain.groovy:36)
	at com.kms.katalon.core.webui.keyword.internal.WebUIKeywordMain.stepFailed(WebUIKeywordMain.groovy:65)
	at com.kms.katalon.core.webui.keyword.internal.WebUIKeywordMain.runKeyword(WebUIKeywordMain.groovy:27)
	at com.kms.katalon.core.webui.keyword.builtin.SetTextKeyword.setText(SetTextKeyword.groovy:65)
	at com.kms.katalon.core.webui.keyword.builtin.SetTextKeyword.execute(SetTextKeyword.groovy:37)
	at com.kms.katalon.core.keyword.internal.KeywordExecutor.executeKeywordForPlatform(KeywordExecutor.groovy:53)
	at com.kms.katalon.core.webui.keyword.WebUiBuiltInKeywords.setText(WebUiBuiltInKeywords.groovy:950)
	at com.kms.katalon.core.webui.keyword.WebUiBuiltInKeywords$setText$0.call(Unknown Source)
	at pk_Functions.CS_SpecificPageData.DataFun(CS_SpecificPageData.groovy:82)
	at pk_Functions.CS_SpecificPageData.invokeMethod(CS_SpecificPageData.groovy)
	at com.kms.katalon.core.main.CustomKeywordDelegatingMetaClass.invokeStaticMethod(CustomKeywordDelegatingMetaClass.java:49)
	at TC_Verify_Insert.run(TC_Verify_Insert:18)
	at com.kms.katalon.core.main.ScriptEngine.run(ScriptEngine.java:194)
	at com.kms.katalon.core.main.ScriptEngine.runScriptAsRawText(ScriptEngine.java:119)
	at com.kms.katalon.core.main.TestCaseExecutor.runScript(TestCaseExecutor.java:328)
	at com.kms.katalon.core.main.TestCaseExecutor.doExecute(TestCaseExecutor.java:319)
	at com.kms.katalon.core.main.TestCaseExecutor.processExecutionPhase(TestCaseExecutor.java:298)
	at com.kms.katalon.core.main.TestCaseExecutor.accessMainPhase(TestCaseExecutor.java:290)
	at com.kms.katalon.core.main.TestCaseExecutor.execute(TestCaseExecutor.java:224)
	at com.kms.katalon.core.main.TestSuiteExecutor.accessTestCaseMainPhase(TestSuiteExecutor.java:129)
	at com.kms.katalon.core.main.TestSuiteExecutor.accessTestSuiteMainPhase(TestSuiteExecutor.java:112)
	at com.kms.katalon.core.main.TestSuiteExecutor.execute(TestSuiteExecutor.java:81)
	at com.kms.katalon.core.main.TestCaseMain.startTestSuite(TestCaseMain.java:149)
	at com.kms.katalon.core.main.TestCaseMain$startTestSuite$0.call(Unknown Source)
	at TempTestSuite1550140168959.run(TempTestSuite1550140168959.groovy:36)]]></system-out>
         <system-err><![CDATA[2019-02-14 12:30:27 - [TEST_CASE][FAILED] - Test Cases/Event Group Management/TC_Verify_Insert: Test Cases/Event Group Management/TC_Verify_Insert FAILED.
Reason:
com.kms.katalon.core.exception.StepFailedException: Unable to set text 'EB3' of object '' (Root cause: com.kms.katalon.core.webui.exception.WebElementNotFoundException: Web element with id: '' located by 'By.xpath: //*[@id="app-form"]/div/app-body/div/div/div[2]/div[2]/app-event-categories-management-layout/div/div[1]/div/app-event-categories-management-search-fields/div/form/span/div/div/span/extended-input/div/div/div[2]/input' not found)
	at com.kms.katalon.core.keyword.internal.KeywordMain.stepFailed(KeywordMain.groovy:36)
	at com.kms.katalon.core.webui.keyword.internal.WebUIKeywordMain.stepFailed(WebUIKeywordMain.groovy:65)
	at com.kms.katalon.core.webui.keyword.internal.WebUIKeywordMain.runKeyword(WebUIKeywordMain.groovy:27)
	at com.kms.katalon.core.webui.keyword.builtin.SetTextKeyword.setText(SetTextKeyword.groovy:65)
	at com.kms.katalon.core.webui.keyword.builtin.SetTextKeyword.execute(SetTextKeyword.groovy:37)
	at com.kms.katalon.core.keyword.internal.KeywordExecutor.executeKeywordForPlatform(KeywordExecutor.groovy:53)
	at com.kms.katalon.core.webui.keyword.WebUiBuiltInKeywords.setText(WebUiBuiltInKeywords.groovy:950)
	at com.kms.katalon.core.webui.keyword.WebUiBuiltInKeywords$setText$0.call(Unknown Source)
	at pk_Functions.CS_SpecificPageData.DataFun(CS_SpecificPageData.groovy:82)
	at pk_Functions.CS_SpecificPageData.invokeMethod(CS_SpecificPageData.groovy)
	at com.kms.katalon.core.main.CustomKeywordDelegatingMetaClass.invokeStaticMethod(CustomKeywordDelegatingMetaClass.java:49)
	at TC_Verify_Insert.run(TC_Verify_Insert:18)
	at com.kms.katalon.core.main.ScriptEngine.run(ScriptEngine.java:194)
	at com.kms.katalon.core.main.ScriptEngine.runScriptAsRawText(ScriptEngine.java:119)
	at com.kms.katalon.core.main.TestCaseExecutor.runScript(TestCaseExecutor.java:328)
	at com.kms.katalon.core.main.TestCaseExecutor.doExecute(TestCaseExecutor.java:319)
	at com.kms.katalon.core.main.TestCaseExecutor.processExecutionPhase(TestCaseExecutor.java:298)
	at com.kms.katalon.core.main.TestCaseExecutor.accessMainPhase(TestCaseExecutor.java:290)
	at com.kms.katalon.core.main.TestCaseExecutor.execute(TestCaseExecutor.java:224)
	at com.kms.katalon.core.main.TestSuiteExecutor.accessTestCaseMainPhase(TestSuiteExecutor.java:129)
	at com.kms.katalon.core.main.TestSuiteExecutor.accessTestSuiteMainPhase(TestSuiteExecutor.java:112)
	at com.kms.katalon.core.main.TestSuiteExecutor.execute(TestSuiteExecutor.java:81)
	at com.kms.katalon.core.main.TestCaseMain.startTestSuite(TestCaseMain.java:149)
	at com.kms.katalon.core.main.TestCaseMain$startTestSuite$0.call(Unknown Source)
	at TempTestSuite1550140168959.run(TempTestSuite1550140168959.groovy:36)]]></system-err>
      </testcase>
      <testcase name="Test Cases/Event Group Management/TC_Verify_Insert" classname="Test Cases/Event Group Management/TC_Verify_Insert" status="PASSED">
         <system-out><![CDATA[2019-02-14 12:30:59 - [TEST_CASE][PASSED] - Test Cases/Event Group Management/TC_Verify_Insert: Test Cases/Event Group Management/TC_Verify_Insert

2019-02-14 12:30:59 - [TEST_STEP][PASSED] - if (search == "SearchYes"): null

2019-02-14 12:30:59 - [TEST_STEP][PASSED] - delay(2): Delayed 2 second(s)

2019-02-14 12:31:01 - [MESSAGE][PASSED] - Delayed 2 second(s)]]></system-out>
         <system-err><![CDATA[]]></system-err>
      </testcase>
      <testcase name="Test Cases/Event Group Management/TC_Verify_Insert" classname="Test Cases/Event Group Management/TC_Verify_Insert" status="PASSED">
         <system-out><![CDATA[2019-02-14 12:31:01 - [TEST_CASE][PASSED] - Test Cases/Event Group Management/TC_Verify_Insert: Test Cases/Event Group Management/TC_Verify_Insert

2019-02-14 12:31:01 - [TEST_STEP][PASSED] - if (search == "SearchYes"): null

2019-02-14 12:31:01 - [TEST_STEP][PASSED] - delay(2): Delayed 2 second(s)

2019-02-14 12:31:03 - [MESSAGE][PASSED] - Delayed 2 second(s)]]></system-out>
         <system-err><![CDATA[]]></system-err>
      </testcase>
      <testcase name="Test Cases/Event Group Management/TC_Verify_Insert" classname="Test Cases/Event Group Management/TC_Verify_Insert" status="PASSED">
         <system-out><![CDATA[2019-02-14 12:31:03 - [TEST_CASE][PASSED] - Test Cases/Event Group Management/TC_Verify_Insert: Test Cases/Event Group Management/TC_Verify_Insert

2019-02-14 12:31:03 - [TEST_STEP][PASSED] - if (search == "SearchYes"): null

2019-02-14 12:31:03 - [TEST_STEP][PASSED] - delay(2): Delayed 2 second(s)

2019-02-14 12:31:05 - [MESSAGE][PASSED] - Delayed 2 second(s)]]></system-out>
         <system-err><![CDATA[]]></system-err>
      </testcase>
      <system-out><![CDATA[2019-02-14 12:29:31 - [TEST_SUITE][FAILED] - TS_EGMFullScenario: Test Cases/Event Group Management/TC_Verify_Insert FAILED.
Reason:
com.kms.katalon.core.exception.StepFailedException: Unable to set text 'EB2' of object '' (Root cause: com.kms.katalon.core.webui.exception.WebElementNotFoundException: Web element with id: '' located by 'By.xpath: //*[@id="app-form"]/div/app-body/div/div/div[2]/div[2]/app-event-categories-management-layout/div/div[1]/div/app-event-categories-management-search-fields/div/form/span/div/div/span/extended-input/div/div/div[2]/input' not found)
	at com.kms.katalon.core.keyword.internal.KeywordMain.stepFailed(KeywordMain.groovy:36)
	at com.kms.katalon.core.webui.keyword.internal.WebUIKeywordMain.stepFailed(WebUIKeywordMain.groovy:65)
	at com.kms.katalon.core.webui.keyword.internal.WebUIKeywordMain.runKeyword(WebUIKeywordMain.groovy:27)
	at com.kms.katalon.core.webui.keyword.builtin.SetTextKeyword.setText(SetTextKeyword.groovy:65)
	at com.kms.katalon.core.webui.keyword.builtin.SetTextKeyword.execute(SetTextKeyword.groovy:37)
	at com.kms.katalon.core.keyword.internal.KeywordExecutor.executeKeywordForPlatform(KeywordExecutor.groovy:53)
	at com.kms.katalon.core.webui.keyword.WebUiBuiltInKeywords.setText(WebUiBuiltInKeywords.groovy:950)
	at com.kms.katalon.core.webui.keyword.WebUiBuiltInKeywords$setText$0.call(Unknown Source)
	at pk_Functions.CS_SpecificPageData.DataFun(CS_SpecificPageData.groovy:82)
	at pk_Functions.CS_SpecificPageData.invokeMethod(CS_SpecificPageData.groovy)
	at com.kms.katalon.core.main.CustomKeywordDelegatingMetaClass.invokeStaticMethod(CustomKeywordDelegatingMetaClass.java:49)
	at TC_Verify_Insert.run(TC_Verify_Insert:18)
	at com.kms.katalon.core.main.ScriptEngine.run(ScriptEngine.java:194)
	at com.kms.katalon.core.main.ScriptEngine.runScriptAsRawText(ScriptEngine.java:119)
	at com.kms.katalon.core.main.TestCaseExecutor.runScript(TestCaseExecutor.java:328)
	at com.kms.katalon.core.main.TestCaseExecutor.doExecute(TestCaseExecutor.java:319)
	at com.kms.katalon.core.main.TestCaseExecutor.processExecutionPhase(TestCaseExecutor.java:298)
	at com.kms.katalon.core.main.TestCaseExecutor.accessMainPhase(TestCaseExecutor.java:290)
	at com.kms.katalon.core.main.TestCaseExecutor.execute(TestCaseExecutor.java:224)
	at com.kms.katalon.core.main.TestSuiteExecutor.accessTestCaseMainPhase(TestSuiteExecutor.java:129)
	at com.kms.katalon.core.main.TestSuiteExecutor.accessTestSuiteMainPhase(TestSuiteExecutor.java:112)
	at com.kms.katalon.core.main.TestSuiteExecutor.execute(TestSuiteExecutor.java:81)
	at com.kms.katalon.core.main.TestCaseMain.startTestSuite(TestCaseMain.java:149)
	at com.kms.katalon.core.main.TestCaseMain$startTestSuite$0.call(Unknown Source)
	at TempTestSuite1550140168959.run(TempTestSuite1550140168959.groovy:36)]]></system-out>
      <system-err><![CDATA[2019-02-14 12:29:31 - [TEST_SUITE][FAILED] - TS_EGMFullScenario: Test Cases/Event Group Management/TC_Verify_Insert FAILED.
Reason:
com.kms.katalon.core.exception.StepFailedException: Unable to set text 'EB2' of object '' (Root cause: com.kms.katalon.core.webui.exception.WebElementNotFoundException: Web element with id: '' located by 'By.xpath: //*[@id="app-form"]/div/app-body/div/div/div[2]/div[2]/app-event-categories-management-layout/div/div[1]/div/app-event-categories-management-search-fields/div/form/span/div/div/span/extended-input/div/div/div[2]/input' not found)
	at com.kms.katalon.core.keyword.internal.KeywordMain.stepFailed(KeywordMain.groovy:36)
	at com.kms.katalon.core.webui.keyword.internal.WebUIKeywordMain.stepFailed(WebUIKeywordMain.groovy:65)
	at com.kms.katalon.core.webui.keyword.internal.WebUIKeywordMain.runKeyword(WebUIKeywordMain.groovy:27)
	at com.kms.katalon.core.webui.keyword.builtin.SetTextKeyword.setText(SetTextKeyword.groovy:65)
	at com.kms.katalon.core.webui.keyword.builtin.SetTextKeyword.execute(SetTextKeyword.groovy:37)
	at com.kms.katalon.core.keyword.internal.KeywordExecutor.executeKeywordForPlatform(KeywordExecutor.groovy:53)
	at com.kms.katalon.core.webui.keyword.WebUiBuiltInKeywords.setText(WebUiBuiltInKeywords.groovy:950)
	at com.kms.katalon.core.webui.keyword.WebUiBuiltInKeywords$setText$0.call(Unknown Source)
	at pk_Functions.CS_SpecificPageData.DataFun(CS_SpecificPageData.groovy:82)
	at pk_Functions.CS_SpecificPageData.invokeMethod(CS_SpecificPageData.groovy)
	at com.kms.katalon.core.main.CustomKeywordDelegatingMetaClass.invokeStaticMethod(CustomKeywordDelegatingMetaClass.java:49)
	at TC_Verify_Insert.run(TC_Verify_Insert:18)
	at com.kms.katalon.core.main.ScriptEngine.run(ScriptEngine.java:194)
	at com.kms.katalon.core.main.ScriptEngine.runScriptAsRawText(ScriptEngine.java:119)
	at com.kms.katalon.core.main.TestCaseExecutor.runScript(TestCaseExecutor.java:328)
	at com.kms.katalon.core.main.TestCaseExecutor.doExecute(TestCaseExecutor.java:319)
	at com.kms.katalon.core.main.TestCaseExecutor.processExecutionPhase(TestCaseExecutor.java:298)
	at com.kms.katalon.core.main.TestCaseExecutor.accessMainPhase(TestCaseExecutor.java:290)
	at com.kms.katalon.core.main.TestCaseExecutor.execute(TestCaseExecutor.java:224)
	at com.kms.katalon.core.main.TestSuiteExecutor.accessTestCaseMainPhase(TestSuiteExecutor.java:129)
	at com.kms.katalon.core.main.TestSuiteExecutor.accessTestSuiteMainPhase(TestSuiteExecutor.java:112)
	at com.kms.katalon.core.main.TestSuiteExecutor.execute(TestSuiteExecutor.java:81)
	at com.kms.katalon.core.main.TestCaseMain.startTestSuite(TestCaseMain.java:149)
	at com.kms.katalon.core.main.TestCaseMain$startTestSuite$0.call(Unknown Source)
	at TempTestSuite1550140168959.run(TempTestSuite1550140168959.groovy:36)]]></system-err>
   </testsuite>
</testsuites>
