<?xml version="1.0" encoding="UTF-8"?>
<testsuites name="TS_ClickUpdate_Delete" time="65" tests="8" failures="0" errors="0">
   <testsuite name="TS_ClickUpdate_Delete" tests="8" failures="0" errors="0" time="65" timestamp="2019-02-13 14:50:06" hostname="Ebtehal Gamal Yusuf - LPALXY0199.ejadaalex.local" id="Test Suites/Event Group Management/TS_ClickUpdate_Delete">
      <properties>
         <property name="deviceName" value=""/>
         <property name="devicePlatform" value=""/>
         <property name="logFolder" value="C:\\Users\\Administrator\\git\\MOF\\Reports\\Event Group Management\\TS_ClickUpdate_Delete\\20190213_145003"/>
         <property name="logFiles" value="C:\\Users\\Administrator\\git\\MOF\\Reports\\Event Group Management\\TS_ClickUpdate_Delete\\20190213_145003\\execution0.log"/>
         <property name="attachments" value=""/>
         <property name="hostName" value="Ebtehal Gamal Yusuf - LPALXY0199.ejadaalex.local"/>
         <property name="os" value="Windows 7 64bit"/>
         <property name="katalonVersion" value="5.10.1.1"/>
         <property name="browser" value="Chrome 72.0.3626.96"/>
         <property name="hostAddress" value="192.168.3.51"/>
         <property name="sessionId" value="0e116e10019f2e154fd890815e11fe86"/>
         <property name="seleniumVersion" value="3.7.1"/>
         <property name="proxyInformation" value="ProxyInformation{proxyOption=NO_PROXY, proxyServerType=HTTP, password=, proxyServerAddress=, proxyServerPort=0}"/>
         <property name="platform" value="Windows 7"/>
      </properties>
      <testcase name="Test Cases/TC_Login" classname="Test Cases/TC_Login" status="PASSED">
         <system-out><![CDATA[2019-02-13 14:50:06 - [TEST_CASE][PASSED] - Test Cases/TC_Login: Test Cases/TC_Login

2019-02-13 14:50:07 - [TEST_STEP][PASSED] - pk_Functions.CS_Login.LoginFun(findTestObject(null), "http://192.168.0.190:8080/mof/#/", findTestObject("Login/Username"), findTestObject("Login/Password"), "AAttia", "123", findTestObject("Login/Login")): pk_Functions.CS_Login.LoginFun is PASSED

2019-02-13 14:50:07 - [MESSAGE][WARNING] - Test object id is null

2019-02-13 14:50:07 - [MESSAGE][INFO] - Starting 'Chrome' driver

2019-02-13 14:50:07 - [MESSAGE][INFO] - Action delay is set to 0 seconds

2019-02-13 14:50:21 - [MESSAGE][PASSED] - Browser is opened with url: 'http://192.168.0.190:8080/mof/#/'

2019-02-13 14:50:21 - [MESSAGE][PASSED] - Text 'AAttia' is set on object 'Object Repository/Login/Username'

2019-02-13 14:50:22 - [MESSAGE][PASSED] - Text '123' is set on object 'Object Repository/Login/Password'

2019-02-13 14:50:22 - [MESSAGE][PASSED] - Object: 'Object Repository/Login/Login' is clicked on

2019-02-13 14:50:22 - [MESSAGE][PASSED] - pk_Functions.CS_Login.LoginFun is PASSED]]></system-out>
         <system-err><![CDATA[]]></system-err>
      </testcase>
      <testcase name="Test Cases/Event Group Management/TC_Select_Screen" classname="Test Cases/Event Group Management/TC_Select_Screen" status="PASSED">
         <system-out><![CDATA[2019-02-13 14:50:22 - [TEST_CASE][PASSED] - Test Cases/Event Group Management/TC_Select_Screen: Test Cases/Event Group Management/TC_Select_Screen

2019-02-13 14:50:22 - [TEST_STEP][PASSED] - click(findTestObject("NE_SideMenu")): Object: 'Object Repository/NE_SideMenu' is clicked on

2019-02-13 14:50:25 - [MESSAGE][PASSED] - Object: 'Object Repository/NE_SideMenu' is clicked on

2019-02-13 14:50:25 - [TEST_STEP][PASSED] - click(findTestObject("NE_EventGroupManagement")): Object: 'Object Repository/NE_EventGroupManagement' is clicked on

2019-02-13 14:50:25 - [MESSAGE][PASSED] - Object: 'Object Repository/NE_EventGroupManagement' is clicked on

2019-02-13 14:50:25 - [TEST_STEP][PASSED] - click(findTestObject("Event Group Managemnt/BTN_Search")): Object: 'Object Repository/Event Group Managemnt/BTN_Search' is clicked on

2019-02-13 14:50:27 - [MESSAGE][PASSED] - Object: 'Object Repository/Event Group Managemnt/BTN_Search' is clicked on

2019-02-13 14:50:27 - [TEST_STEP][PASSED] - delay(2): Delayed 2 second(s)

2019-02-13 14:50:29 - [MESSAGE][PASSED] - Delayed 2 second(s)]]></system-out>
         <system-err><![CDATA[]]></system-err>
      </testcase>
      <testcase name="Test Cases/Event Group Management/TC_Click on Search Button" classname="Test Cases/Event Group Management/TC_Click on Search Button" status="PASSED">
         <system-out><![CDATA[2019-02-13 14:50:29 - [TEST_CASE][PASSED] - Test Cases/Event Group Management/TC_Click on Search Button: Test Cases/Event Group Management/TC_Click on Search Button

2019-02-13 14:50:29 - [TEST_STEP][PASSED] - click(findTestObject("Event Group Managemnt/BTN_Clear")): Object: 'Object Repository/Event Group Managemnt/BTN_Clear' is clicked on

2019-02-13 14:50:29 - [MESSAGE][PASSED] - Object: 'Object Repository/Event Group Managemnt/BTN_Clear' is clicked on

2019-02-13 14:50:29 - [TEST_STEP][PASSED] - delay(2): Delayed 2 second(s)

2019-02-13 14:50:31 - [MESSAGE][PASSED] - Delayed 2 second(s)

2019-02-13 14:50:31 - [TEST_STEP][PASSED] - click(findTestObject("Event Group Managemnt/BTN_Search")): Object: 'Object Repository/Event Group Managemnt/BTN_Search' is clicked on

2019-02-13 14:50:31 - [MESSAGE][PASSED] - Object: 'Object Repository/Event Group Managemnt/BTN_Search' is clicked on

2019-02-13 14:50:31 - [TEST_STEP][PASSED] - delay(1): Delayed 1 second(s)

2019-02-13 14:50:32 - [MESSAGE][PASSED] - Delayed 1 second(s)]]></system-out>
         <system-err><![CDATA[]]></system-err>
      </testcase>
      <testcase name="Test Cases/Event Group Management/TC_View_Records" classname="Test Cases/Event Group Management/TC_View_Records" status="PASSED">
         <system-out><![CDATA[2019-02-13 14:50:32 - [TEST_CASE][PASSED] - Test Cases/Event Group Management/TC_View_Records: Test Cases/Event Group Management/TC_View_Records

2019-02-13 14:50:33 - [TEST_STEP][PASSED] - if (ActionType == "ViewYes"): Object: 'Object Repository/Event Group Managemnt/BTN_Back (1)' is clicked on

2019-02-13 14:50:33 - [TEST_STEP][PASSED] - delay(1): Delayed 1 second(s)

2019-02-13 14:50:34 - [MESSAGE][PASSED] - Delayed 1 second(s)

2019-02-13 14:50:34 - [TEST_STEP][PASSED] - pk_Functions.CS_ClickingonUpdateorDeletebuttonwithpagination.SelectRecordFromWebtableFun(ActionType, 0, 3, "Event Group Management/MOF_NE_Event Group ManagementObjectRepository", "Sheet1", Code): pk_Functions.CS_ClickingonUpdateorDeletebuttonwithpagination.SelectRecordFromWebtableFun is PASSED

2019-02-13 14:50:35 - [MESSAGE][PASSED] - Object: '' is clicked on

2019-02-13 14:50:37 - [MESSAGE][PASSED] - Delayed 2 second(s)

2019-02-13 14:50:39 - [MESSAGE][PASSED] - Delayed 2 second(s)

2019-02-13 14:50:39 - [MESSAGE][PASSED] - Attribute 'tabindex' of object '' is: '0'

2019-02-13 14:50:39 - [MESSAGE][PASSED] - Attribute 'tabindex' of object '' is: '0'

2019-02-13 14:50:41 - [MESSAGE][PASSED] - Delayed 2 second(s)

2019-02-13 14:50:42 - [MESSAGE][PASSED] - Delayed 1 second(s)

2019-02-13 14:50:43 - [MESSAGE][PASSED] - Delayed 1 second(s)

2019-02-13 14:50:44 - [MESSAGE][PASSED] - Delayed 1 second(s)

2019-02-13 14:50:45 - [MESSAGE][PASSED] - Delayed 1 second(s)

2019-02-13 14:50:46 - [MESSAGE][PASSED] - Delayed 1 second(s)

2019-02-13 14:50:47 - [MESSAGE][PASSED] - Delayed 1 second(s)

2019-02-13 14:50:48 - [MESSAGE][PASSED] - Delayed 1 second(s)

2019-02-13 14:50:49 - [MESSAGE][PASSED] - Delayed 1 second(s)

2019-02-13 14:50:50 - [MESSAGE][PASSED] - Delayed 1 second(s)

2019-02-13 14:50:51 - [MESSAGE][PASSED] - Delayed 1 second(s)

2019-02-13 14:50:52 - [MESSAGE][PASSED] - Delayed 1 second(s)

2019-02-13 14:50:53 - [MESSAGE][PASSED] - Delayed 1 second(s)

2019-02-13 14:50:54 - [MESSAGE][PASSED] - Delayed 1 second(s)

2019-02-13 14:50:54 - [MESSAGE][PASSED] - Attribute 'tabindex' of object '' is: '0'

2019-02-13 14:50:56 - [MESSAGE][PASSED] - Delayed 2 second(s)

2019-02-13 14:50:56 - [MESSAGE][PASSED] - Object: '' is clicked on

2019-02-13 14:50:57 - [MESSAGE][PASSED] - Delayed 1 second(s)

2019-02-13 14:50:58 - [MESSAGE][PASSED] - Delayed 1 second(s)

2019-02-13 14:50:59 - [MESSAGE][PASSED] - Delayed 1 second(s)

2019-02-13 14:51:01 - [MESSAGE][PASSED] - Delayed 1 second(s)

2019-02-13 14:51:02 - [MESSAGE][PASSED] - Delayed 1 second(s)

2019-02-13 14:51:03 - [MESSAGE][PASSED] - Delayed 1 second(s)

2019-02-13 14:51:04 - [MESSAGE][PASSED] - Delayed 1 second(s)

2019-02-13 14:51:05 - [MESSAGE][PASSED] - Delayed 1 second(s)

2019-02-13 14:51:06 - [MESSAGE][PASSED] - Delayed 1 second(s)

2019-02-13 14:51:07 - [MESSAGE][PASSED] - Delayed 1 second(s)

2019-02-13 14:51:07 - [MESSAGE][PASSED] - pk_Functions.CS_ClickingonUpdateorDeletebuttonwithpagination.SelectRecordFromWebtableFun is PASSED

2019-02-13 14:51:07 - [TEST_STEP][PASSED] - delay(2): Delayed 2 second(s)

2019-02-13 14:51:09 - [MESSAGE][PASSED] - Delayed 2 second(s)

2019-02-13 14:51:09 - [TEST_STEP][PASSED] - pk_Functions.CS_VerifyPageData.CheckMatching(["Arabic Description", "English Description"], "Event Group Management/MOF_NE_Event Group ManagementObjectRepository", "Sheet1", [ArabicDescription, EnglishDescription]): pk_Functions.CS_VerifyPageData.CheckMatching is PASSED

2019-02-13 14:51:09 - [MESSAGE][PASSED] - Attribute 'ng-reflect-model' of object '' is: 'English Description_1'

2019-02-13 14:51:09 - [MESSAGE][PASSED] - Actual text 'English Description_1' and expected text 'English Description_1' are matched 

2019-02-13 14:51:09 - [MESSAGE][PASSED] - Attribute 'ng-reflect-model' of object '' is: 'English Description_123'

2019-02-13 14:51:09 - [MESSAGE][PASSED] - Actual text 'English Description_123' and expected text 'English Description_123' are matched 

2019-02-13 14:51:09 - [MESSAGE][PASSED] - pk_Functions.CS_VerifyPageData.CheckMatching is PASSED

2019-02-13 14:51:09 - [TEST_STEP][PASSED] - delay(2): Delayed 2 second(s)

2019-02-13 14:51:11 - [MESSAGE][PASSED] - Delayed 2 second(s)

2019-02-13 14:51:11 - [TEST_STEP][PASSED] - click(findTestObject("Event Group Managemnt/BTN_Back (1)")): Object: 'Object Repository/Event Group Managemnt/BTN_Back (1)' is clicked on

2019-02-13 14:51:11 - [MESSAGE][PASSED] - Object: 'Object Repository/Event Group Managemnt/BTN_Back (1)' is clicked on]]></system-out>
         <system-err><![CDATA[]]></system-err>
      </testcase>
      <testcase name="Test Cases/Event Group Management/TC_View_Records" classname="Test Cases/Event Group Management/TC_View_Records" status="PASSED">
         <system-out><![CDATA[2019-02-13 14:51:11 - [TEST_CASE][PASSED] - Test Cases/Event Group Management/TC_View_Records: Test Cases/Event Group Management/TC_View_Records

2019-02-13 14:51:11 - [TEST_STEP][PASSED] - if (ActionType == "ViewYes"): null]]></system-out>
         <system-err><![CDATA[]]></system-err>
      </testcase>
      <testcase name="Test Cases/Event Group Management/TC_View_Records" classname="Test Cases/Event Group Management/TC_View_Records" status="PASSED">
         <system-out><![CDATA[2019-02-13 14:51:11 - [TEST_CASE][PASSED] - Test Cases/Event Group Management/TC_View_Records: Test Cases/Event Group Management/TC_View_Records

2019-02-13 14:51:11 - [TEST_STEP][PASSED] - if (ActionType == "ViewYes"): null]]></system-out>
         <system-err><![CDATA[]]></system-err>
      </testcase>
      <testcase name="Test Cases/Event Group Management/TC_View_Records" classname="Test Cases/Event Group Management/TC_View_Records" status="PASSED">
         <system-out><![CDATA[2019-02-13 14:51:11 - [TEST_CASE][PASSED] - Test Cases/Event Group Management/TC_View_Records: Test Cases/Event Group Management/TC_View_Records

2019-02-13 14:51:12 - [TEST_STEP][PASSED] - if (ActionType == "ViewYes"): null]]></system-out>
         <system-err><![CDATA[]]></system-err>
      </testcase>
      <testcase name="Test Cases/Event Group Management/TC_View_Records" classname="Test Cases/Event Group Management/TC_View_Records" status="PASSED">
         <system-out><![CDATA[2019-02-13 14:51:12 - [TEST_CASE][PASSED] - Test Cases/Event Group Management/TC_View_Records: Test Cases/Event Group Management/TC_View_Records

2019-02-13 14:51:12 - [TEST_STEP][PASSED] - if (ActionType == "ViewYes"): null]]></system-out>
         <system-err><![CDATA[]]></system-err>
      </testcase>
      <system-out><![CDATA[2019-02-13 14:50:06 - [TEST_SUITE][PASSED] - TS_ClickUpdate_Delete: Test Cases/Event Group Management/TC_View_Records]]></system-out>
      <system-err><![CDATA[]]></system-err>
   </testsuite>
</testsuites>
