<?xml version="1.0" encoding="UTF-8"?>
<testsuites name="TS_EGMFullScenario" time="206" tests="23" failures="0" errors="0">
   <testsuite name="TS_EGMFullScenario" tests="23" failures="0" errors="0" time="206" timestamp="2019-02-19 14:48:06" hostname="aeibrahim - LPALXY0477.ejadaalex.local" id="Test Suites/Event Group Management/TS_EGMFullScenario">
      <properties>
         <property name="deviceName" value=""/>
         <property name="devicePlatform" value=""/>
         <property name="logFolder" value="C:\\Users\\aeibrahim\\git\\MOF\\Reports\\Event Group Management\\TS_EGMFullScenario\\20190219_144803"/>
         <property name="logFiles" value="C:\\Users\\aeibrahim\\git\\MOF\\Reports\\Event Group Management\\TS_EGMFullScenario\\20190219_144803\\execution0.log"/>
         <property name="attachments" value=""/>
         <property name="hostName" value="aeibrahim - LPALXY0477.ejadaalex.local"/>
         <property name="os" value="Windows 10 64bit"/>
         <property name="katalonVersion" value="5.10.1.1"/>
         <property name="browser" value="Chrome 72.0.3626.109"/>
         <property name="hostAddress" value="192.168.3.64"/>
         <property name="sessionId" value="29c829220ded73e97d67cd5ed01c23e5"/>
         <property name="seleniumVersion" value="3.7.1"/>
         <property name="proxyInformation" value="ProxyInformation{proxyOption=NO_PROXY, proxyServerType=HTTP, password=, proxyServerAddress=, proxyServerPort=0}"/>
         <property name="platform" value="Windows 10"/>
      </properties>
      <testcase name="Test Cases/TC_Login" classname="Test Cases/TC_Login" status="PASSED">
         <system-out><![CDATA[2019-02-19 14:48:06 - [TEST_CASE][PASSED] - Test Cases/TC_Login: Test Cases/TC_Login

2019-02-19 14:48:07 - [TEST_STEP][PASSED] - pk_Functions.CS_Login.LoginFun(findTestObject(null), "http://192.168.0.190:8080/mof/#/", findTestObject("Login/Username"), findTestObject("Login/Password"), "AAttia", "123", findTestObject("Login/Login")): pk_Functions.CS_Login.LoginFun is PASSED

2019-02-19 14:48:07 - [MESSAGE][WARNING] - Test object id is null

2019-02-19 14:48:07 - [MESSAGE][INFO] - Starting 'Chrome' driver

2019-02-19 14:48:07 - [MESSAGE][INFO] - Action delay is set to 0 seconds

2019-02-19 14:48:19 - [MESSAGE][PASSED] - Browser is opened with url: 'http://192.168.0.190:8080/mof/#/'

2019-02-19 14:48:19 - [MESSAGE][PASSED] - Text 'AAttia' is set on object 'Object Repository/Login/Username'

2019-02-19 14:48:19 - [MESSAGE][PASSED] - Text '123' is set on object 'Object Repository/Login/Password'

2019-02-19 14:48:19 - [MESSAGE][PASSED] - Object: 'Object Repository/Login/Login' is clicked on

2019-02-19 14:48:19 - [MESSAGE][PASSED] - pk_Functions.CS_Login.LoginFun is PASSED

2019-02-19 14:48:19 - [TEST_STEP][PASSED] - maximizeWindow(): Current window maximized

2019-02-19 14:48:20 - [MESSAGE][PASSED] - Current window maximized]]></system-out>
         <system-err><![CDATA[]]></system-err>
      </testcase>
      <testcase name="Test Cases/Event Group Management/TC_Select_Screen" classname="Test Cases/Event Group Management/TC_Select_Screen" status="PASSED">
         <system-out><![CDATA[2019-02-19 14:48:20 - [TEST_CASE][PASSED] - Test Cases/Event Group Management/TC_Select_Screen: Test Cases/Event Group Management/TC_Select_Screen

2019-02-19 14:48:21 - [TEST_STEP][PASSED] - click(findTestObject("NE_SideMenu")): Object: 'Object Repository/NE_SideMenu' is clicked on

2019-02-19 14:48:21 - [MESSAGE][PASSED] - Object: 'Object Repository/NE_SideMenu' is clicked on

2019-02-19 14:48:21 - [TEST_STEP][PASSED] - click(findTestObject("NE_EventGroupManagement")): Object: 'Object Repository/NE_EventGroupManagement' is clicked on

2019-02-19 14:48:21 - [MESSAGE][PASSED] - Object: 'Object Repository/NE_EventGroupManagement' is clicked on

2019-02-19 14:48:21 - [TEST_STEP][PASSED] - click(findTestObject("Event Group Managemnt/BTN_Search")): Object: 'Object Repository/Event Group Managemnt/BTN_Search' is clicked on

2019-02-19 14:48:22 - [MESSAGE][PASSED] - Object: 'Object Repository/Event Group Managemnt/BTN_Search' is clicked on

2019-02-19 14:48:22 - [TEST_STEP][PASSED] - delay(2): Delayed 2 second(s)

2019-02-19 14:48:24 - [MESSAGE][PASSED] - Delayed 2 second(s)]]></system-out>
         <system-err><![CDATA[]]></system-err>
      </testcase>
      <testcase name="Test Cases/Event Group Management/TC_Insert_Records" classname="Test Cases/Event Group Management/TC_Insert_Records" status="PASSED">
         <system-out><![CDATA[2019-02-19 14:48:24 - [TEST_CASE][PASSED] - Test Cases/Event Group Management/TC_Insert_Records: Test Cases/Event Group Management/TC_Insert_Records

2019-02-19 14:48:24 - [TEST_STEP][PASSED] - click(findTestObject("Event Group Managemnt/BTN_Insert")): Object: 'Object Repository/Event Group Managemnt/BTN_Insert' is clicked on

2019-02-19 14:48:25 - [MESSAGE][PASSED] - Object: 'Object Repository/Event Group Managemnt/BTN_Insert' is clicked on

2019-02-19 14:48:25 - [TEST_STEP][PASSED] - pk_Functions.CS_AllPageData.AllPageDataFun("Event Group Management/MOF_NE_Event Group ManagementObjectRepository", "Sheet1", [code, arabic_des, english_des]): pk_Functions.CS_AllPageData.AllPageDataFun is PASSED

2019-02-19 14:48:27 - [MESSAGE][PASSED] - Delayed 1 second(s)

2019-02-19 14:48:27 - [MESSAGE][PASSED] - Text 'EB2' is set on object ''

2019-02-19 14:48:28 - [MESSAGE][PASSED] - Delayed 1 second(s)

2019-02-19 14:48:28 - [MESSAGE][PASSED] - Text 'English Description_1' is set on object ''

2019-02-19 14:48:29 - [MESSAGE][PASSED] - Delayed 1 second(s)

2019-02-19 14:48:29 - [MESSAGE][PASSED] - Text 'English Description_123' is set on object ''

2019-02-19 14:48:29 - [MESSAGE][PASSED] - pk_Functions.CS_AllPageData.AllPageDataFun is PASSED

2019-02-19 14:48:29 - [TEST_STEP][PASSED] - click(findTestObject("BTN_Save")): Object: 'Object Repository/BTN_Save' is clicked on

2019-02-19 14:48:29 - [MESSAGE][PASSED] - Object: 'Object Repository/BTN_Save' is clicked on

2019-02-19 14:48:29 - [TEST_STEP][PASSED] - delay(3): Delayed 3 second(s)

2019-02-19 14:48:32 - [MESSAGE][PASSED] - Delayed 3 second(s)

2019-02-19 14:48:32 - [TEST_STEP][PASSED] - click(findTestObject("Event Group Managemnt/BTN_Back (1)")): Object: 'Object Repository/Event Group Managemnt/BTN_Back (1)' is clicked on

2019-02-19 14:48:32 - [MESSAGE][PASSED] - Object: 'Object Repository/Event Group Managemnt/BTN_Back (1)' is clicked on

2019-02-19 14:48:32 - [TEST_STEP][PASSED] - delay(3): Delayed 3 second(s)

2019-02-19 14:48:35 - [MESSAGE][PASSED] - Delayed 3 second(s)]]></system-out>
         <system-err><![CDATA[]]></system-err>
      </testcase>
      <testcase name="Test Cases/Event Group Management/TC_Insert_Records" classname="Test Cases/Event Group Management/TC_Insert_Records" status="PASSED">
         <system-out><![CDATA[2019-02-19 14:48:35 - [TEST_CASE][PASSED] - Test Cases/Event Group Management/TC_Insert_Records: Test Cases/Event Group Management/TC_Insert_Records

2019-02-19 14:48:35 - [TEST_STEP][PASSED] - click(findTestObject("Event Group Managemnt/BTN_Insert")): Object: 'Object Repository/Event Group Managemnt/BTN_Insert' is clicked on

2019-02-19 14:48:36 - [MESSAGE][PASSED] - Object: 'Object Repository/Event Group Managemnt/BTN_Insert' is clicked on

2019-02-19 14:48:36 - [TEST_STEP][PASSED] - pk_Functions.CS_AllPageData.AllPageDataFun("Event Group Management/MOF_NE_Event Group ManagementObjectRepository", "Sheet1", [code, arabic_des, english_des]): pk_Functions.CS_AllPageData.AllPageDataFun is PASSED

2019-02-19 14:48:37 - [MESSAGE][PASSED] - Delayed 1 second(s)

2019-02-19 14:48:37 - [MESSAGE][PASSED] - Text 'EB3' is set on object ''

2019-02-19 14:48:38 - [MESSAGE][PASSED] - Delayed 1 second(s)

2019-02-19 14:48:38 - [MESSAGE][PASSED] - Text 'English Description_2' is set on object ''

2019-02-19 14:48:39 - [MESSAGE][PASSED] - Delayed 1 second(s)

2019-02-19 14:48:39 - [MESSAGE][PASSED] - Text 'English Description_2' is set on object ''

2019-02-19 14:48:39 - [MESSAGE][PASSED] - pk_Functions.CS_AllPageData.AllPageDataFun is PASSED

2019-02-19 14:48:39 - [TEST_STEP][PASSED] - click(findTestObject("BTN_Save")): Object: 'Object Repository/BTN_Save' is clicked on

2019-02-19 14:48:39 - [MESSAGE][PASSED] - Object: 'Object Repository/BTN_Save' is clicked on

2019-02-19 14:48:39 - [TEST_STEP][PASSED] - delay(3): Delayed 3 second(s)

2019-02-19 14:48:42 - [MESSAGE][PASSED] - Delayed 3 second(s)

2019-02-19 14:48:42 - [TEST_STEP][PASSED] - click(findTestObject("Event Group Managemnt/BTN_Back (1)")): Object: 'Object Repository/Event Group Managemnt/BTN_Back (1)' is clicked on

2019-02-19 14:48:42 - [MESSAGE][PASSED] - Object: 'Object Repository/Event Group Managemnt/BTN_Back (1)' is clicked on

2019-02-19 14:48:42 - [TEST_STEP][PASSED] - delay(3): Delayed 3 second(s)

2019-02-19 14:48:45 - [MESSAGE][PASSED] - Delayed 3 second(s)]]></system-out>
         <system-err><![CDATA[]]></system-err>
      </testcase>
      <testcase name="Test Cases/Event Group Management/TC_Insert_Records" classname="Test Cases/Event Group Management/TC_Insert_Records" status="PASSED">
         <system-out><![CDATA[2019-02-19 14:48:45 - [TEST_CASE][PASSED] - Test Cases/Event Group Management/TC_Insert_Records: Test Cases/Event Group Management/TC_Insert_Records

2019-02-19 14:48:45 - [TEST_STEP][PASSED] - click(findTestObject("Event Group Managemnt/BTN_Insert")): Object: 'Object Repository/Event Group Managemnt/BTN_Insert' is clicked on

2019-02-19 14:48:46 - [MESSAGE][PASSED] - Object: 'Object Repository/Event Group Managemnt/BTN_Insert' is clicked on

2019-02-19 14:48:46 - [TEST_STEP][PASSED] - pk_Functions.CS_AllPageData.AllPageDataFun("Event Group Management/MOF_NE_Event Group ManagementObjectRepository", "Sheet1", [code, arabic_des, english_des]): pk_Functions.CS_AllPageData.AllPageDataFun is PASSED

2019-02-19 14:48:47 - [MESSAGE][PASSED] - Delayed 1 second(s)

2019-02-19 14:48:47 - [MESSAGE][PASSED] - Text 'EB4' is set on object ''

2019-02-19 14:48:48 - [MESSAGE][PASSED] - Delayed 1 second(s)

2019-02-19 14:48:48 - [MESSAGE][PASSED] - Text 'English Description_3' is set on object ''

2019-02-19 14:48:49 - [MESSAGE][PASSED] - Delayed 1 second(s)

2019-02-19 14:48:49 - [MESSAGE][PASSED] - Text 'English Description_3' is set on object ''

2019-02-19 14:48:49 - [MESSAGE][PASSED] - pk_Functions.CS_AllPageData.AllPageDataFun is PASSED

2019-02-19 14:48:49 - [TEST_STEP][PASSED] - click(findTestObject("BTN_Save")): Object: 'Object Repository/BTN_Save' is clicked on

2019-02-19 14:48:49 - [MESSAGE][PASSED] - Object: 'Object Repository/BTN_Save' is clicked on

2019-02-19 14:48:49 - [TEST_STEP][PASSED] - delay(3): Delayed 3 second(s)

2019-02-19 14:48:52 - [MESSAGE][PASSED] - Delayed 3 second(s)

2019-02-19 14:48:52 - [TEST_STEP][PASSED] - click(findTestObject("Event Group Managemnt/BTN_Back (1)")): Object: 'Object Repository/Event Group Managemnt/BTN_Back (1)' is clicked on

2019-02-19 14:48:52 - [MESSAGE][PASSED] - Object: 'Object Repository/Event Group Managemnt/BTN_Back (1)' is clicked on

2019-02-19 14:48:52 - [TEST_STEP][PASSED] - delay(3): Delayed 3 second(s)

2019-02-19 14:48:55 - [MESSAGE][PASSED] - Delayed 3 second(s)]]></system-out>
         <system-err><![CDATA[]]></system-err>
      </testcase>
      <testcase name="Test Cases/Event Group Management/TC_Insert_Records" classname="Test Cases/Event Group Management/TC_Insert_Records" status="PASSED">
         <system-out><![CDATA[2019-02-19 14:48:56 - [TEST_CASE][PASSED] - Test Cases/Event Group Management/TC_Insert_Records: Test Cases/Event Group Management/TC_Insert_Records

2019-02-19 14:48:56 - [TEST_STEP][PASSED] - click(findTestObject("Event Group Managemnt/BTN_Insert")): Object: 'Object Repository/Event Group Managemnt/BTN_Insert' is clicked on

2019-02-19 14:48:56 - [MESSAGE][PASSED] - Object: 'Object Repository/Event Group Managemnt/BTN_Insert' is clicked on

2019-02-19 14:48:56 - [TEST_STEP][PASSED] - pk_Functions.CS_AllPageData.AllPageDataFun("Event Group Management/MOF_NE_Event Group ManagementObjectRepository", "Sheet1", [code, arabic_des, english_des]): pk_Functions.CS_AllPageData.AllPageDataFun is PASSED

2019-02-19 14:48:57 - [MESSAGE][PASSED] - Delayed 1 second(s)

2019-02-19 14:48:57 - [MESSAGE][PASSED] - Text 'EB5' is set on object ''

2019-02-19 14:48:58 - [MESSAGE][PASSED] - Delayed 1 second(s)

2019-02-19 14:48:58 - [MESSAGE][PASSED] - Text 'English Description_4' is set on object ''

2019-02-19 14:48:59 - [MESSAGE][PASSED] - Delayed 1 second(s)

2019-02-19 14:48:59 - [MESSAGE][PASSED] - Text 'English Description_4' is set on object ''

2019-02-19 14:48:59 - [MESSAGE][PASSED] - pk_Functions.CS_AllPageData.AllPageDataFun is PASSED

2019-02-19 14:48:59 - [TEST_STEP][PASSED] - click(findTestObject("BTN_Save")): Object: 'Object Repository/BTN_Save' is clicked on

2019-02-19 14:49:00 - [MESSAGE][PASSED] - Object: 'Object Repository/BTN_Save' is clicked on

2019-02-19 14:49:00 - [TEST_STEP][PASSED] - delay(3): Delayed 3 second(s)

2019-02-19 14:49:03 - [MESSAGE][PASSED] - Delayed 3 second(s)

2019-02-19 14:49:03 - [TEST_STEP][PASSED] - click(findTestObject("Event Group Managemnt/BTN_Back (1)")): Object: 'Object Repository/Event Group Managemnt/BTN_Back (1)' is clicked on

2019-02-19 14:49:03 - [MESSAGE][PASSED] - Object: 'Object Repository/Event Group Managemnt/BTN_Back (1)' is clicked on

2019-02-19 14:49:03 - [TEST_STEP][PASSED] - delay(3): Delayed 3 second(s)

2019-02-19 14:49:06 - [MESSAGE][PASSED] - Delayed 3 second(s)]]></system-out>
         <system-err><![CDATA[]]></system-err>
      </testcase>
      <testcase name="Test Cases/Event Group Management/TC_Insert_Records" classname="Test Cases/Event Group Management/TC_Insert_Records" status="PASSED">
         <system-out><![CDATA[2019-02-19 14:49:06 - [TEST_CASE][PASSED] - Test Cases/Event Group Management/TC_Insert_Records: Test Cases/Event Group Management/TC_Insert_Records

2019-02-19 14:49:06 - [TEST_STEP][PASSED] - click(findTestObject("Event Group Managemnt/BTN_Insert")): Object: 'Object Repository/Event Group Managemnt/BTN_Insert' is clicked on

2019-02-19 14:49:06 - [MESSAGE][PASSED] - Object: 'Object Repository/Event Group Managemnt/BTN_Insert' is clicked on

2019-02-19 14:49:06 - [TEST_STEP][PASSED] - pk_Functions.CS_AllPageData.AllPageDataFun("Event Group Management/MOF_NE_Event Group ManagementObjectRepository", "Sheet1", [code, arabic_des, english_des]): pk_Functions.CS_AllPageData.AllPageDataFun is PASSED

2019-02-19 14:49:07 - [MESSAGE][PASSED] - Delayed 1 second(s)

2019-02-19 14:49:07 - [MESSAGE][PASSED] - Text 'z12' is set on object ''

2019-02-19 14:49:08 - [MESSAGE][PASSED] - Delayed 1 second(s)

2019-02-19 14:49:08 - [MESSAGE][PASSED] - Text 'English Description_4' is set on object ''

2019-02-19 14:49:09 - [MESSAGE][PASSED] - Delayed 1 second(s)

2019-02-19 14:49:09 - [MESSAGE][PASSED] - Text 'English Description_4' is set on object ''

2019-02-19 14:49:09 - [MESSAGE][PASSED] - pk_Functions.CS_AllPageData.AllPageDataFun is PASSED

2019-02-19 14:49:09 - [TEST_STEP][PASSED] - click(findTestObject("BTN_Save")): Object: 'Object Repository/BTN_Save' is clicked on

2019-02-19 14:49:10 - [MESSAGE][PASSED] - Object: 'Object Repository/BTN_Save' is clicked on

2019-02-19 14:49:10 - [TEST_STEP][PASSED] - delay(3): Delayed 3 second(s)

2019-02-19 14:49:13 - [MESSAGE][PASSED] - Delayed 3 second(s)

2019-02-19 14:49:13 - [TEST_STEP][PASSED] - click(findTestObject("Event Group Managemnt/BTN_Back (1)")): Object: 'Object Repository/Event Group Managemnt/BTN_Back (1)' is clicked on

2019-02-19 14:49:13 - [MESSAGE][PASSED] - Object: 'Object Repository/Event Group Managemnt/BTN_Back (1)' is clicked on

2019-02-19 14:49:13 - [TEST_STEP][PASSED] - delay(3): Delayed 3 second(s)

2019-02-19 14:49:16 - [MESSAGE][PASSED] - Delayed 3 second(s)]]></system-out>
         <system-err><![CDATA[]]></system-err>
      </testcase>
      <testcase name="Test Cases/Event Group Management/TC_Click on Search Button" classname="Test Cases/Event Group Management/TC_Click on Search Button" status="PASSED">
         <system-out><![CDATA[2019-02-19 14:49:16 - [TEST_CASE][PASSED] - Test Cases/Event Group Management/TC_Click on Search Button: Test Cases/Event Group Management/TC_Click on Search Button

2019-02-19 14:49:16 - [TEST_STEP][PASSED] - click(findTestObject("Event Group Managemnt/BTN_Clear")): Object: 'Object Repository/Event Group Managemnt/BTN_Clear' is clicked on

2019-02-19 14:49:16 - [MESSAGE][PASSED] - Object: 'Object Repository/Event Group Managemnt/BTN_Clear' is clicked on

2019-02-19 14:49:16 - [TEST_STEP][PASSED] - delay(2): Delayed 2 second(s)

2019-02-19 14:49:18 - [MESSAGE][PASSED] - Delayed 2 second(s)

2019-02-19 14:49:18 - [TEST_STEP][PASSED] - click(findTestObject("Event Group Managemnt/BTN_Search")): Object: 'Object Repository/Event Group Managemnt/BTN_Search' is clicked on

2019-02-19 14:49:18 - [MESSAGE][PASSED] - Object: 'Object Repository/Event Group Managemnt/BTN_Search' is clicked on

2019-02-19 14:49:18 - [TEST_STEP][PASSED] - delay(1): Delayed 1 second(s)

2019-02-19 14:49:19 - [MESSAGE][PASSED] - Delayed 1 second(s)]]></system-out>
         <system-err><![CDATA[]]></system-err>
      </testcase>
      <testcase name="Test Cases/Event Group Management/TC_View_Records" classname="Test Cases/Event Group Management/TC_View_Records" status="PASSED">
         <system-out><![CDATA[2019-02-19 14:49:19 - [TEST_CASE][PASSED] - Test Cases/Event Group Management/TC_View_Records: Test Cases/Event Group Management/TC_View_Records

2019-02-19 14:49:19 - [TEST_STEP][PASSED] - if (ActionType == "ViewYes"): null]]></system-out>
         <system-err><![CDATA[]]></system-err>
      </testcase>
      <testcase name="Test Cases/Event Group Management/TC_View_Records" classname="Test Cases/Event Group Management/TC_View_Records" status="PASSED">
         <system-out><![CDATA[2019-02-19 14:49:19 - [TEST_CASE][PASSED] - Test Cases/Event Group Management/TC_View_Records: Test Cases/Event Group Management/TC_View_Records

2019-02-19 14:49:19 - [TEST_STEP][PASSED] - if (ActionType == "ViewYes"): null]]></system-out>
         <system-err><![CDATA[]]></system-err>
      </testcase>
      <testcase name="Test Cases/Event Group Management/TC_View_Records" classname="Test Cases/Event Group Management/TC_View_Records" status="PASSED">
         <system-out><![CDATA[2019-02-19 14:49:19 - [TEST_CASE][PASSED] - Test Cases/Event Group Management/TC_View_Records: Test Cases/Event Group Management/TC_View_Records

2019-02-19 14:49:19 - [TEST_STEP][PASSED] - if (ActionType == "ViewYes"): null]]></system-out>
         <system-err><![CDATA[]]></system-err>
      </testcase>
      <testcase name="Test Cases/Event Group Management/TC_View_Records" classname="Test Cases/Event Group Management/TC_View_Records" status="PASSED">
         <system-out><![CDATA[2019-02-19 14:49:19 - [TEST_CASE][PASSED] - Test Cases/Event Group Management/TC_View_Records: Test Cases/Event Group Management/TC_View_Records

2019-02-19 14:49:19 - [TEST_STEP][PASSED] - if (ActionType == "ViewYes"): null]]></system-out>
         <system-err><![CDATA[]]></system-err>
      </testcase>
      <testcase name="Test Cases/Event Group Management/TC_View_Records" classname="Test Cases/Event Group Management/TC_View_Records" status="PASSED">
         <system-out><![CDATA[2019-02-19 14:49:19 - [TEST_CASE][PASSED] - Test Cases/Event Group Management/TC_View_Records: Test Cases/Event Group Management/TC_View_Records

2019-02-19 14:49:19 - [TEST_STEP][PASSED] - if (ActionType == "ViewYes"): null]]></system-out>
         <system-err><![CDATA[]]></system-err>
      </testcase>
      <testcase name="Test Cases/Event Group Management/TC_Delete_Records" classname="Test Cases/Event Group Management/TC_Delete_Records" status="PASSED">
         <system-out><![CDATA[2019-02-19 14:49:19 - [TEST_CASE][PASSED] - Test Cases/Event Group Management/TC_Delete_Records: Test Cases/Event Group Management/TC_Delete_Records

2019-02-19 14:49:20 - [TEST_STEP][PASSED] - if (ActionType): pk_Functions.CS_ClickingonActionButtonswithPagination.SelectRecordFromWebtableFun is PASSED

2019-02-19 14:49:20 - [TEST_STEP][PASSED] - pk_Functions.CS_ClickingonActionButtonswithPagination.SelectRecordFromWebtableFun(ActionType, 0, 3, "Event Group Management/MOF_NE_Event Group ManagementObjectRepository", "Sheet1", code): pk_Functions.CS_ClickingonActionButtonswithPagination.SelectRecordFromWebtableFun is PASSED

2019-02-19 14:49:20 - [MESSAGE][PASSED] - Object: '' is clicked on

2019-02-19 14:49:21 - [MESSAGE][PASSED] - Delayed 1 second(s)

2019-02-19 14:49:21 - [MESSAGE][PASSED] - Attribute 'tabindex' of object '' is: '0'

2019-02-19 14:49:22 - [MESSAGE][PASSED] - Delayed 1 second(s)

2019-02-19 14:49:23 - [MESSAGE][PASSED] - Delayed 1 second(s)

2019-02-19 14:49:23 - [MESSAGE][PASSED] - Attribute 'tabindex' of object '' is: '0'

2019-02-19 14:49:24 - [MESSAGE][PASSED] - Object: '' is clicked on

2019-02-19 14:49:25 - [MESSAGE][PASSED] - Delayed 1 second(s)

2019-02-19 14:49:26 - [MESSAGE][PASSED] - Delayed 1 second(s)

2019-02-19 14:49:27 - [MESSAGE][PASSED] - Delayed 1 second(s)

2019-02-19 14:49:27 - [MESSAGE][PASSED] - Object: '' is clicked on

2019-02-19 14:49:28 - [MESSAGE][PASSED] - Delayed 1 second(s)

2019-02-19 14:49:28 - [MESSAGE][PASSED] - Object: '' is clicked on

2019-02-19 14:49:29 - [MESSAGE][PASSED] - Delayed 1 second(s)

2019-02-19 14:49:29 - [MESSAGE][PASSED] - pk_Functions.CS_ClickingonActionButtonswithPagination.SelectRecordFromWebtableFun is PASSED

2019-02-19 14:49:29 - [TEST_STEP][PASSED] - delay(2): Delayed 2 second(s)

2019-02-19 14:49:31 - [MESSAGE][PASSED] - Delayed 2 second(s)]]></system-out>
         <system-err><![CDATA[]]></system-err>
      </testcase>
      <testcase name="Test Cases/Event Group Management/TC_Delete_Records" classname="Test Cases/Event Group Management/TC_Delete_Records" status="PASSED">
         <system-out><![CDATA[2019-02-19 14:49:31 - [TEST_CASE][PASSED] - Test Cases/Event Group Management/TC_Delete_Records: Test Cases/Event Group Management/TC_Delete_Records

2019-02-19 14:49:31 - [TEST_STEP][PASSED] - if (ActionType): pk_Functions.CS_ClickingonActionButtonswithPagination.SelectRecordFromWebtableFun is PASSED

2019-02-19 14:49:31 - [TEST_STEP][PASSED] - pk_Functions.CS_ClickingonActionButtonswithPagination.SelectRecordFromWebtableFun(ActionType, 0, 3, "Event Group Management/MOF_NE_Event Group ManagementObjectRepository", "Sheet1", code): pk_Functions.CS_ClickingonActionButtonswithPagination.SelectRecordFromWebtableFun is PASSED

2019-02-19 14:49:31 - [MESSAGE][PASSED] - Object: '' is clicked on

2019-02-19 14:49:32 - [MESSAGE][PASSED] - Delayed 1 second(s)

2019-02-19 14:49:32 - [MESSAGE][PASSED] - Attribute 'tabindex' of object '' is: '0'

2019-02-19 14:49:33 - [MESSAGE][PASSED] - Delayed 1 second(s)

2019-02-19 14:49:34 - [MESSAGE][PASSED] - Delayed 1 second(s)

2019-02-19 14:49:35 - [MESSAGE][PASSED] - Attribute 'tabindex' of object '' is: '0'

2019-02-19 14:49:35 - [MESSAGE][PASSED] - Object: '' is clicked on

2019-02-19 14:49:36 - [MESSAGE][PASSED] - Delayed 1 second(s)

2019-02-19 14:49:37 - [MESSAGE][PASSED] - Delayed 1 second(s)

2019-02-19 14:49:38 - [MESSAGE][PASSED] - Delayed 1 second(s)

2019-02-19 14:49:38 - [MESSAGE][PASSED] - Object: '' is clicked on

2019-02-19 14:49:39 - [MESSAGE][PASSED] - Delayed 1 second(s)

2019-02-19 14:49:39 - [MESSAGE][PASSED] - Object: '' is clicked on

2019-02-19 14:49:40 - [MESSAGE][PASSED] - Delayed 1 second(s)

2019-02-19 14:49:40 - [MESSAGE][PASSED] - pk_Functions.CS_ClickingonActionButtonswithPagination.SelectRecordFromWebtableFun is PASSED

2019-02-19 14:49:40 - [TEST_STEP][PASSED] - delay(2): Delayed 2 second(s)

2019-02-19 14:49:42 - [MESSAGE][PASSED] - Delayed 2 second(s)]]></system-out>
         <system-err><![CDATA[]]></system-err>
      </testcase>
      <testcase name="Test Cases/Event Group Management/TC_Delete_Records" classname="Test Cases/Event Group Management/TC_Delete_Records" status="PASSED">
         <system-out><![CDATA[2019-02-19 14:49:42 - [TEST_CASE][PASSED] - Test Cases/Event Group Management/TC_Delete_Records: Test Cases/Event Group Management/TC_Delete_Records

2019-02-19 14:49:42 - [TEST_STEP][PASSED] - if (ActionType): pk_Functions.CS_ClickingonActionButtonswithPagination.SelectRecordFromWebtableFun is PASSED

2019-02-19 14:49:42 - [TEST_STEP][PASSED] - pk_Functions.CS_ClickingonActionButtonswithPagination.SelectRecordFromWebtableFun(ActionType, 0, 3, "Event Group Management/MOF_NE_Event Group ManagementObjectRepository", "Sheet1", code): pk_Functions.CS_ClickingonActionButtonswithPagination.SelectRecordFromWebtableFun is PASSED

2019-02-19 14:49:43 - [MESSAGE][PASSED] - Object: '' is clicked on

2019-02-19 14:49:44 - [MESSAGE][PASSED] - Delayed 1 second(s)

2019-02-19 14:49:44 - [MESSAGE][PASSED] - Attribute 'tabindex' of object '' is: '0'

2019-02-19 14:49:45 - [MESSAGE][PASSED] - Delayed 1 second(s)

2019-02-19 14:49:46 - [MESSAGE][PASSED] - Delayed 1 second(s)

2019-02-19 14:49:46 - [MESSAGE][PASSED] - Attribute 'tabindex' of object '' is: '0'

2019-02-19 14:49:46 - [MESSAGE][PASSED] - Object: '' is clicked on

2019-02-19 14:49:47 - [MESSAGE][PASSED] - Delayed 1 second(s)

2019-02-19 14:49:48 - [MESSAGE][PASSED] - Delayed 1 second(s)

2019-02-19 14:49:50 - [MESSAGE][PASSED] - Delayed 1 second(s)

2019-02-19 14:49:50 - [MESSAGE][PASSED] - Object: '' is clicked on

2019-02-19 14:49:51 - [MESSAGE][PASSED] - Delayed 1 second(s)

2019-02-19 14:49:51 - [MESSAGE][PASSED] - Object: '' is clicked on

2019-02-19 14:49:52 - [MESSAGE][PASSED] - Delayed 1 second(s)

2019-02-19 14:49:52 - [MESSAGE][PASSED] - pk_Functions.CS_ClickingonActionButtonswithPagination.SelectRecordFromWebtableFun is PASSED

2019-02-19 14:49:52 - [TEST_STEP][PASSED] - delay(2): Delayed 2 second(s)

2019-02-19 14:49:54 - [MESSAGE][PASSED] - Delayed 2 second(s)]]></system-out>
         <system-err><![CDATA[]]></system-err>
      </testcase>
      <testcase name="Test Cases/Event Group Management/TC_Delete_Records" classname="Test Cases/Event Group Management/TC_Delete_Records" status="PASSED">
         <system-out><![CDATA[2019-02-19 14:49:54 - [TEST_CASE][PASSED] - Test Cases/Event Group Management/TC_Delete_Records: Test Cases/Event Group Management/TC_Delete_Records

2019-02-19 14:49:54 - [TEST_STEP][PASSED] - if (ActionType): pk_Functions.CS_ClickingonActionButtonswithPagination.SelectRecordFromWebtableFun is PASSED

2019-02-19 14:49:54 - [TEST_STEP][PASSED] - pk_Functions.CS_ClickingonActionButtonswithPagination.SelectRecordFromWebtableFun(ActionType, 0, 3, "Event Group Management/MOF_NE_Event Group ManagementObjectRepository", "Sheet1", code): pk_Functions.CS_ClickingonActionButtonswithPagination.SelectRecordFromWebtableFun is PASSED

2019-02-19 14:49:54 - [MESSAGE][PASSED] - Object: '' is clicked on

2019-02-19 14:49:55 - [MESSAGE][PASSED] - Delayed 1 second(s)

2019-02-19 14:49:55 - [MESSAGE][PASSED] - Attribute 'tabindex' of object '' is: '0'

2019-02-19 14:49:56 - [MESSAGE][PASSED] - Delayed 1 second(s)

2019-02-19 14:49:57 - [MESSAGE][PASSED] - Delayed 1 second(s)

2019-02-19 14:49:57 - [MESSAGE][PASSED] - Attribute 'tabindex' of object '' is: '0'

2019-02-19 14:49:57 - [MESSAGE][PASSED] - Object: '' is clicked on

2019-02-19 14:49:58 - [MESSAGE][PASSED] - Delayed 1 second(s)

2019-02-19 14:49:59 - [MESSAGE][PASSED] - Delayed 1 second(s)

2019-02-19 14:50:01 - [MESSAGE][PASSED] - Delayed 1 second(s)

2019-02-19 14:50:01 - [MESSAGE][PASSED] - Object: '' is clicked on

2019-02-19 14:50:02 - [MESSAGE][PASSED] - Delayed 1 second(s)

2019-02-19 14:50:02 - [MESSAGE][PASSED] - Object: '' is clicked on

2019-02-19 14:50:03 - [MESSAGE][PASSED] - Delayed 1 second(s)

2019-02-19 14:50:03 - [MESSAGE][PASSED] - pk_Functions.CS_ClickingonActionButtonswithPagination.SelectRecordFromWebtableFun is PASSED

2019-02-19 14:50:03 - [TEST_STEP][PASSED] - delay(2): Delayed 2 second(s)

2019-02-19 14:50:05 - [MESSAGE][PASSED] - Delayed 2 second(s)]]></system-out>
         <system-err><![CDATA[]]></system-err>
      </testcase>
      <testcase name="Test Cases/Event Group Management/TC_Delete_Records" classname="Test Cases/Event Group Management/TC_Delete_Records" status="PASSED">
         <system-out><![CDATA[2019-02-19 14:50:05 - [TEST_CASE][PASSED] - Test Cases/Event Group Management/TC_Delete_Records: Test Cases/Event Group Management/TC_Delete_Records

2019-02-19 14:50:05 - [TEST_STEP][PASSED] - if (ActionType): pk_Functions.CS_ClickingonActionButtonswithPagination.SelectRecordFromWebtableFun is PASSED

2019-02-19 14:50:05 - [TEST_STEP][PASSED] - pk_Functions.CS_ClickingonActionButtonswithPagination.SelectRecordFromWebtableFun(ActionType, 0, 3, "Event Group Management/MOF_NE_Event Group ManagementObjectRepository", "Sheet1", code): pk_Functions.CS_ClickingonActionButtonswithPagination.SelectRecordFromWebtableFun is PASSED

2019-02-19 14:50:05 - [MESSAGE][PASSED] - Object: '' is clicked on

2019-02-19 14:50:06 - [MESSAGE][PASSED] - Delayed 1 second(s)

2019-02-19 14:50:06 - [MESSAGE][PASSED] - Attribute 'tabindex' of object '' is: '0'

2019-02-19 14:50:07 - [MESSAGE][PASSED] - Delayed 1 second(s)

2019-02-19 14:50:08 - [MESSAGE][PASSED] - Delayed 1 second(s)

2019-02-19 14:50:08 - [MESSAGE][PASSED] - Attribute 'tabindex' of object '' is: '0'

2019-02-19 14:50:09 - [MESSAGE][PASSED] - Object: '' is clicked on

2019-02-19 14:50:10 - [MESSAGE][PASSED] - Delayed 1 second(s)

2019-02-19 14:50:11 - [MESSAGE][PASSED] - Delayed 1 second(s)

2019-02-19 14:50:11 - [MESSAGE][PASSED] - Attribute 'tabindex' of object '' is: '0'

2019-02-19 14:50:11 - [MESSAGE][PASSED] - Object: '' is clicked on

2019-02-19 14:50:12 - [MESSAGE][PASSED] - Delayed 1 second(s)

2019-02-19 14:50:13 - [MESSAGE][PASSED] - Delayed 1 second(s)

2019-02-19 14:50:13 - [MESSAGE][PASSED] - Attribute 'tabindex' of object '' is: '0'

2019-02-19 14:50:13 - [MESSAGE][PASSED] - Object: '' is clicked on

2019-02-19 14:50:14 - [MESSAGE][PASSED] - Delayed 1 second(s)

2019-02-19 14:50:15 - [MESSAGE][PASSED] - Delayed 1 second(s)

2019-02-19 14:50:17 - [MESSAGE][PASSED] - Delayed 1 second(s)

2019-02-19 14:50:17 - [MESSAGE][PASSED] - Object: '' is clicked on

2019-02-19 14:50:18 - [MESSAGE][PASSED] - Delayed 1 second(s)

2019-02-19 14:50:18 - [MESSAGE][PASSED] - Object: '' is clicked on

2019-02-19 14:50:19 - [MESSAGE][PASSED] - Delayed 1 second(s)

2019-02-19 14:50:19 - [MESSAGE][PASSED] - pk_Functions.CS_ClickingonActionButtonswithPagination.SelectRecordFromWebtableFun is PASSED

2019-02-19 14:50:19 - [TEST_STEP][PASSED] - delay(2): Delayed 2 second(s)

2019-02-19 14:50:21 - [MESSAGE][PASSED] - Delayed 2 second(s)]]></system-out>
         <system-err><![CDATA[]]></system-err>
      </testcase>
      <testcase name="Test Cases/Event Group Management/TC_Verify_Delete and Undelete" classname="Test Cases/Event Group Management/TC_Verify_Delete and Undelete" status="PASSED">
         <system-out><![CDATA[2019-02-19 14:50:21 - [TEST_CASE][PASSED] - Test Cases/Event Group Management/TC_Verify_Delete and Undelete: Test Cases/Event Group Management/TC_Verify_Delete and Undelete

2019-02-19 14:50:21 - [TEST_STEP][PASSED] - pk_Functions.CS_WebtableVerification.ValidateSearchParameters(Delete, "Event Group Management/MOF_NE_Event Group ManagementObjectRepository", "Sheet1", [code], 0): pk_Functions.CS_WebtableVerification.ValidateSearchParameters is PASSED

2019-02-19 14:50:24 - [MESSAGE][PASSED] - Delayed 3 second(s)

2019-02-19 14:50:24 - [MESSAGE][PASSED] - Object: '' is clicked on

2019-02-19 14:50:27 - [MESSAGE][PASSED] - Delayed 2 second(s)

2019-02-19 14:50:27 - [MESSAGE][PASSED] - Attribute 'tabindex' of object '' is: '0'

2019-02-19 14:50:27 - [MESSAGE][PASSED] - Object: '' is clicked on

2019-02-19 14:50:30 - [MESSAGE][PASSED] - Delayed 3 second(s)

2019-02-19 14:50:31 - [MESSAGE][PASSED] - pk_Functions.CS_WebtableVerification.ValidateSearchParameters is PASSED

2019-02-19 14:50:31 - [TEST_STEP][PASSED] - delay(2): Delayed 2 second(s)

2019-02-19 14:50:33 - [MESSAGE][PASSED] - Delayed 2 second(s)]]></system-out>
         <system-err><![CDATA[]]></system-err>
      </testcase>
      <testcase name="Test Cases/Event Group Management/TC_Verify_Delete and Undelete" classname="Test Cases/Event Group Management/TC_Verify_Delete and Undelete" status="PASSED">
         <system-out><![CDATA[2019-02-19 14:50:33 - [TEST_CASE][PASSED] - Test Cases/Event Group Management/TC_Verify_Delete and Undelete: Test Cases/Event Group Management/TC_Verify_Delete and Undelete

2019-02-19 14:50:33 - [TEST_STEP][PASSED] - pk_Functions.CS_WebtableVerification.ValidateSearchParameters(Delete, "Event Group Management/MOF_NE_Event Group ManagementObjectRepository", "Sheet1", [code], 0): pk_Functions.CS_WebtableVerification.ValidateSearchParameters is PASSED

2019-02-19 14:50:36 - [MESSAGE][PASSED] - Delayed 3 second(s)

2019-02-19 14:50:36 - [MESSAGE][PASSED] - Object: '' is clicked on

2019-02-19 14:50:38 - [MESSAGE][PASSED] - Delayed 2 second(s)

2019-02-19 14:50:38 - [MESSAGE][PASSED] - Attribute 'tabindex' of object '' is: '0'

2019-02-19 14:50:38 - [MESSAGE][PASSED] - Object: '' is clicked on

2019-02-19 14:50:41 - [MESSAGE][PASSED] - Delayed 3 second(s)

2019-02-19 14:50:42 - [MESSAGE][PASSED] - pk_Functions.CS_WebtableVerification.ValidateSearchParameters is PASSED

2019-02-19 14:50:42 - [TEST_STEP][PASSED] - delay(2): Delayed 2 second(s)

2019-02-19 14:50:44 - [MESSAGE][PASSED] - Delayed 2 second(s)]]></system-out>
         <system-err><![CDATA[]]></system-err>
      </testcase>
      <testcase name="Test Cases/Event Group Management/TC_Verify_Delete and Undelete" classname="Test Cases/Event Group Management/TC_Verify_Delete and Undelete" status="PASSED">
         <system-out><![CDATA[2019-02-19 14:50:44 - [TEST_CASE][PASSED] - Test Cases/Event Group Management/TC_Verify_Delete and Undelete: Test Cases/Event Group Management/TC_Verify_Delete and Undelete

2019-02-19 14:50:44 - [TEST_STEP][PASSED] - pk_Functions.CS_WebtableVerification.ValidateSearchParameters(Delete, "Event Group Management/MOF_NE_Event Group ManagementObjectRepository", "Sheet1", [code], 0): pk_Functions.CS_WebtableVerification.ValidateSearchParameters is PASSED

2019-02-19 14:50:47 - [MESSAGE][PASSED] - Delayed 3 second(s)

2019-02-19 14:50:47 - [MESSAGE][PASSED] - Object: '' is clicked on

2019-02-19 14:50:49 - [MESSAGE][PASSED] - Delayed 2 second(s)

2019-02-19 14:50:50 - [MESSAGE][PASSED] - Attribute 'tabindex' of object '' is: '0'

2019-02-19 14:50:50 - [MESSAGE][PASSED] - Object: '' is clicked on

2019-02-19 14:50:53 - [MESSAGE][PASSED] - Delayed 3 second(s)

2019-02-19 14:50:53 - [MESSAGE][PASSED] - pk_Functions.CS_WebtableVerification.ValidateSearchParameters is PASSED

2019-02-19 14:50:53 - [TEST_STEP][PASSED] - delay(2): Delayed 2 second(s)

2019-02-19 14:50:55 - [MESSAGE][PASSED] - Delayed 2 second(s)]]></system-out>
         <system-err><![CDATA[]]></system-err>
      </testcase>
      <testcase name="Test Cases/Event Group Management/TC_Verify_Delete and Undelete" classname="Test Cases/Event Group Management/TC_Verify_Delete and Undelete" status="PASSED">
         <system-out><![CDATA[2019-02-19 14:50:55 - [TEST_CASE][PASSED] - Test Cases/Event Group Management/TC_Verify_Delete and Undelete: Test Cases/Event Group Management/TC_Verify_Delete and Undelete

2019-02-19 14:50:55 - [TEST_STEP][PASSED] - pk_Functions.CS_WebtableVerification.ValidateSearchParameters(Delete, "Event Group Management/MOF_NE_Event Group ManagementObjectRepository", "Sheet1", [code], 0): pk_Functions.CS_WebtableVerification.ValidateSearchParameters is PASSED

2019-02-19 14:50:58 - [MESSAGE][PASSED] - Delayed 3 second(s)

2019-02-19 14:50:58 - [MESSAGE][PASSED] - Object: '' is clicked on

2019-02-19 14:51:00 - [MESSAGE][PASSED] - Delayed 2 second(s)

2019-02-19 14:51:01 - [MESSAGE][PASSED] - Attribute 'tabindex' of object '' is: '0'

2019-02-19 14:51:01 - [MESSAGE][PASSED] - Object: '' is clicked on

2019-02-19 14:51:04 - [MESSAGE][PASSED] - Delayed 3 second(s)

2019-02-19 14:51:05 - [MESSAGE][PASSED] - Attribute 'tabindex' of object '' is: '0'

2019-02-19 14:51:05 - [MESSAGE][PASSED] - Object: '' is clicked on

2019-02-19 14:51:08 - [MESSAGE][PASSED] - Delayed 3 second(s)

2019-02-19 14:51:08 - [MESSAGE][PASSED] - Attribute 'tabindex' of object '' is: '0'

2019-02-19 14:51:08 - [MESSAGE][PASSED] - Object: '' is clicked on

2019-02-19 14:51:11 - [MESSAGE][PASSED] - Delayed 3 second(s)

2019-02-19 14:51:12 - [MESSAGE][PASSED] - Attribute 'tabindex' of object '' is: '-1'

2019-02-19 14:51:12 - [MESSAGE][PASSED] - pk_Functions.CS_WebtableVerification.ValidateSearchParameters is PASSED

2019-02-19 14:51:12 - [TEST_STEP][PASSED] - delay(2): Delayed 2 second(s)

2019-02-19 14:51:14 - [MESSAGE][PASSED] - Delayed 2 second(s)]]></system-out>
         <system-err><![CDATA[]]></system-err>
      </testcase>
      <testcase name="Test Cases/Event Group Management/TC_Verify_Delete and Undelete" classname="Test Cases/Event Group Management/TC_Verify_Delete and Undelete" status="PASSED">
         <system-out><![CDATA[2019-02-19 14:51:14 - [TEST_CASE][PASSED] - Test Cases/Event Group Management/TC_Verify_Delete and Undelete: Test Cases/Event Group Management/TC_Verify_Delete and Undelete

2019-02-19 14:51:14 - [TEST_STEP][PASSED] - pk_Functions.CS_WebtableVerification.ValidateSearchParameters(Delete, "Event Group Management/MOF_NE_Event Group ManagementObjectRepository", "Sheet1", [code], 0): pk_Functions.CS_WebtableVerification.ValidateSearchParameters is PASSED

2019-02-19 14:51:17 - [MESSAGE][PASSED] - Delayed 3 second(s)

2019-02-19 14:51:17 - [MESSAGE][PASSED] - Object: '' is clicked on

2019-02-19 14:51:19 - [MESSAGE][PASSED] - Delayed 2 second(s)

2019-02-19 14:51:20 - [MESSAGE][PASSED] - Attribute 'tabindex' of object '' is: '0'

2019-02-19 14:51:20 - [MESSAGE][PASSED] - Object: '' is clicked on

2019-02-19 14:51:23 - [MESSAGE][PASSED] - Delayed 3 second(s)

2019-02-19 14:51:23 - [MESSAGE][PASSED] - Attribute 'tabindex' of object '' is: '0'

2019-02-19 14:51:23 - [MESSAGE][PASSED] - Object: '' is clicked on

2019-02-19 14:51:26 - [MESSAGE][PASSED] - Delayed 3 second(s)

2019-02-19 14:51:27 - [MESSAGE][PASSED] - Attribute 'tabindex' of object '' is: '0'

2019-02-19 14:51:27 - [MESSAGE][PASSED] - Object: '' is clicked on

2019-02-19 14:51:30 - [MESSAGE][PASSED] - Delayed 3 second(s)

2019-02-19 14:51:31 - [MESSAGE][PASSED] - Attribute 'tabindex' of object '' is: '-1'

2019-02-19 14:51:31 - [MESSAGE][PASSED] - pk_Functions.CS_WebtableVerification.ValidateSearchParameters is PASSED

2019-02-19 14:51:31 - [TEST_STEP][PASSED] - delay(2): Delayed 2 second(s)

2019-02-19 14:51:33 - [MESSAGE][PASSED] - Delayed 2 second(s)]]></system-out>
         <system-err><![CDATA[]]></system-err>
      </testcase>
      <system-out><![CDATA[2019-02-19 14:48:06 - [TEST_SUITE][PASSED] - TS_EGMFullScenario: Test Cases/Event Group Management/TC_Verify_Delete and Undelete]]></system-out>
      <system-err><![CDATA[]]></system-err>
   </testsuite>
</testsuites>
