<?xml version="1.0" encoding="UTF-8"?>
<testsuites name="TS_ClickUpdate_Delete" time="102" tests="11" failures="0" errors="0">
   <testsuite name="TS_ClickUpdate_Delete" tests="11" failures="0" errors="0" time="102" timestamp="2019-02-04 11:46:07" hostname="Ebtehal Gamal Yusuf - LPALXY0199.ejadaalex.local" id="Test Suites/Event Group Management/TS_ClickUpdate_Delete">
      <properties>
         <property name="deviceName" value=""/>
         <property name="devicePlatform" value=""/>
         <property name="logFolder" value="C:\\Users\\Administrator\\git\\MOF\\Reports\\Event Group Management\\TS_ClickUpdate_Delete\\20190204_114604"/>
         <property name="logFiles" value="C:\\Users\\Administrator\\git\\MOF\\Reports\\Event Group Management\\TS_ClickUpdate_Delete\\20190204_114604\\execution0.log"/>
         <property name="attachments" value=""/>
         <property name="hostName" value="Ebtehal Gamal Yusuf - LPALXY0199.ejadaalex.local"/>
         <property name="os" value="Windows 7 64bit"/>
         <property name="katalonVersion" value="5.10.1.1"/>
         <property name="browser" value="Chrome 71.0.3578.98"/>
         <property name="hostAddress" value="192.168.3.51"/>
         <property name="sessionId" value="ffaf3ae125f0191be0eec6c29b98f1ed"/>
         <property name="seleniumVersion" value="3.7.1"/>
         <property name="proxyInformation" value="ProxyInformation{proxyOption=NO_PROXY, proxyServerType=HTTP, password=, proxyServerAddress=, proxyServerPort=0}"/>
         <property name="platform" value="Windows 7"/>
      </properties>
      <testcase name="Test Cases/TC_Login" classname="Test Cases/TC_Login" status="PASSED">
         <system-out><![CDATA[2019-02-04 11:46:07 - [TEST_CASE][PASSED] - Test Cases/TC_Login: Test Cases/TC_Login

2019-02-04 11:46:07 - [TEST_STEP][PASSED] - pk_Functions.CS_Login.LoginFun(findTestObject(null), "http://192.168.0.190:8080/mof/#/", findTestObject("Login/Username"), findTestObject("Login/Password"), "AAttia", "123", findTestObject("Login/Login")): pk_Functions.CS_Login.LoginFun is PASSED

2019-02-04 11:46:07 - [MESSAGE][WARNING] - Test object id is null

2019-02-04 11:46:08 - [MESSAGE][INFO] - Starting 'Chrome' driver

2019-02-04 11:46:08 - [MESSAGE][INFO] - Action delay is set to 0 seconds

2019-02-04 11:46:21 - [MESSAGE][PASSED] - Browser is opened with url: 'http://192.168.0.190:8080/mof/#/'

2019-02-04 11:46:22 - [MESSAGE][PASSED] - Text 'AAttia' is set on object 'Object Repository/Login/Username'

2019-02-04 11:46:22 - [MESSAGE][PASSED] - Text '123' is set on object 'Object Repository/Login/Password'

2019-02-04 11:46:22 - [MESSAGE][PASSED] - Object: 'Object Repository/Login/Login' is clicked on

2019-02-04 11:46:22 - [MESSAGE][PASSED] - pk_Functions.CS_Login.LoginFun is PASSED]]></system-out>
         <system-err><![CDATA[]]></system-err>
      </testcase>
      <testcase name="Test Cases/Event Group Management/TC_Select_Screen" classname="Test Cases/Event Group Management/TC_Select_Screen" status="PASSED">
         <system-out><![CDATA[2019-02-04 11:46:22 - [TEST_CASE][PASSED] - Test Cases/Event Group Management/TC_Select_Screen: Test Cases/Event Group Management/TC_Select_Screen

2019-02-04 11:46:22 - [TEST_STEP][PASSED] - click(findTestObject("NE_SideMenu")): Object: 'Object Repository/NE_SideMenu' is clicked on

2019-02-04 11:46:23 - [MESSAGE][PASSED] - Object: 'Object Repository/NE_SideMenu' is clicked on

2019-02-04 11:46:23 - [TEST_STEP][PASSED] - click(findTestObject("NE_EventGroupManagement")): Object: 'Object Repository/NE_EventGroupManagement' is clicked on

2019-02-04 11:46:24 - [MESSAGE][PASSED] - Object: 'Object Repository/NE_EventGroupManagement' is clicked on

2019-02-04 11:46:24 - [TEST_STEP][PASSED] - click(findTestObject("Event Group Managemnt/BTN_Search")): Object: 'Object Repository/Event Group Managemnt/BTN_Search' is clicked on

2019-02-04 11:46:24 - [MESSAGE][PASSED] - Object: 'Object Repository/Event Group Managemnt/BTN_Search' is clicked on

2019-02-04 11:46:24 - [TEST_STEP][PASSED] - delay(2): Delayed 2 second(s)

2019-02-04 11:46:26 - [MESSAGE][PASSED] - Delayed 2 second(s)]]></system-out>
         <system-err><![CDATA[]]></system-err>
      </testcase>
      <testcase name="Test Cases/Event Group Management/TC_Click on Search Button" classname="Test Cases/Event Group Management/TC_Click on Search Button" status="PASSED">
         <system-out><![CDATA[2019-02-04 11:46:26 - [TEST_CASE][PASSED] - Test Cases/Event Group Management/TC_Click on Search Button: Test Cases/Event Group Management/TC_Click on Search Button

2019-02-04 11:46:26 - [TEST_STEP][PASSED] - click(findTestObject("Event Group Managemnt/BTN_Search")): Object: 'Object Repository/Event Group Managemnt/BTN_Search' is clicked on

2019-02-04 11:46:27 - [MESSAGE][PASSED] - Object: 'Object Repository/Event Group Managemnt/BTN_Search' is clicked on

2019-02-04 11:46:27 - [TEST_STEP][PASSED] - delay(1): Delayed 1 second(s)

2019-02-04 11:46:28 - [MESSAGE][PASSED] - Delayed 1 second(s)]]></system-out>
         <system-err><![CDATA[]]></system-err>
      </testcase>
      <testcase name="Test Cases/Event Group Management/TC_UpdateRecord" classname="Test Cases/Event Group Management/TC_UpdateRecord" status="PASSED">
         <system-out><![CDATA[2019-02-04 11:46:28 - [TEST_CASE][PASSED] - Test Cases/Event Group Management/TC_UpdateRecord: Test Cases/Event Group Management/TC_UpdateRecord

2019-02-04 11:46:28 - [TEST_STEP][PASSED] - delay(1): Delayed 1 second(s)

2019-02-04 11:46:29 - [MESSAGE][PASSED] - Delayed 1 second(s)

2019-02-04 11:46:29 - [TEST_STEP][PASSED] - pk_Functions.CS_ClickingonUpdateorDeletebutton.SelectRecordFromWebtableFun(ActionType, 0, 3, "Event Group Management/MOF_NE_Event Group ManagementObjectRepository", "Sheet1", Code): pk_Functions.CS_ClickingonUpdateorDeletebutton.SelectRecordFromWebtableFun is PASSED

2019-02-04 11:46:34 - [MESSAGE][PASSED] - Delayed 4 second(s)

2019-02-04 11:46:38 - [MESSAGE][PASSED] - Delayed 4 second(s)

2019-02-04 11:46:38 - [MESSAGE][PASSED] - pk_Functions.CS_ClickingonUpdateorDeletebutton.SelectRecordFromWebtableFun is PASSED

2019-02-04 11:46:38 - [TEST_STEP][PASSED] - if (ActionType == "Update"): Delayed 1 second(s)

2019-02-04 11:46:38 - [TEST_STEP][PASSED] - delay(1): Delayed 1 second(s)

2019-02-04 11:46:39 - [MESSAGE][PASSED] - Delayed 1 second(s)

2019-02-04 11:46:39 - [TEST_STEP][PASSED] - pk_Functions.CS_SpecificPageData.DataFun(["Arabic Description", "English Description"], "Event Group Management/MOF_NE_Event Group ManagementObjectRepository", "Sheet1", [ArabicDescription, EnglishDescription]): pk_Functions.CS_SpecificPageData.DataFun is PASSED

2019-02-04 11:46:40 - [MESSAGE][PASSED] - Text 'Rome Rome Italy' is set on object ''

2019-02-04 11:46:40 - [MESSAGE][PASSED] - Text 'Venice Venice' is set on object ''

2019-02-04 11:46:40 - [MESSAGE][PASSED] - pk_Functions.CS_SpecificPageData.DataFun is PASSED

2019-02-04 11:46:40 - [TEST_STEP][PASSED] - delay(1): Delayed 1 second(s)

2019-02-04 11:46:41 - [MESSAGE][PASSED] - Delayed 1 second(s)

2019-02-04 11:46:41 - [TEST_STEP][PASSED] - click(findTestObject("BTN_Save")): Object: 'Object Repository/BTN_Save' is clicked on

2019-02-04 11:46:41 - [MESSAGE][PASSED] - Object: 'Object Repository/BTN_Save' is clicked on

2019-02-04 11:46:41 - [TEST_STEP][PASSED] - delay(2): Delayed 2 second(s)

2019-02-04 11:46:43 - [MESSAGE][PASSED] - Delayed 2 second(s)

2019-02-04 11:46:43 - [TEST_STEP][PASSED] - click(findTestObject("Event Group Managemnt/BTN_Back (1)")): Object: 'Object Repository/Event Group Managemnt/BTN_Back (1)' is clicked on

2019-02-04 11:46:43 - [MESSAGE][PASSED] - Object: 'Object Repository/Event Group Managemnt/BTN_Back (1)' is clicked on

2019-02-04 11:46:43 - [TEST_STEP][PASSED] - delay(1): Delayed 1 second(s)

2019-02-04 11:46:44 - [MESSAGE][PASSED] - Delayed 1 second(s)]]></system-out>
         <system-err><![CDATA[]]></system-err>
      </testcase>
      <testcase name="Test Cases/Event Group Management/TC_UpdateRecord" classname="Test Cases/Event Group Management/TC_UpdateRecord" status="PASSED">
         <system-out><![CDATA[2019-02-04 11:46:44 - [TEST_CASE][PASSED] - Test Cases/Event Group Management/TC_UpdateRecord: Test Cases/Event Group Management/TC_UpdateRecord

2019-02-04 11:46:44 - [TEST_STEP][PASSED] - delay(1): Delayed 1 second(s)

2019-02-04 11:46:45 - [MESSAGE][PASSED] - Delayed 1 second(s)

2019-02-04 11:46:45 - [TEST_STEP][PASSED] - pk_Functions.CS_ClickingonUpdateorDeletebutton.SelectRecordFromWebtableFun(ActionType, 0, 3, "Event Group Management/MOF_NE_Event Group ManagementObjectRepository", "Sheet1", Code): pk_Functions.CS_ClickingonUpdateorDeletebutton.SelectRecordFromWebtableFun is PASSED

2019-02-04 11:46:49 - [MESSAGE][PASSED] - Delayed 4 second(s)

2019-02-04 11:46:54 - [MESSAGE][PASSED] - Delayed 4 second(s)

2019-02-04 11:46:54 - [MESSAGE][PASSED] - pk_Functions.CS_ClickingonUpdateorDeletebutton.SelectRecordFromWebtableFun is PASSED

2019-02-04 11:46:54 - [TEST_STEP][PASSED] - if (ActionType == "Update"): Delayed 1 second(s)

2019-02-04 11:46:54 - [TEST_STEP][PASSED] - delay(1): Delayed 1 second(s)

2019-02-04 11:46:55 - [MESSAGE][PASSED] - Delayed 1 second(s)

2019-02-04 11:46:55 - [TEST_STEP][PASSED] - pk_Functions.CS_SpecificPageData.DataFun(["Arabic Description", "English Description"], "Event Group Management/MOF_NE_Event Group ManagementObjectRepository", "Sheet1", [ArabicDescription, EnglishDescription]): pk_Functions.CS_SpecificPageData.DataFun is PASSED

2019-02-04 11:46:55 - [MESSAGE][PASSED] - Text 'Test Test' is set on object ''

2019-02-04 11:46:55 - [MESSAGE][PASSED] - Text 'Test Test' is set on object ''

2019-02-04 11:46:55 - [MESSAGE][PASSED] - pk_Functions.CS_SpecificPageData.DataFun is PASSED

2019-02-04 11:46:55 - [TEST_STEP][PASSED] - delay(1): Delayed 1 second(s)

2019-02-04 11:46:56 - [MESSAGE][PASSED] - Delayed 1 second(s)

2019-02-04 11:46:56 - [TEST_STEP][PASSED] - click(findTestObject("BTN_Save")): Object: 'Object Repository/BTN_Save' is clicked on

2019-02-04 11:46:56 - [MESSAGE][PASSED] - Object: 'Object Repository/BTN_Save' is clicked on

2019-02-04 11:46:56 - [TEST_STEP][PASSED] - delay(2): Delayed 2 second(s)

2019-02-04 11:46:58 - [MESSAGE][PASSED] - Delayed 2 second(s)

2019-02-04 11:46:58 - [TEST_STEP][PASSED] - click(findTestObject("Event Group Managemnt/BTN_Back (1)")): Object: 'Object Repository/Event Group Managemnt/BTN_Back (1)' is clicked on

2019-02-04 11:46:58 - [MESSAGE][PASSED] - Object: 'Object Repository/Event Group Managemnt/BTN_Back (1)' is clicked on

2019-02-04 11:46:58 - [TEST_STEP][PASSED] - delay(1): Delayed 1 second(s)

2019-02-04 11:46:59 - [MESSAGE][PASSED] - Delayed 1 second(s)]]></system-out>
         <system-err><![CDATA[]]></system-err>
      </testcase>
      <testcase name="Test Cases/Event Group Management/TC_UpdateRecord" classname="Test Cases/Event Group Management/TC_UpdateRecord" status="PASSED">
         <system-out><![CDATA[2019-02-04 11:46:59 - [TEST_CASE][PASSED] - Test Cases/Event Group Management/TC_UpdateRecord: Test Cases/Event Group Management/TC_UpdateRecord

2019-02-04 11:47:00 - [TEST_STEP][PASSED] - delay(1): Delayed 1 second(s)

2019-02-04 11:47:01 - [MESSAGE][PASSED] - Delayed 1 second(s)

2019-02-04 11:47:01 - [TEST_STEP][PASSED] - pk_Functions.CS_ClickingonUpdateorDeletebutton.SelectRecordFromWebtableFun(ActionType, 0, 3, "Event Group Management/MOF_NE_Event Group ManagementObjectRepository", "Sheet1", Code): pk_Functions.CS_ClickingonUpdateorDeletebutton.SelectRecordFromWebtableFun is PASSED

2019-02-04 11:47:01 - [MESSAGE][PASSED] - pk_Functions.CS_ClickingonUpdateorDeletebutton.SelectRecordFromWebtableFun is PASSED

2019-02-04 11:47:01 - [TEST_STEP][PASSED] - if (ActionType == "Update"): null]]></system-out>
         <system-err><![CDATA[]]></system-err>
      </testcase>
      <testcase name="Test Cases/Event Group Management/TC_UpdateRecord" classname="Test Cases/Event Group Management/TC_UpdateRecord" status="PASSED">
         <system-out><![CDATA[2019-02-04 11:47:01 - [TEST_CASE][PASSED] - Test Cases/Event Group Management/TC_UpdateRecord: Test Cases/Event Group Management/TC_UpdateRecord

2019-02-04 11:47:01 - [TEST_STEP][PASSED] - delay(1): Delayed 1 second(s)

2019-02-04 11:47:02 - [MESSAGE][PASSED] - Delayed 1 second(s)

2019-02-04 11:47:02 - [TEST_STEP][PASSED] - pk_Functions.CS_ClickingonUpdateorDeletebutton.SelectRecordFromWebtableFun(ActionType, 0, 3, "Event Group Management/MOF_NE_Event Group ManagementObjectRepository", "Sheet1", Code): pk_Functions.CS_ClickingonUpdateorDeletebutton.SelectRecordFromWebtableFun is PASSED

2019-02-04 11:47:02 - [MESSAGE][PASSED] - pk_Functions.CS_ClickingonUpdateorDeletebutton.SelectRecordFromWebtableFun is PASSED

2019-02-04 11:47:02 - [TEST_STEP][PASSED] - if (ActionType == "Update"): null]]></system-out>
         <system-err><![CDATA[]]></system-err>
      </testcase>
      <testcase name="Test Cases/Event Group Management/TC_UpdateRecord" classname="Test Cases/Event Group Management/TC_UpdateRecord" status="PASSED">
         <system-out><![CDATA[2019-02-04 11:47:02 - [TEST_CASE][PASSED] - Test Cases/Event Group Management/TC_UpdateRecord: Test Cases/Event Group Management/TC_UpdateRecord

2019-02-04 11:47:02 - [TEST_STEP][PASSED] - delay(1): Delayed 1 second(s)

2019-02-04 11:47:03 - [MESSAGE][PASSED] - Delayed 1 second(s)

2019-02-04 11:47:03 - [TEST_STEP][PASSED] - pk_Functions.CS_ClickingonUpdateorDeletebutton.SelectRecordFromWebtableFun(ActionType, 0, 3, "Event Group Management/MOF_NE_Event Group ManagementObjectRepository", "Sheet1", Code): pk_Functions.CS_ClickingonUpdateorDeletebutton.SelectRecordFromWebtableFun is PASSED

2019-02-04 11:47:07 - [MESSAGE][PASSED] - Delayed 4 second(s)

2019-02-04 11:47:11 - [MESSAGE][PASSED] - Delayed 4 second(s)

2019-02-04 11:47:11 - [MESSAGE][PASSED] - pk_Functions.CS_ClickingonUpdateorDeletebutton.SelectRecordFromWebtableFun is PASSED

2019-02-04 11:47:11 - [TEST_STEP][PASSED] - if (ActionType == "Update"): Delayed 1 second(s)

2019-02-04 11:47:11 - [TEST_STEP][PASSED] - delay(1): Delayed 1 second(s)

2019-02-04 11:47:12 - [MESSAGE][PASSED] - Delayed 1 second(s)

2019-02-04 11:47:12 - [TEST_STEP][PASSED] - pk_Functions.CS_SpecificPageData.DataFun(["Arabic Description", "English Description"], "Event Group Management/MOF_NE_Event Group ManagementObjectRepository", "Sheet1", [ArabicDescription, EnglishDescription]): pk_Functions.CS_SpecificPageData.DataFun is PASSED

2019-02-04 11:47:13 - [MESSAGE][PASSED] - Text 'Leon' is set on object ''

2019-02-04 11:47:13 - [MESSAGE][PASSED] - Text 'Paris' is set on object ''

2019-02-04 11:47:13 - [MESSAGE][PASSED] - pk_Functions.CS_SpecificPageData.DataFun is PASSED

2019-02-04 11:47:13 - [TEST_STEP][PASSED] - delay(1): Delayed 1 second(s)

2019-02-04 11:47:14 - [MESSAGE][PASSED] - Delayed 1 second(s)

2019-02-04 11:47:14 - [TEST_STEP][PASSED] - click(findTestObject("BTN_Save")): Object: 'Object Repository/BTN_Save' is clicked on

2019-02-04 11:47:14 - [MESSAGE][PASSED] - Object: 'Object Repository/BTN_Save' is clicked on

2019-02-04 11:47:14 - [TEST_STEP][PASSED] - delay(2): Delayed 2 second(s)

2019-02-04 11:47:16 - [MESSAGE][PASSED] - Delayed 2 second(s)

2019-02-04 11:47:16 - [TEST_STEP][PASSED] - click(findTestObject("Event Group Managemnt/BTN_Back (1)")): Object: 'Object Repository/Event Group Managemnt/BTN_Back (1)' is clicked on

2019-02-04 11:47:16 - [MESSAGE][PASSED] - Object: 'Object Repository/Event Group Managemnt/BTN_Back (1)' is clicked on

2019-02-04 11:47:16 - [TEST_STEP][PASSED] - delay(1): Delayed 1 second(s)

2019-02-04 11:47:17 - [MESSAGE][PASSED] - Delayed 1 second(s)]]></system-out>
         <system-err><![CDATA[]]></system-err>
      </testcase>
      <testcase name="Test Cases/Event Group Management/TC_UpdateRecord" classname="Test Cases/Event Group Management/TC_UpdateRecord" status="PASSED">
         <system-out><![CDATA[2019-02-04 11:47:17 - [TEST_CASE][PASSED] - Test Cases/Event Group Management/TC_UpdateRecord: Test Cases/Event Group Management/TC_UpdateRecord

2019-02-04 11:47:17 - [TEST_STEP][PASSED] - delay(1): Delayed 1 second(s)

2019-02-04 11:47:18 - [MESSAGE][PASSED] - Delayed 1 second(s)

2019-02-04 11:47:18 - [TEST_STEP][PASSED] - pk_Functions.CS_ClickingonUpdateorDeletebutton.SelectRecordFromWebtableFun(ActionType, 0, 3, "Event Group Management/MOF_NE_Event Group ManagementObjectRepository", "Sheet1", Code): pk_Functions.CS_ClickingonUpdateorDeletebutton.SelectRecordFromWebtableFun is PASSED

2019-02-04 11:47:22 - [MESSAGE][PASSED] - Delayed 4 second(s)

2019-02-04 11:47:27 - [MESSAGE][PASSED] - Delayed 4 second(s)

2019-02-04 11:47:27 - [MESSAGE][PASSED] - pk_Functions.CS_ClickingonUpdateorDeletebutton.SelectRecordFromWebtableFun is PASSED

2019-02-04 11:47:27 - [TEST_STEP][PASSED] - if (ActionType == "Update"): Delayed 1 second(s)

2019-02-04 11:47:27 - [TEST_STEP][PASSED] - delay(1): Delayed 1 second(s)

2019-02-04 11:47:28 - [MESSAGE][PASSED] - Delayed 1 second(s)

2019-02-04 11:47:28 - [TEST_STEP][PASSED] - pk_Functions.CS_SpecificPageData.DataFun(["Arabic Description", "English Description"], "Event Group Management/MOF_NE_Event Group ManagementObjectRepository", "Sheet1", [ArabicDescription, EnglishDescription]): pk_Functions.CS_SpecificPageData.DataFun is PASSED

2019-02-04 11:47:28 - [MESSAGE][PASSED] - Text 'Dubai' is set on object ''

2019-02-04 11:47:28 - [MESSAGE][PASSED] - Text 'AbuDhabi' is set on object ''

2019-02-04 11:47:28 - [MESSAGE][PASSED] - pk_Functions.CS_SpecificPageData.DataFun is PASSED

2019-02-04 11:47:28 - [TEST_STEP][PASSED] - delay(1): Delayed 1 second(s)

2019-02-04 11:47:29 - [MESSAGE][PASSED] - Delayed 1 second(s)

2019-02-04 11:47:29 - [TEST_STEP][PASSED] - click(findTestObject("BTN_Save")): Object: 'Object Repository/BTN_Save' is clicked on

2019-02-04 11:47:29 - [MESSAGE][PASSED] - Object: 'Object Repository/BTN_Save' is clicked on

2019-02-04 11:47:29 - [TEST_STEP][PASSED] - delay(2): Delayed 2 second(s)

2019-02-04 11:47:31 - [MESSAGE][PASSED] - Delayed 2 second(s)

2019-02-04 11:47:31 - [TEST_STEP][PASSED] - click(findTestObject("Event Group Managemnt/BTN_Back (1)")): Object: 'Object Repository/Event Group Managemnt/BTN_Back (1)' is clicked on

2019-02-04 11:47:31 - [MESSAGE][PASSED] - Object: 'Object Repository/Event Group Managemnt/BTN_Back (1)' is clicked on

2019-02-04 11:47:31 - [TEST_STEP][PASSED] - delay(1): Delayed 1 second(s)

2019-02-04 11:47:32 - [MESSAGE][PASSED] - Delayed 1 second(s)]]></system-out>
         <system-err><![CDATA[]]></system-err>
      </testcase>
      <testcase name="Test Cases/Event Group Management/TC_UpdateRecord" classname="Test Cases/Event Group Management/TC_UpdateRecord" status="PASSED">
         <system-out><![CDATA[2019-02-04 11:47:32 - [TEST_CASE][PASSED] - Test Cases/Event Group Management/TC_UpdateRecord: Test Cases/Event Group Management/TC_UpdateRecord

2019-02-04 11:47:32 - [TEST_STEP][PASSED] - delay(1): Delayed 1 second(s)

2019-02-04 11:47:33 - [MESSAGE][PASSED] - Delayed 1 second(s)

2019-02-04 11:47:33 - [TEST_STEP][PASSED] - pk_Functions.CS_ClickingonUpdateorDeletebutton.SelectRecordFromWebtableFun(ActionType, 0, 3, "Event Group Management/MOF_NE_Event Group ManagementObjectRepository", "Sheet1", Code): pk_Functions.CS_ClickingonUpdateorDeletebutton.SelectRecordFromWebtableFun is PASSED

2019-02-04 11:47:38 - [MESSAGE][PASSED] - Delayed 4 second(s)

2019-02-04 11:47:42 - [MESSAGE][PASSED] - Delayed 4 second(s)

2019-02-04 11:47:42 - [MESSAGE][PASSED] - pk_Functions.CS_ClickingonUpdateorDeletebutton.SelectRecordFromWebtableFun is PASSED

2019-02-04 11:47:42 - [TEST_STEP][PASSED] - if (ActionType == "Update"): Delayed 1 second(s)

2019-02-04 11:47:42 - [TEST_STEP][PASSED] - delay(1): Delayed 1 second(s)

2019-02-04 11:47:43 - [MESSAGE][PASSED] - Delayed 1 second(s)

2019-02-04 11:47:43 - [TEST_STEP][PASSED] - pk_Functions.CS_SpecificPageData.DataFun(["Arabic Description", "English Description"], "Event Group Management/MOF_NE_Event Group ManagementObjectRepository", "Sheet1", [ArabicDescription, EnglishDescription]): pk_Functions.CS_SpecificPageData.DataFun is PASSED

2019-02-04 11:47:43 - [MESSAGE][PASSED] - Text 'Phuket' is set on object ''

2019-02-04 11:47:43 - [MESSAGE][PASSED] - Text 'Thailand' is set on object ''

2019-02-04 11:47:43 - [MESSAGE][PASSED] - pk_Functions.CS_SpecificPageData.DataFun is PASSED

2019-02-04 11:47:43 - [TEST_STEP][PASSED] - delay(1): Delayed 1 second(s)

2019-02-04 11:47:44 - [MESSAGE][PASSED] - Delayed 1 second(s)

2019-02-04 11:47:44 - [TEST_STEP][PASSED] - click(findTestObject("BTN_Save")): Object: 'Object Repository/BTN_Save' is clicked on

2019-02-04 11:47:44 - [MESSAGE][PASSED] - Object: 'Object Repository/BTN_Save' is clicked on

2019-02-04 11:47:44 - [TEST_STEP][PASSED] - delay(2): Delayed 2 second(s)

2019-02-04 11:47:46 - [MESSAGE][PASSED] - Delayed 2 second(s)

2019-02-04 11:47:46 - [TEST_STEP][PASSED] - click(findTestObject("Event Group Managemnt/BTN_Back (1)")): Object: 'Object Repository/Event Group Managemnt/BTN_Back (1)' is clicked on

2019-02-04 11:47:47 - [MESSAGE][PASSED] - Object: 'Object Repository/Event Group Managemnt/BTN_Back (1)' is clicked on

2019-02-04 11:47:47 - [TEST_STEP][PASSED] - delay(1): Delayed 1 second(s)

2019-02-04 11:47:48 - [MESSAGE][PASSED] - Delayed 1 second(s)]]></system-out>
         <system-err><![CDATA[]]></system-err>
      </testcase>
      <testcase name="Test Cases/Event Group Management/TC_UpdateRecord" classname="Test Cases/Event Group Management/TC_UpdateRecord" status="PASSED">
         <system-out><![CDATA[2019-02-04 11:47:48 - [TEST_CASE][PASSED] - Test Cases/Event Group Management/TC_UpdateRecord: Test Cases/Event Group Management/TC_UpdateRecord

2019-02-04 11:47:48 - [TEST_STEP][PASSED] - delay(1): Delayed 1 second(s)

2019-02-04 11:47:49 - [MESSAGE][PASSED] - Delayed 1 second(s)

2019-02-04 11:47:49 - [TEST_STEP][PASSED] - pk_Functions.CS_ClickingonUpdateorDeletebutton.SelectRecordFromWebtableFun(ActionType, 0, 3, "Event Group Management/MOF_NE_Event Group ManagementObjectRepository", "Sheet1", Code): pk_Functions.CS_ClickingonUpdateorDeletebutton.SelectRecordFromWebtableFun is PASSED

2019-02-04 11:47:49 - [MESSAGE][PASSED] - pk_Functions.CS_ClickingonUpdateorDeletebutton.SelectRecordFromWebtableFun is PASSED

2019-02-04 11:47:49 - [TEST_STEP][PASSED] - if (ActionType == "Update"): null]]></system-out>
         <system-err><![CDATA[]]></system-err>
      </testcase>
      <system-out><![CDATA[2019-02-04 11:46:07 - [TEST_SUITE][PASSED] - TS_ClickUpdate_Delete: Test Cases/Event Group Management/TC_UpdateRecord]]></system-out>
      <system-err><![CDATA[]]></system-err>
   </testsuite>
</testsuites>
