<?xml version="1.0" encoding="UTF-8"?>
<testsuites name="TS_ClickUpdate_Delete" time="115" tests="8" failures="0" errors="0">
   <testsuite name="TS_ClickUpdate_Delete" tests="8" failures="0" errors="0" time="115" timestamp="2019-02-13 12:50:15" hostname="Ebtehal Gamal Yusuf - LPALXY0199.ejadaalex.local" id="Test Suites/Event Group Management/TS_ClickUpdate_Delete">
      <properties>
         <property name="deviceName" value=""/>
         <property name="devicePlatform" value=""/>
         <property name="logFolder" value="C:\\Users\\Administrator\\git\\MOF\\Reports\\Event Group Management\\TS_ClickUpdate_Delete\\20190213_125012"/>
         <property name="logFiles" value="C:\\Users\\Administrator\\git\\MOF\\Reports\\Event Group Management\\TS_ClickUpdate_Delete\\20190213_125012\\execution0.log"/>
         <property name="attachments" value=""/>
         <property name="hostName" value="Ebtehal Gamal Yusuf - LPALXY0199.ejadaalex.local"/>
         <property name="os" value="Windows 7 64bit"/>
         <property name="katalonVersion" value="5.10.1.1"/>
         <property name="browser" value="Chrome 72.0.3626.96"/>
         <property name="hostAddress" value="192.168.3.51"/>
         <property name="sessionId" value="115bf2b2e8592fee0a9c12d7e8511a6b"/>
         <property name="seleniumVersion" value="3.7.1"/>
         <property name="proxyInformation" value="ProxyInformation{proxyOption=NO_PROXY, proxyServerType=HTTP, password=, proxyServerAddress=, proxyServerPort=0}"/>
         <property name="platform" value="Windows 7"/>
      </properties>
      <testcase name="Test Cases/TC_Login" classname="Test Cases/TC_Login" status="PASSED">
         <system-out><![CDATA[2019-02-13 12:50:15 - [TEST_CASE][PASSED] - Test Cases/TC_Login: Test Cases/TC_Login

2019-02-13 12:50:16 - [TEST_STEP][PASSED] - pk_Functions.CS_Login.LoginFun(findTestObject(null), "http://192.168.0.190:8080/mof/#/", findTestObject("Login/Username"), findTestObject("Login/Password"), "AAttia", "123", findTestObject("Login/Login")): pk_Functions.CS_Login.LoginFun is PASSED

2019-02-13 12:50:16 - [MESSAGE][WARNING] - Test object id is null

2019-02-13 12:50:17 - [MESSAGE][INFO] - Starting 'Chrome' driver

2019-02-13 12:50:17 - [MESSAGE][INFO] - Action delay is set to 0 seconds

2019-02-13 12:50:30 - [MESSAGE][PASSED] - Browser is opened with url: 'http://192.168.0.190:8080/mof/#/'

2019-02-13 12:50:30 - [MESSAGE][PASSED] - Text 'AAttia' is set on object 'Object Repository/Login/Username'

2019-02-13 12:50:31 - [MESSAGE][PASSED] - Text '123' is set on object 'Object Repository/Login/Password'

2019-02-13 12:50:31 - [MESSAGE][PASSED] - Object: 'Object Repository/Login/Login' is clicked on

2019-02-13 12:50:31 - [MESSAGE][PASSED] - pk_Functions.CS_Login.LoginFun is PASSED]]></system-out>
         <system-err><![CDATA[]]></system-err>
      </testcase>
      <testcase name="Test Cases/Event Group Management/TC_Select_Screen" classname="Test Cases/Event Group Management/TC_Select_Screen" status="PASSED">
         <system-out><![CDATA[2019-02-13 12:50:31 - [TEST_CASE][PASSED] - Test Cases/Event Group Management/TC_Select_Screen: Test Cases/Event Group Management/TC_Select_Screen

2019-02-13 12:50:31 - [TEST_STEP][PASSED] - click(findTestObject("NE_SideMenu")): Object: 'Object Repository/NE_SideMenu' is clicked on

2019-02-13 12:50:36 - [MESSAGE][PASSED] - Object: 'Object Repository/NE_SideMenu' is clicked on

2019-02-13 12:50:36 - [TEST_STEP][PASSED] - click(findTestObject("NE_EventGroupManagement")): Object: 'Object Repository/NE_EventGroupManagement' is clicked on

2019-02-13 12:50:36 - [MESSAGE][PASSED] - Object: 'Object Repository/NE_EventGroupManagement' is clicked on

2019-02-13 12:50:36 - [TEST_STEP][PASSED] - click(findTestObject("Event Group Managemnt/BTN_Search")): Object: 'Object Repository/Event Group Managemnt/BTN_Search' is clicked on

2019-02-13 12:50:37 - [MESSAGE][PASSED] - Object: 'Object Repository/Event Group Managemnt/BTN_Search' is clicked on

2019-02-13 12:50:37 - [TEST_STEP][PASSED] - delay(2): Delayed 2 second(s)

2019-02-13 12:50:39 - [MESSAGE][PASSED] - Delayed 2 second(s)]]></system-out>
         <system-err><![CDATA[]]></system-err>
      </testcase>
      <testcase name="Test Cases/Event Group Management/TC_Click on Search Button" classname="Test Cases/Event Group Management/TC_Click on Search Button" status="PASSED">
         <system-out><![CDATA[2019-02-13 12:50:39 - [TEST_CASE][PASSED] - Test Cases/Event Group Management/TC_Click on Search Button: Test Cases/Event Group Management/TC_Click on Search Button

2019-02-13 12:50:39 - [TEST_STEP][PASSED] - click(findTestObject("Event Group Managemnt/BTN_Clear")): Object: 'Object Repository/Event Group Managemnt/BTN_Clear' is clicked on

2019-02-13 12:50:39 - [MESSAGE][PASSED] - Object: 'Object Repository/Event Group Managemnt/BTN_Clear' is clicked on

2019-02-13 12:50:39 - [TEST_STEP][PASSED] - delay(2): Delayed 2 second(s)

2019-02-13 12:50:41 - [MESSAGE][PASSED] - Delayed 2 second(s)

2019-02-13 12:50:41 - [TEST_STEP][PASSED] - click(findTestObject("Event Group Managemnt/BTN_Search")): Object: 'Object Repository/Event Group Managemnt/BTN_Search' is clicked on

2019-02-13 12:50:41 - [MESSAGE][PASSED] - Object: 'Object Repository/Event Group Managemnt/BTN_Search' is clicked on

2019-02-13 12:50:41 - [TEST_STEP][PASSED] - delay(1): Delayed 1 second(s)

2019-02-13 12:50:42 - [MESSAGE][PASSED] - Delayed 1 second(s)]]></system-out>
         <system-err><![CDATA[]]></system-err>
      </testcase>
      <testcase name="Test Cases/Event Group Management/TC_Update and Delete test" classname="Test Cases/Event Group Management/TC_Update and Delete test" status="PASSED">
         <system-out><![CDATA[2019-02-13 12:50:42 - [TEST_CASE][PASSED] - Test Cases/Event Group Management/TC_Update and Delete test: Test Cases/Event Group Management/TC_Update and Delete test

2019-02-13 12:50:43 - [TEST_STEP][PASSED] - if (ActionType == "UpdateYes"): Delayed 1 second(s)

2019-02-13 12:50:43 - [TEST_STEP][PASSED] - delay(1): Delayed 1 second(s)

2019-02-13 12:50:44 - [MESSAGE][PASSED] - Delayed 1 second(s)

2019-02-13 12:50:44 - [TEST_STEP][PASSED] - pk_Functions.CS_ClickingonUpdateorDeletebutton_Fulltabl.SelectRecordFromWebtableFun("UpdateYes", 0, 3, "Event Group Management/MOF_NE_Event Group ManagementObjectRepository", "Sheet1", Code): pk_Functions.CS_ClickingonUpdateorDeletebutton_Fulltabl.SelectRecordFromWebtableFun is PASSED

2019-02-13 12:50:45 - [MESSAGE][PASSED] - Object: '' is clicked on

2019-02-13 12:50:47 - [MESSAGE][PASSED] - Delayed 2 second(s)

2019-02-13 12:50:49 - [MESSAGE][PASSED] - Delayed 2 second(s)

2019-02-13 12:50:49 - [MESSAGE][PASSED] - Attribute 'tabindex' of object '' is: '0'

2019-02-13 12:50:49 - [MESSAGE][PASSED] - Attribute 'tabindex' of object '' is: '0'

2019-02-13 12:50:51 - [MESSAGE][PASSED] - Delayed 2 second(s)

2019-02-13 12:50:52 - [MESSAGE][PASSED] - Delayed 1 second(s)

2019-02-13 12:50:53 - [MESSAGE][PASSED] - Delayed 1 second(s)

2019-02-13 12:50:54 - [MESSAGE][PASSED] - Delayed 1 second(s)

2019-02-13 12:50:54 - [MESSAGE][PASSED] - Attribute 'tabindex' of object '' is: '0'

2019-02-13 12:50:56 - [MESSAGE][PASSED] - Delayed 2 second(s)

2019-02-13 12:50:57 - [MESSAGE][PASSED] - Object: '' is clicked on

2019-02-13 12:50:58 - [MESSAGE][PASSED] - Delayed 1 second(s)

2019-02-13 12:50:59 - [MESSAGE][PASSED] - Delayed 1 second(s)

2019-02-13 12:51:00 - [MESSAGE][PASSED] - Delayed 1 second(s)

2019-02-13 12:51:01 - [MESSAGE][PASSED] - Delayed 1 second(s)

2019-02-13 12:51:01 - [MESSAGE][PASSED] - pk_Functions.CS_ClickingonUpdateorDeletebutton_Fulltabl.SelectRecordFromWebtableFun is PASSED

2019-02-13 12:51:01 - [TEST_STEP][PASSED] - delay(2): Delayed 2 second(s)

2019-02-13 12:51:03 - [MESSAGE][PASSED] - Delayed 2 second(s)

2019-02-13 12:51:03 - [TEST_STEP][PASSED] - pk_Functions.CS_SpecificPageData.DataFun(["Arabic Description", "English Description"], "Event Group Management/MOF_NE_Event Group ManagementObjectRepository", "Sheet1", [ArabicDescription, EnglishDescription]): pk_Functions.CS_SpecificPageData.DataFun is PASSED

2019-02-13 12:51:03 - [MESSAGE][PASSED] - Text 'English Description_1' is set on object ''

2019-02-13 12:51:04 - [MESSAGE][PASSED] - Text 'English Description_123' is set on object ''

2019-02-13 12:51:04 - [MESSAGE][PASSED] - pk_Functions.CS_SpecificPageData.DataFun is PASSED

2019-02-13 12:51:04 - [TEST_STEP][PASSED] - delay(2): Delayed 2 second(s)

2019-02-13 12:51:06 - [MESSAGE][PASSED] - Delayed 2 second(s)

2019-02-13 12:51:06 - [TEST_STEP][PASSED] - click(findTestObject("BTN_Save")): Object: 'Object Repository/BTN_Save' is clicked on

2019-02-13 12:51:06 - [MESSAGE][PASSED] - Object: 'Object Repository/BTN_Save' is clicked on

2019-02-13 12:51:06 - [TEST_STEP][PASSED] - delay(2): Delayed 2 second(s)

2019-02-13 12:51:08 - [MESSAGE][PASSED] - Delayed 2 second(s)

2019-02-13 12:51:08 - [TEST_STEP][PASSED] - click(findTestObject("Event Group Managemnt/BTN_Back (1)")): Object: 'Object Repository/Event Group Managemnt/BTN_Back (1)' is clicked on

2019-02-13 12:51:08 - [MESSAGE][PASSED] - Object: 'Object Repository/Event Group Managemnt/BTN_Back (1)' is clicked on

2019-02-13 12:51:08 - [TEST_STEP][PASSED] - delay(1): Delayed 1 second(s)

2019-02-13 12:51:09 - [MESSAGE][PASSED] - Delayed 1 second(s)]]></system-out>
         <system-err><![CDATA[]]></system-err>
      </testcase>
      <testcase name="Test Cases/Event Group Management/TC_Update and Delete test" classname="Test Cases/Event Group Management/TC_Update and Delete test" status="PASSED">
         <system-out><![CDATA[2019-02-13 12:51:09 - [TEST_CASE][PASSED] - Test Cases/Event Group Management/TC_Update and Delete test: Test Cases/Event Group Management/TC_Update and Delete test

2019-02-13 12:51:09 - [TEST_STEP][PASSED] - if (ActionType == "UpdateYes"): Delayed 1 second(s)

2019-02-13 12:51:09 - [TEST_STEP][PASSED] - delay(1): Delayed 1 second(s)

2019-02-13 12:51:10 - [MESSAGE][PASSED] - Delayed 1 second(s)

2019-02-13 12:51:10 - [TEST_STEP][PASSED] - pk_Functions.CS_ClickingonUpdateorDeletebutton_Fulltabl.SelectRecordFromWebtableFun("UpdateYes", 0, 3, "Event Group Management/MOF_NE_Event Group ManagementObjectRepository", "Sheet1", Code): pk_Functions.CS_ClickingonUpdateorDeletebutton_Fulltabl.SelectRecordFromWebtableFun is PASSED

2019-02-13 12:51:10 - [MESSAGE][PASSED] - Object: '' is clicked on

2019-02-13 12:51:12 - [MESSAGE][PASSED] - Delayed 2 second(s)

2019-02-13 12:51:14 - [MESSAGE][PASSED] - Delayed 2 second(s)

2019-02-13 12:51:14 - [MESSAGE][PASSED] - Attribute 'tabindex' of object '' is: '0'

2019-02-13 12:51:14 - [MESSAGE][PASSED] - Attribute 'tabindex' of object '' is: '0'

2019-02-13 12:51:16 - [MESSAGE][PASSED] - Delayed 2 second(s)

2019-02-13 12:51:17 - [MESSAGE][PASSED] - Delayed 1 second(s)

2019-02-13 12:51:18 - [MESSAGE][PASSED] - Delayed 1 second(s)

2019-02-13 12:51:20 - [MESSAGE][PASSED] - Delayed 1 second(s)

2019-02-13 12:51:20 - [MESSAGE][PASSED] - Attribute 'tabindex' of object '' is: '0'

2019-02-13 12:51:22 - [MESSAGE][PASSED] - Delayed 2 second(s)

2019-02-13 12:51:22 - [MESSAGE][PASSED] - Object: '' is clicked on

2019-02-13 12:51:23 - [MESSAGE][PASSED] - Delayed 1 second(s)

2019-02-13 12:51:24 - [MESSAGE][PASSED] - Delayed 1 second(s)

2019-02-13 12:51:25 - [MESSAGE][PASSED] - Delayed 1 second(s)

2019-02-13 12:51:26 - [MESSAGE][PASSED] - Delayed 1 second(s)

2019-02-13 12:51:26 - [MESSAGE][PASSED] - pk_Functions.CS_ClickingonUpdateorDeletebutton_Fulltabl.SelectRecordFromWebtableFun is PASSED

2019-02-13 12:51:26 - [TEST_STEP][PASSED] - delay(2): Delayed 2 second(s)

2019-02-13 12:51:28 - [MESSAGE][PASSED] - Delayed 2 second(s)

2019-02-13 12:51:28 - [TEST_STEP][PASSED] - pk_Functions.CS_SpecificPageData.DataFun(["Arabic Description", "English Description"], "Event Group Management/MOF_NE_Event Group ManagementObjectRepository", "Sheet1", [ArabicDescription, EnglishDescription]): pk_Functions.CS_SpecificPageData.DataFun is PASSED

2019-02-13 12:51:29 - [MESSAGE][PASSED] - Text 'English Description_2' is set on object ''

2019-02-13 12:51:29 - [MESSAGE][PASSED] - Text 'English Description_2' is set on object ''

2019-02-13 12:51:29 - [MESSAGE][PASSED] - pk_Functions.CS_SpecificPageData.DataFun is PASSED

2019-02-13 12:51:29 - [TEST_STEP][PASSED] - delay(2): Delayed 2 second(s)

2019-02-13 12:51:31 - [MESSAGE][PASSED] - Delayed 2 second(s)

2019-02-13 12:51:31 - [TEST_STEP][PASSED] - click(findTestObject("BTN_Save")): Object: 'Object Repository/BTN_Save' is clicked on

2019-02-13 12:51:31 - [MESSAGE][PASSED] - Object: 'Object Repository/BTN_Save' is clicked on

2019-02-13 12:51:31 - [TEST_STEP][PASSED] - delay(2): Delayed 2 second(s)

2019-02-13 12:51:33 - [MESSAGE][PASSED] - Delayed 2 second(s)

2019-02-13 12:51:33 - [TEST_STEP][PASSED] - click(findTestObject("Event Group Managemnt/BTN_Back (1)")): Object: 'Object Repository/Event Group Managemnt/BTN_Back (1)' is clicked on

2019-02-13 12:51:33 - [MESSAGE][PASSED] - Object: 'Object Repository/Event Group Managemnt/BTN_Back (1)' is clicked on

2019-02-13 12:51:33 - [TEST_STEP][PASSED] - delay(1): Delayed 1 second(s)

2019-02-13 12:51:34 - [MESSAGE][PASSED] - Delayed 1 second(s)]]></system-out>
         <system-err><![CDATA[]]></system-err>
      </testcase>
      <testcase name="Test Cases/Event Group Management/TC_Update and Delete test" classname="Test Cases/Event Group Management/TC_Update and Delete test" status="PASSED">
         <system-out><![CDATA[2019-02-13 12:51:34 - [TEST_CASE][PASSED] - Test Cases/Event Group Management/TC_Update and Delete test: Test Cases/Event Group Management/TC_Update and Delete test

2019-02-13 12:51:34 - [TEST_STEP][PASSED] - if (ActionType == "UpdateYes"): null]]></system-out>
         <system-err><![CDATA[]]></system-err>
      </testcase>
      <testcase name="Test Cases/Event Group Management/TC_Update and Delete test" classname="Test Cases/Event Group Management/TC_Update and Delete test" status="PASSED">
         <system-out><![CDATA[2019-02-13 12:51:34 - [TEST_CASE][PASSED] - Test Cases/Event Group Management/TC_Update and Delete test: Test Cases/Event Group Management/TC_Update and Delete test

2019-02-13 12:51:34 - [TEST_STEP][PASSED] - if (ActionType == "UpdateYes"): null]]></system-out>
         <system-err><![CDATA[]]></system-err>
      </testcase>
      <testcase name="Test Cases/Event Group Management/TC_Update and Delete test" classname="Test Cases/Event Group Management/TC_Update and Delete test" status="PASSED">
         <system-out><![CDATA[2019-02-13 12:51:34 - [TEST_CASE][PASSED] - Test Cases/Event Group Management/TC_Update and Delete test: Test Cases/Event Group Management/TC_Update and Delete test

2019-02-13 12:51:34 - [TEST_STEP][PASSED] - if (ActionType == "UpdateYes"): Delayed 1 second(s)

2019-02-13 12:51:34 - [TEST_STEP][PASSED] - delay(1): Delayed 1 second(s)

2019-02-13 12:51:35 - [MESSAGE][PASSED] - Delayed 1 second(s)

2019-02-13 12:51:35 - [TEST_STEP][PASSED] - pk_Functions.CS_ClickingonUpdateorDeletebutton_Fulltabl.SelectRecordFromWebtableFun("UpdateYes", 0, 3, "Event Group Management/MOF_NE_Event Group ManagementObjectRepository", "Sheet1", Code): pk_Functions.CS_ClickingonUpdateorDeletebutton_Fulltabl.SelectRecordFromWebtableFun is PASSED

2019-02-13 12:51:35 - [MESSAGE][PASSED] - Object: '' is clicked on

2019-02-13 12:51:37 - [MESSAGE][PASSED] - Delayed 2 second(s)

2019-02-13 12:51:39 - [MESSAGE][PASSED] - Delayed 2 second(s)

2019-02-13 12:51:39 - [MESSAGE][PASSED] - Attribute 'tabindex' of object '' is: '0'

2019-02-13 12:51:39 - [MESSAGE][PASSED] - Attribute 'tabindex' of object '' is: '0'

2019-02-13 12:51:41 - [MESSAGE][PASSED] - Delayed 2 second(s)

2019-02-13 12:51:42 - [MESSAGE][PASSED] - Delayed 1 second(s)

2019-02-13 12:51:43 - [MESSAGE][PASSED] - Delayed 1 second(s)

2019-02-13 12:51:45 - [MESSAGE][PASSED] - Delayed 1 second(s)

2019-02-13 12:51:45 - [MESSAGE][PASSED] - Attribute 'tabindex' of object '' is: '0'

2019-02-13 12:51:47 - [MESSAGE][PASSED] - Delayed 2 second(s)

2019-02-13 12:51:47 - [MESSAGE][PASSED] - Object: '' is clicked on

2019-02-13 12:51:48 - [MESSAGE][PASSED] - Delayed 1 second(s)

2019-02-13 12:51:49 - [MESSAGE][PASSED] - Delayed 1 second(s)

2019-02-13 12:51:50 - [MESSAGE][PASSED] - Delayed 1 second(s)

2019-02-13 12:51:50 - [MESSAGE][PASSED] - Attribute 'tabindex' of object '' is: '0'

2019-02-13 12:51:52 - [MESSAGE][PASSED] - Delayed 2 second(s)

2019-02-13 12:51:52 - [MESSAGE][PASSED] - Object: '' is clicked on

2019-02-13 12:51:53 - [MESSAGE][PASSED] - Delayed 1 second(s)

2019-02-13 12:51:54 - [MESSAGE][PASSED] - Delayed 1 second(s)

2019-02-13 12:51:56 - [MESSAGE][PASSED] - Delayed 1 second(s)

2019-02-13 12:51:56 - [MESSAGE][PASSED] - Attribute 'tabindex' of object '' is: '0'

2019-02-13 12:51:58 - [MESSAGE][PASSED] - Delayed 2 second(s)

2019-02-13 12:51:58 - [MESSAGE][PASSED] - Object: '' is clicked on

2019-02-13 12:51:59 - [MESSAGE][PASSED] - Delayed 1 second(s)

2019-02-13 12:52:00 - [MESSAGE][PASSED] - Delayed 1 second(s)

2019-02-13 12:52:01 - [MESSAGE][PASSED] - Delayed 1 second(s)

2019-02-13 12:52:02 - [MESSAGE][PASSED] - Delayed 1 second(s)

2019-02-13 12:52:02 - [MESSAGE][PASSED] - pk_Functions.CS_ClickingonUpdateorDeletebutton_Fulltabl.SelectRecordFromWebtableFun is PASSED

2019-02-13 12:52:02 - [TEST_STEP][PASSED] - delay(2): Delayed 2 second(s)

2019-02-13 12:52:04 - [MESSAGE][PASSED] - Delayed 2 second(s)

2019-02-13 12:52:04 - [TEST_STEP][PASSED] - pk_Functions.CS_SpecificPageData.DataFun(["Arabic Description", "English Description"], "Event Group Management/MOF_NE_Event Group ManagementObjectRepository", "Sheet1", [ArabicDescription, EnglishDescription]): pk_Functions.CS_SpecificPageData.DataFun is PASSED

2019-02-13 12:52:04 - [MESSAGE][PASSED] - Text 'English Description_4' is set on object ''

2019-02-13 12:52:05 - [MESSAGE][PASSED] - Text 'English Description_4' is set on object ''

2019-02-13 12:52:05 - [MESSAGE][PASSED] - pk_Functions.CS_SpecificPageData.DataFun is PASSED

2019-02-13 12:52:05 - [TEST_STEP][PASSED] - delay(2): Delayed 2 second(s)

2019-02-13 12:52:07 - [MESSAGE][PASSED] - Delayed 2 second(s)

2019-02-13 12:52:07 - [TEST_STEP][PASSED] - click(findTestObject("BTN_Save")): Object: 'Object Repository/BTN_Save' is clicked on

2019-02-13 12:52:07 - [MESSAGE][PASSED] - Object: 'Object Repository/BTN_Save' is clicked on

2019-02-13 12:52:07 - [TEST_STEP][PASSED] - delay(2): Delayed 2 second(s)

2019-02-13 12:52:09 - [MESSAGE][PASSED] - Delayed 2 second(s)

2019-02-13 12:52:09 - [TEST_STEP][PASSED] - click(findTestObject("Event Group Managemnt/BTN_Back (1)")): Object: 'Object Repository/Event Group Managemnt/BTN_Back (1)' is clicked on

2019-02-13 12:52:09 - [MESSAGE][PASSED] - Object: 'Object Repository/Event Group Managemnt/BTN_Back (1)' is clicked on

2019-02-13 12:52:09 - [TEST_STEP][PASSED] - delay(1): Delayed 1 second(s)

2019-02-13 12:52:10 - [MESSAGE][PASSED] - Delayed 1 second(s)]]></system-out>
         <system-err><![CDATA[]]></system-err>
      </testcase>
      <system-out><![CDATA[2019-02-13 12:50:15 - [TEST_SUITE][PASSED] - TS_ClickUpdate_Delete: Test Cases/Event Group Management/TC_Update and Delete test]]></system-out>
      <system-err><![CDATA[]]></system-err>
   </testsuite>
</testsuites>
