<?xml version="1.0" encoding="UTF-8"?>
<testsuites name="TS_Event Group Management" time="43" tests="1" failures="0" errors="0">
   <testsuite name="TS_Event Group Management" tests="1" failures="0" errors="0" time="43" timestamp="2019-01-21 16:53:23" hostname="Ebtehal Gamal Yusuf - LPALXY0199.ejadaalex.local" id="Test Suites/Event Group Management/TS_Event Group Management">
      <properties>
         <property name="deviceName" value=""/>
         <property name="devicePlatform" value=""/>
         <property name="logFolder" value="C:\\Users\\Administrator\\git\\MOF\\Reports\\Event Group Management\\TS_Event Group Management\\20190121_165320"/>
         <property name="logFiles" value="C:\\Users\\Administrator\\git\\MOF\\Reports\\Event Group Management\\TS_Event Group Management\\20190121_165320\\execution0.log"/>
         <property name="attachments" value=""/>
         <property name="hostName" value="Ebtehal Gamal Yusuf - LPALXY0199.ejadaalex.local"/>
         <property name="os" value="Windows 7 64bit"/>
         <property name="katalonVersion" value="5.10.1.1"/>
         <property name="browser" value="Chrome 71.0.3578.98"/>
         <property name="hostAddress" value="192.168.3.51"/>
         <property name="sessionId" value="686cdd1de26e323b0697a8c14524d56f"/>
         <property name="seleniumVersion" value="3.7.1"/>
         <property name="proxyInformation" value="ProxyInformation{proxyOption=NO_PROXY, proxyServerType=HTTP, password=, proxyServerAddress=, proxyServerPort=0}"/>
         <property name="platform" value="Windows 7"/>
      </properties>
      <testcase name="Test Cases/Event Group Management/TC_Update" classname="Test Cases/Event Group Management/TC_Update" status="PASSED">
         <system-out><![CDATA[2019-01-21 16:53:23 - [TEST_CASE][PASSED] - Test Cases/Event Group Management/TC_Update: Test Cases/Event Group Management/TC_Update

2019-01-21 16:53:24 - [TEST_STEP][PASSED] - pk_Functions.CS_Login.LoginFun(findTestObject(null), "http://192.168.0.190:8080/mof/#/", findTestObject("Login/Username"), findTestObject("Login/Password"), "AAttia", "123", findTestObject("Login/Login")): pk_Functions.CS_Login.LoginFun is PASSED

2019-01-21 16:53:24 - [MESSAGE][WARNING] - Test object id is null

2019-01-21 16:53:24 - [MESSAGE][INFO] - Starting 'Chrome' driver

2019-01-21 16:53:25 - [MESSAGE][INFO] - Action delay is set to 0 seconds

2019-01-21 16:53:37 - [MESSAGE][PASSED] - Browser is opened with url: 'http://192.168.0.190:8080/mof/#/'

2019-01-21 16:53:37 - [MESSAGE][PASSED] - Text 'AAttia' is set on object 'Object Repository/Login/Username'

2019-01-21 16:53:37 - [MESSAGE][PASSED] - Text '123' is set on object 'Object Repository/Login/Password'

2019-01-21 16:53:38 - [MESSAGE][PASSED] - Object: 'Object Repository/Login/Login' is clicked on

2019-01-21 16:53:38 - [MESSAGE][PASSED] - pk_Functions.CS_Login.LoginFun is PASSED

2019-01-21 16:53:38 - [TEST_STEP][PASSED] - click(findTestObject("NE_SideMenu")): Object: 'Object Repository/NE_SideMenu' is clicked on

2019-01-21 16:53:44 - [MESSAGE][PASSED] - Object: 'Object Repository/NE_SideMenu' is clicked on

2019-01-21 16:53:44 - [TEST_STEP][PASSED] - click(findTestObject("NE_EventGroupManagement")): Object: 'Object Repository/NE_EventGroupManagement' is clicked on

2019-01-21 16:53:44 - [MESSAGE][PASSED] - Object: 'Object Repository/NE_EventGroupManagement' is clicked on

2019-01-21 16:53:44 - [TEST_STEP][PASSED] - click(findTestObject("Search")): Object: 'Object Repository/Search' is clicked on

2019-01-21 16:53:46 - [MESSAGE][PASSED] - Object: 'Object Repository/Search' is clicked on

2019-01-21 16:53:46 - [TEST_STEP][PASSED] - delay(5): Delayed 5 second(s)

2019-01-21 16:53:51 - [MESSAGE][PASSED] - Delayed 5 second(s)

2019-01-21 16:53:51 - [TEST_STEP][PASSED] - pk_Functions.CS_SelectRecordFromWebtable_IPO.SelectRecordFromWebtableFun("xpath", "//*[@id="app-form"]//app-body//app-event-categories-management-layout//app-event-categories-management-list/p-panel//p-datatable/div/div[2]", "1", 0, 3, 2): pk_Functions.CS_SelectRecordFromWebtable_IPO.SelectRecordFromWebtableFun is PASSED

2019-01-21 16:53:56 - [MESSAGE][PASSED] - Delayed 4 second(s)

2019-01-21 16:54:00 - [MESSAGE][PASSED] - Delayed 4 second(s)

2019-01-21 16:54:00 - [MESSAGE][PASSED] - pk_Functions.CS_SelectRecordFromWebtable_IPO.SelectRecordFromWebtableFun is PASSED

2019-01-21 16:54:00 - [TEST_STEP][PASSED] - delay(5): Delayed 5 second(s)

2019-01-21 16:54:05 - [MESSAGE][PASSED] - Delayed 5 second(s)

2019-01-21 16:54:05 - [TEST_STEP][PASSED] - pk_Functions.CS_AllPageData.AllPageDataFun("Event Group Management/EventManagemntGPUpdate_Data", "Sheet1", [ArabicDescription, EnglishDescription, Save, Back]): pk_Functions.CS_AllPageData.AllPageDataFun is PASSED

2019-01-21 16:54:06 - [MESSAGE][PASSED] - pk_Functions.CS_AllPageData.AllPageDataFun is PASSED]]></system-out>
         <system-err><![CDATA[]]></system-err>
      </testcase>
      <system-out><![CDATA[2019-01-21 16:53:23 - [TEST_SUITE][PASSED] - TS_Event Group Management: Test Cases/Event Group Management/TC_Update]]></system-out>
      <system-err><![CDATA[]]></system-err>
   </testsuite>
</testsuites>
