<?xml version="1.0" encoding="UTF-8"?>
<testsuites name="TS_Event Group Management" time="25" tests="1" failures="0" errors="0">
   <testsuite name="TS_Event Group Management" tests="1" failures="0" errors="0" time="25" timestamp="2019-01-27 11:34:11" hostname="Ebtehal Gamal Yusuf - LPALXY0199.ejadaalex.local" id="Test Suites/Event Group Management/TS_Event Group Management">
      <properties>
         <property name="deviceName" value=""/>
         <property name="devicePlatform" value=""/>
         <property name="logFolder" value="C:\\Users\\Administrator\\git\\MOF\\Reports\\Event Group Management\\TS_Event Group Management\\20190127_113408"/>
         <property name="logFiles" value="C:\\Users\\Administrator\\git\\MOF\\Reports\\Event Group Management\\TS_Event Group Management\\20190127_113408\\execution0.log"/>
         <property name="attachments" value=""/>
         <property name="hostName" value="Ebtehal Gamal Yusuf - LPALXY0199.ejadaalex.local"/>
         <property name="os" value="Windows 7 64bit"/>
         <property name="katalonVersion" value="5.10.1.1"/>
         <property name="browser" value="Chrome 71.0.3578.98"/>
         <property name="hostAddress" value="192.168.3.51"/>
         <property name="sessionId" value="6951a0864d8ba995c8cfa8e87e11b801"/>
         <property name="seleniumVersion" value="3.7.1"/>
         <property name="proxyInformation" value="ProxyInformation{proxyOption=NO_PROXY, proxyServerType=HTTP, password=, proxyServerAddress=, proxyServerPort=0}"/>
         <property name="platform" value="Windows 7"/>
      </properties>
      <testcase name="Test Cases/Event Group Management/TC_Search_FullScenario" classname="Test Cases/Event Group Management/TC_Search_FullScenario" status="PASSED">
         <system-out><![CDATA[2019-01-27 11:34:12 - [TEST_CASE][PASSED] - Test Cases/Event Group Management/TC_Search_FullScenario: Test Cases/Event Group Management/TC_Search_FullScenario

2019-01-27 11:34:12 - [TEST_STEP][PASSED] - pk_Functions.CS_Login.LoginFun(findTestObject(null), "http://192.168.0.190:8080/mof/#/", findTestObject("Login/Username"), findTestObject("Login/Password"), "AAttia", "123", findTestObject("Login/Login")): pk_Functions.CS_Login.LoginFun is PASSED

2019-01-27 11:34:12 - [MESSAGE][WARNING] - Test object id is null

2019-01-27 11:34:13 - [MESSAGE][INFO] - Starting 'Chrome' driver

2019-01-27 11:34:13 - [MESSAGE][INFO] - Action delay is set to 0 seconds

2019-01-27 11:34:30 - [MESSAGE][PASSED] - Browser is opened with url: 'http://192.168.0.190:8080/mof/#/'

2019-01-27 11:34:30 - [MESSAGE][PASSED] - Text 'AAttia' is set on object 'Object Repository/Login/Username'

2019-01-27 11:34:30 - [MESSAGE][PASSED] - Text '123' is set on object 'Object Repository/Login/Password'

2019-01-27 11:34:30 - [MESSAGE][PASSED] - Object: 'Object Repository/Login/Login' is clicked on

2019-01-27 11:34:30 - [MESSAGE][PASSED] - pk_Functions.CS_Login.LoginFun is PASSED

2019-01-27 11:34:30 - [TEST_STEP][PASSED] - click(findTestObject("NE_SideMenu")): Object: 'Object Repository/NE_SideMenu' is clicked on

2019-01-27 11:34:32 - [MESSAGE][PASSED] - Object: 'Object Repository/NE_SideMenu' is clicked on

2019-01-27 11:34:32 - [TEST_STEP][PASSED] - click(findTestObject("NE_EventGroupManagement")): Object: 'Object Repository/NE_EventGroupManagement' is clicked on

2019-01-27 11:34:32 - [MESSAGE][PASSED] - Object: 'Object Repository/NE_EventGroupManagement' is clicked on

2019-01-27 11:34:32 - [TEST_STEP][PASSED] - pk_Functions.CS_SpecificPageData.DataFun(["Code"], "Event Group Management/EventManagementGPUpdate_ObjectRepository", "Search_Parameters", [Code]): pk_Functions.CS_SpecificPageData.DataFun is PASSED

2019-01-27 11:34:34 - [MESSAGE][PASSED] - Text '1' is set on object ''

2019-01-27 11:34:34 - [MESSAGE][PASSED] - pk_Functions.CS_SpecificPageData.DataFun is PASSED

2019-01-27 11:34:34 - [TEST_STEP][PASSED] - click(findTestObject("Event Group Managemnt/BTN_Search")): Object: 'Object Repository/Event Group Managemnt/BTN_Search' is clicked on

2019-01-27 11:34:34 - [MESSAGE][PASSED] - Object: 'Object Repository/Event Group Managemnt/BTN_Search' is clicked on

2019-01-27 11:34:34 - [TEST_STEP][PASSED] - delay(1): Delayed 1 second(s)

2019-01-27 11:34:35 - [MESSAGE][PASSED] - Delayed 1 second(s)

2019-01-27 11:34:35 - [TEST_STEP][PASSED] - pk_Functions.CS_ValidateSearchParameters.ValidateSearchParameters("Search", "Event Group Management/MOF_NE_Event Group ManagementObjectRepository", "Search_Function", [Code, ArabicDescription, EnglishDescription], 0): pk_Functions.CS_ValidateSearchParameters.ValidateSearchParameters is PASSED

2019-01-27 11:34:35 - [MESSAGE][PASSED] - pk_Functions.CS_ValidateSearchParameters.ValidateSearchParameters is PASSED

2019-01-27 11:34:35 - [TEST_STEP][PASSED] - click(findTestObject("Event Group Managemnt/BTN_Clear")): Object: 'Object Repository/Event Group Managemnt/BTN_Clear' is clicked on

2019-01-27 11:34:36 - [MESSAGE][PASSED] - Object: 'Object Repository/Event Group Managemnt/BTN_Clear' is clicked on

2019-01-27 11:34:36 - [TEST_STEP][NOT_RUN] - pk_Functions.CS_ValidateSearchParameters.ValidateSearchParameters("Clear", "xpath", "//*[@id="app-form"]/div/app-body/div/div/div[2]/div[2]/app-event-categories-management-layout/div/div[2]/div/app-event-categories-management-list/p-panel/div/div[2]/div[1]/div/div/p-datatable/div/div[2]", [], 0): NOT_RUN: pk_Functions.CS_ValidateSearchParameters.ValidateSearchParameters("Clear", "xpath", "//*[@id="app-form"]/div/app-body/div/div/div[2]/div[2]/app-event-categories-management-layout/div/div[2]/div/app-event-categories-management-list/p-panel/div/div[2]/div[1]/div/div/p-datatable/div/div[2]", [], 0)

2019-01-27 11:34:36 - [MESSAGE][NOT_RUN] - NOT_RUN: pk_Functions.CS_ValidateSearchParameters.ValidateSearchParameters("Clear", "xpath", "//*[@id="app-form"]/div/app-body/div/div/div[2]/div[2]/app-event-categories-management-layout/div/div[2]/div/app-event-categories-management-list/p-panel/div/div[2]/div[1]/div/div/p-datatable/div/div[2]", [], 0)]]></system-out>
         <system-err><![CDATA[]]></system-err>
      </testcase>
      <system-out><![CDATA[2019-01-27 11:34:11 - [TEST_SUITE][PASSED] - TS_Event Group Management: Test Cases/Event Group Management/TC_Search_FullScenario]]></system-out>
      <system-err><![CDATA[]]></system-err>
   </testsuite>
</testsuites>
