<?xml version="1.0" encoding="UTF-8"?>
<testsuites name="TS_EGMFullScenario" time="227" tests="18" failures="0" errors="0">
   <testsuite name="TS_EGMFullScenario" tests="18" failures="0" errors="0" time="227" timestamp="2019-02-20 12:21:33" hostname="aeibrahim - LPALXY0477.ejadaalex.local" id="Test Suites/Event Group Management/TS_EGMFullScenario">
      <properties>
         <property name="deviceName" value=""/>
         <property name="devicePlatform" value=""/>
         <property name="logFolder" value="C:\\Users\\aeibrahim\\git\\MOF\\Reports\\Event Group Management\\TS_EGMFullScenario\\20190220_122124"/>
         <property name="logFiles" value="C:\\Users\\aeibrahim\\git\\MOF\\Reports\\Event Group Management\\TS_EGMFullScenario\\20190220_122124\\execution0.log"/>
         <property name="attachments" value=""/>
         <property name="hostName" value="aeibrahim - LPALXY0477.ejadaalex.local"/>
         <property name="os" value="Windows 10 64bit"/>
         <property name="katalonVersion" value="5.10.1.1"/>
         <property name="browser" value="Chrome 72.0.3626.109"/>
         <property name="hostAddress" value="192.168.3.64"/>
         <property name="sessionId" value="8f78b0e4641871ba708508c955f87a2f"/>
         <property name="seleniumVersion" value="3.7.1"/>
         <property name="proxyInformation" value="ProxyInformation{proxyOption=NO_PROXY, proxyServerType=HTTP, password=, proxyServerAddress=, proxyServerPort=0}"/>
         <property name="platform" value="Windows 10"/>
      </properties>
      <testcase name="Test Cases/TC_Login" classname="Test Cases/TC_Login" status="PASSED">
         <system-out><![CDATA[2019-02-20 12:21:33 - [TEST_CASE][PASSED] - Test Cases/TC_Login: Test Cases/TC_Login

2019-02-20 12:21:34 - [TEST_STEP][PASSED] - pk_Functions.CS_Login.LoginFun(findTestObject(null), "http://192.168.0.190:8080/mof/#/", findTestObject("Login/Username"), findTestObject("Login/Password"), "AAttia", "123", findTestObject("Login/Login")): pk_Functions.CS_Login.LoginFun is PASSED

2019-02-20 12:21:34 - [MESSAGE][WARNING] - Test object id is null

2019-02-20 12:21:35 - [MESSAGE][INFO] - Starting 'Chrome' driver

2019-02-20 12:21:35 - [MESSAGE][INFO] - Action delay is set to 0 seconds

2019-02-20 12:22:05 - [MESSAGE][PASSED] - Browser is opened with url: 'http://192.168.0.190:8080/mof/#/'

2019-02-20 12:22:05 - [MESSAGE][PASSED] - Text 'AAttia' is set on object 'Object Repository/Login/Username'

2019-02-20 12:22:06 - [MESSAGE][PASSED] - Text '123' is set on object 'Object Repository/Login/Password'

2019-02-20 12:22:06 - [MESSAGE][PASSED] - Object: 'Object Repository/Login/Login' is clicked on

2019-02-20 12:22:06 - [MESSAGE][PASSED] - pk_Functions.CS_Login.LoginFun is PASSED

2019-02-20 12:22:06 - [TEST_STEP][PASSED] - maximizeWindow(): Current window maximized

2019-02-20 12:22:07 - [MESSAGE][PASSED] - Current window maximized]]></system-out>
         <system-err><![CDATA[]]></system-err>
      </testcase>
      <testcase name="Test Cases/Event Group Management/TC_Select_Screen" classname="Test Cases/Event Group Management/TC_Select_Screen" status="PASSED">
         <system-out><![CDATA[2019-02-20 12:22:07 - [TEST_CASE][PASSED] - Test Cases/Event Group Management/TC_Select_Screen: Test Cases/Event Group Management/TC_Select_Screen

2019-02-20 12:22:07 - [TEST_STEP][PASSED] - click(findTestObject("NE_SideMenu")): Object: 'Object Repository/NE_SideMenu' is clicked on

2019-02-20 12:22:10 - [MESSAGE][PASSED] - Object: 'Object Repository/NE_SideMenu' is clicked on

2019-02-20 12:22:10 - [TEST_STEP][PASSED] - click(findTestObject("NE_EventGroupManagement")): Object: 'Object Repository/NE_EventGroupManagement' is clicked on

2019-02-20 12:22:10 - [MESSAGE][PASSED] - Object: 'Object Repository/NE_EventGroupManagement' is clicked on

2019-02-20 12:22:10 - [TEST_STEP][PASSED] - click(findTestObject("Event Group Managemnt/BTN_Search")): Object: 'Object Repository/Event Group Managemnt/BTN_Search' is clicked on

2019-02-20 12:22:11 - [MESSAGE][PASSED] - Object: 'Object Repository/Event Group Managemnt/BTN_Search' is clicked on

2019-02-20 12:22:11 - [TEST_STEP][PASSED] - delay(2): Delayed 2 second(s)

2019-02-20 12:22:13 - [MESSAGE][PASSED] - Delayed 2 second(s)]]></system-out>
         <system-err><![CDATA[]]></system-err>
      </testcase>
      <testcase name="Test Cases/Event Group Management/TC_Insert_Records" classname="Test Cases/Event Group Management/TC_Insert_Records" status="PASSED">
         <system-out><![CDATA[2019-02-20 12:22:13 - [TEST_CASE][PASSED] - Test Cases/Event Group Management/TC_Insert_Records: Test Cases/Event Group Management/TC_Insert_Records

2019-02-20 12:22:14 - [TEST_STEP][PASSED] - click(findTestObject("Event Group Managemnt/BTN_Insert")): Object: 'Object Repository/Event Group Managemnt/BTN_Insert' is clicked on

2019-02-20 12:22:14 - [MESSAGE][PASSED] - Object: 'Object Repository/Event Group Managemnt/BTN_Insert' is clicked on

2019-02-20 12:22:14 - [TEST_STEP][PASSED] - pk_Functions.CS_AllPageData.AllPageDataFun("Event Group Management/MOF_NE_Event Group ManagementObjectRepository", "Sheet1", [code, arabic_des, english_des]): pk_Functions.CS_AllPageData.AllPageDataFun is PASSED

2019-02-20 12:22:16 - [MESSAGE][PASSED] - Delayed 1 second(s)

2019-02-20 12:22:16 - [MESSAGE][PASSED] - Text 'EB2' is set on object ''

2019-02-20 12:22:17 - [MESSAGE][PASSED] - Delayed 1 second(s)

2019-02-20 12:22:17 - [MESSAGE][PASSED] - Text 'English Description_1' is set on object ''

2019-02-20 12:22:18 - [MESSAGE][PASSED] - Delayed 1 second(s)

2019-02-20 12:22:18 - [MESSAGE][PASSED] - Text 'English Description_123' is set on object ''

2019-02-20 12:22:18 - [MESSAGE][PASSED] - pk_Functions.CS_AllPageData.AllPageDataFun is PASSED

2019-02-20 12:22:18 - [TEST_STEP][PASSED] - click(findTestObject("BTN_Save")): Object: 'Object Repository/BTN_Save' is clicked on

2019-02-20 12:22:19 - [MESSAGE][PASSED] - Object: 'Object Repository/BTN_Save' is clicked on

2019-02-20 12:22:19 - [TEST_STEP][PASSED] - delay(3): Delayed 3 second(s)

2019-02-20 12:22:22 - [MESSAGE][PASSED] - Delayed 3 second(s)

2019-02-20 12:22:22 - [TEST_STEP][PASSED] - click(findTestObject("Event Group Managemnt/BTN_Back (1)")): Object: 'Object Repository/Event Group Managemnt/BTN_Back (1)' is clicked on

2019-02-20 12:22:22 - [MESSAGE][PASSED] - Object: 'Object Repository/Event Group Managemnt/BTN_Back (1)' is clicked on

2019-02-20 12:22:22 - [TEST_STEP][PASSED] - delay(3): Delayed 3 second(s)

2019-02-20 12:22:25 - [MESSAGE][PASSED] - Delayed 3 second(s)]]></system-out>
         <system-err><![CDATA[]]></system-err>
      </testcase>
      <testcase name="Test Cases/Event Group Management/TC_Insert_Records" classname="Test Cases/Event Group Management/TC_Insert_Records" status="PASSED">
         <system-out><![CDATA[2019-02-20 12:22:25 - [TEST_CASE][PASSED] - Test Cases/Event Group Management/TC_Insert_Records: Test Cases/Event Group Management/TC_Insert_Records

2019-02-20 12:22:25 - [TEST_STEP][PASSED] - click(findTestObject("Event Group Managemnt/BTN_Insert")): Object: 'Object Repository/Event Group Managemnt/BTN_Insert' is clicked on

2019-02-20 12:22:25 - [MESSAGE][PASSED] - Object: 'Object Repository/Event Group Managemnt/BTN_Insert' is clicked on

2019-02-20 12:22:25 - [TEST_STEP][PASSED] - pk_Functions.CS_AllPageData.AllPageDataFun("Event Group Management/MOF_NE_Event Group ManagementObjectRepository", "Sheet1", [code, arabic_des, english_des]): pk_Functions.CS_AllPageData.AllPageDataFun is PASSED

2019-02-20 12:22:26 - [MESSAGE][PASSED] - Delayed 1 second(s)

2019-02-20 12:22:26 - [MESSAGE][PASSED] - Text 'EB3' is set on object ''

2019-02-20 12:22:27 - [MESSAGE][PASSED] - Delayed 1 second(s)

2019-02-20 12:22:27 - [MESSAGE][PASSED] - Text 'English Description_2' is set on object ''

2019-02-20 12:22:28 - [MESSAGE][PASSED] - Delayed 1 second(s)

2019-02-20 12:22:29 - [MESSAGE][PASSED] - Text 'English Description_2' is set on object ''

2019-02-20 12:22:29 - [MESSAGE][PASSED] - pk_Functions.CS_AllPageData.AllPageDataFun is PASSED

2019-02-20 12:22:29 - [TEST_STEP][PASSED] - click(findTestObject("BTN_Save")): Object: 'Object Repository/BTN_Save' is clicked on

2019-02-20 12:22:29 - [MESSAGE][PASSED] - Object: 'Object Repository/BTN_Save' is clicked on

2019-02-20 12:22:29 - [TEST_STEP][PASSED] - delay(3): Delayed 3 second(s)

2019-02-20 12:22:32 - [MESSAGE][PASSED] - Delayed 3 second(s)

2019-02-20 12:22:32 - [TEST_STEP][PASSED] - click(findTestObject("Event Group Managemnt/BTN_Back (1)")): Object: 'Object Repository/Event Group Managemnt/BTN_Back (1)' is clicked on

2019-02-20 12:22:32 - [MESSAGE][PASSED] - Object: 'Object Repository/Event Group Managemnt/BTN_Back (1)' is clicked on

2019-02-20 12:22:32 - [TEST_STEP][PASSED] - delay(3): Delayed 3 second(s)

2019-02-20 12:22:35 - [MESSAGE][PASSED] - Delayed 3 second(s)]]></system-out>
         <system-err><![CDATA[]]></system-err>
      </testcase>
      <testcase name="Test Cases/Event Group Management/TC_Insert_Records" classname="Test Cases/Event Group Management/TC_Insert_Records" status="PASSED">
         <system-out><![CDATA[2019-02-20 12:22:35 - [TEST_CASE][PASSED] - Test Cases/Event Group Management/TC_Insert_Records: Test Cases/Event Group Management/TC_Insert_Records

2019-02-20 12:22:35 - [TEST_STEP][PASSED] - click(findTestObject("Event Group Managemnt/BTN_Insert")): Object: 'Object Repository/Event Group Managemnt/BTN_Insert' is clicked on

2019-02-20 12:22:35 - [MESSAGE][PASSED] - Object: 'Object Repository/Event Group Managemnt/BTN_Insert' is clicked on

2019-02-20 12:22:35 - [TEST_STEP][PASSED] - pk_Functions.CS_AllPageData.AllPageDataFun("Event Group Management/MOF_NE_Event Group ManagementObjectRepository", "Sheet1", [code, arabic_des, english_des]): pk_Functions.CS_AllPageData.AllPageDataFun is PASSED

2019-02-20 12:22:36 - [MESSAGE][PASSED] - Delayed 1 second(s)

2019-02-20 12:22:36 - [MESSAGE][PASSED] - Text 'EB4' is set on object ''

2019-02-20 12:22:37 - [MESSAGE][PASSED] - Delayed 1 second(s)

2019-02-20 12:22:38 - [MESSAGE][PASSED] - Text 'English Description_3' is set on object ''

2019-02-20 12:22:39 - [MESSAGE][PASSED] - Delayed 1 second(s)

2019-02-20 12:22:39 - [MESSAGE][PASSED] - Text 'English Description_3' is set on object ''

2019-02-20 12:22:39 - [MESSAGE][PASSED] - pk_Functions.CS_AllPageData.AllPageDataFun is PASSED

2019-02-20 12:22:39 - [TEST_STEP][PASSED] - click(findTestObject("BTN_Save")): Object: 'Object Repository/BTN_Save' is clicked on

2019-02-20 12:22:39 - [MESSAGE][PASSED] - Object: 'Object Repository/BTN_Save' is clicked on

2019-02-20 12:22:39 - [TEST_STEP][PASSED] - delay(3): Delayed 3 second(s)

2019-02-20 12:22:42 - [MESSAGE][PASSED] - Delayed 3 second(s)

2019-02-20 12:22:42 - [TEST_STEP][PASSED] - click(findTestObject("Event Group Managemnt/BTN_Back (1)")): Object: 'Object Repository/Event Group Managemnt/BTN_Back (1)' is clicked on

2019-02-20 12:22:42 - [MESSAGE][PASSED] - Object: 'Object Repository/Event Group Managemnt/BTN_Back (1)' is clicked on

2019-02-20 12:22:42 - [TEST_STEP][PASSED] - delay(3): Delayed 3 second(s)

2019-02-20 12:22:45 - [MESSAGE][PASSED] - Delayed 3 second(s)]]></system-out>
         <system-err><![CDATA[]]></system-err>
      </testcase>
      <testcase name="Test Cases/Event Group Management/TC_Insert_Records" classname="Test Cases/Event Group Management/TC_Insert_Records" status="PASSED">
         <system-out><![CDATA[2019-02-20 12:22:45 - [TEST_CASE][PASSED] - Test Cases/Event Group Management/TC_Insert_Records: Test Cases/Event Group Management/TC_Insert_Records

2019-02-20 12:22:45 - [TEST_STEP][PASSED] - click(findTestObject("Event Group Managemnt/BTN_Insert")): Object: 'Object Repository/Event Group Managemnt/BTN_Insert' is clicked on

2019-02-20 12:22:45 - [MESSAGE][PASSED] - Object: 'Object Repository/Event Group Managemnt/BTN_Insert' is clicked on

2019-02-20 12:22:45 - [TEST_STEP][PASSED] - pk_Functions.CS_AllPageData.AllPageDataFun("Event Group Management/MOF_NE_Event Group ManagementObjectRepository", "Sheet1", [code, arabic_des, english_des]): pk_Functions.CS_AllPageData.AllPageDataFun is PASSED

2019-02-20 12:22:46 - [MESSAGE][PASSED] - Delayed 1 second(s)

2019-02-20 12:22:47 - [MESSAGE][PASSED] - Text 'EB5' is set on object ''

2019-02-20 12:22:48 - [MESSAGE][PASSED] - Delayed 1 second(s)

2019-02-20 12:22:48 - [MESSAGE][PASSED] - Text 'English Description_4' is set on object ''

2019-02-20 12:22:49 - [MESSAGE][PASSED] - Delayed 1 second(s)

2019-02-20 12:22:49 - [MESSAGE][PASSED] - Text 'English Description_4' is set on object ''

2019-02-20 12:22:49 - [MESSAGE][PASSED] - pk_Functions.CS_AllPageData.AllPageDataFun is PASSED

2019-02-20 12:22:49 - [TEST_STEP][PASSED] - click(findTestObject("BTN_Save")): Object: 'Object Repository/BTN_Save' is clicked on

2019-02-20 12:22:49 - [MESSAGE][PASSED] - Object: 'Object Repository/BTN_Save' is clicked on

2019-02-20 12:22:49 - [TEST_STEP][PASSED] - delay(3): Delayed 3 second(s)

2019-02-20 12:22:52 - [MESSAGE][PASSED] - Delayed 3 second(s)

2019-02-20 12:22:52 - [TEST_STEP][PASSED] - click(findTestObject("Event Group Managemnt/BTN_Back (1)")): Object: 'Object Repository/Event Group Managemnt/BTN_Back (1)' is clicked on

2019-02-20 12:22:52 - [MESSAGE][PASSED] - Object: 'Object Repository/Event Group Managemnt/BTN_Back (1)' is clicked on

2019-02-20 12:22:52 - [TEST_STEP][PASSED] - delay(3): Delayed 3 second(s)

2019-02-20 12:22:55 - [MESSAGE][PASSED] - Delayed 3 second(s)]]></system-out>
         <system-err><![CDATA[]]></system-err>
      </testcase>
      <testcase name="Test Cases/Event Group Management/TC_Insert_Records" classname="Test Cases/Event Group Management/TC_Insert_Records" status="PASSED">
         <system-out><![CDATA[2019-02-20 12:22:55 - [TEST_CASE][PASSED] - Test Cases/Event Group Management/TC_Insert_Records: Test Cases/Event Group Management/TC_Insert_Records

2019-02-20 12:22:55 - [TEST_STEP][PASSED] - click(findTestObject("Event Group Managemnt/BTN_Insert")): Object: 'Object Repository/Event Group Managemnt/BTN_Insert' is clicked on

2019-02-20 12:22:55 - [MESSAGE][PASSED] - Object: 'Object Repository/Event Group Managemnt/BTN_Insert' is clicked on

2019-02-20 12:22:55 - [TEST_STEP][PASSED] - pk_Functions.CS_AllPageData.AllPageDataFun("Event Group Management/MOF_NE_Event Group ManagementObjectRepository", "Sheet1", [code, arabic_des, english_des]): pk_Functions.CS_AllPageData.AllPageDataFun is PASSED

2019-02-20 12:22:56 - [MESSAGE][PASSED] - Delayed 1 second(s)

2019-02-20 12:22:57 - [MESSAGE][PASSED] - Text 'z12' is set on object ''

2019-02-20 12:22:58 - [MESSAGE][PASSED] - Delayed 1 second(s)

2019-02-20 12:22:58 - [MESSAGE][PASSED] - Text 'English Description_4' is set on object ''

2019-02-20 12:22:59 - [MESSAGE][PASSED] - Delayed 1 second(s)

2019-02-20 12:22:59 - [MESSAGE][PASSED] - Text 'English Description_4' is set on object ''

2019-02-20 12:22:59 - [MESSAGE][PASSED] - pk_Functions.CS_AllPageData.AllPageDataFun is PASSED

2019-02-20 12:22:59 - [TEST_STEP][PASSED] - click(findTestObject("BTN_Save")): Object: 'Object Repository/BTN_Save' is clicked on

2019-02-20 12:22:59 - [MESSAGE][PASSED] - Object: 'Object Repository/BTN_Save' is clicked on

2019-02-20 12:22:59 - [TEST_STEP][PASSED] - delay(3): Delayed 3 second(s)

2019-02-20 12:23:02 - [MESSAGE][PASSED] - Delayed 3 second(s)

2019-02-20 12:23:02 - [TEST_STEP][PASSED] - click(findTestObject("Event Group Managemnt/BTN_Back (1)")): Object: 'Object Repository/Event Group Managemnt/BTN_Back (1)' is clicked on

2019-02-20 12:23:02 - [MESSAGE][PASSED] - Object: 'Object Repository/Event Group Managemnt/BTN_Back (1)' is clicked on

2019-02-20 12:23:02 - [TEST_STEP][PASSED] - delay(3): Delayed 3 second(s)

2019-02-20 12:23:05 - [MESSAGE][PASSED] - Delayed 3 second(s)]]></system-out>
         <system-err><![CDATA[]]></system-err>
      </testcase>
      <testcase name="Test Cases/Event Group Management/TC_Click on Search Button" classname="Test Cases/Event Group Management/TC_Click on Search Button" status="PASSED">
         <system-out><![CDATA[2019-02-20 12:23:05 - [TEST_CASE][PASSED] - Test Cases/Event Group Management/TC_Click on Search Button: Test Cases/Event Group Management/TC_Click on Search Button

2019-02-20 12:23:05 - [TEST_STEP][PASSED] - click(findTestObject("Event Group Managemnt/BTN_Clear")): Object: 'Object Repository/Event Group Managemnt/BTN_Clear' is clicked on

2019-02-20 12:23:06 - [MESSAGE][PASSED] - Object: 'Object Repository/Event Group Managemnt/BTN_Clear' is clicked on

2019-02-20 12:23:06 - [TEST_STEP][PASSED] - delay(2): Delayed 2 second(s)

2019-02-20 12:23:08 - [MESSAGE][PASSED] - Delayed 2 second(s)

2019-02-20 12:23:08 - [TEST_STEP][PASSED] - click(findTestObject("Event Group Managemnt/BTN_Search")): Object: 'Object Repository/Event Group Managemnt/BTN_Search' is clicked on

2019-02-20 12:23:08 - [MESSAGE][PASSED] - Object: 'Object Repository/Event Group Managemnt/BTN_Search' is clicked on

2019-02-20 12:23:08 - [TEST_STEP][PASSED] - delay(1): Delayed 1 second(s)

2019-02-20 12:23:09 - [MESSAGE][PASSED] - Delayed 1 second(s)]]></system-out>
         <system-err><![CDATA[]]></system-err>
      </testcase>
      <testcase name="Test Cases/Event Group Management/TC_Delete_Records" classname="Test Cases/Event Group Management/TC_Delete_Records" status="PASSED">
         <system-out><![CDATA[2019-02-20 12:23:09 - [TEST_CASE][PASSED] - Test Cases/Event Group Management/TC_Delete_Records: Test Cases/Event Group Management/TC_Delete_Records

2019-02-20 12:23:09 - [TEST_STEP][PASSED] - if (ActionType): pk_Functions.CS_ClickingonActionButtonswithPagination.SelectRecordFromWebtableFun is PASSED

2019-02-20 12:23:09 - [TEST_STEP][PASSED] - pk_Functions.CS_ClickingonActionButtonswithPagination.SelectRecordFromWebtableFun(ActionType, 0, 3, "Event Group Management/MOF_NE_Event Group ManagementObjectRepository", "Sheet1", code): pk_Functions.CS_ClickingonActionButtonswithPagination.SelectRecordFromWebtableFun is PASSED

2019-02-20 12:23:09 - [MESSAGE][PASSED] - Object: '' is clicked on

2019-02-20 12:23:11 - [MESSAGE][PASSED] - Delayed 2 second(s)

2019-02-20 12:23:12 - [MESSAGE][PASSED] - Attribute 'tabindex' of object '' is: '0'

2019-02-20 12:23:12 - [MESSAGE][PASSED] - Object: '' is clicked on

2019-02-20 12:23:15 - [MESSAGE][PASSED] - Delayed 3 second(s)

2019-02-20 12:23:16 - [MESSAGE][PASSED] - Delayed 1 second(s)

2019-02-20 12:23:16 - [MESSAGE][PASSED] - Object: '' is clicked on

2019-02-20 12:23:17 - [MESSAGE][PASSED] - Delayed 1 second(s)

2019-02-20 12:23:17 - [MESSAGE][PASSED] - Object: '' is clicked on

2019-02-20 12:23:17 - [MESSAGE][PASSED] - pk_Functions.CS_ClickingonActionButtonswithPagination.SelectRecordFromWebtableFun is PASSED

2019-02-20 12:23:17 - [TEST_STEP][PASSED] - delay(2): Delayed 2 second(s)

2019-02-20 12:23:19 - [MESSAGE][PASSED] - Delayed 2 second(s)]]></system-out>
         <system-err><![CDATA[]]></system-err>
      </testcase>
      <testcase name="Test Cases/Event Group Management/TC_Delete_Records" classname="Test Cases/Event Group Management/TC_Delete_Records" status="PASSED">
         <system-out><![CDATA[2019-02-20 12:23:19 - [TEST_CASE][PASSED] - Test Cases/Event Group Management/TC_Delete_Records: Test Cases/Event Group Management/TC_Delete_Records

2019-02-20 12:23:19 - [TEST_STEP][PASSED] - if (ActionType): pk_Functions.CS_ClickingonActionButtonswithPagination.SelectRecordFromWebtableFun is PASSED

2019-02-20 12:23:19 - [TEST_STEP][PASSED] - pk_Functions.CS_ClickingonActionButtonswithPagination.SelectRecordFromWebtableFun(ActionType, 0, 3, "Event Group Management/MOF_NE_Event Group ManagementObjectRepository", "Sheet1", code): pk_Functions.CS_ClickingonActionButtonswithPagination.SelectRecordFromWebtableFun is PASSED

2019-02-20 12:23:20 - [MESSAGE][PASSED] - Object: '' is clicked on

2019-02-20 12:23:22 - [MESSAGE][PASSED] - Delayed 2 second(s)

2019-02-20 12:23:22 - [MESSAGE][PASSED] - Attribute 'tabindex' of object '' is: '0'

2019-02-20 12:23:22 - [MESSAGE][PASSED] - Object: '' is clicked on

2019-02-20 12:23:25 - [MESSAGE][PASSED] - Delayed 3 second(s)

2019-02-20 12:23:27 - [MESSAGE][PASSED] - Delayed 1 second(s)

2019-02-20 12:23:27 - [MESSAGE][PASSED] - Object: '' is clicked on

2019-02-20 12:23:28 - [MESSAGE][PASSED] - Delayed 1 second(s)

2019-02-20 12:23:28 - [MESSAGE][PASSED] - Object: '' is clicked on

2019-02-20 12:23:28 - [MESSAGE][PASSED] - pk_Functions.CS_ClickingonActionButtonswithPagination.SelectRecordFromWebtableFun is PASSED

2019-02-20 12:23:28 - [TEST_STEP][PASSED] - delay(2): Delayed 2 second(s)

2019-02-20 12:23:30 - [MESSAGE][PASSED] - Delayed 2 second(s)]]></system-out>
         <system-err><![CDATA[]]></system-err>
      </testcase>
      <testcase name="Test Cases/Event Group Management/TC_Delete_Records" classname="Test Cases/Event Group Management/TC_Delete_Records" status="PASSED">
         <system-out><![CDATA[2019-02-20 12:23:30 - [TEST_CASE][PASSED] - Test Cases/Event Group Management/TC_Delete_Records: Test Cases/Event Group Management/TC_Delete_Records

2019-02-20 12:23:30 - [TEST_STEP][PASSED] - if (ActionType): pk_Functions.CS_ClickingonActionButtonswithPagination.SelectRecordFromWebtableFun is PASSED

2019-02-20 12:23:30 - [TEST_STEP][PASSED] - pk_Functions.CS_ClickingonActionButtonswithPagination.SelectRecordFromWebtableFun(ActionType, 0, 3, "Event Group Management/MOF_NE_Event Group ManagementObjectRepository", "Sheet1", code): pk_Functions.CS_ClickingonActionButtonswithPagination.SelectRecordFromWebtableFun is PASSED

2019-02-20 12:23:30 - [MESSAGE][PASSED] - Object: '' is clicked on

2019-02-20 12:23:32 - [MESSAGE][PASSED] - Delayed 2 second(s)

2019-02-20 12:23:33 - [MESSAGE][PASSED] - Attribute 'tabindex' of object '' is: '0'

2019-02-20 12:23:33 - [MESSAGE][PASSED] - Object: '' is clicked on

2019-02-20 12:23:36 - [MESSAGE][PASSED] - Delayed 3 second(s)

2019-02-20 12:23:37 - [MESSAGE][PASSED] - Delayed 1 second(s)

2019-02-20 12:23:37 - [MESSAGE][PASSED] - Object: '' is clicked on

2019-02-20 12:23:38 - [MESSAGE][PASSED] - Delayed 1 second(s)

2019-02-20 12:23:38 - [MESSAGE][PASSED] - Object: '' is clicked on

2019-02-20 12:23:38 - [MESSAGE][PASSED] - pk_Functions.CS_ClickingonActionButtonswithPagination.SelectRecordFromWebtableFun is PASSED

2019-02-20 12:23:38 - [TEST_STEP][PASSED] - delay(2): Delayed 2 second(s)

2019-02-20 12:23:40 - [MESSAGE][PASSED] - Delayed 2 second(s)]]></system-out>
         <system-err><![CDATA[]]></system-err>
      </testcase>
      <testcase name="Test Cases/Event Group Management/TC_Delete_Records" classname="Test Cases/Event Group Management/TC_Delete_Records" status="PASSED">
         <system-out><![CDATA[2019-02-20 12:23:40 - [TEST_CASE][PASSED] - Test Cases/Event Group Management/TC_Delete_Records: Test Cases/Event Group Management/TC_Delete_Records

2019-02-20 12:23:40 - [TEST_STEP][PASSED] - if (ActionType): pk_Functions.CS_ClickingonActionButtonswithPagination.SelectRecordFromWebtableFun is PASSED

2019-02-20 12:23:40 - [TEST_STEP][PASSED] - pk_Functions.CS_ClickingonActionButtonswithPagination.SelectRecordFromWebtableFun(ActionType, 0, 3, "Event Group Management/MOF_NE_Event Group ManagementObjectRepository", "Sheet1", code): pk_Functions.CS_ClickingonActionButtonswithPagination.SelectRecordFromWebtableFun is PASSED

2019-02-20 12:23:40 - [MESSAGE][PASSED] - Object: '' is clicked on

2019-02-20 12:23:42 - [MESSAGE][PASSED] - Delayed 2 second(s)

2019-02-20 12:23:43 - [MESSAGE][PASSED] - Attribute 'tabindex' of object '' is: '0'

2019-02-20 12:23:43 - [MESSAGE][PASSED] - Object: '' is clicked on

2019-02-20 12:23:46 - [MESSAGE][PASSED] - Delayed 3 second(s)

2019-02-20 12:23:48 - [MESSAGE][PASSED] - Delayed 1 second(s)

2019-02-20 12:23:48 - [MESSAGE][PASSED] - Object: '' is clicked on

2019-02-20 12:23:49 - [MESSAGE][PASSED] - Delayed 1 second(s)

2019-02-20 12:23:49 - [MESSAGE][PASSED] - Object: '' is clicked on

2019-02-20 12:23:49 - [MESSAGE][PASSED] - pk_Functions.CS_ClickingonActionButtonswithPagination.SelectRecordFromWebtableFun is PASSED

2019-02-20 12:23:49 - [TEST_STEP][PASSED] - delay(2): Delayed 2 second(s)

2019-02-20 12:23:51 - [MESSAGE][PASSED] - Delayed 2 second(s)]]></system-out>
         <system-err><![CDATA[]]></system-err>
      </testcase>
      <testcase name="Test Cases/Event Group Management/TC_Delete_Records" classname="Test Cases/Event Group Management/TC_Delete_Records" status="PASSED">
         <system-out><![CDATA[2019-02-20 12:23:51 - [TEST_CASE][PASSED] - Test Cases/Event Group Management/TC_Delete_Records: Test Cases/Event Group Management/TC_Delete_Records

2019-02-20 12:23:51 - [TEST_STEP][PASSED] - if (ActionType): pk_Functions.CS_ClickingonActionButtonswithPagination.SelectRecordFromWebtableFun is PASSED

2019-02-20 12:23:51 - [TEST_STEP][PASSED] - pk_Functions.CS_ClickingonActionButtonswithPagination.SelectRecordFromWebtableFun(ActionType, 0, 3, "Event Group Management/MOF_NE_Event Group ManagementObjectRepository", "Sheet1", code): pk_Functions.CS_ClickingonActionButtonswithPagination.SelectRecordFromWebtableFun is PASSED

2019-02-20 12:23:51 - [MESSAGE][PASSED] - Object: '' is clicked on

2019-02-20 12:23:53 - [MESSAGE][PASSED] - Delayed 2 second(s)

2019-02-20 12:23:53 - [MESSAGE][PASSED] - Attribute 'tabindex' of object '' is: '0'

2019-02-20 12:23:54 - [MESSAGE][PASSED] - Object: '' is clicked on

2019-02-20 12:23:57 - [MESSAGE][PASSED] - Delayed 3 second(s)

2019-02-20 12:23:57 - [MESSAGE][PASSED] - Attribute 'tabindex' of object '' is: '0'

2019-02-20 12:23:57 - [MESSAGE][PASSED] - Object: '' is clicked on

2019-02-20 12:24:00 - [MESSAGE][PASSED] - Delayed 3 second(s)

2019-02-20 12:24:01 - [MESSAGE][PASSED] - Attribute 'tabindex' of object '' is: '0'

2019-02-20 12:24:01 - [MESSAGE][PASSED] - Object: '' is clicked on

2019-02-20 12:24:04 - [MESSAGE][PASSED] - Delayed 3 second(s)

2019-02-20 12:24:05 - [MESSAGE][PASSED] - Delayed 1 second(s)

2019-02-20 12:24:05 - [MESSAGE][PASSED] - Object: '' is clicked on

2019-02-20 12:24:06 - [MESSAGE][PASSED] - Delayed 1 second(s)

2019-02-20 12:24:06 - [MESSAGE][PASSED] - Object: '' is clicked on

2019-02-20 12:24:06 - [MESSAGE][PASSED] - pk_Functions.CS_ClickingonActionButtonswithPagination.SelectRecordFromWebtableFun is PASSED

2019-02-20 12:24:06 - [TEST_STEP][PASSED] - delay(2): Delayed 2 second(s)

2019-02-20 12:24:08 - [MESSAGE][PASSED] - Delayed 2 second(s)]]></system-out>
         <system-err><![CDATA[]]></system-err>
      </testcase>
      <testcase name="Test Cases/Event Group Management/TC_Verify_Delete and Undelete" classname="Test Cases/Event Group Management/TC_Verify_Delete and Undelete" status="PASSED">
         <system-out><![CDATA[2019-02-20 12:24:08 - [TEST_CASE][PASSED] - Test Cases/Event Group Management/TC_Verify_Delete and Undelete: Test Cases/Event Group Management/TC_Verify_Delete and Undelete

2019-02-20 12:24:09 - [TEST_STEP][PASSED] - pk_Functions.CS_WebtableVerification.ValidateSearchParameters(Delete, "Event Group Management/MOF_NE_Event Group ManagementObjectRepository", "Sheet1", [code], 0): pk_Functions.CS_WebtableVerification.ValidateSearchParameters is PASSED

2019-02-20 12:24:12 - [MESSAGE][PASSED] - Delayed 3 second(s)

2019-02-20 12:24:12 - [MESSAGE][PASSED] - Object: '' is clicked on

2019-02-20 12:24:14 - [MESSAGE][PASSED] - Delayed 2 second(s)

2019-02-20 12:24:14 - [MESSAGE][PASSED] - Attribute 'tabindex' of object '' is: '0'

2019-02-20 12:24:14 - [MESSAGE][PASSED] - Object: '' is clicked on

2019-02-20 12:24:17 - [MESSAGE][PASSED] - Delayed 3 second(s)

2019-02-20 12:24:18 - [MESSAGE][PASSED] - pk_Functions.CS_WebtableVerification.ValidateSearchParameters is PASSED

2019-02-20 12:24:18 - [TEST_STEP][PASSED] - delay(2): Delayed 2 second(s)

2019-02-20 12:24:20 - [MESSAGE][PASSED] - Delayed 2 second(s)]]></system-out>
         <system-err><![CDATA[]]></system-err>
      </testcase>
      <testcase name="Test Cases/Event Group Management/TC_Verify_Delete and Undelete" classname="Test Cases/Event Group Management/TC_Verify_Delete and Undelete" status="PASSED">
         <system-out><![CDATA[2019-02-20 12:24:20 - [TEST_CASE][PASSED] - Test Cases/Event Group Management/TC_Verify_Delete and Undelete: Test Cases/Event Group Management/TC_Verify_Delete and Undelete

2019-02-20 12:24:20 - [TEST_STEP][PASSED] - pk_Functions.CS_WebtableVerification.ValidateSearchParameters(Delete, "Event Group Management/MOF_NE_Event Group ManagementObjectRepository", "Sheet1", [code], 0): pk_Functions.CS_WebtableVerification.ValidateSearchParameters is PASSED

2019-02-20 12:24:23 - [MESSAGE][PASSED] - Delayed 3 second(s)

2019-02-20 12:24:23 - [MESSAGE][PASSED] - Object: '' is clicked on

2019-02-20 12:24:25 - [MESSAGE][PASSED] - Delayed 2 second(s)

2019-02-20 12:24:26 - [MESSAGE][PASSED] - Attribute 'tabindex' of object '' is: '0'

2019-02-20 12:24:26 - [MESSAGE][PASSED] - Object: '' is clicked on

2019-02-20 12:24:29 - [MESSAGE][PASSED] - Delayed 3 second(s)

2019-02-20 12:24:29 - [MESSAGE][PASSED] - pk_Functions.CS_WebtableVerification.ValidateSearchParameters is PASSED

2019-02-20 12:24:29 - [TEST_STEP][PASSED] - delay(2): Delayed 2 second(s)

2019-02-20 12:24:31 - [MESSAGE][PASSED] - Delayed 2 second(s)]]></system-out>
         <system-err><![CDATA[]]></system-err>
      </testcase>
      <testcase name="Test Cases/Event Group Management/TC_Verify_Delete and Undelete" classname="Test Cases/Event Group Management/TC_Verify_Delete and Undelete" status="PASSED">
         <system-out><![CDATA[2019-02-20 12:24:31 - [TEST_CASE][PASSED] - Test Cases/Event Group Management/TC_Verify_Delete and Undelete: Test Cases/Event Group Management/TC_Verify_Delete and Undelete

2019-02-20 12:24:31 - [TEST_STEP][PASSED] - pk_Functions.CS_WebtableVerification.ValidateSearchParameters(Delete, "Event Group Management/MOF_NE_Event Group ManagementObjectRepository", "Sheet1", [code], 0): pk_Functions.CS_WebtableVerification.ValidateSearchParameters is PASSED

2019-02-20 12:24:34 - [MESSAGE][PASSED] - Delayed 3 second(s)

2019-02-20 12:24:34 - [MESSAGE][PASSED] - Object: '' is clicked on

2019-02-20 12:24:36 - [MESSAGE][PASSED] - Delayed 2 second(s)

2019-02-20 12:24:37 - [MESSAGE][PASSED] - Attribute 'tabindex' of object '' is: '0'

2019-02-20 12:24:37 - [MESSAGE][PASSED] - Object: '' is clicked on

2019-02-20 12:24:40 - [MESSAGE][PASSED] - Delayed 3 second(s)

2019-02-20 12:24:41 - [MESSAGE][PASSED] - pk_Functions.CS_WebtableVerification.ValidateSearchParameters is PASSED

2019-02-20 12:24:41 - [TEST_STEP][PASSED] - delay(2): Delayed 2 second(s)

2019-02-20 12:24:43 - [MESSAGE][PASSED] - Delayed 2 second(s)]]></system-out>
         <system-err><![CDATA[]]></system-err>
      </testcase>
      <testcase name="Test Cases/Event Group Management/TC_Verify_Delete and Undelete" classname="Test Cases/Event Group Management/TC_Verify_Delete and Undelete" status="PASSED">
         <system-out><![CDATA[2019-02-20 12:24:43 - [TEST_CASE][PASSED] - Test Cases/Event Group Management/TC_Verify_Delete and Undelete: Test Cases/Event Group Management/TC_Verify_Delete and Undelete

2019-02-20 12:24:43 - [TEST_STEP][PASSED] - pk_Functions.CS_WebtableVerification.ValidateSearchParameters(Delete, "Event Group Management/MOF_NE_Event Group ManagementObjectRepository", "Sheet1", [code], 0): pk_Functions.CS_WebtableVerification.ValidateSearchParameters is PASSED

2019-02-20 12:24:46 - [MESSAGE][PASSED] - Delayed 3 second(s)

2019-02-20 12:24:46 - [MESSAGE][PASSED] - Object: '' is clicked on

2019-02-20 12:24:48 - [MESSAGE][PASSED] - Delayed 2 second(s)

2019-02-20 12:24:48 - [MESSAGE][PASSED] - Attribute 'tabindex' of object '' is: '0'

2019-02-20 12:24:48 - [MESSAGE][PASSED] - Object: '' is clicked on

2019-02-20 12:24:51 - [MESSAGE][PASSED] - Delayed 3 second(s)

2019-02-20 12:24:52 - [MESSAGE][PASSED] - Attribute 'tabindex' of object '' is: '0'

2019-02-20 12:24:52 - [MESSAGE][PASSED] - Object: '' is clicked on

2019-02-20 12:24:55 - [MESSAGE][PASSED] - Delayed 3 second(s)

2019-02-20 12:24:56 - [MESSAGE][PASSED] - Attribute 'tabindex' of object '' is: '0'

2019-02-20 12:24:56 - [MESSAGE][PASSED] - Object: '' is clicked on

2019-02-20 12:24:59 - [MESSAGE][PASSED] - Delayed 3 second(s)

2019-02-20 12:24:59 - [MESSAGE][PASSED] - Attribute 'tabindex' of object '' is: '-1'

2019-02-20 12:24:59 - [MESSAGE][PASSED] - pk_Functions.CS_WebtableVerification.ValidateSearchParameters is PASSED

2019-02-20 12:24:59 - [TEST_STEP][PASSED] - delay(2): Delayed 2 second(s)

2019-02-20 12:25:01 - [MESSAGE][PASSED] - Delayed 2 second(s)]]></system-out>
         <system-err><![CDATA[]]></system-err>
      </testcase>
      <testcase name="Test Cases/Event Group Management/TC_Verify_Delete and Undelete" classname="Test Cases/Event Group Management/TC_Verify_Delete and Undelete" status="PASSED">
         <system-out><![CDATA[2019-02-20 12:25:01 - [TEST_CASE][PASSED] - Test Cases/Event Group Management/TC_Verify_Delete and Undelete: Test Cases/Event Group Management/TC_Verify_Delete and Undelete

2019-02-20 12:25:01 - [TEST_STEP][PASSED] - pk_Functions.CS_WebtableVerification.ValidateSearchParameters(Delete, "Event Group Management/MOF_NE_Event Group ManagementObjectRepository", "Sheet1", [code], 0): pk_Functions.CS_WebtableVerification.ValidateSearchParameters is PASSED

2019-02-20 12:25:04 - [MESSAGE][PASSED] - Delayed 3 second(s)

2019-02-20 12:25:04 - [MESSAGE][PASSED] - Object: '' is clicked on

2019-02-20 12:25:06 - [MESSAGE][PASSED] - Delayed 2 second(s)

2019-02-20 12:25:07 - [MESSAGE][PASSED] - Attribute 'tabindex' of object '' is: '0'

2019-02-20 12:25:07 - [MESSAGE][PASSED] - Object: '' is clicked on

2019-02-20 12:25:10 - [MESSAGE][PASSED] - Delayed 3 second(s)

2019-02-20 12:25:11 - [MESSAGE][PASSED] - Attribute 'tabindex' of object '' is: '0'

2019-02-20 12:25:11 - [MESSAGE][PASSED] - Object: '' is clicked on

2019-02-20 12:25:14 - [MESSAGE][PASSED] - Delayed 3 second(s)

2019-02-20 12:25:14 - [MESSAGE][PASSED] - Attribute 'tabindex' of object '' is: '0'

2019-02-20 12:25:14 - [MESSAGE][PASSED] - Object: '' is clicked on

2019-02-20 12:25:17 - [MESSAGE][PASSED] - Delayed 3 second(s)

2019-02-20 12:25:18 - [MESSAGE][PASSED] - Attribute 'tabindex' of object '' is: '-1'

2019-02-20 12:25:18 - [MESSAGE][PASSED] - pk_Functions.CS_WebtableVerification.ValidateSearchParameters is PASSED

2019-02-20 12:25:18 - [TEST_STEP][PASSED] - delay(2): Delayed 2 second(s)

2019-02-20 12:25:20 - [MESSAGE][PASSED] - Delayed 2 second(s)]]></system-out>
         <system-err><![CDATA[]]></system-err>
      </testcase>
      <system-out><![CDATA[2019-02-20 12:21:33 - [TEST_SUITE][PASSED] - TS_EGMFullScenario: Test Cases/Event Group Management/TC_Verify_Delete and Undelete]]></system-out>
      <system-err><![CDATA[]]></system-err>
   </testsuite>
</testsuites>
