<?xml version="1.0" encoding="UTF-8"?>
<testsuites name="TS_ClickUpdate_Delete" time="64" tests="8" failures="0" errors="0">
   <testsuite name="TS_ClickUpdate_Delete" tests="8" failures="0" errors="0" time="64" timestamp="2019-02-13 14:46:38" hostname="Ebtehal Gamal Yusuf - LPALXY0199.ejadaalex.local" id="Test Suites/Event Group Management/TS_ClickUpdate_Delete">
      <properties>
         <property name="deviceName" value=""/>
         <property name="devicePlatform" value=""/>
         <property name="logFolder" value="C:\\Users\\Administrator\\git\\MOF\\Reports\\Event Group Management\\TS_ClickUpdate_Delete\\20190213_144635"/>
         <property name="logFiles" value="C:\\Users\\Administrator\\git\\MOF\\Reports\\Event Group Management\\TS_ClickUpdate_Delete\\20190213_144635\\execution0.log"/>
         <property name="attachments" value=""/>
         <property name="hostName" value="Ebtehal Gamal Yusuf - LPALXY0199.ejadaalex.local"/>
         <property name="os" value="Windows 7 64bit"/>
         <property name="katalonVersion" value="5.10.1.1"/>
         <property name="browser" value="Chrome 72.0.3626.96"/>
         <property name="hostAddress" value="192.168.3.51"/>
         <property name="sessionId" value="1cc53b6947e5684917643085b8f74409"/>
         <property name="seleniumVersion" value="3.7.1"/>
         <property name="proxyInformation" value="ProxyInformation{proxyOption=NO_PROXY, proxyServerType=HTTP, password=, proxyServerAddress=, proxyServerPort=0}"/>
         <property name="platform" value="Windows 7"/>
      </properties>
      <testcase name="Test Cases/TC_Login" classname="Test Cases/TC_Login" status="PASSED">
         <system-out><![CDATA[2019-02-13 14:46:38 - [TEST_CASE][PASSED] - Test Cases/TC_Login: Test Cases/TC_Login

2019-02-13 14:46:39 - [TEST_STEP][PASSED] - pk_Functions.CS_Login.LoginFun(findTestObject(null), "http://192.168.0.190:8080/mof/#/", findTestObject("Login/Username"), findTestObject("Login/Password"), "AAttia", "123", findTestObject("Login/Login")): pk_Functions.CS_Login.LoginFun is PASSED

2019-02-13 14:46:39 - [MESSAGE][WARNING] - Test object id is null

2019-02-13 14:46:40 - [MESSAGE][INFO] - Starting 'Chrome' driver

2019-02-13 14:46:40 - [MESSAGE][INFO] - Action delay is set to 0 seconds

2019-02-13 14:46:56 - [MESSAGE][PASSED] - Browser is opened with url: 'http://192.168.0.190:8080/mof/#/'

2019-02-13 14:46:56 - [MESSAGE][PASSED] - Text 'AAttia' is set on object 'Object Repository/Login/Username'

2019-02-13 14:46:56 - [MESSAGE][PASSED] - Text '123' is set on object 'Object Repository/Login/Password'

2019-02-13 14:46:56 - [MESSAGE][PASSED] - Object: 'Object Repository/Login/Login' is clicked on

2019-02-13 14:46:56 - [MESSAGE][PASSED] - pk_Functions.CS_Login.LoginFun is PASSED]]></system-out>
         <system-err><![CDATA[]]></system-err>
      </testcase>
      <testcase name="Test Cases/Event Group Management/TC_Select_Screen" classname="Test Cases/Event Group Management/TC_Select_Screen" status="PASSED">
         <system-out><![CDATA[2019-02-13 14:46:56 - [TEST_CASE][PASSED] - Test Cases/Event Group Management/TC_Select_Screen: Test Cases/Event Group Management/TC_Select_Screen

2019-02-13 14:46:57 - [TEST_STEP][PASSED] - click(findTestObject("NE_SideMenu")): Object: 'Object Repository/NE_SideMenu' is clicked on

2019-02-13 14:46:59 - [MESSAGE][PASSED] - Object: 'Object Repository/NE_SideMenu' is clicked on

2019-02-13 14:46:59 - [TEST_STEP][PASSED] - click(findTestObject("NE_EventGroupManagement")): Object: 'Object Repository/NE_EventGroupManagement' is clicked on

2019-02-13 14:46:59 - [MESSAGE][PASSED] - Object: 'Object Repository/NE_EventGroupManagement' is clicked on

2019-02-13 14:46:59 - [TEST_STEP][PASSED] - click(findTestObject("Event Group Managemnt/BTN_Search")): Object: 'Object Repository/Event Group Managemnt/BTN_Search' is clicked on

2019-02-13 14:47:00 - [MESSAGE][PASSED] - Object: 'Object Repository/Event Group Managemnt/BTN_Search' is clicked on

2019-02-13 14:47:00 - [TEST_STEP][PASSED] - delay(2): Delayed 2 second(s)

2019-02-13 14:47:02 - [MESSAGE][PASSED] - Delayed 2 second(s)]]></system-out>
         <system-err><![CDATA[]]></system-err>
      </testcase>
      <testcase name="Test Cases/Event Group Management/TC_Click on Search Button" classname="Test Cases/Event Group Management/TC_Click on Search Button" status="PASSED">
         <system-out><![CDATA[2019-02-13 14:47:02 - [TEST_CASE][PASSED] - Test Cases/Event Group Management/TC_Click on Search Button: Test Cases/Event Group Management/TC_Click on Search Button

2019-02-13 14:47:02 - [TEST_STEP][PASSED] - click(findTestObject("Event Group Managemnt/BTN_Clear")): Object: 'Object Repository/Event Group Managemnt/BTN_Clear' is clicked on

2019-02-13 14:47:02 - [MESSAGE][PASSED] - Object: 'Object Repository/Event Group Managemnt/BTN_Clear' is clicked on

2019-02-13 14:47:02 - [TEST_STEP][PASSED] - delay(2): Delayed 2 second(s)

2019-02-13 14:47:04 - [MESSAGE][PASSED] - Delayed 2 second(s)

2019-02-13 14:47:04 - [TEST_STEP][PASSED] - click(findTestObject("Event Group Managemnt/BTN_Search")): Object: 'Object Repository/Event Group Managemnt/BTN_Search' is clicked on

2019-02-13 14:47:05 - [MESSAGE][PASSED] - Object: 'Object Repository/Event Group Managemnt/BTN_Search' is clicked on

2019-02-13 14:47:05 - [TEST_STEP][PASSED] - delay(1): Delayed 1 second(s)

2019-02-13 14:47:06 - [MESSAGE][PASSED] - Delayed 1 second(s)]]></system-out>
         <system-err><![CDATA[]]></system-err>
      </testcase>
      <testcase name="Test Cases/Event Group Management/TC_View_Records" classname="Test Cases/Event Group Management/TC_View_Records" status="PASSED">
         <system-out><![CDATA[2019-02-13 14:47:06 - [TEST_CASE][PASSED] - Test Cases/Event Group Management/TC_View_Records: Test Cases/Event Group Management/TC_View_Records

2019-02-13 14:47:06 - [TEST_STEP][PASSED] - if (ActionType == "ViewYes"): Delayed 2 second(s)

2019-02-13 14:47:06 - [TEST_STEP][PASSED] - delay(1): Delayed 1 second(s)

2019-02-13 14:47:07 - [MESSAGE][PASSED] - Delayed 1 second(s)

2019-02-13 14:47:07 - [TEST_STEP][PASSED] - pk_Functions.CS_ClickingonUpdateorDeletebuttonwithpagination.SelectRecordFromWebtableFun(ActionType, 0, 3, "Event Group Management/MOF_NE_Event Group ManagementObjectRepository", "Sheet1", Code): pk_Functions.CS_ClickingonUpdateorDeletebuttonwithpagination.SelectRecordFromWebtableFun is PASSED

2019-02-13 14:47:08 - [MESSAGE][PASSED] - Object: '' is clicked on

2019-02-13 14:47:10 - [MESSAGE][PASSED] - Delayed 2 second(s)

2019-02-13 14:47:12 - [MESSAGE][PASSED] - Delayed 2 second(s)

2019-02-13 14:47:12 - [MESSAGE][PASSED] - Attribute 'tabindex' of object '' is: '0'

2019-02-13 14:47:12 - [MESSAGE][PASSED] - Attribute 'tabindex' of object '' is: '0'

2019-02-13 14:47:14 - [MESSAGE][PASSED] - Delayed 2 second(s)

2019-02-13 14:47:15 - [MESSAGE][PASSED] - Delayed 1 second(s)

2019-02-13 14:47:16 - [MESSAGE][PASSED] - Delayed 1 second(s)

2019-02-13 14:47:17 - [MESSAGE][PASSED] - Delayed 1 second(s)

2019-02-13 14:47:18 - [MESSAGE][PASSED] - Delayed 1 second(s)

2019-02-13 14:47:19 - [MESSAGE][PASSED] - Delayed 1 second(s)

2019-02-13 14:47:20 - [MESSAGE][PASSED] - Delayed 1 second(s)

2019-02-13 14:47:22 - [MESSAGE][PASSED] - Delayed 1 second(s)

2019-02-13 14:47:23 - [MESSAGE][PASSED] - Delayed 1 second(s)

2019-02-13 14:47:24 - [MESSAGE][PASSED] - Delayed 1 second(s)

2019-02-13 14:47:25 - [MESSAGE][PASSED] - Delayed 1 second(s)

2019-02-13 14:47:26 - [MESSAGE][PASSED] - Delayed 1 second(s)

2019-02-13 14:47:27 - [MESSAGE][PASSED] - Delayed 1 second(s)

2019-02-13 14:47:28 - [MESSAGE][PASSED] - Delayed 1 second(s)

2019-02-13 14:47:28 - [MESSAGE][PASSED] - Attribute 'tabindex' of object '' is: '0'

2019-02-13 14:47:30 - [MESSAGE][PASSED] - Delayed 2 second(s)

2019-02-13 14:47:30 - [MESSAGE][PASSED] - Object: '' is clicked on

2019-02-13 14:47:31 - [MESSAGE][PASSED] - Delayed 1 second(s)

2019-02-13 14:47:32 - [MESSAGE][PASSED] - Delayed 1 second(s)

2019-02-13 14:47:33 - [MESSAGE][PASSED] - Delayed 1 second(s)

2019-02-13 14:47:34 - [MESSAGE][PASSED] - Delayed 1 second(s)

2019-02-13 14:47:35 - [MESSAGE][PASSED] - Delayed 1 second(s)

2019-02-13 14:47:36 - [MESSAGE][PASSED] - Delayed 1 second(s)

2019-02-13 14:47:37 - [MESSAGE][PASSED] - Delayed 1 second(s)

2019-02-13 14:47:38 - [MESSAGE][PASSED] - Delayed 1 second(s)

2019-02-13 14:47:39 - [MESSAGE][PASSED] - Delayed 1 second(s)

2019-02-13 14:47:41 - [MESSAGE][PASSED] - Delayed 1 second(s)

2019-02-13 14:47:41 - [MESSAGE][PASSED] - pk_Functions.CS_ClickingonUpdateorDeletebuttonwithpagination.SelectRecordFromWebtableFun is PASSED

2019-02-13 14:47:41 - [TEST_STEP][PASSED] - delay(2): Delayed 2 second(s)

2019-02-13 14:47:43 - [MESSAGE][PASSED] - Delayed 2 second(s)]]></system-out>
         <system-err><![CDATA[]]></system-err>
      </testcase>
      <testcase name="Test Cases/Event Group Management/TC_View_Records" classname="Test Cases/Event Group Management/TC_View_Records" status="PASSED">
         <system-out><![CDATA[2019-02-13 14:47:43 - [TEST_CASE][PASSED] - Test Cases/Event Group Management/TC_View_Records: Test Cases/Event Group Management/TC_View_Records

2019-02-13 14:47:43 - [TEST_STEP][PASSED] - if (ActionType == "ViewYes"): null]]></system-out>
         <system-err><![CDATA[]]></system-err>
      </testcase>
      <testcase name="Test Cases/Event Group Management/TC_View_Records" classname="Test Cases/Event Group Management/TC_View_Records" status="PASSED">
         <system-out><![CDATA[2019-02-13 14:47:43 - [TEST_CASE][PASSED] - Test Cases/Event Group Management/TC_View_Records: Test Cases/Event Group Management/TC_View_Records

2019-02-13 14:47:43 - [TEST_STEP][PASSED] - if (ActionType == "ViewYes"): null]]></system-out>
         <system-err><![CDATA[]]></system-err>
      </testcase>
      <testcase name="Test Cases/Event Group Management/TC_View_Records" classname="Test Cases/Event Group Management/TC_View_Records" status="PASSED">
         <system-out><![CDATA[2019-02-13 14:47:43 - [TEST_CASE][PASSED] - Test Cases/Event Group Management/TC_View_Records: Test Cases/Event Group Management/TC_View_Records

2019-02-13 14:47:43 - [TEST_STEP][PASSED] - if (ActionType == "ViewYes"): null]]></system-out>
         <system-err><![CDATA[]]></system-err>
      </testcase>
      <testcase name="Test Cases/Event Group Management/TC_View_Records" classname="Test Cases/Event Group Management/TC_View_Records" status="PASSED">
         <system-out><![CDATA[2019-02-13 14:47:43 - [TEST_CASE][PASSED] - Test Cases/Event Group Management/TC_View_Records: Test Cases/Event Group Management/TC_View_Records

2019-02-13 14:47:43 - [TEST_STEP][PASSED] - if (ActionType == "ViewYes"): null]]></system-out>
         <system-err><![CDATA[]]></system-err>
      </testcase>
      <system-out><![CDATA[2019-02-13 14:46:38 - [TEST_SUITE][PASSED] - TS_ClickUpdate_Delete: Test Cases/Event Group Management/TC_View_Records]]></system-out>
      <system-err><![CDATA[]]></system-err>
   </testsuite>
</testsuites>
