<?xml version="1.0" encoding="UTF-8"?>
<testsuites name="TS_Event Group Management" time="59" tests="1" failures="0" errors="0">
   <testsuite name="TS_Event Group Management" tests="1" failures="0" errors="0" time="59" timestamp="2019-01-27 14:05:02" hostname="Ebtehal Gamal Yusuf - LPALXY0199.ejadaalex.local" id="Test Suites/Event Group Management/TS_Event Group Management">
      <properties>
         <property name="deviceName" value=""/>
         <property name="devicePlatform" value=""/>
         <property name="logFolder" value="C:\\Users\\Administrator\\git\\MOF\\Reports\\Event Group Management\\TS_Event Group Management\\20190127_140458"/>
         <property name="logFiles" value="C:\\Users\\Administrator\\git\\MOF\\Reports\\Event Group Management\\TS_Event Group Management\\20190127_140458\\execution0.log"/>
         <property name="attachments" value=""/>
         <property name="hostName" value="Ebtehal Gamal Yusuf - LPALXY0199.ejadaalex.local"/>
         <property name="os" value="Windows 7 64bit"/>
         <property name="katalonVersion" value="5.10.1.1"/>
         <property name="browser" value="Chrome 71.0.3578.98"/>
         <property name="hostAddress" value="192.168.3.51"/>
         <property name="sessionId" value="6d159df2049bb81d4d258eb5667c955b"/>
         <property name="seleniumVersion" value="3.7.1"/>
         <property name="proxyInformation" value="ProxyInformation{proxyOption=NO_PROXY, proxyServerType=HTTP, password=, proxyServerAddress=, proxyServerPort=0}"/>
         <property name="platform" value="Windows 7"/>
      </properties>
      <testcase name="Test Cases/Event Group Management/TC_Update_FullScenario" classname="Test Cases/Event Group Management/TC_Update_FullScenario" status="PASSED">
         <system-out><![CDATA[2019-01-27 14:05:03 - [TEST_CASE][PASSED] - Test Cases/Event Group Management/TC_Update_FullScenario: Test Cases/Event Group Management/TC_Update_FullScenario

2019-01-27 14:05:04 - [TEST_STEP][PASSED] - pk_Functions.CS_Login.LoginFun(findTestObject(null), "http://192.168.0.190:8080/mof/#/", findTestObject("Login/Username"), findTestObject("Login/Password"), "AAttia", "123", findTestObject("Login/Login")): pk_Functions.CS_Login.LoginFun is PASSED

2019-01-27 14:05:04 - [MESSAGE][WARNING] - Test object id is null

2019-01-27 14:05:06 - [MESSAGE][INFO] - Starting 'Chrome' driver

2019-01-27 14:05:06 - [MESSAGE][INFO] - Action delay is set to 0 seconds

2019-01-27 14:05:22 - [MESSAGE][PASSED] - Browser is opened with url: 'http://192.168.0.190:8080/mof/#/'

2019-01-27 14:05:22 - [MESSAGE][PASSED] - Text 'AAttia' is set on object 'Object Repository/Login/Username'

2019-01-27 14:05:22 - [MESSAGE][PASSED] - Text '123' is set on object 'Object Repository/Login/Password'

2019-01-27 14:05:23 - [MESSAGE][PASSED] - Object: 'Object Repository/Login/Login' is clicked on

2019-01-27 14:05:23 - [MESSAGE][PASSED] - pk_Functions.CS_Login.LoginFun is PASSED

2019-01-27 14:05:23 - [TEST_STEP][PASSED] - click(findTestObject("NE_SideMenu")): Object: 'Object Repository/NE_SideMenu' is clicked on

2019-01-27 14:05:24 - [MESSAGE][PASSED] - Object: 'Object Repository/NE_SideMenu' is clicked on

2019-01-27 14:05:24 - [TEST_STEP][PASSED] - click(findTestObject("NE_EventGroupManagement")): Object: 'Object Repository/NE_EventGroupManagement' is clicked on

2019-01-27 14:05:24 - [MESSAGE][PASSED] - Object: 'Object Repository/NE_EventGroupManagement' is clicked on

2019-01-27 14:05:24 - [TEST_STEP][PASSED] - click(findTestObject("Event Group Managemnt/BTN_Search")): Object: 'Object Repository/Event Group Managemnt/BTN_Search' is clicked on

2019-01-27 14:05:25 - [MESSAGE][PASSED] - Object: 'Object Repository/Event Group Managemnt/BTN_Search' is clicked on

2019-01-27 14:05:25 - [TEST_STEP][PASSED] - delay(5): Delayed 5 second(s)

2019-01-27 14:05:30 - [MESSAGE][PASSED] - Delayed 5 second(s)

2019-01-27 14:05:30 - [TEST_STEP][PASSED] - pk_Functions.CS_SelectRecordFromWebtable_IPO.SelectRecordFromWebtableFun("Event Group Management/MOF_NE_Event Group ManagementObjectRepository", "Search_Function", "1", 0, 3, 2): pk_Functions.CS_SelectRecordFromWebtable_IPO.SelectRecordFromWebtableFun is PASSED

2019-01-27 14:05:35 - [MESSAGE][PASSED] - Delayed 4 second(s)

2019-01-27 14:05:40 - [MESSAGE][PASSED] - Delayed 4 second(s)

2019-01-27 14:05:40 - [MESSAGE][PASSED] - pk_Functions.CS_SelectRecordFromWebtable_IPO.SelectRecordFromWebtableFun is PASSED

2019-01-27 14:05:40 - [TEST_STEP][PASSED] - delay(5): Delayed 5 second(s)

2019-01-27 14:05:45 - [MESSAGE][PASSED] - Delayed 5 second(s)

2019-01-27 14:05:45 - [TEST_STEP][PASSED] - pk_Functions.CS_AllPageData.AllPageDataFun("Event Group Management/EventManagementGPUpdate_ObjectRepository", "Sheet1", [ArabicDescription, EnglishDescription, Save, Back]): pk_Functions.CS_AllPageData.AllPageDataFun is PASSED

2019-01-27 14:05:46 - [MESSAGE][PASSED] - Delayed 1 second(s)

2019-01-27 14:05:46 - [MESSAGE][PASSED] - Text 'Venice Venice' is set on object ''

2019-01-27 14:05:47 - [MESSAGE][PASSED] - Delayed 1 second(s)

2019-01-27 14:05:47 - [MESSAGE][PASSED] - Text 'Rome Rome' is set on object ''

2019-01-27 14:05:48 - [MESSAGE][PASSED] - Delayed 1 second(s)

2019-01-27 14:05:48 - [MESSAGE][PASSED] - Object: '' is clicked on

2019-01-27 14:05:49 - [MESSAGE][PASSED] - Delayed 1 second(s)

2019-01-27 14:05:49 - [MESSAGE][PASSED] - Object: '' is clicked on

2019-01-27 14:05:49 - [MESSAGE][PASSED] - pk_Functions.CS_AllPageData.AllPageDataFun is PASSED

2019-01-27 14:05:49 - [TEST_STEP][PASSED] - delay(2): Delayed 2 second(s)

2019-01-27 14:05:51 - [MESSAGE][PASSED] - Delayed 2 second(s)

2019-01-27 14:05:51 - [TEST_STEP][PASSED] - pk_Functions.CS_SelectRecordFromWebtable_IPO.SelectRecordFromWebtableFun("Event Group Management/MOF_NE_Event Group ManagementObjectRepository", "Search_Function", "1", 0, 3, 1): pk_Functions.CS_SelectRecordFromWebtable_IPO.SelectRecordFromWebtableFun is PASSED

2019-01-27 14:05:56 - [MESSAGE][PASSED] - Delayed 4 second(s)

2019-01-27 14:06:00 - [MESSAGE][PASSED] - Delayed 4 second(s)

2019-01-27 14:06:00 - [MESSAGE][PASSED] - pk_Functions.CS_SelectRecordFromWebtable_IPO.SelectRecordFromWebtableFun is PASSED

2019-01-27 14:06:00 - [TEST_STEP][PASSED] - delay(1): Delayed 1 second(s)

2019-01-27 14:06:01 - [MESSAGE][PASSED] - Delayed 1 second(s)

2019-01-27 14:06:01 - [TEST_STEP][PASSED] - pk_Functions.CS_VerifyPageData.CheckMatching("Event Group Management/EventManagementGPUpdate_ObjectRepository", "Sheet3", "Event Group Management/EventManagemntGPUpdate_Data1"): pk_Functions.CS_VerifyPageData.CheckMatching is PASSED

2019-01-27 14:06:01 - [MESSAGE][PASSED] - Attribute 'value' of object '' is: 'Venice Venice'

2019-01-27 14:06:01 - [MESSAGE][PASSED] - Actual text 'Venice Venice' and expected text 'Venice Venice' are matched 

2019-01-27 14:06:01 - [MESSAGE][PASSED] - Attribute 'value' of object '' is: 'Rome Rome'

2019-01-27 14:06:01 - [MESSAGE][PASSED] - Actual text 'Rome Rome' and expected text 'Rome Rome' are matched 

2019-01-27 14:06:01 - [MESSAGE][PASSED] - pk_Functions.CS_VerifyPageData.CheckMatching is PASSED]]></system-out>
         <system-err><![CDATA[]]></system-err>
      </testcase>
      <system-out><![CDATA[2019-01-27 14:05:02 - [TEST_SUITE][PASSED] - TS_Event Group Management: Test Cases/Event Group Management/TC_Update_FullScenario]]></system-out>
      <system-err><![CDATA[]]></system-err>
   </testsuite>
</testsuites>
