<?xml version="1.0" encoding="UTF-8"?>
<testsuites name="TS_EGMFullScenario" time="233" tests="23" failures="0" errors="2">
   <testsuite name="TS_EGMFullScenario" tests="23" failures="0" errors="2" time="233" timestamp="2019-02-20 16:21:13" hostname="aeibrahim - LPALXY0477.ejadaalex.local" id="Test Suites/Event Group Management/TS_EGMFullScenario">
      <properties>
         <property name="deviceName" value=""/>
         <property name="devicePlatform" value=""/>
         <property name="logFolder" value="C:\\Users\\aeibrahim\\git\\MOF\\Reports\\Event Group Management\\TS_EGMFullScenario\\20190220_162110"/>
         <property name="logFiles" value="C:\\Users\\aeibrahim\\git\\MOF\\Reports\\Event Group Management\\TS_EGMFullScenario\\20190220_162110\\execution0.log"/>
         <property name="attachments" value=""/>
         <property name="hostName" value="aeibrahim - LPALXY0477.ejadaalex.local"/>
         <property name="os" value="Windows 10 64bit"/>
         <property name="katalonVersion" value="5.10.1.1"/>
         <property name="browser" value="Chrome 72.0.3626.109"/>
         <property name="hostAddress" value="192.168.3.64"/>
         <property name="sessionId" value="e44b5bf1f1357e2cb5c453c0e2019339"/>
         <property name="seleniumVersion" value="3.7.1"/>
         <property name="proxyInformation" value="ProxyInformation{proxyOption=NO_PROXY, proxyServerType=HTTP, password=, proxyServerAddress=, proxyServerPort=0}"/>
         <property name="platform" value="Windows 10"/>
      </properties>
      <testcase name="Test Cases/TC_Login" classname="Test Cases/TC_Login" status="PASSED">
         <system-out><![CDATA[2019-02-20 16:21:14 - [TEST_CASE][PASSED] - Test Cases/TC_Login: Test Cases/TC_Login

2019-02-20 16:21:14 - [TEST_STEP][PASSED] - pk_Functions.CS_Login.LoginFun(findTestObject(null), "http://192.168.0.190:8080/mof/#/", findTestObject("Login/Username"), findTestObject("Login/Password"), "AAttia", "123", findTestObject("Login/Login")): pk_Functions.CS_Login.LoginFun is PASSED

2019-02-20 16:21:14 - [MESSAGE][WARNING] - Test object id is null

2019-02-20 16:21:15 - [MESSAGE][INFO] - Starting 'Chrome' driver

2019-02-20 16:21:15 - [MESSAGE][INFO] - Action delay is set to 0 seconds

2019-02-20 16:21:30 - [MESSAGE][PASSED] - Browser is opened with url: 'http://192.168.0.190:8080/mof/#/'

2019-02-20 16:21:30 - [MESSAGE][PASSED] - Text 'AAttia' is set on object 'Object Repository/Login/Username'

2019-02-20 16:21:30 - [MESSAGE][PASSED] - Text '123' is set on object 'Object Repository/Login/Password'

2019-02-20 16:21:30 - [MESSAGE][PASSED] - Object: 'Object Repository/Login/Login' is clicked on

2019-02-20 16:21:30 - [MESSAGE][PASSED] - pk_Functions.CS_Login.LoginFun is PASSED

2019-02-20 16:21:30 - [TEST_STEP][PASSED] - maximizeWindow(): Current window maximized

2019-02-20 16:21:32 - [MESSAGE][PASSED] - Current window maximized]]></system-out>
         <system-err><![CDATA[]]></system-err>
      </testcase>
      <testcase name="Test Cases/Event Group Management/TC_Select_Screen" classname="Test Cases/Event Group Management/TC_Select_Screen" status="PASSED">
         <system-out><![CDATA[2019-02-20 16:21:32 - [TEST_CASE][PASSED] - Test Cases/Event Group Management/TC_Select_Screen: Test Cases/Event Group Management/TC_Select_Screen

2019-02-20 16:21:32 - [TEST_STEP][PASSED] - click(findTestObject("NE_SideMenu")): Object: 'Object Repository/NE_SideMenu' is clicked on

2019-02-20 16:21:33 - [MESSAGE][PASSED] - Object: 'Object Repository/NE_SideMenu' is clicked on

2019-02-20 16:21:33 - [TEST_STEP][PASSED] - click(findTestObject("NE_EventGroupManagement")): Object: 'Object Repository/NE_EventGroupManagement' is clicked on

2019-02-20 16:21:33 - [MESSAGE][PASSED] - Object: 'Object Repository/NE_EventGroupManagement' is clicked on

2019-02-20 16:21:33 - [TEST_STEP][PASSED] - click(findTestObject("Event Group Managemnt/BTN_Search")): Object: 'Object Repository/Event Group Managemnt/BTN_Search' is clicked on

2019-02-20 16:21:33 - [MESSAGE][PASSED] - Object: 'Object Repository/Event Group Managemnt/BTN_Search' is clicked on

2019-02-20 16:21:33 - [TEST_STEP][PASSED] - delay(2): Delayed 2 second(s)

2019-02-20 16:21:35 - [MESSAGE][PASSED] - Delayed 2 second(s)]]></system-out>
         <system-err><![CDATA[]]></system-err>
      </testcase>
      <testcase name="Test Cases/Event Group Management/TC_Insert_Records" classname="Test Cases/Event Group Management/TC_Insert_Records" status="PASSED">
         <system-out><![CDATA[2019-02-20 16:21:35 - [TEST_CASE][PASSED] - Test Cases/Event Group Management/TC_Insert_Records: Test Cases/Event Group Management/TC_Insert_Records

2019-02-20 16:21:36 - [TEST_STEP][PASSED] - click(findTestObject("Event Group Managemnt/BTN_Insert")): Object: 'Object Repository/Event Group Managemnt/BTN_Insert' is clicked on

2019-02-20 16:21:36 - [MESSAGE][PASSED] - Object: 'Object Repository/Event Group Managemnt/BTN_Insert' is clicked on

2019-02-20 16:21:36 - [TEST_STEP][PASSED] - pk_Functions.CS_AllPageData.AllPageDataFun("Event Group Management/MOF_NE_Event Group ManagementObjectRepository", "Sheet1", [code, arabic_des, english_des]): pk_Functions.CS_AllPageData.AllPageDataFun is PASSED

2019-02-20 16:21:38 - [MESSAGE][PASSED] - Delayed 1 second(s)

2019-02-20 16:21:38 - [MESSAGE][PASSED] - Text 'EB2' is set on object ''

2019-02-20 16:21:39 - [MESSAGE][PASSED] - Delayed 1 second(s)

2019-02-20 16:21:39 - [MESSAGE][PASSED] - Text 'English Description_1' is set on object ''

2019-02-20 16:21:40 - [MESSAGE][PASSED] - Delayed 1 second(s)

2019-02-20 16:21:40 - [MESSAGE][PASSED] - Text 'English Description_123' is set on object ''

2019-02-20 16:21:40 - [MESSAGE][PASSED] - pk_Functions.CS_AllPageData.AllPageDataFun is PASSED

2019-02-20 16:21:40 - [TEST_STEP][PASSED] - click(findTestObject("BTN_Save")): Object: 'Object Repository/BTN_Save' is clicked on

2019-02-20 16:21:40 - [MESSAGE][PASSED] - Object: 'Object Repository/BTN_Save' is clicked on

2019-02-20 16:21:40 - [TEST_STEP][PASSED] - delay(3): Delayed 3 second(s)

2019-02-20 16:21:43 - [MESSAGE][PASSED] - Delayed 3 second(s)

2019-02-20 16:21:43 - [TEST_STEP][PASSED] - click(findTestObject("Event Group Managemnt/BTN_Back (1)")): Object: 'Object Repository/Event Group Managemnt/BTN_Back (1)' is clicked on

2019-02-20 16:21:43 - [MESSAGE][PASSED] - Object: 'Object Repository/Event Group Managemnt/BTN_Back (1)' is clicked on

2019-02-20 16:21:43 - [TEST_STEP][PASSED] - delay(3): Delayed 3 second(s)

2019-02-20 16:21:46 - [MESSAGE][PASSED] - Delayed 3 second(s)]]></system-out>
         <system-err><![CDATA[]]></system-err>
      </testcase>
      <testcase name="Test Cases/Event Group Management/TC_Insert_Records" classname="Test Cases/Event Group Management/TC_Insert_Records" status="PASSED">
         <system-out><![CDATA[2019-02-20 16:21:47 - [TEST_CASE][PASSED] - Test Cases/Event Group Management/TC_Insert_Records: Test Cases/Event Group Management/TC_Insert_Records

2019-02-20 16:21:47 - [TEST_STEP][PASSED] - click(findTestObject("Event Group Managemnt/BTN_Insert")): Object: 'Object Repository/Event Group Managemnt/BTN_Insert' is clicked on

2019-02-20 16:21:47 - [MESSAGE][PASSED] - Object: 'Object Repository/Event Group Managemnt/BTN_Insert' is clicked on

2019-02-20 16:21:47 - [TEST_STEP][PASSED] - pk_Functions.CS_AllPageData.AllPageDataFun("Event Group Management/MOF_NE_Event Group ManagementObjectRepository", "Sheet1", [code, arabic_des, english_des]): pk_Functions.CS_AllPageData.AllPageDataFun is PASSED

2019-02-20 16:21:48 - [MESSAGE][PASSED] - Delayed 1 second(s)

2019-02-20 16:21:48 - [MESSAGE][PASSED] - Text 'EB3' is set on object ''

2019-02-20 16:21:49 - [MESSAGE][PASSED] - Delayed 1 second(s)

2019-02-20 16:21:49 - [MESSAGE][PASSED] - Text 'English Description_2' is set on object ''

2019-02-20 16:21:50 - [MESSAGE][PASSED] - Delayed 1 second(s)

2019-02-20 16:21:50 - [MESSAGE][PASSED] - Text 'English Description_2' is set on object ''

2019-02-20 16:21:50 - [MESSAGE][PASSED] - pk_Functions.CS_AllPageData.AllPageDataFun is PASSED

2019-02-20 16:21:50 - [TEST_STEP][PASSED] - click(findTestObject("BTN_Save")): Object: 'Object Repository/BTN_Save' is clicked on

2019-02-20 16:21:50 - [MESSAGE][PASSED] - Object: 'Object Repository/BTN_Save' is clicked on

2019-02-20 16:21:50 - [TEST_STEP][PASSED] - delay(3): Delayed 3 second(s)

2019-02-20 16:21:53 - [MESSAGE][PASSED] - Delayed 3 second(s)

2019-02-20 16:21:53 - [TEST_STEP][PASSED] - click(findTestObject("Event Group Managemnt/BTN_Back (1)")): Object: 'Object Repository/Event Group Managemnt/BTN_Back (1)' is clicked on

2019-02-20 16:21:54 - [MESSAGE][PASSED] - Object: 'Object Repository/Event Group Managemnt/BTN_Back (1)' is clicked on

2019-02-20 16:21:54 - [TEST_STEP][PASSED] - delay(3): Delayed 3 second(s)

2019-02-20 16:21:57 - [MESSAGE][PASSED] - Delayed 3 second(s)]]></system-out>
         <system-err><![CDATA[]]></system-err>
      </testcase>
      <testcase name="Test Cases/Event Group Management/TC_Insert_Records" classname="Test Cases/Event Group Management/TC_Insert_Records" status="PASSED">
         <system-out><![CDATA[2019-02-20 16:21:57 - [TEST_CASE][PASSED] - Test Cases/Event Group Management/TC_Insert_Records: Test Cases/Event Group Management/TC_Insert_Records

2019-02-20 16:21:57 - [TEST_STEP][PASSED] - click(findTestObject("Event Group Managemnt/BTN_Insert")): Object: 'Object Repository/Event Group Managemnt/BTN_Insert' is clicked on

2019-02-20 16:21:57 - [MESSAGE][PASSED] - Object: 'Object Repository/Event Group Managemnt/BTN_Insert' is clicked on

2019-02-20 16:21:57 - [TEST_STEP][PASSED] - pk_Functions.CS_AllPageData.AllPageDataFun("Event Group Management/MOF_NE_Event Group ManagementObjectRepository", "Sheet1", [code, arabic_des, english_des]): pk_Functions.CS_AllPageData.AllPageDataFun is PASSED

2019-02-20 16:21:58 - [MESSAGE][PASSED] - Delayed 1 second(s)

2019-02-20 16:21:58 - [MESSAGE][PASSED] - Text 'EB4' is set on object ''

2019-02-20 16:21:59 - [MESSAGE][PASSED] - Delayed 1 second(s)

2019-02-20 16:21:59 - [MESSAGE][PASSED] - Text 'English Description_3' is set on object ''

2019-02-20 16:22:00 - [MESSAGE][PASSED] - Delayed 1 second(s)

2019-02-20 16:22:01 - [MESSAGE][PASSED] - Text 'English Description_3' is set on object ''

2019-02-20 16:22:01 - [MESSAGE][PASSED] - pk_Functions.CS_AllPageData.AllPageDataFun is PASSED

2019-02-20 16:22:01 - [TEST_STEP][PASSED] - click(findTestObject("BTN_Save")): Object: 'Object Repository/BTN_Save' is clicked on

2019-02-20 16:22:02 - [MESSAGE][PASSED] - Object: 'Object Repository/BTN_Save' is clicked on

2019-02-20 16:22:02 - [TEST_STEP][PASSED] - delay(3): Delayed 3 second(s)

2019-02-20 16:22:05 - [MESSAGE][PASSED] - Delayed 3 second(s)

2019-02-20 16:22:05 - [TEST_STEP][PASSED] - click(findTestObject("Event Group Managemnt/BTN_Back (1)")): Object: 'Object Repository/Event Group Managemnt/BTN_Back (1)' is clicked on

2019-02-20 16:22:05 - [MESSAGE][PASSED] - Object: 'Object Repository/Event Group Managemnt/BTN_Back (1)' is clicked on

2019-02-20 16:22:05 - [TEST_STEP][PASSED] - delay(3): Delayed 3 second(s)

2019-02-20 16:22:08 - [MESSAGE][PASSED] - Delayed 3 second(s)]]></system-out>
         <system-err><![CDATA[]]></system-err>
      </testcase>
      <testcase name="Test Cases/Event Group Management/TC_Insert_Records" classname="Test Cases/Event Group Management/TC_Insert_Records" status="PASSED">
         <system-out><![CDATA[2019-02-20 16:22:08 - [TEST_CASE][PASSED] - Test Cases/Event Group Management/TC_Insert_Records: Test Cases/Event Group Management/TC_Insert_Records

2019-02-20 16:22:08 - [TEST_STEP][PASSED] - click(findTestObject("Event Group Managemnt/BTN_Insert")): Object: 'Object Repository/Event Group Managemnt/BTN_Insert' is clicked on

2019-02-20 16:22:08 - [MESSAGE][PASSED] - Object: 'Object Repository/Event Group Managemnt/BTN_Insert' is clicked on

2019-02-20 16:22:08 - [TEST_STEP][PASSED] - pk_Functions.CS_AllPageData.AllPageDataFun("Event Group Management/MOF_NE_Event Group ManagementObjectRepository", "Sheet1", [code, arabic_des, english_des]): pk_Functions.CS_AllPageData.AllPageDataFun is PASSED

2019-02-20 16:22:09 - [MESSAGE][PASSED] - Delayed 1 second(s)

2019-02-20 16:22:09 - [MESSAGE][PASSED] - Text 'EB5' is set on object ''

2019-02-20 16:22:10 - [MESSAGE][PASSED] - Delayed 1 second(s)

2019-02-20 16:22:11 - [MESSAGE][PASSED] - Text 'English Description_4' is set on object ''

2019-02-20 16:22:12 - [MESSAGE][PASSED] - Delayed 1 second(s)

2019-02-20 16:22:12 - [MESSAGE][PASSED] - Text 'English Description_4' is set on object ''

2019-02-20 16:22:12 - [MESSAGE][PASSED] - pk_Functions.CS_AllPageData.AllPageDataFun is PASSED

2019-02-20 16:22:12 - [TEST_STEP][PASSED] - click(findTestObject("BTN_Save")): Object: 'Object Repository/BTN_Save' is clicked on

2019-02-20 16:22:12 - [MESSAGE][PASSED] - Object: 'Object Repository/BTN_Save' is clicked on

2019-02-20 16:22:12 - [TEST_STEP][PASSED] - delay(3): Delayed 3 second(s)

2019-02-20 16:22:15 - [MESSAGE][PASSED] - Delayed 3 second(s)

2019-02-20 16:22:15 - [TEST_STEP][PASSED] - click(findTestObject("Event Group Managemnt/BTN_Back (1)")): Object: 'Object Repository/Event Group Managemnt/BTN_Back (1)' is clicked on

2019-02-20 16:22:15 - [MESSAGE][PASSED] - Object: 'Object Repository/Event Group Managemnt/BTN_Back (1)' is clicked on

2019-02-20 16:22:15 - [TEST_STEP][PASSED] - delay(3): Delayed 3 second(s)

2019-02-20 16:22:18 - [MESSAGE][PASSED] - Delayed 3 second(s)]]></system-out>
         <system-err><![CDATA[]]></system-err>
      </testcase>
      <testcase name="Test Cases/Event Group Management/TC_Insert_Records" classname="Test Cases/Event Group Management/TC_Insert_Records" status="PASSED">
         <system-out><![CDATA[2019-02-20 16:22:18 - [TEST_CASE][PASSED] - Test Cases/Event Group Management/TC_Insert_Records: Test Cases/Event Group Management/TC_Insert_Records

2019-02-20 16:22:18 - [TEST_STEP][PASSED] - click(findTestObject("Event Group Managemnt/BTN_Insert")): Object: 'Object Repository/Event Group Managemnt/BTN_Insert' is clicked on

2019-02-20 16:22:18 - [MESSAGE][PASSED] - Object: 'Object Repository/Event Group Managemnt/BTN_Insert' is clicked on

2019-02-20 16:22:18 - [TEST_STEP][PASSED] - pk_Functions.CS_AllPageData.AllPageDataFun("Event Group Management/MOF_NE_Event Group ManagementObjectRepository", "Sheet1", [code, arabic_des, english_des]): pk_Functions.CS_AllPageData.AllPageDataFun is PASSED

2019-02-20 16:22:19 - [MESSAGE][PASSED] - Delayed 1 second(s)

2019-02-20 16:22:19 - [MESSAGE][PASSED] - Text 'z12' is set on object ''

2019-02-20 16:22:20 - [MESSAGE][PASSED] - Delayed 1 second(s)

2019-02-20 16:22:21 - [MESSAGE][PASSED] - Text 'English Description_4' is set on object ''

2019-02-20 16:22:22 - [MESSAGE][PASSED] - Delayed 1 second(s)

2019-02-20 16:22:22 - [MESSAGE][PASSED] - Text 'English Description_4' is set on object ''

2019-02-20 16:22:22 - [MESSAGE][PASSED] - pk_Functions.CS_AllPageData.AllPageDataFun is PASSED

2019-02-20 16:22:22 - [TEST_STEP][PASSED] - click(findTestObject("BTN_Save")): Object: 'Object Repository/BTN_Save' is clicked on

2019-02-20 16:22:22 - [MESSAGE][PASSED] - Object: 'Object Repository/BTN_Save' is clicked on

2019-02-20 16:22:22 - [TEST_STEP][PASSED] - delay(3): Delayed 3 second(s)

2019-02-20 16:22:25 - [MESSAGE][PASSED] - Delayed 3 second(s)

2019-02-20 16:22:25 - [TEST_STEP][PASSED] - click(findTestObject("Event Group Managemnt/BTN_Back (1)")): Object: 'Object Repository/Event Group Managemnt/BTN_Back (1)' is clicked on

2019-02-20 16:22:25 - [MESSAGE][PASSED] - Object: 'Object Repository/Event Group Managemnt/BTN_Back (1)' is clicked on

2019-02-20 16:22:25 - [TEST_STEP][PASSED] - delay(3): Delayed 3 second(s)

2019-02-20 16:22:28 - [MESSAGE][PASSED] - Delayed 3 second(s)]]></system-out>
         <system-err><![CDATA[]]></system-err>
      </testcase>
      <testcase name="Test Cases/Event Group Management/TC_Click on Clear Button" classname="Test Cases/Event Group Management/TC_Click on Clear Button" status="PASSED">
         <system-out><![CDATA[2019-02-20 16:22:28 - [TEST_CASE][PASSED] - Test Cases/Event Group Management/TC_Click on Clear Button: Test Cases/Event Group Management/TC_Click on Clear Button

2019-02-20 16:22:28 - [TEST_STEP][PASSED] - click(findTestObject("Event Group Managemnt/BTN_Clear")): Object: 'Object Repository/Event Group Managemnt/BTN_Clear' is clicked on

2019-02-20 16:22:28 - [MESSAGE][PASSED] - Object: 'Object Repository/Event Group Managemnt/BTN_Clear' is clicked on]]></system-out>
         <system-err><![CDATA[]]></system-err>
      </testcase>
      <testcase name="Test Cases/Event Group Management/TC_Verify_Clear" classname="Test Cases/Event Group Management/TC_Verify_Clear" status="PASSED">
         <system-out><![CDATA[2019-02-20 16:22:28 - [TEST_CASE][PASSED] - Test Cases/Event Group Management/TC_Verify_Clear: Test Cases/Event Group Management/TC_Verify_Clear

2019-02-20 16:22:29 - [TEST_STEP][PASSED] - pk_Functions.CS_WebtableVerification.ValidateSearchParameters("Clear", "Event Group Management/MOF_NE_Event Group ManagementObjectRepository", "Sheet1", [], 0): pk_Functions.CS_WebtableVerification.ValidateSearchParameters is PASSED

2019-02-20 16:22:32 - [MESSAGE][PASSED] - Delayed 3 second(s)

2019-02-20 16:22:32 - [MESSAGE][PASSED] - Object: '' is clicked on

2019-02-20 16:22:34 - [MESSAGE][PASSED] - Delayed 2 second(s)

2019-02-20 16:22:34 - [MESSAGE][PASSED] - Attribute 'tabindex' of object '' is: '-1'

2019-02-20 16:22:34 - [MESSAGE][PASSED] - pk_Functions.CS_WebtableVerification.ValidateSearchParameters is PASSED]]></system-out>
         <system-err><![CDATA[]]></system-err>
      </testcase>
      <testcase name="Test Cases/Event Group Management/TC_Verify_Insert" classname="Test Cases/Event Group Management/TC_Verify_Insert" status="ERROR">
         <error type="ERROR" message="Test Cases/Event Group Management/TC_Verify_Insert FAILED.
Reason:
org.codehaus.groovy.runtime.InvokerInvocationException: Assertion failed: 

assert Columns_row_text == expectedValues
       |                |  |
       |                |  [EB2, English Description_123, English Description_1]
       |                false
       [EB2, English Description_1_Update, English Description_1_Update]

	at pk_Functions.CS_WebtableVerification.invokeMethod(CS_WebtableVerification.groovy)
	at com.kms.katalon.core.main.CustomKeywordDelegatingMetaClass.invokeStaticMethod(CustomKeywordDelegatingMetaClass.java:49)
	at TC_Verify_Insert.run(TC_Verify_Insert:25)
	at com.kms.katalon.core.main.ScriptEngine.run(ScriptEngine.java:194)
	at com.kms.katalon.core.main.ScriptEngine.runScriptAsRawText(ScriptEngine.java:119)
	at com.kms.katalon.core.main.TestCaseExecutor.runScript(TestCaseExecutor.java:328)
	at com.kms.katalon.core.main.TestCaseExecutor.doExecute(TestCaseExecutor.java:319)
	at com.kms.katalon.core.main.TestCaseExecutor.processExecutionPhase(TestCaseExecutor.java:298)
	at com.kms.katalon.core.main.TestCaseExecutor.accessMainPhase(TestCaseExecutor.java:290)
	at com.kms.katalon.core.main.TestCaseExecutor.execute(TestCaseExecutor.java:224)
	at com.kms.katalon.core.main.TestSuiteExecutor.accessTestCaseMainPhase(TestSuiteExecutor.java:129)
	at com.kms.katalon.core.main.TestSuiteExecutor.accessTestSuiteMainPhase(TestSuiteExecutor.java:112)
	at com.kms.katalon.core.main.TestSuiteExecutor.execute(TestSuiteExecutor.java:81)
	at com.kms.katalon.core.main.TestCaseMain.startTestSuite(TestCaseMain.java:149)
	at com.kms.katalon.core.main.TestCaseMain$startTestSuite$0.call(Unknown Source)
	at TempTestSuite1550672470274.run(TempTestSuite1550672470274.groovy:36)
Caused by: Assertion failed: 

assert Columns_row_text == expectedValues
       |                |  |
       |                |  [EB2, English Description_123, English Description_1]
       |                false
       [EB2, English Description_1_Update, English Description_1_Update]

	at pk_Functions.CS_WebtableVerification.ValidateSearchParameters(CS_WebtableVerification.groovy:129)
	at pk_Functions.CS_WebtableVerification.invokeMethod(CS_WebtableVerification.groovy)
	at com.kms.katalon.core.main.CustomKeywordDelegatingMetaClass.invokeStaticMethod(CustomKeywordDelegatingMetaClass.java:49)
	at Script1549377986201.run(Script1549377986201.groovy:25)
	... 13 more
"/>
         <system-out><![CDATA[2019-02-20 16:22:34 - [TEST_CASE][ERROR] - Test Cases/Event Group Management/TC_Verify_Insert: Test Cases/Event Group Management/TC_Verify_Insert FAILED.
Reason:
org.codehaus.groovy.runtime.InvokerInvocationException: Assertion failed: 

assert Columns_row_text == expectedValues
       |                |  |
       |                |  [EB2, English Description_123, English Description_1]
       |                false
       [EB2, English Description_1_Update, English Description_1_Update]

	at pk_Functions.CS_WebtableVerification.invokeMethod(CS_WebtableVerification.groovy)
	at com.kms.katalon.core.main.CustomKeywordDelegatingMetaClass.invokeStaticMethod(CustomKeywordDelegatingMetaClass.java:49)
	at TC_Verify_Insert.run(TC_Verify_Insert:25)
	at com.kms.katalon.core.main.ScriptEngine.run(ScriptEngine.java:194)
	at com.kms.katalon.core.main.ScriptEngine.runScriptAsRawText(ScriptEngine.java:119)
	at com.kms.katalon.core.main.TestCaseExecutor.runScript(TestCaseExecutor.java:328)
	at com.kms.katalon.core.main.TestCaseExecutor.doExecute(TestCaseExecutor.java:319)
	at com.kms.katalon.core.main.TestCaseExecutor.processExecutionPhase(TestCaseExecutor.java:298)
	at com.kms.katalon.core.main.TestCaseExecutor.accessMainPhase(TestCaseExecutor.java:290)
	at com.kms.katalon.core.main.TestCaseExecutor.execute(TestCaseExecutor.java:224)
	at com.kms.katalon.core.main.TestSuiteExecutor.accessTestCaseMainPhase(TestSuiteExecutor.java:129)
	at com.kms.katalon.core.main.TestSuiteExecutor.accessTestSuiteMainPhase(TestSuiteExecutor.java:112)
	at com.kms.katalon.core.main.TestSuiteExecutor.execute(TestSuiteExecutor.java:81)
	at com.kms.katalon.core.main.TestCaseMain.startTestSuite(TestCaseMain.java:149)
	at com.kms.katalon.core.main.TestCaseMain$startTestSuite$0.call(Unknown Source)
	at TempTestSuite1550672470274.run(TempTestSuite1550672470274.groovy:36)
Caused by: Assertion failed: 

assert Columns_row_text == expectedValues
       |                |  |
       |                |  [EB2, English Description_123, English Description_1]
       |                false
       [EB2, English Description_1_Update, English Description_1_Update]

	at pk_Functions.CS_WebtableVerification.ValidateSearchParameters(CS_WebtableVerification.groovy:129)
	at pk_Functions.CS_WebtableVerification.invokeMethod(CS_WebtableVerification.groovy)
	at com.kms.katalon.core.main.CustomKeywordDelegatingMetaClass.invokeStaticMethod(CustomKeywordDelegatingMetaClass.java:49)
	at Script1549377986201.run(Script1549377986201.groovy:25)
	... 13 more


2019-02-20 16:22:34 - [TEST_STEP][ERROR] - if (search == "SearchYes"): if (search == "SearchYes") FAILED.
Reason:
org.codehaus.groovy.runtime.InvokerInvocationException: Assertion failed: 

assert Columns_row_text == expectedValues
       |                |  |
       |                |  [EB2, English Description_123, English Description_1]
       |                false
       [EB2, English Description_1_Update, English Description_1_Update]

	at pk_Functions.CS_WebtableVerification.invokeMethod(CS_WebtableVerification.groovy)
	at com.kms.katalon.core.main.CustomKeywordDelegatingMetaClass.invokeStaticMethod(CustomKeywordDelegatingMetaClass.java:49)
	at TC_Verify_Insert.run(TC_Verify_Insert:25)
	at com.kms.katalon.core.main.ScriptEngine.run(ScriptEngine.java:194)
	at com.kms.katalon.core.main.ScriptEngine.runScriptAsRawText(ScriptEngine.java:119)
	at com.kms.katalon.core.main.TestCaseExecutor.runScript(TestCaseExecutor.java:328)
	at com.kms.katalon.core.main.TestCaseExecutor.doExecute(TestCaseExecutor.java:319)
	at com.kms.katalon.core.main.TestCaseExecutor.processExecutionPhase(TestCaseExecutor.java:298)
	at com.kms.katalon.core.main.TestCaseExecutor.accessMainPhase(TestCaseExecutor.java:290)
	at com.kms.katalon.core.main.TestCaseExecutor.execute(TestCaseExecutor.java:224)
	at com.kms.katalon.core.main.TestSuiteExecutor.accessTestCaseMainPhase(TestSuiteExecutor.java:129)
	at com.kms.katalon.core.main.TestSuiteExecutor.accessTestSuiteMainPhase(TestSuiteExecutor.java:112)
	at com.kms.katalon.core.main.TestSuiteExecutor.execute(TestSuiteExecutor.java:81)
	at com.kms.katalon.core.main.TestCaseMain.startTestSuite(TestCaseMain.java:149)
	at com.kms.katalon.core.main.TestCaseMain$startTestSuite$0.call(Unknown Source)
	at TempTestSuite1550672470274.run(TempTestSuite1550672470274.groovy:36)
Caused by: Assertion failed: 

assert Columns_row_text == expectedValues
       |                |  |
       |                |  [EB2, English Description_123, English Description_1]
       |                false
       [EB2, English Description_1_Update, English Description_1_Update]

	at pk_Functions.CS_WebtableVerification.ValidateSearchParameters(CS_WebtableVerification.groovy:129)
	at pk_Functions.CS_WebtableVerification.invokeMethod(CS_WebtableVerification.groovy)
	at com.kms.katalon.core.main.CustomKeywordDelegatingMetaClass.invokeStaticMethod(CustomKeywordDelegatingMetaClass.java:49)
	at Script1549377986201.run(Script1549377986201.groovy:25)
	... 13 more


2019-02-20 16:22:34 - [TEST_STEP][PASSED] - pk_Functions.CS_SpecificPageData.DataFun(["Code_Search"], "Event Group Management/MOF_NE_Event Group ManagementObjectRepository", "Sheet1", [Code]): pk_Functions.CS_SpecificPageData.DataFun is PASSED

2019-02-20 16:22:34 - [MESSAGE][PASSED] - Text 'EB2' is set on object ''

2019-02-20 16:22:34 - [MESSAGE][PASSED] - pk_Functions.CS_SpecificPageData.DataFun is PASSED

2019-02-20 16:22:34 - [TEST_STEP][PASSED] - delay(2): Delayed 2 second(s)

2019-02-20 16:22:36 - [MESSAGE][PASSED] - Delayed 2 second(s)

2019-02-20 16:22:36 - [TEST_STEP][PASSED] - click(findTestObject("Event Group Managemnt/BTN_Search")): Object: 'Object Repository/Event Group Managemnt/BTN_Search' is clicked on

2019-02-20 16:22:36 - [MESSAGE][PASSED] - Object: 'Object Repository/Event Group Managemnt/BTN_Search' is clicked on

2019-02-20 16:22:36 - [TEST_STEP][ERROR] - pk_Functions.CS_WebtableVerification.ValidateSearchParameters(search, "Event Group Management/MOF_NE_Event Group ManagementObjectRepository", "Sheet1", [Code, EnglishDescription, ArabicDescription], 0): if (search == "SearchYes") FAILED.
Reason:
org.codehaus.groovy.runtime.InvokerInvocationException: Assertion failed: 

assert Columns_row_text == expectedValues
       |                |  |
       |                |  [EB2, English Description_123, English Description_1]
       |                false
       [EB2, English Description_1_Update, English Description_1_Update]

	at pk_Functions.CS_WebtableVerification.invokeMethod(CS_WebtableVerification.groovy)
	at com.kms.katalon.core.main.CustomKeywordDelegatingMetaClass.invokeStaticMethod(CustomKeywordDelegatingMetaClass.java:49)
	at TC_Verify_Insert.run(TC_Verify_Insert:25)
	at com.kms.katalon.core.main.ScriptEngine.run(ScriptEngine.java:194)
	at com.kms.katalon.core.main.ScriptEngine.runScriptAsRawText(ScriptEngine.java:119)
	at com.kms.katalon.core.main.TestCaseExecutor.runScript(TestCaseExecutor.java:328)
	at com.kms.katalon.core.main.TestCaseExecutor.doExecute(TestCaseExecutor.java:319)
	at com.kms.katalon.core.main.TestCaseExecutor.processExecutionPhase(TestCaseExecutor.java:298)
	at com.kms.katalon.core.main.TestCaseExecutor.accessMainPhase(TestCaseExecutor.java:290)
	at com.kms.katalon.core.main.TestCaseExecutor.execute(TestCaseExecutor.java:224)
	at com.kms.katalon.core.main.TestSuiteExecutor.accessTestCaseMainPhase(TestSuiteExecutor.java:129)
	at com.kms.katalon.core.main.TestSuiteExecutor.accessTestSuiteMainPhase(TestSuiteExecutor.java:112)
	at com.kms.katalon.core.main.TestSuiteExecutor.execute(TestSuiteExecutor.java:81)
	at com.kms.katalon.core.main.TestCaseMain.startTestSuite(TestCaseMain.java:149)
	at com.kms.katalon.core.main.TestCaseMain$startTestSuite$0.call(Unknown Source)
	at TempTestSuite1550672470274.run(TempTestSuite1550672470274.groovy:36)
Caused by: Assertion failed: 

assert Columns_row_text == expectedValues
       |                |  |
       |                |  [EB2, English Description_123, English Description_1]
       |                false
       [EB2, English Description_1_Update, English Description_1_Update]

	at pk_Functions.CS_WebtableVerification.ValidateSearchParameters(CS_WebtableVerification.groovy:129)
	at pk_Functions.CS_WebtableVerification.invokeMethod(CS_WebtableVerification.groovy)
	at com.kms.katalon.core.main.CustomKeywordDelegatingMetaClass.invokeStaticMethod(CustomKeywordDelegatingMetaClass.java:49)
	at Script1549377986201.run(Script1549377986201.groovy:25)
	... 13 more


2019-02-20 16:22:39 - [MESSAGE][PASSED] - Delayed 3 second(s)

2019-02-20 16:22:40 - [MESSAGE][PASSED] - Object: '' is clicked on

2019-02-20 16:22:42 - [MESSAGE][PASSED] - Delayed 2 second(s)

2019-02-20 16:22:42 - [MESSAGE][FAILED] - Assertion failed: 

assert Columns_row_text == expectedValues
       |                |  |
       |                |  [EB2, English Description_123, English Description_1]
       |                false
       [EB2, English Description_1_Update, English Description_1_Update]


2019-02-20 16:22:42 - [MESSAGE][ERROR] - if (search == "SearchYes") FAILED.
Reason:
org.codehaus.groovy.runtime.InvokerInvocationException: Assertion failed: 

assert Columns_row_text == expectedValues
       |                |  |
       |                |  [EB2, English Description_123, English Description_1]
       |                false
       [EB2, English Description_1_Update, English Description_1_Update]

	at pk_Functions.CS_WebtableVerification.invokeMethod(CS_WebtableVerification.groovy)
	at com.kms.katalon.core.main.CustomKeywordDelegatingMetaClass.invokeStaticMethod(CustomKeywordDelegatingMetaClass.java:49)
	at TC_Verify_Insert.run(TC_Verify_Insert:25)
	at com.kms.katalon.core.main.ScriptEngine.run(ScriptEngine.java:194)
	at com.kms.katalon.core.main.ScriptEngine.runScriptAsRawText(ScriptEngine.java:119)
	at com.kms.katalon.core.main.TestCaseExecutor.runScript(TestCaseExecutor.java:328)
	at com.kms.katalon.core.main.TestCaseExecutor.doExecute(TestCaseExecutor.java:319)
	at com.kms.katalon.core.main.TestCaseExecutor.processExecutionPhase(TestCaseExecutor.java:298)
	at com.kms.katalon.core.main.TestCaseExecutor.accessMainPhase(TestCaseExecutor.java:290)
	at com.kms.katalon.core.main.TestCaseExecutor.execute(TestCaseExecutor.java:224)
	at com.kms.katalon.core.main.TestSuiteExecutor.accessTestCaseMainPhase(TestSuiteExecutor.java:129)
	at com.kms.katalon.core.main.TestSuiteExecutor.accessTestSuiteMainPhase(TestSuiteExecutor.java:112)
	at com.kms.katalon.core.main.TestSuiteExecutor.execute(TestSuiteExecutor.java:81)
	at com.kms.katalon.core.main.TestCaseMain.startTestSuite(TestCaseMain.java:149)
	at com.kms.katalon.core.main.TestCaseMain$startTestSuite$0.call(Unknown Source)
	at TempTestSuite1550672470274.run(TempTestSuite1550672470274.groovy:36)
Caused by: Assertion failed: 

assert Columns_row_text == expectedValues
       |                |  |
       |                |  [EB2, English Description_123, English Description_1]
       |                false
       [EB2, English Description_1_Update, English Description_1_Update]

	at pk_Functions.CS_WebtableVerification.ValidateSearchParameters(CS_WebtableVerification.groovy:129)
	at pk_Functions.CS_WebtableVerification.invokeMethod(CS_WebtableVerification.groovy)
	at com.kms.katalon.core.main.CustomKeywordDelegatingMetaClass.invokeStaticMethod(CustomKeywordDelegatingMetaClass.java:49)
	at Script1549377986201.run(Script1549377986201.groovy:25)
	... 13 more]]></system-out>
         <system-err><![CDATA[2019-02-20 16:22:34 - [TEST_CASE][ERROR] - Test Cases/Event Group Management/TC_Verify_Insert: Test Cases/Event Group Management/TC_Verify_Insert FAILED.
Reason:
org.codehaus.groovy.runtime.InvokerInvocationException: Assertion failed: 

assert Columns_row_text == expectedValues
       |                |  |
       |                |  [EB2, English Description_123, English Description_1]
       |                false
       [EB2, English Description_1_Update, English Description_1_Update]

	at pk_Functions.CS_WebtableVerification.invokeMethod(CS_WebtableVerification.groovy)
	at com.kms.katalon.core.main.CustomKeywordDelegatingMetaClass.invokeStaticMethod(CustomKeywordDelegatingMetaClass.java:49)
	at TC_Verify_Insert.run(TC_Verify_Insert:25)
	at com.kms.katalon.core.main.ScriptEngine.run(ScriptEngine.java:194)
	at com.kms.katalon.core.main.ScriptEngine.runScriptAsRawText(ScriptEngine.java:119)
	at com.kms.katalon.core.main.TestCaseExecutor.runScript(TestCaseExecutor.java:328)
	at com.kms.katalon.core.main.TestCaseExecutor.doExecute(TestCaseExecutor.java:319)
	at com.kms.katalon.core.main.TestCaseExecutor.processExecutionPhase(TestCaseExecutor.java:298)
	at com.kms.katalon.core.main.TestCaseExecutor.accessMainPhase(TestCaseExecutor.java:290)
	at com.kms.katalon.core.main.TestCaseExecutor.execute(TestCaseExecutor.java:224)
	at com.kms.katalon.core.main.TestSuiteExecutor.accessTestCaseMainPhase(TestSuiteExecutor.java:129)
	at com.kms.katalon.core.main.TestSuiteExecutor.accessTestSuiteMainPhase(TestSuiteExecutor.java:112)
	at com.kms.katalon.core.main.TestSuiteExecutor.execute(TestSuiteExecutor.java:81)
	at com.kms.katalon.core.main.TestCaseMain.startTestSuite(TestCaseMain.java:149)
	at com.kms.katalon.core.main.TestCaseMain$startTestSuite$0.call(Unknown Source)
	at TempTestSuite1550672470274.run(TempTestSuite1550672470274.groovy:36)
Caused by: Assertion failed: 

assert Columns_row_text == expectedValues
       |                |  |
       |                |  [EB2, English Description_123, English Description_1]
       |                false
       [EB2, English Description_1_Update, English Description_1_Update]

	at pk_Functions.CS_WebtableVerification.ValidateSearchParameters(CS_WebtableVerification.groovy:129)
	at pk_Functions.CS_WebtableVerification.invokeMethod(CS_WebtableVerification.groovy)
	at com.kms.katalon.core.main.CustomKeywordDelegatingMetaClass.invokeStaticMethod(CustomKeywordDelegatingMetaClass.java:49)
	at Script1549377986201.run(Script1549377986201.groovy:25)
	... 13 more]]></system-err>
      </testcase>
      <testcase name="Test Cases/Event Group Management/TC_Verify_Insert" classname="Test Cases/Event Group Management/TC_Verify_Insert" status="ERROR">
         <error type="ERROR" message="Test Cases/Event Group Management/TC_Verify_Insert FAILED.
Reason:
org.codehaus.groovy.runtime.InvokerInvocationException: Assertion failed: 

assert Columns_row_text == expectedValues
       |                |  |
       |                |  [EB3, English Description_2, English Description_2]
       |                false
       [EB3, English Description_2_Update, English Description_1_Update]

	at pk_Functions.CS_WebtableVerification.invokeMethod(CS_WebtableVerification.groovy)
	at com.kms.katalon.core.main.CustomKeywordDelegatingMetaClass.invokeStaticMethod(CustomKeywordDelegatingMetaClass.java:49)
	at TC_Verify_Insert.run(TC_Verify_Insert:25)
	at com.kms.katalon.core.main.ScriptEngine.run(ScriptEngine.java:194)
	at com.kms.katalon.core.main.ScriptEngine.runScriptAsRawText(ScriptEngine.java:119)
	at com.kms.katalon.core.main.TestCaseExecutor.runScript(TestCaseExecutor.java:328)
	at com.kms.katalon.core.main.TestCaseExecutor.doExecute(TestCaseExecutor.java:319)
	at com.kms.katalon.core.main.TestCaseExecutor.processExecutionPhase(TestCaseExecutor.java:298)
	at com.kms.katalon.core.main.TestCaseExecutor.accessMainPhase(TestCaseExecutor.java:290)
	at com.kms.katalon.core.main.TestCaseExecutor.execute(TestCaseExecutor.java:224)
	at com.kms.katalon.core.main.TestSuiteExecutor.accessTestCaseMainPhase(TestSuiteExecutor.java:129)
	at com.kms.katalon.core.main.TestSuiteExecutor.accessTestSuiteMainPhase(TestSuiteExecutor.java:112)
	at com.kms.katalon.core.main.TestSuiteExecutor.execute(TestSuiteExecutor.java:81)
	at com.kms.katalon.core.main.TestCaseMain.startTestSuite(TestCaseMain.java:149)
	at com.kms.katalon.core.main.TestCaseMain$startTestSuite$0.call(Unknown Source)
	at TempTestSuite1550672470274.run(TempTestSuite1550672470274.groovy:36)
Caused by: Assertion failed: 

assert Columns_row_text == expectedValues
       |                |  |
       |                |  [EB3, English Description_2, English Description_2]
       |                false
       [EB3, English Description_2_Update, English Description_1_Update]

	at pk_Functions.CS_WebtableVerification.ValidateSearchParameters(CS_WebtableVerification.groovy:129)
	at pk_Functions.CS_WebtableVerification.invokeMethod(CS_WebtableVerification.groovy)
	at com.kms.katalon.core.main.CustomKeywordDelegatingMetaClass.invokeStaticMethod(CustomKeywordDelegatingMetaClass.java:49)
	at Script1549377986201.run(Script1549377986201.groovy:25)
	... 13 more
"/>
         <system-out><![CDATA[2019-02-20 16:22:42 - [TEST_CASE][ERROR] - Test Cases/Event Group Management/TC_Verify_Insert: Test Cases/Event Group Management/TC_Verify_Insert FAILED.
Reason:
org.codehaus.groovy.runtime.InvokerInvocationException: Assertion failed: 

assert Columns_row_text == expectedValues
       |                |  |
       |                |  [EB3, English Description_2, English Description_2]
       |                false
       [EB3, English Description_2_Update, English Description_1_Update]

	at pk_Functions.CS_WebtableVerification.invokeMethod(CS_WebtableVerification.groovy)
	at com.kms.katalon.core.main.CustomKeywordDelegatingMetaClass.invokeStaticMethod(CustomKeywordDelegatingMetaClass.java:49)
	at TC_Verify_Insert.run(TC_Verify_Insert:25)
	at com.kms.katalon.core.main.ScriptEngine.run(ScriptEngine.java:194)
	at com.kms.katalon.core.main.ScriptEngine.runScriptAsRawText(ScriptEngine.java:119)
	at com.kms.katalon.core.main.TestCaseExecutor.runScript(TestCaseExecutor.java:328)
	at com.kms.katalon.core.main.TestCaseExecutor.doExecute(TestCaseExecutor.java:319)
	at com.kms.katalon.core.main.TestCaseExecutor.processExecutionPhase(TestCaseExecutor.java:298)
	at com.kms.katalon.core.main.TestCaseExecutor.accessMainPhase(TestCaseExecutor.java:290)
	at com.kms.katalon.core.main.TestCaseExecutor.execute(TestCaseExecutor.java:224)
	at com.kms.katalon.core.main.TestSuiteExecutor.accessTestCaseMainPhase(TestSuiteExecutor.java:129)
	at com.kms.katalon.core.main.TestSuiteExecutor.accessTestSuiteMainPhase(TestSuiteExecutor.java:112)
	at com.kms.katalon.core.main.TestSuiteExecutor.execute(TestSuiteExecutor.java:81)
	at com.kms.katalon.core.main.TestCaseMain.startTestSuite(TestCaseMain.java:149)
	at com.kms.katalon.core.main.TestCaseMain$startTestSuite$0.call(Unknown Source)
	at TempTestSuite1550672470274.run(TempTestSuite1550672470274.groovy:36)
Caused by: Assertion failed: 

assert Columns_row_text == expectedValues
       |                |  |
       |                |  [EB3, English Description_2, English Description_2]
       |                false
       [EB3, English Description_2_Update, English Description_1_Update]

	at pk_Functions.CS_WebtableVerification.ValidateSearchParameters(CS_WebtableVerification.groovy:129)
	at pk_Functions.CS_WebtableVerification.invokeMethod(CS_WebtableVerification.groovy)
	at com.kms.katalon.core.main.CustomKeywordDelegatingMetaClass.invokeStaticMethod(CustomKeywordDelegatingMetaClass.java:49)
	at Script1549377986201.run(Script1549377986201.groovy:25)
	... 13 more


2019-02-20 16:22:42 - [TEST_STEP][ERROR] - if (search == "SearchYes"): if (search == "SearchYes") FAILED.
Reason:
org.codehaus.groovy.runtime.InvokerInvocationException: Assertion failed: 

assert Columns_row_text == expectedValues
       |                |  |
       |                |  [EB3, English Description_2, English Description_2]
       |                false
       [EB3, English Description_2_Update, English Description_1_Update]

	at pk_Functions.CS_WebtableVerification.invokeMethod(CS_WebtableVerification.groovy)
	at com.kms.katalon.core.main.CustomKeywordDelegatingMetaClass.invokeStaticMethod(CustomKeywordDelegatingMetaClass.java:49)
	at TC_Verify_Insert.run(TC_Verify_Insert:25)
	at com.kms.katalon.core.main.ScriptEngine.run(ScriptEngine.java:194)
	at com.kms.katalon.core.main.ScriptEngine.runScriptAsRawText(ScriptEngine.java:119)
	at com.kms.katalon.core.main.TestCaseExecutor.runScript(TestCaseExecutor.java:328)
	at com.kms.katalon.core.main.TestCaseExecutor.doExecute(TestCaseExecutor.java:319)
	at com.kms.katalon.core.main.TestCaseExecutor.processExecutionPhase(TestCaseExecutor.java:298)
	at com.kms.katalon.core.main.TestCaseExecutor.accessMainPhase(TestCaseExecutor.java:290)
	at com.kms.katalon.core.main.TestCaseExecutor.execute(TestCaseExecutor.java:224)
	at com.kms.katalon.core.main.TestSuiteExecutor.accessTestCaseMainPhase(TestSuiteExecutor.java:129)
	at com.kms.katalon.core.main.TestSuiteExecutor.accessTestSuiteMainPhase(TestSuiteExecutor.java:112)
	at com.kms.katalon.core.main.TestSuiteExecutor.execute(TestSuiteExecutor.java:81)
	at com.kms.katalon.core.main.TestCaseMain.startTestSuite(TestCaseMain.java:149)
	at com.kms.katalon.core.main.TestCaseMain$startTestSuite$0.call(Unknown Source)
	at TempTestSuite1550672470274.run(TempTestSuite1550672470274.groovy:36)
Caused by: Assertion failed: 

assert Columns_row_text == expectedValues
       |                |  |
       |                |  [EB3, English Description_2, English Description_2]
       |                false
       [EB3, English Description_2_Update, English Description_1_Update]

	at pk_Functions.CS_WebtableVerification.ValidateSearchParameters(CS_WebtableVerification.groovy:129)
	at pk_Functions.CS_WebtableVerification.invokeMethod(CS_WebtableVerification.groovy)
	at com.kms.katalon.core.main.CustomKeywordDelegatingMetaClass.invokeStaticMethod(CustomKeywordDelegatingMetaClass.java:49)
	at Script1549377986201.run(Script1549377986201.groovy:25)
	... 13 more


2019-02-20 16:22:42 - [TEST_STEP][PASSED] - pk_Functions.CS_SpecificPageData.DataFun(["Code_Search"], "Event Group Management/MOF_NE_Event Group ManagementObjectRepository", "Sheet1", [Code]): pk_Functions.CS_SpecificPageData.DataFun is PASSED

2019-02-20 16:22:42 - [MESSAGE][PASSED] - Text 'EB3' is set on object ''

2019-02-20 16:22:42 - [MESSAGE][PASSED] - pk_Functions.CS_SpecificPageData.DataFun is PASSED

2019-02-20 16:22:42 - [TEST_STEP][PASSED] - delay(2): Delayed 2 second(s)

2019-02-20 16:22:44 - [MESSAGE][PASSED] - Delayed 2 second(s)

2019-02-20 16:22:44 - [TEST_STEP][PASSED] - click(findTestObject("Event Group Managemnt/BTN_Search")): Object: 'Object Repository/Event Group Managemnt/BTN_Search' is clicked on

2019-02-20 16:22:44 - [MESSAGE][PASSED] - Object: 'Object Repository/Event Group Managemnt/BTN_Search' is clicked on

2019-02-20 16:22:44 - [TEST_STEP][ERROR] - pk_Functions.CS_WebtableVerification.ValidateSearchParameters(search, "Event Group Management/MOF_NE_Event Group ManagementObjectRepository", "Sheet1", [Code, EnglishDescription, ArabicDescription], 0): if (search == "SearchYes") FAILED.
Reason:
org.codehaus.groovy.runtime.InvokerInvocationException: Assertion failed: 

assert Columns_row_text == expectedValues
       |                |  |
       |                |  [EB3, English Description_2, English Description_2]
       |                false
       [EB3, English Description_2_Update, English Description_1_Update]

	at pk_Functions.CS_WebtableVerification.invokeMethod(CS_WebtableVerification.groovy)
	at com.kms.katalon.core.main.CustomKeywordDelegatingMetaClass.invokeStaticMethod(CustomKeywordDelegatingMetaClass.java:49)
	at TC_Verify_Insert.run(TC_Verify_Insert:25)
	at com.kms.katalon.core.main.ScriptEngine.run(ScriptEngine.java:194)
	at com.kms.katalon.core.main.ScriptEngine.runScriptAsRawText(ScriptEngine.java:119)
	at com.kms.katalon.core.main.TestCaseExecutor.runScript(TestCaseExecutor.java:328)
	at com.kms.katalon.core.main.TestCaseExecutor.doExecute(TestCaseExecutor.java:319)
	at com.kms.katalon.core.main.TestCaseExecutor.processExecutionPhase(TestCaseExecutor.java:298)
	at com.kms.katalon.core.main.TestCaseExecutor.accessMainPhase(TestCaseExecutor.java:290)
	at com.kms.katalon.core.main.TestCaseExecutor.execute(TestCaseExecutor.java:224)
	at com.kms.katalon.core.main.TestSuiteExecutor.accessTestCaseMainPhase(TestSuiteExecutor.java:129)
	at com.kms.katalon.core.main.TestSuiteExecutor.accessTestSuiteMainPhase(TestSuiteExecutor.java:112)
	at com.kms.katalon.core.main.TestSuiteExecutor.execute(TestSuiteExecutor.java:81)
	at com.kms.katalon.core.main.TestCaseMain.startTestSuite(TestCaseMain.java:149)
	at com.kms.katalon.core.main.TestCaseMain$startTestSuite$0.call(Unknown Source)
	at TempTestSuite1550672470274.run(TempTestSuite1550672470274.groovy:36)
Caused by: Assertion failed: 

assert Columns_row_text == expectedValues
       |                |  |
       |                |  [EB3, English Description_2, English Description_2]
       |                false
       [EB3, English Description_2_Update, English Description_1_Update]

	at pk_Functions.CS_WebtableVerification.ValidateSearchParameters(CS_WebtableVerification.groovy:129)
	at pk_Functions.CS_WebtableVerification.invokeMethod(CS_WebtableVerification.groovy)
	at com.kms.katalon.core.main.CustomKeywordDelegatingMetaClass.invokeStaticMethod(CustomKeywordDelegatingMetaClass.java:49)
	at Script1549377986201.run(Script1549377986201.groovy:25)
	... 13 more


2019-02-20 16:22:47 - [MESSAGE][PASSED] - Delayed 3 second(s)

2019-02-20 16:22:47 - [MESSAGE][PASSED] - Object: '' is clicked on

2019-02-20 16:22:49 - [MESSAGE][PASSED] - Delayed 2 second(s)

2019-02-20 16:22:49 - [MESSAGE][FAILED] - Assertion failed: 

assert Columns_row_text == expectedValues
       |                |  |
       |                |  [EB3, English Description_2, English Description_2]
       |                false
       [EB3, English Description_2_Update, English Description_1_Update]


2019-02-20 16:22:49 - [MESSAGE][ERROR] - if (search == "SearchYes") FAILED.
Reason:
org.codehaus.groovy.runtime.InvokerInvocationException: Assertion failed: 

assert Columns_row_text == expectedValues
       |                |  |
       |                |  [EB3, English Description_2, English Description_2]
       |                false
       [EB3, English Description_2_Update, English Description_1_Update]

	at pk_Functions.CS_WebtableVerification.invokeMethod(CS_WebtableVerification.groovy)
	at com.kms.katalon.core.main.CustomKeywordDelegatingMetaClass.invokeStaticMethod(CustomKeywordDelegatingMetaClass.java:49)
	at TC_Verify_Insert.run(TC_Verify_Insert:25)
	at com.kms.katalon.core.main.ScriptEngine.run(ScriptEngine.java:194)
	at com.kms.katalon.core.main.ScriptEngine.runScriptAsRawText(ScriptEngine.java:119)
	at com.kms.katalon.core.main.TestCaseExecutor.runScript(TestCaseExecutor.java:328)
	at com.kms.katalon.core.main.TestCaseExecutor.doExecute(TestCaseExecutor.java:319)
	at com.kms.katalon.core.main.TestCaseExecutor.processExecutionPhase(TestCaseExecutor.java:298)
	at com.kms.katalon.core.main.TestCaseExecutor.accessMainPhase(TestCaseExecutor.java:290)
	at com.kms.katalon.core.main.TestCaseExecutor.execute(TestCaseExecutor.java:224)
	at com.kms.katalon.core.main.TestSuiteExecutor.accessTestCaseMainPhase(TestSuiteExecutor.java:129)
	at com.kms.katalon.core.main.TestSuiteExecutor.accessTestSuiteMainPhase(TestSuiteExecutor.java:112)
	at com.kms.katalon.core.main.TestSuiteExecutor.execute(TestSuiteExecutor.java:81)
	at com.kms.katalon.core.main.TestCaseMain.startTestSuite(TestCaseMain.java:149)
	at com.kms.katalon.core.main.TestCaseMain$startTestSuite$0.call(Unknown Source)
	at TempTestSuite1550672470274.run(TempTestSuite1550672470274.groovy:36)
Caused by: Assertion failed: 

assert Columns_row_text == expectedValues
       |                |  |
       |                |  [EB3, English Description_2, English Description_2]
       |                false
       [EB3, English Description_2_Update, English Description_1_Update]

	at pk_Functions.CS_WebtableVerification.ValidateSearchParameters(CS_WebtableVerification.groovy:129)
	at pk_Functions.CS_WebtableVerification.invokeMethod(CS_WebtableVerification.groovy)
	at com.kms.katalon.core.main.CustomKeywordDelegatingMetaClass.invokeStaticMethod(CustomKeywordDelegatingMetaClass.java:49)
	at Script1549377986201.run(Script1549377986201.groovy:25)
	... 13 more]]></system-out>
         <system-err><![CDATA[2019-02-20 16:22:42 - [TEST_CASE][ERROR] - Test Cases/Event Group Management/TC_Verify_Insert: Test Cases/Event Group Management/TC_Verify_Insert FAILED.
Reason:
org.codehaus.groovy.runtime.InvokerInvocationException: Assertion failed: 

assert Columns_row_text == expectedValues
       |                |  |
       |                |  [EB3, English Description_2, English Description_2]
       |                false
       [EB3, English Description_2_Update, English Description_1_Update]

	at pk_Functions.CS_WebtableVerification.invokeMethod(CS_WebtableVerification.groovy)
	at com.kms.katalon.core.main.CustomKeywordDelegatingMetaClass.invokeStaticMethod(CustomKeywordDelegatingMetaClass.java:49)
	at TC_Verify_Insert.run(TC_Verify_Insert:25)
	at com.kms.katalon.core.main.ScriptEngine.run(ScriptEngine.java:194)
	at com.kms.katalon.core.main.ScriptEngine.runScriptAsRawText(ScriptEngine.java:119)
	at com.kms.katalon.core.main.TestCaseExecutor.runScript(TestCaseExecutor.java:328)
	at com.kms.katalon.core.main.TestCaseExecutor.doExecute(TestCaseExecutor.java:319)
	at com.kms.katalon.core.main.TestCaseExecutor.processExecutionPhase(TestCaseExecutor.java:298)
	at com.kms.katalon.core.main.TestCaseExecutor.accessMainPhase(TestCaseExecutor.java:290)
	at com.kms.katalon.core.main.TestCaseExecutor.execute(TestCaseExecutor.java:224)
	at com.kms.katalon.core.main.TestSuiteExecutor.accessTestCaseMainPhase(TestSuiteExecutor.java:129)
	at com.kms.katalon.core.main.TestSuiteExecutor.accessTestSuiteMainPhase(TestSuiteExecutor.java:112)
	at com.kms.katalon.core.main.TestSuiteExecutor.execute(TestSuiteExecutor.java:81)
	at com.kms.katalon.core.main.TestCaseMain.startTestSuite(TestCaseMain.java:149)
	at com.kms.katalon.core.main.TestCaseMain$startTestSuite$0.call(Unknown Source)
	at TempTestSuite1550672470274.run(TempTestSuite1550672470274.groovy:36)
Caused by: Assertion failed: 

assert Columns_row_text == expectedValues
       |                |  |
       |                |  [EB3, English Description_2, English Description_2]
       |                false
       [EB3, English Description_2_Update, English Description_1_Update]

	at pk_Functions.CS_WebtableVerification.ValidateSearchParameters(CS_WebtableVerification.groovy:129)
	at pk_Functions.CS_WebtableVerification.invokeMethod(CS_WebtableVerification.groovy)
	at com.kms.katalon.core.main.CustomKeywordDelegatingMetaClass.invokeStaticMethod(CustomKeywordDelegatingMetaClass.java:49)
	at Script1549377986201.run(Script1549377986201.groovy:25)
	... 13 more]]></system-err>
      </testcase>
      <testcase name="Test Cases/Event Group Management/TC_Verify_Insert" classname="Test Cases/Event Group Management/TC_Verify_Insert" status="PASSED">
         <system-out><![CDATA[2019-02-20 16:22:49 - [TEST_CASE][PASSED] - Test Cases/Event Group Management/TC_Verify_Insert: Test Cases/Event Group Management/TC_Verify_Insert

2019-02-20 16:22:49 - [TEST_STEP][PASSED] - if (search == "SearchYes"): null

2019-02-20 16:22:49 - [TEST_STEP][PASSED] - delay(1): Delayed 1 second(s)

2019-02-20 16:22:50 - [MESSAGE][PASSED] - Delayed 1 second(s)]]></system-out>
         <system-err><![CDATA[]]></system-err>
      </testcase>
      <testcase name="Test Cases/Event Group Management/TC_Verify_Insert" classname="Test Cases/Event Group Management/TC_Verify_Insert" status="PASSED">
         <system-out><![CDATA[2019-02-20 16:22:50 - [TEST_CASE][PASSED] - Test Cases/Event Group Management/TC_Verify_Insert: Test Cases/Event Group Management/TC_Verify_Insert

2019-02-20 16:22:50 - [TEST_STEP][PASSED] - if (search == "SearchYes"): null

2019-02-20 16:22:50 - [TEST_STEP][PASSED] - delay(1): Delayed 1 second(s)

2019-02-20 16:22:51 - [MESSAGE][PASSED] - Delayed 1 second(s)]]></system-out>
         <system-err><![CDATA[]]></system-err>
      </testcase>
      <testcase name="Test Cases/Event Group Management/TC_Verify_Insert" classname="Test Cases/Event Group Management/TC_Verify_Insert" status="PASSED">
         <system-out><![CDATA[2019-02-20 16:22:51 - [TEST_CASE][PASSED] - Test Cases/Event Group Management/TC_Verify_Insert: Test Cases/Event Group Management/TC_Verify_Insert

2019-02-20 16:22:51 - [TEST_STEP][PASSED] - if (search == "SearchYes"): null

2019-02-20 16:22:51 - [TEST_STEP][PASSED] - delay(1): Delayed 1 second(s)

2019-02-20 16:22:52 - [MESSAGE][PASSED] - Delayed 1 second(s)]]></system-out>
         <system-err><![CDATA[]]></system-err>
      </testcase>
      <testcase name="Test Cases/Event Group Management/TC_Click on Search Button" classname="Test Cases/Event Group Management/TC_Click on Search Button" status="PASSED">
         <system-out><![CDATA[2019-02-20 16:22:52 - [TEST_CASE][PASSED] - Test Cases/Event Group Management/TC_Click on Search Button: Test Cases/Event Group Management/TC_Click on Search Button

2019-02-20 16:22:53 - [TEST_STEP][PASSED] - click(findTestObject("Event Group Managemnt/BTN_Clear")): Object: 'Object Repository/Event Group Managemnt/BTN_Clear' is clicked on

2019-02-20 16:22:53 - [MESSAGE][PASSED] - Object: 'Object Repository/Event Group Managemnt/BTN_Clear' is clicked on

2019-02-20 16:22:53 - [TEST_STEP][PASSED] - delay(2): Delayed 2 second(s)

2019-02-20 16:22:55 - [MESSAGE][PASSED] - Delayed 2 second(s)

2019-02-20 16:22:55 - [TEST_STEP][PASSED] - click(findTestObject("Event Group Managemnt/BTN_Search")): Object: 'Object Repository/Event Group Managemnt/BTN_Search' is clicked on

2019-02-20 16:22:55 - [MESSAGE][PASSED] - Object: 'Object Repository/Event Group Managemnt/BTN_Search' is clicked on

2019-02-20 16:22:55 - [TEST_STEP][PASSED] - delay(1): Delayed 1 second(s)

2019-02-20 16:22:56 - [MESSAGE][PASSED] - Delayed 1 second(s)]]></system-out>
         <system-err><![CDATA[]]></system-err>
      </testcase>
      <testcase name="Test Cases/Event Group Management/TC_Delete_Records" classname="Test Cases/Event Group Management/TC_Delete_Records" status="PASSED">
         <system-out><![CDATA[2019-02-20 16:22:56 - [TEST_CASE][PASSED] - Test Cases/Event Group Management/TC_Delete_Records: Test Cases/Event Group Management/TC_Delete_Records

2019-02-20 16:22:56 - [TEST_STEP][PASSED] - if (ActionType): pk_Functions.CS_ClickingonActionButtonswithPagination.SelectRecordFromWebtableFun is PASSED

2019-02-20 16:22:56 - [TEST_STEP][PASSED] - pk_Functions.CS_ClickingonActionButtonswithPagination.SelectRecordFromWebtableFun(ActionType, 0, 3, "Event Group Management/MOF_NE_Event Group ManagementObjectRepository", "Sheet1", code): pk_Functions.CS_ClickingonActionButtonswithPagination.SelectRecordFromWebtableFun is PASSED

2019-02-20 16:22:56 - [MESSAGE][PASSED] - Object: '' is clicked on

2019-02-20 16:22:58 - [MESSAGE][PASSED] - Delayed 2 second(s)

2019-02-20 16:22:59 - [MESSAGE][PASSED] - Attribute 'tabindex' of object '' is: '0'

2019-02-20 16:22:59 - [MESSAGE][PASSED] - Object: '' is clicked on

2019-02-20 16:23:02 - [MESSAGE][PASSED] - Delayed 3 second(s)

2019-02-20 16:23:03 - [MESSAGE][PASSED] - Delayed 1 second(s)

2019-02-20 16:23:03 - [MESSAGE][PASSED] - Object: '' is clicked on

2019-02-20 16:23:04 - [MESSAGE][PASSED] - Delayed 1 second(s)

2019-02-20 16:23:04 - [MESSAGE][PASSED] - Object: '' is clicked on

2019-02-20 16:23:04 - [MESSAGE][PASSED] - pk_Functions.CS_ClickingonActionButtonswithPagination.SelectRecordFromWebtableFun is PASSED

2019-02-20 16:23:04 - [TEST_STEP][PASSED] - delay(2): Delayed 2 second(s)

2019-02-20 16:23:06 - [MESSAGE][PASSED] - Delayed 2 second(s)]]></system-out>
         <system-err><![CDATA[]]></system-err>
      </testcase>
      <testcase name="Test Cases/Event Group Management/TC_Delete_Records" classname="Test Cases/Event Group Management/TC_Delete_Records" status="PASSED">
         <system-out><![CDATA[2019-02-20 16:23:06 - [TEST_CASE][PASSED] - Test Cases/Event Group Management/TC_Delete_Records: Test Cases/Event Group Management/TC_Delete_Records

2019-02-20 16:23:06 - [TEST_STEP][PASSED] - if (ActionType): pk_Functions.CS_ClickingonActionButtonswithPagination.SelectRecordFromWebtableFun is PASSED

2019-02-20 16:23:06 - [TEST_STEP][PASSED] - pk_Functions.CS_ClickingonActionButtonswithPagination.SelectRecordFromWebtableFun(ActionType, 0, 3, "Event Group Management/MOF_NE_Event Group ManagementObjectRepository", "Sheet1", code): pk_Functions.CS_ClickingonActionButtonswithPagination.SelectRecordFromWebtableFun is PASSED

2019-02-20 16:23:06 - [MESSAGE][PASSED] - Object: '' is clicked on

2019-02-20 16:23:08 - [MESSAGE][PASSED] - Delayed 2 second(s)

2019-02-20 16:23:09 - [MESSAGE][PASSED] - Attribute 'tabindex' of object '' is: '0'

2019-02-20 16:23:09 - [MESSAGE][PASSED] - Object: '' is clicked on

2019-02-20 16:23:12 - [MESSAGE][PASSED] - Delayed 3 second(s)

2019-02-20 16:23:13 - [MESSAGE][PASSED] - Delayed 1 second(s)

2019-02-20 16:23:13 - [MESSAGE][PASSED] - Object: '' is clicked on

2019-02-20 16:23:14 - [MESSAGE][PASSED] - Delayed 1 second(s)

2019-02-20 16:23:14 - [MESSAGE][PASSED] - Object: '' is clicked on

2019-02-20 16:23:14 - [MESSAGE][PASSED] - pk_Functions.CS_ClickingonActionButtonswithPagination.SelectRecordFromWebtableFun is PASSED

2019-02-20 16:23:14 - [TEST_STEP][PASSED] - delay(2): Delayed 2 second(s)

2019-02-20 16:23:16 - [MESSAGE][PASSED] - Delayed 2 second(s)]]></system-out>
         <system-err><![CDATA[]]></system-err>
      </testcase>
      <testcase name="Test Cases/Event Group Management/TC_Delete_Records" classname="Test Cases/Event Group Management/TC_Delete_Records" status="PASSED">
         <system-out><![CDATA[2019-02-20 16:23:16 - [TEST_CASE][PASSED] - Test Cases/Event Group Management/TC_Delete_Records: Test Cases/Event Group Management/TC_Delete_Records

2019-02-20 16:23:17 - [TEST_STEP][PASSED] - if (ActionType): pk_Functions.CS_ClickingonActionButtonswithPagination.SelectRecordFromWebtableFun is PASSED

2019-02-20 16:23:17 - [TEST_STEP][PASSED] - pk_Functions.CS_ClickingonActionButtonswithPagination.SelectRecordFromWebtableFun(ActionType, 0, 3, "Event Group Management/MOF_NE_Event Group ManagementObjectRepository", "Sheet1", code): pk_Functions.CS_ClickingonActionButtonswithPagination.SelectRecordFromWebtableFun is PASSED

2019-02-20 16:23:17 - [MESSAGE][PASSED] - Object: '' is clicked on

2019-02-20 16:23:19 - [MESSAGE][PASSED] - Delayed 2 second(s)

2019-02-20 16:23:19 - [MESSAGE][PASSED] - Attribute 'tabindex' of object '' is: '0'

2019-02-20 16:23:19 - [MESSAGE][PASSED] - Object: '' is clicked on

2019-02-20 16:23:22 - [MESSAGE][PASSED] - Delayed 3 second(s)

2019-02-20 16:23:24 - [MESSAGE][PASSED] - Delayed 1 second(s)

2019-02-20 16:23:24 - [MESSAGE][PASSED] - Object: '' is clicked on

2019-02-20 16:23:25 - [MESSAGE][PASSED] - Delayed 1 second(s)

2019-02-20 16:23:25 - [MESSAGE][PASSED] - Object: '' is clicked on

2019-02-20 16:23:25 - [MESSAGE][PASSED] - pk_Functions.CS_ClickingonActionButtonswithPagination.SelectRecordFromWebtableFun is PASSED

2019-02-20 16:23:25 - [TEST_STEP][PASSED] - delay(2): Delayed 2 second(s)

2019-02-20 16:23:27 - [MESSAGE][PASSED] - Delayed 2 second(s)]]></system-out>
         <system-err><![CDATA[]]></system-err>
      </testcase>
      <testcase name="Test Cases/Event Group Management/TC_Delete_Records" classname="Test Cases/Event Group Management/TC_Delete_Records" status="PASSED">
         <system-out><![CDATA[2019-02-20 16:23:27 - [TEST_CASE][PASSED] - Test Cases/Event Group Management/TC_Delete_Records: Test Cases/Event Group Management/TC_Delete_Records

2019-02-20 16:23:27 - [TEST_STEP][PASSED] - if (ActionType): pk_Functions.CS_ClickingonActionButtonswithPagination.SelectRecordFromWebtableFun is PASSED

2019-02-20 16:23:27 - [TEST_STEP][PASSED] - pk_Functions.CS_ClickingonActionButtonswithPagination.SelectRecordFromWebtableFun(ActionType, 0, 3, "Event Group Management/MOF_NE_Event Group ManagementObjectRepository", "Sheet1", code): pk_Functions.CS_ClickingonActionButtonswithPagination.SelectRecordFromWebtableFun is PASSED

2019-02-20 16:23:27 - [MESSAGE][PASSED] - Object: '' is clicked on

2019-02-20 16:23:29 - [MESSAGE][PASSED] - Delayed 2 second(s)

2019-02-20 16:23:29 - [MESSAGE][PASSED] - Attribute 'tabindex' of object '' is: '0'

2019-02-20 16:23:29 - [MESSAGE][PASSED] - Object: '' is clicked on

2019-02-20 16:23:32 - [MESSAGE][PASSED] - Delayed 3 second(s)

2019-02-20 16:23:34 - [MESSAGE][PASSED] - Delayed 1 second(s)

2019-02-20 16:23:34 - [MESSAGE][PASSED] - Object: '' is clicked on

2019-02-20 16:23:35 - [MESSAGE][PASSED] - Delayed 1 second(s)

2019-02-20 16:23:35 - [MESSAGE][PASSED] - Object: '' is clicked on

2019-02-20 16:23:35 - [MESSAGE][PASSED] - pk_Functions.CS_ClickingonActionButtonswithPagination.SelectRecordFromWebtableFun is PASSED

2019-02-20 16:23:35 - [TEST_STEP][PASSED] - delay(2): Delayed 2 second(s)

2019-02-20 16:23:37 - [MESSAGE][PASSED] - Delayed 2 second(s)]]></system-out>
         <system-err><![CDATA[]]></system-err>
      </testcase>
      <testcase name="Test Cases/Event Group Management/TC_Delete_Records" classname="Test Cases/Event Group Management/TC_Delete_Records" status="PASSED">
         <system-out><![CDATA[2019-02-20 16:23:37 - [TEST_CASE][PASSED] - Test Cases/Event Group Management/TC_Delete_Records: Test Cases/Event Group Management/TC_Delete_Records

2019-02-20 16:23:37 - [TEST_STEP][PASSED] - if (ActionType): pk_Functions.CS_ClickingonActionButtonswithPagination.SelectRecordFromWebtableFun is PASSED

2019-02-20 16:23:37 - [TEST_STEP][PASSED] - pk_Functions.CS_ClickingonActionButtonswithPagination.SelectRecordFromWebtableFun(ActionType, 0, 3, "Event Group Management/MOF_NE_Event Group ManagementObjectRepository", "Sheet1", code): pk_Functions.CS_ClickingonActionButtonswithPagination.SelectRecordFromWebtableFun is PASSED

2019-02-20 16:23:37 - [MESSAGE][PASSED] - Object: '' is clicked on

2019-02-20 16:23:39 - [MESSAGE][PASSED] - Delayed 2 second(s)

2019-02-20 16:23:40 - [MESSAGE][PASSED] - Attribute 'tabindex' of object '' is: '0'

2019-02-20 16:23:40 - [MESSAGE][PASSED] - Object: '' is clicked on

2019-02-20 16:23:43 - [MESSAGE][PASSED] - Delayed 3 second(s)

2019-02-20 16:23:43 - [MESSAGE][PASSED] - Attribute 'tabindex' of object '' is: '0'

2019-02-20 16:23:43 - [MESSAGE][PASSED] - Object: '' is clicked on

2019-02-20 16:23:46 - [MESSAGE][PASSED] - Delayed 3 second(s)

2019-02-20 16:23:47 - [MESSAGE][PASSED] - Attribute 'tabindex' of object '' is: '0'

2019-02-20 16:23:47 - [MESSAGE][PASSED] - Object: '' is clicked on

2019-02-20 16:23:50 - [MESSAGE][PASSED] - Delayed 3 second(s)

2019-02-20 16:23:51 - [MESSAGE][PASSED] - Delayed 1 second(s)

2019-02-20 16:23:52 - [MESSAGE][PASSED] - Object: '' is clicked on

2019-02-20 16:23:53 - [MESSAGE][PASSED] - Delayed 1 second(s)

2019-02-20 16:23:53 - [MESSAGE][PASSED] - Object: '' is clicked on

2019-02-20 16:23:53 - [MESSAGE][PASSED] - pk_Functions.CS_ClickingonActionButtonswithPagination.SelectRecordFromWebtableFun is PASSED

2019-02-20 16:23:53 - [TEST_STEP][PASSED] - delay(2): Delayed 2 second(s)

2019-02-20 16:23:55 - [MESSAGE][PASSED] - Delayed 2 second(s)]]></system-out>
         <system-err><![CDATA[]]></system-err>
      </testcase>
      <testcase name="Test Cases/Event Group Management/TC_Verify_Delete and Undelete" classname="Test Cases/Event Group Management/TC_Verify_Delete and Undelete" status="PASSED">
         <system-out><![CDATA[2019-02-20 16:23:55 - [TEST_CASE][PASSED] - Test Cases/Event Group Management/TC_Verify_Delete and Undelete: Test Cases/Event Group Management/TC_Verify_Delete and Undelete

2019-02-20 16:23:55 - [TEST_STEP][PASSED] - pk_Functions.CS_WebtableVerification.ValidateSearchParameters(Delete, "Event Group Management/MOF_NE_Event Group ManagementObjectRepository", "Sheet1", [code], 0): pk_Functions.CS_WebtableVerification.ValidateSearchParameters is PASSED

2019-02-20 16:23:58 - [MESSAGE][PASSED] - Delayed 3 second(s)

2019-02-20 16:23:58 - [MESSAGE][PASSED] - Object: '' is clicked on

2019-02-20 16:24:00 - [MESSAGE][PASSED] - Delayed 2 second(s)

2019-02-20 16:24:01 - [MESSAGE][PASSED] - Attribute 'tabindex' of object '' is: '0'

2019-02-20 16:24:01 - [MESSAGE][PASSED] - Object: '' is clicked on

2019-02-20 16:24:04 - [MESSAGE][PASSED] - Delayed 3 second(s)

2019-02-20 16:24:04 - [MESSAGE][PASSED] - pk_Functions.CS_WebtableVerification.ValidateSearchParameters is PASSED

2019-02-20 16:24:04 - [TEST_STEP][PASSED] - delay(2): Delayed 2 second(s)

2019-02-20 16:24:06 - [MESSAGE][PASSED] - Delayed 2 second(s)]]></system-out>
         <system-err><![CDATA[]]></system-err>
      </testcase>
      <testcase name="Test Cases/Event Group Management/TC_Verify_Delete and Undelete" classname="Test Cases/Event Group Management/TC_Verify_Delete and Undelete" status="PASSED">
         <system-out><![CDATA[2019-02-20 16:24:06 - [TEST_CASE][PASSED] - Test Cases/Event Group Management/TC_Verify_Delete and Undelete: Test Cases/Event Group Management/TC_Verify_Delete and Undelete

2019-02-20 16:24:06 - [TEST_STEP][PASSED] - pk_Functions.CS_WebtableVerification.ValidateSearchParameters(Delete, "Event Group Management/MOF_NE_Event Group ManagementObjectRepository", "Sheet1", [code], 0): pk_Functions.CS_WebtableVerification.ValidateSearchParameters is PASSED

2019-02-20 16:24:09 - [MESSAGE][PASSED] - Delayed 3 second(s)

2019-02-20 16:24:09 - [MESSAGE][PASSED] - Object: '' is clicked on

2019-02-20 16:24:11 - [MESSAGE][PASSED] - Delayed 2 second(s)

2019-02-20 16:24:12 - [MESSAGE][PASSED] - Attribute 'tabindex' of object '' is: '0'

2019-02-20 16:24:12 - [MESSAGE][PASSED] - Object: '' is clicked on

2019-02-20 16:24:15 - [MESSAGE][PASSED] - Delayed 3 second(s)

2019-02-20 16:24:15 - [MESSAGE][PASSED] - pk_Functions.CS_WebtableVerification.ValidateSearchParameters is PASSED

2019-02-20 16:24:15 - [TEST_STEP][PASSED] - delay(2): Delayed 2 second(s)

2019-02-20 16:24:17 - [MESSAGE][PASSED] - Delayed 2 second(s)]]></system-out>
         <system-err><![CDATA[]]></system-err>
      </testcase>
      <testcase name="Test Cases/Event Group Management/TC_Verify_Delete and Undelete" classname="Test Cases/Event Group Management/TC_Verify_Delete and Undelete" status="PASSED">
         <system-out><![CDATA[2019-02-20 16:24:17 - [TEST_CASE][PASSED] - Test Cases/Event Group Management/TC_Verify_Delete and Undelete: Test Cases/Event Group Management/TC_Verify_Delete and Undelete

2019-02-20 16:24:17 - [TEST_STEP][PASSED] - pk_Functions.CS_WebtableVerification.ValidateSearchParameters(Delete, "Event Group Management/MOF_NE_Event Group ManagementObjectRepository", "Sheet1", [code], 0): pk_Functions.CS_WebtableVerification.ValidateSearchParameters is PASSED

2019-02-20 16:24:20 - [MESSAGE][PASSED] - Delayed 3 second(s)

2019-02-20 16:24:20 - [MESSAGE][PASSED] - Object: '' is clicked on

2019-02-20 16:24:22 - [MESSAGE][PASSED] - Delayed 2 second(s)

2019-02-20 16:24:23 - [MESSAGE][PASSED] - Attribute 'tabindex' of object '' is: '0'

2019-02-20 16:24:23 - [MESSAGE][PASSED] - Object: '' is clicked on

2019-02-20 16:24:26 - [MESSAGE][PASSED] - Delayed 3 second(s)

2019-02-20 16:24:27 - [MESSAGE][PASSED] - pk_Functions.CS_WebtableVerification.ValidateSearchParameters is PASSED

2019-02-20 16:24:27 - [TEST_STEP][PASSED] - delay(2): Delayed 2 second(s)

2019-02-20 16:24:29 - [MESSAGE][PASSED] - Delayed 2 second(s)]]></system-out>
         <system-err><![CDATA[]]></system-err>
      </testcase>
      <testcase name="Test Cases/Event Group Management/TC_Verify_Delete and Undelete" classname="Test Cases/Event Group Management/TC_Verify_Delete and Undelete" status="PASSED">
         <system-out><![CDATA[2019-02-20 16:24:29 - [TEST_CASE][PASSED] - Test Cases/Event Group Management/TC_Verify_Delete and Undelete: Test Cases/Event Group Management/TC_Verify_Delete and Undelete

2019-02-20 16:24:29 - [TEST_STEP][PASSED] - pk_Functions.CS_WebtableVerification.ValidateSearchParameters(Delete, "Event Group Management/MOF_NE_Event Group ManagementObjectRepository", "Sheet1", [code], 0): pk_Functions.CS_WebtableVerification.ValidateSearchParameters is PASSED

2019-02-20 16:24:32 - [MESSAGE][PASSED] - Delayed 3 second(s)

2019-02-20 16:24:32 - [MESSAGE][PASSED] - Object: '' is clicked on

2019-02-20 16:24:34 - [MESSAGE][PASSED] - Delayed 2 second(s)

2019-02-20 16:24:35 - [MESSAGE][PASSED] - Attribute 'tabindex' of object '' is: '0'

2019-02-20 16:24:35 - [MESSAGE][PASSED] - Object: '' is clicked on

2019-02-20 16:24:38 - [MESSAGE][PASSED] - Delayed 3 second(s)

2019-02-20 16:24:38 - [MESSAGE][PASSED] - Attribute 'tabindex' of object '' is: '0'

2019-02-20 16:24:38 - [MESSAGE][PASSED] - Object: '' is clicked on

2019-02-20 16:24:41 - [MESSAGE][PASSED] - Delayed 3 second(s)

2019-02-20 16:24:42 - [MESSAGE][PASSED] - Attribute 'tabindex' of object '' is: '0'

2019-02-20 16:24:42 - [MESSAGE][PASSED] - Object: '' is clicked on

2019-02-20 16:24:45 - [MESSAGE][PASSED] - Delayed 3 second(s)

2019-02-20 16:24:46 - [MESSAGE][PASSED] - Attribute 'tabindex' of object '' is: '-1'

2019-02-20 16:24:46 - [MESSAGE][PASSED] - pk_Functions.CS_WebtableVerification.ValidateSearchParameters is PASSED

2019-02-20 16:24:46 - [TEST_STEP][PASSED] - delay(2): Delayed 2 second(s)

2019-02-20 16:24:48 - [MESSAGE][PASSED] - Delayed 2 second(s)]]></system-out>
         <system-err><![CDATA[]]></system-err>
      </testcase>
      <testcase name="Test Cases/Event Group Management/TC_Verify_Delete and Undelete" classname="Test Cases/Event Group Management/TC_Verify_Delete and Undelete" status="PASSED">
         <system-out><![CDATA[2019-02-20 16:24:48 - [TEST_CASE][PASSED] - Test Cases/Event Group Management/TC_Verify_Delete and Undelete: Test Cases/Event Group Management/TC_Verify_Delete and Undelete

2019-02-20 16:24:48 - [TEST_STEP][PASSED] - pk_Functions.CS_WebtableVerification.ValidateSearchParameters(Delete, "Event Group Management/MOF_NE_Event Group ManagementObjectRepository", "Sheet1", [code], 0): pk_Functions.CS_WebtableVerification.ValidateSearchParameters is PASSED

2019-02-20 16:24:51 - [MESSAGE][PASSED] - Delayed 3 second(s)

2019-02-20 16:24:51 - [MESSAGE][PASSED] - Object: '' is clicked on

2019-02-20 16:24:53 - [MESSAGE][PASSED] - Delayed 2 second(s)

2019-02-20 16:24:53 - [MESSAGE][PASSED] - Attribute 'tabindex' of object '' is: '0'

2019-02-20 16:24:54 - [MESSAGE][PASSED] - Object: '' is clicked on

2019-02-20 16:24:57 - [MESSAGE][PASSED] - Delayed 3 second(s)

2019-02-20 16:24:57 - [MESSAGE][PASSED] - Attribute 'tabindex' of object '' is: '0'

2019-02-20 16:24:57 - [MESSAGE][PASSED] - Object: '' is clicked on

2019-02-20 16:25:00 - [MESSAGE][PASSED] - Delayed 3 second(s)

2019-02-20 16:25:01 - [MESSAGE][PASSED] - Attribute 'tabindex' of object '' is: '0'

2019-02-20 16:25:01 - [MESSAGE][PASSED] - Object: '' is clicked on

2019-02-20 16:25:04 - [MESSAGE][PASSED] - Delayed 3 second(s)

2019-02-20 16:25:04 - [MESSAGE][PASSED] - Attribute 'tabindex' of object '' is: '-1'

2019-02-20 16:25:04 - [MESSAGE][PASSED] - pk_Functions.CS_WebtableVerification.ValidateSearchParameters is PASSED

2019-02-20 16:25:04 - [TEST_STEP][PASSED] - delay(2): Delayed 2 second(s)

2019-02-20 16:25:06 - [MESSAGE][PASSED] - Delayed 2 second(s)]]></system-out>
         <system-err><![CDATA[]]></system-err>
      </testcase>
      <system-out><![CDATA[2019-02-20 16:21:13 - [TEST_SUITE][ERROR] - TS_EGMFullScenario: Test Cases/Event Group Management/TC_Verify_Insert FAILED.
Reason:
org.codehaus.groovy.runtime.InvokerInvocationException: Assertion failed: 

assert Columns_row_text == expectedValues
       |                |  |
       |                |  [EB2, English Description_123, English Description_1]
       |                false
       [EB2, English Description_1_Update, English Description_1_Update]

	at pk_Functions.CS_WebtableVerification.invokeMethod(CS_WebtableVerification.groovy)
	at com.kms.katalon.core.main.CustomKeywordDelegatingMetaClass.invokeStaticMethod(CustomKeywordDelegatingMetaClass.java:49)
	at TC_Verify_Insert.run(TC_Verify_Insert:25)
	at com.kms.katalon.core.main.ScriptEngine.run(ScriptEngine.java:194)
	at com.kms.katalon.core.main.ScriptEngine.runScriptAsRawText(ScriptEngine.java:119)
	at com.kms.katalon.core.main.TestCaseExecutor.runScript(TestCaseExecutor.java:328)
	at com.kms.katalon.core.main.TestCaseExecutor.doExecute(TestCaseExecutor.java:319)
	at com.kms.katalon.core.main.TestCaseExecutor.processExecutionPhase(TestCaseExecutor.java:298)
	at com.kms.katalon.core.main.TestCaseExecutor.accessMainPhase(TestCaseExecutor.java:290)
	at com.kms.katalon.core.main.TestCaseExecutor.execute(TestCaseExecutor.java:224)
	at com.kms.katalon.core.main.TestSuiteExecutor.accessTestCaseMainPhase(TestSuiteExecutor.java:129)
	at com.kms.katalon.core.main.TestSuiteExecutor.accessTestSuiteMainPhase(TestSuiteExecutor.java:112)
	at com.kms.katalon.core.main.TestSuiteExecutor.execute(TestSuiteExecutor.java:81)
	at com.kms.katalon.core.main.TestCaseMain.startTestSuite(TestCaseMain.java:149)
	at com.kms.katalon.core.main.TestCaseMain$startTestSuite$0.call(Unknown Source)
	at TempTestSuite1550672470274.run(TempTestSuite1550672470274.groovy:36)
Caused by: Assertion failed: 

assert Columns_row_text == expectedValues
       |                |  |
       |                |  [EB2, English Description_123, English Description_1]
       |                false
       [EB2, English Description_1_Update, English Description_1_Update]

	at pk_Functions.CS_WebtableVerification.ValidateSearchParameters(CS_WebtableVerification.groovy:129)
	at pk_Functions.CS_WebtableVerification.invokeMethod(CS_WebtableVerification.groovy)
	at com.kms.katalon.core.main.CustomKeywordDelegatingMetaClass.invokeStaticMethod(CustomKeywordDelegatingMetaClass.java:49)
	at Script1549377986201.run(Script1549377986201.groovy:25)
	... 13 more]]></system-out>
      <system-err><![CDATA[2019-02-20 16:21:13 - [TEST_SUITE][ERROR] - TS_EGMFullScenario: Test Cases/Event Group Management/TC_Verify_Insert FAILED.
Reason:
org.codehaus.groovy.runtime.InvokerInvocationException: Assertion failed: 

assert Columns_row_text == expectedValues
       |                |  |
       |                |  [EB2, English Description_123, English Description_1]
       |                false
       [EB2, English Description_1_Update, English Description_1_Update]

	at pk_Functions.CS_WebtableVerification.invokeMethod(CS_WebtableVerification.groovy)
	at com.kms.katalon.core.main.CustomKeywordDelegatingMetaClass.invokeStaticMethod(CustomKeywordDelegatingMetaClass.java:49)
	at TC_Verify_Insert.run(TC_Verify_Insert:25)
	at com.kms.katalon.core.main.ScriptEngine.run(ScriptEngine.java:194)
	at com.kms.katalon.core.main.ScriptEngine.runScriptAsRawText(ScriptEngine.java:119)
	at com.kms.katalon.core.main.TestCaseExecutor.runScript(TestCaseExecutor.java:328)
	at com.kms.katalon.core.main.TestCaseExecutor.doExecute(TestCaseExecutor.java:319)
	at com.kms.katalon.core.main.TestCaseExecutor.processExecutionPhase(TestCaseExecutor.java:298)
	at com.kms.katalon.core.main.TestCaseExecutor.accessMainPhase(TestCaseExecutor.java:290)
	at com.kms.katalon.core.main.TestCaseExecutor.execute(TestCaseExecutor.java:224)
	at com.kms.katalon.core.main.TestSuiteExecutor.accessTestCaseMainPhase(TestSuiteExecutor.java:129)
	at com.kms.katalon.core.main.TestSuiteExecutor.accessTestSuiteMainPhase(TestSuiteExecutor.java:112)
	at com.kms.katalon.core.main.TestSuiteExecutor.execute(TestSuiteExecutor.java:81)
	at com.kms.katalon.core.main.TestCaseMain.startTestSuite(TestCaseMain.java:149)
	at com.kms.katalon.core.main.TestCaseMain$startTestSuite$0.call(Unknown Source)
	at TempTestSuite1550672470274.run(TempTestSuite1550672470274.groovy:36)
Caused by: Assertion failed: 

assert Columns_row_text == expectedValues
       |                |  |
       |                |  [EB2, English Description_123, English Description_1]
       |                false
       [EB2, English Description_1_Update, English Description_1_Update]

	at pk_Functions.CS_WebtableVerification.ValidateSearchParameters(CS_WebtableVerification.groovy:129)
	at pk_Functions.CS_WebtableVerification.invokeMethod(CS_WebtableVerification.groovy)
	at com.kms.katalon.core.main.CustomKeywordDelegatingMetaClass.invokeStaticMethod(CustomKeywordDelegatingMetaClass.java:49)
	at Script1549377986201.run(Script1549377986201.groovy:25)
	... 13 more]]></system-err>
   </testsuite>
</testsuites>
