<?xml version="1.0" encoding="UTF-8"?>
<testsuites name="TS_ClickUpdate_Delete" time="70" tests="17" failures="0" errors="0">
   <testsuite name="TS_ClickUpdate_Delete" tests="17" failures="0" errors="0" time="70" timestamp="2019-01-31 15:59:09" hostname="Ebtehal Gamal Yusuf - LPALXY0199.ejadaalex.local" id="Test Suites/Event Group Management/TS_ClickUpdate_Delete">
      <properties>
         <property name="deviceName" value=""/>
         <property name="devicePlatform" value=""/>
         <property name="logFolder" value="C:\\Users\\Administrator\\git\\MOF\\Reports\\Event Group Management\\TS_ClickUpdate_Delete\\20190131_155905"/>
         <property name="logFiles" value="C:\\Users\\Administrator\\git\\MOF\\Reports\\Event Group Management\\TS_ClickUpdate_Delete\\20190131_155905\\execution0.log"/>
         <property name="attachments" value=""/>
         <property name="hostName" value="Ebtehal Gamal Yusuf - LPALXY0199.ejadaalex.local"/>
         <property name="os" value="Windows 7 64bit"/>
         <property name="katalonVersion" value="5.10.1.1"/>
         <property name="browser" value="Chrome 71.0.3578.98"/>
         <property name="hostAddress" value="192.168.3.51"/>
         <property name="sessionId" value="9c2065b17d95cffae928e75b90265425"/>
         <property name="seleniumVersion" value="3.7.1"/>
         <property name="proxyInformation" value="ProxyInformation{proxyOption=NO_PROXY, proxyServerType=HTTP, password=, proxyServerAddress=, proxyServerPort=0}"/>
         <property name="platform" value="Windows 7"/>
      </properties>
      <testcase name="Test Cases/TC_Login" classname="Test Cases/TC_Login" status="PASSED">
         <system-out><![CDATA[2019-01-31 15:59:09 - [TEST_CASE][PASSED] - Test Cases/TC_Login: Test Cases/TC_Login

2019-01-31 15:59:10 - [TEST_STEP][PASSED] - pk_Functions.CS_Login.LoginFun(findTestObject(null), "http://192.168.0.190:8080/mof/#/", findTestObject("Login/Username"), findTestObject("Login/Password"), "AAttia", "123", findTestObject("Login/Login")): pk_Functions.CS_Login.LoginFun is PASSED

2019-01-31 15:59:10 - [MESSAGE][WARNING] - Test object id is null

2019-01-31 15:59:11 - [MESSAGE][INFO] - Starting 'Chrome' driver

2019-01-31 15:59:11 - [MESSAGE][INFO] - Action delay is set to 0 seconds

2019-01-31 15:59:28 - [MESSAGE][PASSED] - Browser is opened with url: 'http://192.168.0.190:8080/mof/#/'

2019-01-31 15:59:28 - [MESSAGE][PASSED] - Text 'AAttia' is set on object 'Object Repository/Login/Username'

2019-01-31 15:59:29 - [MESSAGE][PASSED] - Text '123' is set on object 'Object Repository/Login/Password'

2019-01-31 15:59:29 - [MESSAGE][PASSED] - Object: 'Object Repository/Login/Login' is clicked on

2019-01-31 15:59:29 - [MESSAGE][PASSED] - pk_Functions.CS_Login.LoginFun is PASSED

2019-01-31 15:59:29 - [TEST_STEP][PASSED] - click(findTestObject("NE_SideMenu")): Object: 'Object Repository/NE_SideMenu' is clicked on

2019-01-31 15:59:31 - [MESSAGE][PASSED] - Object: 'Object Repository/NE_SideMenu' is clicked on

2019-01-31 15:59:31 - [TEST_STEP][PASSED] - click(findTestObject("NE_EventGroupManagement")): Object: 'Object Repository/NE_EventGroupManagement' is clicked on

2019-01-31 15:59:31 - [MESSAGE][PASSED] - Object: 'Object Repository/NE_EventGroupManagement' is clicked on

2019-01-31 15:59:31 - [TEST_STEP][PASSED] - click(findTestObject("Event Group Managemnt/BTN_Search")): Object: 'Object Repository/Event Group Managemnt/BTN_Search' is clicked on

2019-01-31 15:59:31 - [MESSAGE][PASSED] - Object: 'Object Repository/Event Group Managemnt/BTN_Search' is clicked on]]></system-out>
         <system-err><![CDATA[]]></system-err>
      </testcase>
      <testcase name="Test Cases/Event Group Management/TC_Update and Delete test" classname="Test Cases/Event Group Management/TC_Update and Delete test" status="PASSED">
         <system-out><![CDATA[2019-01-31 15:59:31 - [TEST_CASE][PASSED] - Test Cases/Event Group Management/TC_Update and Delete test: Test Cases/Event Group Management/TC_Update and Delete test

2019-01-31 15:59:32 - [TEST_STEP][PASSED] - delay(1): Delayed 1 second(s)

2019-01-31 15:59:33 - [MESSAGE][PASSED] - Delayed 1 second(s)

2019-01-31 15:59:33 - [TEST_STEP][PASSED] - pk_Functions.CS_ClickingonUpdateorDeletebutton.SelectRecordFromWebtableFun(ActionType, 0, 3, "Event Group Management/MOF_NE_Event Group ManagementObjectRepository", "Sheet1", "Event Group Management/MOF_NE_Event Group ManagementData", "Sheet1", Code): pk_Functions.CS_ClickingonUpdateorDeletebutton.SelectRecordFromWebtableFun is PASSED

2019-01-31 15:59:35 - [MESSAGE][PASSED] - pk_Functions.CS_ClickingonUpdateorDeletebutton.SelectRecordFromWebtableFun is PASSED]]></system-out>
         <system-err><![CDATA[]]></system-err>
      </testcase>
      <testcase name="Test Cases/Event Group Management/TC_Update and Delete test" classname="Test Cases/Event Group Management/TC_Update and Delete test" status="PASSED">
         <system-out><![CDATA[2019-01-31 15:59:35 - [TEST_CASE][PASSED] - Test Cases/Event Group Management/TC_Update and Delete test: Test Cases/Event Group Management/TC_Update and Delete test

2019-01-31 15:59:35 - [TEST_STEP][PASSED] - delay(1): Delayed 1 second(s)

2019-01-31 15:59:36 - [MESSAGE][PASSED] - Delayed 1 second(s)

2019-01-31 15:59:36 - [TEST_STEP][PASSED] - pk_Functions.CS_ClickingonUpdateorDeletebutton.SelectRecordFromWebtableFun(ActionType, 0, 3, "Event Group Management/MOF_NE_Event Group ManagementObjectRepository", "Sheet1", "Event Group Management/MOF_NE_Event Group ManagementData", "Sheet1", Code): pk_Functions.CS_ClickingonUpdateorDeletebutton.SelectRecordFromWebtableFun is PASSED

2019-01-31 15:59:37 - [MESSAGE][PASSED] - pk_Functions.CS_ClickingonUpdateorDeletebutton.SelectRecordFromWebtableFun is PASSED]]></system-out>
         <system-err><![CDATA[]]></system-err>
      </testcase>
      <testcase name="Test Cases/Event Group Management/TC_Update and Delete test" classname="Test Cases/Event Group Management/TC_Update and Delete test" status="PASSED">
         <system-out><![CDATA[2019-01-31 15:59:37 - [TEST_CASE][PASSED] - Test Cases/Event Group Management/TC_Update and Delete test: Test Cases/Event Group Management/TC_Update and Delete test

2019-01-31 15:59:37 - [TEST_STEP][PASSED] - delay(1): Delayed 1 second(s)

2019-01-31 15:59:38 - [MESSAGE][PASSED] - Delayed 1 second(s)

2019-01-31 15:59:38 - [TEST_STEP][PASSED] - pk_Functions.CS_ClickingonUpdateorDeletebutton.SelectRecordFromWebtableFun(ActionType, 0, 3, "Event Group Management/MOF_NE_Event Group ManagementObjectRepository", "Sheet1", "Event Group Management/MOF_NE_Event Group ManagementData", "Sheet1", Code): pk_Functions.CS_ClickingonUpdateorDeletebutton.SelectRecordFromWebtableFun is PASSED

2019-01-31 15:59:42 - [MESSAGE][PASSED] - Delayed 4 second(s)

2019-01-31 15:59:43 - [MESSAGE][PASSED] - Delayed 1 second(s)

2019-01-31 15:59:47 - [MESSAGE][PASSED] - Delayed 3 second(s)

2019-01-31 15:59:47 - [MESSAGE][PASSED] - pk_Functions.CS_ClickingonUpdateorDeletebutton.SelectRecordFromWebtableFun is PASSED]]></system-out>
         <system-err><![CDATA[]]></system-err>
      </testcase>
      <testcase name="Test Cases/Event Group Management/TC_Update and Delete test" classname="Test Cases/Event Group Management/TC_Update and Delete test" status="PASSED">
         <system-out><![CDATA[2019-01-31 15:59:47 - [TEST_CASE][PASSED] - Test Cases/Event Group Management/TC_Update and Delete test: Test Cases/Event Group Management/TC_Update and Delete test

2019-01-31 15:59:47 - [TEST_STEP][PASSED] - delay(1): Delayed 1 second(s)

2019-01-31 15:59:48 - [MESSAGE][PASSED] - Delayed 1 second(s)

2019-01-31 15:59:48 - [TEST_STEP][PASSED] - pk_Functions.CS_ClickingonUpdateorDeletebutton.SelectRecordFromWebtableFun(ActionType, 0, 3, "Event Group Management/MOF_NE_Event Group ManagementObjectRepository", "Sheet1", "Event Group Management/MOF_NE_Event Group ManagementData", "Sheet1", Code): pk_Functions.CS_ClickingonUpdateorDeletebutton.SelectRecordFromWebtableFun is PASSED

2019-01-31 15:59:48 - [MESSAGE][PASSED] - pk_Functions.CS_ClickingonUpdateorDeletebutton.SelectRecordFromWebtableFun is PASSED]]></system-out>
         <system-err><![CDATA[]]></system-err>
      </testcase>
      <testcase name="Test Cases/Event Group Management/TC_Update and Delete test" classname="Test Cases/Event Group Management/TC_Update and Delete test" status="PASSED">
         <system-out><![CDATA[2019-01-31 15:59:48 - [TEST_CASE][PASSED] - Test Cases/Event Group Management/TC_Update and Delete test: Test Cases/Event Group Management/TC_Update and Delete test

2019-01-31 15:59:48 - [TEST_STEP][PASSED] - delay(1): Delayed 1 second(s)

2019-01-31 15:59:49 - [MESSAGE][PASSED] - Delayed 1 second(s)

2019-01-31 15:59:49 - [TEST_STEP][PASSED] - pk_Functions.CS_ClickingonUpdateorDeletebutton.SelectRecordFromWebtableFun(ActionType, 0, 3, "Event Group Management/MOF_NE_Event Group ManagementObjectRepository", "Sheet1", "Event Group Management/MOF_NE_Event Group ManagementData", "Sheet1", Code): pk_Functions.CS_ClickingonUpdateorDeletebutton.SelectRecordFromWebtableFun is PASSED

2019-01-31 15:59:53 - [MESSAGE][PASSED] - Delayed 4 second(s)

2019-01-31 15:59:55 - [MESSAGE][PASSED] - Delayed 1 second(s)

2019-01-31 15:59:58 - [MESSAGE][PASSED] - Delayed 3 second(s)

2019-01-31 15:59:58 - [MESSAGE][PASSED] - pk_Functions.CS_ClickingonUpdateorDeletebutton.SelectRecordFromWebtableFun is PASSED]]></system-out>
         <system-err><![CDATA[]]></system-err>
      </testcase>
      <testcase name="Test Cases/Event Group Management/TC_Update and Delete test" classname="Test Cases/Event Group Management/TC_Update and Delete test" status="PASSED">
         <system-out><![CDATA[2019-01-31 15:59:58 - [TEST_CASE][PASSED] - Test Cases/Event Group Management/TC_Update and Delete test: Test Cases/Event Group Management/TC_Update and Delete test

2019-01-31 15:59:58 - [TEST_STEP][PASSED] - delay(1): Delayed 1 second(s)

2019-01-31 15:59:59 - [MESSAGE][PASSED] - Delayed 1 second(s)

2019-01-31 15:59:59 - [TEST_STEP][PASSED] - pk_Functions.CS_ClickingonUpdateorDeletebutton.SelectRecordFromWebtableFun(ActionType, 0, 3, "Event Group Management/MOF_NE_Event Group ManagementObjectRepository", "Sheet1", "Event Group Management/MOF_NE_Event Group ManagementData", "Sheet1", Code): pk_Functions.CS_ClickingonUpdateorDeletebutton.SelectRecordFromWebtableFun is PASSED

2019-01-31 16:00:03 - [MESSAGE][PASSED] - Delayed 4 second(s)

2019-01-31 16:00:04 - [MESSAGE][PASSED] - Delayed 1 second(s)

2019-01-31 16:00:07 - [MESSAGE][PASSED] - Delayed 3 second(s)

2019-01-31 16:00:08 - [MESSAGE][PASSED] - pk_Functions.CS_ClickingonUpdateorDeletebutton.SelectRecordFromWebtableFun is PASSED]]></system-out>
         <system-err><![CDATA[]]></system-err>
      </testcase>
      <testcase name="Test Cases/Event Group Management/TC_Update and Delete test" classname="Test Cases/Event Group Management/TC_Update and Delete test" status="PASSED">
         <system-out><![CDATA[2019-01-31 16:00:08 - [TEST_CASE][PASSED] - Test Cases/Event Group Management/TC_Update and Delete test: Test Cases/Event Group Management/TC_Update and Delete test

2019-01-31 16:00:08 - [TEST_STEP][PASSED] - delay(1): Delayed 1 second(s)

2019-01-31 16:00:09 - [MESSAGE][PASSED] - Delayed 1 second(s)

2019-01-31 16:00:09 - [TEST_STEP][PASSED] - pk_Functions.CS_ClickingonUpdateorDeletebutton.SelectRecordFromWebtableFun(ActionType, 0, 3, "Event Group Management/MOF_NE_Event Group ManagementObjectRepository", "Sheet1", "Event Group Management/MOF_NE_Event Group ManagementData", "Sheet1", Code): pk_Functions.CS_ClickingonUpdateorDeletebutton.SelectRecordFromWebtableFun is PASSED

2019-01-31 16:00:09 - [MESSAGE][PASSED] - pk_Functions.CS_ClickingonUpdateorDeletebutton.SelectRecordFromWebtableFun is PASSED]]></system-out>
         <system-err><![CDATA[]]></system-err>
      </testcase>
      <testcase name="Test Cases/Event Group Management/TC_Update and Delete test" classname="Test Cases/Event Group Management/TC_Update and Delete test" status="PASSED">
         <system-out><![CDATA[2019-01-31 16:00:09 - [TEST_CASE][PASSED] - Test Cases/Event Group Management/TC_Update and Delete test: Test Cases/Event Group Management/TC_Update and Delete test

2019-01-31 16:00:09 - [TEST_STEP][PASSED] - delay(1): Delayed 1 second(s)

2019-01-31 16:00:10 - [MESSAGE][PASSED] - Delayed 1 second(s)

2019-01-31 16:00:10 - [TEST_STEP][PASSED] - pk_Functions.CS_ClickingonUpdateorDeletebutton.SelectRecordFromWebtableFun(ActionType, 0, 3, "Event Group Management/MOF_NE_Event Group ManagementObjectRepository", "Sheet1", "Event Group Management/MOF_NE_Event Group ManagementData", "Sheet1", Code): pk_Functions.CS_ClickingonUpdateorDeletebutton.SelectRecordFromWebtableFun is PASSED

2019-01-31 16:00:10 - [MESSAGE][PASSED] - pk_Functions.CS_ClickingonUpdateorDeletebutton.SelectRecordFromWebtableFun is PASSED]]></system-out>
         <system-err><![CDATA[]]></system-err>
      </testcase>
      <testcase name="Test Cases/Event Group Management/TC_Update and Delete test" classname="Test Cases/Event Group Management/TC_Update and Delete test" status="PASSED">
         <system-out><![CDATA[2019-01-31 16:00:10 - [TEST_CASE][PASSED] - Test Cases/Event Group Management/TC_Update and Delete test: Test Cases/Event Group Management/TC_Update and Delete test

2019-01-31 16:00:10 - [TEST_STEP][PASSED] - delay(1): Delayed 1 second(s)

2019-01-31 16:00:11 - [MESSAGE][PASSED] - Delayed 1 second(s)

2019-01-31 16:00:11 - [TEST_STEP][PASSED] - pk_Functions.CS_ClickingonUpdateorDeletebutton.SelectRecordFromWebtableFun(ActionType, 0, 3, "Event Group Management/MOF_NE_Event Group ManagementObjectRepository", "Sheet1", "Event Group Management/MOF_NE_Event Group ManagementData", "Sheet1", Code): pk_Functions.CS_ClickingonUpdateorDeletebutton.SelectRecordFromWebtableFun is PASSED

2019-01-31 16:00:11 - [MESSAGE][PASSED] - pk_Functions.CS_ClickingonUpdateorDeletebutton.SelectRecordFromWebtableFun is PASSED]]></system-out>
         <system-err><![CDATA[]]></system-err>
      </testcase>
      <testcase name="Test Cases/Event Group Management/TC_Update and Delete test" classname="Test Cases/Event Group Management/TC_Update and Delete test" status="PASSED">
         <system-out><![CDATA[2019-01-31 16:00:11 - [TEST_CASE][PASSED] - Test Cases/Event Group Management/TC_Update and Delete test: Test Cases/Event Group Management/TC_Update and Delete test

2019-01-31 16:00:11 - [TEST_STEP][PASSED] - delay(1): Delayed 1 second(s)

2019-01-31 16:00:12 - [MESSAGE][PASSED] - Delayed 1 second(s)

2019-01-31 16:00:12 - [TEST_STEP][PASSED] - pk_Functions.CS_ClickingonUpdateorDeletebutton.SelectRecordFromWebtableFun(ActionType, 0, 3, "Event Group Management/MOF_NE_Event Group ManagementObjectRepository", "Sheet1", "Event Group Management/MOF_NE_Event Group ManagementData", "Sheet1", Code): pk_Functions.CS_ClickingonUpdateorDeletebutton.SelectRecordFromWebtableFun is PASSED

2019-01-31 16:00:12 - [MESSAGE][PASSED] - pk_Functions.CS_ClickingonUpdateorDeletebutton.SelectRecordFromWebtableFun is PASSED]]></system-out>
         <system-err><![CDATA[]]></system-err>
      </testcase>
      <testcase name="Test Cases/Event Group Management/TC_Update and Delete test" classname="Test Cases/Event Group Management/TC_Update and Delete test" status="PASSED">
         <system-out><![CDATA[2019-01-31 16:00:12 - [TEST_CASE][PASSED] - Test Cases/Event Group Management/TC_Update and Delete test: Test Cases/Event Group Management/TC_Update and Delete test

2019-01-31 16:00:12 - [TEST_STEP][PASSED] - delay(1): Delayed 1 second(s)

2019-01-31 16:00:13 - [MESSAGE][PASSED] - Delayed 1 second(s)

2019-01-31 16:00:13 - [TEST_STEP][PASSED] - pk_Functions.CS_ClickingonUpdateorDeletebutton.SelectRecordFromWebtableFun(ActionType, 0, 3, "Event Group Management/MOF_NE_Event Group ManagementObjectRepository", "Sheet1", "Event Group Management/MOF_NE_Event Group ManagementData", "Sheet1", Code): pk_Functions.CS_ClickingonUpdateorDeletebutton.SelectRecordFromWebtableFun is PASSED

2019-01-31 16:00:13 - [MESSAGE][PASSED] - pk_Functions.CS_ClickingonUpdateorDeletebutton.SelectRecordFromWebtableFun is PASSED]]></system-out>
         <system-err><![CDATA[]]></system-err>
      </testcase>
      <testcase name="Test Cases/Event Group Management/TC_Update and Delete test" classname="Test Cases/Event Group Management/TC_Update and Delete test" status="PASSED">
         <system-out><![CDATA[2019-01-31 16:00:13 - [TEST_CASE][PASSED] - Test Cases/Event Group Management/TC_Update and Delete test: Test Cases/Event Group Management/TC_Update and Delete test

2019-01-31 16:00:13 - [TEST_STEP][PASSED] - delay(1): Delayed 1 second(s)

2019-01-31 16:00:14 - [MESSAGE][PASSED] - Delayed 1 second(s)

2019-01-31 16:00:14 - [TEST_STEP][PASSED] - pk_Functions.CS_ClickingonUpdateorDeletebutton.SelectRecordFromWebtableFun(ActionType, 0, 3, "Event Group Management/MOF_NE_Event Group ManagementObjectRepository", "Sheet1", "Event Group Management/MOF_NE_Event Group ManagementData", "Sheet1", Code): pk_Functions.CS_ClickingonUpdateorDeletebutton.SelectRecordFromWebtableFun is PASSED

2019-01-31 16:00:15 - [MESSAGE][PASSED] - pk_Functions.CS_ClickingonUpdateorDeletebutton.SelectRecordFromWebtableFun is PASSED]]></system-out>
         <system-err><![CDATA[]]></system-err>
      </testcase>
      <testcase name="Test Cases/Event Group Management/TC_Update and Delete test" classname="Test Cases/Event Group Management/TC_Update and Delete test" status="PASSED">
         <system-out><![CDATA[2019-01-31 16:00:15 - [TEST_CASE][PASSED] - Test Cases/Event Group Management/TC_Update and Delete test: Test Cases/Event Group Management/TC_Update and Delete test

2019-01-31 16:00:15 - [TEST_STEP][PASSED] - delay(1): Delayed 1 second(s)

2019-01-31 16:00:16 - [MESSAGE][PASSED] - Delayed 1 second(s)

2019-01-31 16:00:16 - [TEST_STEP][PASSED] - pk_Functions.CS_ClickingonUpdateorDeletebutton.SelectRecordFromWebtableFun(ActionType, 0, 3, "Event Group Management/MOF_NE_Event Group ManagementObjectRepository", "Sheet1", "Event Group Management/MOF_NE_Event Group ManagementData", "Sheet1", Code): pk_Functions.CS_ClickingonUpdateorDeletebutton.SelectRecordFromWebtableFun is PASSED

2019-01-31 16:00:16 - [MESSAGE][PASSED] - pk_Functions.CS_ClickingonUpdateorDeletebutton.SelectRecordFromWebtableFun is PASSED]]></system-out>
         <system-err><![CDATA[]]></system-err>
      </testcase>
      <testcase name="Test Cases/Event Group Management/TC_Update and Delete test" classname="Test Cases/Event Group Management/TC_Update and Delete test" status="PASSED">
         <system-out><![CDATA[2019-01-31 16:00:16 - [TEST_CASE][PASSED] - Test Cases/Event Group Management/TC_Update and Delete test: Test Cases/Event Group Management/TC_Update and Delete test

2019-01-31 16:00:16 - [TEST_STEP][PASSED] - delay(1): Delayed 1 second(s)

2019-01-31 16:00:17 - [MESSAGE][PASSED] - Delayed 1 second(s)

2019-01-31 16:00:17 - [TEST_STEP][PASSED] - pk_Functions.CS_ClickingonUpdateorDeletebutton.SelectRecordFromWebtableFun(ActionType, 0, 3, "Event Group Management/MOF_NE_Event Group ManagementObjectRepository", "Sheet1", "Event Group Management/MOF_NE_Event Group ManagementData", "Sheet1", Code): pk_Functions.CS_ClickingonUpdateorDeletebutton.SelectRecordFromWebtableFun is PASSED

2019-01-31 16:00:17 - [MESSAGE][PASSED] - pk_Functions.CS_ClickingonUpdateorDeletebutton.SelectRecordFromWebtableFun is PASSED]]></system-out>
         <system-err><![CDATA[]]></system-err>
      </testcase>
      <testcase name="Test Cases/Event Group Management/TC_Update and Delete test" classname="Test Cases/Event Group Management/TC_Update and Delete test" status="PASSED">
         <system-out><![CDATA[2019-01-31 16:00:17 - [TEST_CASE][PASSED] - Test Cases/Event Group Management/TC_Update and Delete test: Test Cases/Event Group Management/TC_Update and Delete test

2019-01-31 16:00:17 - [TEST_STEP][PASSED] - delay(1): Delayed 1 second(s)

2019-01-31 16:00:18 - [MESSAGE][PASSED] - Delayed 1 second(s)

2019-01-31 16:00:18 - [TEST_STEP][PASSED] - pk_Functions.CS_ClickingonUpdateorDeletebutton.SelectRecordFromWebtableFun(ActionType, 0, 3, "Event Group Management/MOF_NE_Event Group ManagementObjectRepository", "Sheet1", "Event Group Management/MOF_NE_Event Group ManagementData", "Sheet1", Code): pk_Functions.CS_ClickingonUpdateorDeletebutton.SelectRecordFromWebtableFun is PASSED

2019-01-31 16:00:18 - [MESSAGE][PASSED] - pk_Functions.CS_ClickingonUpdateorDeletebutton.SelectRecordFromWebtableFun is PASSED]]></system-out>
         <system-err><![CDATA[]]></system-err>
      </testcase>
      <testcase name="Test Cases/Event Group Management/TC_Update and Delete test" classname="Test Cases/Event Group Management/TC_Update and Delete test" status="PASSED">
         <system-out><![CDATA[2019-01-31 16:00:18 - [TEST_CASE][PASSED] - Test Cases/Event Group Management/TC_Update and Delete test: Test Cases/Event Group Management/TC_Update and Delete test

2019-01-31 16:00:18 - [TEST_STEP][PASSED] - delay(1): Delayed 1 second(s)

2019-01-31 16:00:19 - [MESSAGE][PASSED] - Delayed 1 second(s)

2019-01-31 16:00:19 - [TEST_STEP][PASSED] - pk_Functions.CS_ClickingonUpdateorDeletebutton.SelectRecordFromWebtableFun(ActionType, 0, 3, "Event Group Management/MOF_NE_Event Group ManagementObjectRepository", "Sheet1", "Event Group Management/MOF_NE_Event Group ManagementData", "Sheet1", Code): pk_Functions.CS_ClickingonUpdateorDeletebutton.SelectRecordFromWebtableFun is PASSED

2019-01-31 16:00:19 - [MESSAGE][PASSED] - pk_Functions.CS_ClickingonUpdateorDeletebutton.SelectRecordFromWebtableFun is PASSED]]></system-out>
         <system-err><![CDATA[]]></system-err>
      </testcase>
      <system-out><![CDATA[2019-01-31 15:59:09 - [TEST_SUITE][PASSED] - TS_ClickUpdate_Delete: Test Cases/Event Group Management/TC_Update and Delete test]]></system-out>
      <system-err><![CDATA[]]></system-err>
   </testsuite>
</testsuites>
