<?xml version="1.0" encoding="UTF-8"?>
<testsuites name="TS_Event Group Management" time="58" tests="0" failures="0" errors="1">
   <testsuite name="TS_Event Group Management" tests="0" failures="0" errors="1" time="58" timestamp="2019-01-22 10:48:00" hostname="Ebtehal Gamal Yusuf - LPALXY0199.ejadaalex.local" id="Test Suites/Event Group Management/TS_Event Group Management">
      <properties>
         <property name="deviceName" value=""/>
         <property name="devicePlatform" value=""/>
         <property name="logFolder" value="C:\\Users\\Administrator\\git\\MOF\\Reports\\Event Group Management\\TS_Event Group Management\\20190122_104757"/>
         <property name="logFiles" value="C:\\Users\\Administrator\\git\\MOF\\Reports\\Event Group Management\\TS_Event Group Management\\20190122_104757\\execution0.log"/>
         <property name="attachments" value=""/>
         <property name="hostName" value="Ebtehal Gamal Yusuf - LPALXY0199.ejadaalex.local"/>
         <property name="os" value="Windows 7 64bit"/>
         <property name="katalonVersion" value="5.10.1.1"/>
         <property name="browser" value="Chrome 71.0.3578.98"/>
         <property name="hostAddress" value="192.168.3.51"/>
         <property name="sessionId" value="831ff6bb9dc42e1ecdba1de0768d5c9a"/>
         <property name="seleniumVersion" value="3.7.1"/>
         <property name="proxyInformation" value="ProxyInformation{proxyOption=NO_PROXY, proxyServerType=HTTP, password=, proxyServerAddress=, proxyServerPort=0}"/>
         <property name="platform" value="Windows 7"/>
      </properties>
      <testcase name="Test Cases/Event Group Management/TC_Update" classname="Test Cases/Event Group Management/TC_Update" status="ERROR">
         <error type="ERROR" message="Test Cases/Event Group Management/TC_Update FAILED.
Reason:
java.lang.IllegalArgumentException: Invalid column index 3 for test data '\\192.168.0.125\c$\ejadaipo\ipomsfroot\TestAuto\Ebtehal\Event Managemnt Group\EventManagementGPUpdate_ObjectRepository.xlsx'. Column index must be between 1..1
	at com.kms.katalon.core.testdata.AbstractTestData.verifyColumnIndex(AbstractTestData.java:57)
	at com.kms.katalon.core.testdata.AbstractTestData.getObjectValue(AbstractTestData.java:115)
	at com.kms.katalon.core.testdata.AbstractTestData.getValue(AbstractTestData.java:89)
	at com.kms.katalon.core.testdata.TestData$getValue$0.call(Unknown Source)
	at pk_Functions.CS_AllPageObject.AllPageObjectFun(CS_AllPageObject.groovy:61)
	at pk_Functions.CS_AllPageObject$AllPageObjectFun.call(Unknown Source)
	at pk_Functions.CS_VerifyPageData.CheckMatching(CS_VerifyPageData.groovy:30)
	at pk_Functions.CS_VerifyPageData.invokeMethod(CS_VerifyPageData.groovy)
	at com.kms.katalon.core.main.CustomKeywordDelegatingMetaClass.invokeStaticMethod(CustomKeywordDelegatingMetaClass.java:49)
	at TC_Update.run(TC_Update:42)
	at com.kms.katalon.core.main.ScriptEngine.run(ScriptEngine.java:194)
	at com.kms.katalon.core.main.ScriptEngine.runScriptAsRawText(ScriptEngine.java:119)
	at com.kms.katalon.core.main.TestCaseExecutor.runScript(TestCaseExecutor.java:328)
	at com.kms.katalon.core.main.TestCaseExecutor.doExecute(TestCaseExecutor.java:319)
	at com.kms.katalon.core.main.TestCaseExecutor.processExecutionPhase(TestCaseExecutor.java:298)
	at com.kms.katalon.core.main.TestCaseExecutor.accessMainPhase(TestCaseExecutor.java:290)
	at com.kms.katalon.core.main.TestCaseExecutor.execute(TestCaseExecutor.java:224)
	at com.kms.katalon.core.main.TestSuiteExecutor.accessTestCaseMainPhase(TestSuiteExecutor.java:129)
	at com.kms.katalon.core.main.TestSuiteExecutor.accessTestSuiteMainPhase(TestSuiteExecutor.java:112)
	at com.kms.katalon.core.main.TestSuiteExecutor.execute(TestSuiteExecutor.java:81)
	at com.kms.katalon.core.main.TestCaseMain.startTestSuite(TestCaseMain.java:149)
	at com.kms.katalon.core.main.TestCaseMain$startTestSuite$0.call(Unknown Source)
	at TempTestSuite1548146877656.run(TempTestSuite1548146877656.groovy:36)
"/>
         <system-out><![CDATA[2019-01-22 10:48:00 - [TEST_CASE][ERROR] - Test Cases/Event Group Management/TC_Update: Test Cases/Event Group Management/TC_Update FAILED.
Reason:
java.lang.IllegalArgumentException: Invalid column index 3 for test data '\\192.168.0.125\c$\ejadaipo\ipomsfroot\TestAuto\Ebtehal\Event Managemnt Group\EventManagementGPUpdate_ObjectRepository.xlsx'. Column index must be between 1..1
	at com.kms.katalon.core.testdata.AbstractTestData.verifyColumnIndex(AbstractTestData.java:57)
	at com.kms.katalon.core.testdata.AbstractTestData.getObjectValue(AbstractTestData.java:115)
	at com.kms.katalon.core.testdata.AbstractTestData.getValue(AbstractTestData.java:89)
	at com.kms.katalon.core.testdata.TestData$getValue$0.call(Unknown Source)
	at pk_Functions.CS_AllPageObject.AllPageObjectFun(CS_AllPageObject.groovy:61)
	at pk_Functions.CS_AllPageObject$AllPageObjectFun.call(Unknown Source)
	at pk_Functions.CS_VerifyPageData.CheckMatching(CS_VerifyPageData.groovy:30)
	at pk_Functions.CS_VerifyPageData.invokeMethod(CS_VerifyPageData.groovy)
	at com.kms.katalon.core.main.CustomKeywordDelegatingMetaClass.invokeStaticMethod(CustomKeywordDelegatingMetaClass.java:49)
	at TC_Update.run(TC_Update:42)
	at com.kms.katalon.core.main.ScriptEngine.run(ScriptEngine.java:194)
	at com.kms.katalon.core.main.ScriptEngine.runScriptAsRawText(ScriptEngine.java:119)
	at com.kms.katalon.core.main.TestCaseExecutor.runScript(TestCaseExecutor.java:328)
	at com.kms.katalon.core.main.TestCaseExecutor.doExecute(TestCaseExecutor.java:319)
	at com.kms.katalon.core.main.TestCaseExecutor.processExecutionPhase(TestCaseExecutor.java:298)
	at com.kms.katalon.core.main.TestCaseExecutor.accessMainPhase(TestCaseExecutor.java:290)
	at com.kms.katalon.core.main.TestCaseExecutor.execute(TestCaseExecutor.java:224)
	at com.kms.katalon.core.main.TestSuiteExecutor.accessTestCaseMainPhase(TestSuiteExecutor.java:129)
	at com.kms.katalon.core.main.TestSuiteExecutor.accessTestSuiteMainPhase(TestSuiteExecutor.java:112)
	at com.kms.katalon.core.main.TestSuiteExecutor.execute(TestSuiteExecutor.java:81)
	at com.kms.katalon.core.main.TestCaseMain.startTestSuite(TestCaseMain.java:149)
	at com.kms.katalon.core.main.TestCaseMain$startTestSuite$0.call(Unknown Source)
	at TempTestSuite1548146877656.run(TempTestSuite1548146877656.groovy:36)


2019-01-22 10:48:01 - [TEST_STEP][PASSED] - pk_Functions.CS_Login.LoginFun(findTestObject(null), "http://192.168.0.190:8080/mof/#/", findTestObject("Login/Username"), findTestObject("Login/Password"), "AAttia", "123", findTestObject("Login/Login")): pk_Functions.CS_Login.LoginFun is PASSED

2019-01-22 10:48:01 - [MESSAGE][WARNING] - Test object id is null

2019-01-22 10:48:02 - [MESSAGE][INFO] - Starting 'Chrome' driver

2019-01-22 10:48:02 - [MESSAGE][INFO] - Action delay is set to 0 seconds

2019-01-22 10:48:15 - [MESSAGE][PASSED] - Browser is opened with url: 'http://192.168.0.190:8080/mof/#/'

2019-01-22 10:48:16 - [MESSAGE][PASSED] - Text 'AAttia' is set on object 'Object Repository/Login/Username'

2019-01-22 10:48:16 - [MESSAGE][PASSED] - Text '123' is set on object 'Object Repository/Login/Password'

2019-01-22 10:48:16 - [MESSAGE][PASSED] - Object: 'Object Repository/Login/Login' is clicked on

2019-01-22 10:48:16 - [MESSAGE][PASSED] - pk_Functions.CS_Login.LoginFun is PASSED

2019-01-22 10:48:16 - [TEST_STEP][PASSED] - click(findTestObject("NE_SideMenu")): Object: 'Object Repository/NE_SideMenu' is clicked on

2019-01-22 10:48:18 - [MESSAGE][PASSED] - Object: 'Object Repository/NE_SideMenu' is clicked on

2019-01-22 10:48:18 - [TEST_STEP][PASSED] - click(findTestObject("NE_EventGroupManagement")): Object: 'Object Repository/NE_EventGroupManagement' is clicked on

2019-01-22 10:48:18 - [MESSAGE][PASSED] - Object: 'Object Repository/NE_EventGroupManagement' is clicked on

2019-01-22 10:48:18 - [TEST_STEP][PASSED] - click(findTestObject("Search")): Object: 'Object Repository/Search' is clicked on

2019-01-22 10:48:19 - [MESSAGE][PASSED] - Object: 'Object Repository/Search' is clicked on

2019-01-22 10:48:19 - [TEST_STEP][PASSED] - delay(5): Delayed 5 second(s)

2019-01-22 10:48:24 - [MESSAGE][PASSED] - Delayed 5 second(s)

2019-01-22 10:48:24 - [TEST_STEP][PASSED] - pk_Functions.CS_SelectRecordFromWebtable_IPO.SelectRecordFromWebtableFun("xpath", "//*[@id="app-form"]//app-body//app-event-categories-management-layout//app-event-categories-management-list/p-panel//p-datatable/div/div[2]", "1", 0, 3, 2): pk_Functions.CS_SelectRecordFromWebtable_IPO.SelectRecordFromWebtableFun is PASSED

2019-01-22 10:48:28 - [MESSAGE][PASSED] - Delayed 4 second(s)

2019-01-22 10:48:33 - [MESSAGE][PASSED] - Delayed 4 second(s)

2019-01-22 10:48:33 - [MESSAGE][PASSED] - pk_Functions.CS_SelectRecordFromWebtable_IPO.SelectRecordFromWebtableFun is PASSED

2019-01-22 10:48:33 - [TEST_STEP][PASSED] - delay(5): Delayed 5 second(s)

2019-01-22 10:48:38 - [MESSAGE][PASSED] - Delayed 5 second(s)

2019-01-22 10:48:38 - [TEST_STEP][PASSED] - pk_Functions.CS_AllPageData.AllPageDataFun("Event Group Management/EventManagementGPUpdate_ObjectRepository", "Sheet1", [ArabicDescription, EnglishDescription, Save, Back]): pk_Functions.CS_AllPageData.AllPageDataFun is PASSED

2019-01-22 10:48:41 - [MESSAGE][PASSED] - Delayed 2 second(s)

2019-01-22 10:48:41 - [MESSAGE][PASSED] - Text 'Venice Venice' is set on object ''

2019-01-22 10:48:43 - [MESSAGE][PASSED] - Delayed 2 second(s)

2019-01-22 10:48:43 - [MESSAGE][PASSED] - Text 'Rome Rome' is set on object ''

2019-01-22 10:48:45 - [MESSAGE][PASSED] - Delayed 2 second(s)

2019-01-22 10:48:45 - [MESSAGE][PASSED] - Object: '' is clicked on

2019-01-22 10:48:47 - [MESSAGE][PASSED] - Delayed 2 second(s)

2019-01-22 10:48:47 - [MESSAGE][PASSED] - Object: '' is clicked on

2019-01-22 10:48:47 - [MESSAGE][PASSED] - pk_Functions.CS_AllPageData.AllPageDataFun is PASSED

2019-01-22 10:48:47 - [TEST_STEP][PASSED] - delay(2): Delayed 2 second(s)

2019-01-22 10:48:49 - [MESSAGE][PASSED] - Delayed 2 second(s)

2019-01-22 10:48:49 - [TEST_STEP][PASSED] - pk_Functions.CS_SelectRecordFromWebtable_IPO.SelectRecordFromWebtableFun("xpath", "//*[@id="app-form"]//app-body//app-event-categories-management-layout//app-event-categories-management-list/p-panel//p-datatable/div/div[2]", "1", 0, 3, 1): pk_Functions.CS_SelectRecordFromWebtable_IPO.SelectRecordFromWebtableFun is PASSED

2019-01-22 10:48:54 - [MESSAGE][PASSED] - Delayed 4 second(s)

2019-01-22 10:48:58 - [MESSAGE][PASSED] - Delayed 4 second(s)

2019-01-22 10:48:58 - [MESSAGE][PASSED] - pk_Functions.CS_SelectRecordFromWebtable_IPO.SelectRecordFromWebtableFun is PASSED

2019-01-22 10:48:58 - [TEST_STEP][PASSED] - delay(1): Delayed 1 second(s)

2019-01-22 10:48:59 - [MESSAGE][PASSED] - Delayed 1 second(s)

2019-01-22 10:48:59 - [TEST_STEP][ERROR] - pk_Functions.CS_VerifyPageData.CheckMatching("Event Group Management/EventManagementGPUpdate_ObjectRepository", "Sheet2", "Event Group Management/EventManagemntGPUpdate_Data1"): pk_Functions.CS_VerifyPageData.CheckMatching("Event Group Management/EventManagementGPUpdate_ObjectRepository", "Sheet2", "Event Group Management/EventManagemntGPUpdate_Data1") FAILED.
Reason:
java.lang.IllegalArgumentException: Invalid column index 3 for test data '\\192.168.0.125\c$\ejadaipo\ipomsfroot\TestAuto\Ebtehal\Event Managemnt Group\EventManagementGPUpdate_ObjectRepository.xlsx'. Column index must be between 1..1
	at com.kms.katalon.core.testdata.AbstractTestData.verifyColumnIndex(AbstractTestData.java:57)
	at com.kms.katalon.core.testdata.AbstractTestData.getObjectValue(AbstractTestData.java:115)
	at com.kms.katalon.core.testdata.AbstractTestData.getValue(AbstractTestData.java:89)
	at com.kms.katalon.core.testdata.TestData$getValue$0.call(Unknown Source)
	at pk_Functions.CS_AllPageObject.AllPageObjectFun(CS_AllPageObject.groovy:61)
	at pk_Functions.CS_AllPageObject$AllPageObjectFun.call(Unknown Source)
	at pk_Functions.CS_VerifyPageData.CheckMatching(CS_VerifyPageData.groovy:30)
	at pk_Functions.CS_VerifyPageData.invokeMethod(CS_VerifyPageData.groovy)
	at com.kms.katalon.core.main.CustomKeywordDelegatingMetaClass.invokeStaticMethod(CustomKeywordDelegatingMetaClass.java:49)
	at TC_Update.run(TC_Update:42)
	at com.kms.katalon.core.main.ScriptEngine.run(ScriptEngine.java:194)
	at com.kms.katalon.core.main.ScriptEngine.runScriptAsRawText(ScriptEngine.java:119)
	at com.kms.katalon.core.main.TestCaseExecutor.runScript(TestCaseExecutor.java:328)
	at com.kms.katalon.core.main.TestCaseExecutor.doExecute(TestCaseExecutor.java:319)
	at com.kms.katalon.core.main.TestCaseExecutor.processExecutionPhase(TestCaseExecutor.java:298)
	at com.kms.katalon.core.main.TestCaseExecutor.accessMainPhase(TestCaseExecutor.java:290)
	at com.kms.katalon.core.main.TestCaseExecutor.execute(TestCaseExecutor.java:224)
	at com.kms.katalon.core.main.TestSuiteExecutor.accessTestCaseMainPhase(TestSuiteExecutor.java:129)
	at com.kms.katalon.core.main.TestSuiteExecutor.accessTestSuiteMainPhase(TestSuiteExecutor.java:112)
	at com.kms.katalon.core.main.TestSuiteExecutor.execute(TestSuiteExecutor.java:81)
	at com.kms.katalon.core.main.TestCaseMain.startTestSuite(TestCaseMain.java:149)
	at com.kms.katalon.core.main.TestCaseMain$startTestSuite$0.call(Unknown Source)
	at TempTestSuite1548146877656.run(TempTestSuite1548146877656.groovy:36)


2019-01-22 10:48:59 - [MESSAGE][ERROR] - Invalid column index 3 for test data '\\192.168.0.125\c$\ejadaipo\ipomsfroot\TestAuto\Ebtehal\Event Managemnt Group\EventManagementGPUpdate_ObjectRepository.xlsx'. Column index must be between 1..1

2019-01-22 10:48:59 - [MESSAGE][ERROR] - pk_Functions.CS_VerifyPageData.CheckMatching("Event Group Management/EventManagementGPUpdate_ObjectRepository", "Sheet2", "Event Group Management/EventManagemntGPUpdate_Data1") FAILED.
Reason:
java.lang.IllegalArgumentException: Invalid column index 3 for test data '\\192.168.0.125\c$\ejadaipo\ipomsfroot\TestAuto\Ebtehal\Event Managemnt Group\EventManagementGPUpdate_ObjectRepository.xlsx'. Column index must be between 1..1
	at com.kms.katalon.core.testdata.AbstractTestData.verifyColumnIndex(AbstractTestData.java:57)
	at com.kms.katalon.core.testdata.AbstractTestData.getObjectValue(AbstractTestData.java:115)
	at com.kms.katalon.core.testdata.AbstractTestData.getValue(AbstractTestData.java:89)
	at com.kms.katalon.core.testdata.TestData$getValue$0.call(Unknown Source)
	at pk_Functions.CS_AllPageObject.AllPageObjectFun(CS_AllPageObject.groovy:61)
	at pk_Functions.CS_AllPageObject$AllPageObjectFun.call(Unknown Source)
	at pk_Functions.CS_VerifyPageData.CheckMatching(CS_VerifyPageData.groovy:30)
	at pk_Functions.CS_VerifyPageData.invokeMethod(CS_VerifyPageData.groovy)
	at com.kms.katalon.core.main.CustomKeywordDelegatingMetaClass.invokeStaticMethod(CustomKeywordDelegatingMetaClass.java:49)
	at TC_Update.run(TC_Update:42)
	at com.kms.katalon.core.main.ScriptEngine.run(ScriptEngine.java:194)
	at com.kms.katalon.core.main.ScriptEngine.runScriptAsRawText(ScriptEngine.java:119)
	at com.kms.katalon.core.main.TestCaseExecutor.runScript(TestCaseExecutor.java:328)
	at com.kms.katalon.core.main.TestCaseExecutor.doExecute(TestCaseExecutor.java:319)
	at com.kms.katalon.core.main.TestCaseExecutor.processExecutionPhase(TestCaseExecutor.java:298)
	at com.kms.katalon.core.main.TestCaseExecutor.accessMainPhase(TestCaseExecutor.java:290)
	at com.kms.katalon.core.main.TestCaseExecutor.execute(TestCaseExecutor.java:224)
	at com.kms.katalon.core.main.TestSuiteExecutor.accessTestCaseMainPhase(TestSuiteExecutor.java:129)
	at com.kms.katalon.core.main.TestSuiteExecutor.accessTestSuiteMainPhase(TestSuiteExecutor.java:112)
	at com.kms.katalon.core.main.TestSuiteExecutor.execute(TestSuiteExecutor.java:81)
	at com.kms.katalon.core.main.TestCaseMain.startTestSuite(TestCaseMain.java:149)
	at com.kms.katalon.core.main.TestCaseMain$startTestSuite$0.call(Unknown Source)
	at TempTestSuite1548146877656.run(TempTestSuite1548146877656.groovy:36)]]></system-out>
         <system-err><![CDATA[2019-01-22 10:48:00 - [TEST_CASE][ERROR] - Test Cases/Event Group Management/TC_Update: Test Cases/Event Group Management/TC_Update FAILED.
Reason:
java.lang.IllegalArgumentException: Invalid column index 3 for test data '\\192.168.0.125\c$\ejadaipo\ipomsfroot\TestAuto\Ebtehal\Event Managemnt Group\EventManagementGPUpdate_ObjectRepository.xlsx'. Column index must be between 1..1
	at com.kms.katalon.core.testdata.AbstractTestData.verifyColumnIndex(AbstractTestData.java:57)
	at com.kms.katalon.core.testdata.AbstractTestData.getObjectValue(AbstractTestData.java:115)
	at com.kms.katalon.core.testdata.AbstractTestData.getValue(AbstractTestData.java:89)
	at com.kms.katalon.core.testdata.TestData$getValue$0.call(Unknown Source)
	at pk_Functions.CS_AllPageObject.AllPageObjectFun(CS_AllPageObject.groovy:61)
	at pk_Functions.CS_AllPageObject$AllPageObjectFun.call(Unknown Source)
	at pk_Functions.CS_VerifyPageData.CheckMatching(CS_VerifyPageData.groovy:30)
	at pk_Functions.CS_VerifyPageData.invokeMethod(CS_VerifyPageData.groovy)
	at com.kms.katalon.core.main.CustomKeywordDelegatingMetaClass.invokeStaticMethod(CustomKeywordDelegatingMetaClass.java:49)
	at TC_Update.run(TC_Update:42)
	at com.kms.katalon.core.main.ScriptEngine.run(ScriptEngine.java:194)
	at com.kms.katalon.core.main.ScriptEngine.runScriptAsRawText(ScriptEngine.java:119)
	at com.kms.katalon.core.main.TestCaseExecutor.runScript(TestCaseExecutor.java:328)
	at com.kms.katalon.core.main.TestCaseExecutor.doExecute(TestCaseExecutor.java:319)
	at com.kms.katalon.core.main.TestCaseExecutor.processExecutionPhase(TestCaseExecutor.java:298)
	at com.kms.katalon.core.main.TestCaseExecutor.accessMainPhase(TestCaseExecutor.java:290)
	at com.kms.katalon.core.main.TestCaseExecutor.execute(TestCaseExecutor.java:224)
	at com.kms.katalon.core.main.TestSuiteExecutor.accessTestCaseMainPhase(TestSuiteExecutor.java:129)
	at com.kms.katalon.core.main.TestSuiteExecutor.accessTestSuiteMainPhase(TestSuiteExecutor.java:112)
	at com.kms.katalon.core.main.TestSuiteExecutor.execute(TestSuiteExecutor.java:81)
	at com.kms.katalon.core.main.TestCaseMain.startTestSuite(TestCaseMain.java:149)
	at com.kms.katalon.core.main.TestCaseMain$startTestSuite$0.call(Unknown Source)
	at TempTestSuite1548146877656.run(TempTestSuite1548146877656.groovy:36)]]></system-err>
      </testcase>
      <system-out><![CDATA[2019-01-22 10:48:00 - [TEST_SUITE][ERROR] - TS_Event Group Management: Test Cases/Event Group Management/TC_Update FAILED.
Reason:
java.lang.IllegalArgumentException: Invalid column index 3 for test data '\\192.168.0.125\c$\ejadaipo\ipomsfroot\TestAuto\Ebtehal\Event Managemnt Group\EventManagementGPUpdate_ObjectRepository.xlsx'. Column index must be between 1..1
	at com.kms.katalon.core.testdata.AbstractTestData.verifyColumnIndex(AbstractTestData.java:57)
	at com.kms.katalon.core.testdata.AbstractTestData.getObjectValue(AbstractTestData.java:115)
	at com.kms.katalon.core.testdata.AbstractTestData.getValue(AbstractTestData.java:89)
	at com.kms.katalon.core.testdata.TestData$getValue$0.call(Unknown Source)
	at pk_Functions.CS_AllPageObject.AllPageObjectFun(CS_AllPageObject.groovy:61)
	at pk_Functions.CS_AllPageObject$AllPageObjectFun.call(Unknown Source)
	at pk_Functions.CS_VerifyPageData.CheckMatching(CS_VerifyPageData.groovy:30)
	at pk_Functions.CS_VerifyPageData.invokeMethod(CS_VerifyPageData.groovy)
	at com.kms.katalon.core.main.CustomKeywordDelegatingMetaClass.invokeStaticMethod(CustomKeywordDelegatingMetaClass.java:49)
	at TC_Update.run(TC_Update:42)
	at com.kms.katalon.core.main.ScriptEngine.run(ScriptEngine.java:194)
	at com.kms.katalon.core.main.ScriptEngine.runScriptAsRawText(ScriptEngine.java:119)
	at com.kms.katalon.core.main.TestCaseExecutor.runScript(TestCaseExecutor.java:328)
	at com.kms.katalon.core.main.TestCaseExecutor.doExecute(TestCaseExecutor.java:319)
	at com.kms.katalon.core.main.TestCaseExecutor.processExecutionPhase(TestCaseExecutor.java:298)
	at com.kms.katalon.core.main.TestCaseExecutor.accessMainPhase(TestCaseExecutor.java:290)
	at com.kms.katalon.core.main.TestCaseExecutor.execute(TestCaseExecutor.java:224)
	at com.kms.katalon.core.main.TestSuiteExecutor.accessTestCaseMainPhase(TestSuiteExecutor.java:129)
	at com.kms.katalon.core.main.TestSuiteExecutor.accessTestSuiteMainPhase(TestSuiteExecutor.java:112)
	at com.kms.katalon.core.main.TestSuiteExecutor.execute(TestSuiteExecutor.java:81)
	at com.kms.katalon.core.main.TestCaseMain.startTestSuite(TestCaseMain.java:149)
	at com.kms.katalon.core.main.TestCaseMain$startTestSuite$0.call(Unknown Source)
	at TempTestSuite1548146877656.run(TempTestSuite1548146877656.groovy:36)]]></system-out>
      <system-err><![CDATA[2019-01-22 10:48:00 - [TEST_SUITE][ERROR] - TS_Event Group Management: Test Cases/Event Group Management/TC_Update FAILED.
Reason:
java.lang.IllegalArgumentException: Invalid column index 3 for test data '\\192.168.0.125\c$\ejadaipo\ipomsfroot\TestAuto\Ebtehal\Event Managemnt Group\EventManagementGPUpdate_ObjectRepository.xlsx'. Column index must be between 1..1
	at com.kms.katalon.core.testdata.AbstractTestData.verifyColumnIndex(AbstractTestData.java:57)
	at com.kms.katalon.core.testdata.AbstractTestData.getObjectValue(AbstractTestData.java:115)
	at com.kms.katalon.core.testdata.AbstractTestData.getValue(AbstractTestData.java:89)
	at com.kms.katalon.core.testdata.TestData$getValue$0.call(Unknown Source)
	at pk_Functions.CS_AllPageObject.AllPageObjectFun(CS_AllPageObject.groovy:61)
	at pk_Functions.CS_AllPageObject$AllPageObjectFun.call(Unknown Source)
	at pk_Functions.CS_VerifyPageData.CheckMatching(CS_VerifyPageData.groovy:30)
	at pk_Functions.CS_VerifyPageData.invokeMethod(CS_VerifyPageData.groovy)
	at com.kms.katalon.core.main.CustomKeywordDelegatingMetaClass.invokeStaticMethod(CustomKeywordDelegatingMetaClass.java:49)
	at TC_Update.run(TC_Update:42)
	at com.kms.katalon.core.main.ScriptEngine.run(ScriptEngine.java:194)
	at com.kms.katalon.core.main.ScriptEngine.runScriptAsRawText(ScriptEngine.java:119)
	at com.kms.katalon.core.main.TestCaseExecutor.runScript(TestCaseExecutor.java:328)
	at com.kms.katalon.core.main.TestCaseExecutor.doExecute(TestCaseExecutor.java:319)
	at com.kms.katalon.core.main.TestCaseExecutor.processExecutionPhase(TestCaseExecutor.java:298)
	at com.kms.katalon.core.main.TestCaseExecutor.accessMainPhase(TestCaseExecutor.java:290)
	at com.kms.katalon.core.main.TestCaseExecutor.execute(TestCaseExecutor.java:224)
	at com.kms.katalon.core.main.TestSuiteExecutor.accessTestCaseMainPhase(TestSuiteExecutor.java:129)
	at com.kms.katalon.core.main.TestSuiteExecutor.accessTestSuiteMainPhase(TestSuiteExecutor.java:112)
	at com.kms.katalon.core.main.TestSuiteExecutor.execute(TestSuiteExecutor.java:81)
	at com.kms.katalon.core.main.TestCaseMain.startTestSuite(TestCaseMain.java:149)
	at com.kms.katalon.core.main.TestCaseMain$startTestSuite$0.call(Unknown Source)
	at TempTestSuite1548146877656.run(TempTestSuite1548146877656.groovy:36)]]></system-err>
   </testsuite>
</testsuites>
