<?xml version="1.0" encoding="UTF-8"?>
<testsuites name="TS_ClickUpdate_Delete" time="44" tests="1" failures="0" errors="16">
   <testsuite name="TS_ClickUpdate_Delete" tests="1" failures="0" errors="16" time="44" timestamp="2019-01-31 15:21:11" hostname="Ebtehal Gamal Yusuf - LPALXY0199.ejadaalex.local" id="Test Suites/Event Group Management/TS_ClickUpdate_Delete">
      <properties>
         <property name="deviceName" value=""/>
         <property name="devicePlatform" value=""/>
         <property name="logFolder" value="C:\\Users\\Administrator\\git\\MOF\\Reports\\Event Group Management\\TS_ClickUpdate_Delete\\20190131_152108"/>
         <property name="logFiles" value="C:\\Users\\Administrator\\git\\MOF\\Reports\\Event Group Management\\TS_ClickUpdate_Delete\\20190131_152108\\execution0.log"/>
         <property name="attachments" value=""/>
         <property name="hostName" value="Ebtehal Gamal Yusuf - LPALXY0199.ejadaalex.local"/>
         <property name="os" value="Windows 7 64bit"/>
         <property name="katalonVersion" value="5.10.1.1"/>
         <property name="browser" value="Chrome 71.0.3578.98"/>
         <property name="hostAddress" value="192.168.3.51"/>
         <property name="sessionId" value="afdbaa5f0eac9936fa1649ef551be700"/>
         <property name="seleniumVersion" value="3.7.1"/>
         <property name="proxyInformation" value="ProxyInformation{proxyOption=NO_PROXY, proxyServerType=HTTP, password=, proxyServerAddress=, proxyServerPort=0}"/>
         <property name="platform" value="Windows 7"/>
      </properties>
      <testcase name="Test Cases/TC_Login" classname="Test Cases/TC_Login" status="PASSED">
         <system-out><![CDATA[2019-01-31 15:21:12 - [TEST_CASE][PASSED] - Test Cases/TC_Login: Test Cases/TC_Login

2019-01-31 15:21:12 - [TEST_STEP][PASSED] - pk_Functions.CS_Login.LoginFun(findTestObject(null), "http://192.168.0.190:8080/mof/#/", findTestObject("Login/Username"), findTestObject("Login/Password"), "AAttia", "123", findTestObject("Login/Login")): pk_Functions.CS_Login.LoginFun is PASSED

2019-01-31 15:21:12 - [MESSAGE][WARNING] - Test object id is null

2019-01-31 15:21:13 - [MESSAGE][INFO] - Starting 'Chrome' driver

2019-01-31 15:21:13 - [MESSAGE][INFO] - Action delay is set to 0 seconds

2019-01-31 15:21:31 - [MESSAGE][PASSED] - Browser is opened with url: 'http://192.168.0.190:8080/mof/#/'

2019-01-31 15:21:31 - [MESSAGE][PASSED] - Text 'AAttia' is set on object 'Object Repository/Login/Username'

2019-01-31 15:21:31 - [MESSAGE][PASSED] - Text '123' is set on object 'Object Repository/Login/Password'

2019-01-31 15:21:31 - [MESSAGE][PASSED] - Object: 'Object Repository/Login/Login' is clicked on

2019-01-31 15:21:31 - [MESSAGE][PASSED] - pk_Functions.CS_Login.LoginFun is PASSED

2019-01-31 15:21:31 - [TEST_STEP][PASSED] - click(findTestObject("NE_SideMenu")): Object: 'Object Repository/NE_SideMenu' is clicked on

2019-01-31 15:21:33 - [MESSAGE][PASSED] - Object: 'Object Repository/NE_SideMenu' is clicked on

2019-01-31 15:21:33 - [TEST_STEP][PASSED] - click(findTestObject("NE_EventGroupManagement")): Object: 'Object Repository/NE_EventGroupManagement' is clicked on

2019-01-31 15:21:33 - [MESSAGE][PASSED] - Object: 'Object Repository/NE_EventGroupManagement' is clicked on

2019-01-31 15:21:33 - [TEST_STEP][PASSED] - click(findTestObject("Event Group Managemnt/BTN_Search")): Object: 'Object Repository/Event Group Managemnt/BTN_Search' is clicked on

2019-01-31 15:21:34 - [MESSAGE][PASSED] - Object: 'Object Repository/Event Group Managemnt/BTN_Search' is clicked on]]></system-out>
         <system-err><![CDATA[]]></system-err>
      </testcase>
      <testcase name="Test Cases/Event Group Management/TC_Update and Delete test" classname="Test Cases/Event Group Management/TC_Update and Delete test" status="ERROR">
         <error type="ERROR" message="Test Cases/Event Group Management/TC_Update and Delete test FAILED.
Reason:
java.lang.IllegalArgumentException: Cannot find test data with id 'Data Files/MOF_NE_Event Group ManagementObjectRepository' because (of) 'java.lang.IllegalArgumentException: Test data with id 'Data Files/MOF_NE_Event Group ManagementObjectRepository' does not exist'
	at com.kms.katalon.core.testdata.TestDataFactory.findTestData(TestDataFactory.java:122)
	at com.kms.katalon.core.testdata.TestDataFactory$findTestData.callStatic(Unknown Source)
	at pk_Functions.CS_ClickingonUpdateorDeletebutton.SelectRecordFromWebtableFun(CS_ClickingonUpdateorDeletebutton.groovy:68)
	at pk_Functions.CS_ClickingonUpdateorDeletebutton.invokeMethod(CS_ClickingonUpdateorDeletebutton.groovy)
	at com.kms.katalon.core.main.CustomKeywordDelegatingMetaClass.invokeStaticMethod(CustomKeywordDelegatingMetaClass.java:49)
	at TC_Update and Delete test.run(TC_Update and Delete test:38)
	at com.kms.katalon.core.main.ScriptEngine.run(ScriptEngine.java:194)
	at com.kms.katalon.core.main.ScriptEngine.runScriptAsRawText(ScriptEngine.java:119)
	at com.kms.katalon.core.main.TestCaseExecutor.runScript(TestCaseExecutor.java:328)
	at com.kms.katalon.core.main.TestCaseExecutor.doExecute(TestCaseExecutor.java:319)
	at com.kms.katalon.core.main.TestCaseExecutor.processExecutionPhase(TestCaseExecutor.java:298)
	at com.kms.katalon.core.main.TestCaseExecutor.accessMainPhase(TestCaseExecutor.java:290)
	at com.kms.katalon.core.main.TestCaseExecutor.execute(TestCaseExecutor.java:224)
	at com.kms.katalon.core.main.TestSuiteExecutor.accessTestCaseMainPhase(TestSuiteExecutor.java:129)
	at com.kms.katalon.core.main.TestSuiteExecutor.accessTestSuiteMainPhase(TestSuiteExecutor.java:112)
	at com.kms.katalon.core.main.TestSuiteExecutor.execute(TestSuiteExecutor.java:81)
	at com.kms.katalon.core.main.TestCaseMain.startTestSuite(TestCaseMain.java:149)
	at com.kms.katalon.core.main.TestCaseMain$startTestSuite$0.call(Unknown Source)
	at TempTestSuite1548940868214.run(TempTestSuite1548940868214.groovy:36)
"/>
         <system-out><![CDATA[2019-01-31 15:21:34 - [TEST_CASE][ERROR] - Test Cases/Event Group Management/TC_Update and Delete test: Test Cases/Event Group Management/TC_Update and Delete test FAILED.
Reason:
java.lang.IllegalArgumentException: Cannot find test data with id 'Data Files/MOF_NE_Event Group ManagementObjectRepository' because (of) 'java.lang.IllegalArgumentException: Test data with id 'Data Files/MOF_NE_Event Group ManagementObjectRepository' does not exist'
	at com.kms.katalon.core.testdata.TestDataFactory.findTestData(TestDataFactory.java:122)
	at com.kms.katalon.core.testdata.TestDataFactory$findTestData.callStatic(Unknown Source)
	at pk_Functions.CS_ClickingonUpdateorDeletebutton.SelectRecordFromWebtableFun(CS_ClickingonUpdateorDeletebutton.groovy:68)
	at pk_Functions.CS_ClickingonUpdateorDeletebutton.invokeMethod(CS_ClickingonUpdateorDeletebutton.groovy)
	at com.kms.katalon.core.main.CustomKeywordDelegatingMetaClass.invokeStaticMethod(CustomKeywordDelegatingMetaClass.java:49)
	at TC_Update and Delete test.run(TC_Update and Delete test:38)
	at com.kms.katalon.core.main.ScriptEngine.run(ScriptEngine.java:194)
	at com.kms.katalon.core.main.ScriptEngine.runScriptAsRawText(ScriptEngine.java:119)
	at com.kms.katalon.core.main.TestCaseExecutor.runScript(TestCaseExecutor.java:328)
	at com.kms.katalon.core.main.TestCaseExecutor.doExecute(TestCaseExecutor.java:319)
	at com.kms.katalon.core.main.TestCaseExecutor.processExecutionPhase(TestCaseExecutor.java:298)
	at com.kms.katalon.core.main.TestCaseExecutor.accessMainPhase(TestCaseExecutor.java:290)
	at com.kms.katalon.core.main.TestCaseExecutor.execute(TestCaseExecutor.java:224)
	at com.kms.katalon.core.main.TestSuiteExecutor.accessTestCaseMainPhase(TestSuiteExecutor.java:129)
	at com.kms.katalon.core.main.TestSuiteExecutor.accessTestSuiteMainPhase(TestSuiteExecutor.java:112)
	at com.kms.katalon.core.main.TestSuiteExecutor.execute(TestSuiteExecutor.java:81)
	at com.kms.katalon.core.main.TestCaseMain.startTestSuite(TestCaseMain.java:149)
	at com.kms.katalon.core.main.TestCaseMain$startTestSuite$0.call(Unknown Source)
	at TempTestSuite1548940868214.run(TempTestSuite1548940868214.groovy:36)


2019-01-31 15:21:35 - [TEST_STEP][NOT_RUN] - pk_Functions.CS_Login.LoginFun(findTestObject(null), "http://192.168.0.190:8080/mof/#/", findTestObject("Login/Username"), findTestObject("Login/Password"), "AAttia", "123", findTestObject("Login/Login")): NOT_RUN: pk_Functions.CS_Login.LoginFun(findTestObject(null), "http://192.168.0.190:8080/mof/#/", findTestObject("Login/Username"), findTestObject("Login/Password"), "AAttia", "123", findTestObject("Login/Login"))

2019-01-31 15:21:35 - [MESSAGE][NOT_RUN] - NOT_RUN: pk_Functions.CS_Login.LoginFun(findTestObject(null), "http://192.168.0.190:8080/mof/#/", findTestObject("Login/Username"), findTestObject("Login/Password"), "AAttia", "123", findTestObject("Login/Login"))

2019-01-31 15:21:35 - [TEST_STEP][NOT_RUN] - click(findTestObject("NE_SideMenu")): NOT_RUN: click(findTestObject("NE_SideMenu"))

2019-01-31 15:21:35 - [MESSAGE][NOT_RUN] - NOT_RUN: click(findTestObject("NE_SideMenu"))

2019-01-31 15:21:35 - [TEST_STEP][NOT_RUN] - click(findTestObject("NE_EventGroupManagement")): NOT_RUN: click(findTestObject("NE_EventGroupManagement"))

2019-01-31 15:21:35 - [MESSAGE][NOT_RUN] - NOT_RUN: click(findTestObject("NE_EventGroupManagement"))

2019-01-31 15:21:35 - [TEST_STEP][PASSED] - delay(1): Delayed 1 second(s)

2019-01-31 15:21:36 - [MESSAGE][PASSED] - Delayed 1 second(s)

2019-01-31 15:21:36 - [TEST_STEP][NOT_RUN] - pk_Functions.CS_ClickingonUpdateorDeletebutton.SelectRecordFromWebtableFun("Event Group Management/MOF_NE_Event Group ManagementData", "Sheet1"): NOT_RUN: pk_Functions.CS_ClickingonUpdateorDeletebutton.SelectRecordFromWebtableFun("Event Group Management/MOF_NE_Event Group ManagementData", "Sheet1")

2019-01-31 15:21:36 - [MESSAGE][NOT_RUN] - NOT_RUN: pk_Functions.CS_ClickingonUpdateorDeletebutton.SelectRecordFromWebtableFun("Event Group Management/MOF_NE_Event Group ManagementData", "Sheet1")

2019-01-31 15:21:36 - [TEST_STEP][NOT_RUN] - pk_Functions.CS_ClickingonUpdateorDeletebutton.SelectRecordFromWebtableFun("", 0, 3, 2, "Event Group Management/MOF_NE_Event Group ManagementObjectRepository", "Sheet1", "Event Group Management/MOF_NE_Event Group ManagementData", "Sheet1"): NOT_RUN: pk_Functions.CS_ClickingonUpdateorDeletebutton.SelectRecordFromWebtableFun("", 0, 3, 2, "Event Group Management/MOF_NE_Event Group ManagementObjectRepository", "Sheet1", "Event Group Management/MOF_NE_Event Group ManagementData", "Sheet1")

2019-01-31 15:21:36 - [MESSAGE][NOT_RUN] - NOT_RUN: pk_Functions.CS_ClickingonUpdateorDeletebutton.SelectRecordFromWebtableFun("", 0, 3, 2, "Event Group Management/MOF_NE_Event Group ManagementObjectRepository", "Sheet1", "Event Group Management/MOF_NE_Event Group ManagementData", "Sheet1")

2019-01-31 15:21:36 - [TEST_STEP][NOT_RUN] - pk_Functions.CS_SpecificPageData.DataFun(["Arabic Description", "English Description"], "Event Group Management/MOF_NE_Event Group ManagementObjectRepository", "Sheet1", [ArabicDescription, EnglishDescription]): NOT_RUN: pk_Functions.CS_SpecificPageData.DataFun(["Arabic Description", "English Description"], "Event Group Management/MOF_NE_Event Group ManagementObjectRepository", "Sheet1", [ArabicDescription, EnglishDescription])

2019-01-31 15:21:36 - [MESSAGE][NOT_RUN] - NOT_RUN: pk_Functions.CS_SpecificPageData.DataFun(["Arabic Description", "English Description"], "Event Group Management/MOF_NE_Event Group ManagementObjectRepository", "Sheet1", [ArabicDescription, EnglishDescription])

2019-01-31 15:21:36 - [TEST_STEP][NOT_RUN] - click(findTestObject("Event Group Managemnt/BTN_Save")): NOT_RUN: click(findTestObject("Event Group Managemnt/BTN_Save"))

2019-01-31 15:21:36 - [MESSAGE][NOT_RUN] - NOT_RUN: click(findTestObject("Event Group Managemnt/BTN_Save"))

2019-01-31 15:21:36 - [TEST_STEP][NOT_RUN] - click(findTestObject("Event Group Managemnt/BTN_Back")): NOT_RUN: click(findTestObject("Event Group Managemnt/BTN_Back"))

2019-01-31 15:21:36 - [MESSAGE][NOT_RUN] - NOT_RUN: click(findTestObject("Event Group Managemnt/BTN_Back"))

2019-01-31 15:21:36 - [TEST_STEP][ERROR] - pk_Functions.CS_ClickingonUpdateorDeletebutton.SelectRecordFromWebtableFun(ActionType, 0, 3, "MOF_NE_Event Group ManagementObjectRepository", "Sheet1", "Event Group Management/MOF_NE_Event Group ManagementData", "Sheet1", Code): pk_Functions.CS_ClickingonUpdateorDeletebutton.SelectRecordFromWebtableFun(ActionType, 0, 3, "MOF_NE_Event Group ManagementObjectRepository", "Sheet1", "Event Group Management/MOF_NE_Event Group ManagementData", "Sheet1", Code) FAILED.
Reason:
java.lang.IllegalArgumentException: Cannot find test data with id 'Data Files/MOF_NE_Event Group ManagementObjectRepository' because (of) 'java.lang.IllegalArgumentException: Test data with id 'Data Files/MOF_NE_Event Group ManagementObjectRepository' does not exist'
	at com.kms.katalon.core.testdata.TestDataFactory.findTestData(TestDataFactory.java:122)
	at com.kms.katalon.core.testdata.TestDataFactory$findTestData.callStatic(Unknown Source)
	at pk_Functions.CS_ClickingonUpdateorDeletebutton.SelectRecordFromWebtableFun(CS_ClickingonUpdateorDeletebutton.groovy:68)
	at pk_Functions.CS_ClickingonUpdateorDeletebutton.invokeMethod(CS_ClickingonUpdateorDeletebutton.groovy)
	at com.kms.katalon.core.main.CustomKeywordDelegatingMetaClass.invokeStaticMethod(CustomKeywordDelegatingMetaClass.java:49)
	at TC_Update and Delete test.run(TC_Update and Delete test:38)
	at com.kms.katalon.core.main.ScriptEngine.run(ScriptEngine.java:194)
	at com.kms.katalon.core.main.ScriptEngine.runScriptAsRawText(ScriptEngine.java:119)
	at com.kms.katalon.core.main.TestCaseExecutor.runScript(TestCaseExecutor.java:328)
	at com.kms.katalon.core.main.TestCaseExecutor.doExecute(TestCaseExecutor.java:319)
	at com.kms.katalon.core.main.TestCaseExecutor.processExecutionPhase(TestCaseExecutor.java:298)
	at com.kms.katalon.core.main.TestCaseExecutor.accessMainPhase(TestCaseExecutor.java:290)
	at com.kms.katalon.core.main.TestCaseExecutor.execute(TestCaseExecutor.java:224)
	at com.kms.katalon.core.main.TestSuiteExecutor.accessTestCaseMainPhase(TestSuiteExecutor.java:129)
	at com.kms.katalon.core.main.TestSuiteExecutor.accessTestSuiteMainPhase(TestSuiteExecutor.java:112)
	at com.kms.katalon.core.main.TestSuiteExecutor.execute(TestSuiteExecutor.java:81)
	at com.kms.katalon.core.main.TestCaseMain.startTestSuite(TestCaseMain.java:149)
	at com.kms.katalon.core.main.TestCaseMain$startTestSuite$0.call(Unknown Source)
	at TempTestSuite1548940868214.run(TempTestSuite1548940868214.groovy:36)


2019-01-31 15:21:36 - [MESSAGE][ERROR] - Cannot find test data with id 'Data Files/MOF_NE_Event Group ManagementObjectRepository' because (of) 'java.lang.IllegalArgumentException: Test data with id 'Data Files/MOF_NE_Event Group ManagementObjectRepository' does not exist'

2019-01-31 15:21:36 - [MESSAGE][ERROR] - pk_Functions.CS_ClickingonUpdateorDeletebutton.SelectRecordFromWebtableFun(ActionType, 0, 3, "MOF_NE_Event Group ManagementObjectRepository", "Sheet1", "Event Group Management/MOF_NE_Event Group ManagementData", "Sheet1", Code) FAILED.
Reason:
java.lang.IllegalArgumentException: Cannot find test data with id 'Data Files/MOF_NE_Event Group ManagementObjectRepository' because (of) 'java.lang.IllegalArgumentException: Test data with id 'Data Files/MOF_NE_Event Group ManagementObjectRepository' does not exist'
	at com.kms.katalon.core.testdata.TestDataFactory.findTestData(TestDataFactory.java:122)
	at com.kms.katalon.core.testdata.TestDataFactory$findTestData.callStatic(Unknown Source)
	at pk_Functions.CS_ClickingonUpdateorDeletebutton.SelectRecordFromWebtableFun(CS_ClickingonUpdateorDeletebutton.groovy:68)
	at pk_Functions.CS_ClickingonUpdateorDeletebutton.invokeMethod(CS_ClickingonUpdateorDeletebutton.groovy)
	at com.kms.katalon.core.main.CustomKeywordDelegatingMetaClass.invokeStaticMethod(CustomKeywordDelegatingMetaClass.java:49)
	at TC_Update and Delete test.run(TC_Update and Delete test:38)
	at com.kms.katalon.core.main.ScriptEngine.run(ScriptEngine.java:194)
	at com.kms.katalon.core.main.ScriptEngine.runScriptAsRawText(ScriptEngine.java:119)
	at com.kms.katalon.core.main.TestCaseExecutor.runScript(TestCaseExecutor.java:328)
	at com.kms.katalon.core.main.TestCaseExecutor.doExecute(TestCaseExecutor.java:319)
	at com.kms.katalon.core.main.TestCaseExecutor.processExecutionPhase(TestCaseExecutor.java:298)
	at com.kms.katalon.core.main.TestCaseExecutor.accessMainPhase(TestCaseExecutor.java:290)
	at com.kms.katalon.core.main.TestCaseExecutor.execute(TestCaseExecutor.java:224)
	at com.kms.katalon.core.main.TestSuiteExecutor.accessTestCaseMainPhase(TestSuiteExecutor.java:129)
	at com.kms.katalon.core.main.TestSuiteExecutor.accessTestSuiteMainPhase(TestSuiteExecutor.java:112)
	at com.kms.katalon.core.main.TestSuiteExecutor.execute(TestSuiteExecutor.java:81)
	at com.kms.katalon.core.main.TestCaseMain.startTestSuite(TestCaseMain.java:149)
	at com.kms.katalon.core.main.TestCaseMain$startTestSuite$0.call(Unknown Source)
	at TempTestSuite1548940868214.run(TempTestSuite1548940868214.groovy:36)]]></system-out>
         <system-err><![CDATA[2019-01-31 15:21:34 - [TEST_CASE][ERROR] - Test Cases/Event Group Management/TC_Update and Delete test: Test Cases/Event Group Management/TC_Update and Delete test FAILED.
Reason:
java.lang.IllegalArgumentException: Cannot find test data with id 'Data Files/MOF_NE_Event Group ManagementObjectRepository' because (of) 'java.lang.IllegalArgumentException: Test data with id 'Data Files/MOF_NE_Event Group ManagementObjectRepository' does not exist'
	at com.kms.katalon.core.testdata.TestDataFactory.findTestData(TestDataFactory.java:122)
	at com.kms.katalon.core.testdata.TestDataFactory$findTestData.callStatic(Unknown Source)
	at pk_Functions.CS_ClickingonUpdateorDeletebutton.SelectRecordFromWebtableFun(CS_ClickingonUpdateorDeletebutton.groovy:68)
	at pk_Functions.CS_ClickingonUpdateorDeletebutton.invokeMethod(CS_ClickingonUpdateorDeletebutton.groovy)
	at com.kms.katalon.core.main.CustomKeywordDelegatingMetaClass.invokeStaticMethod(CustomKeywordDelegatingMetaClass.java:49)
	at TC_Update and Delete test.run(TC_Update and Delete test:38)
	at com.kms.katalon.core.main.ScriptEngine.run(ScriptEngine.java:194)
	at com.kms.katalon.core.main.ScriptEngine.runScriptAsRawText(ScriptEngine.java:119)
	at com.kms.katalon.core.main.TestCaseExecutor.runScript(TestCaseExecutor.java:328)
	at com.kms.katalon.core.main.TestCaseExecutor.doExecute(TestCaseExecutor.java:319)
	at com.kms.katalon.core.main.TestCaseExecutor.processExecutionPhase(TestCaseExecutor.java:298)
	at com.kms.katalon.core.main.TestCaseExecutor.accessMainPhase(TestCaseExecutor.java:290)
	at com.kms.katalon.core.main.TestCaseExecutor.execute(TestCaseExecutor.java:224)
	at com.kms.katalon.core.main.TestSuiteExecutor.accessTestCaseMainPhase(TestSuiteExecutor.java:129)
	at com.kms.katalon.core.main.TestSuiteExecutor.accessTestSuiteMainPhase(TestSuiteExecutor.java:112)
	at com.kms.katalon.core.main.TestSuiteExecutor.execute(TestSuiteExecutor.java:81)
	at com.kms.katalon.core.main.TestCaseMain.startTestSuite(TestCaseMain.java:149)
	at com.kms.katalon.core.main.TestCaseMain$startTestSuite$0.call(Unknown Source)
	at TempTestSuite1548940868214.run(TempTestSuite1548940868214.groovy:36)]]></system-err>
      </testcase>
      <testcase name="Test Cases/Event Group Management/TC_Update and Delete test" classname="Test Cases/Event Group Management/TC_Update and Delete test" status="ERROR">
         <error type="ERROR" message="Test Cases/Event Group Management/TC_Update and Delete test FAILED.
Reason:
java.lang.IllegalArgumentException: Cannot find test data with id 'Data Files/MOF_NE_Event Group ManagementObjectRepository' because (of) 'java.lang.IllegalArgumentException: Test data with id 'Data Files/MOF_NE_Event Group ManagementObjectRepository' does not exist'
	at com.kms.katalon.core.testdata.TestDataFactory.findTestData(TestDataFactory.java:122)
	at com.kms.katalon.core.testdata.TestDataFactory$findTestData.callStatic(Unknown Source)
	at pk_Functions.CS_ClickingonUpdateorDeletebutton.SelectRecordFromWebtableFun(CS_ClickingonUpdateorDeletebutton.groovy:68)
	at pk_Functions.CS_ClickingonUpdateorDeletebutton.invokeMethod(CS_ClickingonUpdateorDeletebutton.groovy)
	at com.kms.katalon.core.main.CustomKeywordDelegatingMetaClass.invokeStaticMethod(CustomKeywordDelegatingMetaClass.java:49)
	at TC_Update and Delete test.run(TC_Update and Delete test:38)
	at com.kms.katalon.core.main.ScriptEngine.run(ScriptEngine.java:194)
	at com.kms.katalon.core.main.ScriptEngine.runScriptAsRawText(ScriptEngine.java:119)
	at com.kms.katalon.core.main.TestCaseExecutor.runScript(TestCaseExecutor.java:328)
	at com.kms.katalon.core.main.TestCaseExecutor.doExecute(TestCaseExecutor.java:319)
	at com.kms.katalon.core.main.TestCaseExecutor.processExecutionPhase(TestCaseExecutor.java:298)
	at com.kms.katalon.core.main.TestCaseExecutor.accessMainPhase(TestCaseExecutor.java:290)
	at com.kms.katalon.core.main.TestCaseExecutor.execute(TestCaseExecutor.java:224)
	at com.kms.katalon.core.main.TestSuiteExecutor.accessTestCaseMainPhase(TestSuiteExecutor.java:129)
	at com.kms.katalon.core.main.TestSuiteExecutor.accessTestSuiteMainPhase(TestSuiteExecutor.java:112)
	at com.kms.katalon.core.main.TestSuiteExecutor.execute(TestSuiteExecutor.java:81)
	at com.kms.katalon.core.main.TestCaseMain.startTestSuite(TestCaseMain.java:149)
	at com.kms.katalon.core.main.TestCaseMain$startTestSuite$0.call(Unknown Source)
	at TempTestSuite1548940868214.run(TempTestSuite1548940868214.groovy:36)
"/>
         <system-out><![CDATA[2019-01-31 15:21:36 - [TEST_CASE][ERROR] - Test Cases/Event Group Management/TC_Update and Delete test: Test Cases/Event Group Management/TC_Update and Delete test FAILED.
Reason:
java.lang.IllegalArgumentException: Cannot find test data with id 'Data Files/MOF_NE_Event Group ManagementObjectRepository' because (of) 'java.lang.IllegalArgumentException: Test data with id 'Data Files/MOF_NE_Event Group ManagementObjectRepository' does not exist'
	at com.kms.katalon.core.testdata.TestDataFactory.findTestData(TestDataFactory.java:122)
	at com.kms.katalon.core.testdata.TestDataFactory$findTestData.callStatic(Unknown Source)
	at pk_Functions.CS_ClickingonUpdateorDeletebutton.SelectRecordFromWebtableFun(CS_ClickingonUpdateorDeletebutton.groovy:68)
	at pk_Functions.CS_ClickingonUpdateorDeletebutton.invokeMethod(CS_ClickingonUpdateorDeletebutton.groovy)
	at com.kms.katalon.core.main.CustomKeywordDelegatingMetaClass.invokeStaticMethod(CustomKeywordDelegatingMetaClass.java:49)
	at TC_Update and Delete test.run(TC_Update and Delete test:38)
	at com.kms.katalon.core.main.ScriptEngine.run(ScriptEngine.java:194)
	at com.kms.katalon.core.main.ScriptEngine.runScriptAsRawText(ScriptEngine.java:119)
	at com.kms.katalon.core.main.TestCaseExecutor.runScript(TestCaseExecutor.java:328)
	at com.kms.katalon.core.main.TestCaseExecutor.doExecute(TestCaseExecutor.java:319)
	at com.kms.katalon.core.main.TestCaseExecutor.processExecutionPhase(TestCaseExecutor.java:298)
	at com.kms.katalon.core.main.TestCaseExecutor.accessMainPhase(TestCaseExecutor.java:290)
	at com.kms.katalon.core.main.TestCaseExecutor.execute(TestCaseExecutor.java:224)
	at com.kms.katalon.core.main.TestSuiteExecutor.accessTestCaseMainPhase(TestSuiteExecutor.java:129)
	at com.kms.katalon.core.main.TestSuiteExecutor.accessTestSuiteMainPhase(TestSuiteExecutor.java:112)
	at com.kms.katalon.core.main.TestSuiteExecutor.execute(TestSuiteExecutor.java:81)
	at com.kms.katalon.core.main.TestCaseMain.startTestSuite(TestCaseMain.java:149)
	at com.kms.katalon.core.main.TestCaseMain$startTestSuite$0.call(Unknown Source)
	at TempTestSuite1548940868214.run(TempTestSuite1548940868214.groovy:36)


2019-01-31 15:21:36 - [TEST_STEP][NOT_RUN] - pk_Functions.CS_Login.LoginFun(findTestObject(null), "http://192.168.0.190:8080/mof/#/", findTestObject("Login/Username"), findTestObject("Login/Password"), "AAttia", "123", findTestObject("Login/Login")): NOT_RUN: pk_Functions.CS_Login.LoginFun(findTestObject(null), "http://192.168.0.190:8080/mof/#/", findTestObject("Login/Username"), findTestObject("Login/Password"), "AAttia", "123", findTestObject("Login/Login"))

2019-01-31 15:21:36 - [MESSAGE][NOT_RUN] - NOT_RUN: pk_Functions.CS_Login.LoginFun(findTestObject(null), "http://192.168.0.190:8080/mof/#/", findTestObject("Login/Username"), findTestObject("Login/Password"), "AAttia", "123", findTestObject("Login/Login"))

2019-01-31 15:21:36 - [TEST_STEP][NOT_RUN] - click(findTestObject("NE_SideMenu")): NOT_RUN: click(findTestObject("NE_SideMenu"))

2019-01-31 15:21:36 - [MESSAGE][NOT_RUN] - NOT_RUN: click(findTestObject("NE_SideMenu"))

2019-01-31 15:21:36 - [TEST_STEP][NOT_RUN] - click(findTestObject("NE_EventGroupManagement")): NOT_RUN: click(findTestObject("NE_EventGroupManagement"))

2019-01-31 15:21:36 - [MESSAGE][NOT_RUN] - NOT_RUN: click(findTestObject("NE_EventGroupManagement"))

2019-01-31 15:21:36 - [TEST_STEP][PASSED] - delay(1): Delayed 1 second(s)

2019-01-31 15:21:37 - [MESSAGE][PASSED] - Delayed 1 second(s)

2019-01-31 15:21:37 - [TEST_STEP][NOT_RUN] - pk_Functions.CS_ClickingonUpdateorDeletebutton.SelectRecordFromWebtableFun("Event Group Management/MOF_NE_Event Group ManagementData", "Sheet1"): NOT_RUN: pk_Functions.CS_ClickingonUpdateorDeletebutton.SelectRecordFromWebtableFun("Event Group Management/MOF_NE_Event Group ManagementData", "Sheet1")

2019-01-31 15:21:37 - [MESSAGE][NOT_RUN] - NOT_RUN: pk_Functions.CS_ClickingonUpdateorDeletebutton.SelectRecordFromWebtableFun("Event Group Management/MOF_NE_Event Group ManagementData", "Sheet1")

2019-01-31 15:21:37 - [TEST_STEP][NOT_RUN] - pk_Functions.CS_ClickingonUpdateorDeletebutton.SelectRecordFromWebtableFun("", 0, 3, 2, "Event Group Management/MOF_NE_Event Group ManagementObjectRepository", "Sheet1", "Event Group Management/MOF_NE_Event Group ManagementData", "Sheet1"): NOT_RUN: pk_Functions.CS_ClickingonUpdateorDeletebutton.SelectRecordFromWebtableFun("", 0, 3, 2, "Event Group Management/MOF_NE_Event Group ManagementObjectRepository", "Sheet1", "Event Group Management/MOF_NE_Event Group ManagementData", "Sheet1")

2019-01-31 15:21:37 - [MESSAGE][NOT_RUN] - NOT_RUN: pk_Functions.CS_ClickingonUpdateorDeletebutton.SelectRecordFromWebtableFun("", 0, 3, 2, "Event Group Management/MOF_NE_Event Group ManagementObjectRepository", "Sheet1", "Event Group Management/MOF_NE_Event Group ManagementData", "Sheet1")

2019-01-31 15:21:37 - [TEST_STEP][NOT_RUN] - pk_Functions.CS_SpecificPageData.DataFun(["Arabic Description", "English Description"], "Event Group Management/MOF_NE_Event Group ManagementObjectRepository", "Sheet1", [ArabicDescription, EnglishDescription]): NOT_RUN: pk_Functions.CS_SpecificPageData.DataFun(["Arabic Description", "English Description"], "Event Group Management/MOF_NE_Event Group ManagementObjectRepository", "Sheet1", [ArabicDescription, EnglishDescription])

2019-01-31 15:21:37 - [MESSAGE][NOT_RUN] - NOT_RUN: pk_Functions.CS_SpecificPageData.DataFun(["Arabic Description", "English Description"], "Event Group Management/MOF_NE_Event Group ManagementObjectRepository", "Sheet1", [ArabicDescription, EnglishDescription])

2019-01-31 15:21:37 - [TEST_STEP][NOT_RUN] - click(findTestObject("Event Group Managemnt/BTN_Save")): NOT_RUN: click(findTestObject("Event Group Managemnt/BTN_Save"))

2019-01-31 15:21:37 - [MESSAGE][NOT_RUN] - NOT_RUN: click(findTestObject("Event Group Managemnt/BTN_Save"))

2019-01-31 15:21:37 - [TEST_STEP][NOT_RUN] - click(findTestObject("Event Group Managemnt/BTN_Back")): NOT_RUN: click(findTestObject("Event Group Managemnt/BTN_Back"))

2019-01-31 15:21:37 - [MESSAGE][NOT_RUN] - NOT_RUN: click(findTestObject("Event Group Managemnt/BTN_Back"))

2019-01-31 15:21:37 - [TEST_STEP][ERROR] - pk_Functions.CS_ClickingonUpdateorDeletebutton.SelectRecordFromWebtableFun(ActionType, 0, 3, "MOF_NE_Event Group ManagementObjectRepository", "Sheet1", "Event Group Management/MOF_NE_Event Group ManagementData", "Sheet1", Code): pk_Functions.CS_ClickingonUpdateorDeletebutton.SelectRecordFromWebtableFun(ActionType, 0, 3, "MOF_NE_Event Group ManagementObjectRepository", "Sheet1", "Event Group Management/MOF_NE_Event Group ManagementData", "Sheet1", Code) FAILED.
Reason:
java.lang.IllegalArgumentException: Cannot find test data with id 'Data Files/MOF_NE_Event Group ManagementObjectRepository' because (of) 'java.lang.IllegalArgumentException: Test data with id 'Data Files/MOF_NE_Event Group ManagementObjectRepository' does not exist'
	at com.kms.katalon.core.testdata.TestDataFactory.findTestData(TestDataFactory.java:122)
	at com.kms.katalon.core.testdata.TestDataFactory$findTestData.callStatic(Unknown Source)
	at pk_Functions.CS_ClickingonUpdateorDeletebutton.SelectRecordFromWebtableFun(CS_ClickingonUpdateorDeletebutton.groovy:68)
	at pk_Functions.CS_ClickingonUpdateorDeletebutton.invokeMethod(CS_ClickingonUpdateorDeletebutton.groovy)
	at com.kms.katalon.core.main.CustomKeywordDelegatingMetaClass.invokeStaticMethod(CustomKeywordDelegatingMetaClass.java:49)
	at TC_Update and Delete test.run(TC_Update and Delete test:38)
	at com.kms.katalon.core.main.ScriptEngine.run(ScriptEngine.java:194)
	at com.kms.katalon.core.main.ScriptEngine.runScriptAsRawText(ScriptEngine.java:119)
	at com.kms.katalon.core.main.TestCaseExecutor.runScript(TestCaseExecutor.java:328)
	at com.kms.katalon.core.main.TestCaseExecutor.doExecute(TestCaseExecutor.java:319)
	at com.kms.katalon.core.main.TestCaseExecutor.processExecutionPhase(TestCaseExecutor.java:298)
	at com.kms.katalon.core.main.TestCaseExecutor.accessMainPhase(TestCaseExecutor.java:290)
	at com.kms.katalon.core.main.TestCaseExecutor.execute(TestCaseExecutor.java:224)
	at com.kms.katalon.core.main.TestSuiteExecutor.accessTestCaseMainPhase(TestSuiteExecutor.java:129)
	at com.kms.katalon.core.main.TestSuiteExecutor.accessTestSuiteMainPhase(TestSuiteExecutor.java:112)
	at com.kms.katalon.core.main.TestSuiteExecutor.execute(TestSuiteExecutor.java:81)
	at com.kms.katalon.core.main.TestCaseMain.startTestSuite(TestCaseMain.java:149)
	at com.kms.katalon.core.main.TestCaseMain$startTestSuite$0.call(Unknown Source)
	at TempTestSuite1548940868214.run(TempTestSuite1548940868214.groovy:36)


2019-01-31 15:21:37 - [MESSAGE][ERROR] - Cannot find test data with id 'Data Files/MOF_NE_Event Group ManagementObjectRepository' because (of) 'java.lang.IllegalArgumentException: Test data with id 'Data Files/MOF_NE_Event Group ManagementObjectRepository' does not exist'

2019-01-31 15:21:37 - [MESSAGE][ERROR] - pk_Functions.CS_ClickingonUpdateorDeletebutton.SelectRecordFromWebtableFun(ActionType, 0, 3, "MOF_NE_Event Group ManagementObjectRepository", "Sheet1", "Event Group Management/MOF_NE_Event Group ManagementData", "Sheet1", Code) FAILED.
Reason:
java.lang.IllegalArgumentException: Cannot find test data with id 'Data Files/MOF_NE_Event Group ManagementObjectRepository' because (of) 'java.lang.IllegalArgumentException: Test data with id 'Data Files/MOF_NE_Event Group ManagementObjectRepository' does not exist'
	at com.kms.katalon.core.testdata.TestDataFactory.findTestData(TestDataFactory.java:122)
	at com.kms.katalon.core.testdata.TestDataFactory$findTestData.callStatic(Unknown Source)
	at pk_Functions.CS_ClickingonUpdateorDeletebutton.SelectRecordFromWebtableFun(CS_ClickingonUpdateorDeletebutton.groovy:68)
	at pk_Functions.CS_ClickingonUpdateorDeletebutton.invokeMethod(CS_ClickingonUpdateorDeletebutton.groovy)
	at com.kms.katalon.core.main.CustomKeywordDelegatingMetaClass.invokeStaticMethod(CustomKeywordDelegatingMetaClass.java:49)
	at TC_Update and Delete test.run(TC_Update and Delete test:38)
	at com.kms.katalon.core.main.ScriptEngine.run(ScriptEngine.java:194)
	at com.kms.katalon.core.main.ScriptEngine.runScriptAsRawText(ScriptEngine.java:119)
	at com.kms.katalon.core.main.TestCaseExecutor.runScript(TestCaseExecutor.java:328)
	at com.kms.katalon.core.main.TestCaseExecutor.doExecute(TestCaseExecutor.java:319)
	at com.kms.katalon.core.main.TestCaseExecutor.processExecutionPhase(TestCaseExecutor.java:298)
	at com.kms.katalon.core.main.TestCaseExecutor.accessMainPhase(TestCaseExecutor.java:290)
	at com.kms.katalon.core.main.TestCaseExecutor.execute(TestCaseExecutor.java:224)
	at com.kms.katalon.core.main.TestSuiteExecutor.accessTestCaseMainPhase(TestSuiteExecutor.java:129)
	at com.kms.katalon.core.main.TestSuiteExecutor.accessTestSuiteMainPhase(TestSuiteExecutor.java:112)
	at com.kms.katalon.core.main.TestSuiteExecutor.execute(TestSuiteExecutor.java:81)
	at com.kms.katalon.core.main.TestCaseMain.startTestSuite(TestCaseMain.java:149)
	at com.kms.katalon.core.main.TestCaseMain$startTestSuite$0.call(Unknown Source)
	at TempTestSuite1548940868214.run(TempTestSuite1548940868214.groovy:36)]]></system-out>
         <system-err><![CDATA[2019-01-31 15:21:36 - [TEST_CASE][ERROR] - Test Cases/Event Group Management/TC_Update and Delete test: Test Cases/Event Group Management/TC_Update and Delete test FAILED.
Reason:
java.lang.IllegalArgumentException: Cannot find test data with id 'Data Files/MOF_NE_Event Group ManagementObjectRepository' because (of) 'java.lang.IllegalArgumentException: Test data with id 'Data Files/MOF_NE_Event Group ManagementObjectRepository' does not exist'
	at com.kms.katalon.core.testdata.TestDataFactory.findTestData(TestDataFactory.java:122)
	at com.kms.katalon.core.testdata.TestDataFactory$findTestData.callStatic(Unknown Source)
	at pk_Functions.CS_ClickingonUpdateorDeletebutton.SelectRecordFromWebtableFun(CS_ClickingonUpdateorDeletebutton.groovy:68)
	at pk_Functions.CS_ClickingonUpdateorDeletebutton.invokeMethod(CS_ClickingonUpdateorDeletebutton.groovy)
	at com.kms.katalon.core.main.CustomKeywordDelegatingMetaClass.invokeStaticMethod(CustomKeywordDelegatingMetaClass.java:49)
	at TC_Update and Delete test.run(TC_Update and Delete test:38)
	at com.kms.katalon.core.main.ScriptEngine.run(ScriptEngine.java:194)
	at com.kms.katalon.core.main.ScriptEngine.runScriptAsRawText(ScriptEngine.java:119)
	at com.kms.katalon.core.main.TestCaseExecutor.runScript(TestCaseExecutor.java:328)
	at com.kms.katalon.core.main.TestCaseExecutor.doExecute(TestCaseExecutor.java:319)
	at com.kms.katalon.core.main.TestCaseExecutor.processExecutionPhase(TestCaseExecutor.java:298)
	at com.kms.katalon.core.main.TestCaseExecutor.accessMainPhase(TestCaseExecutor.java:290)
	at com.kms.katalon.core.main.TestCaseExecutor.execute(TestCaseExecutor.java:224)
	at com.kms.katalon.core.main.TestSuiteExecutor.accessTestCaseMainPhase(TestSuiteExecutor.java:129)
	at com.kms.katalon.core.main.TestSuiteExecutor.accessTestSuiteMainPhase(TestSuiteExecutor.java:112)
	at com.kms.katalon.core.main.TestSuiteExecutor.execute(TestSuiteExecutor.java:81)
	at com.kms.katalon.core.main.TestCaseMain.startTestSuite(TestCaseMain.java:149)
	at com.kms.katalon.core.main.TestCaseMain$startTestSuite$0.call(Unknown Source)
	at TempTestSuite1548940868214.run(TempTestSuite1548940868214.groovy:36)]]></system-err>
      </testcase>
      <testcase name="Test Cases/Event Group Management/TC_Update and Delete test" classname="Test Cases/Event Group Management/TC_Update and Delete test" status="ERROR">
         <error type="ERROR" message="Test Cases/Event Group Management/TC_Update and Delete test FAILED.
Reason:
java.lang.IllegalArgumentException: Cannot find test data with id 'Data Files/MOF_NE_Event Group ManagementObjectRepository' because (of) 'java.lang.IllegalArgumentException: Test data with id 'Data Files/MOF_NE_Event Group ManagementObjectRepository' does not exist'
	at com.kms.katalon.core.testdata.TestDataFactory.findTestData(TestDataFactory.java:122)
	at com.kms.katalon.core.testdata.TestDataFactory$findTestData.callStatic(Unknown Source)
	at pk_Functions.CS_ClickingonUpdateorDeletebutton.SelectRecordFromWebtableFun(CS_ClickingonUpdateorDeletebutton.groovy:68)
	at pk_Functions.CS_ClickingonUpdateorDeletebutton.invokeMethod(CS_ClickingonUpdateorDeletebutton.groovy)
	at com.kms.katalon.core.main.CustomKeywordDelegatingMetaClass.invokeStaticMethod(CustomKeywordDelegatingMetaClass.java:49)
	at TC_Update and Delete test.run(TC_Update and Delete test:38)
	at com.kms.katalon.core.main.ScriptEngine.run(ScriptEngine.java:194)
	at com.kms.katalon.core.main.ScriptEngine.runScriptAsRawText(ScriptEngine.java:119)
	at com.kms.katalon.core.main.TestCaseExecutor.runScript(TestCaseExecutor.java:328)
	at com.kms.katalon.core.main.TestCaseExecutor.doExecute(TestCaseExecutor.java:319)
	at com.kms.katalon.core.main.TestCaseExecutor.processExecutionPhase(TestCaseExecutor.java:298)
	at com.kms.katalon.core.main.TestCaseExecutor.accessMainPhase(TestCaseExecutor.java:290)
	at com.kms.katalon.core.main.TestCaseExecutor.execute(TestCaseExecutor.java:224)
	at com.kms.katalon.core.main.TestSuiteExecutor.accessTestCaseMainPhase(TestSuiteExecutor.java:129)
	at com.kms.katalon.core.main.TestSuiteExecutor.accessTestSuiteMainPhase(TestSuiteExecutor.java:112)
	at com.kms.katalon.core.main.TestSuiteExecutor.execute(TestSuiteExecutor.java:81)
	at com.kms.katalon.core.main.TestCaseMain.startTestSuite(TestCaseMain.java:149)
	at com.kms.katalon.core.main.TestCaseMain$startTestSuite$0.call(Unknown Source)
	at TempTestSuite1548940868214.run(TempTestSuite1548940868214.groovy:36)
"/>
         <system-out><![CDATA[2019-01-31 15:21:37 - [TEST_CASE][ERROR] - Test Cases/Event Group Management/TC_Update and Delete test: Test Cases/Event Group Management/TC_Update and Delete test FAILED.
Reason:
java.lang.IllegalArgumentException: Cannot find test data with id 'Data Files/MOF_NE_Event Group ManagementObjectRepository' because (of) 'java.lang.IllegalArgumentException: Test data with id 'Data Files/MOF_NE_Event Group ManagementObjectRepository' does not exist'
	at com.kms.katalon.core.testdata.TestDataFactory.findTestData(TestDataFactory.java:122)
	at com.kms.katalon.core.testdata.TestDataFactory$findTestData.callStatic(Unknown Source)
	at pk_Functions.CS_ClickingonUpdateorDeletebutton.SelectRecordFromWebtableFun(CS_ClickingonUpdateorDeletebutton.groovy:68)
	at pk_Functions.CS_ClickingonUpdateorDeletebutton.invokeMethod(CS_ClickingonUpdateorDeletebutton.groovy)
	at com.kms.katalon.core.main.CustomKeywordDelegatingMetaClass.invokeStaticMethod(CustomKeywordDelegatingMetaClass.java:49)
	at TC_Update and Delete test.run(TC_Update and Delete test:38)
	at com.kms.katalon.core.main.ScriptEngine.run(ScriptEngine.java:194)
	at com.kms.katalon.core.main.ScriptEngine.runScriptAsRawText(ScriptEngine.java:119)
	at com.kms.katalon.core.main.TestCaseExecutor.runScript(TestCaseExecutor.java:328)
	at com.kms.katalon.core.main.TestCaseExecutor.doExecute(TestCaseExecutor.java:319)
	at com.kms.katalon.core.main.TestCaseExecutor.processExecutionPhase(TestCaseExecutor.java:298)
	at com.kms.katalon.core.main.TestCaseExecutor.accessMainPhase(TestCaseExecutor.java:290)
	at com.kms.katalon.core.main.TestCaseExecutor.execute(TestCaseExecutor.java:224)
	at com.kms.katalon.core.main.TestSuiteExecutor.accessTestCaseMainPhase(TestSuiteExecutor.java:129)
	at com.kms.katalon.core.main.TestSuiteExecutor.accessTestSuiteMainPhase(TestSuiteExecutor.java:112)
	at com.kms.katalon.core.main.TestSuiteExecutor.execute(TestSuiteExecutor.java:81)
	at com.kms.katalon.core.main.TestCaseMain.startTestSuite(TestCaseMain.java:149)
	at com.kms.katalon.core.main.TestCaseMain$startTestSuite$0.call(Unknown Source)
	at TempTestSuite1548940868214.run(TempTestSuite1548940868214.groovy:36)


2019-01-31 15:21:37 - [TEST_STEP][NOT_RUN] - pk_Functions.CS_Login.LoginFun(findTestObject(null), "http://192.168.0.190:8080/mof/#/", findTestObject("Login/Username"), findTestObject("Login/Password"), "AAttia", "123", findTestObject("Login/Login")): NOT_RUN: pk_Functions.CS_Login.LoginFun(findTestObject(null), "http://192.168.0.190:8080/mof/#/", findTestObject("Login/Username"), findTestObject("Login/Password"), "AAttia", "123", findTestObject("Login/Login"))

2019-01-31 15:21:37 - [MESSAGE][NOT_RUN] - NOT_RUN: pk_Functions.CS_Login.LoginFun(findTestObject(null), "http://192.168.0.190:8080/mof/#/", findTestObject("Login/Username"), findTestObject("Login/Password"), "AAttia", "123", findTestObject("Login/Login"))

2019-01-31 15:21:37 - [TEST_STEP][NOT_RUN] - click(findTestObject("NE_SideMenu")): NOT_RUN: click(findTestObject("NE_SideMenu"))

2019-01-31 15:21:37 - [MESSAGE][NOT_RUN] - NOT_RUN: click(findTestObject("NE_SideMenu"))

2019-01-31 15:21:37 - [TEST_STEP][NOT_RUN] - click(findTestObject("NE_EventGroupManagement")): NOT_RUN: click(findTestObject("NE_EventGroupManagement"))

2019-01-31 15:21:37 - [MESSAGE][NOT_RUN] - NOT_RUN: click(findTestObject("NE_EventGroupManagement"))

2019-01-31 15:21:37 - [TEST_STEP][PASSED] - delay(1): Delayed 1 second(s)

2019-01-31 15:21:38 - [MESSAGE][PASSED] - Delayed 1 second(s)

2019-01-31 15:21:38 - [TEST_STEP][NOT_RUN] - pk_Functions.CS_ClickingonUpdateorDeletebutton.SelectRecordFromWebtableFun("Event Group Management/MOF_NE_Event Group ManagementData", "Sheet1"): NOT_RUN: pk_Functions.CS_ClickingonUpdateorDeletebutton.SelectRecordFromWebtableFun("Event Group Management/MOF_NE_Event Group ManagementData", "Sheet1")

2019-01-31 15:21:38 - [MESSAGE][NOT_RUN] - NOT_RUN: pk_Functions.CS_ClickingonUpdateorDeletebutton.SelectRecordFromWebtableFun("Event Group Management/MOF_NE_Event Group ManagementData", "Sheet1")

2019-01-31 15:21:38 - [TEST_STEP][NOT_RUN] - pk_Functions.CS_ClickingonUpdateorDeletebutton.SelectRecordFromWebtableFun("", 0, 3, 2, "Event Group Management/MOF_NE_Event Group ManagementObjectRepository", "Sheet1", "Event Group Management/MOF_NE_Event Group ManagementData", "Sheet1"): NOT_RUN: pk_Functions.CS_ClickingonUpdateorDeletebutton.SelectRecordFromWebtableFun("", 0, 3, 2, "Event Group Management/MOF_NE_Event Group ManagementObjectRepository", "Sheet1", "Event Group Management/MOF_NE_Event Group ManagementData", "Sheet1")

2019-01-31 15:21:38 - [MESSAGE][NOT_RUN] - NOT_RUN: pk_Functions.CS_ClickingonUpdateorDeletebutton.SelectRecordFromWebtableFun("", 0, 3, 2, "Event Group Management/MOF_NE_Event Group ManagementObjectRepository", "Sheet1", "Event Group Management/MOF_NE_Event Group ManagementData", "Sheet1")

2019-01-31 15:21:38 - [TEST_STEP][NOT_RUN] - pk_Functions.CS_SpecificPageData.DataFun(["Arabic Description", "English Description"], "Event Group Management/MOF_NE_Event Group ManagementObjectRepository", "Sheet1", [ArabicDescription, EnglishDescription]): NOT_RUN: pk_Functions.CS_SpecificPageData.DataFun(["Arabic Description", "English Description"], "Event Group Management/MOF_NE_Event Group ManagementObjectRepository", "Sheet1", [ArabicDescription, EnglishDescription])

2019-01-31 15:21:38 - [MESSAGE][NOT_RUN] - NOT_RUN: pk_Functions.CS_SpecificPageData.DataFun(["Arabic Description", "English Description"], "Event Group Management/MOF_NE_Event Group ManagementObjectRepository", "Sheet1", [ArabicDescription, EnglishDescription])

2019-01-31 15:21:38 - [TEST_STEP][NOT_RUN] - click(findTestObject("Event Group Managemnt/BTN_Save")): NOT_RUN: click(findTestObject("Event Group Managemnt/BTN_Save"))

2019-01-31 15:21:38 - [MESSAGE][NOT_RUN] - NOT_RUN: click(findTestObject("Event Group Managemnt/BTN_Save"))

2019-01-31 15:21:38 - [TEST_STEP][NOT_RUN] - click(findTestObject("Event Group Managemnt/BTN_Back")): NOT_RUN: click(findTestObject("Event Group Managemnt/BTN_Back"))

2019-01-31 15:21:38 - [MESSAGE][NOT_RUN] - NOT_RUN: click(findTestObject("Event Group Managemnt/BTN_Back"))

2019-01-31 15:21:38 - [TEST_STEP][ERROR] - pk_Functions.CS_ClickingonUpdateorDeletebutton.SelectRecordFromWebtableFun(ActionType, 0, 3, "MOF_NE_Event Group ManagementObjectRepository", "Sheet1", "Event Group Management/MOF_NE_Event Group ManagementData", "Sheet1", Code): pk_Functions.CS_ClickingonUpdateorDeletebutton.SelectRecordFromWebtableFun(ActionType, 0, 3, "MOF_NE_Event Group ManagementObjectRepository", "Sheet1", "Event Group Management/MOF_NE_Event Group ManagementData", "Sheet1", Code) FAILED.
Reason:
java.lang.IllegalArgumentException: Cannot find test data with id 'Data Files/MOF_NE_Event Group ManagementObjectRepository' because (of) 'java.lang.IllegalArgumentException: Test data with id 'Data Files/MOF_NE_Event Group ManagementObjectRepository' does not exist'
	at com.kms.katalon.core.testdata.TestDataFactory.findTestData(TestDataFactory.java:122)
	at com.kms.katalon.core.testdata.TestDataFactory$findTestData.callStatic(Unknown Source)
	at pk_Functions.CS_ClickingonUpdateorDeletebutton.SelectRecordFromWebtableFun(CS_ClickingonUpdateorDeletebutton.groovy:68)
	at pk_Functions.CS_ClickingonUpdateorDeletebutton.invokeMethod(CS_ClickingonUpdateorDeletebutton.groovy)
	at com.kms.katalon.core.main.CustomKeywordDelegatingMetaClass.invokeStaticMethod(CustomKeywordDelegatingMetaClass.java:49)
	at TC_Update and Delete test.run(TC_Update and Delete test:38)
	at com.kms.katalon.core.main.ScriptEngine.run(ScriptEngine.java:194)
	at com.kms.katalon.core.main.ScriptEngine.runScriptAsRawText(ScriptEngine.java:119)
	at com.kms.katalon.core.main.TestCaseExecutor.runScript(TestCaseExecutor.java:328)
	at com.kms.katalon.core.main.TestCaseExecutor.doExecute(TestCaseExecutor.java:319)
	at com.kms.katalon.core.main.TestCaseExecutor.processExecutionPhase(TestCaseExecutor.java:298)
	at com.kms.katalon.core.main.TestCaseExecutor.accessMainPhase(TestCaseExecutor.java:290)
	at com.kms.katalon.core.main.TestCaseExecutor.execute(TestCaseExecutor.java:224)
	at com.kms.katalon.core.main.TestSuiteExecutor.accessTestCaseMainPhase(TestSuiteExecutor.java:129)
	at com.kms.katalon.core.main.TestSuiteExecutor.accessTestSuiteMainPhase(TestSuiteExecutor.java:112)
	at com.kms.katalon.core.main.TestSuiteExecutor.execute(TestSuiteExecutor.java:81)
	at com.kms.katalon.core.main.TestCaseMain.startTestSuite(TestCaseMain.java:149)
	at com.kms.katalon.core.main.TestCaseMain$startTestSuite$0.call(Unknown Source)
	at TempTestSuite1548940868214.run(TempTestSuite1548940868214.groovy:36)


2019-01-31 15:21:38 - [MESSAGE][ERROR] - Cannot find test data with id 'Data Files/MOF_NE_Event Group ManagementObjectRepository' because (of) 'java.lang.IllegalArgumentException: Test data with id 'Data Files/MOF_NE_Event Group ManagementObjectRepository' does not exist'

2019-01-31 15:21:38 - [MESSAGE][ERROR] - pk_Functions.CS_ClickingonUpdateorDeletebutton.SelectRecordFromWebtableFun(ActionType, 0, 3, "MOF_NE_Event Group ManagementObjectRepository", "Sheet1", "Event Group Management/MOF_NE_Event Group ManagementData", "Sheet1", Code) FAILED.
Reason:
java.lang.IllegalArgumentException: Cannot find test data with id 'Data Files/MOF_NE_Event Group ManagementObjectRepository' because (of) 'java.lang.IllegalArgumentException: Test data with id 'Data Files/MOF_NE_Event Group ManagementObjectRepository' does not exist'
	at com.kms.katalon.core.testdata.TestDataFactory.findTestData(TestDataFactory.java:122)
	at com.kms.katalon.core.testdata.TestDataFactory$findTestData.callStatic(Unknown Source)
	at pk_Functions.CS_ClickingonUpdateorDeletebutton.SelectRecordFromWebtableFun(CS_ClickingonUpdateorDeletebutton.groovy:68)
	at pk_Functions.CS_ClickingonUpdateorDeletebutton.invokeMethod(CS_ClickingonUpdateorDeletebutton.groovy)
	at com.kms.katalon.core.main.CustomKeywordDelegatingMetaClass.invokeStaticMethod(CustomKeywordDelegatingMetaClass.java:49)
	at TC_Update and Delete test.run(TC_Update and Delete test:38)
	at com.kms.katalon.core.main.ScriptEngine.run(ScriptEngine.java:194)
	at com.kms.katalon.core.main.ScriptEngine.runScriptAsRawText(ScriptEngine.java:119)
	at com.kms.katalon.core.main.TestCaseExecutor.runScript(TestCaseExecutor.java:328)
	at com.kms.katalon.core.main.TestCaseExecutor.doExecute(TestCaseExecutor.java:319)
	at com.kms.katalon.core.main.TestCaseExecutor.processExecutionPhase(TestCaseExecutor.java:298)
	at com.kms.katalon.core.main.TestCaseExecutor.accessMainPhase(TestCaseExecutor.java:290)
	at com.kms.katalon.core.main.TestCaseExecutor.execute(TestCaseExecutor.java:224)
	at com.kms.katalon.core.main.TestSuiteExecutor.accessTestCaseMainPhase(TestSuiteExecutor.java:129)
	at com.kms.katalon.core.main.TestSuiteExecutor.accessTestSuiteMainPhase(TestSuiteExecutor.java:112)
	at com.kms.katalon.core.main.TestSuiteExecutor.execute(TestSuiteExecutor.java:81)
	at com.kms.katalon.core.main.TestCaseMain.startTestSuite(TestCaseMain.java:149)
	at com.kms.katalon.core.main.TestCaseMain$startTestSuite$0.call(Unknown Source)
	at TempTestSuite1548940868214.run(TempTestSuite1548940868214.groovy:36)]]></system-out>
         <system-err><![CDATA[2019-01-31 15:21:37 - [TEST_CASE][ERROR] - Test Cases/Event Group Management/TC_Update and Delete test: Test Cases/Event Group Management/TC_Update and Delete test FAILED.
Reason:
java.lang.IllegalArgumentException: Cannot find test data with id 'Data Files/MOF_NE_Event Group ManagementObjectRepository' because (of) 'java.lang.IllegalArgumentException: Test data with id 'Data Files/MOF_NE_Event Group ManagementObjectRepository' does not exist'
	at com.kms.katalon.core.testdata.TestDataFactory.findTestData(TestDataFactory.java:122)
	at com.kms.katalon.core.testdata.TestDataFactory$findTestData.callStatic(Unknown Source)
	at pk_Functions.CS_ClickingonUpdateorDeletebutton.SelectRecordFromWebtableFun(CS_ClickingonUpdateorDeletebutton.groovy:68)
	at pk_Functions.CS_ClickingonUpdateorDeletebutton.invokeMethod(CS_ClickingonUpdateorDeletebutton.groovy)
	at com.kms.katalon.core.main.CustomKeywordDelegatingMetaClass.invokeStaticMethod(CustomKeywordDelegatingMetaClass.java:49)
	at TC_Update and Delete test.run(TC_Update and Delete test:38)
	at com.kms.katalon.core.main.ScriptEngine.run(ScriptEngine.java:194)
	at com.kms.katalon.core.main.ScriptEngine.runScriptAsRawText(ScriptEngine.java:119)
	at com.kms.katalon.core.main.TestCaseExecutor.runScript(TestCaseExecutor.java:328)
	at com.kms.katalon.core.main.TestCaseExecutor.doExecute(TestCaseExecutor.java:319)
	at com.kms.katalon.core.main.TestCaseExecutor.processExecutionPhase(TestCaseExecutor.java:298)
	at com.kms.katalon.core.main.TestCaseExecutor.accessMainPhase(TestCaseExecutor.java:290)
	at com.kms.katalon.core.main.TestCaseExecutor.execute(TestCaseExecutor.java:224)
	at com.kms.katalon.core.main.TestSuiteExecutor.accessTestCaseMainPhase(TestSuiteExecutor.java:129)
	at com.kms.katalon.core.main.TestSuiteExecutor.accessTestSuiteMainPhase(TestSuiteExecutor.java:112)
	at com.kms.katalon.core.main.TestSuiteExecutor.execute(TestSuiteExecutor.java:81)
	at com.kms.katalon.core.main.TestCaseMain.startTestSuite(TestCaseMain.java:149)
	at com.kms.katalon.core.main.TestCaseMain$startTestSuite$0.call(Unknown Source)
	at TempTestSuite1548940868214.run(TempTestSuite1548940868214.groovy:36)]]></system-err>
      </testcase>
      <testcase name="Test Cases/Event Group Management/TC_Update and Delete test" classname="Test Cases/Event Group Management/TC_Update and Delete test" status="ERROR">
         <error type="ERROR" message="Test Cases/Event Group Management/TC_Update and Delete test FAILED.
Reason:
java.lang.IllegalArgumentException: Cannot find test data with id 'Data Files/MOF_NE_Event Group ManagementObjectRepository' because (of) 'java.lang.IllegalArgumentException: Test data with id 'Data Files/MOF_NE_Event Group ManagementObjectRepository' does not exist'
	at com.kms.katalon.core.testdata.TestDataFactory.findTestData(TestDataFactory.java:122)
	at com.kms.katalon.core.testdata.TestDataFactory$findTestData.callStatic(Unknown Source)
	at pk_Functions.CS_ClickingonUpdateorDeletebutton.SelectRecordFromWebtableFun(CS_ClickingonUpdateorDeletebutton.groovy:68)
	at pk_Functions.CS_ClickingonUpdateorDeletebutton.invokeMethod(CS_ClickingonUpdateorDeletebutton.groovy)
	at com.kms.katalon.core.main.CustomKeywordDelegatingMetaClass.invokeStaticMethod(CustomKeywordDelegatingMetaClass.java:49)
	at TC_Update and Delete test.run(TC_Update and Delete test:38)
	at com.kms.katalon.core.main.ScriptEngine.run(ScriptEngine.java:194)
	at com.kms.katalon.core.main.ScriptEngine.runScriptAsRawText(ScriptEngine.java:119)
	at com.kms.katalon.core.main.TestCaseExecutor.runScript(TestCaseExecutor.java:328)
	at com.kms.katalon.core.main.TestCaseExecutor.doExecute(TestCaseExecutor.java:319)
	at com.kms.katalon.core.main.TestCaseExecutor.processExecutionPhase(TestCaseExecutor.java:298)
	at com.kms.katalon.core.main.TestCaseExecutor.accessMainPhase(TestCaseExecutor.java:290)
	at com.kms.katalon.core.main.TestCaseExecutor.execute(TestCaseExecutor.java:224)
	at com.kms.katalon.core.main.TestSuiteExecutor.accessTestCaseMainPhase(TestSuiteExecutor.java:129)
	at com.kms.katalon.core.main.TestSuiteExecutor.accessTestSuiteMainPhase(TestSuiteExecutor.java:112)
	at com.kms.katalon.core.main.TestSuiteExecutor.execute(TestSuiteExecutor.java:81)
	at com.kms.katalon.core.main.TestCaseMain.startTestSuite(TestCaseMain.java:149)
	at com.kms.katalon.core.main.TestCaseMain$startTestSuite$0.call(Unknown Source)
	at TempTestSuite1548940868214.run(TempTestSuite1548940868214.groovy:36)
"/>
         <system-out><![CDATA[2019-01-31 15:21:38 - [TEST_CASE][ERROR] - Test Cases/Event Group Management/TC_Update and Delete test: Test Cases/Event Group Management/TC_Update and Delete test FAILED.
Reason:
java.lang.IllegalArgumentException: Cannot find test data with id 'Data Files/MOF_NE_Event Group ManagementObjectRepository' because (of) 'java.lang.IllegalArgumentException: Test data with id 'Data Files/MOF_NE_Event Group ManagementObjectRepository' does not exist'
	at com.kms.katalon.core.testdata.TestDataFactory.findTestData(TestDataFactory.java:122)
	at com.kms.katalon.core.testdata.TestDataFactory$findTestData.callStatic(Unknown Source)
	at pk_Functions.CS_ClickingonUpdateorDeletebutton.SelectRecordFromWebtableFun(CS_ClickingonUpdateorDeletebutton.groovy:68)
	at pk_Functions.CS_ClickingonUpdateorDeletebutton.invokeMethod(CS_ClickingonUpdateorDeletebutton.groovy)
	at com.kms.katalon.core.main.CustomKeywordDelegatingMetaClass.invokeStaticMethod(CustomKeywordDelegatingMetaClass.java:49)
	at TC_Update and Delete test.run(TC_Update and Delete test:38)
	at com.kms.katalon.core.main.ScriptEngine.run(ScriptEngine.java:194)
	at com.kms.katalon.core.main.ScriptEngine.runScriptAsRawText(ScriptEngine.java:119)
	at com.kms.katalon.core.main.TestCaseExecutor.runScript(TestCaseExecutor.java:328)
	at com.kms.katalon.core.main.TestCaseExecutor.doExecute(TestCaseExecutor.java:319)
	at com.kms.katalon.core.main.TestCaseExecutor.processExecutionPhase(TestCaseExecutor.java:298)
	at com.kms.katalon.core.main.TestCaseExecutor.accessMainPhase(TestCaseExecutor.java:290)
	at com.kms.katalon.core.main.TestCaseExecutor.execute(TestCaseExecutor.java:224)
	at com.kms.katalon.core.main.TestSuiteExecutor.accessTestCaseMainPhase(TestSuiteExecutor.java:129)
	at com.kms.katalon.core.main.TestSuiteExecutor.accessTestSuiteMainPhase(TestSuiteExecutor.java:112)
	at com.kms.katalon.core.main.TestSuiteExecutor.execute(TestSuiteExecutor.java:81)
	at com.kms.katalon.core.main.TestCaseMain.startTestSuite(TestCaseMain.java:149)
	at com.kms.katalon.core.main.TestCaseMain$startTestSuite$0.call(Unknown Source)
	at TempTestSuite1548940868214.run(TempTestSuite1548940868214.groovy:36)


2019-01-31 15:21:38 - [TEST_STEP][NOT_RUN] - pk_Functions.CS_Login.LoginFun(findTestObject(null), "http://192.168.0.190:8080/mof/#/", findTestObject("Login/Username"), findTestObject("Login/Password"), "AAttia", "123", findTestObject("Login/Login")): NOT_RUN: pk_Functions.CS_Login.LoginFun(findTestObject(null), "http://192.168.0.190:8080/mof/#/", findTestObject("Login/Username"), findTestObject("Login/Password"), "AAttia", "123", findTestObject("Login/Login"))

2019-01-31 15:21:38 - [MESSAGE][NOT_RUN] - NOT_RUN: pk_Functions.CS_Login.LoginFun(findTestObject(null), "http://192.168.0.190:8080/mof/#/", findTestObject("Login/Username"), findTestObject("Login/Password"), "AAttia", "123", findTestObject("Login/Login"))

2019-01-31 15:21:38 - [TEST_STEP][NOT_RUN] - click(findTestObject("NE_SideMenu")): NOT_RUN: click(findTestObject("NE_SideMenu"))

2019-01-31 15:21:38 - [MESSAGE][NOT_RUN] - NOT_RUN: click(findTestObject("NE_SideMenu"))

2019-01-31 15:21:38 - [TEST_STEP][NOT_RUN] - click(findTestObject("NE_EventGroupManagement")): NOT_RUN: click(findTestObject("NE_EventGroupManagement"))

2019-01-31 15:21:38 - [MESSAGE][NOT_RUN] - NOT_RUN: click(findTestObject("NE_EventGroupManagement"))

2019-01-31 15:21:38 - [TEST_STEP][PASSED] - delay(1): Delayed 1 second(s)

2019-01-31 15:21:39 - [MESSAGE][PASSED] - Delayed 1 second(s)

2019-01-31 15:21:39 - [TEST_STEP][NOT_RUN] - pk_Functions.CS_ClickingonUpdateorDeletebutton.SelectRecordFromWebtableFun("Event Group Management/MOF_NE_Event Group ManagementData", "Sheet1"): NOT_RUN: pk_Functions.CS_ClickingonUpdateorDeletebutton.SelectRecordFromWebtableFun("Event Group Management/MOF_NE_Event Group ManagementData", "Sheet1")

2019-01-31 15:21:39 - [MESSAGE][NOT_RUN] - NOT_RUN: pk_Functions.CS_ClickingonUpdateorDeletebutton.SelectRecordFromWebtableFun("Event Group Management/MOF_NE_Event Group ManagementData", "Sheet1")

2019-01-31 15:21:39 - [TEST_STEP][NOT_RUN] - pk_Functions.CS_ClickingonUpdateorDeletebutton.SelectRecordFromWebtableFun("", 0, 3, 2, "Event Group Management/MOF_NE_Event Group ManagementObjectRepository", "Sheet1", "Event Group Management/MOF_NE_Event Group ManagementData", "Sheet1"): NOT_RUN: pk_Functions.CS_ClickingonUpdateorDeletebutton.SelectRecordFromWebtableFun("", 0, 3, 2, "Event Group Management/MOF_NE_Event Group ManagementObjectRepository", "Sheet1", "Event Group Management/MOF_NE_Event Group ManagementData", "Sheet1")

2019-01-31 15:21:39 - [MESSAGE][NOT_RUN] - NOT_RUN: pk_Functions.CS_ClickingonUpdateorDeletebutton.SelectRecordFromWebtableFun("", 0, 3, 2, "Event Group Management/MOF_NE_Event Group ManagementObjectRepository", "Sheet1", "Event Group Management/MOF_NE_Event Group ManagementData", "Sheet1")

2019-01-31 15:21:39 - [TEST_STEP][NOT_RUN] - pk_Functions.CS_SpecificPageData.DataFun(["Arabic Description", "English Description"], "Event Group Management/MOF_NE_Event Group ManagementObjectRepository", "Sheet1", [ArabicDescription, EnglishDescription]): NOT_RUN: pk_Functions.CS_SpecificPageData.DataFun(["Arabic Description", "English Description"], "Event Group Management/MOF_NE_Event Group ManagementObjectRepository", "Sheet1", [ArabicDescription, EnglishDescription])

2019-01-31 15:21:39 - [MESSAGE][NOT_RUN] - NOT_RUN: pk_Functions.CS_SpecificPageData.DataFun(["Arabic Description", "English Description"], "Event Group Management/MOF_NE_Event Group ManagementObjectRepository", "Sheet1", [ArabicDescription, EnglishDescription])

2019-01-31 15:21:39 - [TEST_STEP][NOT_RUN] - click(findTestObject("Event Group Managemnt/BTN_Save")): NOT_RUN: click(findTestObject("Event Group Managemnt/BTN_Save"))

2019-01-31 15:21:39 - [MESSAGE][NOT_RUN] - NOT_RUN: click(findTestObject("Event Group Managemnt/BTN_Save"))

2019-01-31 15:21:39 - [TEST_STEP][NOT_RUN] - click(findTestObject("Event Group Managemnt/BTN_Back")): NOT_RUN: click(findTestObject("Event Group Managemnt/BTN_Back"))

2019-01-31 15:21:39 - [MESSAGE][NOT_RUN] - NOT_RUN: click(findTestObject("Event Group Managemnt/BTN_Back"))

2019-01-31 15:21:39 - [TEST_STEP][ERROR] - pk_Functions.CS_ClickingonUpdateorDeletebutton.SelectRecordFromWebtableFun(ActionType, 0, 3, "MOF_NE_Event Group ManagementObjectRepository", "Sheet1", "Event Group Management/MOF_NE_Event Group ManagementData", "Sheet1", Code): pk_Functions.CS_ClickingonUpdateorDeletebutton.SelectRecordFromWebtableFun(ActionType, 0, 3, "MOF_NE_Event Group ManagementObjectRepository", "Sheet1", "Event Group Management/MOF_NE_Event Group ManagementData", "Sheet1", Code) FAILED.
Reason:
java.lang.IllegalArgumentException: Cannot find test data with id 'Data Files/MOF_NE_Event Group ManagementObjectRepository' because (of) 'java.lang.IllegalArgumentException: Test data with id 'Data Files/MOF_NE_Event Group ManagementObjectRepository' does not exist'
	at com.kms.katalon.core.testdata.TestDataFactory.findTestData(TestDataFactory.java:122)
	at com.kms.katalon.core.testdata.TestDataFactory$findTestData.callStatic(Unknown Source)
	at pk_Functions.CS_ClickingonUpdateorDeletebutton.SelectRecordFromWebtableFun(CS_ClickingonUpdateorDeletebutton.groovy:68)
	at pk_Functions.CS_ClickingonUpdateorDeletebutton.invokeMethod(CS_ClickingonUpdateorDeletebutton.groovy)
	at com.kms.katalon.core.main.CustomKeywordDelegatingMetaClass.invokeStaticMethod(CustomKeywordDelegatingMetaClass.java:49)
	at TC_Update and Delete test.run(TC_Update and Delete test:38)
	at com.kms.katalon.core.main.ScriptEngine.run(ScriptEngine.java:194)
	at com.kms.katalon.core.main.ScriptEngine.runScriptAsRawText(ScriptEngine.java:119)
	at com.kms.katalon.core.main.TestCaseExecutor.runScript(TestCaseExecutor.java:328)
	at com.kms.katalon.core.main.TestCaseExecutor.doExecute(TestCaseExecutor.java:319)
	at com.kms.katalon.core.main.TestCaseExecutor.processExecutionPhase(TestCaseExecutor.java:298)
	at com.kms.katalon.core.main.TestCaseExecutor.accessMainPhase(TestCaseExecutor.java:290)
	at com.kms.katalon.core.main.TestCaseExecutor.execute(TestCaseExecutor.java:224)
	at com.kms.katalon.core.main.TestSuiteExecutor.accessTestCaseMainPhase(TestSuiteExecutor.java:129)
	at com.kms.katalon.core.main.TestSuiteExecutor.accessTestSuiteMainPhase(TestSuiteExecutor.java:112)
	at com.kms.katalon.core.main.TestSuiteExecutor.execute(TestSuiteExecutor.java:81)
	at com.kms.katalon.core.main.TestCaseMain.startTestSuite(TestCaseMain.java:149)
	at com.kms.katalon.core.main.TestCaseMain$startTestSuite$0.call(Unknown Source)
	at TempTestSuite1548940868214.run(TempTestSuite1548940868214.groovy:36)


2019-01-31 15:21:39 - [MESSAGE][ERROR] - Cannot find test data with id 'Data Files/MOF_NE_Event Group ManagementObjectRepository' because (of) 'java.lang.IllegalArgumentException: Test data with id 'Data Files/MOF_NE_Event Group ManagementObjectRepository' does not exist'

2019-01-31 15:21:39 - [MESSAGE][ERROR] - pk_Functions.CS_ClickingonUpdateorDeletebutton.SelectRecordFromWebtableFun(ActionType, 0, 3, "MOF_NE_Event Group ManagementObjectRepository", "Sheet1", "Event Group Management/MOF_NE_Event Group ManagementData", "Sheet1", Code) FAILED.
Reason:
java.lang.IllegalArgumentException: Cannot find test data with id 'Data Files/MOF_NE_Event Group ManagementObjectRepository' because (of) 'java.lang.IllegalArgumentException: Test data with id 'Data Files/MOF_NE_Event Group ManagementObjectRepository' does not exist'
	at com.kms.katalon.core.testdata.TestDataFactory.findTestData(TestDataFactory.java:122)
	at com.kms.katalon.core.testdata.TestDataFactory$findTestData.callStatic(Unknown Source)
	at pk_Functions.CS_ClickingonUpdateorDeletebutton.SelectRecordFromWebtableFun(CS_ClickingonUpdateorDeletebutton.groovy:68)
	at pk_Functions.CS_ClickingonUpdateorDeletebutton.invokeMethod(CS_ClickingonUpdateorDeletebutton.groovy)
	at com.kms.katalon.core.main.CustomKeywordDelegatingMetaClass.invokeStaticMethod(CustomKeywordDelegatingMetaClass.java:49)
	at TC_Update and Delete test.run(TC_Update and Delete test:38)
	at com.kms.katalon.core.main.ScriptEngine.run(ScriptEngine.java:194)
	at com.kms.katalon.core.main.ScriptEngine.runScriptAsRawText(ScriptEngine.java:119)
	at com.kms.katalon.core.main.TestCaseExecutor.runScript(TestCaseExecutor.java:328)
	at com.kms.katalon.core.main.TestCaseExecutor.doExecute(TestCaseExecutor.java:319)
	at com.kms.katalon.core.main.TestCaseExecutor.processExecutionPhase(TestCaseExecutor.java:298)
	at com.kms.katalon.core.main.TestCaseExecutor.accessMainPhase(TestCaseExecutor.java:290)
	at com.kms.katalon.core.main.TestCaseExecutor.execute(TestCaseExecutor.java:224)
	at com.kms.katalon.core.main.TestSuiteExecutor.accessTestCaseMainPhase(TestSuiteExecutor.java:129)
	at com.kms.katalon.core.main.TestSuiteExecutor.accessTestSuiteMainPhase(TestSuiteExecutor.java:112)
	at com.kms.katalon.core.main.TestSuiteExecutor.execute(TestSuiteExecutor.java:81)
	at com.kms.katalon.core.main.TestCaseMain.startTestSuite(TestCaseMain.java:149)
	at com.kms.katalon.core.main.TestCaseMain$startTestSuite$0.call(Unknown Source)
	at TempTestSuite1548940868214.run(TempTestSuite1548940868214.groovy:36)]]></system-out>
         <system-err><![CDATA[2019-01-31 15:21:38 - [TEST_CASE][ERROR] - Test Cases/Event Group Management/TC_Update and Delete test: Test Cases/Event Group Management/TC_Update and Delete test FAILED.
Reason:
java.lang.IllegalArgumentException: Cannot find test data with id 'Data Files/MOF_NE_Event Group ManagementObjectRepository' because (of) 'java.lang.IllegalArgumentException: Test data with id 'Data Files/MOF_NE_Event Group ManagementObjectRepository' does not exist'
	at com.kms.katalon.core.testdata.TestDataFactory.findTestData(TestDataFactory.java:122)
	at com.kms.katalon.core.testdata.TestDataFactory$findTestData.callStatic(Unknown Source)
	at pk_Functions.CS_ClickingonUpdateorDeletebutton.SelectRecordFromWebtableFun(CS_ClickingonUpdateorDeletebutton.groovy:68)
	at pk_Functions.CS_ClickingonUpdateorDeletebutton.invokeMethod(CS_ClickingonUpdateorDeletebutton.groovy)
	at com.kms.katalon.core.main.CustomKeywordDelegatingMetaClass.invokeStaticMethod(CustomKeywordDelegatingMetaClass.java:49)
	at TC_Update and Delete test.run(TC_Update and Delete test:38)
	at com.kms.katalon.core.main.ScriptEngine.run(ScriptEngine.java:194)
	at com.kms.katalon.core.main.ScriptEngine.runScriptAsRawText(ScriptEngine.java:119)
	at com.kms.katalon.core.main.TestCaseExecutor.runScript(TestCaseExecutor.java:328)
	at com.kms.katalon.core.main.TestCaseExecutor.doExecute(TestCaseExecutor.java:319)
	at com.kms.katalon.core.main.TestCaseExecutor.processExecutionPhase(TestCaseExecutor.java:298)
	at com.kms.katalon.core.main.TestCaseExecutor.accessMainPhase(TestCaseExecutor.java:290)
	at com.kms.katalon.core.main.TestCaseExecutor.execute(TestCaseExecutor.java:224)
	at com.kms.katalon.core.main.TestSuiteExecutor.accessTestCaseMainPhase(TestSuiteExecutor.java:129)
	at com.kms.katalon.core.main.TestSuiteExecutor.accessTestSuiteMainPhase(TestSuiteExecutor.java:112)
	at com.kms.katalon.core.main.TestSuiteExecutor.execute(TestSuiteExecutor.java:81)
	at com.kms.katalon.core.main.TestCaseMain.startTestSuite(TestCaseMain.java:149)
	at com.kms.katalon.core.main.TestCaseMain$startTestSuite$0.call(Unknown Source)
	at TempTestSuite1548940868214.run(TempTestSuite1548940868214.groovy:36)]]></system-err>
      </testcase>
      <testcase name="Test Cases/Event Group Management/TC_Update and Delete test" classname="Test Cases/Event Group Management/TC_Update and Delete test" status="ERROR">
         <error type="ERROR" message="Test Cases/Event Group Management/TC_Update and Delete test FAILED.
Reason:
java.lang.IllegalArgumentException: Cannot find test data with id 'Data Files/MOF_NE_Event Group ManagementObjectRepository' because (of) 'java.lang.IllegalArgumentException: Test data with id 'Data Files/MOF_NE_Event Group ManagementObjectRepository' does not exist'
	at com.kms.katalon.core.testdata.TestDataFactory.findTestData(TestDataFactory.java:122)
	at com.kms.katalon.core.testdata.TestDataFactory$findTestData.callStatic(Unknown Source)
	at pk_Functions.CS_ClickingonUpdateorDeletebutton.SelectRecordFromWebtableFun(CS_ClickingonUpdateorDeletebutton.groovy:68)
	at pk_Functions.CS_ClickingonUpdateorDeletebutton.invokeMethod(CS_ClickingonUpdateorDeletebutton.groovy)
	at com.kms.katalon.core.main.CustomKeywordDelegatingMetaClass.invokeStaticMethod(CustomKeywordDelegatingMetaClass.java:49)
	at TC_Update and Delete test.run(TC_Update and Delete test:38)
	at com.kms.katalon.core.main.ScriptEngine.run(ScriptEngine.java:194)
	at com.kms.katalon.core.main.ScriptEngine.runScriptAsRawText(ScriptEngine.java:119)
	at com.kms.katalon.core.main.TestCaseExecutor.runScript(TestCaseExecutor.java:328)
	at com.kms.katalon.core.main.TestCaseExecutor.doExecute(TestCaseExecutor.java:319)
	at com.kms.katalon.core.main.TestCaseExecutor.processExecutionPhase(TestCaseExecutor.java:298)
	at com.kms.katalon.core.main.TestCaseExecutor.accessMainPhase(TestCaseExecutor.java:290)
	at com.kms.katalon.core.main.TestCaseExecutor.execute(TestCaseExecutor.java:224)
	at com.kms.katalon.core.main.TestSuiteExecutor.accessTestCaseMainPhase(TestSuiteExecutor.java:129)
	at com.kms.katalon.core.main.TestSuiteExecutor.accessTestSuiteMainPhase(TestSuiteExecutor.java:112)
	at com.kms.katalon.core.main.TestSuiteExecutor.execute(TestSuiteExecutor.java:81)
	at com.kms.katalon.core.main.TestCaseMain.startTestSuite(TestCaseMain.java:149)
	at com.kms.katalon.core.main.TestCaseMain$startTestSuite$0.call(Unknown Source)
	at TempTestSuite1548940868214.run(TempTestSuite1548940868214.groovy:36)
"/>
         <system-out><![CDATA[2019-01-31 15:21:39 - [TEST_CASE][ERROR] - Test Cases/Event Group Management/TC_Update and Delete test: Test Cases/Event Group Management/TC_Update and Delete test FAILED.
Reason:
java.lang.IllegalArgumentException: Cannot find test data with id 'Data Files/MOF_NE_Event Group ManagementObjectRepository' because (of) 'java.lang.IllegalArgumentException: Test data with id 'Data Files/MOF_NE_Event Group ManagementObjectRepository' does not exist'
	at com.kms.katalon.core.testdata.TestDataFactory.findTestData(TestDataFactory.java:122)
	at com.kms.katalon.core.testdata.TestDataFactory$findTestData.callStatic(Unknown Source)
	at pk_Functions.CS_ClickingonUpdateorDeletebutton.SelectRecordFromWebtableFun(CS_ClickingonUpdateorDeletebutton.groovy:68)
	at pk_Functions.CS_ClickingonUpdateorDeletebutton.invokeMethod(CS_ClickingonUpdateorDeletebutton.groovy)
	at com.kms.katalon.core.main.CustomKeywordDelegatingMetaClass.invokeStaticMethod(CustomKeywordDelegatingMetaClass.java:49)
	at TC_Update and Delete test.run(TC_Update and Delete test:38)
	at com.kms.katalon.core.main.ScriptEngine.run(ScriptEngine.java:194)
	at com.kms.katalon.core.main.ScriptEngine.runScriptAsRawText(ScriptEngine.java:119)
	at com.kms.katalon.core.main.TestCaseExecutor.runScript(TestCaseExecutor.java:328)
	at com.kms.katalon.core.main.TestCaseExecutor.doExecute(TestCaseExecutor.java:319)
	at com.kms.katalon.core.main.TestCaseExecutor.processExecutionPhase(TestCaseExecutor.java:298)
	at com.kms.katalon.core.main.TestCaseExecutor.accessMainPhase(TestCaseExecutor.java:290)
	at com.kms.katalon.core.main.TestCaseExecutor.execute(TestCaseExecutor.java:224)
	at com.kms.katalon.core.main.TestSuiteExecutor.accessTestCaseMainPhase(TestSuiteExecutor.java:129)
	at com.kms.katalon.core.main.TestSuiteExecutor.accessTestSuiteMainPhase(TestSuiteExecutor.java:112)
	at com.kms.katalon.core.main.TestSuiteExecutor.execute(TestSuiteExecutor.java:81)
	at com.kms.katalon.core.main.TestCaseMain.startTestSuite(TestCaseMain.java:149)
	at com.kms.katalon.core.main.TestCaseMain$startTestSuite$0.call(Unknown Source)
	at TempTestSuite1548940868214.run(TempTestSuite1548940868214.groovy:36)


2019-01-31 15:21:39 - [TEST_STEP][NOT_RUN] - pk_Functions.CS_Login.LoginFun(findTestObject(null), "http://192.168.0.190:8080/mof/#/", findTestObject("Login/Username"), findTestObject("Login/Password"), "AAttia", "123", findTestObject("Login/Login")): NOT_RUN: pk_Functions.CS_Login.LoginFun(findTestObject(null), "http://192.168.0.190:8080/mof/#/", findTestObject("Login/Username"), findTestObject("Login/Password"), "AAttia", "123", findTestObject("Login/Login"))

2019-01-31 15:21:39 - [MESSAGE][NOT_RUN] - NOT_RUN: pk_Functions.CS_Login.LoginFun(findTestObject(null), "http://192.168.0.190:8080/mof/#/", findTestObject("Login/Username"), findTestObject("Login/Password"), "AAttia", "123", findTestObject("Login/Login"))

2019-01-31 15:21:39 - [TEST_STEP][NOT_RUN] - click(findTestObject("NE_SideMenu")): NOT_RUN: click(findTestObject("NE_SideMenu"))

2019-01-31 15:21:39 - [MESSAGE][NOT_RUN] - NOT_RUN: click(findTestObject("NE_SideMenu"))

2019-01-31 15:21:39 - [TEST_STEP][NOT_RUN] - click(findTestObject("NE_EventGroupManagement")): NOT_RUN: click(findTestObject("NE_EventGroupManagement"))

2019-01-31 15:21:39 - [MESSAGE][NOT_RUN] - NOT_RUN: click(findTestObject("NE_EventGroupManagement"))

2019-01-31 15:21:39 - [TEST_STEP][PASSED] - delay(1): Delayed 1 second(s)

2019-01-31 15:21:40 - [MESSAGE][PASSED] - Delayed 1 second(s)

2019-01-31 15:21:40 - [TEST_STEP][NOT_RUN] - pk_Functions.CS_ClickingonUpdateorDeletebutton.SelectRecordFromWebtableFun("Event Group Management/MOF_NE_Event Group ManagementData", "Sheet1"): NOT_RUN: pk_Functions.CS_ClickingonUpdateorDeletebutton.SelectRecordFromWebtableFun("Event Group Management/MOF_NE_Event Group ManagementData", "Sheet1")

2019-01-31 15:21:40 - [MESSAGE][NOT_RUN] - NOT_RUN: pk_Functions.CS_ClickingonUpdateorDeletebutton.SelectRecordFromWebtableFun("Event Group Management/MOF_NE_Event Group ManagementData", "Sheet1")

2019-01-31 15:21:40 - [TEST_STEP][NOT_RUN] - pk_Functions.CS_ClickingonUpdateorDeletebutton.SelectRecordFromWebtableFun("", 0, 3, 2, "Event Group Management/MOF_NE_Event Group ManagementObjectRepository", "Sheet1", "Event Group Management/MOF_NE_Event Group ManagementData", "Sheet1"): NOT_RUN: pk_Functions.CS_ClickingonUpdateorDeletebutton.SelectRecordFromWebtableFun("", 0, 3, 2, "Event Group Management/MOF_NE_Event Group ManagementObjectRepository", "Sheet1", "Event Group Management/MOF_NE_Event Group ManagementData", "Sheet1")

2019-01-31 15:21:40 - [MESSAGE][NOT_RUN] - NOT_RUN: pk_Functions.CS_ClickingonUpdateorDeletebutton.SelectRecordFromWebtableFun("", 0, 3, 2, "Event Group Management/MOF_NE_Event Group ManagementObjectRepository", "Sheet1", "Event Group Management/MOF_NE_Event Group ManagementData", "Sheet1")

2019-01-31 15:21:40 - [TEST_STEP][NOT_RUN] - pk_Functions.CS_SpecificPageData.DataFun(["Arabic Description", "English Description"], "Event Group Management/MOF_NE_Event Group ManagementObjectRepository", "Sheet1", [ArabicDescription, EnglishDescription]): NOT_RUN: pk_Functions.CS_SpecificPageData.DataFun(["Arabic Description", "English Description"], "Event Group Management/MOF_NE_Event Group ManagementObjectRepository", "Sheet1", [ArabicDescription, EnglishDescription])

2019-01-31 15:21:40 - [MESSAGE][NOT_RUN] - NOT_RUN: pk_Functions.CS_SpecificPageData.DataFun(["Arabic Description", "English Description"], "Event Group Management/MOF_NE_Event Group ManagementObjectRepository", "Sheet1", [ArabicDescription, EnglishDescription])

2019-01-31 15:21:40 - [TEST_STEP][NOT_RUN] - click(findTestObject("Event Group Managemnt/BTN_Save")): NOT_RUN: click(findTestObject("Event Group Managemnt/BTN_Save"))

2019-01-31 15:21:40 - [MESSAGE][NOT_RUN] - NOT_RUN: click(findTestObject("Event Group Managemnt/BTN_Save"))

2019-01-31 15:21:40 - [TEST_STEP][NOT_RUN] - click(findTestObject("Event Group Managemnt/BTN_Back")): NOT_RUN: click(findTestObject("Event Group Managemnt/BTN_Back"))

2019-01-31 15:21:40 - [MESSAGE][NOT_RUN] - NOT_RUN: click(findTestObject("Event Group Managemnt/BTN_Back"))

2019-01-31 15:21:40 - [TEST_STEP][ERROR] - pk_Functions.CS_ClickingonUpdateorDeletebutton.SelectRecordFromWebtableFun(ActionType, 0, 3, "MOF_NE_Event Group ManagementObjectRepository", "Sheet1", "Event Group Management/MOF_NE_Event Group ManagementData", "Sheet1", Code): pk_Functions.CS_ClickingonUpdateorDeletebutton.SelectRecordFromWebtableFun(ActionType, 0, 3, "MOF_NE_Event Group ManagementObjectRepository", "Sheet1", "Event Group Management/MOF_NE_Event Group ManagementData", "Sheet1", Code) FAILED.
Reason:
java.lang.IllegalArgumentException: Cannot find test data with id 'Data Files/MOF_NE_Event Group ManagementObjectRepository' because (of) 'java.lang.IllegalArgumentException: Test data with id 'Data Files/MOF_NE_Event Group ManagementObjectRepository' does not exist'
	at com.kms.katalon.core.testdata.TestDataFactory.findTestData(TestDataFactory.java:122)
	at com.kms.katalon.core.testdata.TestDataFactory$findTestData.callStatic(Unknown Source)
	at pk_Functions.CS_ClickingonUpdateorDeletebutton.SelectRecordFromWebtableFun(CS_ClickingonUpdateorDeletebutton.groovy:68)
	at pk_Functions.CS_ClickingonUpdateorDeletebutton.invokeMethod(CS_ClickingonUpdateorDeletebutton.groovy)
	at com.kms.katalon.core.main.CustomKeywordDelegatingMetaClass.invokeStaticMethod(CustomKeywordDelegatingMetaClass.java:49)
	at TC_Update and Delete test.run(TC_Update and Delete test:38)
	at com.kms.katalon.core.main.ScriptEngine.run(ScriptEngine.java:194)
	at com.kms.katalon.core.main.ScriptEngine.runScriptAsRawText(ScriptEngine.java:119)
	at com.kms.katalon.core.main.TestCaseExecutor.runScript(TestCaseExecutor.java:328)
	at com.kms.katalon.core.main.TestCaseExecutor.doExecute(TestCaseExecutor.java:319)
	at com.kms.katalon.core.main.TestCaseExecutor.processExecutionPhase(TestCaseExecutor.java:298)
	at com.kms.katalon.core.main.TestCaseExecutor.accessMainPhase(TestCaseExecutor.java:290)
	at com.kms.katalon.core.main.TestCaseExecutor.execute(TestCaseExecutor.java:224)
	at com.kms.katalon.core.main.TestSuiteExecutor.accessTestCaseMainPhase(TestSuiteExecutor.java:129)
	at com.kms.katalon.core.main.TestSuiteExecutor.accessTestSuiteMainPhase(TestSuiteExecutor.java:112)
	at com.kms.katalon.core.main.TestSuiteExecutor.execute(TestSuiteExecutor.java:81)
	at com.kms.katalon.core.main.TestCaseMain.startTestSuite(TestCaseMain.java:149)
	at com.kms.katalon.core.main.TestCaseMain$startTestSuite$0.call(Unknown Source)
	at TempTestSuite1548940868214.run(TempTestSuite1548940868214.groovy:36)


2019-01-31 15:21:40 - [MESSAGE][ERROR] - Cannot find test data with id 'Data Files/MOF_NE_Event Group ManagementObjectRepository' because (of) 'java.lang.IllegalArgumentException: Test data with id 'Data Files/MOF_NE_Event Group ManagementObjectRepository' does not exist'

2019-01-31 15:21:40 - [MESSAGE][ERROR] - pk_Functions.CS_ClickingonUpdateorDeletebutton.SelectRecordFromWebtableFun(ActionType, 0, 3, "MOF_NE_Event Group ManagementObjectRepository", "Sheet1", "Event Group Management/MOF_NE_Event Group ManagementData", "Sheet1", Code) FAILED.
Reason:
java.lang.IllegalArgumentException: Cannot find test data with id 'Data Files/MOF_NE_Event Group ManagementObjectRepository' because (of) 'java.lang.IllegalArgumentException: Test data with id 'Data Files/MOF_NE_Event Group ManagementObjectRepository' does not exist'
	at com.kms.katalon.core.testdata.TestDataFactory.findTestData(TestDataFactory.java:122)
	at com.kms.katalon.core.testdata.TestDataFactory$findTestData.callStatic(Unknown Source)
	at pk_Functions.CS_ClickingonUpdateorDeletebutton.SelectRecordFromWebtableFun(CS_ClickingonUpdateorDeletebutton.groovy:68)
	at pk_Functions.CS_ClickingonUpdateorDeletebutton.invokeMethod(CS_ClickingonUpdateorDeletebutton.groovy)
	at com.kms.katalon.core.main.CustomKeywordDelegatingMetaClass.invokeStaticMethod(CustomKeywordDelegatingMetaClass.java:49)
	at TC_Update and Delete test.run(TC_Update and Delete test:38)
	at com.kms.katalon.core.main.ScriptEngine.run(ScriptEngine.java:194)
	at com.kms.katalon.core.main.ScriptEngine.runScriptAsRawText(ScriptEngine.java:119)
	at com.kms.katalon.core.main.TestCaseExecutor.runScript(TestCaseExecutor.java:328)
	at com.kms.katalon.core.main.TestCaseExecutor.doExecute(TestCaseExecutor.java:319)
	at com.kms.katalon.core.main.TestCaseExecutor.processExecutionPhase(TestCaseExecutor.java:298)
	at com.kms.katalon.core.main.TestCaseExecutor.accessMainPhase(TestCaseExecutor.java:290)
	at com.kms.katalon.core.main.TestCaseExecutor.execute(TestCaseExecutor.java:224)
	at com.kms.katalon.core.main.TestSuiteExecutor.accessTestCaseMainPhase(TestSuiteExecutor.java:129)
	at com.kms.katalon.core.main.TestSuiteExecutor.accessTestSuiteMainPhase(TestSuiteExecutor.java:112)
	at com.kms.katalon.core.main.TestSuiteExecutor.execute(TestSuiteExecutor.java:81)
	at com.kms.katalon.core.main.TestCaseMain.startTestSuite(TestCaseMain.java:149)
	at com.kms.katalon.core.main.TestCaseMain$startTestSuite$0.call(Unknown Source)
	at TempTestSuite1548940868214.run(TempTestSuite1548940868214.groovy:36)]]></system-out>
         <system-err><![CDATA[2019-01-31 15:21:39 - [TEST_CASE][ERROR] - Test Cases/Event Group Management/TC_Update and Delete test: Test Cases/Event Group Management/TC_Update and Delete test FAILED.
Reason:
java.lang.IllegalArgumentException: Cannot find test data with id 'Data Files/MOF_NE_Event Group ManagementObjectRepository' because (of) 'java.lang.IllegalArgumentException: Test data with id 'Data Files/MOF_NE_Event Group ManagementObjectRepository' does not exist'
	at com.kms.katalon.core.testdata.TestDataFactory.findTestData(TestDataFactory.java:122)
	at com.kms.katalon.core.testdata.TestDataFactory$findTestData.callStatic(Unknown Source)
	at pk_Functions.CS_ClickingonUpdateorDeletebutton.SelectRecordFromWebtableFun(CS_ClickingonUpdateorDeletebutton.groovy:68)
	at pk_Functions.CS_ClickingonUpdateorDeletebutton.invokeMethod(CS_ClickingonUpdateorDeletebutton.groovy)
	at com.kms.katalon.core.main.CustomKeywordDelegatingMetaClass.invokeStaticMethod(CustomKeywordDelegatingMetaClass.java:49)
	at TC_Update and Delete test.run(TC_Update and Delete test:38)
	at com.kms.katalon.core.main.ScriptEngine.run(ScriptEngine.java:194)
	at com.kms.katalon.core.main.ScriptEngine.runScriptAsRawText(ScriptEngine.java:119)
	at com.kms.katalon.core.main.TestCaseExecutor.runScript(TestCaseExecutor.java:328)
	at com.kms.katalon.core.main.TestCaseExecutor.doExecute(TestCaseExecutor.java:319)
	at com.kms.katalon.core.main.TestCaseExecutor.processExecutionPhase(TestCaseExecutor.java:298)
	at com.kms.katalon.core.main.TestCaseExecutor.accessMainPhase(TestCaseExecutor.java:290)
	at com.kms.katalon.core.main.TestCaseExecutor.execute(TestCaseExecutor.java:224)
	at com.kms.katalon.core.main.TestSuiteExecutor.accessTestCaseMainPhase(TestSuiteExecutor.java:129)
	at com.kms.katalon.core.main.TestSuiteExecutor.accessTestSuiteMainPhase(TestSuiteExecutor.java:112)
	at com.kms.katalon.core.main.TestSuiteExecutor.execute(TestSuiteExecutor.java:81)
	at com.kms.katalon.core.main.TestCaseMain.startTestSuite(TestCaseMain.java:149)
	at com.kms.katalon.core.main.TestCaseMain$startTestSuite$0.call(Unknown Source)
	at TempTestSuite1548940868214.run(TempTestSuite1548940868214.groovy:36)]]></system-err>
      </testcase>
      <testcase name="Test Cases/Event Group Management/TC_Update and Delete test" classname="Test Cases/Event Group Management/TC_Update and Delete test" status="ERROR">
         <error type="ERROR" message="Test Cases/Event Group Management/TC_Update and Delete test FAILED.
Reason:
java.lang.IllegalArgumentException: Cannot find test data with id 'Data Files/MOF_NE_Event Group ManagementObjectRepository' because (of) 'java.lang.IllegalArgumentException: Test data with id 'Data Files/MOF_NE_Event Group ManagementObjectRepository' does not exist'
	at com.kms.katalon.core.testdata.TestDataFactory.findTestData(TestDataFactory.java:122)
	at com.kms.katalon.core.testdata.TestDataFactory$findTestData.callStatic(Unknown Source)
	at pk_Functions.CS_ClickingonUpdateorDeletebutton.SelectRecordFromWebtableFun(CS_ClickingonUpdateorDeletebutton.groovy:68)
	at pk_Functions.CS_ClickingonUpdateorDeletebutton.invokeMethod(CS_ClickingonUpdateorDeletebutton.groovy)
	at com.kms.katalon.core.main.CustomKeywordDelegatingMetaClass.invokeStaticMethod(CustomKeywordDelegatingMetaClass.java:49)
	at TC_Update and Delete test.run(TC_Update and Delete test:38)
	at com.kms.katalon.core.main.ScriptEngine.run(ScriptEngine.java:194)
	at com.kms.katalon.core.main.ScriptEngine.runScriptAsRawText(ScriptEngine.java:119)
	at com.kms.katalon.core.main.TestCaseExecutor.runScript(TestCaseExecutor.java:328)
	at com.kms.katalon.core.main.TestCaseExecutor.doExecute(TestCaseExecutor.java:319)
	at com.kms.katalon.core.main.TestCaseExecutor.processExecutionPhase(TestCaseExecutor.java:298)
	at com.kms.katalon.core.main.TestCaseExecutor.accessMainPhase(TestCaseExecutor.java:290)
	at com.kms.katalon.core.main.TestCaseExecutor.execute(TestCaseExecutor.java:224)
	at com.kms.katalon.core.main.TestSuiteExecutor.accessTestCaseMainPhase(TestSuiteExecutor.java:129)
	at com.kms.katalon.core.main.TestSuiteExecutor.accessTestSuiteMainPhase(TestSuiteExecutor.java:112)
	at com.kms.katalon.core.main.TestSuiteExecutor.execute(TestSuiteExecutor.java:81)
	at com.kms.katalon.core.main.TestCaseMain.startTestSuite(TestCaseMain.java:149)
	at com.kms.katalon.core.main.TestCaseMain$startTestSuite$0.call(Unknown Source)
	at TempTestSuite1548940868214.run(TempTestSuite1548940868214.groovy:36)
"/>
         <system-out><![CDATA[2019-01-31 15:21:40 - [TEST_CASE][ERROR] - Test Cases/Event Group Management/TC_Update and Delete test: Test Cases/Event Group Management/TC_Update and Delete test FAILED.
Reason:
java.lang.IllegalArgumentException: Cannot find test data with id 'Data Files/MOF_NE_Event Group ManagementObjectRepository' because (of) 'java.lang.IllegalArgumentException: Test data with id 'Data Files/MOF_NE_Event Group ManagementObjectRepository' does not exist'
	at com.kms.katalon.core.testdata.TestDataFactory.findTestData(TestDataFactory.java:122)
	at com.kms.katalon.core.testdata.TestDataFactory$findTestData.callStatic(Unknown Source)
	at pk_Functions.CS_ClickingonUpdateorDeletebutton.SelectRecordFromWebtableFun(CS_ClickingonUpdateorDeletebutton.groovy:68)
	at pk_Functions.CS_ClickingonUpdateorDeletebutton.invokeMethod(CS_ClickingonUpdateorDeletebutton.groovy)
	at com.kms.katalon.core.main.CustomKeywordDelegatingMetaClass.invokeStaticMethod(CustomKeywordDelegatingMetaClass.java:49)
	at TC_Update and Delete test.run(TC_Update and Delete test:38)
	at com.kms.katalon.core.main.ScriptEngine.run(ScriptEngine.java:194)
	at com.kms.katalon.core.main.ScriptEngine.runScriptAsRawText(ScriptEngine.java:119)
	at com.kms.katalon.core.main.TestCaseExecutor.runScript(TestCaseExecutor.java:328)
	at com.kms.katalon.core.main.TestCaseExecutor.doExecute(TestCaseExecutor.java:319)
	at com.kms.katalon.core.main.TestCaseExecutor.processExecutionPhase(TestCaseExecutor.java:298)
	at com.kms.katalon.core.main.TestCaseExecutor.accessMainPhase(TestCaseExecutor.java:290)
	at com.kms.katalon.core.main.TestCaseExecutor.execute(TestCaseExecutor.java:224)
	at com.kms.katalon.core.main.TestSuiteExecutor.accessTestCaseMainPhase(TestSuiteExecutor.java:129)
	at com.kms.katalon.core.main.TestSuiteExecutor.accessTestSuiteMainPhase(TestSuiteExecutor.java:112)
	at com.kms.katalon.core.main.TestSuiteExecutor.execute(TestSuiteExecutor.java:81)
	at com.kms.katalon.core.main.TestCaseMain.startTestSuite(TestCaseMain.java:149)
	at com.kms.katalon.core.main.TestCaseMain$startTestSuite$0.call(Unknown Source)
	at TempTestSuite1548940868214.run(TempTestSuite1548940868214.groovy:36)


2019-01-31 15:21:40 - [TEST_STEP][NOT_RUN] - pk_Functions.CS_Login.LoginFun(findTestObject(null), "http://192.168.0.190:8080/mof/#/", findTestObject("Login/Username"), findTestObject("Login/Password"), "AAttia", "123", findTestObject("Login/Login")): NOT_RUN: pk_Functions.CS_Login.LoginFun(findTestObject(null), "http://192.168.0.190:8080/mof/#/", findTestObject("Login/Username"), findTestObject("Login/Password"), "AAttia", "123", findTestObject("Login/Login"))

2019-01-31 15:21:40 - [MESSAGE][NOT_RUN] - NOT_RUN: pk_Functions.CS_Login.LoginFun(findTestObject(null), "http://192.168.0.190:8080/mof/#/", findTestObject("Login/Username"), findTestObject("Login/Password"), "AAttia", "123", findTestObject("Login/Login"))

2019-01-31 15:21:40 - [TEST_STEP][NOT_RUN] - click(findTestObject("NE_SideMenu")): NOT_RUN: click(findTestObject("NE_SideMenu"))

2019-01-31 15:21:40 - [MESSAGE][NOT_RUN] - NOT_RUN: click(findTestObject("NE_SideMenu"))

2019-01-31 15:21:40 - [TEST_STEP][NOT_RUN] - click(findTestObject("NE_EventGroupManagement")): NOT_RUN: click(findTestObject("NE_EventGroupManagement"))

2019-01-31 15:21:40 - [MESSAGE][NOT_RUN] - NOT_RUN: click(findTestObject("NE_EventGroupManagement"))

2019-01-31 15:21:40 - [TEST_STEP][PASSED] - delay(1): Delayed 1 second(s)

2019-01-31 15:21:41 - [MESSAGE][PASSED] - Delayed 1 second(s)

2019-01-31 15:21:41 - [TEST_STEP][NOT_RUN] - pk_Functions.CS_ClickingonUpdateorDeletebutton.SelectRecordFromWebtableFun("Event Group Management/MOF_NE_Event Group ManagementData", "Sheet1"): NOT_RUN: pk_Functions.CS_ClickingonUpdateorDeletebutton.SelectRecordFromWebtableFun("Event Group Management/MOF_NE_Event Group ManagementData", "Sheet1")

2019-01-31 15:21:41 - [MESSAGE][NOT_RUN] - NOT_RUN: pk_Functions.CS_ClickingonUpdateorDeletebutton.SelectRecordFromWebtableFun("Event Group Management/MOF_NE_Event Group ManagementData", "Sheet1")

2019-01-31 15:21:41 - [TEST_STEP][NOT_RUN] - pk_Functions.CS_ClickingonUpdateorDeletebutton.SelectRecordFromWebtableFun("", 0, 3, 2, "Event Group Management/MOF_NE_Event Group ManagementObjectRepository", "Sheet1", "Event Group Management/MOF_NE_Event Group ManagementData", "Sheet1"): NOT_RUN: pk_Functions.CS_ClickingonUpdateorDeletebutton.SelectRecordFromWebtableFun("", 0, 3, 2, "Event Group Management/MOF_NE_Event Group ManagementObjectRepository", "Sheet1", "Event Group Management/MOF_NE_Event Group ManagementData", "Sheet1")

2019-01-31 15:21:41 - [MESSAGE][NOT_RUN] - NOT_RUN: pk_Functions.CS_ClickingonUpdateorDeletebutton.SelectRecordFromWebtableFun("", 0, 3, 2, "Event Group Management/MOF_NE_Event Group ManagementObjectRepository", "Sheet1", "Event Group Management/MOF_NE_Event Group ManagementData", "Sheet1")

2019-01-31 15:21:41 - [TEST_STEP][NOT_RUN] - pk_Functions.CS_SpecificPageData.DataFun(["Arabic Description", "English Description"], "Event Group Management/MOF_NE_Event Group ManagementObjectRepository", "Sheet1", [ArabicDescription, EnglishDescription]): NOT_RUN: pk_Functions.CS_SpecificPageData.DataFun(["Arabic Description", "English Description"], "Event Group Management/MOF_NE_Event Group ManagementObjectRepository", "Sheet1", [ArabicDescription, EnglishDescription])

2019-01-31 15:21:41 - [MESSAGE][NOT_RUN] - NOT_RUN: pk_Functions.CS_SpecificPageData.DataFun(["Arabic Description", "English Description"], "Event Group Management/MOF_NE_Event Group ManagementObjectRepository", "Sheet1", [ArabicDescription, EnglishDescription])

2019-01-31 15:21:41 - [TEST_STEP][NOT_RUN] - click(findTestObject("Event Group Managemnt/BTN_Save")): NOT_RUN: click(findTestObject("Event Group Managemnt/BTN_Save"))

2019-01-31 15:21:41 - [MESSAGE][NOT_RUN] - NOT_RUN: click(findTestObject("Event Group Managemnt/BTN_Save"))

2019-01-31 15:21:41 - [TEST_STEP][NOT_RUN] - click(findTestObject("Event Group Managemnt/BTN_Back")): NOT_RUN: click(findTestObject("Event Group Managemnt/BTN_Back"))

2019-01-31 15:21:41 - [MESSAGE][NOT_RUN] - NOT_RUN: click(findTestObject("Event Group Managemnt/BTN_Back"))

2019-01-31 15:21:41 - [TEST_STEP][ERROR] - pk_Functions.CS_ClickingonUpdateorDeletebutton.SelectRecordFromWebtableFun(ActionType, 0, 3, "MOF_NE_Event Group ManagementObjectRepository", "Sheet1", "Event Group Management/MOF_NE_Event Group ManagementData", "Sheet1", Code): pk_Functions.CS_ClickingonUpdateorDeletebutton.SelectRecordFromWebtableFun(ActionType, 0, 3, "MOF_NE_Event Group ManagementObjectRepository", "Sheet1", "Event Group Management/MOF_NE_Event Group ManagementData", "Sheet1", Code) FAILED.
Reason:
java.lang.IllegalArgumentException: Cannot find test data with id 'Data Files/MOF_NE_Event Group ManagementObjectRepository' because (of) 'java.lang.IllegalArgumentException: Test data with id 'Data Files/MOF_NE_Event Group ManagementObjectRepository' does not exist'
	at com.kms.katalon.core.testdata.TestDataFactory.findTestData(TestDataFactory.java:122)
	at com.kms.katalon.core.testdata.TestDataFactory$findTestData.callStatic(Unknown Source)
	at pk_Functions.CS_ClickingonUpdateorDeletebutton.SelectRecordFromWebtableFun(CS_ClickingonUpdateorDeletebutton.groovy:68)
	at pk_Functions.CS_ClickingonUpdateorDeletebutton.invokeMethod(CS_ClickingonUpdateorDeletebutton.groovy)
	at com.kms.katalon.core.main.CustomKeywordDelegatingMetaClass.invokeStaticMethod(CustomKeywordDelegatingMetaClass.java:49)
	at TC_Update and Delete test.run(TC_Update and Delete test:38)
	at com.kms.katalon.core.main.ScriptEngine.run(ScriptEngine.java:194)
	at com.kms.katalon.core.main.ScriptEngine.runScriptAsRawText(ScriptEngine.java:119)
	at com.kms.katalon.core.main.TestCaseExecutor.runScript(TestCaseExecutor.java:328)
	at com.kms.katalon.core.main.TestCaseExecutor.doExecute(TestCaseExecutor.java:319)
	at com.kms.katalon.core.main.TestCaseExecutor.processExecutionPhase(TestCaseExecutor.java:298)
	at com.kms.katalon.core.main.TestCaseExecutor.accessMainPhase(TestCaseExecutor.java:290)
	at com.kms.katalon.core.main.TestCaseExecutor.execute(TestCaseExecutor.java:224)
	at com.kms.katalon.core.main.TestSuiteExecutor.accessTestCaseMainPhase(TestSuiteExecutor.java:129)
	at com.kms.katalon.core.main.TestSuiteExecutor.accessTestSuiteMainPhase(TestSuiteExecutor.java:112)
	at com.kms.katalon.core.main.TestSuiteExecutor.execute(TestSuiteExecutor.java:81)
	at com.kms.katalon.core.main.TestCaseMain.startTestSuite(TestCaseMain.java:149)
	at com.kms.katalon.core.main.TestCaseMain$startTestSuite$0.call(Unknown Source)
	at TempTestSuite1548940868214.run(TempTestSuite1548940868214.groovy:36)


2019-01-31 15:21:41 - [MESSAGE][ERROR] - Cannot find test data with id 'Data Files/MOF_NE_Event Group ManagementObjectRepository' because (of) 'java.lang.IllegalArgumentException: Test data with id 'Data Files/MOF_NE_Event Group ManagementObjectRepository' does not exist'

2019-01-31 15:21:41 - [MESSAGE][ERROR] - pk_Functions.CS_ClickingonUpdateorDeletebutton.SelectRecordFromWebtableFun(ActionType, 0, 3, "MOF_NE_Event Group ManagementObjectRepository", "Sheet1", "Event Group Management/MOF_NE_Event Group ManagementData", "Sheet1", Code) FAILED.
Reason:
java.lang.IllegalArgumentException: Cannot find test data with id 'Data Files/MOF_NE_Event Group ManagementObjectRepository' because (of) 'java.lang.IllegalArgumentException: Test data with id 'Data Files/MOF_NE_Event Group ManagementObjectRepository' does not exist'
	at com.kms.katalon.core.testdata.TestDataFactory.findTestData(TestDataFactory.java:122)
	at com.kms.katalon.core.testdata.TestDataFactory$findTestData.callStatic(Unknown Source)
	at pk_Functions.CS_ClickingonUpdateorDeletebutton.SelectRecordFromWebtableFun(CS_ClickingonUpdateorDeletebutton.groovy:68)
	at pk_Functions.CS_ClickingonUpdateorDeletebutton.invokeMethod(CS_ClickingonUpdateorDeletebutton.groovy)
	at com.kms.katalon.core.main.CustomKeywordDelegatingMetaClass.invokeStaticMethod(CustomKeywordDelegatingMetaClass.java:49)
	at TC_Update and Delete test.run(TC_Update and Delete test:38)
	at com.kms.katalon.core.main.ScriptEngine.run(ScriptEngine.java:194)
	at com.kms.katalon.core.main.ScriptEngine.runScriptAsRawText(ScriptEngine.java:119)
	at com.kms.katalon.core.main.TestCaseExecutor.runScript(TestCaseExecutor.java:328)
	at com.kms.katalon.core.main.TestCaseExecutor.doExecute(TestCaseExecutor.java:319)
	at com.kms.katalon.core.main.TestCaseExecutor.processExecutionPhase(TestCaseExecutor.java:298)
	at com.kms.katalon.core.main.TestCaseExecutor.accessMainPhase(TestCaseExecutor.java:290)
	at com.kms.katalon.core.main.TestCaseExecutor.execute(TestCaseExecutor.java:224)
	at com.kms.katalon.core.main.TestSuiteExecutor.accessTestCaseMainPhase(TestSuiteExecutor.java:129)
	at com.kms.katalon.core.main.TestSuiteExecutor.accessTestSuiteMainPhase(TestSuiteExecutor.java:112)
	at com.kms.katalon.core.main.TestSuiteExecutor.execute(TestSuiteExecutor.java:81)
	at com.kms.katalon.core.main.TestCaseMain.startTestSuite(TestCaseMain.java:149)
	at com.kms.katalon.core.main.TestCaseMain$startTestSuite$0.call(Unknown Source)
	at TempTestSuite1548940868214.run(TempTestSuite1548940868214.groovy:36)]]></system-out>
         <system-err><![CDATA[2019-01-31 15:21:40 - [TEST_CASE][ERROR] - Test Cases/Event Group Management/TC_Update and Delete test: Test Cases/Event Group Management/TC_Update and Delete test FAILED.
Reason:
java.lang.IllegalArgumentException: Cannot find test data with id 'Data Files/MOF_NE_Event Group ManagementObjectRepository' because (of) 'java.lang.IllegalArgumentException: Test data with id 'Data Files/MOF_NE_Event Group ManagementObjectRepository' does not exist'
	at com.kms.katalon.core.testdata.TestDataFactory.findTestData(TestDataFactory.java:122)
	at com.kms.katalon.core.testdata.TestDataFactory$findTestData.callStatic(Unknown Source)
	at pk_Functions.CS_ClickingonUpdateorDeletebutton.SelectRecordFromWebtableFun(CS_ClickingonUpdateorDeletebutton.groovy:68)
	at pk_Functions.CS_ClickingonUpdateorDeletebutton.invokeMethod(CS_ClickingonUpdateorDeletebutton.groovy)
	at com.kms.katalon.core.main.CustomKeywordDelegatingMetaClass.invokeStaticMethod(CustomKeywordDelegatingMetaClass.java:49)
	at TC_Update and Delete test.run(TC_Update and Delete test:38)
	at com.kms.katalon.core.main.ScriptEngine.run(ScriptEngine.java:194)
	at com.kms.katalon.core.main.ScriptEngine.runScriptAsRawText(ScriptEngine.java:119)
	at com.kms.katalon.core.main.TestCaseExecutor.runScript(TestCaseExecutor.java:328)
	at com.kms.katalon.core.main.TestCaseExecutor.doExecute(TestCaseExecutor.java:319)
	at com.kms.katalon.core.main.TestCaseExecutor.processExecutionPhase(TestCaseExecutor.java:298)
	at com.kms.katalon.core.main.TestCaseExecutor.accessMainPhase(TestCaseExecutor.java:290)
	at com.kms.katalon.core.main.TestCaseExecutor.execute(TestCaseExecutor.java:224)
	at com.kms.katalon.core.main.TestSuiteExecutor.accessTestCaseMainPhase(TestSuiteExecutor.java:129)
	at com.kms.katalon.core.main.TestSuiteExecutor.accessTestSuiteMainPhase(TestSuiteExecutor.java:112)
	at com.kms.katalon.core.main.TestSuiteExecutor.execute(TestSuiteExecutor.java:81)
	at com.kms.katalon.core.main.TestCaseMain.startTestSuite(TestCaseMain.java:149)
	at com.kms.katalon.core.main.TestCaseMain$startTestSuite$0.call(Unknown Source)
	at TempTestSuite1548940868214.run(TempTestSuite1548940868214.groovy:36)]]></system-err>
      </testcase>
      <testcase name="Test Cases/Event Group Management/TC_Update and Delete test" classname="Test Cases/Event Group Management/TC_Update and Delete test" status="ERROR">
         <error type="ERROR" message="Test Cases/Event Group Management/TC_Update and Delete test FAILED.
Reason:
java.lang.IllegalArgumentException: Cannot find test data with id 'Data Files/MOF_NE_Event Group ManagementObjectRepository' because (of) 'java.lang.IllegalArgumentException: Test data with id 'Data Files/MOF_NE_Event Group ManagementObjectRepository' does not exist'
	at com.kms.katalon.core.testdata.TestDataFactory.findTestData(TestDataFactory.java:122)
	at com.kms.katalon.core.testdata.TestDataFactory$findTestData.callStatic(Unknown Source)
	at pk_Functions.CS_ClickingonUpdateorDeletebutton.SelectRecordFromWebtableFun(CS_ClickingonUpdateorDeletebutton.groovy:68)
	at pk_Functions.CS_ClickingonUpdateorDeletebutton.invokeMethod(CS_ClickingonUpdateorDeletebutton.groovy)
	at com.kms.katalon.core.main.CustomKeywordDelegatingMetaClass.invokeStaticMethod(CustomKeywordDelegatingMetaClass.java:49)
	at TC_Update and Delete test.run(TC_Update and Delete test:38)
	at com.kms.katalon.core.main.ScriptEngine.run(ScriptEngine.java:194)
	at com.kms.katalon.core.main.ScriptEngine.runScriptAsRawText(ScriptEngine.java:119)
	at com.kms.katalon.core.main.TestCaseExecutor.runScript(TestCaseExecutor.java:328)
	at com.kms.katalon.core.main.TestCaseExecutor.doExecute(TestCaseExecutor.java:319)
	at com.kms.katalon.core.main.TestCaseExecutor.processExecutionPhase(TestCaseExecutor.java:298)
	at com.kms.katalon.core.main.TestCaseExecutor.accessMainPhase(TestCaseExecutor.java:290)
	at com.kms.katalon.core.main.TestCaseExecutor.execute(TestCaseExecutor.java:224)
	at com.kms.katalon.core.main.TestSuiteExecutor.accessTestCaseMainPhase(TestSuiteExecutor.java:129)
	at com.kms.katalon.core.main.TestSuiteExecutor.accessTestSuiteMainPhase(TestSuiteExecutor.java:112)
	at com.kms.katalon.core.main.TestSuiteExecutor.execute(TestSuiteExecutor.java:81)
	at com.kms.katalon.core.main.TestCaseMain.startTestSuite(TestCaseMain.java:149)
	at com.kms.katalon.core.main.TestCaseMain$startTestSuite$0.call(Unknown Source)
	at TempTestSuite1548940868214.run(TempTestSuite1548940868214.groovy:36)
"/>
         <system-out><![CDATA[2019-01-31 15:21:41 - [TEST_CASE][ERROR] - Test Cases/Event Group Management/TC_Update and Delete test: Test Cases/Event Group Management/TC_Update and Delete test FAILED.
Reason:
java.lang.IllegalArgumentException: Cannot find test data with id 'Data Files/MOF_NE_Event Group ManagementObjectRepository' because (of) 'java.lang.IllegalArgumentException: Test data with id 'Data Files/MOF_NE_Event Group ManagementObjectRepository' does not exist'
	at com.kms.katalon.core.testdata.TestDataFactory.findTestData(TestDataFactory.java:122)
	at com.kms.katalon.core.testdata.TestDataFactory$findTestData.callStatic(Unknown Source)
	at pk_Functions.CS_ClickingonUpdateorDeletebutton.SelectRecordFromWebtableFun(CS_ClickingonUpdateorDeletebutton.groovy:68)
	at pk_Functions.CS_ClickingonUpdateorDeletebutton.invokeMethod(CS_ClickingonUpdateorDeletebutton.groovy)
	at com.kms.katalon.core.main.CustomKeywordDelegatingMetaClass.invokeStaticMethod(CustomKeywordDelegatingMetaClass.java:49)
	at TC_Update and Delete test.run(TC_Update and Delete test:38)
	at com.kms.katalon.core.main.ScriptEngine.run(ScriptEngine.java:194)
	at com.kms.katalon.core.main.ScriptEngine.runScriptAsRawText(ScriptEngine.java:119)
	at com.kms.katalon.core.main.TestCaseExecutor.runScript(TestCaseExecutor.java:328)
	at com.kms.katalon.core.main.TestCaseExecutor.doExecute(TestCaseExecutor.java:319)
	at com.kms.katalon.core.main.TestCaseExecutor.processExecutionPhase(TestCaseExecutor.java:298)
	at com.kms.katalon.core.main.TestCaseExecutor.accessMainPhase(TestCaseExecutor.java:290)
	at com.kms.katalon.core.main.TestCaseExecutor.execute(TestCaseExecutor.java:224)
	at com.kms.katalon.core.main.TestSuiteExecutor.accessTestCaseMainPhase(TestSuiteExecutor.java:129)
	at com.kms.katalon.core.main.TestSuiteExecutor.accessTestSuiteMainPhase(TestSuiteExecutor.java:112)
	at com.kms.katalon.core.main.TestSuiteExecutor.execute(TestSuiteExecutor.java:81)
	at com.kms.katalon.core.main.TestCaseMain.startTestSuite(TestCaseMain.java:149)
	at com.kms.katalon.core.main.TestCaseMain$startTestSuite$0.call(Unknown Source)
	at TempTestSuite1548940868214.run(TempTestSuite1548940868214.groovy:36)


2019-01-31 15:21:41 - [TEST_STEP][NOT_RUN] - pk_Functions.CS_Login.LoginFun(findTestObject(null), "http://192.168.0.190:8080/mof/#/", findTestObject("Login/Username"), findTestObject("Login/Password"), "AAttia", "123", findTestObject("Login/Login")): NOT_RUN: pk_Functions.CS_Login.LoginFun(findTestObject(null), "http://192.168.0.190:8080/mof/#/", findTestObject("Login/Username"), findTestObject("Login/Password"), "AAttia", "123", findTestObject("Login/Login"))

2019-01-31 15:21:41 - [MESSAGE][NOT_RUN] - NOT_RUN: pk_Functions.CS_Login.LoginFun(findTestObject(null), "http://192.168.0.190:8080/mof/#/", findTestObject("Login/Username"), findTestObject("Login/Password"), "AAttia", "123", findTestObject("Login/Login"))

2019-01-31 15:21:41 - [TEST_STEP][NOT_RUN] - click(findTestObject("NE_SideMenu")): NOT_RUN: click(findTestObject("NE_SideMenu"))

2019-01-31 15:21:41 - [MESSAGE][NOT_RUN] - NOT_RUN: click(findTestObject("NE_SideMenu"))

2019-01-31 15:21:41 - [TEST_STEP][NOT_RUN] - click(findTestObject("NE_EventGroupManagement")): NOT_RUN: click(findTestObject("NE_EventGroupManagement"))

2019-01-31 15:21:41 - [MESSAGE][NOT_RUN] - NOT_RUN: click(findTestObject("NE_EventGroupManagement"))

2019-01-31 15:21:41 - [TEST_STEP][PASSED] - delay(1): Delayed 1 second(s)

2019-01-31 15:21:42 - [MESSAGE][PASSED] - Delayed 1 second(s)

2019-01-31 15:21:42 - [TEST_STEP][NOT_RUN] - pk_Functions.CS_ClickingonUpdateorDeletebutton.SelectRecordFromWebtableFun("Event Group Management/MOF_NE_Event Group ManagementData", "Sheet1"): NOT_RUN: pk_Functions.CS_ClickingonUpdateorDeletebutton.SelectRecordFromWebtableFun("Event Group Management/MOF_NE_Event Group ManagementData", "Sheet1")

2019-01-31 15:21:42 - [MESSAGE][NOT_RUN] - NOT_RUN: pk_Functions.CS_ClickingonUpdateorDeletebutton.SelectRecordFromWebtableFun("Event Group Management/MOF_NE_Event Group ManagementData", "Sheet1")

2019-01-31 15:21:42 - [TEST_STEP][NOT_RUN] - pk_Functions.CS_ClickingonUpdateorDeletebutton.SelectRecordFromWebtableFun("", 0, 3, 2, "Event Group Management/MOF_NE_Event Group ManagementObjectRepository", "Sheet1", "Event Group Management/MOF_NE_Event Group ManagementData", "Sheet1"): NOT_RUN: pk_Functions.CS_ClickingonUpdateorDeletebutton.SelectRecordFromWebtableFun("", 0, 3, 2, "Event Group Management/MOF_NE_Event Group ManagementObjectRepository", "Sheet1", "Event Group Management/MOF_NE_Event Group ManagementData", "Sheet1")

2019-01-31 15:21:42 - [MESSAGE][NOT_RUN] - NOT_RUN: pk_Functions.CS_ClickingonUpdateorDeletebutton.SelectRecordFromWebtableFun("", 0, 3, 2, "Event Group Management/MOF_NE_Event Group ManagementObjectRepository", "Sheet1", "Event Group Management/MOF_NE_Event Group ManagementData", "Sheet1")

2019-01-31 15:21:42 - [TEST_STEP][NOT_RUN] - pk_Functions.CS_SpecificPageData.DataFun(["Arabic Description", "English Description"], "Event Group Management/MOF_NE_Event Group ManagementObjectRepository", "Sheet1", [ArabicDescription, EnglishDescription]): NOT_RUN: pk_Functions.CS_SpecificPageData.DataFun(["Arabic Description", "English Description"], "Event Group Management/MOF_NE_Event Group ManagementObjectRepository", "Sheet1", [ArabicDescription, EnglishDescription])

2019-01-31 15:21:42 - [MESSAGE][NOT_RUN] - NOT_RUN: pk_Functions.CS_SpecificPageData.DataFun(["Arabic Description", "English Description"], "Event Group Management/MOF_NE_Event Group ManagementObjectRepository", "Sheet1", [ArabicDescription, EnglishDescription])

2019-01-31 15:21:42 - [TEST_STEP][NOT_RUN] - click(findTestObject("Event Group Managemnt/BTN_Save")): NOT_RUN: click(findTestObject("Event Group Managemnt/BTN_Save"))

2019-01-31 15:21:42 - [MESSAGE][NOT_RUN] - NOT_RUN: click(findTestObject("Event Group Managemnt/BTN_Save"))

2019-01-31 15:21:42 - [TEST_STEP][NOT_RUN] - click(findTestObject("Event Group Managemnt/BTN_Back")): NOT_RUN: click(findTestObject("Event Group Managemnt/BTN_Back"))

2019-01-31 15:21:42 - [MESSAGE][NOT_RUN] - NOT_RUN: click(findTestObject("Event Group Managemnt/BTN_Back"))

2019-01-31 15:21:42 - [TEST_STEP][ERROR] - pk_Functions.CS_ClickingonUpdateorDeletebutton.SelectRecordFromWebtableFun(ActionType, 0, 3, "MOF_NE_Event Group ManagementObjectRepository", "Sheet1", "Event Group Management/MOF_NE_Event Group ManagementData", "Sheet1", Code): pk_Functions.CS_ClickingonUpdateorDeletebutton.SelectRecordFromWebtableFun(ActionType, 0, 3, "MOF_NE_Event Group ManagementObjectRepository", "Sheet1", "Event Group Management/MOF_NE_Event Group ManagementData", "Sheet1", Code) FAILED.
Reason:
java.lang.IllegalArgumentException: Cannot find test data with id 'Data Files/MOF_NE_Event Group ManagementObjectRepository' because (of) 'java.lang.IllegalArgumentException: Test data with id 'Data Files/MOF_NE_Event Group ManagementObjectRepository' does not exist'
	at com.kms.katalon.core.testdata.TestDataFactory.findTestData(TestDataFactory.java:122)
	at com.kms.katalon.core.testdata.TestDataFactory$findTestData.callStatic(Unknown Source)
	at pk_Functions.CS_ClickingonUpdateorDeletebutton.SelectRecordFromWebtableFun(CS_ClickingonUpdateorDeletebutton.groovy:68)
	at pk_Functions.CS_ClickingonUpdateorDeletebutton.invokeMethod(CS_ClickingonUpdateorDeletebutton.groovy)
	at com.kms.katalon.core.main.CustomKeywordDelegatingMetaClass.invokeStaticMethod(CustomKeywordDelegatingMetaClass.java:49)
	at TC_Update and Delete test.run(TC_Update and Delete test:38)
	at com.kms.katalon.core.main.ScriptEngine.run(ScriptEngine.java:194)
	at com.kms.katalon.core.main.ScriptEngine.runScriptAsRawText(ScriptEngine.java:119)
	at com.kms.katalon.core.main.TestCaseExecutor.runScript(TestCaseExecutor.java:328)
	at com.kms.katalon.core.main.TestCaseExecutor.doExecute(TestCaseExecutor.java:319)
	at com.kms.katalon.core.main.TestCaseExecutor.processExecutionPhase(TestCaseExecutor.java:298)
	at com.kms.katalon.core.main.TestCaseExecutor.accessMainPhase(TestCaseExecutor.java:290)
	at com.kms.katalon.core.main.TestCaseExecutor.execute(TestCaseExecutor.java:224)
	at com.kms.katalon.core.main.TestSuiteExecutor.accessTestCaseMainPhase(TestSuiteExecutor.java:129)
	at com.kms.katalon.core.main.TestSuiteExecutor.accessTestSuiteMainPhase(TestSuiteExecutor.java:112)
	at com.kms.katalon.core.main.TestSuiteExecutor.execute(TestSuiteExecutor.java:81)
	at com.kms.katalon.core.main.TestCaseMain.startTestSuite(TestCaseMain.java:149)
	at com.kms.katalon.core.main.TestCaseMain$startTestSuite$0.call(Unknown Source)
	at TempTestSuite1548940868214.run(TempTestSuite1548940868214.groovy:36)


2019-01-31 15:21:42 - [MESSAGE][ERROR] - Cannot find test data with id 'Data Files/MOF_NE_Event Group ManagementObjectRepository' because (of) 'java.lang.IllegalArgumentException: Test data with id 'Data Files/MOF_NE_Event Group ManagementObjectRepository' does not exist'

2019-01-31 15:21:42 - [MESSAGE][ERROR] - pk_Functions.CS_ClickingonUpdateorDeletebutton.SelectRecordFromWebtableFun(ActionType, 0, 3, "MOF_NE_Event Group ManagementObjectRepository", "Sheet1", "Event Group Management/MOF_NE_Event Group ManagementData", "Sheet1", Code) FAILED.
Reason:
java.lang.IllegalArgumentException: Cannot find test data with id 'Data Files/MOF_NE_Event Group ManagementObjectRepository' because (of) 'java.lang.IllegalArgumentException: Test data with id 'Data Files/MOF_NE_Event Group ManagementObjectRepository' does not exist'
	at com.kms.katalon.core.testdata.TestDataFactory.findTestData(TestDataFactory.java:122)
	at com.kms.katalon.core.testdata.TestDataFactory$findTestData.callStatic(Unknown Source)
	at pk_Functions.CS_ClickingonUpdateorDeletebutton.SelectRecordFromWebtableFun(CS_ClickingonUpdateorDeletebutton.groovy:68)
	at pk_Functions.CS_ClickingonUpdateorDeletebutton.invokeMethod(CS_ClickingonUpdateorDeletebutton.groovy)
	at com.kms.katalon.core.main.CustomKeywordDelegatingMetaClass.invokeStaticMethod(CustomKeywordDelegatingMetaClass.java:49)
	at TC_Update and Delete test.run(TC_Update and Delete test:38)
	at com.kms.katalon.core.main.ScriptEngine.run(ScriptEngine.java:194)
	at com.kms.katalon.core.main.ScriptEngine.runScriptAsRawText(ScriptEngine.java:119)
	at com.kms.katalon.core.main.TestCaseExecutor.runScript(TestCaseExecutor.java:328)
	at com.kms.katalon.core.main.TestCaseExecutor.doExecute(TestCaseExecutor.java:319)
	at com.kms.katalon.core.main.TestCaseExecutor.processExecutionPhase(TestCaseExecutor.java:298)
	at com.kms.katalon.core.main.TestCaseExecutor.accessMainPhase(TestCaseExecutor.java:290)
	at com.kms.katalon.core.main.TestCaseExecutor.execute(TestCaseExecutor.java:224)
	at com.kms.katalon.core.main.TestSuiteExecutor.accessTestCaseMainPhase(TestSuiteExecutor.java:129)
	at com.kms.katalon.core.main.TestSuiteExecutor.accessTestSuiteMainPhase(TestSuiteExecutor.java:112)
	at com.kms.katalon.core.main.TestSuiteExecutor.execute(TestSuiteExecutor.java:81)
	at com.kms.katalon.core.main.TestCaseMain.startTestSuite(TestCaseMain.java:149)
	at com.kms.katalon.core.main.TestCaseMain$startTestSuite$0.call(Unknown Source)
	at TempTestSuite1548940868214.run(TempTestSuite1548940868214.groovy:36)]]></system-out>
         <system-err><![CDATA[2019-01-31 15:21:41 - [TEST_CASE][ERROR] - Test Cases/Event Group Management/TC_Update and Delete test: Test Cases/Event Group Management/TC_Update and Delete test FAILED.
Reason:
java.lang.IllegalArgumentException: Cannot find test data with id 'Data Files/MOF_NE_Event Group ManagementObjectRepository' because (of) 'java.lang.IllegalArgumentException: Test data with id 'Data Files/MOF_NE_Event Group ManagementObjectRepository' does not exist'
	at com.kms.katalon.core.testdata.TestDataFactory.findTestData(TestDataFactory.java:122)
	at com.kms.katalon.core.testdata.TestDataFactory$findTestData.callStatic(Unknown Source)
	at pk_Functions.CS_ClickingonUpdateorDeletebutton.SelectRecordFromWebtableFun(CS_ClickingonUpdateorDeletebutton.groovy:68)
	at pk_Functions.CS_ClickingonUpdateorDeletebutton.invokeMethod(CS_ClickingonUpdateorDeletebutton.groovy)
	at com.kms.katalon.core.main.CustomKeywordDelegatingMetaClass.invokeStaticMethod(CustomKeywordDelegatingMetaClass.java:49)
	at TC_Update and Delete test.run(TC_Update and Delete test:38)
	at com.kms.katalon.core.main.ScriptEngine.run(ScriptEngine.java:194)
	at com.kms.katalon.core.main.ScriptEngine.runScriptAsRawText(ScriptEngine.java:119)
	at com.kms.katalon.core.main.TestCaseExecutor.runScript(TestCaseExecutor.java:328)
	at com.kms.katalon.core.main.TestCaseExecutor.doExecute(TestCaseExecutor.java:319)
	at com.kms.katalon.core.main.TestCaseExecutor.processExecutionPhase(TestCaseExecutor.java:298)
	at com.kms.katalon.core.main.TestCaseExecutor.accessMainPhase(TestCaseExecutor.java:290)
	at com.kms.katalon.core.main.TestCaseExecutor.execute(TestCaseExecutor.java:224)
	at com.kms.katalon.core.main.TestSuiteExecutor.accessTestCaseMainPhase(TestSuiteExecutor.java:129)
	at com.kms.katalon.core.main.TestSuiteExecutor.accessTestSuiteMainPhase(TestSuiteExecutor.java:112)
	at com.kms.katalon.core.main.TestSuiteExecutor.execute(TestSuiteExecutor.java:81)
	at com.kms.katalon.core.main.TestCaseMain.startTestSuite(TestCaseMain.java:149)
	at com.kms.katalon.core.main.TestCaseMain$startTestSuite$0.call(Unknown Source)
	at TempTestSuite1548940868214.run(TempTestSuite1548940868214.groovy:36)]]></system-err>
      </testcase>
      <testcase name="Test Cases/Event Group Management/TC_Update and Delete test" classname="Test Cases/Event Group Management/TC_Update and Delete test" status="ERROR">
         <error type="ERROR" message="Test Cases/Event Group Management/TC_Update and Delete test FAILED.
Reason:
java.lang.IllegalArgumentException: Cannot find test data with id 'Data Files/MOF_NE_Event Group ManagementObjectRepository' because (of) 'java.lang.IllegalArgumentException: Test data with id 'Data Files/MOF_NE_Event Group ManagementObjectRepository' does not exist'
	at com.kms.katalon.core.testdata.TestDataFactory.findTestData(TestDataFactory.java:122)
	at com.kms.katalon.core.testdata.TestDataFactory$findTestData.callStatic(Unknown Source)
	at pk_Functions.CS_ClickingonUpdateorDeletebutton.SelectRecordFromWebtableFun(CS_ClickingonUpdateorDeletebutton.groovy:68)
	at pk_Functions.CS_ClickingonUpdateorDeletebutton.invokeMethod(CS_ClickingonUpdateorDeletebutton.groovy)
	at com.kms.katalon.core.main.CustomKeywordDelegatingMetaClass.invokeStaticMethod(CustomKeywordDelegatingMetaClass.java:49)
	at TC_Update and Delete test.run(TC_Update and Delete test:38)
	at com.kms.katalon.core.main.ScriptEngine.run(ScriptEngine.java:194)
	at com.kms.katalon.core.main.ScriptEngine.runScriptAsRawText(ScriptEngine.java:119)
	at com.kms.katalon.core.main.TestCaseExecutor.runScript(TestCaseExecutor.java:328)
	at com.kms.katalon.core.main.TestCaseExecutor.doExecute(TestCaseExecutor.java:319)
	at com.kms.katalon.core.main.TestCaseExecutor.processExecutionPhase(TestCaseExecutor.java:298)
	at com.kms.katalon.core.main.TestCaseExecutor.accessMainPhase(TestCaseExecutor.java:290)
	at com.kms.katalon.core.main.TestCaseExecutor.execute(TestCaseExecutor.java:224)
	at com.kms.katalon.core.main.TestSuiteExecutor.accessTestCaseMainPhase(TestSuiteExecutor.java:129)
	at com.kms.katalon.core.main.TestSuiteExecutor.accessTestSuiteMainPhase(TestSuiteExecutor.java:112)
	at com.kms.katalon.core.main.TestSuiteExecutor.execute(TestSuiteExecutor.java:81)
	at com.kms.katalon.core.main.TestCaseMain.startTestSuite(TestCaseMain.java:149)
	at com.kms.katalon.core.main.TestCaseMain$startTestSuite$0.call(Unknown Source)
	at TempTestSuite1548940868214.run(TempTestSuite1548940868214.groovy:36)
"/>
         <system-out><![CDATA[2019-01-31 15:21:43 - [TEST_CASE][ERROR] - Test Cases/Event Group Management/TC_Update and Delete test: Test Cases/Event Group Management/TC_Update and Delete test FAILED.
Reason:
java.lang.IllegalArgumentException: Cannot find test data with id 'Data Files/MOF_NE_Event Group ManagementObjectRepository' because (of) 'java.lang.IllegalArgumentException: Test data with id 'Data Files/MOF_NE_Event Group ManagementObjectRepository' does not exist'
	at com.kms.katalon.core.testdata.TestDataFactory.findTestData(TestDataFactory.java:122)
	at com.kms.katalon.core.testdata.TestDataFactory$findTestData.callStatic(Unknown Source)
	at pk_Functions.CS_ClickingonUpdateorDeletebutton.SelectRecordFromWebtableFun(CS_ClickingonUpdateorDeletebutton.groovy:68)
	at pk_Functions.CS_ClickingonUpdateorDeletebutton.invokeMethod(CS_ClickingonUpdateorDeletebutton.groovy)
	at com.kms.katalon.core.main.CustomKeywordDelegatingMetaClass.invokeStaticMethod(CustomKeywordDelegatingMetaClass.java:49)
	at TC_Update and Delete test.run(TC_Update and Delete test:38)
	at com.kms.katalon.core.main.ScriptEngine.run(ScriptEngine.java:194)
	at com.kms.katalon.core.main.ScriptEngine.runScriptAsRawText(ScriptEngine.java:119)
	at com.kms.katalon.core.main.TestCaseExecutor.runScript(TestCaseExecutor.java:328)
	at com.kms.katalon.core.main.TestCaseExecutor.doExecute(TestCaseExecutor.java:319)
	at com.kms.katalon.core.main.TestCaseExecutor.processExecutionPhase(TestCaseExecutor.java:298)
	at com.kms.katalon.core.main.TestCaseExecutor.accessMainPhase(TestCaseExecutor.java:290)
	at com.kms.katalon.core.main.TestCaseExecutor.execute(TestCaseExecutor.java:224)
	at com.kms.katalon.core.main.TestSuiteExecutor.accessTestCaseMainPhase(TestSuiteExecutor.java:129)
	at com.kms.katalon.core.main.TestSuiteExecutor.accessTestSuiteMainPhase(TestSuiteExecutor.java:112)
	at com.kms.katalon.core.main.TestSuiteExecutor.execute(TestSuiteExecutor.java:81)
	at com.kms.katalon.core.main.TestCaseMain.startTestSuite(TestCaseMain.java:149)
	at com.kms.katalon.core.main.TestCaseMain$startTestSuite$0.call(Unknown Source)
	at TempTestSuite1548940868214.run(TempTestSuite1548940868214.groovy:36)


2019-01-31 15:21:43 - [TEST_STEP][NOT_RUN] - pk_Functions.CS_Login.LoginFun(findTestObject(null), "http://192.168.0.190:8080/mof/#/", findTestObject("Login/Username"), findTestObject("Login/Password"), "AAttia", "123", findTestObject("Login/Login")): NOT_RUN: pk_Functions.CS_Login.LoginFun(findTestObject(null), "http://192.168.0.190:8080/mof/#/", findTestObject("Login/Username"), findTestObject("Login/Password"), "AAttia", "123", findTestObject("Login/Login"))

2019-01-31 15:21:43 - [MESSAGE][NOT_RUN] - NOT_RUN: pk_Functions.CS_Login.LoginFun(findTestObject(null), "http://192.168.0.190:8080/mof/#/", findTestObject("Login/Username"), findTestObject("Login/Password"), "AAttia", "123", findTestObject("Login/Login"))

2019-01-31 15:21:43 - [TEST_STEP][NOT_RUN] - click(findTestObject("NE_SideMenu")): NOT_RUN: click(findTestObject("NE_SideMenu"))

2019-01-31 15:21:43 - [MESSAGE][NOT_RUN] - NOT_RUN: click(findTestObject("NE_SideMenu"))

2019-01-31 15:21:43 - [TEST_STEP][NOT_RUN] - click(findTestObject("NE_EventGroupManagement")): NOT_RUN: click(findTestObject("NE_EventGroupManagement"))

2019-01-31 15:21:43 - [MESSAGE][NOT_RUN] - NOT_RUN: click(findTestObject("NE_EventGroupManagement"))

2019-01-31 15:21:43 - [TEST_STEP][PASSED] - delay(1): Delayed 1 second(s)

2019-01-31 15:21:44 - [MESSAGE][PASSED] - Delayed 1 second(s)

2019-01-31 15:21:44 - [TEST_STEP][NOT_RUN] - pk_Functions.CS_ClickingonUpdateorDeletebutton.SelectRecordFromWebtableFun("Event Group Management/MOF_NE_Event Group ManagementData", "Sheet1"): NOT_RUN: pk_Functions.CS_ClickingonUpdateorDeletebutton.SelectRecordFromWebtableFun("Event Group Management/MOF_NE_Event Group ManagementData", "Sheet1")

2019-01-31 15:21:44 - [MESSAGE][NOT_RUN] - NOT_RUN: pk_Functions.CS_ClickingonUpdateorDeletebutton.SelectRecordFromWebtableFun("Event Group Management/MOF_NE_Event Group ManagementData", "Sheet1")

2019-01-31 15:21:44 - [TEST_STEP][NOT_RUN] - pk_Functions.CS_ClickingonUpdateorDeletebutton.SelectRecordFromWebtableFun("", 0, 3, 2, "Event Group Management/MOF_NE_Event Group ManagementObjectRepository", "Sheet1", "Event Group Management/MOF_NE_Event Group ManagementData", "Sheet1"): NOT_RUN: pk_Functions.CS_ClickingonUpdateorDeletebutton.SelectRecordFromWebtableFun("", 0, 3, 2, "Event Group Management/MOF_NE_Event Group ManagementObjectRepository", "Sheet1", "Event Group Management/MOF_NE_Event Group ManagementData", "Sheet1")

2019-01-31 15:21:44 - [MESSAGE][NOT_RUN] - NOT_RUN: pk_Functions.CS_ClickingonUpdateorDeletebutton.SelectRecordFromWebtableFun("", 0, 3, 2, "Event Group Management/MOF_NE_Event Group ManagementObjectRepository", "Sheet1", "Event Group Management/MOF_NE_Event Group ManagementData", "Sheet1")

2019-01-31 15:21:44 - [TEST_STEP][NOT_RUN] - pk_Functions.CS_SpecificPageData.DataFun(["Arabic Description", "English Description"], "Event Group Management/MOF_NE_Event Group ManagementObjectRepository", "Sheet1", [ArabicDescription, EnglishDescription]): NOT_RUN: pk_Functions.CS_SpecificPageData.DataFun(["Arabic Description", "English Description"], "Event Group Management/MOF_NE_Event Group ManagementObjectRepository", "Sheet1", [ArabicDescription, EnglishDescription])

2019-01-31 15:21:44 - [MESSAGE][NOT_RUN] - NOT_RUN: pk_Functions.CS_SpecificPageData.DataFun(["Arabic Description", "English Description"], "Event Group Management/MOF_NE_Event Group ManagementObjectRepository", "Sheet1", [ArabicDescription, EnglishDescription])

2019-01-31 15:21:44 - [TEST_STEP][NOT_RUN] - click(findTestObject("Event Group Managemnt/BTN_Save")): NOT_RUN: click(findTestObject("Event Group Managemnt/BTN_Save"))

2019-01-31 15:21:44 - [MESSAGE][NOT_RUN] - NOT_RUN: click(findTestObject("Event Group Managemnt/BTN_Save"))

2019-01-31 15:21:44 - [TEST_STEP][NOT_RUN] - click(findTestObject("Event Group Managemnt/BTN_Back")): NOT_RUN: click(findTestObject("Event Group Managemnt/BTN_Back"))

2019-01-31 15:21:44 - [MESSAGE][NOT_RUN] - NOT_RUN: click(findTestObject("Event Group Managemnt/BTN_Back"))

2019-01-31 15:21:44 - [TEST_STEP][ERROR] - pk_Functions.CS_ClickingonUpdateorDeletebutton.SelectRecordFromWebtableFun(ActionType, 0, 3, "MOF_NE_Event Group ManagementObjectRepository", "Sheet1", "Event Group Management/MOF_NE_Event Group ManagementData", "Sheet1", Code): pk_Functions.CS_ClickingonUpdateorDeletebutton.SelectRecordFromWebtableFun(ActionType, 0, 3, "MOF_NE_Event Group ManagementObjectRepository", "Sheet1", "Event Group Management/MOF_NE_Event Group ManagementData", "Sheet1", Code) FAILED.
Reason:
java.lang.IllegalArgumentException: Cannot find test data with id 'Data Files/MOF_NE_Event Group ManagementObjectRepository' because (of) 'java.lang.IllegalArgumentException: Test data with id 'Data Files/MOF_NE_Event Group ManagementObjectRepository' does not exist'
	at com.kms.katalon.core.testdata.TestDataFactory.findTestData(TestDataFactory.java:122)
	at com.kms.katalon.core.testdata.TestDataFactory$findTestData.callStatic(Unknown Source)
	at pk_Functions.CS_ClickingonUpdateorDeletebutton.SelectRecordFromWebtableFun(CS_ClickingonUpdateorDeletebutton.groovy:68)
	at pk_Functions.CS_ClickingonUpdateorDeletebutton.invokeMethod(CS_ClickingonUpdateorDeletebutton.groovy)
	at com.kms.katalon.core.main.CustomKeywordDelegatingMetaClass.invokeStaticMethod(CustomKeywordDelegatingMetaClass.java:49)
	at TC_Update and Delete test.run(TC_Update and Delete test:38)
	at com.kms.katalon.core.main.ScriptEngine.run(ScriptEngine.java:194)
	at com.kms.katalon.core.main.ScriptEngine.runScriptAsRawText(ScriptEngine.java:119)
	at com.kms.katalon.core.main.TestCaseExecutor.runScript(TestCaseExecutor.java:328)
	at com.kms.katalon.core.main.TestCaseExecutor.doExecute(TestCaseExecutor.java:319)
	at com.kms.katalon.core.main.TestCaseExecutor.processExecutionPhase(TestCaseExecutor.java:298)
	at com.kms.katalon.core.main.TestCaseExecutor.accessMainPhase(TestCaseExecutor.java:290)
	at com.kms.katalon.core.main.TestCaseExecutor.execute(TestCaseExecutor.java:224)
	at com.kms.katalon.core.main.TestSuiteExecutor.accessTestCaseMainPhase(TestSuiteExecutor.java:129)
	at com.kms.katalon.core.main.TestSuiteExecutor.accessTestSuiteMainPhase(TestSuiteExecutor.java:112)
	at com.kms.katalon.core.main.TestSuiteExecutor.execute(TestSuiteExecutor.java:81)
	at com.kms.katalon.core.main.TestCaseMain.startTestSuite(TestCaseMain.java:149)
	at com.kms.katalon.core.main.TestCaseMain$startTestSuite$0.call(Unknown Source)
	at TempTestSuite1548940868214.run(TempTestSuite1548940868214.groovy:36)


2019-01-31 15:21:44 - [MESSAGE][ERROR] - Cannot find test data with id 'Data Files/MOF_NE_Event Group ManagementObjectRepository' because (of) 'java.lang.IllegalArgumentException: Test data with id 'Data Files/MOF_NE_Event Group ManagementObjectRepository' does not exist'

2019-01-31 15:21:44 - [MESSAGE][ERROR] - pk_Functions.CS_ClickingonUpdateorDeletebutton.SelectRecordFromWebtableFun(ActionType, 0, 3, "MOF_NE_Event Group ManagementObjectRepository", "Sheet1", "Event Group Management/MOF_NE_Event Group ManagementData", "Sheet1", Code) FAILED.
Reason:
java.lang.IllegalArgumentException: Cannot find test data with id 'Data Files/MOF_NE_Event Group ManagementObjectRepository' because (of) 'java.lang.IllegalArgumentException: Test data with id 'Data Files/MOF_NE_Event Group ManagementObjectRepository' does not exist'
	at com.kms.katalon.core.testdata.TestDataFactory.findTestData(TestDataFactory.java:122)
	at com.kms.katalon.core.testdata.TestDataFactory$findTestData.callStatic(Unknown Source)
	at pk_Functions.CS_ClickingonUpdateorDeletebutton.SelectRecordFromWebtableFun(CS_ClickingonUpdateorDeletebutton.groovy:68)
	at pk_Functions.CS_ClickingonUpdateorDeletebutton.invokeMethod(CS_ClickingonUpdateorDeletebutton.groovy)
	at com.kms.katalon.core.main.CustomKeywordDelegatingMetaClass.invokeStaticMethod(CustomKeywordDelegatingMetaClass.java:49)
	at TC_Update and Delete test.run(TC_Update and Delete test:38)
	at com.kms.katalon.core.main.ScriptEngine.run(ScriptEngine.java:194)
	at com.kms.katalon.core.main.ScriptEngine.runScriptAsRawText(ScriptEngine.java:119)
	at com.kms.katalon.core.main.TestCaseExecutor.runScript(TestCaseExecutor.java:328)
	at com.kms.katalon.core.main.TestCaseExecutor.doExecute(TestCaseExecutor.java:319)
	at com.kms.katalon.core.main.TestCaseExecutor.processExecutionPhase(TestCaseExecutor.java:298)
	at com.kms.katalon.core.main.TestCaseExecutor.accessMainPhase(TestCaseExecutor.java:290)
	at com.kms.katalon.core.main.TestCaseExecutor.execute(TestCaseExecutor.java:224)
	at com.kms.katalon.core.main.TestSuiteExecutor.accessTestCaseMainPhase(TestSuiteExecutor.java:129)
	at com.kms.katalon.core.main.TestSuiteExecutor.accessTestSuiteMainPhase(TestSuiteExecutor.java:112)
	at com.kms.katalon.core.main.TestSuiteExecutor.execute(TestSuiteExecutor.java:81)
	at com.kms.katalon.core.main.TestCaseMain.startTestSuite(TestCaseMain.java:149)
	at com.kms.katalon.core.main.TestCaseMain$startTestSuite$0.call(Unknown Source)
	at TempTestSuite1548940868214.run(TempTestSuite1548940868214.groovy:36)]]></system-out>
         <system-err><![CDATA[2019-01-31 15:21:43 - [TEST_CASE][ERROR] - Test Cases/Event Group Management/TC_Update and Delete test: Test Cases/Event Group Management/TC_Update and Delete test FAILED.
Reason:
java.lang.IllegalArgumentException: Cannot find test data with id 'Data Files/MOF_NE_Event Group ManagementObjectRepository' because (of) 'java.lang.IllegalArgumentException: Test data with id 'Data Files/MOF_NE_Event Group ManagementObjectRepository' does not exist'
	at com.kms.katalon.core.testdata.TestDataFactory.findTestData(TestDataFactory.java:122)
	at com.kms.katalon.core.testdata.TestDataFactory$findTestData.callStatic(Unknown Source)
	at pk_Functions.CS_ClickingonUpdateorDeletebutton.SelectRecordFromWebtableFun(CS_ClickingonUpdateorDeletebutton.groovy:68)
	at pk_Functions.CS_ClickingonUpdateorDeletebutton.invokeMethod(CS_ClickingonUpdateorDeletebutton.groovy)
	at com.kms.katalon.core.main.CustomKeywordDelegatingMetaClass.invokeStaticMethod(CustomKeywordDelegatingMetaClass.java:49)
	at TC_Update and Delete test.run(TC_Update and Delete test:38)
	at com.kms.katalon.core.main.ScriptEngine.run(ScriptEngine.java:194)
	at com.kms.katalon.core.main.ScriptEngine.runScriptAsRawText(ScriptEngine.java:119)
	at com.kms.katalon.core.main.TestCaseExecutor.runScript(TestCaseExecutor.java:328)
	at com.kms.katalon.core.main.TestCaseExecutor.doExecute(TestCaseExecutor.java:319)
	at com.kms.katalon.core.main.TestCaseExecutor.processExecutionPhase(TestCaseExecutor.java:298)
	at com.kms.katalon.core.main.TestCaseExecutor.accessMainPhase(TestCaseExecutor.java:290)
	at com.kms.katalon.core.main.TestCaseExecutor.execute(TestCaseExecutor.java:224)
	at com.kms.katalon.core.main.TestSuiteExecutor.accessTestCaseMainPhase(TestSuiteExecutor.java:129)
	at com.kms.katalon.core.main.TestSuiteExecutor.accessTestSuiteMainPhase(TestSuiteExecutor.java:112)
	at com.kms.katalon.core.main.TestSuiteExecutor.execute(TestSuiteExecutor.java:81)
	at com.kms.katalon.core.main.TestCaseMain.startTestSuite(TestCaseMain.java:149)
	at com.kms.katalon.core.main.TestCaseMain$startTestSuite$0.call(Unknown Source)
	at TempTestSuite1548940868214.run(TempTestSuite1548940868214.groovy:36)]]></system-err>
      </testcase>
      <testcase name="Test Cases/Event Group Management/TC_Update and Delete test" classname="Test Cases/Event Group Management/TC_Update and Delete test" status="ERROR">
         <error type="ERROR" message="Test Cases/Event Group Management/TC_Update and Delete test FAILED.
Reason:
java.lang.IllegalArgumentException: Cannot find test data with id 'Data Files/MOF_NE_Event Group ManagementObjectRepository' because (of) 'java.lang.IllegalArgumentException: Test data with id 'Data Files/MOF_NE_Event Group ManagementObjectRepository' does not exist'
	at com.kms.katalon.core.testdata.TestDataFactory.findTestData(TestDataFactory.java:122)
	at com.kms.katalon.core.testdata.TestDataFactory$findTestData.callStatic(Unknown Source)
	at pk_Functions.CS_ClickingonUpdateorDeletebutton.SelectRecordFromWebtableFun(CS_ClickingonUpdateorDeletebutton.groovy:68)
	at pk_Functions.CS_ClickingonUpdateorDeletebutton.invokeMethod(CS_ClickingonUpdateorDeletebutton.groovy)
	at com.kms.katalon.core.main.CustomKeywordDelegatingMetaClass.invokeStaticMethod(CustomKeywordDelegatingMetaClass.java:49)
	at TC_Update and Delete test.run(TC_Update and Delete test:38)
	at com.kms.katalon.core.main.ScriptEngine.run(ScriptEngine.java:194)
	at com.kms.katalon.core.main.ScriptEngine.runScriptAsRawText(ScriptEngine.java:119)
	at com.kms.katalon.core.main.TestCaseExecutor.runScript(TestCaseExecutor.java:328)
	at com.kms.katalon.core.main.TestCaseExecutor.doExecute(TestCaseExecutor.java:319)
	at com.kms.katalon.core.main.TestCaseExecutor.processExecutionPhase(TestCaseExecutor.java:298)
	at com.kms.katalon.core.main.TestCaseExecutor.accessMainPhase(TestCaseExecutor.java:290)
	at com.kms.katalon.core.main.TestCaseExecutor.execute(TestCaseExecutor.java:224)
	at com.kms.katalon.core.main.TestSuiteExecutor.accessTestCaseMainPhase(TestSuiteExecutor.java:129)
	at com.kms.katalon.core.main.TestSuiteExecutor.accessTestSuiteMainPhase(TestSuiteExecutor.java:112)
	at com.kms.katalon.core.main.TestSuiteExecutor.execute(TestSuiteExecutor.java:81)
	at com.kms.katalon.core.main.TestCaseMain.startTestSuite(TestCaseMain.java:149)
	at com.kms.katalon.core.main.TestCaseMain$startTestSuite$0.call(Unknown Source)
	at TempTestSuite1548940868214.run(TempTestSuite1548940868214.groovy:36)
"/>
         <system-out><![CDATA[2019-01-31 15:21:44 - [TEST_CASE][ERROR] - Test Cases/Event Group Management/TC_Update and Delete test: Test Cases/Event Group Management/TC_Update and Delete test FAILED.
Reason:
java.lang.IllegalArgumentException: Cannot find test data with id 'Data Files/MOF_NE_Event Group ManagementObjectRepository' because (of) 'java.lang.IllegalArgumentException: Test data with id 'Data Files/MOF_NE_Event Group ManagementObjectRepository' does not exist'
	at com.kms.katalon.core.testdata.TestDataFactory.findTestData(TestDataFactory.java:122)
	at com.kms.katalon.core.testdata.TestDataFactory$findTestData.callStatic(Unknown Source)
	at pk_Functions.CS_ClickingonUpdateorDeletebutton.SelectRecordFromWebtableFun(CS_ClickingonUpdateorDeletebutton.groovy:68)
	at pk_Functions.CS_ClickingonUpdateorDeletebutton.invokeMethod(CS_ClickingonUpdateorDeletebutton.groovy)
	at com.kms.katalon.core.main.CustomKeywordDelegatingMetaClass.invokeStaticMethod(CustomKeywordDelegatingMetaClass.java:49)
	at TC_Update and Delete test.run(TC_Update and Delete test:38)
	at com.kms.katalon.core.main.ScriptEngine.run(ScriptEngine.java:194)
	at com.kms.katalon.core.main.ScriptEngine.runScriptAsRawText(ScriptEngine.java:119)
	at com.kms.katalon.core.main.TestCaseExecutor.runScript(TestCaseExecutor.java:328)
	at com.kms.katalon.core.main.TestCaseExecutor.doExecute(TestCaseExecutor.java:319)
	at com.kms.katalon.core.main.TestCaseExecutor.processExecutionPhase(TestCaseExecutor.java:298)
	at com.kms.katalon.core.main.TestCaseExecutor.accessMainPhase(TestCaseExecutor.java:290)
	at com.kms.katalon.core.main.TestCaseExecutor.execute(TestCaseExecutor.java:224)
	at com.kms.katalon.core.main.TestSuiteExecutor.accessTestCaseMainPhase(TestSuiteExecutor.java:129)
	at com.kms.katalon.core.main.TestSuiteExecutor.accessTestSuiteMainPhase(TestSuiteExecutor.java:112)
	at com.kms.katalon.core.main.TestSuiteExecutor.execute(TestSuiteExecutor.java:81)
	at com.kms.katalon.core.main.TestCaseMain.startTestSuite(TestCaseMain.java:149)
	at com.kms.katalon.core.main.TestCaseMain$startTestSuite$0.call(Unknown Source)
	at TempTestSuite1548940868214.run(TempTestSuite1548940868214.groovy:36)


2019-01-31 15:21:44 - [TEST_STEP][NOT_RUN] - pk_Functions.CS_Login.LoginFun(findTestObject(null), "http://192.168.0.190:8080/mof/#/", findTestObject("Login/Username"), findTestObject("Login/Password"), "AAttia", "123", findTestObject("Login/Login")): NOT_RUN: pk_Functions.CS_Login.LoginFun(findTestObject(null), "http://192.168.0.190:8080/mof/#/", findTestObject("Login/Username"), findTestObject("Login/Password"), "AAttia", "123", findTestObject("Login/Login"))

2019-01-31 15:21:44 - [MESSAGE][NOT_RUN] - NOT_RUN: pk_Functions.CS_Login.LoginFun(findTestObject(null), "http://192.168.0.190:8080/mof/#/", findTestObject("Login/Username"), findTestObject("Login/Password"), "AAttia", "123", findTestObject("Login/Login"))

2019-01-31 15:21:44 - [TEST_STEP][NOT_RUN] - click(findTestObject("NE_SideMenu")): NOT_RUN: click(findTestObject("NE_SideMenu"))

2019-01-31 15:21:44 - [MESSAGE][NOT_RUN] - NOT_RUN: click(findTestObject("NE_SideMenu"))

2019-01-31 15:21:44 - [TEST_STEP][NOT_RUN] - click(findTestObject("NE_EventGroupManagement")): NOT_RUN: click(findTestObject("NE_EventGroupManagement"))

2019-01-31 15:21:44 - [MESSAGE][NOT_RUN] - NOT_RUN: click(findTestObject("NE_EventGroupManagement"))

2019-01-31 15:21:44 - [TEST_STEP][PASSED] - delay(1): Delayed 1 second(s)

2019-01-31 15:21:45 - [MESSAGE][PASSED] - Delayed 1 second(s)

2019-01-31 15:21:45 - [TEST_STEP][NOT_RUN] - pk_Functions.CS_ClickingonUpdateorDeletebutton.SelectRecordFromWebtableFun("Event Group Management/MOF_NE_Event Group ManagementData", "Sheet1"): NOT_RUN: pk_Functions.CS_ClickingonUpdateorDeletebutton.SelectRecordFromWebtableFun("Event Group Management/MOF_NE_Event Group ManagementData", "Sheet1")

2019-01-31 15:21:45 - [MESSAGE][NOT_RUN] - NOT_RUN: pk_Functions.CS_ClickingonUpdateorDeletebutton.SelectRecordFromWebtableFun("Event Group Management/MOF_NE_Event Group ManagementData", "Sheet1")

2019-01-31 15:21:45 - [TEST_STEP][NOT_RUN] - pk_Functions.CS_ClickingonUpdateorDeletebutton.SelectRecordFromWebtableFun("", 0, 3, 2, "Event Group Management/MOF_NE_Event Group ManagementObjectRepository", "Sheet1", "Event Group Management/MOF_NE_Event Group ManagementData", "Sheet1"): NOT_RUN: pk_Functions.CS_ClickingonUpdateorDeletebutton.SelectRecordFromWebtableFun("", 0, 3, 2, "Event Group Management/MOF_NE_Event Group ManagementObjectRepository", "Sheet1", "Event Group Management/MOF_NE_Event Group ManagementData", "Sheet1")

2019-01-31 15:21:45 - [MESSAGE][NOT_RUN] - NOT_RUN: pk_Functions.CS_ClickingonUpdateorDeletebutton.SelectRecordFromWebtableFun("", 0, 3, 2, "Event Group Management/MOF_NE_Event Group ManagementObjectRepository", "Sheet1", "Event Group Management/MOF_NE_Event Group ManagementData", "Sheet1")

2019-01-31 15:21:45 - [TEST_STEP][NOT_RUN] - pk_Functions.CS_SpecificPageData.DataFun(["Arabic Description", "English Description"], "Event Group Management/MOF_NE_Event Group ManagementObjectRepository", "Sheet1", [ArabicDescription, EnglishDescription]): NOT_RUN: pk_Functions.CS_SpecificPageData.DataFun(["Arabic Description", "English Description"], "Event Group Management/MOF_NE_Event Group ManagementObjectRepository", "Sheet1", [ArabicDescription, EnglishDescription])

2019-01-31 15:21:45 - [MESSAGE][NOT_RUN] - NOT_RUN: pk_Functions.CS_SpecificPageData.DataFun(["Arabic Description", "English Description"], "Event Group Management/MOF_NE_Event Group ManagementObjectRepository", "Sheet1", [ArabicDescription, EnglishDescription])

2019-01-31 15:21:45 - [TEST_STEP][NOT_RUN] - click(findTestObject("Event Group Managemnt/BTN_Save")): NOT_RUN: click(findTestObject("Event Group Managemnt/BTN_Save"))

2019-01-31 15:21:45 - [MESSAGE][NOT_RUN] - NOT_RUN: click(findTestObject("Event Group Managemnt/BTN_Save"))

2019-01-31 15:21:45 - [TEST_STEP][NOT_RUN] - click(findTestObject("Event Group Managemnt/BTN_Back")): NOT_RUN: click(findTestObject("Event Group Managemnt/BTN_Back"))

2019-01-31 15:21:45 - [MESSAGE][NOT_RUN] - NOT_RUN: click(findTestObject("Event Group Managemnt/BTN_Back"))

2019-01-31 15:21:45 - [TEST_STEP][ERROR] - pk_Functions.CS_ClickingonUpdateorDeletebutton.SelectRecordFromWebtableFun(ActionType, 0, 3, "MOF_NE_Event Group ManagementObjectRepository", "Sheet1", "Event Group Management/MOF_NE_Event Group ManagementData", "Sheet1", Code): pk_Functions.CS_ClickingonUpdateorDeletebutton.SelectRecordFromWebtableFun(ActionType, 0, 3, "MOF_NE_Event Group ManagementObjectRepository", "Sheet1", "Event Group Management/MOF_NE_Event Group ManagementData", "Sheet1", Code) FAILED.
Reason:
java.lang.IllegalArgumentException: Cannot find test data with id 'Data Files/MOF_NE_Event Group ManagementObjectRepository' because (of) 'java.lang.IllegalArgumentException: Test data with id 'Data Files/MOF_NE_Event Group ManagementObjectRepository' does not exist'
	at com.kms.katalon.core.testdata.TestDataFactory.findTestData(TestDataFactory.java:122)
	at com.kms.katalon.core.testdata.TestDataFactory$findTestData.callStatic(Unknown Source)
	at pk_Functions.CS_ClickingonUpdateorDeletebutton.SelectRecordFromWebtableFun(CS_ClickingonUpdateorDeletebutton.groovy:68)
	at pk_Functions.CS_ClickingonUpdateorDeletebutton.invokeMethod(CS_ClickingonUpdateorDeletebutton.groovy)
	at com.kms.katalon.core.main.CustomKeywordDelegatingMetaClass.invokeStaticMethod(CustomKeywordDelegatingMetaClass.java:49)
	at TC_Update and Delete test.run(TC_Update and Delete test:38)
	at com.kms.katalon.core.main.ScriptEngine.run(ScriptEngine.java:194)
	at com.kms.katalon.core.main.ScriptEngine.runScriptAsRawText(ScriptEngine.java:119)
	at com.kms.katalon.core.main.TestCaseExecutor.runScript(TestCaseExecutor.java:328)
	at com.kms.katalon.core.main.TestCaseExecutor.doExecute(TestCaseExecutor.java:319)
	at com.kms.katalon.core.main.TestCaseExecutor.processExecutionPhase(TestCaseExecutor.java:298)
	at com.kms.katalon.core.main.TestCaseExecutor.accessMainPhase(TestCaseExecutor.java:290)
	at com.kms.katalon.core.main.TestCaseExecutor.execute(TestCaseExecutor.java:224)
	at com.kms.katalon.core.main.TestSuiteExecutor.accessTestCaseMainPhase(TestSuiteExecutor.java:129)
	at com.kms.katalon.core.main.TestSuiteExecutor.accessTestSuiteMainPhase(TestSuiteExecutor.java:112)
	at com.kms.katalon.core.main.TestSuiteExecutor.execute(TestSuiteExecutor.java:81)
	at com.kms.katalon.core.main.TestCaseMain.startTestSuite(TestCaseMain.java:149)
	at com.kms.katalon.core.main.TestCaseMain$startTestSuite$0.call(Unknown Source)
	at TempTestSuite1548940868214.run(TempTestSuite1548940868214.groovy:36)


2019-01-31 15:21:45 - [MESSAGE][ERROR] - Cannot find test data with id 'Data Files/MOF_NE_Event Group ManagementObjectRepository' because (of) 'java.lang.IllegalArgumentException: Test data with id 'Data Files/MOF_NE_Event Group ManagementObjectRepository' does not exist'

2019-01-31 15:21:45 - [MESSAGE][ERROR] - pk_Functions.CS_ClickingonUpdateorDeletebutton.SelectRecordFromWebtableFun(ActionType, 0, 3, "MOF_NE_Event Group ManagementObjectRepository", "Sheet1", "Event Group Management/MOF_NE_Event Group ManagementData", "Sheet1", Code) FAILED.
Reason:
java.lang.IllegalArgumentException: Cannot find test data with id 'Data Files/MOF_NE_Event Group ManagementObjectRepository' because (of) 'java.lang.IllegalArgumentException: Test data with id 'Data Files/MOF_NE_Event Group ManagementObjectRepository' does not exist'
	at com.kms.katalon.core.testdata.TestDataFactory.findTestData(TestDataFactory.java:122)
	at com.kms.katalon.core.testdata.TestDataFactory$findTestData.callStatic(Unknown Source)
	at pk_Functions.CS_ClickingonUpdateorDeletebutton.SelectRecordFromWebtableFun(CS_ClickingonUpdateorDeletebutton.groovy:68)
	at pk_Functions.CS_ClickingonUpdateorDeletebutton.invokeMethod(CS_ClickingonUpdateorDeletebutton.groovy)
	at com.kms.katalon.core.main.CustomKeywordDelegatingMetaClass.invokeStaticMethod(CustomKeywordDelegatingMetaClass.java:49)
	at TC_Update and Delete test.run(TC_Update and Delete test:38)
	at com.kms.katalon.core.main.ScriptEngine.run(ScriptEngine.java:194)
	at com.kms.katalon.core.main.ScriptEngine.runScriptAsRawText(ScriptEngine.java:119)
	at com.kms.katalon.core.main.TestCaseExecutor.runScript(TestCaseExecutor.java:328)
	at com.kms.katalon.core.main.TestCaseExecutor.doExecute(TestCaseExecutor.java:319)
	at com.kms.katalon.core.main.TestCaseExecutor.processExecutionPhase(TestCaseExecutor.java:298)
	at com.kms.katalon.core.main.TestCaseExecutor.accessMainPhase(TestCaseExecutor.java:290)
	at com.kms.katalon.core.main.TestCaseExecutor.execute(TestCaseExecutor.java:224)
	at com.kms.katalon.core.main.TestSuiteExecutor.accessTestCaseMainPhase(TestSuiteExecutor.java:129)
	at com.kms.katalon.core.main.TestSuiteExecutor.accessTestSuiteMainPhase(TestSuiteExecutor.java:112)
	at com.kms.katalon.core.main.TestSuiteExecutor.execute(TestSuiteExecutor.java:81)
	at com.kms.katalon.core.main.TestCaseMain.startTestSuite(TestCaseMain.java:149)
	at com.kms.katalon.core.main.TestCaseMain$startTestSuite$0.call(Unknown Source)
	at TempTestSuite1548940868214.run(TempTestSuite1548940868214.groovy:36)]]></system-out>
         <system-err><![CDATA[2019-01-31 15:21:44 - [TEST_CASE][ERROR] - Test Cases/Event Group Management/TC_Update and Delete test: Test Cases/Event Group Management/TC_Update and Delete test FAILED.
Reason:
java.lang.IllegalArgumentException: Cannot find test data with id 'Data Files/MOF_NE_Event Group ManagementObjectRepository' because (of) 'java.lang.IllegalArgumentException: Test data with id 'Data Files/MOF_NE_Event Group ManagementObjectRepository' does not exist'
	at com.kms.katalon.core.testdata.TestDataFactory.findTestData(TestDataFactory.java:122)
	at com.kms.katalon.core.testdata.TestDataFactory$findTestData.callStatic(Unknown Source)
	at pk_Functions.CS_ClickingonUpdateorDeletebutton.SelectRecordFromWebtableFun(CS_ClickingonUpdateorDeletebutton.groovy:68)
	at pk_Functions.CS_ClickingonUpdateorDeletebutton.invokeMethod(CS_ClickingonUpdateorDeletebutton.groovy)
	at com.kms.katalon.core.main.CustomKeywordDelegatingMetaClass.invokeStaticMethod(CustomKeywordDelegatingMetaClass.java:49)
	at TC_Update and Delete test.run(TC_Update and Delete test:38)
	at com.kms.katalon.core.main.ScriptEngine.run(ScriptEngine.java:194)
	at com.kms.katalon.core.main.ScriptEngine.runScriptAsRawText(ScriptEngine.java:119)
	at com.kms.katalon.core.main.TestCaseExecutor.runScript(TestCaseExecutor.java:328)
	at com.kms.katalon.core.main.TestCaseExecutor.doExecute(TestCaseExecutor.java:319)
	at com.kms.katalon.core.main.TestCaseExecutor.processExecutionPhase(TestCaseExecutor.java:298)
	at com.kms.katalon.core.main.TestCaseExecutor.accessMainPhase(TestCaseExecutor.java:290)
	at com.kms.katalon.core.main.TestCaseExecutor.execute(TestCaseExecutor.java:224)
	at com.kms.katalon.core.main.TestSuiteExecutor.accessTestCaseMainPhase(TestSuiteExecutor.java:129)
	at com.kms.katalon.core.main.TestSuiteExecutor.accessTestSuiteMainPhase(TestSuiteExecutor.java:112)
	at com.kms.katalon.core.main.TestSuiteExecutor.execute(TestSuiteExecutor.java:81)
	at com.kms.katalon.core.main.TestCaseMain.startTestSuite(TestCaseMain.java:149)
	at com.kms.katalon.core.main.TestCaseMain$startTestSuite$0.call(Unknown Source)
	at TempTestSuite1548940868214.run(TempTestSuite1548940868214.groovy:36)]]></system-err>
      </testcase>
      <testcase name="Test Cases/Event Group Management/TC_Update and Delete test" classname="Test Cases/Event Group Management/TC_Update and Delete test" status="ERROR">
         <error type="ERROR" message="Test Cases/Event Group Management/TC_Update and Delete test FAILED.
Reason:
java.lang.IllegalArgumentException: Cannot find test data with id 'Data Files/MOF_NE_Event Group ManagementObjectRepository' because (of) 'java.lang.IllegalArgumentException: Test data with id 'Data Files/MOF_NE_Event Group ManagementObjectRepository' does not exist'
	at com.kms.katalon.core.testdata.TestDataFactory.findTestData(TestDataFactory.java:122)
	at com.kms.katalon.core.testdata.TestDataFactory$findTestData.callStatic(Unknown Source)
	at pk_Functions.CS_ClickingonUpdateorDeletebutton.SelectRecordFromWebtableFun(CS_ClickingonUpdateorDeletebutton.groovy:68)
	at pk_Functions.CS_ClickingonUpdateorDeletebutton.invokeMethod(CS_ClickingonUpdateorDeletebutton.groovy)
	at com.kms.katalon.core.main.CustomKeywordDelegatingMetaClass.invokeStaticMethod(CustomKeywordDelegatingMetaClass.java:49)
	at TC_Update and Delete test.run(TC_Update and Delete test:38)
	at com.kms.katalon.core.main.ScriptEngine.run(ScriptEngine.java:194)
	at com.kms.katalon.core.main.ScriptEngine.runScriptAsRawText(ScriptEngine.java:119)
	at com.kms.katalon.core.main.TestCaseExecutor.runScript(TestCaseExecutor.java:328)
	at com.kms.katalon.core.main.TestCaseExecutor.doExecute(TestCaseExecutor.java:319)
	at com.kms.katalon.core.main.TestCaseExecutor.processExecutionPhase(TestCaseExecutor.java:298)
	at com.kms.katalon.core.main.TestCaseExecutor.accessMainPhase(TestCaseExecutor.java:290)
	at com.kms.katalon.core.main.TestCaseExecutor.execute(TestCaseExecutor.java:224)
	at com.kms.katalon.core.main.TestSuiteExecutor.accessTestCaseMainPhase(TestSuiteExecutor.java:129)
	at com.kms.katalon.core.main.TestSuiteExecutor.accessTestSuiteMainPhase(TestSuiteExecutor.java:112)
	at com.kms.katalon.core.main.TestSuiteExecutor.execute(TestSuiteExecutor.java:81)
	at com.kms.katalon.core.main.TestCaseMain.startTestSuite(TestCaseMain.java:149)
	at com.kms.katalon.core.main.TestCaseMain$startTestSuite$0.call(Unknown Source)
	at TempTestSuite1548940868214.run(TempTestSuite1548940868214.groovy:36)
"/>
         <system-out><![CDATA[2019-01-31 15:21:45 - [TEST_CASE][ERROR] - Test Cases/Event Group Management/TC_Update and Delete test: Test Cases/Event Group Management/TC_Update and Delete test FAILED.
Reason:
java.lang.IllegalArgumentException: Cannot find test data with id 'Data Files/MOF_NE_Event Group ManagementObjectRepository' because (of) 'java.lang.IllegalArgumentException: Test data with id 'Data Files/MOF_NE_Event Group ManagementObjectRepository' does not exist'
	at com.kms.katalon.core.testdata.TestDataFactory.findTestData(TestDataFactory.java:122)
	at com.kms.katalon.core.testdata.TestDataFactory$findTestData.callStatic(Unknown Source)
	at pk_Functions.CS_ClickingonUpdateorDeletebutton.SelectRecordFromWebtableFun(CS_ClickingonUpdateorDeletebutton.groovy:68)
	at pk_Functions.CS_ClickingonUpdateorDeletebutton.invokeMethod(CS_ClickingonUpdateorDeletebutton.groovy)
	at com.kms.katalon.core.main.CustomKeywordDelegatingMetaClass.invokeStaticMethod(CustomKeywordDelegatingMetaClass.java:49)
	at TC_Update and Delete test.run(TC_Update and Delete test:38)
	at com.kms.katalon.core.main.ScriptEngine.run(ScriptEngine.java:194)
	at com.kms.katalon.core.main.ScriptEngine.runScriptAsRawText(ScriptEngine.java:119)
	at com.kms.katalon.core.main.TestCaseExecutor.runScript(TestCaseExecutor.java:328)
	at com.kms.katalon.core.main.TestCaseExecutor.doExecute(TestCaseExecutor.java:319)
	at com.kms.katalon.core.main.TestCaseExecutor.processExecutionPhase(TestCaseExecutor.java:298)
	at com.kms.katalon.core.main.TestCaseExecutor.accessMainPhase(TestCaseExecutor.java:290)
	at com.kms.katalon.core.main.TestCaseExecutor.execute(TestCaseExecutor.java:224)
	at com.kms.katalon.core.main.TestSuiteExecutor.accessTestCaseMainPhase(TestSuiteExecutor.java:129)
	at com.kms.katalon.core.main.TestSuiteExecutor.accessTestSuiteMainPhase(TestSuiteExecutor.java:112)
	at com.kms.katalon.core.main.TestSuiteExecutor.execute(TestSuiteExecutor.java:81)
	at com.kms.katalon.core.main.TestCaseMain.startTestSuite(TestCaseMain.java:149)
	at com.kms.katalon.core.main.TestCaseMain$startTestSuite$0.call(Unknown Source)
	at TempTestSuite1548940868214.run(TempTestSuite1548940868214.groovy:36)


2019-01-31 15:21:45 - [TEST_STEP][NOT_RUN] - pk_Functions.CS_Login.LoginFun(findTestObject(null), "http://192.168.0.190:8080/mof/#/", findTestObject("Login/Username"), findTestObject("Login/Password"), "AAttia", "123", findTestObject("Login/Login")): NOT_RUN: pk_Functions.CS_Login.LoginFun(findTestObject(null), "http://192.168.0.190:8080/mof/#/", findTestObject("Login/Username"), findTestObject("Login/Password"), "AAttia", "123", findTestObject("Login/Login"))

2019-01-31 15:21:45 - [MESSAGE][NOT_RUN] - NOT_RUN: pk_Functions.CS_Login.LoginFun(findTestObject(null), "http://192.168.0.190:8080/mof/#/", findTestObject("Login/Username"), findTestObject("Login/Password"), "AAttia", "123", findTestObject("Login/Login"))

2019-01-31 15:21:45 - [TEST_STEP][NOT_RUN] - click(findTestObject("NE_SideMenu")): NOT_RUN: click(findTestObject("NE_SideMenu"))

2019-01-31 15:21:45 - [MESSAGE][NOT_RUN] - NOT_RUN: click(findTestObject("NE_SideMenu"))

2019-01-31 15:21:45 - [TEST_STEP][NOT_RUN] - click(findTestObject("NE_EventGroupManagement")): NOT_RUN: click(findTestObject("NE_EventGroupManagement"))

2019-01-31 15:21:45 - [MESSAGE][NOT_RUN] - NOT_RUN: click(findTestObject("NE_EventGroupManagement"))

2019-01-31 15:21:45 - [TEST_STEP][PASSED] - delay(1): Delayed 1 second(s)

2019-01-31 15:21:46 - [MESSAGE][PASSED] - Delayed 1 second(s)

2019-01-31 15:21:46 - [TEST_STEP][NOT_RUN] - pk_Functions.CS_ClickingonUpdateorDeletebutton.SelectRecordFromWebtableFun("Event Group Management/MOF_NE_Event Group ManagementData", "Sheet1"): NOT_RUN: pk_Functions.CS_ClickingonUpdateorDeletebutton.SelectRecordFromWebtableFun("Event Group Management/MOF_NE_Event Group ManagementData", "Sheet1")

2019-01-31 15:21:46 - [MESSAGE][NOT_RUN] - NOT_RUN: pk_Functions.CS_ClickingonUpdateorDeletebutton.SelectRecordFromWebtableFun("Event Group Management/MOF_NE_Event Group ManagementData", "Sheet1")

2019-01-31 15:21:46 - [TEST_STEP][NOT_RUN] - pk_Functions.CS_ClickingonUpdateorDeletebutton.SelectRecordFromWebtableFun("", 0, 3, 2, "Event Group Management/MOF_NE_Event Group ManagementObjectRepository", "Sheet1", "Event Group Management/MOF_NE_Event Group ManagementData", "Sheet1"): NOT_RUN: pk_Functions.CS_ClickingonUpdateorDeletebutton.SelectRecordFromWebtableFun("", 0, 3, 2, "Event Group Management/MOF_NE_Event Group ManagementObjectRepository", "Sheet1", "Event Group Management/MOF_NE_Event Group ManagementData", "Sheet1")

2019-01-31 15:21:46 - [MESSAGE][NOT_RUN] - NOT_RUN: pk_Functions.CS_ClickingonUpdateorDeletebutton.SelectRecordFromWebtableFun("", 0, 3, 2, "Event Group Management/MOF_NE_Event Group ManagementObjectRepository", "Sheet1", "Event Group Management/MOF_NE_Event Group ManagementData", "Sheet1")

2019-01-31 15:21:46 - [TEST_STEP][NOT_RUN] - pk_Functions.CS_SpecificPageData.DataFun(["Arabic Description", "English Description"], "Event Group Management/MOF_NE_Event Group ManagementObjectRepository", "Sheet1", [ArabicDescription, EnglishDescription]): NOT_RUN: pk_Functions.CS_SpecificPageData.DataFun(["Arabic Description", "English Description"], "Event Group Management/MOF_NE_Event Group ManagementObjectRepository", "Sheet1", [ArabicDescription, EnglishDescription])

2019-01-31 15:21:46 - [MESSAGE][NOT_RUN] - NOT_RUN: pk_Functions.CS_SpecificPageData.DataFun(["Arabic Description", "English Description"], "Event Group Management/MOF_NE_Event Group ManagementObjectRepository", "Sheet1", [ArabicDescription, EnglishDescription])

2019-01-31 15:21:46 - [TEST_STEP][NOT_RUN] - click(findTestObject("Event Group Managemnt/BTN_Save")): NOT_RUN: click(findTestObject("Event Group Managemnt/BTN_Save"))

2019-01-31 15:21:46 - [MESSAGE][NOT_RUN] - NOT_RUN: click(findTestObject("Event Group Managemnt/BTN_Save"))

2019-01-31 15:21:46 - [TEST_STEP][NOT_RUN] - click(findTestObject("Event Group Managemnt/BTN_Back")): NOT_RUN: click(findTestObject("Event Group Managemnt/BTN_Back"))

2019-01-31 15:21:46 - [MESSAGE][NOT_RUN] - NOT_RUN: click(findTestObject("Event Group Managemnt/BTN_Back"))

2019-01-31 15:21:46 - [TEST_STEP][ERROR] - pk_Functions.CS_ClickingonUpdateorDeletebutton.SelectRecordFromWebtableFun(ActionType, 0, 3, "MOF_NE_Event Group ManagementObjectRepository", "Sheet1", "Event Group Management/MOF_NE_Event Group ManagementData", "Sheet1", Code): pk_Functions.CS_ClickingonUpdateorDeletebutton.SelectRecordFromWebtableFun(ActionType, 0, 3, "MOF_NE_Event Group ManagementObjectRepository", "Sheet1", "Event Group Management/MOF_NE_Event Group ManagementData", "Sheet1", Code) FAILED.
Reason:
java.lang.IllegalArgumentException: Cannot find test data with id 'Data Files/MOF_NE_Event Group ManagementObjectRepository' because (of) 'java.lang.IllegalArgumentException: Test data with id 'Data Files/MOF_NE_Event Group ManagementObjectRepository' does not exist'
	at com.kms.katalon.core.testdata.TestDataFactory.findTestData(TestDataFactory.java:122)
	at com.kms.katalon.core.testdata.TestDataFactory$findTestData.callStatic(Unknown Source)
	at pk_Functions.CS_ClickingonUpdateorDeletebutton.SelectRecordFromWebtableFun(CS_ClickingonUpdateorDeletebutton.groovy:68)
	at pk_Functions.CS_ClickingonUpdateorDeletebutton.invokeMethod(CS_ClickingonUpdateorDeletebutton.groovy)
	at com.kms.katalon.core.main.CustomKeywordDelegatingMetaClass.invokeStaticMethod(CustomKeywordDelegatingMetaClass.java:49)
	at TC_Update and Delete test.run(TC_Update and Delete test:38)
	at com.kms.katalon.core.main.ScriptEngine.run(ScriptEngine.java:194)
	at com.kms.katalon.core.main.ScriptEngine.runScriptAsRawText(ScriptEngine.java:119)
	at com.kms.katalon.core.main.TestCaseExecutor.runScript(TestCaseExecutor.java:328)
	at com.kms.katalon.core.main.TestCaseExecutor.doExecute(TestCaseExecutor.java:319)
	at com.kms.katalon.core.main.TestCaseExecutor.processExecutionPhase(TestCaseExecutor.java:298)
	at com.kms.katalon.core.main.TestCaseExecutor.accessMainPhase(TestCaseExecutor.java:290)
	at com.kms.katalon.core.main.TestCaseExecutor.execute(TestCaseExecutor.java:224)
	at com.kms.katalon.core.main.TestSuiteExecutor.accessTestCaseMainPhase(TestSuiteExecutor.java:129)
	at com.kms.katalon.core.main.TestSuiteExecutor.accessTestSuiteMainPhase(TestSuiteExecutor.java:112)
	at com.kms.katalon.core.main.TestSuiteExecutor.execute(TestSuiteExecutor.java:81)
	at com.kms.katalon.core.main.TestCaseMain.startTestSuite(TestCaseMain.java:149)
	at com.kms.katalon.core.main.TestCaseMain$startTestSuite$0.call(Unknown Source)
	at TempTestSuite1548940868214.run(TempTestSuite1548940868214.groovy:36)


2019-01-31 15:21:46 - [MESSAGE][ERROR] - Cannot find test data with id 'Data Files/MOF_NE_Event Group ManagementObjectRepository' because (of) 'java.lang.IllegalArgumentException: Test data with id 'Data Files/MOF_NE_Event Group ManagementObjectRepository' does not exist'

2019-01-31 15:21:46 - [MESSAGE][ERROR] - pk_Functions.CS_ClickingonUpdateorDeletebutton.SelectRecordFromWebtableFun(ActionType, 0, 3, "MOF_NE_Event Group ManagementObjectRepository", "Sheet1", "Event Group Management/MOF_NE_Event Group ManagementData", "Sheet1", Code) FAILED.
Reason:
java.lang.IllegalArgumentException: Cannot find test data with id 'Data Files/MOF_NE_Event Group ManagementObjectRepository' because (of) 'java.lang.IllegalArgumentException: Test data with id 'Data Files/MOF_NE_Event Group ManagementObjectRepository' does not exist'
	at com.kms.katalon.core.testdata.TestDataFactory.findTestData(TestDataFactory.java:122)
	at com.kms.katalon.core.testdata.TestDataFactory$findTestData.callStatic(Unknown Source)
	at pk_Functions.CS_ClickingonUpdateorDeletebutton.SelectRecordFromWebtableFun(CS_ClickingonUpdateorDeletebutton.groovy:68)
	at pk_Functions.CS_ClickingonUpdateorDeletebutton.invokeMethod(CS_ClickingonUpdateorDeletebutton.groovy)
	at com.kms.katalon.core.main.CustomKeywordDelegatingMetaClass.invokeStaticMethod(CustomKeywordDelegatingMetaClass.java:49)
	at TC_Update and Delete test.run(TC_Update and Delete test:38)
	at com.kms.katalon.core.main.ScriptEngine.run(ScriptEngine.java:194)
	at com.kms.katalon.core.main.ScriptEngine.runScriptAsRawText(ScriptEngine.java:119)
	at com.kms.katalon.core.main.TestCaseExecutor.runScript(TestCaseExecutor.java:328)
	at com.kms.katalon.core.main.TestCaseExecutor.doExecute(TestCaseExecutor.java:319)
	at com.kms.katalon.core.main.TestCaseExecutor.processExecutionPhase(TestCaseExecutor.java:298)
	at com.kms.katalon.core.main.TestCaseExecutor.accessMainPhase(TestCaseExecutor.java:290)
	at com.kms.katalon.core.main.TestCaseExecutor.execute(TestCaseExecutor.java:224)
	at com.kms.katalon.core.main.TestSuiteExecutor.accessTestCaseMainPhase(TestSuiteExecutor.java:129)
	at com.kms.katalon.core.main.TestSuiteExecutor.accessTestSuiteMainPhase(TestSuiteExecutor.java:112)
	at com.kms.katalon.core.main.TestSuiteExecutor.execute(TestSuiteExecutor.java:81)
	at com.kms.katalon.core.main.TestCaseMain.startTestSuite(TestCaseMain.java:149)
	at com.kms.katalon.core.main.TestCaseMain$startTestSuite$0.call(Unknown Source)
	at TempTestSuite1548940868214.run(TempTestSuite1548940868214.groovy:36)]]></system-out>
         <system-err><![CDATA[2019-01-31 15:21:45 - [TEST_CASE][ERROR] - Test Cases/Event Group Management/TC_Update and Delete test: Test Cases/Event Group Management/TC_Update and Delete test FAILED.
Reason:
java.lang.IllegalArgumentException: Cannot find test data with id 'Data Files/MOF_NE_Event Group ManagementObjectRepository' because (of) 'java.lang.IllegalArgumentException: Test data with id 'Data Files/MOF_NE_Event Group ManagementObjectRepository' does not exist'
	at com.kms.katalon.core.testdata.TestDataFactory.findTestData(TestDataFactory.java:122)
	at com.kms.katalon.core.testdata.TestDataFactory$findTestData.callStatic(Unknown Source)
	at pk_Functions.CS_ClickingonUpdateorDeletebutton.SelectRecordFromWebtableFun(CS_ClickingonUpdateorDeletebutton.groovy:68)
	at pk_Functions.CS_ClickingonUpdateorDeletebutton.invokeMethod(CS_ClickingonUpdateorDeletebutton.groovy)
	at com.kms.katalon.core.main.CustomKeywordDelegatingMetaClass.invokeStaticMethod(CustomKeywordDelegatingMetaClass.java:49)
	at TC_Update and Delete test.run(TC_Update and Delete test:38)
	at com.kms.katalon.core.main.ScriptEngine.run(ScriptEngine.java:194)
	at com.kms.katalon.core.main.ScriptEngine.runScriptAsRawText(ScriptEngine.java:119)
	at com.kms.katalon.core.main.TestCaseExecutor.runScript(TestCaseExecutor.java:328)
	at com.kms.katalon.core.main.TestCaseExecutor.doExecute(TestCaseExecutor.java:319)
	at com.kms.katalon.core.main.TestCaseExecutor.processExecutionPhase(TestCaseExecutor.java:298)
	at com.kms.katalon.core.main.TestCaseExecutor.accessMainPhase(TestCaseExecutor.java:290)
	at com.kms.katalon.core.main.TestCaseExecutor.execute(TestCaseExecutor.java:224)
	at com.kms.katalon.core.main.TestSuiteExecutor.accessTestCaseMainPhase(TestSuiteExecutor.java:129)
	at com.kms.katalon.core.main.TestSuiteExecutor.accessTestSuiteMainPhase(TestSuiteExecutor.java:112)
	at com.kms.katalon.core.main.TestSuiteExecutor.execute(TestSuiteExecutor.java:81)
	at com.kms.katalon.core.main.TestCaseMain.startTestSuite(TestCaseMain.java:149)
	at com.kms.katalon.core.main.TestCaseMain$startTestSuite$0.call(Unknown Source)
	at TempTestSuite1548940868214.run(TempTestSuite1548940868214.groovy:36)]]></system-err>
      </testcase>
      <testcase name="Test Cases/Event Group Management/TC_Update and Delete test" classname="Test Cases/Event Group Management/TC_Update and Delete test" status="ERROR">
         <error type="ERROR" message="Test Cases/Event Group Management/TC_Update and Delete test FAILED.
Reason:
java.lang.IllegalArgumentException: Cannot find test data with id 'Data Files/MOF_NE_Event Group ManagementObjectRepository' because (of) 'java.lang.IllegalArgumentException: Test data with id 'Data Files/MOF_NE_Event Group ManagementObjectRepository' does not exist'
	at com.kms.katalon.core.testdata.TestDataFactory.findTestData(TestDataFactory.java:122)
	at com.kms.katalon.core.testdata.TestDataFactory$findTestData.callStatic(Unknown Source)
	at pk_Functions.CS_ClickingonUpdateorDeletebutton.SelectRecordFromWebtableFun(CS_ClickingonUpdateorDeletebutton.groovy:68)
	at pk_Functions.CS_ClickingonUpdateorDeletebutton.invokeMethod(CS_ClickingonUpdateorDeletebutton.groovy)
	at com.kms.katalon.core.main.CustomKeywordDelegatingMetaClass.invokeStaticMethod(CustomKeywordDelegatingMetaClass.java:49)
	at TC_Update and Delete test.run(TC_Update and Delete test:38)
	at com.kms.katalon.core.main.ScriptEngine.run(ScriptEngine.java:194)
	at com.kms.katalon.core.main.ScriptEngine.runScriptAsRawText(ScriptEngine.java:119)
	at com.kms.katalon.core.main.TestCaseExecutor.runScript(TestCaseExecutor.java:328)
	at com.kms.katalon.core.main.TestCaseExecutor.doExecute(TestCaseExecutor.java:319)
	at com.kms.katalon.core.main.TestCaseExecutor.processExecutionPhase(TestCaseExecutor.java:298)
	at com.kms.katalon.core.main.TestCaseExecutor.accessMainPhase(TestCaseExecutor.java:290)
	at com.kms.katalon.core.main.TestCaseExecutor.execute(TestCaseExecutor.java:224)
	at com.kms.katalon.core.main.TestSuiteExecutor.accessTestCaseMainPhase(TestSuiteExecutor.java:129)
	at com.kms.katalon.core.main.TestSuiteExecutor.accessTestSuiteMainPhase(TestSuiteExecutor.java:112)
	at com.kms.katalon.core.main.TestSuiteExecutor.execute(TestSuiteExecutor.java:81)
	at com.kms.katalon.core.main.TestCaseMain.startTestSuite(TestCaseMain.java:149)
	at com.kms.katalon.core.main.TestCaseMain$startTestSuite$0.call(Unknown Source)
	at TempTestSuite1548940868214.run(TempTestSuite1548940868214.groovy:36)
"/>
         <system-out><![CDATA[2019-01-31 15:21:47 - [TEST_CASE][ERROR] - Test Cases/Event Group Management/TC_Update and Delete test: Test Cases/Event Group Management/TC_Update and Delete test FAILED.
Reason:
java.lang.IllegalArgumentException: Cannot find test data with id 'Data Files/MOF_NE_Event Group ManagementObjectRepository' because (of) 'java.lang.IllegalArgumentException: Test data with id 'Data Files/MOF_NE_Event Group ManagementObjectRepository' does not exist'
	at com.kms.katalon.core.testdata.TestDataFactory.findTestData(TestDataFactory.java:122)
	at com.kms.katalon.core.testdata.TestDataFactory$findTestData.callStatic(Unknown Source)
	at pk_Functions.CS_ClickingonUpdateorDeletebutton.SelectRecordFromWebtableFun(CS_ClickingonUpdateorDeletebutton.groovy:68)
	at pk_Functions.CS_ClickingonUpdateorDeletebutton.invokeMethod(CS_ClickingonUpdateorDeletebutton.groovy)
	at com.kms.katalon.core.main.CustomKeywordDelegatingMetaClass.invokeStaticMethod(CustomKeywordDelegatingMetaClass.java:49)
	at TC_Update and Delete test.run(TC_Update and Delete test:38)
	at com.kms.katalon.core.main.ScriptEngine.run(ScriptEngine.java:194)
	at com.kms.katalon.core.main.ScriptEngine.runScriptAsRawText(ScriptEngine.java:119)
	at com.kms.katalon.core.main.TestCaseExecutor.runScript(TestCaseExecutor.java:328)
	at com.kms.katalon.core.main.TestCaseExecutor.doExecute(TestCaseExecutor.java:319)
	at com.kms.katalon.core.main.TestCaseExecutor.processExecutionPhase(TestCaseExecutor.java:298)
	at com.kms.katalon.core.main.TestCaseExecutor.accessMainPhase(TestCaseExecutor.java:290)
	at com.kms.katalon.core.main.TestCaseExecutor.execute(TestCaseExecutor.java:224)
	at com.kms.katalon.core.main.TestSuiteExecutor.accessTestCaseMainPhase(TestSuiteExecutor.java:129)
	at com.kms.katalon.core.main.TestSuiteExecutor.accessTestSuiteMainPhase(TestSuiteExecutor.java:112)
	at com.kms.katalon.core.main.TestSuiteExecutor.execute(TestSuiteExecutor.java:81)
	at com.kms.katalon.core.main.TestCaseMain.startTestSuite(TestCaseMain.java:149)
	at com.kms.katalon.core.main.TestCaseMain$startTestSuite$0.call(Unknown Source)
	at TempTestSuite1548940868214.run(TempTestSuite1548940868214.groovy:36)


2019-01-31 15:21:47 - [TEST_STEP][NOT_RUN] - pk_Functions.CS_Login.LoginFun(findTestObject(null), "http://192.168.0.190:8080/mof/#/", findTestObject("Login/Username"), findTestObject("Login/Password"), "AAttia", "123", findTestObject("Login/Login")): NOT_RUN: pk_Functions.CS_Login.LoginFun(findTestObject(null), "http://192.168.0.190:8080/mof/#/", findTestObject("Login/Username"), findTestObject("Login/Password"), "AAttia", "123", findTestObject("Login/Login"))

2019-01-31 15:21:47 - [MESSAGE][NOT_RUN] - NOT_RUN: pk_Functions.CS_Login.LoginFun(findTestObject(null), "http://192.168.0.190:8080/mof/#/", findTestObject("Login/Username"), findTestObject("Login/Password"), "AAttia", "123", findTestObject("Login/Login"))

2019-01-31 15:21:47 - [TEST_STEP][NOT_RUN] - click(findTestObject("NE_SideMenu")): NOT_RUN: click(findTestObject("NE_SideMenu"))

2019-01-31 15:21:47 - [MESSAGE][NOT_RUN] - NOT_RUN: click(findTestObject("NE_SideMenu"))

2019-01-31 15:21:47 - [TEST_STEP][NOT_RUN] - click(findTestObject("NE_EventGroupManagement")): NOT_RUN: click(findTestObject("NE_EventGroupManagement"))

2019-01-31 15:21:47 - [MESSAGE][NOT_RUN] - NOT_RUN: click(findTestObject("NE_EventGroupManagement"))

2019-01-31 15:21:47 - [TEST_STEP][PASSED] - delay(1): Delayed 1 second(s)

2019-01-31 15:21:48 - [MESSAGE][PASSED] - Delayed 1 second(s)

2019-01-31 15:21:48 - [TEST_STEP][NOT_RUN] - pk_Functions.CS_ClickingonUpdateorDeletebutton.SelectRecordFromWebtableFun("Event Group Management/MOF_NE_Event Group ManagementData", "Sheet1"): NOT_RUN: pk_Functions.CS_ClickingonUpdateorDeletebutton.SelectRecordFromWebtableFun("Event Group Management/MOF_NE_Event Group ManagementData", "Sheet1")

2019-01-31 15:21:48 - [MESSAGE][NOT_RUN] - NOT_RUN: pk_Functions.CS_ClickingonUpdateorDeletebutton.SelectRecordFromWebtableFun("Event Group Management/MOF_NE_Event Group ManagementData", "Sheet1")

2019-01-31 15:21:48 - [TEST_STEP][NOT_RUN] - pk_Functions.CS_ClickingonUpdateorDeletebutton.SelectRecordFromWebtableFun("", 0, 3, 2, "Event Group Management/MOF_NE_Event Group ManagementObjectRepository", "Sheet1", "Event Group Management/MOF_NE_Event Group ManagementData", "Sheet1"): NOT_RUN: pk_Functions.CS_ClickingonUpdateorDeletebutton.SelectRecordFromWebtableFun("", 0, 3, 2, "Event Group Management/MOF_NE_Event Group ManagementObjectRepository", "Sheet1", "Event Group Management/MOF_NE_Event Group ManagementData", "Sheet1")

2019-01-31 15:21:48 - [MESSAGE][NOT_RUN] - NOT_RUN: pk_Functions.CS_ClickingonUpdateorDeletebutton.SelectRecordFromWebtableFun("", 0, 3, 2, "Event Group Management/MOF_NE_Event Group ManagementObjectRepository", "Sheet1", "Event Group Management/MOF_NE_Event Group ManagementData", "Sheet1")

2019-01-31 15:21:48 - [TEST_STEP][NOT_RUN] - pk_Functions.CS_SpecificPageData.DataFun(["Arabic Description", "English Description"], "Event Group Management/MOF_NE_Event Group ManagementObjectRepository", "Sheet1", [ArabicDescription, EnglishDescription]): NOT_RUN: pk_Functions.CS_SpecificPageData.DataFun(["Arabic Description", "English Description"], "Event Group Management/MOF_NE_Event Group ManagementObjectRepository", "Sheet1", [ArabicDescription, EnglishDescription])

2019-01-31 15:21:48 - [MESSAGE][NOT_RUN] - NOT_RUN: pk_Functions.CS_SpecificPageData.DataFun(["Arabic Description", "English Description"], "Event Group Management/MOF_NE_Event Group ManagementObjectRepository", "Sheet1", [ArabicDescription, EnglishDescription])

2019-01-31 15:21:48 - [TEST_STEP][NOT_RUN] - click(findTestObject("Event Group Managemnt/BTN_Save")): NOT_RUN: click(findTestObject("Event Group Managemnt/BTN_Save"))

2019-01-31 15:21:48 - [MESSAGE][NOT_RUN] - NOT_RUN: click(findTestObject("Event Group Managemnt/BTN_Save"))

2019-01-31 15:21:48 - [TEST_STEP][NOT_RUN] - click(findTestObject("Event Group Managemnt/BTN_Back")): NOT_RUN: click(findTestObject("Event Group Managemnt/BTN_Back"))

2019-01-31 15:21:48 - [MESSAGE][NOT_RUN] - NOT_RUN: click(findTestObject("Event Group Managemnt/BTN_Back"))

2019-01-31 15:21:48 - [TEST_STEP][ERROR] - pk_Functions.CS_ClickingonUpdateorDeletebutton.SelectRecordFromWebtableFun(ActionType, 0, 3, "MOF_NE_Event Group ManagementObjectRepository", "Sheet1", "Event Group Management/MOF_NE_Event Group ManagementData", "Sheet1", Code): pk_Functions.CS_ClickingonUpdateorDeletebutton.SelectRecordFromWebtableFun(ActionType, 0, 3, "MOF_NE_Event Group ManagementObjectRepository", "Sheet1", "Event Group Management/MOF_NE_Event Group ManagementData", "Sheet1", Code) FAILED.
Reason:
java.lang.IllegalArgumentException: Cannot find test data with id 'Data Files/MOF_NE_Event Group ManagementObjectRepository' because (of) 'java.lang.IllegalArgumentException: Test data with id 'Data Files/MOF_NE_Event Group ManagementObjectRepository' does not exist'
	at com.kms.katalon.core.testdata.TestDataFactory.findTestData(TestDataFactory.java:122)
	at com.kms.katalon.core.testdata.TestDataFactory$findTestData.callStatic(Unknown Source)
	at pk_Functions.CS_ClickingonUpdateorDeletebutton.SelectRecordFromWebtableFun(CS_ClickingonUpdateorDeletebutton.groovy:68)
	at pk_Functions.CS_ClickingonUpdateorDeletebutton.invokeMethod(CS_ClickingonUpdateorDeletebutton.groovy)
	at com.kms.katalon.core.main.CustomKeywordDelegatingMetaClass.invokeStaticMethod(CustomKeywordDelegatingMetaClass.java:49)
	at TC_Update and Delete test.run(TC_Update and Delete test:38)
	at com.kms.katalon.core.main.ScriptEngine.run(ScriptEngine.java:194)
	at com.kms.katalon.core.main.ScriptEngine.runScriptAsRawText(ScriptEngine.java:119)
	at com.kms.katalon.core.main.TestCaseExecutor.runScript(TestCaseExecutor.java:328)
	at com.kms.katalon.core.main.TestCaseExecutor.doExecute(TestCaseExecutor.java:319)
	at com.kms.katalon.core.main.TestCaseExecutor.processExecutionPhase(TestCaseExecutor.java:298)
	at com.kms.katalon.core.main.TestCaseExecutor.accessMainPhase(TestCaseExecutor.java:290)
	at com.kms.katalon.core.main.TestCaseExecutor.execute(TestCaseExecutor.java:224)
	at com.kms.katalon.core.main.TestSuiteExecutor.accessTestCaseMainPhase(TestSuiteExecutor.java:129)
	at com.kms.katalon.core.main.TestSuiteExecutor.accessTestSuiteMainPhase(TestSuiteExecutor.java:112)
	at com.kms.katalon.core.main.TestSuiteExecutor.execute(TestSuiteExecutor.java:81)
	at com.kms.katalon.core.main.TestCaseMain.startTestSuite(TestCaseMain.java:149)
	at com.kms.katalon.core.main.TestCaseMain$startTestSuite$0.call(Unknown Source)
	at TempTestSuite1548940868214.run(TempTestSuite1548940868214.groovy:36)


2019-01-31 15:21:48 - [MESSAGE][ERROR] - Cannot find test data with id 'Data Files/MOF_NE_Event Group ManagementObjectRepository' because (of) 'java.lang.IllegalArgumentException: Test data with id 'Data Files/MOF_NE_Event Group ManagementObjectRepository' does not exist'

2019-01-31 15:21:48 - [MESSAGE][ERROR] - pk_Functions.CS_ClickingonUpdateorDeletebutton.SelectRecordFromWebtableFun(ActionType, 0, 3, "MOF_NE_Event Group ManagementObjectRepository", "Sheet1", "Event Group Management/MOF_NE_Event Group ManagementData", "Sheet1", Code) FAILED.
Reason:
java.lang.IllegalArgumentException: Cannot find test data with id 'Data Files/MOF_NE_Event Group ManagementObjectRepository' because (of) 'java.lang.IllegalArgumentException: Test data with id 'Data Files/MOF_NE_Event Group ManagementObjectRepository' does not exist'
	at com.kms.katalon.core.testdata.TestDataFactory.findTestData(TestDataFactory.java:122)
	at com.kms.katalon.core.testdata.TestDataFactory$findTestData.callStatic(Unknown Source)
	at pk_Functions.CS_ClickingonUpdateorDeletebutton.SelectRecordFromWebtableFun(CS_ClickingonUpdateorDeletebutton.groovy:68)
	at pk_Functions.CS_ClickingonUpdateorDeletebutton.invokeMethod(CS_ClickingonUpdateorDeletebutton.groovy)
	at com.kms.katalon.core.main.CustomKeywordDelegatingMetaClass.invokeStaticMethod(CustomKeywordDelegatingMetaClass.java:49)
	at TC_Update and Delete test.run(TC_Update and Delete test:38)
	at com.kms.katalon.core.main.ScriptEngine.run(ScriptEngine.java:194)
	at com.kms.katalon.core.main.ScriptEngine.runScriptAsRawText(ScriptEngine.java:119)
	at com.kms.katalon.core.main.TestCaseExecutor.runScript(TestCaseExecutor.java:328)
	at com.kms.katalon.core.main.TestCaseExecutor.doExecute(TestCaseExecutor.java:319)
	at com.kms.katalon.core.main.TestCaseExecutor.processExecutionPhase(TestCaseExecutor.java:298)
	at com.kms.katalon.core.main.TestCaseExecutor.accessMainPhase(TestCaseExecutor.java:290)
	at com.kms.katalon.core.main.TestCaseExecutor.execute(TestCaseExecutor.java:224)
	at com.kms.katalon.core.main.TestSuiteExecutor.accessTestCaseMainPhase(TestSuiteExecutor.java:129)
	at com.kms.katalon.core.main.TestSuiteExecutor.accessTestSuiteMainPhase(TestSuiteExecutor.java:112)
	at com.kms.katalon.core.main.TestSuiteExecutor.execute(TestSuiteExecutor.java:81)
	at com.kms.katalon.core.main.TestCaseMain.startTestSuite(TestCaseMain.java:149)
	at com.kms.katalon.core.main.TestCaseMain$startTestSuite$0.call(Unknown Source)
	at TempTestSuite1548940868214.run(TempTestSuite1548940868214.groovy:36)]]></system-out>
         <system-err><![CDATA[2019-01-31 15:21:47 - [TEST_CASE][ERROR] - Test Cases/Event Group Management/TC_Update and Delete test: Test Cases/Event Group Management/TC_Update and Delete test FAILED.
Reason:
java.lang.IllegalArgumentException: Cannot find test data with id 'Data Files/MOF_NE_Event Group ManagementObjectRepository' because (of) 'java.lang.IllegalArgumentException: Test data with id 'Data Files/MOF_NE_Event Group ManagementObjectRepository' does not exist'
	at com.kms.katalon.core.testdata.TestDataFactory.findTestData(TestDataFactory.java:122)
	at com.kms.katalon.core.testdata.TestDataFactory$findTestData.callStatic(Unknown Source)
	at pk_Functions.CS_ClickingonUpdateorDeletebutton.SelectRecordFromWebtableFun(CS_ClickingonUpdateorDeletebutton.groovy:68)
	at pk_Functions.CS_ClickingonUpdateorDeletebutton.invokeMethod(CS_ClickingonUpdateorDeletebutton.groovy)
	at com.kms.katalon.core.main.CustomKeywordDelegatingMetaClass.invokeStaticMethod(CustomKeywordDelegatingMetaClass.java:49)
	at TC_Update and Delete test.run(TC_Update and Delete test:38)
	at com.kms.katalon.core.main.ScriptEngine.run(ScriptEngine.java:194)
	at com.kms.katalon.core.main.ScriptEngine.runScriptAsRawText(ScriptEngine.java:119)
	at com.kms.katalon.core.main.TestCaseExecutor.runScript(TestCaseExecutor.java:328)
	at com.kms.katalon.core.main.TestCaseExecutor.doExecute(TestCaseExecutor.java:319)
	at com.kms.katalon.core.main.TestCaseExecutor.processExecutionPhase(TestCaseExecutor.java:298)
	at com.kms.katalon.core.main.TestCaseExecutor.accessMainPhase(TestCaseExecutor.java:290)
	at com.kms.katalon.core.main.TestCaseExecutor.execute(TestCaseExecutor.java:224)
	at com.kms.katalon.core.main.TestSuiteExecutor.accessTestCaseMainPhase(TestSuiteExecutor.java:129)
	at com.kms.katalon.core.main.TestSuiteExecutor.accessTestSuiteMainPhase(TestSuiteExecutor.java:112)
	at com.kms.katalon.core.main.TestSuiteExecutor.execute(TestSuiteExecutor.java:81)
	at com.kms.katalon.core.main.TestCaseMain.startTestSuite(TestCaseMain.java:149)
	at com.kms.katalon.core.main.TestCaseMain$startTestSuite$0.call(Unknown Source)
	at TempTestSuite1548940868214.run(TempTestSuite1548940868214.groovy:36)]]></system-err>
      </testcase>
      <testcase name="Test Cases/Event Group Management/TC_Update and Delete test" classname="Test Cases/Event Group Management/TC_Update and Delete test" status="ERROR">
         <error type="ERROR" message="Test Cases/Event Group Management/TC_Update and Delete test FAILED.
Reason:
java.lang.IllegalArgumentException: Cannot find test data with id 'Data Files/MOF_NE_Event Group ManagementObjectRepository' because (of) 'java.lang.IllegalArgumentException: Test data with id 'Data Files/MOF_NE_Event Group ManagementObjectRepository' does not exist'
	at com.kms.katalon.core.testdata.TestDataFactory.findTestData(TestDataFactory.java:122)
	at com.kms.katalon.core.testdata.TestDataFactory$findTestData.callStatic(Unknown Source)
	at pk_Functions.CS_ClickingonUpdateorDeletebutton.SelectRecordFromWebtableFun(CS_ClickingonUpdateorDeletebutton.groovy:68)
	at pk_Functions.CS_ClickingonUpdateorDeletebutton.invokeMethod(CS_ClickingonUpdateorDeletebutton.groovy)
	at com.kms.katalon.core.main.CustomKeywordDelegatingMetaClass.invokeStaticMethod(CustomKeywordDelegatingMetaClass.java:49)
	at TC_Update and Delete test.run(TC_Update and Delete test:38)
	at com.kms.katalon.core.main.ScriptEngine.run(ScriptEngine.java:194)
	at com.kms.katalon.core.main.ScriptEngine.runScriptAsRawText(ScriptEngine.java:119)
	at com.kms.katalon.core.main.TestCaseExecutor.runScript(TestCaseExecutor.java:328)
	at com.kms.katalon.core.main.TestCaseExecutor.doExecute(TestCaseExecutor.java:319)
	at com.kms.katalon.core.main.TestCaseExecutor.processExecutionPhase(TestCaseExecutor.java:298)
	at com.kms.katalon.core.main.TestCaseExecutor.accessMainPhase(TestCaseExecutor.java:290)
	at com.kms.katalon.core.main.TestCaseExecutor.execute(TestCaseExecutor.java:224)
	at com.kms.katalon.core.main.TestSuiteExecutor.accessTestCaseMainPhase(TestSuiteExecutor.java:129)
	at com.kms.katalon.core.main.TestSuiteExecutor.accessTestSuiteMainPhase(TestSuiteExecutor.java:112)
	at com.kms.katalon.core.main.TestSuiteExecutor.execute(TestSuiteExecutor.java:81)
	at com.kms.katalon.core.main.TestCaseMain.startTestSuite(TestCaseMain.java:149)
	at com.kms.katalon.core.main.TestCaseMain$startTestSuite$0.call(Unknown Source)
	at TempTestSuite1548940868214.run(TempTestSuite1548940868214.groovy:36)
"/>
         <system-out><![CDATA[2019-01-31 15:21:48 - [TEST_CASE][ERROR] - Test Cases/Event Group Management/TC_Update and Delete test: Test Cases/Event Group Management/TC_Update and Delete test FAILED.
Reason:
java.lang.IllegalArgumentException: Cannot find test data with id 'Data Files/MOF_NE_Event Group ManagementObjectRepository' because (of) 'java.lang.IllegalArgumentException: Test data with id 'Data Files/MOF_NE_Event Group ManagementObjectRepository' does not exist'
	at com.kms.katalon.core.testdata.TestDataFactory.findTestData(TestDataFactory.java:122)
	at com.kms.katalon.core.testdata.TestDataFactory$findTestData.callStatic(Unknown Source)
	at pk_Functions.CS_ClickingonUpdateorDeletebutton.SelectRecordFromWebtableFun(CS_ClickingonUpdateorDeletebutton.groovy:68)
	at pk_Functions.CS_ClickingonUpdateorDeletebutton.invokeMethod(CS_ClickingonUpdateorDeletebutton.groovy)
	at com.kms.katalon.core.main.CustomKeywordDelegatingMetaClass.invokeStaticMethod(CustomKeywordDelegatingMetaClass.java:49)
	at TC_Update and Delete test.run(TC_Update and Delete test:38)
	at com.kms.katalon.core.main.ScriptEngine.run(ScriptEngine.java:194)
	at com.kms.katalon.core.main.ScriptEngine.runScriptAsRawText(ScriptEngine.java:119)
	at com.kms.katalon.core.main.TestCaseExecutor.runScript(TestCaseExecutor.java:328)
	at com.kms.katalon.core.main.TestCaseExecutor.doExecute(TestCaseExecutor.java:319)
	at com.kms.katalon.core.main.TestCaseExecutor.processExecutionPhase(TestCaseExecutor.java:298)
	at com.kms.katalon.core.main.TestCaseExecutor.accessMainPhase(TestCaseExecutor.java:290)
	at com.kms.katalon.core.main.TestCaseExecutor.execute(TestCaseExecutor.java:224)
	at com.kms.katalon.core.main.TestSuiteExecutor.accessTestCaseMainPhase(TestSuiteExecutor.java:129)
	at com.kms.katalon.core.main.TestSuiteExecutor.accessTestSuiteMainPhase(TestSuiteExecutor.java:112)
	at com.kms.katalon.core.main.TestSuiteExecutor.execute(TestSuiteExecutor.java:81)
	at com.kms.katalon.core.main.TestCaseMain.startTestSuite(TestCaseMain.java:149)
	at com.kms.katalon.core.main.TestCaseMain$startTestSuite$0.call(Unknown Source)
	at TempTestSuite1548940868214.run(TempTestSuite1548940868214.groovy:36)


2019-01-31 15:21:48 - [TEST_STEP][NOT_RUN] - pk_Functions.CS_Login.LoginFun(findTestObject(null), "http://192.168.0.190:8080/mof/#/", findTestObject("Login/Username"), findTestObject("Login/Password"), "AAttia", "123", findTestObject("Login/Login")): NOT_RUN: pk_Functions.CS_Login.LoginFun(findTestObject(null), "http://192.168.0.190:8080/mof/#/", findTestObject("Login/Username"), findTestObject("Login/Password"), "AAttia", "123", findTestObject("Login/Login"))

2019-01-31 15:21:48 - [MESSAGE][NOT_RUN] - NOT_RUN: pk_Functions.CS_Login.LoginFun(findTestObject(null), "http://192.168.0.190:8080/mof/#/", findTestObject("Login/Username"), findTestObject("Login/Password"), "AAttia", "123", findTestObject("Login/Login"))

2019-01-31 15:21:48 - [TEST_STEP][NOT_RUN] - click(findTestObject("NE_SideMenu")): NOT_RUN: click(findTestObject("NE_SideMenu"))

2019-01-31 15:21:48 - [MESSAGE][NOT_RUN] - NOT_RUN: click(findTestObject("NE_SideMenu"))

2019-01-31 15:21:48 - [TEST_STEP][NOT_RUN] - click(findTestObject("NE_EventGroupManagement")): NOT_RUN: click(findTestObject("NE_EventGroupManagement"))

2019-01-31 15:21:48 - [MESSAGE][NOT_RUN] - NOT_RUN: click(findTestObject("NE_EventGroupManagement"))

2019-01-31 15:21:48 - [TEST_STEP][PASSED] - delay(1): Delayed 1 second(s)

2019-01-31 15:21:49 - [MESSAGE][PASSED] - Delayed 1 second(s)

2019-01-31 15:21:49 - [TEST_STEP][NOT_RUN] - pk_Functions.CS_ClickingonUpdateorDeletebutton.SelectRecordFromWebtableFun("Event Group Management/MOF_NE_Event Group ManagementData", "Sheet1"): NOT_RUN: pk_Functions.CS_ClickingonUpdateorDeletebutton.SelectRecordFromWebtableFun("Event Group Management/MOF_NE_Event Group ManagementData", "Sheet1")

2019-01-31 15:21:49 - [MESSAGE][NOT_RUN] - NOT_RUN: pk_Functions.CS_ClickingonUpdateorDeletebutton.SelectRecordFromWebtableFun("Event Group Management/MOF_NE_Event Group ManagementData", "Sheet1")

2019-01-31 15:21:49 - [TEST_STEP][NOT_RUN] - pk_Functions.CS_ClickingonUpdateorDeletebutton.SelectRecordFromWebtableFun("", 0, 3, 2, "Event Group Management/MOF_NE_Event Group ManagementObjectRepository", "Sheet1", "Event Group Management/MOF_NE_Event Group ManagementData", "Sheet1"): NOT_RUN: pk_Functions.CS_ClickingonUpdateorDeletebutton.SelectRecordFromWebtableFun("", 0, 3, 2, "Event Group Management/MOF_NE_Event Group ManagementObjectRepository", "Sheet1", "Event Group Management/MOF_NE_Event Group ManagementData", "Sheet1")

2019-01-31 15:21:49 - [MESSAGE][NOT_RUN] - NOT_RUN: pk_Functions.CS_ClickingonUpdateorDeletebutton.SelectRecordFromWebtableFun("", 0, 3, 2, "Event Group Management/MOF_NE_Event Group ManagementObjectRepository", "Sheet1", "Event Group Management/MOF_NE_Event Group ManagementData", "Sheet1")

2019-01-31 15:21:49 - [TEST_STEP][NOT_RUN] - pk_Functions.CS_SpecificPageData.DataFun(["Arabic Description", "English Description"], "Event Group Management/MOF_NE_Event Group ManagementObjectRepository", "Sheet1", [ArabicDescription, EnglishDescription]): NOT_RUN: pk_Functions.CS_SpecificPageData.DataFun(["Arabic Description", "English Description"], "Event Group Management/MOF_NE_Event Group ManagementObjectRepository", "Sheet1", [ArabicDescription, EnglishDescription])

2019-01-31 15:21:49 - [MESSAGE][NOT_RUN] - NOT_RUN: pk_Functions.CS_SpecificPageData.DataFun(["Arabic Description", "English Description"], "Event Group Management/MOF_NE_Event Group ManagementObjectRepository", "Sheet1", [ArabicDescription, EnglishDescription])

2019-01-31 15:21:49 - [TEST_STEP][NOT_RUN] - click(findTestObject("Event Group Managemnt/BTN_Save")): NOT_RUN: click(findTestObject("Event Group Managemnt/BTN_Save"))

2019-01-31 15:21:49 - [MESSAGE][NOT_RUN] - NOT_RUN: click(findTestObject("Event Group Managemnt/BTN_Save"))

2019-01-31 15:21:49 - [TEST_STEP][NOT_RUN] - click(findTestObject("Event Group Managemnt/BTN_Back")): NOT_RUN: click(findTestObject("Event Group Managemnt/BTN_Back"))

2019-01-31 15:21:49 - [MESSAGE][NOT_RUN] - NOT_RUN: click(findTestObject("Event Group Managemnt/BTN_Back"))

2019-01-31 15:21:49 - [TEST_STEP][ERROR] - pk_Functions.CS_ClickingonUpdateorDeletebutton.SelectRecordFromWebtableFun(ActionType, 0, 3, "MOF_NE_Event Group ManagementObjectRepository", "Sheet1", "Event Group Management/MOF_NE_Event Group ManagementData", "Sheet1", Code): pk_Functions.CS_ClickingonUpdateorDeletebutton.SelectRecordFromWebtableFun(ActionType, 0, 3, "MOF_NE_Event Group ManagementObjectRepository", "Sheet1", "Event Group Management/MOF_NE_Event Group ManagementData", "Sheet1", Code) FAILED.
Reason:
java.lang.IllegalArgumentException: Cannot find test data with id 'Data Files/MOF_NE_Event Group ManagementObjectRepository' because (of) 'java.lang.IllegalArgumentException: Test data with id 'Data Files/MOF_NE_Event Group ManagementObjectRepository' does not exist'
	at com.kms.katalon.core.testdata.TestDataFactory.findTestData(TestDataFactory.java:122)
	at com.kms.katalon.core.testdata.TestDataFactory$findTestData.callStatic(Unknown Source)
	at pk_Functions.CS_ClickingonUpdateorDeletebutton.SelectRecordFromWebtableFun(CS_ClickingonUpdateorDeletebutton.groovy:68)
	at pk_Functions.CS_ClickingonUpdateorDeletebutton.invokeMethod(CS_ClickingonUpdateorDeletebutton.groovy)
	at com.kms.katalon.core.main.CustomKeywordDelegatingMetaClass.invokeStaticMethod(CustomKeywordDelegatingMetaClass.java:49)
	at TC_Update and Delete test.run(TC_Update and Delete test:38)
	at com.kms.katalon.core.main.ScriptEngine.run(ScriptEngine.java:194)
	at com.kms.katalon.core.main.ScriptEngine.runScriptAsRawText(ScriptEngine.java:119)
	at com.kms.katalon.core.main.TestCaseExecutor.runScript(TestCaseExecutor.java:328)
	at com.kms.katalon.core.main.TestCaseExecutor.doExecute(TestCaseExecutor.java:319)
	at com.kms.katalon.core.main.TestCaseExecutor.processExecutionPhase(TestCaseExecutor.java:298)
	at com.kms.katalon.core.main.TestCaseExecutor.accessMainPhase(TestCaseExecutor.java:290)
	at com.kms.katalon.core.main.TestCaseExecutor.execute(TestCaseExecutor.java:224)
	at com.kms.katalon.core.main.TestSuiteExecutor.accessTestCaseMainPhase(TestSuiteExecutor.java:129)
	at com.kms.katalon.core.main.TestSuiteExecutor.accessTestSuiteMainPhase(TestSuiteExecutor.java:112)
	at com.kms.katalon.core.main.TestSuiteExecutor.execute(TestSuiteExecutor.java:81)
	at com.kms.katalon.core.main.TestCaseMain.startTestSuite(TestCaseMain.java:149)
	at com.kms.katalon.core.main.TestCaseMain$startTestSuite$0.call(Unknown Source)
	at TempTestSuite1548940868214.run(TempTestSuite1548940868214.groovy:36)


2019-01-31 15:21:49 - [MESSAGE][ERROR] - Cannot find test data with id 'Data Files/MOF_NE_Event Group ManagementObjectRepository' because (of) 'java.lang.IllegalArgumentException: Test data with id 'Data Files/MOF_NE_Event Group ManagementObjectRepository' does not exist'

2019-01-31 15:21:49 - [MESSAGE][ERROR] - pk_Functions.CS_ClickingonUpdateorDeletebutton.SelectRecordFromWebtableFun(ActionType, 0, 3, "MOF_NE_Event Group ManagementObjectRepository", "Sheet1", "Event Group Management/MOF_NE_Event Group ManagementData", "Sheet1", Code) FAILED.
Reason:
java.lang.IllegalArgumentException: Cannot find test data with id 'Data Files/MOF_NE_Event Group ManagementObjectRepository' because (of) 'java.lang.IllegalArgumentException: Test data with id 'Data Files/MOF_NE_Event Group ManagementObjectRepository' does not exist'
	at com.kms.katalon.core.testdata.TestDataFactory.findTestData(TestDataFactory.java:122)
	at com.kms.katalon.core.testdata.TestDataFactory$findTestData.callStatic(Unknown Source)
	at pk_Functions.CS_ClickingonUpdateorDeletebutton.SelectRecordFromWebtableFun(CS_ClickingonUpdateorDeletebutton.groovy:68)
	at pk_Functions.CS_ClickingonUpdateorDeletebutton.invokeMethod(CS_ClickingonUpdateorDeletebutton.groovy)
	at com.kms.katalon.core.main.CustomKeywordDelegatingMetaClass.invokeStaticMethod(CustomKeywordDelegatingMetaClass.java:49)
	at TC_Update and Delete test.run(TC_Update and Delete test:38)
	at com.kms.katalon.core.main.ScriptEngine.run(ScriptEngine.java:194)
	at com.kms.katalon.core.main.ScriptEngine.runScriptAsRawText(ScriptEngine.java:119)
	at com.kms.katalon.core.main.TestCaseExecutor.runScript(TestCaseExecutor.java:328)
	at com.kms.katalon.core.main.TestCaseExecutor.doExecute(TestCaseExecutor.java:319)
	at com.kms.katalon.core.main.TestCaseExecutor.processExecutionPhase(TestCaseExecutor.java:298)
	at com.kms.katalon.core.main.TestCaseExecutor.accessMainPhase(TestCaseExecutor.java:290)
	at com.kms.katalon.core.main.TestCaseExecutor.execute(TestCaseExecutor.java:224)
	at com.kms.katalon.core.main.TestSuiteExecutor.accessTestCaseMainPhase(TestSuiteExecutor.java:129)
	at com.kms.katalon.core.main.TestSuiteExecutor.accessTestSuiteMainPhase(TestSuiteExecutor.java:112)
	at com.kms.katalon.core.main.TestSuiteExecutor.execute(TestSuiteExecutor.java:81)
	at com.kms.katalon.core.main.TestCaseMain.startTestSuite(TestCaseMain.java:149)
	at com.kms.katalon.core.main.TestCaseMain$startTestSuite$0.call(Unknown Source)
	at TempTestSuite1548940868214.run(TempTestSuite1548940868214.groovy:36)]]></system-out>
         <system-err><![CDATA[2019-01-31 15:21:48 - [TEST_CASE][ERROR] - Test Cases/Event Group Management/TC_Update and Delete test: Test Cases/Event Group Management/TC_Update and Delete test FAILED.
Reason:
java.lang.IllegalArgumentException: Cannot find test data with id 'Data Files/MOF_NE_Event Group ManagementObjectRepository' because (of) 'java.lang.IllegalArgumentException: Test data with id 'Data Files/MOF_NE_Event Group ManagementObjectRepository' does not exist'
	at com.kms.katalon.core.testdata.TestDataFactory.findTestData(TestDataFactory.java:122)
	at com.kms.katalon.core.testdata.TestDataFactory$findTestData.callStatic(Unknown Source)
	at pk_Functions.CS_ClickingonUpdateorDeletebutton.SelectRecordFromWebtableFun(CS_ClickingonUpdateorDeletebutton.groovy:68)
	at pk_Functions.CS_ClickingonUpdateorDeletebutton.invokeMethod(CS_ClickingonUpdateorDeletebutton.groovy)
	at com.kms.katalon.core.main.CustomKeywordDelegatingMetaClass.invokeStaticMethod(CustomKeywordDelegatingMetaClass.java:49)
	at TC_Update and Delete test.run(TC_Update and Delete test:38)
	at com.kms.katalon.core.main.ScriptEngine.run(ScriptEngine.java:194)
	at com.kms.katalon.core.main.ScriptEngine.runScriptAsRawText(ScriptEngine.java:119)
	at com.kms.katalon.core.main.TestCaseExecutor.runScript(TestCaseExecutor.java:328)
	at com.kms.katalon.core.main.TestCaseExecutor.doExecute(TestCaseExecutor.java:319)
	at com.kms.katalon.core.main.TestCaseExecutor.processExecutionPhase(TestCaseExecutor.java:298)
	at com.kms.katalon.core.main.TestCaseExecutor.accessMainPhase(TestCaseExecutor.java:290)
	at com.kms.katalon.core.main.TestCaseExecutor.execute(TestCaseExecutor.java:224)
	at com.kms.katalon.core.main.TestSuiteExecutor.accessTestCaseMainPhase(TestSuiteExecutor.java:129)
	at com.kms.katalon.core.main.TestSuiteExecutor.accessTestSuiteMainPhase(TestSuiteExecutor.java:112)
	at com.kms.katalon.core.main.TestSuiteExecutor.execute(TestSuiteExecutor.java:81)
	at com.kms.katalon.core.main.TestCaseMain.startTestSuite(TestCaseMain.java:149)
	at com.kms.katalon.core.main.TestCaseMain$startTestSuite$0.call(Unknown Source)
	at TempTestSuite1548940868214.run(TempTestSuite1548940868214.groovy:36)]]></system-err>
      </testcase>
      <testcase name="Test Cases/Event Group Management/TC_Update and Delete test" classname="Test Cases/Event Group Management/TC_Update and Delete test" status="ERROR">
         <error type="ERROR" message="Test Cases/Event Group Management/TC_Update and Delete test FAILED.
Reason:
java.lang.IllegalArgumentException: Cannot find test data with id 'Data Files/MOF_NE_Event Group ManagementObjectRepository' because (of) 'java.lang.IllegalArgumentException: Test data with id 'Data Files/MOF_NE_Event Group ManagementObjectRepository' does not exist'
	at com.kms.katalon.core.testdata.TestDataFactory.findTestData(TestDataFactory.java:122)
	at com.kms.katalon.core.testdata.TestDataFactory$findTestData.callStatic(Unknown Source)
	at pk_Functions.CS_ClickingonUpdateorDeletebutton.SelectRecordFromWebtableFun(CS_ClickingonUpdateorDeletebutton.groovy:68)
	at pk_Functions.CS_ClickingonUpdateorDeletebutton.invokeMethod(CS_ClickingonUpdateorDeletebutton.groovy)
	at com.kms.katalon.core.main.CustomKeywordDelegatingMetaClass.invokeStaticMethod(CustomKeywordDelegatingMetaClass.java:49)
	at TC_Update and Delete test.run(TC_Update and Delete test:38)
	at com.kms.katalon.core.main.ScriptEngine.run(ScriptEngine.java:194)
	at com.kms.katalon.core.main.ScriptEngine.runScriptAsRawText(ScriptEngine.java:119)
	at com.kms.katalon.core.main.TestCaseExecutor.runScript(TestCaseExecutor.java:328)
	at com.kms.katalon.core.main.TestCaseExecutor.doExecute(TestCaseExecutor.java:319)
	at com.kms.katalon.core.main.TestCaseExecutor.processExecutionPhase(TestCaseExecutor.java:298)
	at com.kms.katalon.core.main.TestCaseExecutor.accessMainPhase(TestCaseExecutor.java:290)
	at com.kms.katalon.core.main.TestCaseExecutor.execute(TestCaseExecutor.java:224)
	at com.kms.katalon.core.main.TestSuiteExecutor.accessTestCaseMainPhase(TestSuiteExecutor.java:129)
	at com.kms.katalon.core.main.TestSuiteExecutor.accessTestSuiteMainPhase(TestSuiteExecutor.java:112)
	at com.kms.katalon.core.main.TestSuiteExecutor.execute(TestSuiteExecutor.java:81)
	at com.kms.katalon.core.main.TestCaseMain.startTestSuite(TestCaseMain.java:149)
	at com.kms.katalon.core.main.TestCaseMain$startTestSuite$0.call(Unknown Source)
	at TempTestSuite1548940868214.run(TempTestSuite1548940868214.groovy:36)
"/>
         <system-out><![CDATA[2019-01-31 15:21:49 - [TEST_CASE][ERROR] - Test Cases/Event Group Management/TC_Update and Delete test: Test Cases/Event Group Management/TC_Update and Delete test FAILED.
Reason:
java.lang.IllegalArgumentException: Cannot find test data with id 'Data Files/MOF_NE_Event Group ManagementObjectRepository' because (of) 'java.lang.IllegalArgumentException: Test data with id 'Data Files/MOF_NE_Event Group ManagementObjectRepository' does not exist'
	at com.kms.katalon.core.testdata.TestDataFactory.findTestData(TestDataFactory.java:122)
	at com.kms.katalon.core.testdata.TestDataFactory$findTestData.callStatic(Unknown Source)
	at pk_Functions.CS_ClickingonUpdateorDeletebutton.SelectRecordFromWebtableFun(CS_ClickingonUpdateorDeletebutton.groovy:68)
	at pk_Functions.CS_ClickingonUpdateorDeletebutton.invokeMethod(CS_ClickingonUpdateorDeletebutton.groovy)
	at com.kms.katalon.core.main.CustomKeywordDelegatingMetaClass.invokeStaticMethod(CustomKeywordDelegatingMetaClass.java:49)
	at TC_Update and Delete test.run(TC_Update and Delete test:38)
	at com.kms.katalon.core.main.ScriptEngine.run(ScriptEngine.java:194)
	at com.kms.katalon.core.main.ScriptEngine.runScriptAsRawText(ScriptEngine.java:119)
	at com.kms.katalon.core.main.TestCaseExecutor.runScript(TestCaseExecutor.java:328)
	at com.kms.katalon.core.main.TestCaseExecutor.doExecute(TestCaseExecutor.java:319)
	at com.kms.katalon.core.main.TestCaseExecutor.processExecutionPhase(TestCaseExecutor.java:298)
	at com.kms.katalon.core.main.TestCaseExecutor.accessMainPhase(TestCaseExecutor.java:290)
	at com.kms.katalon.core.main.TestCaseExecutor.execute(TestCaseExecutor.java:224)
	at com.kms.katalon.core.main.TestSuiteExecutor.accessTestCaseMainPhase(TestSuiteExecutor.java:129)
	at com.kms.katalon.core.main.TestSuiteExecutor.accessTestSuiteMainPhase(TestSuiteExecutor.java:112)
	at com.kms.katalon.core.main.TestSuiteExecutor.execute(TestSuiteExecutor.java:81)
	at com.kms.katalon.core.main.TestCaseMain.startTestSuite(TestCaseMain.java:149)
	at com.kms.katalon.core.main.TestCaseMain$startTestSuite$0.call(Unknown Source)
	at TempTestSuite1548940868214.run(TempTestSuite1548940868214.groovy:36)


2019-01-31 15:21:49 - [TEST_STEP][NOT_RUN] - pk_Functions.CS_Login.LoginFun(findTestObject(null), "http://192.168.0.190:8080/mof/#/", findTestObject("Login/Username"), findTestObject("Login/Password"), "AAttia", "123", findTestObject("Login/Login")): NOT_RUN: pk_Functions.CS_Login.LoginFun(findTestObject(null), "http://192.168.0.190:8080/mof/#/", findTestObject("Login/Username"), findTestObject("Login/Password"), "AAttia", "123", findTestObject("Login/Login"))

2019-01-31 15:21:49 - [MESSAGE][NOT_RUN] - NOT_RUN: pk_Functions.CS_Login.LoginFun(findTestObject(null), "http://192.168.0.190:8080/mof/#/", findTestObject("Login/Username"), findTestObject("Login/Password"), "AAttia", "123", findTestObject("Login/Login"))

2019-01-31 15:21:49 - [TEST_STEP][NOT_RUN] - click(findTestObject("NE_SideMenu")): NOT_RUN: click(findTestObject("NE_SideMenu"))

2019-01-31 15:21:49 - [MESSAGE][NOT_RUN] - NOT_RUN: click(findTestObject("NE_SideMenu"))

2019-01-31 15:21:49 - [TEST_STEP][NOT_RUN] - click(findTestObject("NE_EventGroupManagement")): NOT_RUN: click(findTestObject("NE_EventGroupManagement"))

2019-01-31 15:21:49 - [MESSAGE][NOT_RUN] - NOT_RUN: click(findTestObject("NE_EventGroupManagement"))

2019-01-31 15:21:49 - [TEST_STEP][PASSED] - delay(1): Delayed 1 second(s)

2019-01-31 15:21:50 - [MESSAGE][PASSED] - Delayed 1 second(s)

2019-01-31 15:21:50 - [TEST_STEP][NOT_RUN] - pk_Functions.CS_ClickingonUpdateorDeletebutton.SelectRecordFromWebtableFun("Event Group Management/MOF_NE_Event Group ManagementData", "Sheet1"): NOT_RUN: pk_Functions.CS_ClickingonUpdateorDeletebutton.SelectRecordFromWebtableFun("Event Group Management/MOF_NE_Event Group ManagementData", "Sheet1")

2019-01-31 15:21:50 - [MESSAGE][NOT_RUN] - NOT_RUN: pk_Functions.CS_ClickingonUpdateorDeletebutton.SelectRecordFromWebtableFun("Event Group Management/MOF_NE_Event Group ManagementData", "Sheet1")

2019-01-31 15:21:50 - [TEST_STEP][NOT_RUN] - pk_Functions.CS_ClickingonUpdateorDeletebutton.SelectRecordFromWebtableFun("", 0, 3, 2, "Event Group Management/MOF_NE_Event Group ManagementObjectRepository", "Sheet1", "Event Group Management/MOF_NE_Event Group ManagementData", "Sheet1"): NOT_RUN: pk_Functions.CS_ClickingonUpdateorDeletebutton.SelectRecordFromWebtableFun("", 0, 3, 2, "Event Group Management/MOF_NE_Event Group ManagementObjectRepository", "Sheet1", "Event Group Management/MOF_NE_Event Group ManagementData", "Sheet1")

2019-01-31 15:21:50 - [MESSAGE][NOT_RUN] - NOT_RUN: pk_Functions.CS_ClickingonUpdateorDeletebutton.SelectRecordFromWebtableFun("", 0, 3, 2, "Event Group Management/MOF_NE_Event Group ManagementObjectRepository", "Sheet1", "Event Group Management/MOF_NE_Event Group ManagementData", "Sheet1")

2019-01-31 15:21:50 - [TEST_STEP][NOT_RUN] - pk_Functions.CS_SpecificPageData.DataFun(["Arabic Description", "English Description"], "Event Group Management/MOF_NE_Event Group ManagementObjectRepository", "Sheet1", [ArabicDescription, EnglishDescription]): NOT_RUN: pk_Functions.CS_SpecificPageData.DataFun(["Arabic Description", "English Description"], "Event Group Management/MOF_NE_Event Group ManagementObjectRepository", "Sheet1", [ArabicDescription, EnglishDescription])

2019-01-31 15:21:50 - [MESSAGE][NOT_RUN] - NOT_RUN: pk_Functions.CS_SpecificPageData.DataFun(["Arabic Description", "English Description"], "Event Group Management/MOF_NE_Event Group ManagementObjectRepository", "Sheet1", [ArabicDescription, EnglishDescription])

2019-01-31 15:21:50 - [TEST_STEP][NOT_RUN] - click(findTestObject("Event Group Managemnt/BTN_Save")): NOT_RUN: click(findTestObject("Event Group Managemnt/BTN_Save"))

2019-01-31 15:21:50 - [MESSAGE][NOT_RUN] - NOT_RUN: click(findTestObject("Event Group Managemnt/BTN_Save"))

2019-01-31 15:21:50 - [TEST_STEP][NOT_RUN] - click(findTestObject("Event Group Managemnt/BTN_Back")): NOT_RUN: click(findTestObject("Event Group Managemnt/BTN_Back"))

2019-01-31 15:21:50 - [MESSAGE][NOT_RUN] - NOT_RUN: click(findTestObject("Event Group Managemnt/BTN_Back"))

2019-01-31 15:21:50 - [TEST_STEP][ERROR] - pk_Functions.CS_ClickingonUpdateorDeletebutton.SelectRecordFromWebtableFun(ActionType, 0, 3, "MOF_NE_Event Group ManagementObjectRepository", "Sheet1", "Event Group Management/MOF_NE_Event Group ManagementData", "Sheet1", Code): pk_Functions.CS_ClickingonUpdateorDeletebutton.SelectRecordFromWebtableFun(ActionType, 0, 3, "MOF_NE_Event Group ManagementObjectRepository", "Sheet1", "Event Group Management/MOF_NE_Event Group ManagementData", "Sheet1", Code) FAILED.
Reason:
java.lang.IllegalArgumentException: Cannot find test data with id 'Data Files/MOF_NE_Event Group ManagementObjectRepository' because (of) 'java.lang.IllegalArgumentException: Test data with id 'Data Files/MOF_NE_Event Group ManagementObjectRepository' does not exist'
	at com.kms.katalon.core.testdata.TestDataFactory.findTestData(TestDataFactory.java:122)
	at com.kms.katalon.core.testdata.TestDataFactory$findTestData.callStatic(Unknown Source)
	at pk_Functions.CS_ClickingonUpdateorDeletebutton.SelectRecordFromWebtableFun(CS_ClickingonUpdateorDeletebutton.groovy:68)
	at pk_Functions.CS_ClickingonUpdateorDeletebutton.invokeMethod(CS_ClickingonUpdateorDeletebutton.groovy)
	at com.kms.katalon.core.main.CustomKeywordDelegatingMetaClass.invokeStaticMethod(CustomKeywordDelegatingMetaClass.java:49)
	at TC_Update and Delete test.run(TC_Update and Delete test:38)
	at com.kms.katalon.core.main.ScriptEngine.run(ScriptEngine.java:194)
	at com.kms.katalon.core.main.ScriptEngine.runScriptAsRawText(ScriptEngine.java:119)
	at com.kms.katalon.core.main.TestCaseExecutor.runScript(TestCaseExecutor.java:328)
	at com.kms.katalon.core.main.TestCaseExecutor.doExecute(TestCaseExecutor.java:319)
	at com.kms.katalon.core.main.TestCaseExecutor.processExecutionPhase(TestCaseExecutor.java:298)
	at com.kms.katalon.core.main.TestCaseExecutor.accessMainPhase(TestCaseExecutor.java:290)
	at com.kms.katalon.core.main.TestCaseExecutor.execute(TestCaseExecutor.java:224)
	at com.kms.katalon.core.main.TestSuiteExecutor.accessTestCaseMainPhase(TestSuiteExecutor.java:129)
	at com.kms.katalon.core.main.TestSuiteExecutor.accessTestSuiteMainPhase(TestSuiteExecutor.java:112)
	at com.kms.katalon.core.main.TestSuiteExecutor.execute(TestSuiteExecutor.java:81)
	at com.kms.katalon.core.main.TestCaseMain.startTestSuite(TestCaseMain.java:149)
	at com.kms.katalon.core.main.TestCaseMain$startTestSuite$0.call(Unknown Source)
	at TempTestSuite1548940868214.run(TempTestSuite1548940868214.groovy:36)


2019-01-31 15:21:50 - [MESSAGE][ERROR] - Cannot find test data with id 'Data Files/MOF_NE_Event Group ManagementObjectRepository' because (of) 'java.lang.IllegalArgumentException: Test data with id 'Data Files/MOF_NE_Event Group ManagementObjectRepository' does not exist'

2019-01-31 15:21:50 - [MESSAGE][ERROR] - pk_Functions.CS_ClickingonUpdateorDeletebutton.SelectRecordFromWebtableFun(ActionType, 0, 3, "MOF_NE_Event Group ManagementObjectRepository", "Sheet1", "Event Group Management/MOF_NE_Event Group ManagementData", "Sheet1", Code) FAILED.
Reason:
java.lang.IllegalArgumentException: Cannot find test data with id 'Data Files/MOF_NE_Event Group ManagementObjectRepository' because (of) 'java.lang.IllegalArgumentException: Test data with id 'Data Files/MOF_NE_Event Group ManagementObjectRepository' does not exist'
	at com.kms.katalon.core.testdata.TestDataFactory.findTestData(TestDataFactory.java:122)
	at com.kms.katalon.core.testdata.TestDataFactory$findTestData.callStatic(Unknown Source)
	at pk_Functions.CS_ClickingonUpdateorDeletebutton.SelectRecordFromWebtableFun(CS_ClickingonUpdateorDeletebutton.groovy:68)
	at pk_Functions.CS_ClickingonUpdateorDeletebutton.invokeMethod(CS_ClickingonUpdateorDeletebutton.groovy)
	at com.kms.katalon.core.main.CustomKeywordDelegatingMetaClass.invokeStaticMethod(CustomKeywordDelegatingMetaClass.java:49)
	at TC_Update and Delete test.run(TC_Update and Delete test:38)
	at com.kms.katalon.core.main.ScriptEngine.run(ScriptEngine.java:194)
	at com.kms.katalon.core.main.ScriptEngine.runScriptAsRawText(ScriptEngine.java:119)
	at com.kms.katalon.core.main.TestCaseExecutor.runScript(TestCaseExecutor.java:328)
	at com.kms.katalon.core.main.TestCaseExecutor.doExecute(TestCaseExecutor.java:319)
	at com.kms.katalon.core.main.TestCaseExecutor.processExecutionPhase(TestCaseExecutor.java:298)
	at com.kms.katalon.core.main.TestCaseExecutor.accessMainPhase(TestCaseExecutor.java:290)
	at com.kms.katalon.core.main.TestCaseExecutor.execute(TestCaseExecutor.java:224)
	at com.kms.katalon.core.main.TestSuiteExecutor.accessTestCaseMainPhase(TestSuiteExecutor.java:129)
	at com.kms.katalon.core.main.TestSuiteExecutor.accessTestSuiteMainPhase(TestSuiteExecutor.java:112)
	at com.kms.katalon.core.main.TestSuiteExecutor.execute(TestSuiteExecutor.java:81)
	at com.kms.katalon.core.main.TestCaseMain.startTestSuite(TestCaseMain.java:149)
	at com.kms.katalon.core.main.TestCaseMain$startTestSuite$0.call(Unknown Source)
	at TempTestSuite1548940868214.run(TempTestSuite1548940868214.groovy:36)]]></system-out>
         <system-err><![CDATA[2019-01-31 15:21:49 - [TEST_CASE][ERROR] - Test Cases/Event Group Management/TC_Update and Delete test: Test Cases/Event Group Management/TC_Update and Delete test FAILED.
Reason:
java.lang.IllegalArgumentException: Cannot find test data with id 'Data Files/MOF_NE_Event Group ManagementObjectRepository' because (of) 'java.lang.IllegalArgumentException: Test data with id 'Data Files/MOF_NE_Event Group ManagementObjectRepository' does not exist'
	at com.kms.katalon.core.testdata.TestDataFactory.findTestData(TestDataFactory.java:122)
	at com.kms.katalon.core.testdata.TestDataFactory$findTestData.callStatic(Unknown Source)
	at pk_Functions.CS_ClickingonUpdateorDeletebutton.SelectRecordFromWebtableFun(CS_ClickingonUpdateorDeletebutton.groovy:68)
	at pk_Functions.CS_ClickingonUpdateorDeletebutton.invokeMethod(CS_ClickingonUpdateorDeletebutton.groovy)
	at com.kms.katalon.core.main.CustomKeywordDelegatingMetaClass.invokeStaticMethod(CustomKeywordDelegatingMetaClass.java:49)
	at TC_Update and Delete test.run(TC_Update and Delete test:38)
	at com.kms.katalon.core.main.ScriptEngine.run(ScriptEngine.java:194)
	at com.kms.katalon.core.main.ScriptEngine.runScriptAsRawText(ScriptEngine.java:119)
	at com.kms.katalon.core.main.TestCaseExecutor.runScript(TestCaseExecutor.java:328)
	at com.kms.katalon.core.main.TestCaseExecutor.doExecute(TestCaseExecutor.java:319)
	at com.kms.katalon.core.main.TestCaseExecutor.processExecutionPhase(TestCaseExecutor.java:298)
	at com.kms.katalon.core.main.TestCaseExecutor.accessMainPhase(TestCaseExecutor.java:290)
	at com.kms.katalon.core.main.TestCaseExecutor.execute(TestCaseExecutor.java:224)
	at com.kms.katalon.core.main.TestSuiteExecutor.accessTestCaseMainPhase(TestSuiteExecutor.java:129)
	at com.kms.katalon.core.main.TestSuiteExecutor.accessTestSuiteMainPhase(TestSuiteExecutor.java:112)
	at com.kms.katalon.core.main.TestSuiteExecutor.execute(TestSuiteExecutor.java:81)
	at com.kms.katalon.core.main.TestCaseMain.startTestSuite(TestCaseMain.java:149)
	at com.kms.katalon.core.main.TestCaseMain$startTestSuite$0.call(Unknown Source)
	at TempTestSuite1548940868214.run(TempTestSuite1548940868214.groovy:36)]]></system-err>
      </testcase>
      <testcase name="Test Cases/Event Group Management/TC_Update and Delete test" classname="Test Cases/Event Group Management/TC_Update and Delete test" status="ERROR">
         <error type="ERROR" message="Test Cases/Event Group Management/TC_Update and Delete test FAILED.
Reason:
java.lang.IllegalArgumentException: Cannot find test data with id 'Data Files/MOF_NE_Event Group ManagementObjectRepository' because (of) 'java.lang.IllegalArgumentException: Test data with id 'Data Files/MOF_NE_Event Group ManagementObjectRepository' does not exist'
	at com.kms.katalon.core.testdata.TestDataFactory.findTestData(TestDataFactory.java:122)
	at com.kms.katalon.core.testdata.TestDataFactory$findTestData.callStatic(Unknown Source)
	at pk_Functions.CS_ClickingonUpdateorDeletebutton.SelectRecordFromWebtableFun(CS_ClickingonUpdateorDeletebutton.groovy:68)
	at pk_Functions.CS_ClickingonUpdateorDeletebutton.invokeMethod(CS_ClickingonUpdateorDeletebutton.groovy)
	at com.kms.katalon.core.main.CustomKeywordDelegatingMetaClass.invokeStaticMethod(CustomKeywordDelegatingMetaClass.java:49)
	at TC_Update and Delete test.run(TC_Update and Delete test:38)
	at com.kms.katalon.core.main.ScriptEngine.run(ScriptEngine.java:194)
	at com.kms.katalon.core.main.ScriptEngine.runScriptAsRawText(ScriptEngine.java:119)
	at com.kms.katalon.core.main.TestCaseExecutor.runScript(TestCaseExecutor.java:328)
	at com.kms.katalon.core.main.TestCaseExecutor.doExecute(TestCaseExecutor.java:319)
	at com.kms.katalon.core.main.TestCaseExecutor.processExecutionPhase(TestCaseExecutor.java:298)
	at com.kms.katalon.core.main.TestCaseExecutor.accessMainPhase(TestCaseExecutor.java:290)
	at com.kms.katalon.core.main.TestCaseExecutor.execute(TestCaseExecutor.java:224)
	at com.kms.katalon.core.main.TestSuiteExecutor.accessTestCaseMainPhase(TestSuiteExecutor.java:129)
	at com.kms.katalon.core.main.TestSuiteExecutor.accessTestSuiteMainPhase(TestSuiteExecutor.java:112)
	at com.kms.katalon.core.main.TestSuiteExecutor.execute(TestSuiteExecutor.java:81)
	at com.kms.katalon.core.main.TestCaseMain.startTestSuite(TestCaseMain.java:149)
	at com.kms.katalon.core.main.TestCaseMain$startTestSuite$0.call(Unknown Source)
	at TempTestSuite1548940868214.run(TempTestSuite1548940868214.groovy:36)
"/>
         <system-out><![CDATA[2019-01-31 15:21:51 - [TEST_CASE][ERROR] - Test Cases/Event Group Management/TC_Update and Delete test: Test Cases/Event Group Management/TC_Update and Delete test FAILED.
Reason:
java.lang.IllegalArgumentException: Cannot find test data with id 'Data Files/MOF_NE_Event Group ManagementObjectRepository' because (of) 'java.lang.IllegalArgumentException: Test data with id 'Data Files/MOF_NE_Event Group ManagementObjectRepository' does not exist'
	at com.kms.katalon.core.testdata.TestDataFactory.findTestData(TestDataFactory.java:122)
	at com.kms.katalon.core.testdata.TestDataFactory$findTestData.callStatic(Unknown Source)
	at pk_Functions.CS_ClickingonUpdateorDeletebutton.SelectRecordFromWebtableFun(CS_ClickingonUpdateorDeletebutton.groovy:68)
	at pk_Functions.CS_ClickingonUpdateorDeletebutton.invokeMethod(CS_ClickingonUpdateorDeletebutton.groovy)
	at com.kms.katalon.core.main.CustomKeywordDelegatingMetaClass.invokeStaticMethod(CustomKeywordDelegatingMetaClass.java:49)
	at TC_Update and Delete test.run(TC_Update and Delete test:38)
	at com.kms.katalon.core.main.ScriptEngine.run(ScriptEngine.java:194)
	at com.kms.katalon.core.main.ScriptEngine.runScriptAsRawText(ScriptEngine.java:119)
	at com.kms.katalon.core.main.TestCaseExecutor.runScript(TestCaseExecutor.java:328)
	at com.kms.katalon.core.main.TestCaseExecutor.doExecute(TestCaseExecutor.java:319)
	at com.kms.katalon.core.main.TestCaseExecutor.processExecutionPhase(TestCaseExecutor.java:298)
	at com.kms.katalon.core.main.TestCaseExecutor.accessMainPhase(TestCaseExecutor.java:290)
	at com.kms.katalon.core.main.TestCaseExecutor.execute(TestCaseExecutor.java:224)
	at com.kms.katalon.core.main.TestSuiteExecutor.accessTestCaseMainPhase(TestSuiteExecutor.java:129)
	at com.kms.katalon.core.main.TestSuiteExecutor.accessTestSuiteMainPhase(TestSuiteExecutor.java:112)
	at com.kms.katalon.core.main.TestSuiteExecutor.execute(TestSuiteExecutor.java:81)
	at com.kms.katalon.core.main.TestCaseMain.startTestSuite(TestCaseMain.java:149)
	at com.kms.katalon.core.main.TestCaseMain$startTestSuite$0.call(Unknown Source)
	at TempTestSuite1548940868214.run(TempTestSuite1548940868214.groovy:36)


2019-01-31 15:21:51 - [TEST_STEP][NOT_RUN] - pk_Functions.CS_Login.LoginFun(findTestObject(null), "http://192.168.0.190:8080/mof/#/", findTestObject("Login/Username"), findTestObject("Login/Password"), "AAttia", "123", findTestObject("Login/Login")): NOT_RUN: pk_Functions.CS_Login.LoginFun(findTestObject(null), "http://192.168.0.190:8080/mof/#/", findTestObject("Login/Username"), findTestObject("Login/Password"), "AAttia", "123", findTestObject("Login/Login"))

2019-01-31 15:21:51 - [MESSAGE][NOT_RUN] - NOT_RUN: pk_Functions.CS_Login.LoginFun(findTestObject(null), "http://192.168.0.190:8080/mof/#/", findTestObject("Login/Username"), findTestObject("Login/Password"), "AAttia", "123", findTestObject("Login/Login"))

2019-01-31 15:21:51 - [TEST_STEP][NOT_RUN] - click(findTestObject("NE_SideMenu")): NOT_RUN: click(findTestObject("NE_SideMenu"))

2019-01-31 15:21:51 - [MESSAGE][NOT_RUN] - NOT_RUN: click(findTestObject("NE_SideMenu"))

2019-01-31 15:21:51 - [TEST_STEP][NOT_RUN] - click(findTestObject("NE_EventGroupManagement")): NOT_RUN: click(findTestObject("NE_EventGroupManagement"))

2019-01-31 15:21:51 - [MESSAGE][NOT_RUN] - NOT_RUN: click(findTestObject("NE_EventGroupManagement"))

2019-01-31 15:21:51 - [TEST_STEP][PASSED] - delay(1): Delayed 1 second(s)

2019-01-31 15:21:52 - [MESSAGE][PASSED] - Delayed 1 second(s)

2019-01-31 15:21:52 - [TEST_STEP][NOT_RUN] - pk_Functions.CS_ClickingonUpdateorDeletebutton.SelectRecordFromWebtableFun("Event Group Management/MOF_NE_Event Group ManagementData", "Sheet1"): NOT_RUN: pk_Functions.CS_ClickingonUpdateorDeletebutton.SelectRecordFromWebtableFun("Event Group Management/MOF_NE_Event Group ManagementData", "Sheet1")

2019-01-31 15:21:52 - [MESSAGE][NOT_RUN] - NOT_RUN: pk_Functions.CS_ClickingonUpdateorDeletebutton.SelectRecordFromWebtableFun("Event Group Management/MOF_NE_Event Group ManagementData", "Sheet1")

2019-01-31 15:21:52 - [TEST_STEP][NOT_RUN] - pk_Functions.CS_ClickingonUpdateorDeletebutton.SelectRecordFromWebtableFun("", 0, 3, 2, "Event Group Management/MOF_NE_Event Group ManagementObjectRepository", "Sheet1", "Event Group Management/MOF_NE_Event Group ManagementData", "Sheet1"): NOT_RUN: pk_Functions.CS_ClickingonUpdateorDeletebutton.SelectRecordFromWebtableFun("", 0, 3, 2, "Event Group Management/MOF_NE_Event Group ManagementObjectRepository", "Sheet1", "Event Group Management/MOF_NE_Event Group ManagementData", "Sheet1")

2019-01-31 15:21:52 - [MESSAGE][NOT_RUN] - NOT_RUN: pk_Functions.CS_ClickingonUpdateorDeletebutton.SelectRecordFromWebtableFun("", 0, 3, 2, "Event Group Management/MOF_NE_Event Group ManagementObjectRepository", "Sheet1", "Event Group Management/MOF_NE_Event Group ManagementData", "Sheet1")

2019-01-31 15:21:52 - [TEST_STEP][NOT_RUN] - pk_Functions.CS_SpecificPageData.DataFun(["Arabic Description", "English Description"], "Event Group Management/MOF_NE_Event Group ManagementObjectRepository", "Sheet1", [ArabicDescription, EnglishDescription]): NOT_RUN: pk_Functions.CS_SpecificPageData.DataFun(["Arabic Description", "English Description"], "Event Group Management/MOF_NE_Event Group ManagementObjectRepository", "Sheet1", [ArabicDescription, EnglishDescription])

2019-01-31 15:21:52 - [MESSAGE][NOT_RUN] - NOT_RUN: pk_Functions.CS_SpecificPageData.DataFun(["Arabic Description", "English Description"], "Event Group Management/MOF_NE_Event Group ManagementObjectRepository", "Sheet1", [ArabicDescription, EnglishDescription])

2019-01-31 15:21:52 - [TEST_STEP][NOT_RUN] - click(findTestObject("Event Group Managemnt/BTN_Save")): NOT_RUN: click(findTestObject("Event Group Managemnt/BTN_Save"))

2019-01-31 15:21:52 - [MESSAGE][NOT_RUN] - NOT_RUN: click(findTestObject("Event Group Managemnt/BTN_Save"))

2019-01-31 15:21:52 - [TEST_STEP][NOT_RUN] - click(findTestObject("Event Group Managemnt/BTN_Back")): NOT_RUN: click(findTestObject("Event Group Managemnt/BTN_Back"))

2019-01-31 15:21:52 - [MESSAGE][NOT_RUN] - NOT_RUN: click(findTestObject("Event Group Managemnt/BTN_Back"))

2019-01-31 15:21:52 - [TEST_STEP][ERROR] - pk_Functions.CS_ClickingonUpdateorDeletebutton.SelectRecordFromWebtableFun(ActionType, 0, 3, "MOF_NE_Event Group ManagementObjectRepository", "Sheet1", "Event Group Management/MOF_NE_Event Group ManagementData", "Sheet1", Code): pk_Functions.CS_ClickingonUpdateorDeletebutton.SelectRecordFromWebtableFun(ActionType, 0, 3, "MOF_NE_Event Group ManagementObjectRepository", "Sheet1", "Event Group Management/MOF_NE_Event Group ManagementData", "Sheet1", Code) FAILED.
Reason:
java.lang.IllegalArgumentException: Cannot find test data with id 'Data Files/MOF_NE_Event Group ManagementObjectRepository' because (of) 'java.lang.IllegalArgumentException: Test data with id 'Data Files/MOF_NE_Event Group ManagementObjectRepository' does not exist'
	at com.kms.katalon.core.testdata.TestDataFactory.findTestData(TestDataFactory.java:122)
	at com.kms.katalon.core.testdata.TestDataFactory$findTestData.callStatic(Unknown Source)
	at pk_Functions.CS_ClickingonUpdateorDeletebutton.SelectRecordFromWebtableFun(CS_ClickingonUpdateorDeletebutton.groovy:68)
	at pk_Functions.CS_ClickingonUpdateorDeletebutton.invokeMethod(CS_ClickingonUpdateorDeletebutton.groovy)
	at com.kms.katalon.core.main.CustomKeywordDelegatingMetaClass.invokeStaticMethod(CustomKeywordDelegatingMetaClass.java:49)
	at TC_Update and Delete test.run(TC_Update and Delete test:38)
	at com.kms.katalon.core.main.ScriptEngine.run(ScriptEngine.java:194)
	at com.kms.katalon.core.main.ScriptEngine.runScriptAsRawText(ScriptEngine.java:119)
	at com.kms.katalon.core.main.TestCaseExecutor.runScript(TestCaseExecutor.java:328)
	at com.kms.katalon.core.main.TestCaseExecutor.doExecute(TestCaseExecutor.java:319)
	at com.kms.katalon.core.main.TestCaseExecutor.processExecutionPhase(TestCaseExecutor.java:298)
	at com.kms.katalon.core.main.TestCaseExecutor.accessMainPhase(TestCaseExecutor.java:290)
	at com.kms.katalon.core.main.TestCaseExecutor.execute(TestCaseExecutor.java:224)
	at com.kms.katalon.core.main.TestSuiteExecutor.accessTestCaseMainPhase(TestSuiteExecutor.java:129)
	at com.kms.katalon.core.main.TestSuiteExecutor.accessTestSuiteMainPhase(TestSuiteExecutor.java:112)
	at com.kms.katalon.core.main.TestSuiteExecutor.execute(TestSuiteExecutor.java:81)
	at com.kms.katalon.core.main.TestCaseMain.startTestSuite(TestCaseMain.java:149)
	at com.kms.katalon.core.main.TestCaseMain$startTestSuite$0.call(Unknown Source)
	at TempTestSuite1548940868214.run(TempTestSuite1548940868214.groovy:36)


2019-01-31 15:21:52 - [MESSAGE][ERROR] - Cannot find test data with id 'Data Files/MOF_NE_Event Group ManagementObjectRepository' because (of) 'java.lang.IllegalArgumentException: Test data with id 'Data Files/MOF_NE_Event Group ManagementObjectRepository' does not exist'

2019-01-31 15:21:52 - [MESSAGE][ERROR] - pk_Functions.CS_ClickingonUpdateorDeletebutton.SelectRecordFromWebtableFun(ActionType, 0, 3, "MOF_NE_Event Group ManagementObjectRepository", "Sheet1", "Event Group Management/MOF_NE_Event Group ManagementData", "Sheet1", Code) FAILED.
Reason:
java.lang.IllegalArgumentException: Cannot find test data with id 'Data Files/MOF_NE_Event Group ManagementObjectRepository' because (of) 'java.lang.IllegalArgumentException: Test data with id 'Data Files/MOF_NE_Event Group ManagementObjectRepository' does not exist'
	at com.kms.katalon.core.testdata.TestDataFactory.findTestData(TestDataFactory.java:122)
	at com.kms.katalon.core.testdata.TestDataFactory$findTestData.callStatic(Unknown Source)
	at pk_Functions.CS_ClickingonUpdateorDeletebutton.SelectRecordFromWebtableFun(CS_ClickingonUpdateorDeletebutton.groovy:68)
	at pk_Functions.CS_ClickingonUpdateorDeletebutton.invokeMethod(CS_ClickingonUpdateorDeletebutton.groovy)
	at com.kms.katalon.core.main.CustomKeywordDelegatingMetaClass.invokeStaticMethod(CustomKeywordDelegatingMetaClass.java:49)
	at TC_Update and Delete test.run(TC_Update and Delete test:38)
	at com.kms.katalon.core.main.ScriptEngine.run(ScriptEngine.java:194)
	at com.kms.katalon.core.main.ScriptEngine.runScriptAsRawText(ScriptEngine.java:119)
	at com.kms.katalon.core.main.TestCaseExecutor.runScript(TestCaseExecutor.java:328)
	at com.kms.katalon.core.main.TestCaseExecutor.doExecute(TestCaseExecutor.java:319)
	at com.kms.katalon.core.main.TestCaseExecutor.processExecutionPhase(TestCaseExecutor.java:298)
	at com.kms.katalon.core.main.TestCaseExecutor.accessMainPhase(TestCaseExecutor.java:290)
	at com.kms.katalon.core.main.TestCaseExecutor.execute(TestCaseExecutor.java:224)
	at com.kms.katalon.core.main.TestSuiteExecutor.accessTestCaseMainPhase(TestSuiteExecutor.java:129)
	at com.kms.katalon.core.main.TestSuiteExecutor.accessTestSuiteMainPhase(TestSuiteExecutor.java:112)
	at com.kms.katalon.core.main.TestSuiteExecutor.execute(TestSuiteExecutor.java:81)
	at com.kms.katalon.core.main.TestCaseMain.startTestSuite(TestCaseMain.java:149)
	at com.kms.katalon.core.main.TestCaseMain$startTestSuite$0.call(Unknown Source)
	at TempTestSuite1548940868214.run(TempTestSuite1548940868214.groovy:36)]]></system-out>
         <system-err><![CDATA[2019-01-31 15:21:51 - [TEST_CASE][ERROR] - Test Cases/Event Group Management/TC_Update and Delete test: Test Cases/Event Group Management/TC_Update and Delete test FAILED.
Reason:
java.lang.IllegalArgumentException: Cannot find test data with id 'Data Files/MOF_NE_Event Group ManagementObjectRepository' because (of) 'java.lang.IllegalArgumentException: Test data with id 'Data Files/MOF_NE_Event Group ManagementObjectRepository' does not exist'
	at com.kms.katalon.core.testdata.TestDataFactory.findTestData(TestDataFactory.java:122)
	at com.kms.katalon.core.testdata.TestDataFactory$findTestData.callStatic(Unknown Source)
	at pk_Functions.CS_ClickingonUpdateorDeletebutton.SelectRecordFromWebtableFun(CS_ClickingonUpdateorDeletebutton.groovy:68)
	at pk_Functions.CS_ClickingonUpdateorDeletebutton.invokeMethod(CS_ClickingonUpdateorDeletebutton.groovy)
	at com.kms.katalon.core.main.CustomKeywordDelegatingMetaClass.invokeStaticMethod(CustomKeywordDelegatingMetaClass.java:49)
	at TC_Update and Delete test.run(TC_Update and Delete test:38)
	at com.kms.katalon.core.main.ScriptEngine.run(ScriptEngine.java:194)
	at com.kms.katalon.core.main.ScriptEngine.runScriptAsRawText(ScriptEngine.java:119)
	at com.kms.katalon.core.main.TestCaseExecutor.runScript(TestCaseExecutor.java:328)
	at com.kms.katalon.core.main.TestCaseExecutor.doExecute(TestCaseExecutor.java:319)
	at com.kms.katalon.core.main.TestCaseExecutor.processExecutionPhase(TestCaseExecutor.java:298)
	at com.kms.katalon.core.main.TestCaseExecutor.accessMainPhase(TestCaseExecutor.java:290)
	at com.kms.katalon.core.main.TestCaseExecutor.execute(TestCaseExecutor.java:224)
	at com.kms.katalon.core.main.TestSuiteExecutor.accessTestCaseMainPhase(TestSuiteExecutor.java:129)
	at com.kms.katalon.core.main.TestSuiteExecutor.accessTestSuiteMainPhase(TestSuiteExecutor.java:112)
	at com.kms.katalon.core.main.TestSuiteExecutor.execute(TestSuiteExecutor.java:81)
	at com.kms.katalon.core.main.TestCaseMain.startTestSuite(TestCaseMain.java:149)
	at com.kms.katalon.core.main.TestCaseMain$startTestSuite$0.call(Unknown Source)
	at TempTestSuite1548940868214.run(TempTestSuite1548940868214.groovy:36)]]></system-err>
      </testcase>
      <testcase name="Test Cases/Event Group Management/TC_Update and Delete test" classname="Test Cases/Event Group Management/TC_Update and Delete test" status="ERROR">
         <error type="ERROR" message="Test Cases/Event Group Management/TC_Update and Delete test FAILED.
Reason:
java.lang.IllegalArgumentException: Cannot find test data with id 'Data Files/MOF_NE_Event Group ManagementObjectRepository' because (of) 'java.lang.IllegalArgumentException: Test data with id 'Data Files/MOF_NE_Event Group ManagementObjectRepository' does not exist'
	at com.kms.katalon.core.testdata.TestDataFactory.findTestData(TestDataFactory.java:122)
	at com.kms.katalon.core.testdata.TestDataFactory$findTestData.callStatic(Unknown Source)
	at pk_Functions.CS_ClickingonUpdateorDeletebutton.SelectRecordFromWebtableFun(CS_ClickingonUpdateorDeletebutton.groovy:68)
	at pk_Functions.CS_ClickingonUpdateorDeletebutton.invokeMethod(CS_ClickingonUpdateorDeletebutton.groovy)
	at com.kms.katalon.core.main.CustomKeywordDelegatingMetaClass.invokeStaticMethod(CustomKeywordDelegatingMetaClass.java:49)
	at TC_Update and Delete test.run(TC_Update and Delete test:38)
	at com.kms.katalon.core.main.ScriptEngine.run(ScriptEngine.java:194)
	at com.kms.katalon.core.main.ScriptEngine.runScriptAsRawText(ScriptEngine.java:119)
	at com.kms.katalon.core.main.TestCaseExecutor.runScript(TestCaseExecutor.java:328)
	at com.kms.katalon.core.main.TestCaseExecutor.doExecute(TestCaseExecutor.java:319)
	at com.kms.katalon.core.main.TestCaseExecutor.processExecutionPhase(TestCaseExecutor.java:298)
	at com.kms.katalon.core.main.TestCaseExecutor.accessMainPhase(TestCaseExecutor.java:290)
	at com.kms.katalon.core.main.TestCaseExecutor.execute(TestCaseExecutor.java:224)
	at com.kms.katalon.core.main.TestSuiteExecutor.accessTestCaseMainPhase(TestSuiteExecutor.java:129)
	at com.kms.katalon.core.main.TestSuiteExecutor.accessTestSuiteMainPhase(TestSuiteExecutor.java:112)
	at com.kms.katalon.core.main.TestSuiteExecutor.execute(TestSuiteExecutor.java:81)
	at com.kms.katalon.core.main.TestCaseMain.startTestSuite(TestCaseMain.java:149)
	at com.kms.katalon.core.main.TestCaseMain$startTestSuite$0.call(Unknown Source)
	at TempTestSuite1548940868214.run(TempTestSuite1548940868214.groovy:36)
"/>
         <system-out><![CDATA[2019-01-31 15:21:52 - [TEST_CASE][ERROR] - Test Cases/Event Group Management/TC_Update and Delete test: Test Cases/Event Group Management/TC_Update and Delete test FAILED.
Reason:
java.lang.IllegalArgumentException: Cannot find test data with id 'Data Files/MOF_NE_Event Group ManagementObjectRepository' because (of) 'java.lang.IllegalArgumentException: Test data with id 'Data Files/MOF_NE_Event Group ManagementObjectRepository' does not exist'
	at com.kms.katalon.core.testdata.TestDataFactory.findTestData(TestDataFactory.java:122)
	at com.kms.katalon.core.testdata.TestDataFactory$findTestData.callStatic(Unknown Source)
	at pk_Functions.CS_ClickingonUpdateorDeletebutton.SelectRecordFromWebtableFun(CS_ClickingonUpdateorDeletebutton.groovy:68)
	at pk_Functions.CS_ClickingonUpdateorDeletebutton.invokeMethod(CS_ClickingonUpdateorDeletebutton.groovy)
	at com.kms.katalon.core.main.CustomKeywordDelegatingMetaClass.invokeStaticMethod(CustomKeywordDelegatingMetaClass.java:49)
	at TC_Update and Delete test.run(TC_Update and Delete test:38)
	at com.kms.katalon.core.main.ScriptEngine.run(ScriptEngine.java:194)
	at com.kms.katalon.core.main.ScriptEngine.runScriptAsRawText(ScriptEngine.java:119)
	at com.kms.katalon.core.main.TestCaseExecutor.runScript(TestCaseExecutor.java:328)
	at com.kms.katalon.core.main.TestCaseExecutor.doExecute(TestCaseExecutor.java:319)
	at com.kms.katalon.core.main.TestCaseExecutor.processExecutionPhase(TestCaseExecutor.java:298)
	at com.kms.katalon.core.main.TestCaseExecutor.accessMainPhase(TestCaseExecutor.java:290)
	at com.kms.katalon.core.main.TestCaseExecutor.execute(TestCaseExecutor.java:224)
	at com.kms.katalon.core.main.TestSuiteExecutor.accessTestCaseMainPhase(TestSuiteExecutor.java:129)
	at com.kms.katalon.core.main.TestSuiteExecutor.accessTestSuiteMainPhase(TestSuiteExecutor.java:112)
	at com.kms.katalon.core.main.TestSuiteExecutor.execute(TestSuiteExecutor.java:81)
	at com.kms.katalon.core.main.TestCaseMain.startTestSuite(TestCaseMain.java:149)
	at com.kms.katalon.core.main.TestCaseMain$startTestSuite$0.call(Unknown Source)
	at TempTestSuite1548940868214.run(TempTestSuite1548940868214.groovy:36)


2019-01-31 15:21:52 - [TEST_STEP][NOT_RUN] - pk_Functions.CS_Login.LoginFun(findTestObject(null), "http://192.168.0.190:8080/mof/#/", findTestObject("Login/Username"), findTestObject("Login/Password"), "AAttia", "123", findTestObject("Login/Login")): NOT_RUN: pk_Functions.CS_Login.LoginFun(findTestObject(null), "http://192.168.0.190:8080/mof/#/", findTestObject("Login/Username"), findTestObject("Login/Password"), "AAttia", "123", findTestObject("Login/Login"))

2019-01-31 15:21:52 - [MESSAGE][NOT_RUN] - NOT_RUN: pk_Functions.CS_Login.LoginFun(findTestObject(null), "http://192.168.0.190:8080/mof/#/", findTestObject("Login/Username"), findTestObject("Login/Password"), "AAttia", "123", findTestObject("Login/Login"))

2019-01-31 15:21:52 - [TEST_STEP][NOT_RUN] - click(findTestObject("NE_SideMenu")): NOT_RUN: click(findTestObject("NE_SideMenu"))

2019-01-31 15:21:52 - [MESSAGE][NOT_RUN] - NOT_RUN: click(findTestObject("NE_SideMenu"))

2019-01-31 15:21:52 - [TEST_STEP][NOT_RUN] - click(findTestObject("NE_EventGroupManagement")): NOT_RUN: click(findTestObject("NE_EventGroupManagement"))

2019-01-31 15:21:52 - [MESSAGE][NOT_RUN] - NOT_RUN: click(findTestObject("NE_EventGroupManagement"))

2019-01-31 15:21:52 - [TEST_STEP][PASSED] - delay(1): Delayed 1 second(s)

2019-01-31 15:21:53 - [MESSAGE][PASSED] - Delayed 1 second(s)

2019-01-31 15:21:53 - [TEST_STEP][NOT_RUN] - pk_Functions.CS_ClickingonUpdateorDeletebutton.SelectRecordFromWebtableFun("Event Group Management/MOF_NE_Event Group ManagementData", "Sheet1"): NOT_RUN: pk_Functions.CS_ClickingonUpdateorDeletebutton.SelectRecordFromWebtableFun("Event Group Management/MOF_NE_Event Group ManagementData", "Sheet1")

2019-01-31 15:21:53 - [MESSAGE][NOT_RUN] - NOT_RUN: pk_Functions.CS_ClickingonUpdateorDeletebutton.SelectRecordFromWebtableFun("Event Group Management/MOF_NE_Event Group ManagementData", "Sheet1")

2019-01-31 15:21:53 - [TEST_STEP][NOT_RUN] - pk_Functions.CS_ClickingonUpdateorDeletebutton.SelectRecordFromWebtableFun("", 0, 3, 2, "Event Group Management/MOF_NE_Event Group ManagementObjectRepository", "Sheet1", "Event Group Management/MOF_NE_Event Group ManagementData", "Sheet1"): NOT_RUN: pk_Functions.CS_ClickingonUpdateorDeletebutton.SelectRecordFromWebtableFun("", 0, 3, 2, "Event Group Management/MOF_NE_Event Group ManagementObjectRepository", "Sheet1", "Event Group Management/MOF_NE_Event Group ManagementData", "Sheet1")

2019-01-31 15:21:53 - [MESSAGE][NOT_RUN] - NOT_RUN: pk_Functions.CS_ClickingonUpdateorDeletebutton.SelectRecordFromWebtableFun("", 0, 3, 2, "Event Group Management/MOF_NE_Event Group ManagementObjectRepository", "Sheet1", "Event Group Management/MOF_NE_Event Group ManagementData", "Sheet1")

2019-01-31 15:21:53 - [TEST_STEP][NOT_RUN] - pk_Functions.CS_SpecificPageData.DataFun(["Arabic Description", "English Description"], "Event Group Management/MOF_NE_Event Group ManagementObjectRepository", "Sheet1", [ArabicDescription, EnglishDescription]): NOT_RUN: pk_Functions.CS_SpecificPageData.DataFun(["Arabic Description", "English Description"], "Event Group Management/MOF_NE_Event Group ManagementObjectRepository", "Sheet1", [ArabicDescription, EnglishDescription])

2019-01-31 15:21:53 - [MESSAGE][NOT_RUN] - NOT_RUN: pk_Functions.CS_SpecificPageData.DataFun(["Arabic Description", "English Description"], "Event Group Management/MOF_NE_Event Group ManagementObjectRepository", "Sheet1", [ArabicDescription, EnglishDescription])

2019-01-31 15:21:53 - [TEST_STEP][NOT_RUN] - click(findTestObject("Event Group Managemnt/BTN_Save")): NOT_RUN: click(findTestObject("Event Group Managemnt/BTN_Save"))

2019-01-31 15:21:53 - [MESSAGE][NOT_RUN] - NOT_RUN: click(findTestObject("Event Group Managemnt/BTN_Save"))

2019-01-31 15:21:53 - [TEST_STEP][NOT_RUN] - click(findTestObject("Event Group Managemnt/BTN_Back")): NOT_RUN: click(findTestObject("Event Group Managemnt/BTN_Back"))

2019-01-31 15:21:53 - [MESSAGE][NOT_RUN] - NOT_RUN: click(findTestObject("Event Group Managemnt/BTN_Back"))

2019-01-31 15:21:53 - [TEST_STEP][ERROR] - pk_Functions.CS_ClickingonUpdateorDeletebutton.SelectRecordFromWebtableFun(ActionType, 0, 3, "MOF_NE_Event Group ManagementObjectRepository", "Sheet1", "Event Group Management/MOF_NE_Event Group ManagementData", "Sheet1", Code): pk_Functions.CS_ClickingonUpdateorDeletebutton.SelectRecordFromWebtableFun(ActionType, 0, 3, "MOF_NE_Event Group ManagementObjectRepository", "Sheet1", "Event Group Management/MOF_NE_Event Group ManagementData", "Sheet1", Code) FAILED.
Reason:
java.lang.IllegalArgumentException: Cannot find test data with id 'Data Files/MOF_NE_Event Group ManagementObjectRepository' because (of) 'java.lang.IllegalArgumentException: Test data with id 'Data Files/MOF_NE_Event Group ManagementObjectRepository' does not exist'
	at com.kms.katalon.core.testdata.TestDataFactory.findTestData(TestDataFactory.java:122)
	at com.kms.katalon.core.testdata.TestDataFactory$findTestData.callStatic(Unknown Source)
	at pk_Functions.CS_ClickingonUpdateorDeletebutton.SelectRecordFromWebtableFun(CS_ClickingonUpdateorDeletebutton.groovy:68)
	at pk_Functions.CS_ClickingonUpdateorDeletebutton.invokeMethod(CS_ClickingonUpdateorDeletebutton.groovy)
	at com.kms.katalon.core.main.CustomKeywordDelegatingMetaClass.invokeStaticMethod(CustomKeywordDelegatingMetaClass.java:49)
	at TC_Update and Delete test.run(TC_Update and Delete test:38)
	at com.kms.katalon.core.main.ScriptEngine.run(ScriptEngine.java:194)
	at com.kms.katalon.core.main.ScriptEngine.runScriptAsRawText(ScriptEngine.java:119)
	at com.kms.katalon.core.main.TestCaseExecutor.runScript(TestCaseExecutor.java:328)
	at com.kms.katalon.core.main.TestCaseExecutor.doExecute(TestCaseExecutor.java:319)
	at com.kms.katalon.core.main.TestCaseExecutor.processExecutionPhase(TestCaseExecutor.java:298)
	at com.kms.katalon.core.main.TestCaseExecutor.accessMainPhase(TestCaseExecutor.java:290)
	at com.kms.katalon.core.main.TestCaseExecutor.execute(TestCaseExecutor.java:224)
	at com.kms.katalon.core.main.TestSuiteExecutor.accessTestCaseMainPhase(TestSuiteExecutor.java:129)
	at com.kms.katalon.core.main.TestSuiteExecutor.accessTestSuiteMainPhase(TestSuiteExecutor.java:112)
	at com.kms.katalon.core.main.TestSuiteExecutor.execute(TestSuiteExecutor.java:81)
	at com.kms.katalon.core.main.TestCaseMain.startTestSuite(TestCaseMain.java:149)
	at com.kms.katalon.core.main.TestCaseMain$startTestSuite$0.call(Unknown Source)
	at TempTestSuite1548940868214.run(TempTestSuite1548940868214.groovy:36)


2019-01-31 15:21:53 - [MESSAGE][ERROR] - Cannot find test data with id 'Data Files/MOF_NE_Event Group ManagementObjectRepository' because (of) 'java.lang.IllegalArgumentException: Test data with id 'Data Files/MOF_NE_Event Group ManagementObjectRepository' does not exist'

2019-01-31 15:21:53 - [MESSAGE][ERROR] - pk_Functions.CS_ClickingonUpdateorDeletebutton.SelectRecordFromWebtableFun(ActionType, 0, 3, "MOF_NE_Event Group ManagementObjectRepository", "Sheet1", "Event Group Management/MOF_NE_Event Group ManagementData", "Sheet1", Code) FAILED.
Reason:
java.lang.IllegalArgumentException: Cannot find test data with id 'Data Files/MOF_NE_Event Group ManagementObjectRepository' because (of) 'java.lang.IllegalArgumentException: Test data with id 'Data Files/MOF_NE_Event Group ManagementObjectRepository' does not exist'
	at com.kms.katalon.core.testdata.TestDataFactory.findTestData(TestDataFactory.java:122)
	at com.kms.katalon.core.testdata.TestDataFactory$findTestData.callStatic(Unknown Source)
	at pk_Functions.CS_ClickingonUpdateorDeletebutton.SelectRecordFromWebtableFun(CS_ClickingonUpdateorDeletebutton.groovy:68)
	at pk_Functions.CS_ClickingonUpdateorDeletebutton.invokeMethod(CS_ClickingonUpdateorDeletebutton.groovy)
	at com.kms.katalon.core.main.CustomKeywordDelegatingMetaClass.invokeStaticMethod(CustomKeywordDelegatingMetaClass.java:49)
	at TC_Update and Delete test.run(TC_Update and Delete test:38)
	at com.kms.katalon.core.main.ScriptEngine.run(ScriptEngine.java:194)
	at com.kms.katalon.core.main.ScriptEngine.runScriptAsRawText(ScriptEngine.java:119)
	at com.kms.katalon.core.main.TestCaseExecutor.runScript(TestCaseExecutor.java:328)
	at com.kms.katalon.core.main.TestCaseExecutor.doExecute(TestCaseExecutor.java:319)
	at com.kms.katalon.core.main.TestCaseExecutor.processExecutionPhase(TestCaseExecutor.java:298)
	at com.kms.katalon.core.main.TestCaseExecutor.accessMainPhase(TestCaseExecutor.java:290)
	at com.kms.katalon.core.main.TestCaseExecutor.execute(TestCaseExecutor.java:224)
	at com.kms.katalon.core.main.TestSuiteExecutor.accessTestCaseMainPhase(TestSuiteExecutor.java:129)
	at com.kms.katalon.core.main.TestSuiteExecutor.accessTestSuiteMainPhase(TestSuiteExecutor.java:112)
	at com.kms.katalon.core.main.TestSuiteExecutor.execute(TestSuiteExecutor.java:81)
	at com.kms.katalon.core.main.TestCaseMain.startTestSuite(TestCaseMain.java:149)
	at com.kms.katalon.core.main.TestCaseMain$startTestSuite$0.call(Unknown Source)
	at TempTestSuite1548940868214.run(TempTestSuite1548940868214.groovy:36)]]></system-out>
         <system-err><![CDATA[2019-01-31 15:21:52 - [TEST_CASE][ERROR] - Test Cases/Event Group Management/TC_Update and Delete test: Test Cases/Event Group Management/TC_Update and Delete test FAILED.
Reason:
java.lang.IllegalArgumentException: Cannot find test data with id 'Data Files/MOF_NE_Event Group ManagementObjectRepository' because (of) 'java.lang.IllegalArgumentException: Test data with id 'Data Files/MOF_NE_Event Group ManagementObjectRepository' does not exist'
	at com.kms.katalon.core.testdata.TestDataFactory.findTestData(TestDataFactory.java:122)
	at com.kms.katalon.core.testdata.TestDataFactory$findTestData.callStatic(Unknown Source)
	at pk_Functions.CS_ClickingonUpdateorDeletebutton.SelectRecordFromWebtableFun(CS_ClickingonUpdateorDeletebutton.groovy:68)
	at pk_Functions.CS_ClickingonUpdateorDeletebutton.invokeMethod(CS_ClickingonUpdateorDeletebutton.groovy)
	at com.kms.katalon.core.main.CustomKeywordDelegatingMetaClass.invokeStaticMethod(CustomKeywordDelegatingMetaClass.java:49)
	at TC_Update and Delete test.run(TC_Update and Delete test:38)
	at com.kms.katalon.core.main.ScriptEngine.run(ScriptEngine.java:194)
	at com.kms.katalon.core.main.ScriptEngine.runScriptAsRawText(ScriptEngine.java:119)
	at com.kms.katalon.core.main.TestCaseExecutor.runScript(TestCaseExecutor.java:328)
	at com.kms.katalon.core.main.TestCaseExecutor.doExecute(TestCaseExecutor.java:319)
	at com.kms.katalon.core.main.TestCaseExecutor.processExecutionPhase(TestCaseExecutor.java:298)
	at com.kms.katalon.core.main.TestCaseExecutor.accessMainPhase(TestCaseExecutor.java:290)
	at com.kms.katalon.core.main.TestCaseExecutor.execute(TestCaseExecutor.java:224)
	at com.kms.katalon.core.main.TestSuiteExecutor.accessTestCaseMainPhase(TestSuiteExecutor.java:129)
	at com.kms.katalon.core.main.TestSuiteExecutor.accessTestSuiteMainPhase(TestSuiteExecutor.java:112)
	at com.kms.katalon.core.main.TestSuiteExecutor.execute(TestSuiteExecutor.java:81)
	at com.kms.katalon.core.main.TestCaseMain.startTestSuite(TestCaseMain.java:149)
	at com.kms.katalon.core.main.TestCaseMain$startTestSuite$0.call(Unknown Source)
	at TempTestSuite1548940868214.run(TempTestSuite1548940868214.groovy:36)]]></system-err>
      </testcase>
      <testcase name="Test Cases/Event Group Management/TC_Update and Delete test" classname="Test Cases/Event Group Management/TC_Update and Delete test" status="ERROR">
         <error type="ERROR" message="Test Cases/Event Group Management/TC_Update and Delete test FAILED.
Reason:
java.lang.IllegalArgumentException: Cannot find test data with id 'Data Files/MOF_NE_Event Group ManagementObjectRepository' because (of) 'java.lang.IllegalArgumentException: Test data with id 'Data Files/MOF_NE_Event Group ManagementObjectRepository' does not exist'
	at com.kms.katalon.core.testdata.TestDataFactory.findTestData(TestDataFactory.java:122)
	at com.kms.katalon.core.testdata.TestDataFactory$findTestData.callStatic(Unknown Source)
	at pk_Functions.CS_ClickingonUpdateorDeletebutton.SelectRecordFromWebtableFun(CS_ClickingonUpdateorDeletebutton.groovy:68)
	at pk_Functions.CS_ClickingonUpdateorDeletebutton.invokeMethod(CS_ClickingonUpdateorDeletebutton.groovy)
	at com.kms.katalon.core.main.CustomKeywordDelegatingMetaClass.invokeStaticMethod(CustomKeywordDelegatingMetaClass.java:49)
	at TC_Update and Delete test.run(TC_Update and Delete test:38)
	at com.kms.katalon.core.main.ScriptEngine.run(ScriptEngine.java:194)
	at com.kms.katalon.core.main.ScriptEngine.runScriptAsRawText(ScriptEngine.java:119)
	at com.kms.katalon.core.main.TestCaseExecutor.runScript(TestCaseExecutor.java:328)
	at com.kms.katalon.core.main.TestCaseExecutor.doExecute(TestCaseExecutor.java:319)
	at com.kms.katalon.core.main.TestCaseExecutor.processExecutionPhase(TestCaseExecutor.java:298)
	at com.kms.katalon.core.main.TestCaseExecutor.accessMainPhase(TestCaseExecutor.java:290)
	at com.kms.katalon.core.main.TestCaseExecutor.execute(TestCaseExecutor.java:224)
	at com.kms.katalon.core.main.TestSuiteExecutor.accessTestCaseMainPhase(TestSuiteExecutor.java:129)
	at com.kms.katalon.core.main.TestSuiteExecutor.accessTestSuiteMainPhase(TestSuiteExecutor.java:112)
	at com.kms.katalon.core.main.TestSuiteExecutor.execute(TestSuiteExecutor.java:81)
	at com.kms.katalon.core.main.TestCaseMain.startTestSuite(TestCaseMain.java:149)
	at com.kms.katalon.core.main.TestCaseMain$startTestSuite$0.call(Unknown Source)
	at TempTestSuite1548940868214.run(TempTestSuite1548940868214.groovy:36)
"/>
         <system-out><![CDATA[2019-01-31 15:21:53 - [TEST_CASE][ERROR] - Test Cases/Event Group Management/TC_Update and Delete test: Test Cases/Event Group Management/TC_Update and Delete test FAILED.
Reason:
java.lang.IllegalArgumentException: Cannot find test data with id 'Data Files/MOF_NE_Event Group ManagementObjectRepository' because (of) 'java.lang.IllegalArgumentException: Test data with id 'Data Files/MOF_NE_Event Group ManagementObjectRepository' does not exist'
	at com.kms.katalon.core.testdata.TestDataFactory.findTestData(TestDataFactory.java:122)
	at com.kms.katalon.core.testdata.TestDataFactory$findTestData.callStatic(Unknown Source)
	at pk_Functions.CS_ClickingonUpdateorDeletebutton.SelectRecordFromWebtableFun(CS_ClickingonUpdateorDeletebutton.groovy:68)
	at pk_Functions.CS_ClickingonUpdateorDeletebutton.invokeMethod(CS_ClickingonUpdateorDeletebutton.groovy)
	at com.kms.katalon.core.main.CustomKeywordDelegatingMetaClass.invokeStaticMethod(CustomKeywordDelegatingMetaClass.java:49)
	at TC_Update and Delete test.run(TC_Update and Delete test:38)
	at com.kms.katalon.core.main.ScriptEngine.run(ScriptEngine.java:194)
	at com.kms.katalon.core.main.ScriptEngine.runScriptAsRawText(ScriptEngine.java:119)
	at com.kms.katalon.core.main.TestCaseExecutor.runScript(TestCaseExecutor.java:328)
	at com.kms.katalon.core.main.TestCaseExecutor.doExecute(TestCaseExecutor.java:319)
	at com.kms.katalon.core.main.TestCaseExecutor.processExecutionPhase(TestCaseExecutor.java:298)
	at com.kms.katalon.core.main.TestCaseExecutor.accessMainPhase(TestCaseExecutor.java:290)
	at com.kms.katalon.core.main.TestCaseExecutor.execute(TestCaseExecutor.java:224)
	at com.kms.katalon.core.main.TestSuiteExecutor.accessTestCaseMainPhase(TestSuiteExecutor.java:129)
	at com.kms.katalon.core.main.TestSuiteExecutor.accessTestSuiteMainPhase(TestSuiteExecutor.java:112)
	at com.kms.katalon.core.main.TestSuiteExecutor.execute(TestSuiteExecutor.java:81)
	at com.kms.katalon.core.main.TestCaseMain.startTestSuite(TestCaseMain.java:149)
	at com.kms.katalon.core.main.TestCaseMain$startTestSuite$0.call(Unknown Source)
	at TempTestSuite1548940868214.run(TempTestSuite1548940868214.groovy:36)


2019-01-31 15:21:53 - [TEST_STEP][NOT_RUN] - pk_Functions.CS_Login.LoginFun(findTestObject(null), "http://192.168.0.190:8080/mof/#/", findTestObject("Login/Username"), findTestObject("Login/Password"), "AAttia", "123", findTestObject("Login/Login")): NOT_RUN: pk_Functions.CS_Login.LoginFun(findTestObject(null), "http://192.168.0.190:8080/mof/#/", findTestObject("Login/Username"), findTestObject("Login/Password"), "AAttia", "123", findTestObject("Login/Login"))

2019-01-31 15:21:53 - [MESSAGE][NOT_RUN] - NOT_RUN: pk_Functions.CS_Login.LoginFun(findTestObject(null), "http://192.168.0.190:8080/mof/#/", findTestObject("Login/Username"), findTestObject("Login/Password"), "AAttia", "123", findTestObject("Login/Login"))

2019-01-31 15:21:53 - [TEST_STEP][NOT_RUN] - click(findTestObject("NE_SideMenu")): NOT_RUN: click(findTestObject("NE_SideMenu"))

2019-01-31 15:21:53 - [MESSAGE][NOT_RUN] - NOT_RUN: click(findTestObject("NE_SideMenu"))

2019-01-31 15:21:53 - [TEST_STEP][NOT_RUN] - click(findTestObject("NE_EventGroupManagement")): NOT_RUN: click(findTestObject("NE_EventGroupManagement"))

2019-01-31 15:21:53 - [MESSAGE][NOT_RUN] - NOT_RUN: click(findTestObject("NE_EventGroupManagement"))

2019-01-31 15:21:53 - [TEST_STEP][PASSED] - delay(1): Delayed 1 second(s)

2019-01-31 15:21:54 - [MESSAGE][PASSED] - Delayed 1 second(s)

2019-01-31 15:21:54 - [TEST_STEP][NOT_RUN] - pk_Functions.CS_ClickingonUpdateorDeletebutton.SelectRecordFromWebtableFun("Event Group Management/MOF_NE_Event Group ManagementData", "Sheet1"): NOT_RUN: pk_Functions.CS_ClickingonUpdateorDeletebutton.SelectRecordFromWebtableFun("Event Group Management/MOF_NE_Event Group ManagementData", "Sheet1")

2019-01-31 15:21:54 - [MESSAGE][NOT_RUN] - NOT_RUN: pk_Functions.CS_ClickingonUpdateorDeletebutton.SelectRecordFromWebtableFun("Event Group Management/MOF_NE_Event Group ManagementData", "Sheet1")

2019-01-31 15:21:54 - [TEST_STEP][NOT_RUN] - pk_Functions.CS_ClickingonUpdateorDeletebutton.SelectRecordFromWebtableFun("", 0, 3, 2, "Event Group Management/MOF_NE_Event Group ManagementObjectRepository", "Sheet1", "Event Group Management/MOF_NE_Event Group ManagementData", "Sheet1"): NOT_RUN: pk_Functions.CS_ClickingonUpdateorDeletebutton.SelectRecordFromWebtableFun("", 0, 3, 2, "Event Group Management/MOF_NE_Event Group ManagementObjectRepository", "Sheet1", "Event Group Management/MOF_NE_Event Group ManagementData", "Sheet1")

2019-01-31 15:21:54 - [MESSAGE][NOT_RUN] - NOT_RUN: pk_Functions.CS_ClickingonUpdateorDeletebutton.SelectRecordFromWebtableFun("", 0, 3, 2, "Event Group Management/MOF_NE_Event Group ManagementObjectRepository", "Sheet1", "Event Group Management/MOF_NE_Event Group ManagementData", "Sheet1")

2019-01-31 15:21:54 - [TEST_STEP][NOT_RUN] - pk_Functions.CS_SpecificPageData.DataFun(["Arabic Description", "English Description"], "Event Group Management/MOF_NE_Event Group ManagementObjectRepository", "Sheet1", [ArabicDescription, EnglishDescription]): NOT_RUN: pk_Functions.CS_SpecificPageData.DataFun(["Arabic Description", "English Description"], "Event Group Management/MOF_NE_Event Group ManagementObjectRepository", "Sheet1", [ArabicDescription, EnglishDescription])

2019-01-31 15:21:54 - [MESSAGE][NOT_RUN] - NOT_RUN: pk_Functions.CS_SpecificPageData.DataFun(["Arabic Description", "English Description"], "Event Group Management/MOF_NE_Event Group ManagementObjectRepository", "Sheet1", [ArabicDescription, EnglishDescription])

2019-01-31 15:21:54 - [TEST_STEP][NOT_RUN] - click(findTestObject("Event Group Managemnt/BTN_Save")): NOT_RUN: click(findTestObject("Event Group Managemnt/BTN_Save"))

2019-01-31 15:21:54 - [MESSAGE][NOT_RUN] - NOT_RUN: click(findTestObject("Event Group Managemnt/BTN_Save"))

2019-01-31 15:21:54 - [TEST_STEP][NOT_RUN] - click(findTestObject("Event Group Managemnt/BTN_Back")): NOT_RUN: click(findTestObject("Event Group Managemnt/BTN_Back"))

2019-01-31 15:21:54 - [MESSAGE][NOT_RUN] - NOT_RUN: click(findTestObject("Event Group Managemnt/BTN_Back"))

2019-01-31 15:21:54 - [TEST_STEP][ERROR] - pk_Functions.CS_ClickingonUpdateorDeletebutton.SelectRecordFromWebtableFun(ActionType, 0, 3, "MOF_NE_Event Group ManagementObjectRepository", "Sheet1", "Event Group Management/MOF_NE_Event Group ManagementData", "Sheet1", Code): pk_Functions.CS_ClickingonUpdateorDeletebutton.SelectRecordFromWebtableFun(ActionType, 0, 3, "MOF_NE_Event Group ManagementObjectRepository", "Sheet1", "Event Group Management/MOF_NE_Event Group ManagementData", "Sheet1", Code) FAILED.
Reason:
java.lang.IllegalArgumentException: Cannot find test data with id 'Data Files/MOF_NE_Event Group ManagementObjectRepository' because (of) 'java.lang.IllegalArgumentException: Test data with id 'Data Files/MOF_NE_Event Group ManagementObjectRepository' does not exist'
	at com.kms.katalon.core.testdata.TestDataFactory.findTestData(TestDataFactory.java:122)
	at com.kms.katalon.core.testdata.TestDataFactory$findTestData.callStatic(Unknown Source)
	at pk_Functions.CS_ClickingonUpdateorDeletebutton.SelectRecordFromWebtableFun(CS_ClickingonUpdateorDeletebutton.groovy:68)
	at pk_Functions.CS_ClickingonUpdateorDeletebutton.invokeMethod(CS_ClickingonUpdateorDeletebutton.groovy)
	at com.kms.katalon.core.main.CustomKeywordDelegatingMetaClass.invokeStaticMethod(CustomKeywordDelegatingMetaClass.java:49)
	at TC_Update and Delete test.run(TC_Update and Delete test:38)
	at com.kms.katalon.core.main.ScriptEngine.run(ScriptEngine.java:194)
	at com.kms.katalon.core.main.ScriptEngine.runScriptAsRawText(ScriptEngine.java:119)
	at com.kms.katalon.core.main.TestCaseExecutor.runScript(TestCaseExecutor.java:328)
	at com.kms.katalon.core.main.TestCaseExecutor.doExecute(TestCaseExecutor.java:319)
	at com.kms.katalon.core.main.TestCaseExecutor.processExecutionPhase(TestCaseExecutor.java:298)
	at com.kms.katalon.core.main.TestCaseExecutor.accessMainPhase(TestCaseExecutor.java:290)
	at com.kms.katalon.core.main.TestCaseExecutor.execute(TestCaseExecutor.java:224)
	at com.kms.katalon.core.main.TestSuiteExecutor.accessTestCaseMainPhase(TestSuiteExecutor.java:129)
	at com.kms.katalon.core.main.TestSuiteExecutor.accessTestSuiteMainPhase(TestSuiteExecutor.java:112)
	at com.kms.katalon.core.main.TestSuiteExecutor.execute(TestSuiteExecutor.java:81)
	at com.kms.katalon.core.main.TestCaseMain.startTestSuite(TestCaseMain.java:149)
	at com.kms.katalon.core.main.TestCaseMain$startTestSuite$0.call(Unknown Source)
	at TempTestSuite1548940868214.run(TempTestSuite1548940868214.groovy:36)


2019-01-31 15:21:54 - [MESSAGE][ERROR] - Cannot find test data with id 'Data Files/MOF_NE_Event Group ManagementObjectRepository' because (of) 'java.lang.IllegalArgumentException: Test data with id 'Data Files/MOF_NE_Event Group ManagementObjectRepository' does not exist'

2019-01-31 15:21:54 - [MESSAGE][ERROR] - pk_Functions.CS_ClickingonUpdateorDeletebutton.SelectRecordFromWebtableFun(ActionType, 0, 3, "MOF_NE_Event Group ManagementObjectRepository", "Sheet1", "Event Group Management/MOF_NE_Event Group ManagementData", "Sheet1", Code) FAILED.
Reason:
java.lang.IllegalArgumentException: Cannot find test data with id 'Data Files/MOF_NE_Event Group ManagementObjectRepository' because (of) 'java.lang.IllegalArgumentException: Test data with id 'Data Files/MOF_NE_Event Group ManagementObjectRepository' does not exist'
	at com.kms.katalon.core.testdata.TestDataFactory.findTestData(TestDataFactory.java:122)
	at com.kms.katalon.core.testdata.TestDataFactory$findTestData.callStatic(Unknown Source)
	at pk_Functions.CS_ClickingonUpdateorDeletebutton.SelectRecordFromWebtableFun(CS_ClickingonUpdateorDeletebutton.groovy:68)
	at pk_Functions.CS_ClickingonUpdateorDeletebutton.invokeMethod(CS_ClickingonUpdateorDeletebutton.groovy)
	at com.kms.katalon.core.main.CustomKeywordDelegatingMetaClass.invokeStaticMethod(CustomKeywordDelegatingMetaClass.java:49)
	at TC_Update and Delete test.run(TC_Update and Delete test:38)
	at com.kms.katalon.core.main.ScriptEngine.run(ScriptEngine.java:194)
	at com.kms.katalon.core.main.ScriptEngine.runScriptAsRawText(ScriptEngine.java:119)
	at com.kms.katalon.core.main.TestCaseExecutor.runScript(TestCaseExecutor.java:328)
	at com.kms.katalon.core.main.TestCaseExecutor.doExecute(TestCaseExecutor.java:319)
	at com.kms.katalon.core.main.TestCaseExecutor.processExecutionPhase(TestCaseExecutor.java:298)
	at com.kms.katalon.core.main.TestCaseExecutor.accessMainPhase(TestCaseExecutor.java:290)
	at com.kms.katalon.core.main.TestCaseExecutor.execute(TestCaseExecutor.java:224)
	at com.kms.katalon.core.main.TestSuiteExecutor.accessTestCaseMainPhase(TestSuiteExecutor.java:129)
	at com.kms.katalon.core.main.TestSuiteExecutor.accessTestSuiteMainPhase(TestSuiteExecutor.java:112)
	at com.kms.katalon.core.main.TestSuiteExecutor.execute(TestSuiteExecutor.java:81)
	at com.kms.katalon.core.main.TestCaseMain.startTestSuite(TestCaseMain.java:149)
	at com.kms.katalon.core.main.TestCaseMain$startTestSuite$0.call(Unknown Source)
	at TempTestSuite1548940868214.run(TempTestSuite1548940868214.groovy:36)]]></system-out>
         <system-err><![CDATA[2019-01-31 15:21:53 - [TEST_CASE][ERROR] - Test Cases/Event Group Management/TC_Update and Delete test: Test Cases/Event Group Management/TC_Update and Delete test FAILED.
Reason:
java.lang.IllegalArgumentException: Cannot find test data with id 'Data Files/MOF_NE_Event Group ManagementObjectRepository' because (of) 'java.lang.IllegalArgumentException: Test data with id 'Data Files/MOF_NE_Event Group ManagementObjectRepository' does not exist'
	at com.kms.katalon.core.testdata.TestDataFactory.findTestData(TestDataFactory.java:122)
	at com.kms.katalon.core.testdata.TestDataFactory$findTestData.callStatic(Unknown Source)
	at pk_Functions.CS_ClickingonUpdateorDeletebutton.SelectRecordFromWebtableFun(CS_ClickingonUpdateorDeletebutton.groovy:68)
	at pk_Functions.CS_ClickingonUpdateorDeletebutton.invokeMethod(CS_ClickingonUpdateorDeletebutton.groovy)
	at com.kms.katalon.core.main.CustomKeywordDelegatingMetaClass.invokeStaticMethod(CustomKeywordDelegatingMetaClass.java:49)
	at TC_Update and Delete test.run(TC_Update and Delete test:38)
	at com.kms.katalon.core.main.ScriptEngine.run(ScriptEngine.java:194)
	at com.kms.katalon.core.main.ScriptEngine.runScriptAsRawText(ScriptEngine.java:119)
	at com.kms.katalon.core.main.TestCaseExecutor.runScript(TestCaseExecutor.java:328)
	at com.kms.katalon.core.main.TestCaseExecutor.doExecute(TestCaseExecutor.java:319)
	at com.kms.katalon.core.main.TestCaseExecutor.processExecutionPhase(TestCaseExecutor.java:298)
	at com.kms.katalon.core.main.TestCaseExecutor.accessMainPhase(TestCaseExecutor.java:290)
	at com.kms.katalon.core.main.TestCaseExecutor.execute(TestCaseExecutor.java:224)
	at com.kms.katalon.core.main.TestSuiteExecutor.accessTestCaseMainPhase(TestSuiteExecutor.java:129)
	at com.kms.katalon.core.main.TestSuiteExecutor.accessTestSuiteMainPhase(TestSuiteExecutor.java:112)
	at com.kms.katalon.core.main.TestSuiteExecutor.execute(TestSuiteExecutor.java:81)
	at com.kms.katalon.core.main.TestCaseMain.startTestSuite(TestCaseMain.java:149)
	at com.kms.katalon.core.main.TestCaseMain$startTestSuite$0.call(Unknown Source)
	at TempTestSuite1548940868214.run(TempTestSuite1548940868214.groovy:36)]]></system-err>
      </testcase>
      <system-out><![CDATA[2019-01-31 15:21:11 - [TEST_SUITE][ERROR] - TS_ClickUpdate_Delete: Test Cases/Event Group Management/TC_Update and Delete test FAILED.
Reason:
java.lang.IllegalArgumentException: Cannot find test data with id 'Data Files/MOF_NE_Event Group ManagementObjectRepository' because (of) 'java.lang.IllegalArgumentException: Test data with id 'Data Files/MOF_NE_Event Group ManagementObjectRepository' does not exist'
	at com.kms.katalon.core.testdata.TestDataFactory.findTestData(TestDataFactory.java:122)
	at com.kms.katalon.core.testdata.TestDataFactory$findTestData.callStatic(Unknown Source)
	at pk_Functions.CS_ClickingonUpdateorDeletebutton.SelectRecordFromWebtableFun(CS_ClickingonUpdateorDeletebutton.groovy:68)
	at pk_Functions.CS_ClickingonUpdateorDeletebutton.invokeMethod(CS_ClickingonUpdateorDeletebutton.groovy)
	at com.kms.katalon.core.main.CustomKeywordDelegatingMetaClass.invokeStaticMethod(CustomKeywordDelegatingMetaClass.java:49)
	at TC_Update and Delete test.run(TC_Update and Delete test:38)
	at com.kms.katalon.core.main.ScriptEngine.run(ScriptEngine.java:194)
	at com.kms.katalon.core.main.ScriptEngine.runScriptAsRawText(ScriptEngine.java:119)
	at com.kms.katalon.core.main.TestCaseExecutor.runScript(TestCaseExecutor.java:328)
	at com.kms.katalon.core.main.TestCaseExecutor.doExecute(TestCaseExecutor.java:319)
	at com.kms.katalon.core.main.TestCaseExecutor.processExecutionPhase(TestCaseExecutor.java:298)
	at com.kms.katalon.core.main.TestCaseExecutor.accessMainPhase(TestCaseExecutor.java:290)
	at com.kms.katalon.core.main.TestCaseExecutor.execute(TestCaseExecutor.java:224)
	at com.kms.katalon.core.main.TestSuiteExecutor.accessTestCaseMainPhase(TestSuiteExecutor.java:129)
	at com.kms.katalon.core.main.TestSuiteExecutor.accessTestSuiteMainPhase(TestSuiteExecutor.java:112)
	at com.kms.katalon.core.main.TestSuiteExecutor.execute(TestSuiteExecutor.java:81)
	at com.kms.katalon.core.main.TestCaseMain.startTestSuite(TestCaseMain.java:149)
	at com.kms.katalon.core.main.TestCaseMain$startTestSuite$0.call(Unknown Source)
	at TempTestSuite1548940868214.run(TempTestSuite1548940868214.groovy:36)]]></system-out>
      <system-err><![CDATA[2019-01-31 15:21:11 - [TEST_SUITE][ERROR] - TS_ClickUpdate_Delete: Test Cases/Event Group Management/TC_Update and Delete test FAILED.
Reason:
java.lang.IllegalArgumentException: Cannot find test data with id 'Data Files/MOF_NE_Event Group ManagementObjectRepository' because (of) 'java.lang.IllegalArgumentException: Test data with id 'Data Files/MOF_NE_Event Group ManagementObjectRepository' does not exist'
	at com.kms.katalon.core.testdata.TestDataFactory.findTestData(TestDataFactory.java:122)
	at com.kms.katalon.core.testdata.TestDataFactory$findTestData.callStatic(Unknown Source)
	at pk_Functions.CS_ClickingonUpdateorDeletebutton.SelectRecordFromWebtableFun(CS_ClickingonUpdateorDeletebutton.groovy:68)
	at pk_Functions.CS_ClickingonUpdateorDeletebutton.invokeMethod(CS_ClickingonUpdateorDeletebutton.groovy)
	at com.kms.katalon.core.main.CustomKeywordDelegatingMetaClass.invokeStaticMethod(CustomKeywordDelegatingMetaClass.java:49)
	at TC_Update and Delete test.run(TC_Update and Delete test:38)
	at com.kms.katalon.core.main.ScriptEngine.run(ScriptEngine.java:194)
	at com.kms.katalon.core.main.ScriptEngine.runScriptAsRawText(ScriptEngine.java:119)
	at com.kms.katalon.core.main.TestCaseExecutor.runScript(TestCaseExecutor.java:328)
	at com.kms.katalon.core.main.TestCaseExecutor.doExecute(TestCaseExecutor.java:319)
	at com.kms.katalon.core.main.TestCaseExecutor.processExecutionPhase(TestCaseExecutor.java:298)
	at com.kms.katalon.core.main.TestCaseExecutor.accessMainPhase(TestCaseExecutor.java:290)
	at com.kms.katalon.core.main.TestCaseExecutor.execute(TestCaseExecutor.java:224)
	at com.kms.katalon.core.main.TestSuiteExecutor.accessTestCaseMainPhase(TestSuiteExecutor.java:129)
	at com.kms.katalon.core.main.TestSuiteExecutor.accessTestSuiteMainPhase(TestSuiteExecutor.java:112)
	at com.kms.katalon.core.main.TestSuiteExecutor.execute(TestSuiteExecutor.java:81)
	at com.kms.katalon.core.main.TestCaseMain.startTestSuite(TestCaseMain.java:149)
	at com.kms.katalon.core.main.TestCaseMain$startTestSuite$0.call(Unknown Source)
	at TempTestSuite1548940868214.run(TempTestSuite1548940868214.groovy:36)]]></system-err>
   </testsuite>
</testsuites>
