<?xml version="1.0" encoding="UTF-8"?>
<testsuites name="TS_ClickUpdate_Delete" time="114" tests="8" failures="0" errors="0">
   <testsuite name="TS_ClickUpdate_Delete" tests="8" failures="0" errors="0" time="114" timestamp="2019-02-13 12:12:42" hostname="Ebtehal Gamal Yusuf - LPALXY0199.ejadaalex.local" id="Test Suites/Event Group Management/TS_ClickUpdate_Delete">
      <properties>
         <property name="deviceName" value=""/>
         <property name="devicePlatform" value=""/>
         <property name="logFolder" value="C:\\Users\\Administrator\\git\\MOF\\Reports\\Event Group Management\\TS_ClickUpdate_Delete\\20190213_121239"/>
         <property name="logFiles" value="C:\\Users\\Administrator\\git\\MOF\\Reports\\Event Group Management\\TS_ClickUpdate_Delete\\20190213_121239\\execution0.log"/>
         <property name="attachments" value=""/>
         <property name="hostName" value="Ebtehal Gamal Yusuf - LPALXY0199.ejadaalex.local"/>
         <property name="os" value="Windows 7 64bit"/>
         <property name="katalonVersion" value="5.10.1.1"/>
         <property name="browser" value="Chrome 72.0.3626.96"/>
         <property name="hostAddress" value="192.168.3.51"/>
         <property name="sessionId" value="c469fcf6591b72fa73e57fe8acf9a86a"/>
         <property name="seleniumVersion" value="3.7.1"/>
         <property name="proxyInformation" value="ProxyInformation{proxyOption=NO_PROXY, proxyServerType=HTTP, password=, proxyServerAddress=, proxyServerPort=0}"/>
         <property name="platform" value="Windows 7"/>
      </properties>
      <testcase name="Test Cases/TC_Login" classname="Test Cases/TC_Login" status="PASSED">
         <system-out><![CDATA[2019-02-13 12:12:42 - [TEST_CASE][PASSED] - Test Cases/TC_Login: Test Cases/TC_Login

2019-02-13 12:12:43 - [TEST_STEP][PASSED] - pk_Functions.CS_Login.LoginFun(findTestObject(null), "http://192.168.0.190:8080/mof/#/", findTestObject("Login/Username"), findTestObject("Login/Password"), "AAttia", "123", findTestObject("Login/Login")): pk_Functions.CS_Login.LoginFun is PASSED

2019-02-13 12:12:43 - [MESSAGE][WARNING] - Test object id is null

2019-02-13 12:12:43 - [MESSAGE][INFO] - Starting 'Chrome' driver

2019-02-13 12:12:43 - [MESSAGE][INFO] - Action delay is set to 0 seconds

2019-02-13 12:13:00 - [MESSAGE][PASSED] - Browser is opened with url: 'http://192.168.0.190:8080/mof/#/'

2019-02-13 12:13:00 - [MESSAGE][PASSED] - Text 'AAttia' is set on object 'Object Repository/Login/Username'

2019-02-13 12:13:00 - [MESSAGE][PASSED] - Text '123' is set on object 'Object Repository/Login/Password'

2019-02-13 12:13:00 - [MESSAGE][PASSED] - Object: 'Object Repository/Login/Login' is clicked on

2019-02-13 12:13:00 - [MESSAGE][PASSED] - pk_Functions.CS_Login.LoginFun is PASSED]]></system-out>
         <system-err><![CDATA[]]></system-err>
      </testcase>
      <testcase name="Test Cases/Event Group Management/TC_Select_Screen" classname="Test Cases/Event Group Management/TC_Select_Screen" status="PASSED">
         <system-out><![CDATA[2019-02-13 12:13:00 - [TEST_CASE][PASSED] - Test Cases/Event Group Management/TC_Select_Screen: Test Cases/Event Group Management/TC_Select_Screen

2019-02-13 12:13:00 - [TEST_STEP][PASSED] - click(findTestObject("NE_SideMenu")): Object: 'Object Repository/NE_SideMenu' is clicked on

2019-02-13 12:13:02 - [MESSAGE][PASSED] - Object: 'Object Repository/NE_SideMenu' is clicked on

2019-02-13 12:13:02 - [TEST_STEP][PASSED] - click(findTestObject("NE_EventGroupManagement")): Object: 'Object Repository/NE_EventGroupManagement' is clicked on

2019-02-13 12:13:02 - [MESSAGE][PASSED] - Object: 'Object Repository/NE_EventGroupManagement' is clicked on

2019-02-13 12:13:02 - [TEST_STEP][PASSED] - click(findTestObject("Event Group Managemnt/BTN_Search")): Object: 'Object Repository/Event Group Managemnt/BTN_Search' is clicked on

2019-02-13 12:13:03 - [MESSAGE][PASSED] - Object: 'Object Repository/Event Group Managemnt/BTN_Search' is clicked on

2019-02-13 12:13:03 - [TEST_STEP][PASSED] - delay(2): Delayed 2 second(s)

2019-02-13 12:13:05 - [MESSAGE][PASSED] - Delayed 2 second(s)]]></system-out>
         <system-err><![CDATA[]]></system-err>
      </testcase>
      <testcase name="Test Cases/Event Group Management/TC_Click on Search Button" classname="Test Cases/Event Group Management/TC_Click on Search Button" status="PASSED">
         <system-out><![CDATA[2019-02-13 12:13:05 - [TEST_CASE][PASSED] - Test Cases/Event Group Management/TC_Click on Search Button: Test Cases/Event Group Management/TC_Click on Search Button

2019-02-13 12:13:05 - [TEST_STEP][PASSED] - click(findTestObject("Event Group Managemnt/BTN_Clear")): Object: 'Object Repository/Event Group Managemnt/BTN_Clear' is clicked on

2019-02-13 12:13:05 - [MESSAGE][PASSED] - Object: 'Object Repository/Event Group Managemnt/BTN_Clear' is clicked on

2019-02-13 12:13:05 - [TEST_STEP][PASSED] - delay(2): Delayed 2 second(s)

2019-02-13 12:13:07 - [MESSAGE][PASSED] - Delayed 2 second(s)

2019-02-13 12:13:07 - [TEST_STEP][PASSED] - click(findTestObject("Event Group Managemnt/BTN_Search")): Object: 'Object Repository/Event Group Managemnt/BTN_Search' is clicked on

2019-02-13 12:13:07 - [MESSAGE][PASSED] - Object: 'Object Repository/Event Group Managemnt/BTN_Search' is clicked on

2019-02-13 12:13:07 - [TEST_STEP][PASSED] - delay(1): Delayed 1 second(s)

2019-02-13 12:13:08 - [MESSAGE][PASSED] - Delayed 1 second(s)]]></system-out>
         <system-err><![CDATA[]]></system-err>
      </testcase>
      <testcase name="Test Cases/Event Group Management/TC_Update and Delete test" classname="Test Cases/Event Group Management/TC_Update and Delete test" status="PASSED">
         <system-out><![CDATA[2019-02-13 12:13:08 - [TEST_CASE][PASSED] - Test Cases/Event Group Management/TC_Update and Delete test: Test Cases/Event Group Management/TC_Update and Delete test

2019-02-13 12:13:09 - [TEST_STEP][PASSED] - if (ActionType == "UpdateYes"): Delayed 1 second(s)

2019-02-13 12:13:09 - [TEST_STEP][PASSED] - delay(1): Delayed 1 second(s)

2019-02-13 12:13:10 - [MESSAGE][PASSED] - Delayed 1 second(s)

2019-02-13 12:13:10 - [TEST_STEP][PASSED] - pk_Functions.CS_ClickingonUpdateorDeletebutton_Fulltabl.SelectRecordFromWebtableFun("UpdateYes", 0, 3, "Event Group Management/MOF_NE_Event Group ManagementObjectRepository", "Sheet1", Code): pk_Functions.CS_ClickingonUpdateorDeletebutton_Fulltabl.SelectRecordFromWebtableFun is PASSED

2019-02-13 12:13:11 - [MESSAGE][PASSED] - Object: '' is clicked on

2019-02-13 12:13:13 - [MESSAGE][PASSED] - Delayed 2 second(s)

2019-02-13 12:13:15 - [MESSAGE][PASSED] - Delayed 2 second(s)

2019-02-13 12:13:15 - [MESSAGE][PASSED] - Attribute 'tabindex' of object '' is: '0'

2019-02-13 12:13:15 - [MESSAGE][PASSED] - Attribute 'tabindex' of object '' is: '0'

2019-02-13 12:13:17 - [MESSAGE][PASSED] - Delayed 2 second(s)

2019-02-13 12:13:18 - [MESSAGE][PASSED] - Delayed 1 second(s)

2019-02-13 12:13:19 - [MESSAGE][PASSED] - Delayed 1 second(s)

2019-02-13 12:13:21 - [MESSAGE][PASSED] - Delayed 1 second(s)

2019-02-13 12:13:21 - [MESSAGE][PASSED] - Attribute 'tabindex' of object '' is: '0'

2019-02-13 12:13:23 - [MESSAGE][PASSED] - Delayed 2 second(s)

2019-02-13 12:13:23 - [MESSAGE][PASSED] - Object: '' is clicked on

2019-02-13 12:13:24 - [MESSAGE][PASSED] - Delayed 1 second(s)

2019-02-13 12:13:25 - [MESSAGE][PASSED] - Delayed 1 second(s)

2019-02-13 12:13:26 - [MESSAGE][PASSED] - Delayed 1 second(s)

2019-02-13 12:13:27 - [MESSAGE][PASSED] - Delayed 1 second(s)

2019-02-13 12:13:27 - [MESSAGE][PASSED] - pk_Functions.CS_ClickingonUpdateorDeletebutton_Fulltabl.SelectRecordFromWebtableFun is PASSED

2019-02-13 12:13:27 - [TEST_STEP][PASSED] - delay(2): Delayed 2 second(s)

2019-02-13 12:13:29 - [MESSAGE][PASSED] - Delayed 2 second(s)

2019-02-13 12:13:29 - [TEST_STEP][PASSED] - pk_Functions.CS_SpecificPageData.DataFun(["Arabic Description", "English Description"], "Event Group Management/MOF_NE_Event Group ManagementObjectRepository", "Sheet1", [ArabicDescription, EnglishDescription]): pk_Functions.CS_SpecificPageData.DataFun is PASSED

2019-02-13 12:13:30 - [MESSAGE][PASSED] - Text 'English Description_1' is set on object ''

2019-02-13 12:13:30 - [MESSAGE][PASSED] - Text 'English Description_123' is set on object ''

2019-02-13 12:13:30 - [MESSAGE][PASSED] - pk_Functions.CS_SpecificPageData.DataFun is PASSED

2019-02-13 12:13:30 - [TEST_STEP][PASSED] - delay(2): Delayed 2 second(s)

2019-02-13 12:13:32 - [MESSAGE][PASSED] - Delayed 2 second(s)

2019-02-13 12:13:32 - [TEST_STEP][PASSED] - click(findTestObject("BTN_Save")): Object: 'Object Repository/BTN_Save' is clicked on

2019-02-13 12:13:32 - [MESSAGE][PASSED] - Object: 'Object Repository/BTN_Save' is clicked on

2019-02-13 12:13:32 - [TEST_STEP][PASSED] - delay(2): Delayed 2 second(s)

2019-02-13 12:13:34 - [MESSAGE][PASSED] - Delayed 2 second(s)

2019-02-13 12:13:34 - [TEST_STEP][PASSED] - click(findTestObject("Event Group Managemnt/BTN_Back (1)")): Object: 'Object Repository/Event Group Managemnt/BTN_Back (1)' is clicked on

2019-02-13 12:13:34 - [MESSAGE][PASSED] - Object: 'Object Repository/Event Group Managemnt/BTN_Back (1)' is clicked on

2019-02-13 12:13:34 - [TEST_STEP][PASSED] - delay(1): Delayed 1 second(s)

2019-02-13 12:13:35 - [MESSAGE][PASSED] - Delayed 1 second(s)]]></system-out>
         <system-err><![CDATA[]]></system-err>
      </testcase>
      <testcase name="Test Cases/Event Group Management/TC_Update and Delete test" classname="Test Cases/Event Group Management/TC_Update and Delete test" status="PASSED">
         <system-out><![CDATA[2019-02-13 12:13:35 - [TEST_CASE][PASSED] - Test Cases/Event Group Management/TC_Update and Delete test: Test Cases/Event Group Management/TC_Update and Delete test

2019-02-13 12:13:35 - [TEST_STEP][PASSED] - if (ActionType == "UpdateYes"): Delayed 1 second(s)

2019-02-13 12:13:35 - [TEST_STEP][PASSED] - delay(1): Delayed 1 second(s)

2019-02-13 12:13:36 - [MESSAGE][PASSED] - Delayed 1 second(s)

2019-02-13 12:13:36 - [TEST_STEP][PASSED] - pk_Functions.CS_ClickingonUpdateorDeletebutton_Fulltabl.SelectRecordFromWebtableFun("UpdateYes", 0, 3, "Event Group Management/MOF_NE_Event Group ManagementObjectRepository", "Sheet1", Code): pk_Functions.CS_ClickingonUpdateorDeletebutton_Fulltabl.SelectRecordFromWebtableFun is PASSED

2019-02-13 12:13:36 - [MESSAGE][PASSED] - Object: '' is clicked on

2019-02-13 12:13:38 - [MESSAGE][PASSED] - Delayed 2 second(s)

2019-02-13 12:13:40 - [MESSAGE][PASSED] - Delayed 2 second(s)

2019-02-13 12:13:40 - [MESSAGE][PASSED] - Attribute 'tabindex' of object '' is: '0'

2019-02-13 12:13:40 - [MESSAGE][PASSED] - Attribute 'tabindex' of object '' is: '0'

2019-02-13 12:13:42 - [MESSAGE][PASSED] - Delayed 2 second(s)

2019-02-13 12:13:43 - [MESSAGE][PASSED] - Delayed 1 second(s)

2019-02-13 12:13:45 - [MESSAGE][PASSED] - Delayed 1 second(s)

2019-02-13 12:13:46 - [MESSAGE][PASSED] - Delayed 1 second(s)

2019-02-13 12:13:46 - [MESSAGE][PASSED] - Attribute 'tabindex' of object '' is: '0'

2019-02-13 12:13:48 - [MESSAGE][PASSED] - Delayed 2 second(s)

2019-02-13 12:13:48 - [MESSAGE][PASSED] - Object: '' is clicked on

2019-02-13 12:13:49 - [MESSAGE][PASSED] - Delayed 1 second(s)

2019-02-13 12:13:50 - [MESSAGE][PASSED] - Delayed 1 second(s)

2019-02-13 12:13:51 - [MESSAGE][PASSED] - Delayed 1 second(s)

2019-02-13 12:13:52 - [MESSAGE][PASSED] - Delayed 1 second(s)

2019-02-13 12:13:52 - [MESSAGE][PASSED] - pk_Functions.CS_ClickingonUpdateorDeletebutton_Fulltabl.SelectRecordFromWebtableFun is PASSED

2019-02-13 12:13:52 - [TEST_STEP][PASSED] - delay(2): Delayed 2 second(s)

2019-02-13 12:13:54 - [MESSAGE][PASSED] - Delayed 2 second(s)

2019-02-13 12:13:54 - [TEST_STEP][PASSED] - pk_Functions.CS_SpecificPageData.DataFun(["Arabic Description", "English Description"], "Event Group Management/MOF_NE_Event Group ManagementObjectRepository", "Sheet1", [ArabicDescription, EnglishDescription]): pk_Functions.CS_SpecificPageData.DataFun is PASSED

2019-02-13 12:13:55 - [MESSAGE][PASSED] - Text 'English Description_2' is set on object ''

2019-02-13 12:13:55 - [MESSAGE][PASSED] - Text 'English Description_2' is set on object ''

2019-02-13 12:13:55 - [MESSAGE][PASSED] - pk_Functions.CS_SpecificPageData.DataFun is PASSED

2019-02-13 12:13:55 - [TEST_STEP][PASSED] - delay(2): Delayed 2 second(s)

2019-02-13 12:13:57 - [MESSAGE][PASSED] - Delayed 2 second(s)

2019-02-13 12:13:57 - [TEST_STEP][PASSED] - click(findTestObject("BTN_Save")): Object: 'Object Repository/BTN_Save' is clicked on

2019-02-13 12:13:57 - [MESSAGE][PASSED] - Object: 'Object Repository/BTN_Save' is clicked on

2019-02-13 12:13:57 - [TEST_STEP][PASSED] - delay(2): Delayed 2 second(s)

2019-02-13 12:13:59 - [MESSAGE][PASSED] - Delayed 2 second(s)

2019-02-13 12:13:59 - [TEST_STEP][PASSED] - click(findTestObject("Event Group Managemnt/BTN_Back (1)")): Object: 'Object Repository/Event Group Managemnt/BTN_Back (1)' is clicked on

2019-02-13 12:13:59 - [MESSAGE][PASSED] - Object: 'Object Repository/Event Group Managemnt/BTN_Back (1)' is clicked on

2019-02-13 12:13:59 - [TEST_STEP][PASSED] - delay(1): Delayed 1 second(s)

2019-02-13 12:14:00 - [MESSAGE][PASSED] - Delayed 1 second(s)]]></system-out>
         <system-err><![CDATA[]]></system-err>
      </testcase>
      <testcase name="Test Cases/Event Group Management/TC_Update and Delete test" classname="Test Cases/Event Group Management/TC_Update and Delete test" status="PASSED">
         <system-out><![CDATA[2019-02-13 12:14:00 - [TEST_CASE][PASSED] - Test Cases/Event Group Management/TC_Update and Delete test: Test Cases/Event Group Management/TC_Update and Delete test

2019-02-13 12:14:00 - [TEST_STEP][PASSED] - if (ActionType == "UpdateYes"): null]]></system-out>
         <system-err><![CDATA[]]></system-err>
      </testcase>
      <testcase name="Test Cases/Event Group Management/TC_Update and Delete test" classname="Test Cases/Event Group Management/TC_Update and Delete test" status="PASSED">
         <system-out><![CDATA[2019-02-13 12:14:00 - [TEST_CASE][PASSED] - Test Cases/Event Group Management/TC_Update and Delete test: Test Cases/Event Group Management/TC_Update and Delete test

2019-02-13 12:14:00 - [TEST_STEP][PASSED] - if (ActionType == "UpdateYes"): null]]></system-out>
         <system-err><![CDATA[]]></system-err>
      </testcase>
      <testcase name="Test Cases/Event Group Management/TC_Update and Delete test" classname="Test Cases/Event Group Management/TC_Update and Delete test" status="PASSED">
         <system-out><![CDATA[2019-02-13 12:14:00 - [TEST_CASE][PASSED] - Test Cases/Event Group Management/TC_Update and Delete test: Test Cases/Event Group Management/TC_Update and Delete test

2019-02-13 12:14:00 - [TEST_STEP][PASSED] - if (ActionType == "UpdateYes"): Delayed 1 second(s)

2019-02-13 12:14:00 - [TEST_STEP][PASSED] - delay(1): Delayed 1 second(s)

2019-02-13 12:14:01 - [MESSAGE][PASSED] - Delayed 1 second(s)

2019-02-13 12:14:01 - [TEST_STEP][PASSED] - pk_Functions.CS_ClickingonUpdateorDeletebutton_Fulltabl.SelectRecordFromWebtableFun("UpdateYes", 0, 3, "Event Group Management/MOF_NE_Event Group ManagementObjectRepository", "Sheet1", Code): pk_Functions.CS_ClickingonUpdateorDeletebutton_Fulltabl.SelectRecordFromWebtableFun is PASSED

2019-02-13 12:14:02 - [MESSAGE][PASSED] - Object: '' is clicked on

2019-02-13 12:14:04 - [MESSAGE][PASSED] - Delayed 2 second(s)

2019-02-13 12:14:06 - [MESSAGE][PASSED] - Delayed 2 second(s)

2019-02-13 12:14:06 - [MESSAGE][PASSED] - Attribute 'tabindex' of object '' is: '0'

2019-02-13 12:14:06 - [MESSAGE][PASSED] - Attribute 'tabindex' of object '' is: '0'

2019-02-13 12:14:08 - [MESSAGE][PASSED] - Delayed 2 second(s)

2019-02-13 12:14:09 - [MESSAGE][PASSED] - Delayed 1 second(s)

2019-02-13 12:14:10 - [MESSAGE][PASSED] - Delayed 1 second(s)

2019-02-13 12:14:11 - [MESSAGE][PASSED] - Delayed 1 second(s)

2019-02-13 12:14:11 - [MESSAGE][PASSED] - Attribute 'tabindex' of object '' is: '0'

2019-02-13 12:14:13 - [MESSAGE][PASSED] - Delayed 2 second(s)

2019-02-13 12:14:13 - [MESSAGE][PASSED] - Object: '' is clicked on

2019-02-13 12:14:14 - [MESSAGE][PASSED] - Delayed 1 second(s)

2019-02-13 12:14:15 - [MESSAGE][PASSED] - Delayed 1 second(s)

2019-02-13 12:14:16 - [MESSAGE][PASSED] - Delayed 1 second(s)

2019-02-13 12:14:16 - [MESSAGE][PASSED] - Attribute 'tabindex' of object '' is: '0'

2019-02-13 12:14:18 - [MESSAGE][PASSED] - Delayed 2 second(s)

2019-02-13 12:14:19 - [MESSAGE][PASSED] - Object: '' is clicked on

2019-02-13 12:14:20 - [MESSAGE][PASSED] - Delayed 1 second(s)

2019-02-13 12:14:21 - [MESSAGE][PASSED] - Delayed 1 second(s)

2019-02-13 12:14:22 - [MESSAGE][PASSED] - Delayed 1 second(s)

2019-02-13 12:14:22 - [MESSAGE][PASSED] - Attribute 'tabindex' of object '' is: '0'

2019-02-13 12:14:24 - [MESSAGE][PASSED] - Delayed 2 second(s)

2019-02-13 12:14:24 - [MESSAGE][PASSED] - Object: '' is clicked on

2019-02-13 12:14:25 - [MESSAGE][PASSED] - Delayed 1 second(s)

2019-02-13 12:14:26 - [MESSAGE][PASSED] - Delayed 1 second(s)

2019-02-13 12:14:27 - [MESSAGE][PASSED] - Delayed 1 second(s)

2019-02-13 12:14:28 - [MESSAGE][PASSED] - Delayed 1 second(s)

2019-02-13 12:14:28 - [MESSAGE][PASSED] - pk_Functions.CS_ClickingonUpdateorDeletebutton_Fulltabl.SelectRecordFromWebtableFun is PASSED

2019-02-13 12:14:28 - [TEST_STEP][PASSED] - delay(2): Delayed 2 second(s)

2019-02-13 12:14:30 - [MESSAGE][PASSED] - Delayed 2 second(s)

2019-02-13 12:14:30 - [TEST_STEP][PASSED] - pk_Functions.CS_SpecificPageData.DataFun(["Arabic Description", "English Description"], "Event Group Management/MOF_NE_Event Group ManagementObjectRepository", "Sheet1", [ArabicDescription, EnglishDescription]): pk_Functions.CS_SpecificPageData.DataFun is PASSED

2019-02-13 12:14:31 - [MESSAGE][PASSED] - Text 'English Description_4' is set on object ''

2019-02-13 12:14:31 - [MESSAGE][PASSED] - Text 'English Description_4' is set on object ''

2019-02-13 12:14:31 - [MESSAGE][PASSED] - pk_Functions.CS_SpecificPageData.DataFun is PASSED

2019-02-13 12:14:31 - [TEST_STEP][PASSED] - delay(2): Delayed 2 second(s)

2019-02-13 12:14:33 - [MESSAGE][PASSED] - Delayed 2 second(s)

2019-02-13 12:14:33 - [TEST_STEP][PASSED] - click(findTestObject("BTN_Save")): Object: 'Object Repository/BTN_Save' is clicked on

2019-02-13 12:14:33 - [MESSAGE][PASSED] - Object: 'Object Repository/BTN_Save' is clicked on

2019-02-13 12:14:33 - [TEST_STEP][PASSED] - delay(2): Delayed 2 second(s)

2019-02-13 12:14:35 - [MESSAGE][PASSED] - Delayed 2 second(s)

2019-02-13 12:14:35 - [TEST_STEP][PASSED] - click(findTestObject("Event Group Managemnt/BTN_Back (1)")): Object: 'Object Repository/Event Group Managemnt/BTN_Back (1)' is clicked on

2019-02-13 12:14:35 - [MESSAGE][PASSED] - Object: 'Object Repository/Event Group Managemnt/BTN_Back (1)' is clicked on

2019-02-13 12:14:35 - [TEST_STEP][PASSED] - delay(1): Delayed 1 second(s)

2019-02-13 12:14:36 - [MESSAGE][PASSED] - Delayed 1 second(s)]]></system-out>
         <system-err><![CDATA[]]></system-err>
      </testcase>
      <system-out><![CDATA[2019-02-13 12:12:42 - [TEST_SUITE][PASSED] - TS_ClickUpdate_Delete: Test Cases/Event Group Management/TC_Update and Delete test]]></system-out>
      <system-err><![CDATA[]]></system-err>
   </testsuite>
</testsuites>
