<?xml version="1.0" encoding="UTF-8"?>
<testsuites name="TS_EGMFullScenario" time="101" tests="8" failures="0" errors="0">
   <testsuite name="TS_EGMFullScenario" tests="8" failures="0" errors="0" time="101" timestamp="2019-02-17 16:20:26" hostname="aeibrahim - LPALXY0477.ejadaalex.local" id="Test Suites/Event Group Management/TS_EGMFullScenario">
      <properties>
         <property name="deviceName" value=""/>
         <property name="devicePlatform" value=""/>
         <property name="logFolder" value="C:\\Users\\aeibrahim\\git\\MOF\\Reports\\Event Group Management\\TS_EGMFullScenario\\20190217_162023"/>
         <property name="logFiles" value="C:\\Users\\aeibrahim\\git\\MOF\\Reports\\Event Group Management\\TS_EGMFullScenario\\20190217_162023\\execution0.log"/>
         <property name="attachments" value=""/>
         <property name="hostName" value="aeibrahim - LPALXY0477.ejadaalex.local"/>
         <property name="os" value="Windows 10 64bit"/>
         <property name="katalonVersion" value="5.10.1.1"/>
         <property name="browser" value="Chrome 72.0.3626.109"/>
         <property name="hostAddress" value="192.168.3.64"/>
         <property name="sessionId" value="a7d8f8ad52c670b092406534c3bfc654"/>
         <property name="seleniumVersion" value="3.7.1"/>
         <property name="proxyInformation" value="ProxyInformation{proxyOption=NO_PROXY, proxyServerType=HTTP, password=, proxyServerAddress=, proxyServerPort=0}"/>
         <property name="platform" value="Windows 10"/>
      </properties>
      <testcase name="Test Cases/TC_Login" classname="Test Cases/TC_Login" status="PASSED">
         <system-out><![CDATA[2019-02-17 16:20:26 - [TEST_CASE][PASSED] - Test Cases/TC_Login: Test Cases/TC_Login

2019-02-17 16:20:27 - [TEST_STEP][PASSED] - pk_Functions.CS_Login.LoginFun(findTestObject(null), "http://192.168.0.190:8080/mof/#/", findTestObject("Login/Username"), findTestObject("Login/Password"), "AAttia", "123", findTestObject("Login/Login")): pk_Functions.CS_Login.LoginFun is PASSED

2019-02-17 16:20:27 - [MESSAGE][WARNING] - Test object id is null

2019-02-17 16:20:27 - [MESSAGE][INFO] - Starting 'Chrome' driver

2019-02-17 16:20:27 - [MESSAGE][INFO] - Action delay is set to 0 seconds

2019-02-17 16:20:39 - [MESSAGE][PASSED] - Browser is opened with url: 'http://192.168.0.190:8080/mof/#/'

2019-02-17 16:20:39 - [MESSAGE][PASSED] - Text 'AAttia' is set on object 'Object Repository/Login/Username'

2019-02-17 16:20:40 - [MESSAGE][PASSED] - Text '123' is set on object 'Object Repository/Login/Password'

2019-02-17 16:20:40 - [MESSAGE][PASSED] - Object: 'Object Repository/Login/Login' is clicked on

2019-02-17 16:20:40 - [MESSAGE][PASSED] - pk_Functions.CS_Login.LoginFun is PASSED]]></system-out>
         <system-err><![CDATA[]]></system-err>
      </testcase>
      <testcase name="Test Cases/Event Group Management/TC_Select_Screen" classname="Test Cases/Event Group Management/TC_Select_Screen" status="PASSED">
         <system-out><![CDATA[2019-02-17 16:20:40 - [TEST_CASE][PASSED] - Test Cases/Event Group Management/TC_Select_Screen: Test Cases/Event Group Management/TC_Select_Screen

2019-02-17 16:20:40 - [TEST_STEP][PASSED] - click(findTestObject("NE_SideMenu")): Object: 'Object Repository/NE_SideMenu' is clicked on

2019-02-17 16:20:42 - [MESSAGE][PASSED] - Object: 'Object Repository/NE_SideMenu' is clicked on

2019-02-17 16:20:42 - [TEST_STEP][PASSED] - click(findTestObject("NE_EventGroupManagement")): Object: 'Object Repository/NE_EventGroupManagement' is clicked on

2019-02-17 16:20:42 - [MESSAGE][PASSED] - Object: 'Object Repository/NE_EventGroupManagement' is clicked on

2019-02-17 16:20:42 - [TEST_STEP][PASSED] - click(findTestObject("Event Group Managemnt/BTN_Search")): Object: 'Object Repository/Event Group Managemnt/BTN_Search' is clicked on

2019-02-17 16:20:43 - [MESSAGE][PASSED] - Object: 'Object Repository/Event Group Managemnt/BTN_Search' is clicked on

2019-02-17 16:20:43 - [TEST_STEP][PASSED] - delay(2): Delayed 2 second(s)

2019-02-17 16:20:45 - [MESSAGE][PASSED] - Delayed 2 second(s)]]></system-out>
         <system-err><![CDATA[]]></system-err>
      </testcase>
      <testcase name="Test Cases/Event Group Management/TC_Click on Search Button" classname="Test Cases/Event Group Management/TC_Click on Search Button" status="PASSED">
         <system-out><![CDATA[2019-02-17 16:20:45 - [TEST_CASE][PASSED] - Test Cases/Event Group Management/TC_Click on Search Button: Test Cases/Event Group Management/TC_Click on Search Button

2019-02-17 16:20:45 - [TEST_STEP][PASSED] - click(findTestObject("Event Group Managemnt/BTN_Clear")): Object: 'Object Repository/Event Group Managemnt/BTN_Clear' is clicked on

2019-02-17 16:20:45 - [MESSAGE][PASSED] - Object: 'Object Repository/Event Group Managemnt/BTN_Clear' is clicked on

2019-02-17 16:20:45 - [TEST_STEP][PASSED] - delay(2): Delayed 2 second(s)

2019-02-17 16:20:47 - [MESSAGE][PASSED] - Delayed 2 second(s)

2019-02-17 16:20:47 - [TEST_STEP][PASSED] - click(findTestObject("Event Group Managemnt/BTN_Search")): Object: 'Object Repository/Event Group Managemnt/BTN_Search' is clicked on

2019-02-17 16:20:47 - [MESSAGE][PASSED] - Object: 'Object Repository/Event Group Managemnt/BTN_Search' is clicked on

2019-02-17 16:20:47 - [TEST_STEP][PASSED] - delay(1): Delayed 1 second(s)

2019-02-17 16:20:48 - [MESSAGE][PASSED] - Delayed 1 second(s)]]></system-out>
         <system-err><![CDATA[]]></system-err>
      </testcase>
      <testcase name="Test Cases/Event Group Management/TC_Verify_Delete and Undelete" classname="Test Cases/Event Group Management/TC_Verify_Delete and Undelete" status="PASSED">
         <system-out><![CDATA[2019-02-17 16:20:48 - [TEST_CASE][PASSED] - Test Cases/Event Group Management/TC_Verify_Delete and Undelete: Test Cases/Event Group Management/TC_Verify_Delete and Undelete

2019-02-17 16:20:48 - [TEST_STEP][PASSED] - pk_Functions.CS_WebtableVerification.ValidateSearchParameters(check_Delete, "Event Group Management/MOF_NE_Event Group ManagementObjectRepository", "Sheet1", [code], 0): pk_Functions.CS_WebtableVerification.ValidateSearchParameters is PASSED

2019-02-17 16:20:52 - [MESSAGE][PASSED] - Delayed 3 second(s)

2019-02-17 16:20:54 - [MESSAGE][PASSED] - Delayed 2 second(s)

2019-02-17 16:20:54 - [MESSAGE][PASSED] - Object: '' is clicked on

2019-02-17 16:20:56 - [MESSAGE][PASSED] - Delayed 2 second(s)

2019-02-17 16:20:57 - [MESSAGE][PASSED] - Attribute 'tabindex' of object '' is: '0'

2019-02-17 16:20:57 - [MESSAGE][PASSED] - Object: '' is clicked on

2019-02-17 16:21:00 - [MESSAGE][PASSED] - Delayed 3 second(s)

2019-02-17 16:21:00 - [MESSAGE][PASSED] - pk_Functions.CS_WebtableVerification.ValidateSearchParameters is PASSED

2019-02-17 16:21:00 - [TEST_STEP][PASSED] - delay(2): Delayed 2 second(s)

2019-02-17 16:21:02 - [MESSAGE][PASSED] - Delayed 2 second(s)]]></system-out>
         <system-err><![CDATA[]]></system-err>
      </testcase>
      <testcase name="Test Cases/Event Group Management/TC_Verify_Delete and Undelete" classname="Test Cases/Event Group Management/TC_Verify_Delete and Undelete" status="PASSED">
         <system-out><![CDATA[2019-02-17 16:21:02 - [TEST_CASE][PASSED] - Test Cases/Event Group Management/TC_Verify_Delete and Undelete: Test Cases/Event Group Management/TC_Verify_Delete and Undelete

2019-02-17 16:21:02 - [TEST_STEP][PASSED] - pk_Functions.CS_WebtableVerification.ValidateSearchParameters(check_Delete, "Event Group Management/MOF_NE_Event Group ManagementObjectRepository", "Sheet1", [code], 0): pk_Functions.CS_WebtableVerification.ValidateSearchParameters is PASSED

2019-02-17 16:21:06 - [MESSAGE][PASSED] - Delayed 3 second(s)

2019-02-17 16:21:08 - [MESSAGE][PASSED] - Delayed 2 second(s)

2019-02-17 16:21:08 - [MESSAGE][PASSED] - Object: '' is clicked on

2019-02-17 16:21:10 - [MESSAGE][PASSED] - Delayed 2 second(s)

2019-02-17 16:21:10 - [MESSAGE][PASSED] - Attribute 'tabindex' of object '' is: '0'

2019-02-17 16:21:10 - [MESSAGE][PASSED] - Object: '' is clicked on

2019-02-17 16:21:13 - [MESSAGE][PASSED] - Delayed 3 second(s)

2019-02-17 16:21:14 - [MESSAGE][PASSED] - Attribute 'tabindex' of object '' is: '0'

2019-02-17 16:21:14 - [MESSAGE][PASSED] - Object: '' is clicked on

2019-02-17 16:21:17 - [MESSAGE][PASSED] - Delayed 3 second(s)

2019-02-17 16:21:18 - [MESSAGE][PASSED] - Attribute 'tabindex' of object '' is: '-1'

2019-02-17 16:21:18 - [MESSAGE][PASSED] - pk_Functions.CS_WebtableVerification.ValidateSearchParameters is PASSED

2019-02-17 16:21:18 - [TEST_STEP][PASSED] - delay(2): Delayed 2 second(s)

2019-02-17 16:21:20 - [MESSAGE][PASSED] - Delayed 2 second(s)]]></system-out>
         <system-err><![CDATA[]]></system-err>
      </testcase>
      <testcase name="Test Cases/Event Group Management/TC_Verify_Delete and Undelete" classname="Test Cases/Event Group Management/TC_Verify_Delete and Undelete" status="PASSED">
         <system-out><![CDATA[2019-02-17 16:21:20 - [TEST_CASE][PASSED] - Test Cases/Event Group Management/TC_Verify_Delete and Undelete: Test Cases/Event Group Management/TC_Verify_Delete and Undelete

2019-02-17 16:21:20 - [TEST_STEP][PASSED] - pk_Functions.CS_WebtableVerification.ValidateSearchParameters(check_Delete, "Event Group Management/MOF_NE_Event Group ManagementObjectRepository", "Sheet1", [code], 0): pk_Functions.CS_WebtableVerification.ValidateSearchParameters is PASSED

2019-02-17 16:21:23 - [MESSAGE][PASSED] - Delayed 3 second(s)

2019-02-17 16:21:25 - [MESSAGE][PASSED] - Delayed 2 second(s)

2019-02-17 16:21:25 - [MESSAGE][PASSED] - Object: '' is clicked on

2019-02-17 16:21:27 - [MESSAGE][PASSED] - Delayed 2 second(s)

2019-02-17 16:21:28 - [MESSAGE][PASSED] - Attribute 'tabindex' of object '' is: '0'

2019-02-17 16:21:28 - [MESSAGE][PASSED] - Object: '' is clicked on

2019-02-17 16:21:31 - [MESSAGE][PASSED] - Delayed 3 second(s)

2019-02-17 16:21:31 - [MESSAGE][PASSED] - Attribute 'tabindex' of object '' is: '0'

2019-02-17 16:21:31 - [MESSAGE][PASSED] - Object: '' is clicked on

2019-02-17 16:21:34 - [MESSAGE][PASSED] - Delayed 3 second(s)

2019-02-17 16:21:35 - [MESSAGE][PASSED] - Attribute 'tabindex' of object '' is: '-1'

2019-02-17 16:21:35 - [MESSAGE][PASSED] - pk_Functions.CS_WebtableVerification.ValidateSearchParameters is PASSED

2019-02-17 16:21:35 - [TEST_STEP][PASSED] - delay(2): Delayed 2 second(s)

2019-02-17 16:21:37 - [MESSAGE][PASSED] - Delayed 2 second(s)]]></system-out>
         <system-err><![CDATA[]]></system-err>
      </testcase>
      <testcase name="Test Cases/Event Group Management/TC_Verify_Delete and Undelete" classname="Test Cases/Event Group Management/TC_Verify_Delete and Undelete" status="PASSED">
         <system-out><![CDATA[2019-02-17 16:21:37 - [TEST_CASE][PASSED] - Test Cases/Event Group Management/TC_Verify_Delete and Undelete: Test Cases/Event Group Management/TC_Verify_Delete and Undelete

2019-02-17 16:21:37 - [TEST_STEP][PASSED] - pk_Functions.CS_WebtableVerification.ValidateSearchParameters(check_Delete, "Event Group Management/MOF_NE_Event Group ManagementObjectRepository", "Sheet1", [code], 0): pk_Functions.CS_WebtableVerification.ValidateSearchParameters is PASSED

2019-02-17 16:21:40 - [MESSAGE][PASSED] - Delayed 3 second(s)

2019-02-17 16:21:42 - [MESSAGE][PASSED] - Delayed 2 second(s)

2019-02-17 16:21:42 - [MESSAGE][PASSED] - Object: '' is clicked on

2019-02-17 16:21:44 - [MESSAGE][PASSED] - Delayed 2 second(s)

2019-02-17 16:21:44 - [MESSAGE][PASSED] - Attribute 'tabindex' of object '' is: '0'

2019-02-17 16:21:45 - [MESSAGE][PASSED] - Object: '' is clicked on

2019-02-17 16:21:48 - [MESSAGE][PASSED] - Delayed 3 second(s)

2019-02-17 16:21:48 - [MESSAGE][PASSED] - pk_Functions.CS_WebtableVerification.ValidateSearchParameters is PASSED

2019-02-17 16:21:48 - [TEST_STEP][PASSED] - delay(2): Delayed 2 second(s)

2019-02-17 16:21:50 - [MESSAGE][PASSED] - Delayed 2 second(s)]]></system-out>
         <system-err><![CDATA[]]></system-err>
      </testcase>
      <testcase name="Test Cases/Event Group Management/TC_Verify_Delete and Undelete" classname="Test Cases/Event Group Management/TC_Verify_Delete and Undelete" status="PASSED">
         <system-out><![CDATA[2019-02-17 16:21:50 - [TEST_CASE][PASSED] - Test Cases/Event Group Management/TC_Verify_Delete and Undelete: Test Cases/Event Group Management/TC_Verify_Delete and Undelete

2019-02-17 16:21:50 - [TEST_STEP][PASSED] - pk_Functions.CS_WebtableVerification.ValidateSearchParameters(check_Delete, "Event Group Management/MOF_NE_Event Group ManagementObjectRepository", "Sheet1", [code], 0): pk_Functions.CS_WebtableVerification.ValidateSearchParameters is PASSED

2019-02-17 16:21:53 - [MESSAGE][PASSED] - Delayed 3 second(s)

2019-02-17 16:21:55 - [MESSAGE][PASSED] - Delayed 2 second(s)

2019-02-17 16:21:55 - [MESSAGE][PASSED] - Object: '' is clicked on

2019-02-17 16:21:57 - [MESSAGE][PASSED] - Delayed 2 second(s)

2019-02-17 16:21:58 - [MESSAGE][PASSED] - Attribute 'tabindex' of object '' is: '0'

2019-02-17 16:21:58 - [MESSAGE][PASSED] - Object: '' is clicked on

2019-02-17 16:22:01 - [MESSAGE][PASSED] - Delayed 3 second(s)

2019-02-17 16:22:01 - [MESSAGE][PASSED] - Attribute 'tabindex' of object '' is: '0'

2019-02-17 16:22:01 - [MESSAGE][PASSED] - Object: '' is clicked on

2019-02-17 16:22:04 - [MESSAGE][PASSED] - Delayed 3 second(s)

2019-02-17 16:22:05 - [MESSAGE][PASSED] - Attribute 'tabindex' of object '' is: '-1'

2019-02-17 16:22:05 - [MESSAGE][PASSED] - pk_Functions.CS_WebtableVerification.ValidateSearchParameters is PASSED

2019-02-17 16:22:05 - [TEST_STEP][PASSED] - delay(2): Delayed 2 second(s)

2019-02-17 16:22:07 - [MESSAGE][PASSED] - Delayed 2 second(s)]]></system-out>
         <system-err><![CDATA[]]></system-err>
      </testcase>
      <system-out><![CDATA[2019-02-17 16:20:26 - [TEST_SUITE][PASSED] - TS_EGMFullScenario: Test Cases/Event Group Management/TC_Verify_Delete and Undelete]]></system-out>
      <system-err><![CDATA[]]></system-err>
   </testsuite>
</testsuites>
