<?xml version="1.0" encoding="UTF-8"?>
<testsuites name="TS_Event Group Management" time="58" tests="1" failures="0" errors="0">
   <testsuite name="TS_Event Group Management" tests="1" failures="0" errors="0" time="58" timestamp="2019-01-22 10:49:44" hostname="Ebtehal Gamal Yusuf - LPALXY0199.ejadaalex.local" id="Test Suites/Event Group Management/TS_Event Group Management">
      <properties>
         <property name="deviceName" value=""/>
         <property name="devicePlatform" value=""/>
         <property name="logFolder" value="C:\\Users\\Administrator\\git\\MOF\\Reports\\Event Group Management\\TS_Event Group Management\\20190122_104941"/>
         <property name="logFiles" value="C:\\Users\\Administrator\\git\\MOF\\Reports\\Event Group Management\\TS_Event Group Management\\20190122_104941\\execution0.log"/>
         <property name="attachments" value=""/>
         <property name="hostName" value="Ebtehal Gamal Yusuf - LPALXY0199.ejadaalex.local"/>
         <property name="os" value="Windows 7 64bit"/>
         <property name="katalonVersion" value="5.10.1.1"/>
         <property name="browser" value="Chrome 71.0.3578.98"/>
         <property name="hostAddress" value="192.168.3.51"/>
         <property name="sessionId" value="d5520e4851518fb52460a94fb1f4b3c4"/>
         <property name="seleniumVersion" value="3.7.1"/>
         <property name="proxyInformation" value="ProxyInformation{proxyOption=NO_PROXY, proxyServerType=HTTP, password=, proxyServerAddress=, proxyServerPort=0}"/>
         <property name="platform" value="Windows 7"/>
      </properties>
      <testcase name="Test Cases/Event Group Management/TC_Update" classname="Test Cases/Event Group Management/TC_Update" status="PASSED">
         <system-out><![CDATA[2019-01-22 10:49:44 - [TEST_CASE][PASSED] - Test Cases/Event Group Management/TC_Update: Test Cases/Event Group Management/TC_Update

2019-01-22 10:49:45 - [TEST_STEP][PASSED] - pk_Functions.CS_Login.LoginFun(findTestObject(null), "http://192.168.0.190:8080/mof/#/", findTestObject("Login/Username"), findTestObject("Login/Password"), "AAttia", "123", findTestObject("Login/Login")): pk_Functions.CS_Login.LoginFun is PASSED

2019-01-22 10:49:45 - [MESSAGE][WARNING] - Test object id is null

2019-01-22 10:49:46 - [MESSAGE][INFO] - Starting 'Chrome' driver

2019-01-22 10:49:46 - [MESSAGE][INFO] - Action delay is set to 0 seconds

2019-01-22 10:49:59 - [MESSAGE][PASSED] - Browser is opened with url: 'http://192.168.0.190:8080/mof/#/'

2019-01-22 10:49:59 - [MESSAGE][PASSED] - Text 'AAttia' is set on object 'Object Repository/Login/Username'

2019-01-22 10:49:59 - [MESSAGE][PASSED] - Text '123' is set on object 'Object Repository/Login/Password'

2019-01-22 10:49:59 - [MESSAGE][PASSED] - Object: 'Object Repository/Login/Login' is clicked on

2019-01-22 10:49:59 - [MESSAGE][PASSED] - pk_Functions.CS_Login.LoginFun is PASSED

2019-01-22 10:49:59 - [TEST_STEP][PASSED] - click(findTestObject("NE_SideMenu")): Object: 'Object Repository/NE_SideMenu' is clicked on

2019-01-22 10:50:02 - [MESSAGE][PASSED] - Object: 'Object Repository/NE_SideMenu' is clicked on

2019-01-22 10:50:02 - [TEST_STEP][PASSED] - click(findTestObject("NE_EventGroupManagement")): Object: 'Object Repository/NE_EventGroupManagement' is clicked on

2019-01-22 10:50:02 - [MESSAGE][PASSED] - Object: 'Object Repository/NE_EventGroupManagement' is clicked on

2019-01-22 10:50:02 - [TEST_STEP][PASSED] - click(findTestObject("Search")): Object: 'Object Repository/Search' is clicked on

2019-01-22 10:50:02 - [MESSAGE][PASSED] - Object: 'Object Repository/Search' is clicked on

2019-01-22 10:50:02 - [TEST_STEP][PASSED] - delay(5): Delayed 5 second(s)

2019-01-22 10:50:07 - [MESSAGE][PASSED] - Delayed 5 second(s)

2019-01-22 10:50:07 - [TEST_STEP][PASSED] - pk_Functions.CS_SelectRecordFromWebtable_IPO.SelectRecordFromWebtableFun("xpath", "//*[@id="app-form"]//app-body//app-event-categories-management-layout//app-event-categories-management-list/p-panel//p-datatable/div/div[2]", "1", 0, 3, 2): pk_Functions.CS_SelectRecordFromWebtable_IPO.SelectRecordFromWebtableFun is PASSED

2019-01-22 10:50:11 - [MESSAGE][PASSED] - Delayed 4 second(s)

2019-01-22 10:50:16 - [MESSAGE][PASSED] - Delayed 4 second(s)

2019-01-22 10:50:16 - [MESSAGE][PASSED] - pk_Functions.CS_SelectRecordFromWebtable_IPO.SelectRecordFromWebtableFun is PASSED

2019-01-22 10:50:16 - [TEST_STEP][PASSED] - delay(5): Delayed 5 second(s)

2019-01-22 10:50:21 - [MESSAGE][PASSED] - Delayed 5 second(s)

2019-01-22 10:50:21 - [TEST_STEP][PASSED] - pk_Functions.CS_AllPageData.AllPageDataFun("Event Group Management/EventManagementGPUpdate_ObjectRepository", "Sheet1", [ArabicDescription, EnglishDescription, Save, Back]): pk_Functions.CS_AllPageData.AllPageDataFun is PASSED

2019-01-22 10:50:24 - [MESSAGE][PASSED] - Delayed 2 second(s)

2019-01-22 10:50:24 - [MESSAGE][PASSED] - Text 'Venice Venice' is set on object ''

2019-01-22 10:50:26 - [MESSAGE][PASSED] - Delayed 2 second(s)

2019-01-22 10:50:26 - [MESSAGE][PASSED] - Text 'Rome Rome' is set on object ''

2019-01-22 10:50:28 - [MESSAGE][PASSED] - Delayed 2 second(s)

2019-01-22 10:50:28 - [MESSAGE][PASSED] - Object: '' is clicked on

2019-01-22 10:50:30 - [MESSAGE][PASSED] - Delayed 2 second(s)

2019-01-22 10:50:31 - [MESSAGE][PASSED] - Object: '' is clicked on

2019-01-22 10:50:31 - [MESSAGE][PASSED] - pk_Functions.CS_AllPageData.AllPageDataFun is PASSED

2019-01-22 10:50:31 - [TEST_STEP][PASSED] - delay(2): Delayed 2 second(s)

2019-01-22 10:50:33 - [MESSAGE][PASSED] - Delayed 2 second(s)

2019-01-22 10:50:33 - [TEST_STEP][PASSED] - pk_Functions.CS_SelectRecordFromWebtable_IPO.SelectRecordFromWebtableFun("xpath", "//*[@id="app-form"]//app-body//app-event-categories-management-layout//app-event-categories-management-list/p-panel//p-datatable/div/div[2]", "1", 0, 3, 1): pk_Functions.CS_SelectRecordFromWebtable_IPO.SelectRecordFromWebtableFun is PASSED

2019-01-22 10:50:37 - [MESSAGE][PASSED] - Delayed 4 second(s)

2019-01-22 10:50:41 - [MESSAGE][PASSED] - Delayed 4 second(s)

2019-01-22 10:50:41 - [MESSAGE][PASSED] - pk_Functions.CS_SelectRecordFromWebtable_IPO.SelectRecordFromWebtableFun is PASSED

2019-01-22 10:50:41 - [TEST_STEP][PASSED] - delay(1): Delayed 1 second(s)

2019-01-22 10:50:42 - [MESSAGE][PASSED] - Delayed 1 second(s)

2019-01-22 10:50:42 - [TEST_STEP][PASSED] - pk_Functions.CS_VerifyPageData.CheckMatching("Event Group Management/EventManagementGPUpdate_ObjectRepository", "Sheet3", "Event Group Management/EventManagemntGPUpdate_Data1"): pk_Functions.CS_VerifyPageData.CheckMatching is PASSED

2019-01-22 10:50:42 - [MESSAGE][PASSED] - Attribute 'value' of object '' is: 'Venice Venice'

2019-01-22 10:50:42 - [MESSAGE][PASSED] - Actual text 'Venice Venice' and expected text 'Venice Venice' are matched 

2019-01-22 10:50:42 - [MESSAGE][PASSED] - Attribute 'value' of object '' is: 'Rome Rome'

2019-01-22 10:50:42 - [MESSAGE][PASSED] - Actual text 'Rome Rome' and expected text 'Rome Rome' are matched 

2019-01-22 10:50:42 - [MESSAGE][PASSED] - pk_Functions.CS_VerifyPageData.CheckMatching is PASSED]]></system-out>
         <system-err><![CDATA[]]></system-err>
      </testcase>
      <system-out><![CDATA[2019-01-22 10:49:44 - [TEST_SUITE][PASSED] - TS_Event Group Management: Test Cases/Event Group Management/TC_Update]]></system-out>
      <system-err><![CDATA[]]></system-err>
   </testsuite>
</testsuites>
