<?xml version="1.0" encoding="UTF-8"?>
<testsuites name="TS_ClickUpdate_Delete" time="117" tests="17" failures="0" errors="0">
   <testsuite name="TS_ClickUpdate_Delete" tests="17" failures="0" errors="0" time="117" timestamp="2019-02-03 12:44:00" hostname="Ebtehal Gamal Yusuf - LPALXY0199.ejadaalex.local" id="Test Suites/Event Group Management/TS_ClickUpdate_Delete">
      <properties>
         <property name="deviceName" value=""/>
         <property name="devicePlatform" value=""/>
         <property name="logFolder" value="C:\\Users\\Administrator\\git\\MOF\\Reports\\Event Group Management\\TS_ClickUpdate_Delete\\20190203_124356"/>
         <property name="logFiles" value="C:\\Users\\Administrator\\git\\MOF\\Reports\\Event Group Management\\TS_ClickUpdate_Delete\\20190203_124356\\execution0.log"/>
         <property name="attachments" value=""/>
         <property name="hostName" value="Ebtehal Gamal Yusuf - LPALXY0199.ejadaalex.local"/>
         <property name="os" value="Windows 7 64bit"/>
         <property name="katalonVersion" value="5.10.1.1"/>
         <property name="browser" value="Chrome 71.0.3578.98"/>
         <property name="hostAddress" value="192.168.3.51"/>
         <property name="sessionId" value="d64355296c7929dd1c81305be1b7de82"/>
         <property name="seleniumVersion" value="3.7.1"/>
         <property name="proxyInformation" value="ProxyInformation{proxyOption=NO_PROXY, proxyServerType=HTTP, password=, proxyServerAddress=, proxyServerPort=0}"/>
         <property name="platform" value="Windows 7"/>
      </properties>
      <testcase name="Test Cases/TC_Login" classname="Test Cases/TC_Login" status="PASSED">
         <system-out><![CDATA[2019-02-03 12:44:00 - [TEST_CASE][PASSED] - Test Cases/TC_Login: Test Cases/TC_Login

2019-02-03 12:44:01 - [TEST_STEP][PASSED] - pk_Functions.CS_Login.LoginFun(findTestObject(null), "http://192.168.0.190:8080/mof/#/", findTestObject("Login/Username"), findTestObject("Login/Password"), "AAttia", "123", findTestObject("Login/Login")): pk_Functions.CS_Login.LoginFun is PASSED

2019-02-03 12:44:01 - [MESSAGE][WARNING] - Test object id is null

2019-02-03 12:44:02 - [MESSAGE][INFO] - Starting 'Chrome' driver

2019-02-03 12:44:02 - [MESSAGE][INFO] - Action delay is set to 0 seconds

2019-02-03 12:44:24 - [MESSAGE][PASSED] - Browser is opened with url: 'http://192.168.0.190:8080/mof/#/'

2019-02-03 12:44:24 - [MESSAGE][PASSED] - Text 'AAttia' is set on object 'Object Repository/Login/Username'

2019-02-03 12:44:24 - [MESSAGE][PASSED] - Text '123' is set on object 'Object Repository/Login/Password'

2019-02-03 12:44:25 - [MESSAGE][PASSED] - Object: 'Object Repository/Login/Login' is clicked on

2019-02-03 12:44:25 - [MESSAGE][PASSED] - pk_Functions.CS_Login.LoginFun is PASSED

2019-02-03 12:44:25 - [TEST_STEP][PASSED] - click(findTestObject("NE_SideMenu")): Object: 'Object Repository/NE_SideMenu' is clicked on

2019-02-03 12:44:26 - [MESSAGE][PASSED] - Object: 'Object Repository/NE_SideMenu' is clicked on

2019-02-03 12:44:26 - [TEST_STEP][PASSED] - click(findTestObject("NE_EventGroupManagement")): Object: 'Object Repository/NE_EventGroupManagement' is clicked on

2019-02-03 12:44:27 - [MESSAGE][PASSED] - Object: 'Object Repository/NE_EventGroupManagement' is clicked on

2019-02-03 12:44:27 - [TEST_STEP][PASSED] - click(findTestObject("Event Group Managemnt/BTN_Search")): Object: 'Object Repository/Event Group Managemnt/BTN_Search' is clicked on

2019-02-03 12:44:27 - [MESSAGE][PASSED] - Object: 'Object Repository/Event Group Managemnt/BTN_Search' is clicked on]]></system-out>
         <system-err><![CDATA[]]></system-err>
      </testcase>
      <testcase name="Test Cases/Event Group Management/TC_Update and Delete test" classname="Test Cases/Event Group Management/TC_Update and Delete test" status="PASSED">
         <system-out><![CDATA[2019-02-03 12:44:27 - [TEST_CASE][PASSED] - Test Cases/Event Group Management/TC_Update and Delete test: Test Cases/Event Group Management/TC_Update and Delete test

2019-02-03 12:44:28 - [TEST_STEP][PASSED] - delay(1): Delayed 1 second(s)

2019-02-03 12:44:29 - [MESSAGE][PASSED] - Delayed 1 second(s)

2019-02-03 12:44:29 - [TEST_STEP][PASSED] - pk_Functions.CS_ClickingonUpdateorDeletebutton.SelectRecordFromWebtableFun(ActionType, 0, 3, "Event Group Management/MOF_NE_Event Group ManagementObjectRepository", "Sheet1", "Event Group Management/MOF_NE_Event Group ManagementData", "Sheet1", Code): pk_Functions.CS_ClickingonUpdateorDeletebutton.SelectRecordFromWebtableFun is PASSED

2019-02-03 12:44:35 - [MESSAGE][PASSED] - Delayed 4 second(s)

2019-02-03 12:44:39 - [MESSAGE][PASSED] - Delayed 4 second(s)

2019-02-03 12:44:39 - [MESSAGE][PASSED] - pk_Functions.CS_ClickingonUpdateorDeletebutton.SelectRecordFromWebtableFun is PASSED

2019-02-03 12:44:39 - [TEST_STEP][PASSED] - if (ActionType == "Update"): Delayed 1 second(s)

2019-02-03 12:44:39 - [TEST_STEP][PASSED] - pk_Functions.CS_SpecificPageData.DataFun(["Arabic Description", "English Description"], "Event Group Management/MOF_NE_Event Group ManagementObjectRepository", "Sheet1", [ArabicDescription, EnglishDescription]): pk_Functions.CS_SpecificPageData.DataFun is PASSED

2019-02-03 12:44:40 - [MESSAGE][PASSED] - Text 'Rome Rome Italy' is set on object ''

2019-02-03 12:44:40 - [MESSAGE][PASSED] - Text 'Venice Venice' is set on object ''

2019-02-03 12:44:40 - [MESSAGE][PASSED] - pk_Functions.CS_SpecificPageData.DataFun is PASSED

2019-02-03 12:44:40 - [TEST_STEP][PASSED] - delay(1): Delayed 1 second(s)

2019-02-03 12:44:41 - [MESSAGE][PASSED] - Delayed 1 second(s)

2019-02-03 12:44:41 - [TEST_STEP][PASSED] - click(findTestObject("Event Group Managemnt/BTN_Save")): Object: 'Object Repository/Event Group Managemnt/BTN_Save' is clicked on

2019-02-03 12:44:41 - [MESSAGE][PASSED] - Object: 'Object Repository/Event Group Managemnt/BTN_Save' is clicked on

2019-02-03 12:44:41 - [TEST_STEP][PASSED] - delay(2): Delayed 2 second(s)

2019-02-03 12:44:43 - [MESSAGE][PASSED] - Delayed 2 second(s)

2019-02-03 12:44:43 - [TEST_STEP][PASSED] - click(findTestObject("Event Group Managemnt/BTN_Back")): Object: 'Object Repository/Event Group Managemnt/BTN_Back' is clicked on

2019-02-03 12:44:43 - [MESSAGE][PASSED] - Object: 'Object Repository/Event Group Managemnt/BTN_Back' is clicked on

2019-02-03 12:44:43 - [TEST_STEP][PASSED] - delay(1): Delayed 1 second(s)

2019-02-03 12:44:44 - [MESSAGE][PASSED] - Delayed 1 second(s)]]></system-out>
         <system-err><![CDATA[]]></system-err>
      </testcase>
      <testcase name="Test Cases/Event Group Management/TC_Update and Delete test" classname="Test Cases/Event Group Management/TC_Update and Delete test" status="PASSED">
         <system-out><![CDATA[2019-02-03 12:44:44 - [TEST_CASE][PASSED] - Test Cases/Event Group Management/TC_Update and Delete test: Test Cases/Event Group Management/TC_Update and Delete test

2019-02-03 12:44:44 - [TEST_STEP][PASSED] - delay(1): Delayed 1 second(s)

2019-02-03 12:44:45 - [MESSAGE][PASSED] - Delayed 1 second(s)

2019-02-03 12:44:45 - [TEST_STEP][PASSED] - pk_Functions.CS_ClickingonUpdateorDeletebutton.SelectRecordFromWebtableFun(ActionType, 0, 3, "Event Group Management/MOF_NE_Event Group ManagementObjectRepository", "Sheet1", "Event Group Management/MOF_NE_Event Group ManagementData", "Sheet1", Code): pk_Functions.CS_ClickingonUpdateorDeletebutton.SelectRecordFromWebtableFun is PASSED

2019-02-03 12:44:50 - [MESSAGE][PASSED] - Delayed 4 second(s)

2019-02-03 12:44:54 - [MESSAGE][PASSED] - Delayed 4 second(s)

2019-02-03 12:44:54 - [MESSAGE][PASSED] - pk_Functions.CS_ClickingonUpdateorDeletebutton.SelectRecordFromWebtableFun is PASSED

2019-02-03 12:44:54 - [TEST_STEP][PASSED] - if (ActionType == "Update"): Delayed 1 second(s)

2019-02-03 12:44:54 - [TEST_STEP][PASSED] - pk_Functions.CS_SpecificPageData.DataFun(["Arabic Description", "English Description"], "Event Group Management/MOF_NE_Event Group ManagementObjectRepository", "Sheet1", [ArabicDescription, EnglishDescription]): pk_Functions.CS_SpecificPageData.DataFun is PASSED

2019-02-03 12:44:55 - [MESSAGE][PASSED] - Text 'Test Test' is set on object ''

2019-02-03 12:44:55 - [MESSAGE][PASSED] - Text 'Test Test' is set on object ''

2019-02-03 12:44:55 - [MESSAGE][PASSED] - pk_Functions.CS_SpecificPageData.DataFun is PASSED

2019-02-03 12:44:55 - [TEST_STEP][PASSED] - delay(1): Delayed 1 second(s)

2019-02-03 12:44:56 - [MESSAGE][PASSED] - Delayed 1 second(s)

2019-02-03 12:44:56 - [TEST_STEP][PASSED] - click(findTestObject("Event Group Managemnt/BTN_Save")): Object: 'Object Repository/Event Group Managemnt/BTN_Save' is clicked on

2019-02-03 12:44:56 - [MESSAGE][PASSED] - Object: 'Object Repository/Event Group Managemnt/BTN_Save' is clicked on

2019-02-03 12:44:56 - [TEST_STEP][PASSED] - delay(2): Delayed 2 second(s)

2019-02-03 12:44:58 - [MESSAGE][PASSED] - Delayed 2 second(s)

2019-02-03 12:44:58 - [TEST_STEP][PASSED] - click(findTestObject("Event Group Managemnt/BTN_Back")): Object: 'Object Repository/Event Group Managemnt/BTN_Back' is clicked on

2019-02-03 12:44:59 - [MESSAGE][PASSED] - Object: 'Object Repository/Event Group Managemnt/BTN_Back' is clicked on

2019-02-03 12:44:59 - [TEST_STEP][PASSED] - delay(1): Delayed 1 second(s)

2019-02-03 12:45:00 - [MESSAGE][PASSED] - Delayed 1 second(s)]]></system-out>
         <system-err><![CDATA[]]></system-err>
      </testcase>
      <testcase name="Test Cases/Event Group Management/TC_Update and Delete test" classname="Test Cases/Event Group Management/TC_Update and Delete test" status="PASSED">
         <system-out><![CDATA[2019-02-03 12:45:00 - [TEST_CASE][PASSED] - Test Cases/Event Group Management/TC_Update and Delete test: Test Cases/Event Group Management/TC_Update and Delete test

2019-02-03 12:45:00 - [TEST_STEP][PASSED] - delay(1): Delayed 1 second(s)

2019-02-03 12:45:01 - [MESSAGE][PASSED] - Delayed 1 second(s)

2019-02-03 12:45:01 - [TEST_STEP][PASSED] - pk_Functions.CS_ClickingonUpdateorDeletebutton.SelectRecordFromWebtableFun(ActionType, 0, 3, "Event Group Management/MOF_NE_Event Group ManagementObjectRepository", "Sheet1", "Event Group Management/MOF_NE_Event Group ManagementData", "Sheet1", Code): pk_Functions.CS_ClickingonUpdateorDeletebutton.SelectRecordFromWebtableFun is PASSED

2019-02-03 12:45:01 - [MESSAGE][PASSED] - pk_Functions.CS_ClickingonUpdateorDeletebutton.SelectRecordFromWebtableFun is PASSED

2019-02-03 12:45:01 - [TEST_STEP][PASSED] - if (ActionType == "Update"): null]]></system-out>
         <system-err><![CDATA[]]></system-err>
      </testcase>
      <testcase name="Test Cases/Event Group Management/TC_Update and Delete test" classname="Test Cases/Event Group Management/TC_Update and Delete test" status="PASSED">
         <system-out><![CDATA[2019-02-03 12:45:01 - [TEST_CASE][PASSED] - Test Cases/Event Group Management/TC_Update and Delete test: Test Cases/Event Group Management/TC_Update and Delete test

2019-02-03 12:45:01 - [TEST_STEP][PASSED] - delay(1): Delayed 1 second(s)

2019-02-03 12:45:02 - [MESSAGE][PASSED] - Delayed 1 second(s)

2019-02-03 12:45:02 - [TEST_STEP][PASSED] - pk_Functions.CS_ClickingonUpdateorDeletebutton.SelectRecordFromWebtableFun(ActionType, 0, 3, "Event Group Management/MOF_NE_Event Group ManagementObjectRepository", "Sheet1", "Event Group Management/MOF_NE_Event Group ManagementData", "Sheet1", Code): pk_Functions.CS_ClickingonUpdateorDeletebutton.SelectRecordFromWebtableFun is PASSED

2019-02-03 12:45:02 - [MESSAGE][PASSED] - pk_Functions.CS_ClickingonUpdateorDeletebutton.SelectRecordFromWebtableFun is PASSED

2019-02-03 12:45:02 - [TEST_STEP][PASSED] - if (ActionType == "Update"): null]]></system-out>
         <system-err><![CDATA[]]></system-err>
      </testcase>
      <testcase name="Test Cases/Event Group Management/TC_Update and Delete test" classname="Test Cases/Event Group Management/TC_Update and Delete test" status="PASSED">
         <system-out><![CDATA[2019-02-03 12:45:02 - [TEST_CASE][PASSED] - Test Cases/Event Group Management/TC_Update and Delete test: Test Cases/Event Group Management/TC_Update and Delete test

2019-02-03 12:45:02 - [TEST_STEP][PASSED] - delay(1): Delayed 1 second(s)

2019-02-03 12:45:03 - [MESSAGE][PASSED] - Delayed 1 second(s)

2019-02-03 12:45:03 - [TEST_STEP][PASSED] - pk_Functions.CS_ClickingonUpdateorDeletebutton.SelectRecordFromWebtableFun(ActionType, 0, 3, "Event Group Management/MOF_NE_Event Group ManagementObjectRepository", "Sheet1", "Event Group Management/MOF_NE_Event Group ManagementData", "Sheet1", Code): pk_Functions.CS_ClickingonUpdateorDeletebutton.SelectRecordFromWebtableFun is PASSED

2019-02-03 12:45:08 - [MESSAGE][PASSED] - Delayed 4 second(s)

2019-02-03 12:45:12 - [MESSAGE][PASSED] - Delayed 4 second(s)

2019-02-03 12:45:12 - [MESSAGE][PASSED] - pk_Functions.CS_ClickingonUpdateorDeletebutton.SelectRecordFromWebtableFun is PASSED

2019-02-03 12:45:12 - [TEST_STEP][PASSED] - if (ActionType == "Update"): Delayed 1 second(s)

2019-02-03 12:45:12 - [TEST_STEP][PASSED] - pk_Functions.CS_SpecificPageData.DataFun(["Arabic Description", "English Description"], "Event Group Management/MOF_NE_Event Group ManagementObjectRepository", "Sheet1", [ArabicDescription, EnglishDescription]): pk_Functions.CS_SpecificPageData.DataFun is PASSED

2019-02-03 12:45:12 - [MESSAGE][PASSED] - Text 'Leon' is set on object ''

2019-02-03 12:45:13 - [MESSAGE][PASSED] - Text 'Paris' is set on object ''

2019-02-03 12:45:13 - [MESSAGE][PASSED] - pk_Functions.CS_SpecificPageData.DataFun is PASSED

2019-02-03 12:45:13 - [TEST_STEP][PASSED] - delay(1): Delayed 1 second(s)

2019-02-03 12:45:14 - [MESSAGE][PASSED] - Delayed 1 second(s)

2019-02-03 12:45:14 - [TEST_STEP][PASSED] - click(findTestObject("Event Group Managemnt/BTN_Save")): Object: 'Object Repository/Event Group Managemnt/BTN_Save' is clicked on

2019-02-03 12:45:14 - [MESSAGE][PASSED] - Object: 'Object Repository/Event Group Managemnt/BTN_Save' is clicked on

2019-02-03 12:45:14 - [TEST_STEP][PASSED] - delay(2): Delayed 2 second(s)

2019-02-03 12:45:16 - [MESSAGE][PASSED] - Delayed 2 second(s)

2019-02-03 12:45:16 - [TEST_STEP][PASSED] - click(findTestObject("Event Group Managemnt/BTN_Back")): Object: 'Object Repository/Event Group Managemnt/BTN_Back' is clicked on

2019-02-03 12:45:16 - [MESSAGE][PASSED] - Object: 'Object Repository/Event Group Managemnt/BTN_Back' is clicked on

2019-02-03 12:45:16 - [TEST_STEP][PASSED] - delay(1): Delayed 1 second(s)

2019-02-03 12:45:17 - [MESSAGE][PASSED] - Delayed 1 second(s)]]></system-out>
         <system-err><![CDATA[]]></system-err>
      </testcase>
      <testcase name="Test Cases/Event Group Management/TC_Update and Delete test" classname="Test Cases/Event Group Management/TC_Update and Delete test" status="PASSED">
         <system-out><![CDATA[2019-02-03 12:45:17 - [TEST_CASE][PASSED] - Test Cases/Event Group Management/TC_Update and Delete test: Test Cases/Event Group Management/TC_Update and Delete test

2019-02-03 12:45:17 - [TEST_STEP][PASSED] - delay(1): Delayed 1 second(s)

2019-02-03 12:45:18 - [MESSAGE][PASSED] - Delayed 1 second(s)

2019-02-03 12:45:18 - [TEST_STEP][PASSED] - pk_Functions.CS_ClickingonUpdateorDeletebutton.SelectRecordFromWebtableFun(ActionType, 0, 3, "Event Group Management/MOF_NE_Event Group ManagementObjectRepository", "Sheet1", "Event Group Management/MOF_NE_Event Group ManagementData", "Sheet1", Code): pk_Functions.CS_ClickingonUpdateorDeletebutton.SelectRecordFromWebtableFun is PASSED

2019-02-03 12:45:23 - [MESSAGE][PASSED] - Delayed 4 second(s)

2019-02-03 12:45:27 - [MESSAGE][PASSED] - Delayed 4 second(s)

2019-02-03 12:45:27 - [MESSAGE][PASSED] - pk_Functions.CS_ClickingonUpdateorDeletebutton.SelectRecordFromWebtableFun is PASSED

2019-02-03 12:45:27 - [TEST_STEP][PASSED] - if (ActionType == "Update"): Delayed 1 second(s)

2019-02-03 12:45:27 - [TEST_STEP][PASSED] - pk_Functions.CS_SpecificPageData.DataFun(["Arabic Description", "English Description"], "Event Group Management/MOF_NE_Event Group ManagementObjectRepository", "Sheet1", [ArabicDescription, EnglishDescription]): pk_Functions.CS_SpecificPageData.DataFun is PASSED

2019-02-03 12:45:27 - [MESSAGE][PASSED] - Text 'Dubai' is set on object ''

2019-02-03 12:45:27 - [MESSAGE][PASSED] - Text 'AbuDhabi' is set on object ''

2019-02-03 12:45:27 - [MESSAGE][PASSED] - pk_Functions.CS_SpecificPageData.DataFun is PASSED

2019-02-03 12:45:27 - [TEST_STEP][PASSED] - delay(1): Delayed 1 second(s)

2019-02-03 12:45:28 - [MESSAGE][PASSED] - Delayed 1 second(s)

2019-02-03 12:45:28 - [TEST_STEP][PASSED] - click(findTestObject("Event Group Managemnt/BTN_Save")): Object: 'Object Repository/Event Group Managemnt/BTN_Save' is clicked on

2019-02-03 12:45:28 - [MESSAGE][PASSED] - Object: 'Object Repository/Event Group Managemnt/BTN_Save' is clicked on

2019-02-03 12:45:28 - [TEST_STEP][PASSED] - delay(2): Delayed 2 second(s)

2019-02-03 12:45:30 - [MESSAGE][PASSED] - Delayed 2 second(s)

2019-02-03 12:45:30 - [TEST_STEP][PASSED] - click(findTestObject("Event Group Managemnt/BTN_Back")): Object: 'Object Repository/Event Group Managemnt/BTN_Back' is clicked on

2019-02-03 12:45:31 - [MESSAGE][PASSED] - Object: 'Object Repository/Event Group Managemnt/BTN_Back' is clicked on

2019-02-03 12:45:31 - [TEST_STEP][PASSED] - delay(1): Delayed 1 second(s)

2019-02-03 12:45:32 - [MESSAGE][PASSED] - Delayed 1 second(s)]]></system-out>
         <system-err><![CDATA[]]></system-err>
      </testcase>
      <testcase name="Test Cases/Event Group Management/TC_Update and Delete test" classname="Test Cases/Event Group Management/TC_Update and Delete test" status="PASSED">
         <system-out><![CDATA[2019-02-03 12:45:32 - [TEST_CASE][PASSED] - Test Cases/Event Group Management/TC_Update and Delete test: Test Cases/Event Group Management/TC_Update and Delete test

2019-02-03 12:45:32 - [TEST_STEP][PASSED] - delay(1): Delayed 1 second(s)

2019-02-03 12:45:33 - [MESSAGE][PASSED] - Delayed 1 second(s)

2019-02-03 12:45:33 - [TEST_STEP][PASSED] - pk_Functions.CS_ClickingonUpdateorDeletebutton.SelectRecordFromWebtableFun(ActionType, 0, 3, "Event Group Management/MOF_NE_Event Group ManagementObjectRepository", "Sheet1", "Event Group Management/MOF_NE_Event Group ManagementData", "Sheet1", Code): pk_Functions.CS_ClickingonUpdateorDeletebutton.SelectRecordFromWebtableFun is PASSED

2019-02-03 12:45:37 - [MESSAGE][PASSED] - Delayed 4 second(s)

2019-02-03 12:45:42 - [MESSAGE][PASSED] - Delayed 4 second(s)

2019-02-03 12:45:42 - [MESSAGE][PASSED] - pk_Functions.CS_ClickingonUpdateorDeletebutton.SelectRecordFromWebtableFun is PASSED

2019-02-03 12:45:42 - [TEST_STEP][PASSED] - if (ActionType == "Update"): Delayed 1 second(s)

2019-02-03 12:45:42 - [TEST_STEP][PASSED] - pk_Functions.CS_SpecificPageData.DataFun(["Arabic Description", "English Description"], "Event Group Management/MOF_NE_Event Group ManagementObjectRepository", "Sheet1", [ArabicDescription, EnglishDescription]): pk_Functions.CS_SpecificPageData.DataFun is PASSED

2019-02-03 12:45:42 - [MESSAGE][PASSED] - Text 'Phuket' is set on object ''

2019-02-03 12:45:42 - [MESSAGE][PASSED] - Text 'Thailand' is set on object ''

2019-02-03 12:45:42 - [MESSAGE][PASSED] - pk_Functions.CS_SpecificPageData.DataFun is PASSED

2019-02-03 12:45:42 - [TEST_STEP][PASSED] - delay(1): Delayed 1 second(s)

2019-02-03 12:45:43 - [MESSAGE][PASSED] - Delayed 1 second(s)

2019-02-03 12:45:43 - [TEST_STEP][PASSED] - click(findTestObject("Event Group Managemnt/BTN_Save")): Object: 'Object Repository/Event Group Managemnt/BTN_Save' is clicked on

2019-02-03 12:45:43 - [MESSAGE][PASSED] - Object: 'Object Repository/Event Group Managemnt/BTN_Save' is clicked on

2019-02-03 12:45:43 - [TEST_STEP][PASSED] - delay(2): Delayed 2 second(s)

2019-02-03 12:45:45 - [MESSAGE][PASSED] - Delayed 2 second(s)

2019-02-03 12:45:45 - [TEST_STEP][PASSED] - click(findTestObject("Event Group Managemnt/BTN_Back")): Object: 'Object Repository/Event Group Managemnt/BTN_Back' is clicked on

2019-02-03 12:45:45 - [MESSAGE][PASSED] - Object: 'Object Repository/Event Group Managemnt/BTN_Back' is clicked on

2019-02-03 12:45:45 - [TEST_STEP][PASSED] - delay(1): Delayed 1 second(s)

2019-02-03 12:45:46 - [MESSAGE][PASSED] - Delayed 1 second(s)]]></system-out>
         <system-err><![CDATA[]]></system-err>
      </testcase>
      <testcase name="Test Cases/Event Group Management/TC_Update and Delete test" classname="Test Cases/Event Group Management/TC_Update and Delete test" status="PASSED">
         <system-out><![CDATA[2019-02-03 12:45:46 - [TEST_CASE][PASSED] - Test Cases/Event Group Management/TC_Update and Delete test: Test Cases/Event Group Management/TC_Update and Delete test

2019-02-03 12:45:46 - [TEST_STEP][PASSED] - delay(1): Delayed 1 second(s)

2019-02-03 12:45:47 - [MESSAGE][PASSED] - Delayed 1 second(s)

2019-02-03 12:45:47 - [TEST_STEP][PASSED] - pk_Functions.CS_ClickingonUpdateorDeletebutton.SelectRecordFromWebtableFun(ActionType, 0, 3, "Event Group Management/MOF_NE_Event Group ManagementObjectRepository", "Sheet1", "Event Group Management/MOF_NE_Event Group ManagementData", "Sheet1", Code): pk_Functions.CS_ClickingonUpdateorDeletebutton.SelectRecordFromWebtableFun is PASSED

2019-02-03 12:45:48 - [MESSAGE][PASSED] - pk_Functions.CS_ClickingonUpdateorDeletebutton.SelectRecordFromWebtableFun is PASSED

2019-02-03 12:45:48 - [TEST_STEP][PASSED] - if (ActionType == "Update"): null]]></system-out>
         <system-err><![CDATA[]]></system-err>
      </testcase>
      <testcase name="Test Cases/Event Group Management/TC_Update and Delete test" classname="Test Cases/Event Group Management/TC_Update and Delete test" status="PASSED">
         <system-out><![CDATA[2019-02-03 12:45:48 - [TEST_CASE][PASSED] - Test Cases/Event Group Management/TC_Update and Delete test: Test Cases/Event Group Management/TC_Update and Delete test

2019-02-03 12:45:48 - [TEST_STEP][PASSED] - delay(1): Delayed 1 second(s)

2019-02-03 12:45:49 - [MESSAGE][PASSED] - Delayed 1 second(s)

2019-02-03 12:45:49 - [TEST_STEP][PASSED] - pk_Functions.CS_ClickingonUpdateorDeletebutton.SelectRecordFromWebtableFun(ActionType, 0, 3, "Event Group Management/MOF_NE_Event Group ManagementObjectRepository", "Sheet1", "Event Group Management/MOF_NE_Event Group ManagementData", "Sheet1", Code): pk_Functions.CS_ClickingonUpdateorDeletebutton.SelectRecordFromWebtableFun is PASSED

2019-02-03 12:45:49 - [MESSAGE][PASSED] - pk_Functions.CS_ClickingonUpdateorDeletebutton.SelectRecordFromWebtableFun is PASSED

2019-02-03 12:45:49 - [TEST_STEP][PASSED] - if (ActionType == "Update"): null]]></system-out>
         <system-err><![CDATA[]]></system-err>
      </testcase>
      <testcase name="Test Cases/Event Group Management/TC_Update and Delete test" classname="Test Cases/Event Group Management/TC_Update and Delete test" status="PASSED">
         <system-out><![CDATA[2019-02-03 12:45:49 - [TEST_CASE][PASSED] - Test Cases/Event Group Management/TC_Update and Delete test: Test Cases/Event Group Management/TC_Update and Delete test

2019-02-03 12:45:49 - [TEST_STEP][PASSED] - delay(1): Delayed 1 second(s)

2019-02-03 12:45:50 - [MESSAGE][PASSED] - Delayed 1 second(s)

2019-02-03 12:45:50 - [TEST_STEP][PASSED] - pk_Functions.CS_ClickingonUpdateorDeletebutton.SelectRecordFromWebtableFun(ActionType, 0, 3, "Event Group Management/MOF_NE_Event Group ManagementObjectRepository", "Sheet1", "Event Group Management/MOF_NE_Event Group ManagementData", "Sheet1", Code): pk_Functions.CS_ClickingonUpdateorDeletebutton.SelectRecordFromWebtableFun is PASSED

2019-02-03 12:45:50 - [MESSAGE][PASSED] - pk_Functions.CS_ClickingonUpdateorDeletebutton.SelectRecordFromWebtableFun is PASSED

2019-02-03 12:45:50 - [TEST_STEP][PASSED] - if (ActionType == "Update"): null]]></system-out>
         <system-err><![CDATA[]]></system-err>
      </testcase>
      <testcase name="Test Cases/Event Group Management/TC_Update and Delete test" classname="Test Cases/Event Group Management/TC_Update and Delete test" status="PASSED">
         <system-out><![CDATA[2019-02-03 12:45:50 - [TEST_CASE][PASSED] - Test Cases/Event Group Management/TC_Update and Delete test: Test Cases/Event Group Management/TC_Update and Delete test

2019-02-03 12:45:50 - [TEST_STEP][PASSED] - delay(1): Delayed 1 second(s)

2019-02-03 12:45:51 - [MESSAGE][PASSED] - Delayed 1 second(s)

2019-02-03 12:45:51 - [TEST_STEP][PASSED] - pk_Functions.CS_ClickingonUpdateorDeletebutton.SelectRecordFromWebtableFun(ActionType, 0, 3, "Event Group Management/MOF_NE_Event Group ManagementObjectRepository", "Sheet1", "Event Group Management/MOF_NE_Event Group ManagementData", "Sheet1", Code): pk_Functions.CS_ClickingonUpdateorDeletebutton.SelectRecordFromWebtableFun is PASSED

2019-02-03 12:45:51 - [MESSAGE][PASSED] - pk_Functions.CS_ClickingonUpdateorDeletebutton.SelectRecordFromWebtableFun is PASSED

2019-02-03 12:45:51 - [TEST_STEP][PASSED] - if (ActionType == "Update"): null]]></system-out>
         <system-err><![CDATA[]]></system-err>
      </testcase>
      <testcase name="Test Cases/Event Group Management/TC_Update and Delete test" classname="Test Cases/Event Group Management/TC_Update and Delete test" status="PASSED">
         <system-out><![CDATA[2019-02-03 12:45:51 - [TEST_CASE][PASSED] - Test Cases/Event Group Management/TC_Update and Delete test: Test Cases/Event Group Management/TC_Update and Delete test

2019-02-03 12:45:51 - [TEST_STEP][PASSED] - delay(1): Delayed 1 second(s)

2019-02-03 12:45:52 - [MESSAGE][PASSED] - Delayed 1 second(s)

2019-02-03 12:45:52 - [TEST_STEP][PASSED] - pk_Functions.CS_ClickingonUpdateorDeletebutton.SelectRecordFromWebtableFun(ActionType, 0, 3, "Event Group Management/MOF_NE_Event Group ManagementObjectRepository", "Sheet1", "Event Group Management/MOF_NE_Event Group ManagementData", "Sheet1", Code): pk_Functions.CS_ClickingonUpdateorDeletebutton.SelectRecordFromWebtableFun is PASSED

2019-02-03 12:45:52 - [MESSAGE][PASSED] - pk_Functions.CS_ClickingonUpdateorDeletebutton.SelectRecordFromWebtableFun is PASSED

2019-02-03 12:45:52 - [TEST_STEP][PASSED] - if (ActionType == "Update"): null]]></system-out>
         <system-err><![CDATA[]]></system-err>
      </testcase>
      <testcase name="Test Cases/Event Group Management/TC_Update and Delete test" classname="Test Cases/Event Group Management/TC_Update and Delete test" status="PASSED">
         <system-out><![CDATA[2019-02-03 12:45:52 - [TEST_CASE][PASSED] - Test Cases/Event Group Management/TC_Update and Delete test: Test Cases/Event Group Management/TC_Update and Delete test

2019-02-03 12:45:52 - [TEST_STEP][PASSED] - delay(1): Delayed 1 second(s)

2019-02-03 12:45:53 - [MESSAGE][PASSED] - Delayed 1 second(s)

2019-02-03 12:45:53 - [TEST_STEP][PASSED] - pk_Functions.CS_ClickingonUpdateorDeletebutton.SelectRecordFromWebtableFun(ActionType, 0, 3, "Event Group Management/MOF_NE_Event Group ManagementObjectRepository", "Sheet1", "Event Group Management/MOF_NE_Event Group ManagementData", "Sheet1", Code): pk_Functions.CS_ClickingonUpdateorDeletebutton.SelectRecordFromWebtableFun is PASSED

2019-02-03 12:45:53 - [MESSAGE][PASSED] - pk_Functions.CS_ClickingonUpdateorDeletebutton.SelectRecordFromWebtableFun is PASSED

2019-02-03 12:45:53 - [TEST_STEP][PASSED] - if (ActionType == "Update"): null]]></system-out>
         <system-err><![CDATA[]]></system-err>
      </testcase>
      <testcase name="Test Cases/Event Group Management/TC_Update and Delete test" classname="Test Cases/Event Group Management/TC_Update and Delete test" status="PASSED">
         <system-out><![CDATA[2019-02-03 12:45:53 - [TEST_CASE][PASSED] - Test Cases/Event Group Management/TC_Update and Delete test: Test Cases/Event Group Management/TC_Update and Delete test

2019-02-03 12:45:53 - [TEST_STEP][PASSED] - delay(1): Delayed 1 second(s)

2019-02-03 12:45:54 - [MESSAGE][PASSED] - Delayed 1 second(s)

2019-02-03 12:45:54 - [TEST_STEP][PASSED] - pk_Functions.CS_ClickingonUpdateorDeletebutton.SelectRecordFromWebtableFun(ActionType, 0, 3, "Event Group Management/MOF_NE_Event Group ManagementObjectRepository", "Sheet1", "Event Group Management/MOF_NE_Event Group ManagementData", "Sheet1", Code): pk_Functions.CS_ClickingonUpdateorDeletebutton.SelectRecordFromWebtableFun is PASSED

2019-02-03 12:45:54 - [MESSAGE][PASSED] - pk_Functions.CS_ClickingonUpdateorDeletebutton.SelectRecordFromWebtableFun is PASSED

2019-02-03 12:45:54 - [TEST_STEP][PASSED] - if (ActionType == "Update"): null]]></system-out>
         <system-err><![CDATA[]]></system-err>
      </testcase>
      <testcase name="Test Cases/Event Group Management/TC_Update and Delete test" classname="Test Cases/Event Group Management/TC_Update and Delete test" status="PASSED">
         <system-out><![CDATA[2019-02-03 12:45:54 - [TEST_CASE][PASSED] - Test Cases/Event Group Management/TC_Update and Delete test: Test Cases/Event Group Management/TC_Update and Delete test

2019-02-03 12:45:54 - [TEST_STEP][PASSED] - delay(1): Delayed 1 second(s)

2019-02-03 12:45:55 - [MESSAGE][PASSED] - Delayed 1 second(s)

2019-02-03 12:45:55 - [TEST_STEP][PASSED] - pk_Functions.CS_ClickingonUpdateorDeletebutton.SelectRecordFromWebtableFun(ActionType, 0, 3, "Event Group Management/MOF_NE_Event Group ManagementObjectRepository", "Sheet1", "Event Group Management/MOF_NE_Event Group ManagementData", "Sheet1", Code): pk_Functions.CS_ClickingonUpdateorDeletebutton.SelectRecordFromWebtableFun is PASSED

2019-02-03 12:45:56 - [MESSAGE][PASSED] - pk_Functions.CS_ClickingonUpdateorDeletebutton.SelectRecordFromWebtableFun is PASSED

2019-02-03 12:45:56 - [TEST_STEP][PASSED] - if (ActionType == "Update"): null]]></system-out>
         <system-err><![CDATA[]]></system-err>
      </testcase>
      <testcase name="Test Cases/Event Group Management/TC_Update and Delete test" classname="Test Cases/Event Group Management/TC_Update and Delete test" status="PASSED">
         <system-out><![CDATA[2019-02-03 12:45:56 - [TEST_CASE][PASSED] - Test Cases/Event Group Management/TC_Update and Delete test: Test Cases/Event Group Management/TC_Update and Delete test

2019-02-03 12:45:56 - [TEST_STEP][PASSED] - delay(1): Delayed 1 second(s)

2019-02-03 12:45:57 - [MESSAGE][PASSED] - Delayed 1 second(s)

2019-02-03 12:45:57 - [TEST_STEP][PASSED] - pk_Functions.CS_ClickingonUpdateorDeletebutton.SelectRecordFromWebtableFun(ActionType, 0, 3, "Event Group Management/MOF_NE_Event Group ManagementObjectRepository", "Sheet1", "Event Group Management/MOF_NE_Event Group ManagementData", "Sheet1", Code): pk_Functions.CS_ClickingonUpdateorDeletebutton.SelectRecordFromWebtableFun is PASSED

2019-02-03 12:45:57 - [MESSAGE][PASSED] - pk_Functions.CS_ClickingonUpdateorDeletebutton.SelectRecordFromWebtableFun is PASSED

2019-02-03 12:45:57 - [TEST_STEP][PASSED] - if (ActionType == "Update"): null]]></system-out>
         <system-err><![CDATA[]]></system-err>
      </testcase>
      <system-out><![CDATA[2019-02-03 12:44:00 - [TEST_SUITE][PASSED] - TS_ClickUpdate_Delete: Test Cases/Event Group Management/TC_Update and Delete test]]></system-out>
      <system-err><![CDATA[]]></system-err>
   </testsuite>
</testsuites>
