<?xml version="1.0" encoding="UTF-8"?>
<testsuites name="TS_ClickUpdate_Delete" time="72" tests="7" failures="0" errors="0">
   <testsuite name="TS_ClickUpdate_Delete" tests="7" failures="0" errors="0" time="72" timestamp="2019-02-13 10:08:44" hostname="Ebtehal Gamal Yusuf - LPALXY0199.ejadaalex.local" id="Test Suites/Event Group Management/TS_ClickUpdate_Delete">
      <properties>
         <property name="deviceName" value=""/>
         <property name="devicePlatform" value=""/>
         <property name="logFolder" value="C:\\Users\\Administrator\\git\\MOF\\Reports\\Event Group Management\\TS_ClickUpdate_Delete\\20190213_100841"/>
         <property name="logFiles" value="C:\\Users\\Administrator\\git\\MOF\\Reports\\Event Group Management\\TS_ClickUpdate_Delete\\20190213_100841\\execution0.log"/>
         <property name="attachments" value=""/>
         <property name="hostName" value="Ebtehal Gamal Yusuf - LPALXY0199.ejadaalex.local"/>
         <property name="os" value="Windows 7 64bit"/>
         <property name="katalonVersion" value="5.10.1.1"/>
         <property name="browser" value="Chrome 72.0.3626.96"/>
         <property name="hostAddress" value="192.168.3.51"/>
         <property name="sessionId" value="1b225bca66f430736b15fda7d066423e"/>
         <property name="seleniumVersion" value="3.7.1"/>
         <property name="proxyInformation" value="ProxyInformation{proxyOption=NO_PROXY, proxyServerType=HTTP, password=, proxyServerAddress=, proxyServerPort=0}"/>
         <property name="platform" value="Windows 7"/>
      </properties>
      <testcase name="Test Cases/TC_Login" classname="Test Cases/TC_Login" status="PASSED">
         <system-out><![CDATA[2019-02-13 10:08:45 - [TEST_CASE][PASSED] - Test Cases/TC_Login: Test Cases/TC_Login

2019-02-13 10:08:45 - [TEST_STEP][PASSED] - pk_Functions.CS_Login.LoginFun(findTestObject(null), "http://192.168.0.190:8080/mof/#/", findTestObject("Login/Username"), findTestObject("Login/Password"), "AAttia", "123", findTestObject("Login/Login")): pk_Functions.CS_Login.LoginFun is PASSED

2019-02-13 10:08:45 - [MESSAGE][WARNING] - Test object id is null

2019-02-13 10:08:46 - [MESSAGE][INFO] - Starting 'Chrome' driver

2019-02-13 10:08:46 - [MESSAGE][INFO] - Action delay is set to 0 seconds

2019-02-13 10:09:00 - [MESSAGE][PASSED] - Browser is opened with url: 'http://192.168.0.190:8080/mof/#/'

2019-02-13 10:09:01 - [MESSAGE][PASSED] - Text 'AAttia' is set on object 'Object Repository/Login/Username'

2019-02-13 10:09:01 - [MESSAGE][PASSED] - Text '123' is set on object 'Object Repository/Login/Password'

2019-02-13 10:09:01 - [MESSAGE][PASSED] - Object: 'Object Repository/Login/Login' is clicked on

2019-02-13 10:09:01 - [MESSAGE][PASSED] - pk_Functions.CS_Login.LoginFun is PASSED]]></system-out>
         <system-err><![CDATA[]]></system-err>
      </testcase>
      <testcase name="Test Cases/Event Group Management/TC_Select_Screen" classname="Test Cases/Event Group Management/TC_Select_Screen" status="PASSED">
         <system-out><![CDATA[2019-02-13 10:09:01 - [TEST_CASE][PASSED] - Test Cases/Event Group Management/TC_Select_Screen: Test Cases/Event Group Management/TC_Select_Screen

2019-02-13 10:09:01 - [TEST_STEP][PASSED] - click(findTestObject("NE_SideMenu")): Object: 'Object Repository/NE_SideMenu' is clicked on

2019-02-13 10:09:04 - [MESSAGE][PASSED] - Object: 'Object Repository/NE_SideMenu' is clicked on

2019-02-13 10:09:04 - [TEST_STEP][PASSED] - click(findTestObject("NE_EventGroupManagement")): Object: 'Object Repository/NE_EventGroupManagement' is clicked on

2019-02-13 10:09:05 - [MESSAGE][PASSED] - Object: 'Object Repository/NE_EventGroupManagement' is clicked on

2019-02-13 10:09:05 - [TEST_STEP][PASSED] - click(findTestObject("Event Group Managemnt/BTN_Search")): Object: 'Object Repository/Event Group Managemnt/BTN_Search' is clicked on

2019-02-13 10:09:06 - [MESSAGE][PASSED] - Object: 'Object Repository/Event Group Managemnt/BTN_Search' is clicked on

2019-02-13 10:09:06 - [TEST_STEP][PASSED] - delay(2): Delayed 2 second(s)

2019-02-13 10:09:08 - [MESSAGE][PASSED] - Delayed 2 second(s)]]></system-out>
         <system-err><![CDATA[]]></system-err>
      </testcase>
      <testcase name="Test Cases/Event Group Management/TC_Click on Search Button" classname="Test Cases/Event Group Management/TC_Click on Search Button" status="PASSED">
         <system-out><![CDATA[2019-02-13 10:09:08 - [TEST_CASE][PASSED] - Test Cases/Event Group Management/TC_Click on Search Button: Test Cases/Event Group Management/TC_Click on Search Button

2019-02-13 10:09:08 - [TEST_STEP][PASSED] - click(findTestObject("Event Group Managemnt/BTN_Clear")): Object: 'Object Repository/Event Group Managemnt/BTN_Clear' is clicked on

2019-02-13 10:09:08 - [MESSAGE][PASSED] - Object: 'Object Repository/Event Group Managemnt/BTN_Clear' is clicked on

2019-02-13 10:09:08 - [TEST_STEP][PASSED] - delay(2): Delayed 2 second(s)

2019-02-13 10:09:10 - [MESSAGE][PASSED] - Delayed 2 second(s)

2019-02-13 10:09:10 - [TEST_STEP][PASSED] - click(findTestObject("Event Group Managemnt/BTN_Search")): Object: 'Object Repository/Event Group Managemnt/BTN_Search' is clicked on

2019-02-13 10:09:10 - [MESSAGE][PASSED] - Object: 'Object Repository/Event Group Managemnt/BTN_Search' is clicked on

2019-02-13 10:09:10 - [TEST_STEP][PASSED] - delay(1): Delayed 1 second(s)

2019-02-13 10:09:11 - [MESSAGE][PASSED] - Delayed 1 second(s)]]></system-out>
         <system-err><![CDATA[]]></system-err>
      </testcase>
      <testcase name="Test Cases/Event Group Management/TC_Update and Delete test" classname="Test Cases/Event Group Management/TC_Update and Delete test" status="PASSED">
         <system-out><![CDATA[2019-02-13 10:09:11 - [TEST_CASE][PASSED] - Test Cases/Event Group Management/TC_Update and Delete test: Test Cases/Event Group Management/TC_Update and Delete test

2019-02-13 10:09:12 - [TEST_STEP][PASSED] - if (ActionType == "UpdateYes"): Delayed 1 second(s)

2019-02-13 10:09:12 - [TEST_STEP][PASSED] - delay(2): Delayed 2 second(s)

2019-02-13 10:09:14 - [MESSAGE][PASSED] - Delayed 2 second(s)

2019-02-13 10:09:14 - [TEST_STEP][PASSED] - pk_Functions.CS_ClickingonUpdateorDeletebutton_Fulltabl.SelectRecordFromWebtableFun("UpdateYes", 0, 3, "Event Group Management/MOF_NE_Event Group ManagementObjectRepository", "Sheet1", Code): pk_Functions.CS_ClickingonUpdateorDeletebutton_Fulltabl.SelectRecordFromWebtableFun is PASSED

2019-02-13 10:09:15 - [MESSAGE][PASSED] - Attribute 'tabindex' of object '' is: '0'

2019-02-13 10:09:15 - [MESSAGE][PASSED] - Object: '' is clicked on

2019-02-13 10:09:17 - [MESSAGE][PASSED] - Delayed 2 second(s)

2019-02-13 10:09:17 - [MESSAGE][PASSED] - Attribute 'tabindex' of object '' is: '0'

2019-02-13 10:09:22 - [MESSAGE][PASSED] - Delayed 5 second(s)

2019-02-13 10:09:22 - [MESSAGE][PASSED] - Attribute 'tabindex' of object '' is: '0'

2019-02-13 10:09:22 - [MESSAGE][PASSED] - Object: '' is clicked on

2019-02-13 10:09:23 - [MESSAGE][PASSED] - Delayed 1 second(s)

2019-02-13 10:09:25 - [MESSAGE][PASSED] - Delayed 1 second(s)

2019-02-13 10:09:27 - [MESSAGE][PASSED] - Delayed 2 second(s)

2019-02-13 10:09:27 - [MESSAGE][PASSED] - pk_Functions.CS_ClickingonUpdateorDeletebutton_Fulltabl.SelectRecordFromWebtableFun is PASSED

2019-02-13 10:09:27 - [TEST_STEP][PASSED] - delay(2): Delayed 2 second(s)

2019-02-13 10:09:29 - [MESSAGE][PASSED] - Delayed 2 second(s)

2019-02-13 10:09:29 - [TEST_STEP][PASSED] - pk_Functions.CS_SpecificPageData.DataFun(["Arabic Description", "English Description"], "Event Group Management/MOF_NE_Event Group ManagementObjectRepository", "Sheet1", [ArabicDescription, EnglishDescription]): pk_Functions.CS_SpecificPageData.DataFun is PASSED

2019-02-13 10:09:29 - [MESSAGE][PASSED] - Text 'English Description_1' is set on object ''

2019-02-13 10:09:29 - [MESSAGE][PASSED] - Text 'English Description_123' is set on object ''

2019-02-13 10:09:29 - [MESSAGE][PASSED] - pk_Functions.CS_SpecificPageData.DataFun is PASSED

2019-02-13 10:09:29 - [TEST_STEP][PASSED] - delay(2): Delayed 2 second(s)

2019-02-13 10:09:31 - [MESSAGE][PASSED] - Delayed 2 second(s)

2019-02-13 10:09:31 - [TEST_STEP][PASSED] - click(findTestObject("BTN_Save")): Object: 'Object Repository/BTN_Save' is clicked on

2019-02-13 10:09:31 - [MESSAGE][PASSED] - Object: 'Object Repository/BTN_Save' is clicked on

2019-02-13 10:09:31 - [TEST_STEP][PASSED] - delay(2): Delayed 2 second(s)

2019-02-13 10:09:33 - [MESSAGE][PASSED] - Delayed 2 second(s)

2019-02-13 10:09:33 - [TEST_STEP][PASSED] - click(findTestObject("Event Group Managemnt/BTN_Back (1)")): Object: 'Object Repository/Event Group Managemnt/BTN_Back (1)' is clicked on

2019-02-13 10:09:33 - [MESSAGE][PASSED] - Object: 'Object Repository/Event Group Managemnt/BTN_Back (1)' is clicked on

2019-02-13 10:09:33 - [TEST_STEP][PASSED] - delay(1): Delayed 1 second(s)

2019-02-13 10:09:34 - [MESSAGE][PASSED] - Delayed 1 second(s)]]></system-out>
         <system-err><![CDATA[]]></system-err>
      </testcase>
      <testcase name="Test Cases/Event Group Management/TC_Update and Delete test" classname="Test Cases/Event Group Management/TC_Update and Delete test" status="PASSED">
         <system-out><![CDATA[2019-02-13 10:09:35 - [TEST_CASE][PASSED] - Test Cases/Event Group Management/TC_Update and Delete test: Test Cases/Event Group Management/TC_Update and Delete test

2019-02-13 10:09:35 - [TEST_STEP][PASSED] - if (ActionType == "UpdateYes"): Delayed 1 second(s)

2019-02-13 10:09:35 - [TEST_STEP][PASSED] - delay(2): Delayed 2 second(s)

2019-02-13 10:09:37 - [MESSAGE][PASSED] - Delayed 2 second(s)

2019-02-13 10:09:37 - [TEST_STEP][PASSED] - pk_Functions.CS_ClickingonUpdateorDeletebutton_Fulltabl.SelectRecordFromWebtableFun("UpdateYes", 0, 3, "Event Group Management/MOF_NE_Event Group ManagementObjectRepository", "Sheet1", Code): pk_Functions.CS_ClickingonUpdateorDeletebutton_Fulltabl.SelectRecordFromWebtableFun is PASSED

2019-02-13 10:09:37 - [MESSAGE][PASSED] - Attribute 'tabindex' of object '' is: '-1'

2019-02-13 10:09:37 - [MESSAGE][PASSED] - Object: '' is clicked on

2019-02-13 10:09:39 - [MESSAGE][PASSED] - Delayed 2 second(s)

2019-02-13 10:09:39 - [MESSAGE][PASSED] - Attribute 'tabindex' of object '' is: '0'

2019-02-13 10:09:44 - [MESSAGE][PASSED] - Delayed 5 second(s)

2019-02-13 10:09:44 - [MESSAGE][PASSED] - Attribute 'tabindex' of object '' is: '0'

2019-02-13 10:09:45 - [MESSAGE][PASSED] - Object: '' is clicked on

2019-02-13 10:09:46 - [MESSAGE][PASSED] - Delayed 1 second(s)

2019-02-13 10:09:47 - [MESSAGE][PASSED] - Delayed 1 second(s)

2019-02-13 10:09:49 - [MESSAGE][PASSED] - Delayed 2 second(s)

2019-02-13 10:09:49 - [MESSAGE][PASSED] - pk_Functions.CS_ClickingonUpdateorDeletebutton_Fulltabl.SelectRecordFromWebtableFun is PASSED

2019-02-13 10:09:49 - [TEST_STEP][PASSED] - delay(2): Delayed 2 second(s)

2019-02-13 10:09:51 - [MESSAGE][PASSED] - Delayed 2 second(s)

2019-02-13 10:09:51 - [TEST_STEP][PASSED] - pk_Functions.CS_SpecificPageData.DataFun(["Arabic Description", "English Description"], "Event Group Management/MOF_NE_Event Group ManagementObjectRepository", "Sheet1", [ArabicDescription, EnglishDescription]): pk_Functions.CS_SpecificPageData.DataFun is PASSED

2019-02-13 10:09:51 - [MESSAGE][PASSED] - Text 'English Description_2' is set on object ''

2019-02-13 10:09:51 - [MESSAGE][PASSED] - Text 'English Description_2' is set on object ''

2019-02-13 10:09:51 - [MESSAGE][PASSED] - pk_Functions.CS_SpecificPageData.DataFun is PASSED

2019-02-13 10:09:51 - [TEST_STEP][PASSED] - delay(2): Delayed 2 second(s)

2019-02-13 10:09:53 - [MESSAGE][PASSED] - Delayed 2 second(s)

2019-02-13 10:09:53 - [TEST_STEP][PASSED] - click(findTestObject("BTN_Save")): Object: 'Object Repository/BTN_Save' is clicked on

2019-02-13 10:09:54 - [MESSAGE][PASSED] - Object: 'Object Repository/BTN_Save' is clicked on

2019-02-13 10:09:54 - [TEST_STEP][PASSED] - delay(2): Delayed 2 second(s)

2019-02-13 10:09:56 - [MESSAGE][PASSED] - Delayed 2 second(s)

2019-02-13 10:09:56 - [TEST_STEP][PASSED] - click(findTestObject("Event Group Managemnt/BTN_Back (1)")): Object: 'Object Repository/Event Group Managemnt/BTN_Back (1)' is clicked on

2019-02-13 10:09:56 - [MESSAGE][PASSED] - Object: 'Object Repository/Event Group Managemnt/BTN_Back (1)' is clicked on

2019-02-13 10:09:56 - [TEST_STEP][PASSED] - delay(1): Delayed 1 second(s)

2019-02-13 10:09:57 - [MESSAGE][PASSED] - Delayed 1 second(s)]]></system-out>
         <system-err><![CDATA[]]></system-err>
      </testcase>
      <testcase name="Test Cases/Event Group Management/TC_Update and Delete test" classname="Test Cases/Event Group Management/TC_Update and Delete test" status="PASSED">
         <system-out><![CDATA[2019-02-13 10:09:57 - [TEST_CASE][PASSED] - Test Cases/Event Group Management/TC_Update and Delete test: Test Cases/Event Group Management/TC_Update and Delete test

2019-02-13 10:09:57 - [TEST_STEP][PASSED] - if (ActionType == "UpdateYes"): null]]></system-out>
         <system-err><![CDATA[]]></system-err>
      </testcase>
      <testcase name="Test Cases/Event Group Management/TC_Update and Delete test" classname="Test Cases/Event Group Management/TC_Update and Delete test" status="PASSED">
         <system-out><![CDATA[2019-02-13 10:09:57 - [TEST_CASE][PASSED] - Test Cases/Event Group Management/TC_Update and Delete test: Test Cases/Event Group Management/TC_Update and Delete test

2019-02-13 10:09:57 - [TEST_STEP][PASSED] - if (ActionType == "UpdateYes"): null]]></system-out>
         <system-err><![CDATA[]]></system-err>
      </testcase>
      <system-out><![CDATA[2019-02-13 10:08:44 - [TEST_SUITE][PASSED] - TS_ClickUpdate_Delete: Test Cases/Event Group Management/TC_Update and Delete test]]></system-out>
      <system-err><![CDATA[]]></system-err>
   </testsuite>
</testsuites>
