<?xml version="1.0" encoding="UTF-8"?>
<testsuites name="TS_Event Group Management" time="122" tests="18" failures="0" errors="0">
   <testsuite name="TS_Event Group Management" tests="18" failures="0" errors="0" time="122" timestamp="2019-02-03 13:10:59" hostname="aeibrahim - LPALXY0477.ejadaalex.local" id="Test Suites/Event Group Management/TS_Event Group Management">
      <properties>
         <property name="deviceName" value=""/>
         <property name="devicePlatform" value=""/>
         <property name="logFolder" value="C:\\Users\\aeibrahim\\git\\MOF\\Reports\\Event Group Management\\TS_Event Group Management\\20190203_131057"/>
         <property name="logFiles" value="C:\\Users\\aeibrahim\\git\\MOF\\Reports\\Event Group Management\\TS_Event Group Management\\20190203_131057\\execution0.log"/>
         <property name="attachments" value=""/>
         <property name="hostName" value="aeibrahim - LPALXY0477.ejadaalex.local"/>
         <property name="os" value="Windows 10 64bit"/>
         <property name="katalonVersion" value="5.8.6.1"/>
         <property name="browser" value="Chrome 71.0.3578.98"/>
         <property name="hostAddress" value="192.168.3.64"/>
         <property name="sessionId" value="ed188e02e876de17855416feec61cbc5"/>
         <property name="seleniumVersion" value="3.7.1"/>
         <property name="proxyInformation" value="ProxyInformation{proxyOption=NO_PROXY, proxyServerType=HTTP, password=, proxyServerAddress=, proxyServerPort=0}"/>
         <property name="platform" value="Windows 10"/>
      </properties>
      <testcase name="Test Cases/TC_Login" classname="Test Cases/TC_Login" status="PASSED">
         <system-out><![CDATA[2019-02-03 13:11:00 - [TEST_CASE][PASSED] - Test Cases/TC_Login: Test Cases/TC_Login

2019-02-03 13:11:00 - [TEST_STEP][PASSED] - pk_Functions.CS_Login.LoginFun: pk_Functions.CS_Login.LoginFun is PASSED

2019-02-03 13:11:00 - [MESSAGE][WARNING] - Test object id is null

2019-02-03 13:11:15 - [MESSAGE][PASSED] - Browser is opened with url: 'http://192.168.0.190:8080/mof/#/'

2019-02-03 13:11:15 - [MESSAGE][PASSED] - Text 'AAttia' is set on object 'Object Repository/Login/Username'

2019-02-03 13:11:15 - [MESSAGE][PASSED] - Text '123' is set on object 'Object Repository/Login/Password'

2019-02-03 13:11:16 - [MESSAGE][PASSED] - Object: 'Object Repository/Login/Login' is clicked on

2019-02-03 13:11:16 - [MESSAGE][PASSED] - pk_Functions.CS_Login.LoginFun is PASSED]]></system-out>
         <system-err><![CDATA[]]></system-err>
      </testcase>
      <testcase name="Test Cases/Event Group Management/TC_Select_Screen" classname="Test Cases/Event Group Management/TC_Select_Screen" status="PASSED">
         <system-out><![CDATA[2019-02-03 13:11:16 - [TEST_CASE][PASSED] - Test Cases/Event Group Management/TC_Select_Screen: Test Cases/Event Group Management/TC_Select_Screen

2019-02-03 13:11:16 - [TEST_STEP][PASSED] - click: Object: 'Object Repository/NE_SideMenu' is clicked on

2019-02-03 13:11:18 - [MESSAGE][PASSED] - Object: 'Object Repository/NE_SideMenu' is clicked on

2019-02-03 13:11:18 - [TEST_STEP][PASSED] - click: Object: 'Object Repository/NE_EventGroupManagement' is clicked on

2019-02-03 13:11:18 - [MESSAGE][PASSED] - Object: 'Object Repository/NE_EventGroupManagement' is clicked on

2019-02-03 13:11:18 - [TEST_STEP][PASSED] - click: Object: 'Object Repository/Event Group Managemnt/BTN_Search' is clicked on

2019-02-03 13:11:18 - [MESSAGE][PASSED] - Object: 'Object Repository/Event Group Managemnt/BTN_Search' is clicked on

2019-02-03 13:11:18 - [TEST_STEP][PASSED] - delay: Delayed 2 second(s)

2019-02-03 13:11:20 - [MESSAGE][PASSED] - Delayed 2 second(s)]]></system-out>
         <system-err><![CDATA[]]></system-err>
      </testcase>
      <testcase name="Test Cases/Event Group Management/TC_Insert" classname="Test Cases/Event Group Management/TC_Insert" status="PASSED">
         <system-out><![CDATA[2019-02-03 13:11:20 - [TEST_CASE][PASSED] - Test Cases/Event Group Management/TC_Insert: Test Cases/Event Group Management/TC_Insert

2019-02-03 13:11:21 - [TEST_STEP][PASSED] - click: Object: 'Object Repository/Event Group Managemnt/BTN_Insert' is clicked on

2019-02-03 13:11:21 - [MESSAGE][PASSED] - Object: 'Object Repository/Event Group Managemnt/BTN_Insert' is clicked on

2019-02-03 13:11:21 - [TEST_STEP][PASSED] - pk_Functions.CS_AllPageData.AllPageDataFun: pk_Functions.CS_AllPageData.AllPageDataFun is PASSED

2019-02-03 13:11:23 - [MESSAGE][PASSED] - Delayed 1 second(s)

2019-02-03 13:11:23 - [MESSAGE][PASSED] - Text '123' is set on object ''

2019-02-03 13:11:24 - [MESSAGE][PASSED] - Delayed 1 second(s)

2019-02-03 13:11:24 - [MESSAGE][PASSED] - Text 'Event Group Management1' is set on object ''

2019-02-03 13:11:25 - [MESSAGE][PASSED] - Delayed 1 second(s)

2019-02-03 13:11:25 - [MESSAGE][PASSED] - Text 'Event Group Management1' is set on object ''

2019-02-03 13:11:25 - [MESSAGE][PASSED] - pk_Functions.CS_AllPageData.AllPageDataFun is PASSED

2019-02-03 13:11:25 - [TEST_STEP][PASSED] - click: Object: 'Object Repository/BTN_Save' is clicked on

2019-02-03 13:11:25 - [MESSAGE][PASSED] - Object: 'Object Repository/BTN_Save' is clicked on

2019-02-03 13:11:25 - [TEST_STEP][PASSED] - delay: Delayed 3 second(s)

2019-02-03 13:11:28 - [MESSAGE][PASSED] - Delayed 3 second(s)

2019-02-03 13:11:28 - [TEST_STEP][PASSED] - click: Object: 'Object Repository/BTN_Back' is clicked on

2019-02-03 13:11:29 - [MESSAGE][PASSED] - Object: 'Object Repository/BTN_Back' is clicked on

2019-02-03 13:11:29 - [TEST_STEP][PASSED] - delay: Delayed 3 second(s)

2019-02-03 13:11:32 - [MESSAGE][PASSED] - Delayed 3 second(s)]]></system-out>
         <system-err><![CDATA[]]></system-err>
      </testcase>
      <testcase name="Test Cases/Event Group Management/TC_Insert" classname="Test Cases/Event Group Management/TC_Insert" status="PASSED">
         <system-out><![CDATA[2019-02-03 13:11:32 - [TEST_CASE][PASSED] - Test Cases/Event Group Management/TC_Insert: Test Cases/Event Group Management/TC_Insert

2019-02-03 13:11:32 - [TEST_STEP][PASSED] - click: Object: 'Object Repository/Event Group Managemnt/BTN_Insert' is clicked on

2019-02-03 13:11:32 - [MESSAGE][PASSED] - Object: 'Object Repository/Event Group Managemnt/BTN_Insert' is clicked on

2019-02-03 13:11:32 - [TEST_STEP][PASSED] - pk_Functions.CS_AllPageData.AllPageDataFun: pk_Functions.CS_AllPageData.AllPageDataFun is PASSED

2019-02-03 13:11:33 - [MESSAGE][PASSED] - Delayed 1 second(s)

2019-02-03 13:11:33 - [MESSAGE][PASSED] - Text '223' is set on object ''

2019-02-03 13:11:34 - [MESSAGE][PASSED] - Delayed 1 second(s)

2019-02-03 13:11:34 - [MESSAGE][PASSED] - Text 'جروب الادارة ' is set on object ''

2019-02-03 13:11:35 - [MESSAGE][PASSED] - Delayed 1 second(s)

2019-02-03 13:11:35 - [MESSAGE][PASSED] - Text 'Event Group Management2' is set on object ''

2019-02-03 13:11:35 - [MESSAGE][PASSED] - pk_Functions.CS_AllPageData.AllPageDataFun is PASSED

2019-02-03 13:11:35 - [TEST_STEP][PASSED] - click: Object: 'Object Repository/BTN_Save' is clicked on

2019-02-03 13:11:35 - [MESSAGE][PASSED] - Object: 'Object Repository/BTN_Save' is clicked on

2019-02-03 13:11:35 - [TEST_STEP][PASSED] - delay: Delayed 3 second(s)

2019-02-03 13:11:38 - [MESSAGE][PASSED] - Delayed 3 second(s)

2019-02-03 13:11:38 - [TEST_STEP][PASSED] - click: Object: 'Object Repository/BTN_Back' is clicked on

2019-02-03 13:11:39 - [MESSAGE][PASSED] - Object: 'Object Repository/BTN_Back' is clicked on

2019-02-03 13:11:39 - [TEST_STEP][PASSED] - delay: Delayed 3 second(s)

2019-02-03 13:11:42 - [MESSAGE][PASSED] - Delayed 3 second(s)]]></system-out>
         <system-err><![CDATA[]]></system-err>
      </testcase>
      <testcase name="Test Cases/Event Group Management/TC_Insert" classname="Test Cases/Event Group Management/TC_Insert" status="PASSED">
         <system-out><![CDATA[2019-02-03 13:11:42 - [TEST_CASE][PASSED] - Test Cases/Event Group Management/TC_Insert: Test Cases/Event Group Management/TC_Insert

2019-02-03 13:11:42 - [TEST_STEP][PASSED] - click: Object: 'Object Repository/Event Group Managemnt/BTN_Insert' is clicked on

2019-02-03 13:11:42 - [MESSAGE][PASSED] - Object: 'Object Repository/Event Group Managemnt/BTN_Insert' is clicked on

2019-02-03 13:11:42 - [TEST_STEP][PASSED] - pk_Functions.CS_AllPageData.AllPageDataFun: pk_Functions.CS_AllPageData.AllPageDataFun is PASSED

2019-02-03 13:11:43 - [MESSAGE][PASSED] - Delayed 1 second(s)

2019-02-03 13:11:43 - [MESSAGE][PASSED] - Text '1' is set on object ''

2019-02-03 13:11:44 - [MESSAGE][PASSED] - Delayed 1 second(s)

2019-02-03 13:11:44 - [MESSAGE][PASSED] - Text 'Rome Rome' is set on object ''

2019-02-03 13:11:45 - [MESSAGE][PASSED] - Delayed 1 second(s)

2019-02-03 13:11:45 - [MESSAGE][PASSED] - Text 'Venice Venice' is set on object ''

2019-02-03 13:11:45 - [MESSAGE][PASSED] - pk_Functions.CS_AllPageData.AllPageDataFun is PASSED

2019-02-03 13:11:45 - [TEST_STEP][PASSED] - click: Object: 'Object Repository/BTN_Save' is clicked on

2019-02-03 13:11:45 - [MESSAGE][PASSED] - Object: 'Object Repository/BTN_Save' is clicked on

2019-02-03 13:11:45 - [TEST_STEP][PASSED] - delay: Delayed 3 second(s)

2019-02-03 13:11:48 - [MESSAGE][PASSED] - Delayed 3 second(s)

2019-02-03 13:11:48 - [TEST_STEP][PASSED] - click: Object: 'Object Repository/BTN_Back' is clicked on

2019-02-03 13:11:49 - [MESSAGE][PASSED] - Object: 'Object Repository/BTN_Back' is clicked on

2019-02-03 13:11:49 - [TEST_STEP][PASSED] - delay: Delayed 3 second(s)

2019-02-03 13:11:52 - [MESSAGE][PASSED] - Delayed 3 second(s)]]></system-out>
         <system-err><![CDATA[]]></system-err>
      </testcase>
      <testcase name="Test Cases/Event Group Management/TC_Insert" classname="Test Cases/Event Group Management/TC_Insert" status="PASSED">
         <system-out><![CDATA[2019-02-03 13:11:52 - [TEST_CASE][PASSED] - Test Cases/Event Group Management/TC_Insert: Test Cases/Event Group Management/TC_Insert

2019-02-03 13:11:52 - [TEST_STEP][PASSED] - click: Object: 'Object Repository/Event Group Managemnt/BTN_Insert' is clicked on

2019-02-03 13:11:52 - [MESSAGE][PASSED] - Object: 'Object Repository/Event Group Managemnt/BTN_Insert' is clicked on

2019-02-03 13:11:52 - [TEST_STEP][PASSED] - pk_Functions.CS_AllPageData.AllPageDataFun: pk_Functions.CS_AllPageData.AllPageDataFun is PASSED

2019-02-03 13:11:53 - [MESSAGE][PASSED] - Delayed 1 second(s)

2019-02-03 13:11:53 - [MESSAGE][PASSED] - Text '2' is set on object ''

2019-02-03 13:11:54 - [MESSAGE][PASSED] - Delayed 1 second(s)

2019-02-03 13:11:54 - [MESSAGE][PASSED] - Text 'Event Group Management3' is set on object ''

2019-02-03 13:11:55 - [MESSAGE][PASSED] - Delayed 1 second(s)

2019-02-03 13:11:55 - [MESSAGE][PASSED] - Text 'Event Group Management3' is set on object ''

2019-02-03 13:11:55 - [MESSAGE][PASSED] - pk_Functions.CS_AllPageData.AllPageDataFun is PASSED

2019-02-03 13:11:55 - [TEST_STEP][PASSED] - click: Object: 'Object Repository/BTN_Save' is clicked on

2019-02-03 13:11:55 - [MESSAGE][PASSED] - Object: 'Object Repository/BTN_Save' is clicked on

2019-02-03 13:11:55 - [TEST_STEP][PASSED] - delay: Delayed 3 second(s)

2019-02-03 13:11:58 - [MESSAGE][PASSED] - Delayed 3 second(s)

2019-02-03 13:11:58 - [TEST_STEP][PASSED] - click: Object: 'Object Repository/BTN_Back' is clicked on

2019-02-03 13:11:59 - [MESSAGE][PASSED] - Object: 'Object Repository/BTN_Back' is clicked on

2019-02-03 13:11:59 - [TEST_STEP][PASSED] - delay: Delayed 3 second(s)

2019-02-03 13:12:02 - [MESSAGE][PASSED] - Delayed 3 second(s)]]></system-out>
         <system-err><![CDATA[]]></system-err>
      </testcase>
      <testcase name="Test Cases/Event Group Management/TC_Insert" classname="Test Cases/Event Group Management/TC_Insert" status="PASSED">
         <system-out><![CDATA[2019-02-03 13:12:02 - [TEST_CASE][PASSED] - Test Cases/Event Group Management/TC_Insert: Test Cases/Event Group Management/TC_Insert

2019-02-03 13:12:02 - [TEST_STEP][PASSED] - click: Object: 'Object Repository/Event Group Managemnt/BTN_Insert' is clicked on

2019-02-03 13:12:02 - [MESSAGE][PASSED] - Object: 'Object Repository/Event Group Managemnt/BTN_Insert' is clicked on

2019-02-03 13:12:02 - [TEST_STEP][PASSED] - pk_Functions.CS_AllPageData.AllPageDataFun: pk_Functions.CS_AllPageData.AllPageDataFun is PASSED

2019-02-03 13:12:03 - [MESSAGE][PASSED] - Delayed 1 second(s)

2019-02-03 13:12:03 - [MESSAGE][PASSED] - Text '3' is set on object ''

2019-02-03 13:12:04 - [MESSAGE][PASSED] - Delayed 1 second(s)

2019-02-03 13:12:04 - [MESSAGE][PASSED] - Text 'Event Group Management4' is set on object ''

2019-02-03 13:12:05 - [MESSAGE][PASSED] - Delayed 1 second(s)

2019-02-03 13:12:05 - [MESSAGE][PASSED] - Text 'Event Group Management4' is set on object ''

2019-02-03 13:12:05 - [MESSAGE][PASSED] - pk_Functions.CS_AllPageData.AllPageDataFun is PASSED

2019-02-03 13:12:05 - [TEST_STEP][PASSED] - click: Object: 'Object Repository/BTN_Save' is clicked on

2019-02-03 13:12:06 - [MESSAGE][PASSED] - Object: 'Object Repository/BTN_Save' is clicked on

2019-02-03 13:12:06 - [TEST_STEP][PASSED] - delay: Delayed 3 second(s)

2019-02-03 13:12:09 - [MESSAGE][PASSED] - Delayed 3 second(s)

2019-02-03 13:12:09 - [TEST_STEP][PASSED] - click: Object: 'Object Repository/BTN_Back' is clicked on

2019-02-03 13:12:09 - [MESSAGE][PASSED] - Object: 'Object Repository/BTN_Back' is clicked on

2019-02-03 13:12:09 - [TEST_STEP][PASSED] - delay: Delayed 3 second(s)

2019-02-03 13:12:12 - [MESSAGE][PASSED] - Delayed 3 second(s)]]></system-out>
         <system-err><![CDATA[]]></system-err>
      </testcase>
      <testcase name="Test Cases/Event Group Management/TC_Insert" classname="Test Cases/Event Group Management/TC_Insert" status="PASSED">
         <system-out><![CDATA[2019-02-03 13:12:12 - [TEST_CASE][PASSED] - Test Cases/Event Group Management/TC_Insert: Test Cases/Event Group Management/TC_Insert

2019-02-03 13:12:12 - [TEST_STEP][PASSED] - click: Object: 'Object Repository/Event Group Managemnt/BTN_Insert' is clicked on

2019-02-03 13:12:12 - [MESSAGE][PASSED] - Object: 'Object Repository/Event Group Managemnt/BTN_Insert' is clicked on

2019-02-03 13:12:12 - [TEST_STEP][PASSED] - pk_Functions.CS_AllPageData.AllPageDataFun: pk_Functions.CS_AllPageData.AllPageDataFun is PASSED

2019-02-03 13:12:13 - [MESSAGE][PASSED] - Delayed 1 second(s)

2019-02-03 13:12:13 - [MESSAGE][PASSED] - Text '4' is set on object ''

2019-02-03 13:12:14 - [MESSAGE][PASSED] - Delayed 1 second(s)

2019-02-03 13:12:14 - [MESSAGE][PASSED] - Text 'Event Group Management5' is set on object ''

2019-02-03 13:12:15 - [MESSAGE][PASSED] - Delayed 1 second(s)

2019-02-03 13:12:15 - [MESSAGE][PASSED] - Text 'Event Group Management5' is set on object ''

2019-02-03 13:12:15 - [MESSAGE][PASSED] - pk_Functions.CS_AllPageData.AllPageDataFun is PASSED

2019-02-03 13:12:15 - [TEST_STEP][PASSED] - click: Object: 'Object Repository/BTN_Save' is clicked on

2019-02-03 13:12:16 - [MESSAGE][PASSED] - Object: 'Object Repository/BTN_Save' is clicked on

2019-02-03 13:12:16 - [TEST_STEP][PASSED] - delay: Delayed 3 second(s)

2019-02-03 13:12:19 - [MESSAGE][PASSED] - Delayed 3 second(s)

2019-02-03 13:12:19 - [TEST_STEP][PASSED] - click: Object: 'Object Repository/BTN_Back' is clicked on

2019-02-03 13:12:19 - [MESSAGE][PASSED] - Object: 'Object Repository/BTN_Back' is clicked on

2019-02-03 13:12:19 - [TEST_STEP][PASSED] - delay: Delayed 3 second(s)

2019-02-03 13:12:22 - [MESSAGE][PASSED] - Delayed 3 second(s)]]></system-out>
         <system-err><![CDATA[]]></system-err>
      </testcase>
      <testcase name="Test Cases/Event Group Management/TC_Insert" classname="Test Cases/Event Group Management/TC_Insert" status="PASSED">
         <system-out><![CDATA[2019-02-03 13:12:22 - [TEST_CASE][PASSED] - Test Cases/Event Group Management/TC_Insert: Test Cases/Event Group Management/TC_Insert

2019-02-03 13:12:22 - [TEST_STEP][PASSED] - click: Object: 'Object Repository/Event Group Managemnt/BTN_Insert' is clicked on

2019-02-03 13:12:22 - [MESSAGE][PASSED] - Object: 'Object Repository/Event Group Managemnt/BTN_Insert' is clicked on

2019-02-03 13:12:22 - [TEST_STEP][PASSED] - pk_Functions.CS_AllPageData.AllPageDataFun: pk_Functions.CS_AllPageData.AllPageDataFun is PASSED

2019-02-03 13:12:23 - [MESSAGE][PASSED] - Delayed 1 second(s)

2019-02-03 13:12:23 - [MESSAGE][PASSED] - Text '5' is set on object ''

2019-02-03 13:12:24 - [MESSAGE][PASSED] - Delayed 1 second(s)

2019-02-03 13:12:24 - [MESSAGE][PASSED] - Text 'Event Group Management6' is set on object ''

2019-02-03 13:12:25 - [MESSAGE][PASSED] - Delayed 1 second(s)

2019-02-03 13:12:26 - [MESSAGE][PASSED] - Text 'Event Group Management6' is set on object ''

2019-02-03 13:12:26 - [MESSAGE][PASSED] - pk_Functions.CS_AllPageData.AllPageDataFun is PASSED

2019-02-03 13:12:26 - [TEST_STEP][PASSED] - click: Object: 'Object Repository/BTN_Save' is clicked on

2019-02-03 13:12:26 - [MESSAGE][PASSED] - Object: 'Object Repository/BTN_Save' is clicked on

2019-02-03 13:12:26 - [TEST_STEP][PASSED] - delay: Delayed 3 second(s)

2019-02-03 13:12:29 - [MESSAGE][PASSED] - Delayed 3 second(s)

2019-02-03 13:12:29 - [TEST_STEP][PASSED] - click: Object: 'Object Repository/BTN_Back' is clicked on

2019-02-03 13:12:29 - [MESSAGE][PASSED] - Object: 'Object Repository/BTN_Back' is clicked on

2019-02-03 13:12:29 - [TEST_STEP][PASSED] - delay: Delayed 3 second(s)

2019-02-03 13:12:32 - [MESSAGE][PASSED] - Delayed 3 second(s)]]></system-out>
         <system-err><![CDATA[]]></system-err>
      </testcase>
      <testcase name="Test Cases/Event Group Management/TC_Insert" classname="Test Cases/Event Group Management/TC_Insert" status="PASSED">
         <system-out><![CDATA[2019-02-03 13:12:32 - [TEST_CASE][PASSED] - Test Cases/Event Group Management/TC_Insert: Test Cases/Event Group Management/TC_Insert

2019-02-03 13:12:35 - [TEST_STEP][PASSED] - click: Object: 'Object Repository/Event Group Managemnt/BTN_Insert' is clicked on

2019-02-03 13:12:35 - [MESSAGE][PASSED] - Object: 'Object Repository/Event Group Managemnt/BTN_Insert' is clicked on

2019-02-03 13:12:35 - [TEST_STEP][PASSED] - pk_Functions.CS_AllPageData.AllPageDataFun: pk_Functions.CS_AllPageData.AllPageDataFun is PASSED

2019-02-03 13:12:36 - [MESSAGE][PASSED] - Delayed 1 second(s)

2019-02-03 13:12:36 - [MESSAGE][PASSED] - Text '6' is set on object ''

2019-02-03 13:12:37 - [MESSAGE][PASSED] - Delayed 1 second(s)

2019-02-03 13:12:37 - [MESSAGE][PASSED] - Text 'Event Group Management7' is set on object ''

2019-02-03 13:12:38 - [MESSAGE][PASSED] - Delayed 1 second(s)

2019-02-03 13:12:39 - [MESSAGE][PASSED] - Text 'Event Group Management7' is set on object ''

2019-02-03 13:12:39 - [MESSAGE][PASSED] - pk_Functions.CS_AllPageData.AllPageDataFun is PASSED

2019-02-03 13:12:39 - [TEST_STEP][PASSED] - click: Object: 'Object Repository/BTN_Save' is clicked on

2019-02-03 13:12:39 - [MESSAGE][PASSED] - Object: 'Object Repository/BTN_Save' is clicked on

2019-02-03 13:12:39 - [TEST_STEP][PASSED] - delay: Delayed 3 second(s)

2019-02-03 13:12:42 - [MESSAGE][PASSED] - Delayed 3 second(s)

2019-02-03 13:12:42 - [TEST_STEP][PASSED] - click: Object: 'Object Repository/BTN_Back' is clicked on

2019-02-03 13:12:42 - [MESSAGE][PASSED] - Object: 'Object Repository/BTN_Back' is clicked on

2019-02-03 13:12:42 - [TEST_STEP][PASSED] - delay: Delayed 3 second(s)

2019-02-03 13:12:45 - [MESSAGE][PASSED] - Delayed 3 second(s)]]></system-out>
         <system-err><![CDATA[]]></system-err>
      </testcase>
      <testcase name="Test Cases/Event Group Management/TC_Delete" classname="Test Cases/Event Group Management/TC_Delete" status="PASSED">
         <system-out><![CDATA[2019-02-03 13:12:45 - [TEST_CASE][PASSED] - Test Cases/Event Group Management/TC_Delete: Test Cases/Event Group Management/TC_Delete

2019-02-03 13:12:45 - [TEST_STEP][PASSED] - pk_Functions.CS_ClickingonUpdateorDeletebutton.SelectRecordFromWebtableFun: pk_Functions.CS_ClickingonUpdateorDeletebutton.SelectRecordFromWebtableFun is PASSED

2019-02-03 13:12:45 - [MESSAGE][PASSED] - pk_Functions.CS_ClickingonUpdateorDeletebutton.SelectRecordFromWebtableFun is PASSED

2019-02-03 13:12:45 - [TEST_STEP][PASSED] - delay: Delayed 2 second(s)

2019-02-03 13:12:47 - [MESSAGE][PASSED] - Delayed 2 second(s)]]></system-out>
         <system-err><![CDATA[]]></system-err>
      </testcase>
      <testcase name="Test Cases/Event Group Management/TC_Delete" classname="Test Cases/Event Group Management/TC_Delete" status="PASSED">
         <system-out><![CDATA[2019-02-03 13:12:47 - [TEST_CASE][PASSED] - Test Cases/Event Group Management/TC_Delete: Test Cases/Event Group Management/TC_Delete

2019-02-03 13:12:47 - [TEST_STEP][PASSED] - pk_Functions.CS_ClickingonUpdateorDeletebutton.SelectRecordFromWebtableFun: pk_Functions.CS_ClickingonUpdateorDeletebutton.SelectRecordFromWebtableFun is PASSED

2019-02-03 13:12:47 - [MESSAGE][PASSED] - pk_Functions.CS_ClickingonUpdateorDeletebutton.SelectRecordFromWebtableFun is PASSED

2019-02-03 13:12:47 - [TEST_STEP][PASSED] - delay: Delayed 2 second(s)

2019-02-03 13:12:49 - [MESSAGE][PASSED] - Delayed 2 second(s)]]></system-out>
         <system-err><![CDATA[]]></system-err>
      </testcase>
      <testcase name="Test Cases/Event Group Management/TC_Delete" classname="Test Cases/Event Group Management/TC_Delete" status="PASSED">
         <system-out><![CDATA[2019-02-03 13:12:49 - [TEST_CASE][PASSED] - Test Cases/Event Group Management/TC_Delete: Test Cases/Event Group Management/TC_Delete

2019-02-03 13:12:49 - [TEST_STEP][PASSED] - pk_Functions.CS_ClickingonUpdateorDeletebutton.SelectRecordFromWebtableFun: pk_Functions.CS_ClickingonUpdateorDeletebutton.SelectRecordFromWebtableFun is PASSED

2019-02-03 13:12:49 - [MESSAGE][PASSED] - pk_Functions.CS_ClickingonUpdateorDeletebutton.SelectRecordFromWebtableFun is PASSED

2019-02-03 13:12:49 - [TEST_STEP][PASSED] - delay: Delayed 2 second(s)

2019-02-03 13:12:51 - [MESSAGE][PASSED] - Delayed 2 second(s)]]></system-out>
         <system-err><![CDATA[]]></system-err>
      </testcase>
      <testcase name="Test Cases/Event Group Management/TC_Delete" classname="Test Cases/Event Group Management/TC_Delete" status="PASSED">
         <system-out><![CDATA[2019-02-03 13:12:51 - [TEST_CASE][PASSED] - Test Cases/Event Group Management/TC_Delete: Test Cases/Event Group Management/TC_Delete

2019-02-03 13:12:51 - [TEST_STEP][PASSED] - pk_Functions.CS_ClickingonUpdateorDeletebutton.SelectRecordFromWebtableFun: pk_Functions.CS_ClickingonUpdateorDeletebutton.SelectRecordFromWebtableFun is PASSED

2019-02-03 13:12:52 - [MESSAGE][PASSED] - pk_Functions.CS_ClickingonUpdateorDeletebutton.SelectRecordFromWebtableFun is PASSED

2019-02-03 13:12:52 - [TEST_STEP][PASSED] - delay: Delayed 2 second(s)

2019-02-03 13:12:54 - [MESSAGE][PASSED] - Delayed 2 second(s)]]></system-out>
         <system-err><![CDATA[]]></system-err>
      </testcase>
      <testcase name="Test Cases/Event Group Management/TC_Delete" classname="Test Cases/Event Group Management/TC_Delete" status="PASSED">
         <system-out><![CDATA[2019-02-03 13:12:54 - [TEST_CASE][PASSED] - Test Cases/Event Group Management/TC_Delete: Test Cases/Event Group Management/TC_Delete

2019-02-03 13:12:54 - [TEST_STEP][PASSED] - pk_Functions.CS_ClickingonUpdateorDeletebutton.SelectRecordFromWebtableFun: pk_Functions.CS_ClickingonUpdateorDeletebutton.SelectRecordFromWebtableFun is PASSED

2019-02-03 13:12:54 - [MESSAGE][PASSED] - pk_Functions.CS_ClickingonUpdateorDeletebutton.SelectRecordFromWebtableFun is PASSED

2019-02-03 13:12:54 - [TEST_STEP][PASSED] - delay: Delayed 2 second(s)

2019-02-03 13:12:56 - [MESSAGE][PASSED] - Delayed 2 second(s)]]></system-out>
         <system-err><![CDATA[]]></system-err>
      </testcase>
      <testcase name="Test Cases/Event Group Management/TC_Delete" classname="Test Cases/Event Group Management/TC_Delete" status="PASSED">
         <system-out><![CDATA[2019-02-03 13:12:56 - [TEST_CASE][PASSED] - Test Cases/Event Group Management/TC_Delete: Test Cases/Event Group Management/TC_Delete

2019-02-03 13:12:56 - [TEST_STEP][PASSED] - pk_Functions.CS_ClickingonUpdateorDeletebutton.SelectRecordFromWebtableFun: pk_Functions.CS_ClickingonUpdateorDeletebutton.SelectRecordFromWebtableFun is PASSED

2019-02-03 13:12:56 - [MESSAGE][PASSED] - pk_Functions.CS_ClickingonUpdateorDeletebutton.SelectRecordFromWebtableFun is PASSED

2019-02-03 13:12:56 - [TEST_STEP][PASSED] - delay: Delayed 2 second(s)

2019-02-03 13:12:58 - [MESSAGE][PASSED] - Delayed 2 second(s)]]></system-out>
         <system-err><![CDATA[]]></system-err>
      </testcase>
      <testcase name="Test Cases/Event Group Management/TC_Delete" classname="Test Cases/Event Group Management/TC_Delete" status="PASSED">
         <system-out><![CDATA[2019-02-03 13:12:58 - [TEST_CASE][PASSED] - Test Cases/Event Group Management/TC_Delete: Test Cases/Event Group Management/TC_Delete

2019-02-03 13:12:58 - [TEST_STEP][PASSED] - pk_Functions.CS_ClickingonUpdateorDeletebutton.SelectRecordFromWebtableFun: pk_Functions.CS_ClickingonUpdateorDeletebutton.SelectRecordFromWebtableFun is PASSED

2019-02-03 13:12:58 - [MESSAGE][PASSED] - pk_Functions.CS_ClickingonUpdateorDeletebutton.SelectRecordFromWebtableFun is PASSED

2019-02-03 13:12:58 - [TEST_STEP][PASSED] - delay: Delayed 2 second(s)

2019-02-03 13:13:00 - [MESSAGE][PASSED] - Delayed 2 second(s)]]></system-out>
         <system-err><![CDATA[]]></system-err>
      </testcase>
      <testcase name="Test Cases/Event Group Management/TC_Delete" classname="Test Cases/Event Group Management/TC_Delete" status="PASSED">
         <system-out><![CDATA[2019-02-03 13:13:00 - [TEST_CASE][PASSED] - Test Cases/Event Group Management/TC_Delete: Test Cases/Event Group Management/TC_Delete

2019-02-03 13:13:00 - [TEST_STEP][PASSED] - pk_Functions.CS_ClickingonUpdateorDeletebutton.SelectRecordFromWebtableFun: pk_Functions.CS_ClickingonUpdateorDeletebutton.SelectRecordFromWebtableFun is PASSED

2019-02-03 13:13:00 - [MESSAGE][PASSED] - pk_Functions.CS_ClickingonUpdateorDeletebutton.SelectRecordFromWebtableFun is PASSED

2019-02-03 13:13:00 - [TEST_STEP][PASSED] - delay: Delayed 2 second(s)

2019-02-03 13:13:02 - [MESSAGE][PASSED] - Delayed 2 second(s)]]></system-out>
         <system-err><![CDATA[]]></system-err>
      </testcase>
      <system-out><![CDATA[2019-02-03 13:10:59 - [TEST_SUITE][PASSED] - TS_Event Group Management: Test Cases/Event Group Management/TC_Delete]]></system-out>
      <system-err><![CDATA[]]></system-err>
   </testsuite>
</testsuites>
