<?xml version="1.0" encoding="UTF-8"?>
<testsuites name="TS_Event Group Management" time="170" tests="18" failures="0" errors="0">
   <testsuite name="TS_Event Group Management" tests="18" failures="0" errors="0" time="170" timestamp="2019-02-03 13:41:27" hostname="aeibrahim - LPALXY0477.ejadaalex.local" id="Test Suites/Event Group Management/TS_Event Group Management">
      <properties>
         <property name="deviceName" value=""/>
         <property name="devicePlatform" value=""/>
         <property name="logFolder" value="C:\\Users\\aeibrahim\\git\\MOF\\Reports\\Event Group Management\\TS_Event Group Management\\20190203_134125"/>
         <property name="logFiles" value="C:\\Users\\aeibrahim\\git\\MOF\\Reports\\Event Group Management\\TS_Event Group Management\\20190203_134125\\execution0.log"/>
         <property name="attachments" value=""/>
         <property name="hostName" value="aeibrahim - LPALXY0477.ejadaalex.local"/>
         <property name="os" value="Windows 10 64bit"/>
         <property name="katalonVersion" value="5.8.6.1"/>
         <property name="browser" value="Chrome 71.0.3578.98"/>
         <property name="hostAddress" value="192.168.3.64"/>
         <property name="sessionId" value="85050c0d7b3f07b582a49825fca647c1"/>
         <property name="seleniumVersion" value="3.7.1"/>
         <property name="proxyInformation" value="ProxyInformation{proxyOption=NO_PROXY, proxyServerType=HTTP, password=, proxyServerAddress=, proxyServerPort=0}"/>
         <property name="platform" value="Windows 10"/>
      </properties>
      <testcase name="Test Cases/TC_Login" classname="Test Cases/TC_Login" status="PASSED">
         <system-out><![CDATA[2019-02-03 13:41:27 - [TEST_CASE][PASSED] - Test Cases/TC_Login: Test Cases/TC_Login

2019-02-03 13:41:28 - [TEST_STEP][PASSED] - pk_Functions.CS_Login.LoginFun: pk_Functions.CS_Login.LoginFun is PASSED

2019-02-03 13:41:28 - [MESSAGE][WARNING] - Test object id is null

2019-02-03 13:41:45 - [MESSAGE][PASSED] - Browser is opened with url: 'http://192.168.0.190:8080/mof/#/'

2019-02-03 13:41:45 - [MESSAGE][PASSED] - Text 'AAttia' is set on object 'Object Repository/Login/Username'

2019-02-03 13:41:45 - [MESSAGE][PASSED] - Text '123' is set on object 'Object Repository/Login/Password'

2019-02-03 13:41:46 - [MESSAGE][PASSED] - Object: 'Object Repository/Login/Login' is clicked on

2019-02-03 13:41:46 - [MESSAGE][PASSED] - pk_Functions.CS_Login.LoginFun is PASSED]]></system-out>
         <system-err><![CDATA[]]></system-err>
      </testcase>
      <testcase name="Test Cases/Event Group Management/TC_Select_Screen" classname="Test Cases/Event Group Management/TC_Select_Screen" status="PASSED">
         <system-out><![CDATA[2019-02-03 13:41:46 - [TEST_CASE][PASSED] - Test Cases/Event Group Management/TC_Select_Screen: Test Cases/Event Group Management/TC_Select_Screen

2019-02-03 13:41:46 - [TEST_STEP][PASSED] - click: Object: 'Object Repository/NE_SideMenu' is clicked on

2019-02-03 13:41:49 - [MESSAGE][PASSED] - Object: 'Object Repository/NE_SideMenu' is clicked on

2019-02-03 13:41:49 - [TEST_STEP][PASSED] - click: Object: 'Object Repository/NE_EventGroupManagement' is clicked on

2019-02-03 13:41:49 - [MESSAGE][PASSED] - Object: 'Object Repository/NE_EventGroupManagement' is clicked on

2019-02-03 13:41:49 - [TEST_STEP][PASSED] - click: Object: 'Object Repository/Event Group Managemnt/BTN_Search' is clicked on

2019-02-03 13:41:50 - [MESSAGE][PASSED] - Object: 'Object Repository/Event Group Managemnt/BTN_Search' is clicked on

2019-02-03 13:41:50 - [TEST_STEP][PASSED] - delay: Delayed 2 second(s)

2019-02-03 13:41:52 - [MESSAGE][PASSED] - Delayed 2 second(s)]]></system-out>
         <system-err><![CDATA[]]></system-err>
      </testcase>
      <testcase name="Test Cases/Event Group Management/TC_Insert" classname="Test Cases/Event Group Management/TC_Insert" status="PASSED">
         <system-out><![CDATA[2019-02-03 13:41:52 - [TEST_CASE][PASSED] - Test Cases/Event Group Management/TC_Insert: Test Cases/Event Group Management/TC_Insert

2019-02-03 13:41:52 - [TEST_STEP][PASSED] - click: Object: 'Object Repository/Event Group Managemnt/BTN_Insert' is clicked on

2019-02-03 13:41:52 - [MESSAGE][PASSED] - Object: 'Object Repository/Event Group Managemnt/BTN_Insert' is clicked on

2019-02-03 13:41:52 - [TEST_STEP][PASSED] - pk_Functions.CS_AllPageData.AllPageDataFun: pk_Functions.CS_AllPageData.AllPageDataFun is PASSED

2019-02-03 13:41:54 - [MESSAGE][PASSED] - Delayed 1 second(s)

2019-02-03 13:41:54 - [MESSAGE][PASSED] - Text '123' is set on object ''

2019-02-03 13:41:55 - [MESSAGE][PASSED] - Delayed 1 second(s)

2019-02-03 13:41:56 - [MESSAGE][PASSED] - Text 'Event Group Management1' is set on object ''

2019-02-03 13:41:57 - [MESSAGE][PASSED] - Delayed 1 second(s)

2019-02-03 13:41:57 - [MESSAGE][PASSED] - Text 'Event Group Management1' is set on object ''

2019-02-03 13:41:57 - [MESSAGE][PASSED] - pk_Functions.CS_AllPageData.AllPageDataFun is PASSED

2019-02-03 13:41:57 - [TEST_STEP][PASSED] - click: Object: 'Object Repository/BTN_Save' is clicked on

2019-02-03 13:41:57 - [MESSAGE][PASSED] - Object: 'Object Repository/BTN_Save' is clicked on

2019-02-03 13:41:57 - [TEST_STEP][PASSED] - delay: Delayed 3 second(s)

2019-02-03 13:42:00 - [MESSAGE][PASSED] - Delayed 3 second(s)

2019-02-03 13:42:00 - [TEST_STEP][PASSED] - click: Object: 'Object Repository/BTN_Back' is clicked on

2019-02-03 13:42:00 - [MESSAGE][PASSED] - Object: 'Object Repository/BTN_Back' is clicked on

2019-02-03 13:42:00 - [TEST_STEP][PASSED] - delay: Delayed 3 second(s)

2019-02-03 13:42:03 - [MESSAGE][PASSED] - Delayed 3 second(s)]]></system-out>
         <system-err><![CDATA[]]></system-err>
      </testcase>
      <testcase name="Test Cases/Event Group Management/TC_Insert" classname="Test Cases/Event Group Management/TC_Insert" status="PASSED">
         <system-out><![CDATA[2019-02-03 13:42:03 - [TEST_CASE][PASSED] - Test Cases/Event Group Management/TC_Insert: Test Cases/Event Group Management/TC_Insert

2019-02-03 13:42:03 - [TEST_STEP][PASSED] - click: Object: 'Object Repository/Event Group Managemnt/BTN_Insert' is clicked on

2019-02-03 13:42:03 - [MESSAGE][PASSED] - Object: 'Object Repository/Event Group Managemnt/BTN_Insert' is clicked on

2019-02-03 13:42:03 - [TEST_STEP][PASSED] - pk_Functions.CS_AllPageData.AllPageDataFun: pk_Functions.CS_AllPageData.AllPageDataFun is PASSED

2019-02-03 13:42:04 - [MESSAGE][PASSED] - Delayed 1 second(s)

2019-02-03 13:42:04 - [MESSAGE][PASSED] - Text '223' is set on object ''

2019-02-03 13:42:05 - [MESSAGE][PASSED] - Delayed 1 second(s)

2019-02-03 13:42:06 - [MESSAGE][PASSED] - Text 'جروب الادارة ' is set on object ''

2019-02-03 13:42:07 - [MESSAGE][PASSED] - Delayed 1 second(s)

2019-02-03 13:42:07 - [MESSAGE][PASSED] - Text 'Event Group Management2' is set on object ''

2019-02-03 13:42:07 - [MESSAGE][PASSED] - pk_Functions.CS_AllPageData.AllPageDataFun is PASSED

2019-02-03 13:42:07 - [TEST_STEP][PASSED] - click: Object: 'Object Repository/BTN_Save' is clicked on

2019-02-03 13:42:07 - [MESSAGE][PASSED] - Object: 'Object Repository/BTN_Save' is clicked on

2019-02-03 13:42:07 - [TEST_STEP][PASSED] - delay: Delayed 3 second(s)

2019-02-03 13:42:10 - [MESSAGE][PASSED] - Delayed 3 second(s)

2019-02-03 13:42:10 - [TEST_STEP][PASSED] - click: Object: 'Object Repository/BTN_Back' is clicked on

2019-02-03 13:42:10 - [MESSAGE][PASSED] - Object: 'Object Repository/BTN_Back' is clicked on

2019-02-03 13:42:10 - [TEST_STEP][PASSED] - delay: Delayed 3 second(s)

2019-02-03 13:42:13 - [MESSAGE][PASSED] - Delayed 3 second(s)]]></system-out>
         <system-err><![CDATA[]]></system-err>
      </testcase>
      <testcase name="Test Cases/Event Group Management/TC_Insert" classname="Test Cases/Event Group Management/TC_Insert" status="PASSED">
         <system-out><![CDATA[2019-02-03 13:42:13 - [TEST_CASE][PASSED] - Test Cases/Event Group Management/TC_Insert: Test Cases/Event Group Management/TC_Insert

2019-02-03 13:42:13 - [TEST_STEP][PASSED] - click: Object: 'Object Repository/Event Group Managemnt/BTN_Insert' is clicked on

2019-02-03 13:42:13 - [MESSAGE][PASSED] - Object: 'Object Repository/Event Group Managemnt/BTN_Insert' is clicked on

2019-02-03 13:42:13 - [TEST_STEP][PASSED] - pk_Functions.CS_AllPageData.AllPageDataFun: pk_Functions.CS_AllPageData.AllPageDataFun is PASSED

2019-02-03 13:42:14 - [MESSAGE][PASSED] - Delayed 1 second(s)

2019-02-03 13:42:15 - [MESSAGE][PASSED] - Text '1' is set on object ''

2019-02-03 13:42:16 - [MESSAGE][PASSED] - Delayed 1 second(s)

2019-02-03 13:42:16 - [MESSAGE][PASSED] - Text 'Rome Rome' is set on object ''

2019-02-03 13:42:17 - [MESSAGE][PASSED] - Delayed 1 second(s)

2019-02-03 13:42:17 - [MESSAGE][PASSED] - Text 'Venice Venice' is set on object ''

2019-02-03 13:42:17 - [MESSAGE][PASSED] - pk_Functions.CS_AllPageData.AllPageDataFun is PASSED

2019-02-03 13:42:17 - [TEST_STEP][PASSED] - click: Object: 'Object Repository/BTN_Save' is clicked on

2019-02-03 13:42:17 - [MESSAGE][PASSED] - Object: 'Object Repository/BTN_Save' is clicked on

2019-02-03 13:42:17 - [TEST_STEP][PASSED] - delay: Delayed 3 second(s)

2019-02-03 13:42:20 - [MESSAGE][PASSED] - Delayed 3 second(s)

2019-02-03 13:42:20 - [TEST_STEP][PASSED] - click: Object: 'Object Repository/BTN_Back' is clicked on

2019-02-03 13:42:20 - [MESSAGE][PASSED] - Object: 'Object Repository/BTN_Back' is clicked on

2019-02-03 13:42:20 - [TEST_STEP][PASSED] - delay: Delayed 3 second(s)

2019-02-03 13:42:23 - [MESSAGE][PASSED] - Delayed 3 second(s)]]></system-out>
         <system-err><![CDATA[]]></system-err>
      </testcase>
      <testcase name="Test Cases/Event Group Management/TC_Insert" classname="Test Cases/Event Group Management/TC_Insert" status="PASSED">
         <system-out><![CDATA[2019-02-03 13:42:23 - [TEST_CASE][PASSED] - Test Cases/Event Group Management/TC_Insert: Test Cases/Event Group Management/TC_Insert

2019-02-03 13:42:23 - [TEST_STEP][PASSED] - click: Object: 'Object Repository/Event Group Managemnt/BTN_Insert' is clicked on

2019-02-03 13:42:23 - [MESSAGE][PASSED] - Object: 'Object Repository/Event Group Managemnt/BTN_Insert' is clicked on

2019-02-03 13:42:23 - [TEST_STEP][PASSED] - pk_Functions.CS_AllPageData.AllPageDataFun: pk_Functions.CS_AllPageData.AllPageDataFun is PASSED

2019-02-03 13:42:24 - [MESSAGE][PASSED] - Delayed 1 second(s)

2019-02-03 13:42:24 - [MESSAGE][PASSED] - Text '2' is set on object ''

2019-02-03 13:42:25 - [MESSAGE][PASSED] - Delayed 1 second(s)

2019-02-03 13:42:26 - [MESSAGE][PASSED] - Text 'Event Group Management3' is set on object ''

2019-02-03 13:42:27 - [MESSAGE][PASSED] - Delayed 1 second(s)

2019-02-03 13:42:27 - [MESSAGE][PASSED] - Text 'Event Group Management3' is set on object ''

2019-02-03 13:42:27 - [MESSAGE][PASSED] - pk_Functions.CS_AllPageData.AllPageDataFun is PASSED

2019-02-03 13:42:27 - [TEST_STEP][PASSED] - click: Object: 'Object Repository/BTN_Save' is clicked on

2019-02-03 13:42:27 - [MESSAGE][PASSED] - Object: 'Object Repository/BTN_Save' is clicked on

2019-02-03 13:42:27 - [TEST_STEP][PASSED] - delay: Delayed 3 second(s)

2019-02-03 13:42:30 - [MESSAGE][PASSED] - Delayed 3 second(s)

2019-02-03 13:42:30 - [TEST_STEP][PASSED] - click: Object: 'Object Repository/BTN_Back' is clicked on

2019-02-03 13:42:30 - [MESSAGE][PASSED] - Object: 'Object Repository/BTN_Back' is clicked on

2019-02-03 13:42:30 - [TEST_STEP][PASSED] - delay: Delayed 3 second(s)

2019-02-03 13:42:33 - [MESSAGE][PASSED] - Delayed 3 second(s)]]></system-out>
         <system-err><![CDATA[]]></system-err>
      </testcase>
      <testcase name="Test Cases/Event Group Management/TC_Insert" classname="Test Cases/Event Group Management/TC_Insert" status="PASSED">
         <system-out><![CDATA[2019-02-03 13:42:33 - [TEST_CASE][PASSED] - Test Cases/Event Group Management/TC_Insert: Test Cases/Event Group Management/TC_Insert

2019-02-03 13:42:33 - [TEST_STEP][PASSED] - click: Object: 'Object Repository/Event Group Managemnt/BTN_Insert' is clicked on

2019-02-03 13:42:33 - [MESSAGE][PASSED] - Object: 'Object Repository/Event Group Managemnt/BTN_Insert' is clicked on

2019-02-03 13:42:33 - [TEST_STEP][PASSED] - pk_Functions.CS_AllPageData.AllPageDataFun: pk_Functions.CS_AllPageData.AllPageDataFun is PASSED

2019-02-03 13:42:34 - [MESSAGE][PASSED] - Delayed 1 second(s)

2019-02-03 13:42:35 - [MESSAGE][PASSED] - Text '3' is set on object ''

2019-02-03 13:42:36 - [MESSAGE][PASSED] - Delayed 1 second(s)

2019-02-03 13:42:36 - [MESSAGE][PASSED] - Text 'Event Group Management4' is set on object ''

2019-02-03 13:42:37 - [MESSAGE][PASSED] - Delayed 1 second(s)

2019-02-03 13:42:37 - [MESSAGE][PASSED] - Text 'Event Group Management4' is set on object ''

2019-02-03 13:42:37 - [MESSAGE][PASSED] - pk_Functions.CS_AllPageData.AllPageDataFun is PASSED

2019-02-03 13:42:37 - [TEST_STEP][PASSED] - click: Object: 'Object Repository/BTN_Save' is clicked on

2019-02-03 13:42:37 - [MESSAGE][PASSED] - Object: 'Object Repository/BTN_Save' is clicked on

2019-02-03 13:42:37 - [TEST_STEP][PASSED] - delay: Delayed 3 second(s)

2019-02-03 13:42:40 - [MESSAGE][PASSED] - Delayed 3 second(s)

2019-02-03 13:42:40 - [TEST_STEP][PASSED] - click: Object: 'Object Repository/BTN_Back' is clicked on

2019-02-03 13:42:40 - [MESSAGE][PASSED] - Object: 'Object Repository/BTN_Back' is clicked on

2019-02-03 13:42:40 - [TEST_STEP][PASSED] - delay: Delayed 3 second(s)

2019-02-03 13:42:43 - [MESSAGE][PASSED] - Delayed 3 second(s)]]></system-out>
         <system-err><![CDATA[]]></system-err>
      </testcase>
      <testcase name="Test Cases/Event Group Management/TC_Insert" classname="Test Cases/Event Group Management/TC_Insert" status="PASSED">
         <system-out><![CDATA[2019-02-03 13:42:43 - [TEST_CASE][PASSED] - Test Cases/Event Group Management/TC_Insert: Test Cases/Event Group Management/TC_Insert

2019-02-03 13:42:43 - [TEST_STEP][PASSED] - click: Object: 'Object Repository/Event Group Managemnt/BTN_Insert' is clicked on

2019-02-03 13:42:43 - [MESSAGE][PASSED] - Object: 'Object Repository/Event Group Managemnt/BTN_Insert' is clicked on

2019-02-03 13:42:43 - [TEST_STEP][PASSED] - pk_Functions.CS_AllPageData.AllPageDataFun: pk_Functions.CS_AllPageData.AllPageDataFun is PASSED

2019-02-03 13:42:44 - [MESSAGE][PASSED] - Delayed 1 second(s)

2019-02-03 13:42:45 - [MESSAGE][PASSED] - Text '4' is set on object ''

2019-02-03 13:42:46 - [MESSAGE][PASSED] - Delayed 1 second(s)

2019-02-03 13:42:46 - [MESSAGE][PASSED] - Text 'Event Group Management5' is set on object ''

2019-02-03 13:42:47 - [MESSAGE][PASSED] - Delayed 1 second(s)

2019-02-03 13:42:47 - [MESSAGE][PASSED] - Text 'Event Group Management5' is set on object ''

2019-02-03 13:42:47 - [MESSAGE][PASSED] - pk_Functions.CS_AllPageData.AllPageDataFun is PASSED

2019-02-03 13:42:47 - [TEST_STEP][PASSED] - click: Object: 'Object Repository/BTN_Save' is clicked on

2019-02-03 13:42:47 - [MESSAGE][PASSED] - Object: 'Object Repository/BTN_Save' is clicked on

2019-02-03 13:42:47 - [TEST_STEP][PASSED] - delay: Delayed 3 second(s)

2019-02-03 13:42:50 - [MESSAGE][PASSED] - Delayed 3 second(s)

2019-02-03 13:42:50 - [TEST_STEP][PASSED] - click: Object: 'Object Repository/BTN_Back' is clicked on

2019-02-03 13:42:50 - [MESSAGE][PASSED] - Object: 'Object Repository/BTN_Back' is clicked on

2019-02-03 13:42:50 - [TEST_STEP][PASSED] - delay: Delayed 3 second(s)

2019-02-03 13:42:53 - [MESSAGE][PASSED] - Delayed 3 second(s)]]></system-out>
         <system-err><![CDATA[]]></system-err>
      </testcase>
      <testcase name="Test Cases/Event Group Management/TC_Insert" classname="Test Cases/Event Group Management/TC_Insert" status="PASSED">
         <system-out><![CDATA[2019-02-03 13:42:53 - [TEST_CASE][PASSED] - Test Cases/Event Group Management/TC_Insert: Test Cases/Event Group Management/TC_Insert

2019-02-03 13:42:53 - [TEST_STEP][PASSED] - click: Object: 'Object Repository/Event Group Managemnt/BTN_Insert' is clicked on

2019-02-03 13:42:53 - [MESSAGE][PASSED] - Object: 'Object Repository/Event Group Managemnt/BTN_Insert' is clicked on

2019-02-03 13:42:53 - [TEST_STEP][PASSED] - pk_Functions.CS_AllPageData.AllPageDataFun: pk_Functions.CS_AllPageData.AllPageDataFun is PASSED

2019-02-03 13:42:54 - [MESSAGE][PASSED] - Delayed 1 second(s)

2019-02-03 13:42:55 - [MESSAGE][PASSED] - Text '5' is set on object ''

2019-02-03 13:42:56 - [MESSAGE][PASSED] - Delayed 1 second(s)

2019-02-03 13:42:56 - [MESSAGE][PASSED] - Text 'Event Group Management6' is set on object ''

2019-02-03 13:42:57 - [MESSAGE][PASSED] - Delayed 1 second(s)

2019-02-03 13:42:57 - [MESSAGE][PASSED] - Text 'Event Group Management6' is set on object ''

2019-02-03 13:42:57 - [MESSAGE][PASSED] - pk_Functions.CS_AllPageData.AllPageDataFun is PASSED

2019-02-03 13:42:57 - [TEST_STEP][PASSED] - click: Object: 'Object Repository/BTN_Save' is clicked on

2019-02-03 13:42:57 - [MESSAGE][PASSED] - Object: 'Object Repository/BTN_Save' is clicked on

2019-02-03 13:42:57 - [TEST_STEP][PASSED] - delay: Delayed 3 second(s)

2019-02-03 13:43:00 - [MESSAGE][PASSED] - Delayed 3 second(s)

2019-02-03 13:43:00 - [TEST_STEP][PASSED] - click: Object: 'Object Repository/BTN_Back' is clicked on

2019-02-03 13:43:00 - [MESSAGE][PASSED] - Object: 'Object Repository/BTN_Back' is clicked on

2019-02-03 13:43:00 - [TEST_STEP][PASSED] - delay: Delayed 3 second(s)

2019-02-03 13:43:03 - [MESSAGE][PASSED] - Delayed 3 second(s)]]></system-out>
         <system-err><![CDATA[]]></system-err>
      </testcase>
      <testcase name="Test Cases/Event Group Management/TC_Insert" classname="Test Cases/Event Group Management/TC_Insert" status="PASSED">
         <system-out><![CDATA[2019-02-03 13:43:03 - [TEST_CASE][PASSED] - Test Cases/Event Group Management/TC_Insert: Test Cases/Event Group Management/TC_Insert

2019-02-03 13:43:03 - [TEST_STEP][PASSED] - click: Object: 'Object Repository/Event Group Managemnt/BTN_Insert' is clicked on

2019-02-03 13:43:03 - [MESSAGE][PASSED] - Object: 'Object Repository/Event Group Managemnt/BTN_Insert' is clicked on

2019-02-03 13:43:03 - [TEST_STEP][PASSED] - pk_Functions.CS_AllPageData.AllPageDataFun: pk_Functions.CS_AllPageData.AllPageDataFun is PASSED

2019-02-03 13:43:05 - [MESSAGE][PASSED] - Delayed 1 second(s)

2019-02-03 13:43:05 - [MESSAGE][PASSED] - Text '6' is set on object ''

2019-02-03 13:43:06 - [MESSAGE][PASSED] - Delayed 1 second(s)

2019-02-03 13:43:06 - [MESSAGE][PASSED] - Text 'Event Group Management7' is set on object ''

2019-02-03 13:43:07 - [MESSAGE][PASSED] - Delayed 1 second(s)

2019-02-03 13:43:07 - [MESSAGE][PASSED] - Text 'Event Group Management7' is set on object ''

2019-02-03 13:43:07 - [MESSAGE][PASSED] - pk_Functions.CS_AllPageData.AllPageDataFun is PASSED

2019-02-03 13:43:07 - [TEST_STEP][PASSED] - click: Object: 'Object Repository/BTN_Save' is clicked on

2019-02-03 13:43:07 - [MESSAGE][PASSED] - Object: 'Object Repository/BTN_Save' is clicked on

2019-02-03 13:43:07 - [TEST_STEP][PASSED] - delay: Delayed 3 second(s)

2019-02-03 13:43:10 - [MESSAGE][PASSED] - Delayed 3 second(s)

2019-02-03 13:43:10 - [TEST_STEP][PASSED] - click: Object: 'Object Repository/BTN_Back' is clicked on

2019-02-03 13:43:10 - [MESSAGE][PASSED] - Object: 'Object Repository/BTN_Back' is clicked on

2019-02-03 13:43:10 - [TEST_STEP][PASSED] - delay: Delayed 3 second(s)

2019-02-03 13:43:13 - [MESSAGE][PASSED] - Delayed 3 second(s)]]></system-out>
         <system-err><![CDATA[]]></system-err>
      </testcase>
      <testcase name="Test Cases/Event Group Management/TC_Delete" classname="Test Cases/Event Group Management/TC_Delete" status="PASSED">
         <system-out><![CDATA[2019-02-03 13:43:13 - [TEST_CASE][PASSED] - Test Cases/Event Group Management/TC_Delete: Test Cases/Event Group Management/TC_Delete

2019-02-03 13:43:14 - [TEST_STEP][PASSED] - pk_Functions.CS_ClickingonUpdateorDeletebutton.SelectRecordFromWebtableFun: pk_Functions.CS_ClickingonUpdateorDeletebutton.SelectRecordFromWebtableFun is PASSED

2019-02-03 13:43:18 - [MESSAGE][PASSED] - Delayed 4 second(s)

2019-02-03 13:43:20 - [MESSAGE][PASSED] - Delayed 2 second(s)

2019-02-03 13:43:20 - [MESSAGE][PASSED] - Object: '' is clicked on

2019-02-03 13:43:23 - [MESSAGE][PASSED] - Delayed 3 second(s)

2019-02-03 13:43:23 - [MESSAGE][PASSED] - Object: '' is clicked on

2019-02-03 13:43:23 - [MESSAGE][PASSED] - pk_Functions.CS_ClickingonUpdateorDeletebutton.SelectRecordFromWebtableFun is PASSED

2019-02-03 13:43:23 - [TEST_STEP][PASSED] - delay: Delayed 2 second(s)

2019-02-03 13:43:25 - [MESSAGE][PASSED] - Delayed 2 second(s)]]></system-out>
         <system-err><![CDATA[]]></system-err>
      </testcase>
      <testcase name="Test Cases/Event Group Management/TC_Delete" classname="Test Cases/Event Group Management/TC_Delete" status="PASSED">
         <system-out><![CDATA[2019-02-03 13:43:25 - [TEST_CASE][PASSED] - Test Cases/Event Group Management/TC_Delete: Test Cases/Event Group Management/TC_Delete

2019-02-03 13:43:25 - [TEST_STEP][PASSED] - pk_Functions.CS_ClickingonUpdateorDeletebutton.SelectRecordFromWebtableFun: pk_Functions.CS_ClickingonUpdateorDeletebutton.SelectRecordFromWebtableFun is PASSED

2019-02-03 13:43:29 - [MESSAGE][PASSED] - Delayed 4 second(s)

2019-02-03 13:43:32 - [MESSAGE][PASSED] - Delayed 2 second(s)

2019-02-03 13:43:32 - [MESSAGE][PASSED] - Object: '' is clicked on

2019-02-03 13:43:35 - [MESSAGE][PASSED] - Delayed 3 second(s)

2019-02-03 13:43:35 - [MESSAGE][PASSED] - Object: '' is clicked on

2019-02-03 13:43:35 - [MESSAGE][PASSED] - pk_Functions.CS_ClickingonUpdateorDeletebutton.SelectRecordFromWebtableFun is PASSED

2019-02-03 13:43:35 - [TEST_STEP][PASSED] - delay: Delayed 2 second(s)

2019-02-03 13:43:37 - [MESSAGE][PASSED] - Delayed 2 second(s)]]></system-out>
         <system-err><![CDATA[]]></system-err>
      </testcase>
      <testcase name="Test Cases/Event Group Management/TC_Delete" classname="Test Cases/Event Group Management/TC_Delete" status="PASSED">
         <system-out><![CDATA[2019-02-03 13:43:37 - [TEST_CASE][PASSED] - Test Cases/Event Group Management/TC_Delete: Test Cases/Event Group Management/TC_Delete

2019-02-03 13:43:37 - [TEST_STEP][PASSED] - pk_Functions.CS_ClickingonUpdateorDeletebutton.SelectRecordFromWebtableFun: pk_Functions.CS_ClickingonUpdateorDeletebutton.SelectRecordFromWebtableFun is PASSED

2019-02-03 13:43:41 - [MESSAGE][PASSED] - Delayed 4 second(s)

2019-02-03 13:43:43 - [MESSAGE][PASSED] - Delayed 2 second(s)

2019-02-03 13:43:43 - [MESSAGE][PASSED] - Object: '' is clicked on

2019-02-03 13:43:46 - [MESSAGE][PASSED] - Delayed 3 second(s)

2019-02-03 13:43:46 - [MESSAGE][PASSED] - Object: '' is clicked on

2019-02-03 13:43:46 - [MESSAGE][PASSED] - pk_Functions.CS_ClickingonUpdateorDeletebutton.SelectRecordFromWebtableFun is PASSED

2019-02-03 13:43:46 - [TEST_STEP][PASSED] - delay: Delayed 2 second(s)

2019-02-03 13:43:48 - [MESSAGE][PASSED] - Delayed 2 second(s)]]></system-out>
         <system-err><![CDATA[]]></system-err>
      </testcase>
      <testcase name="Test Cases/Event Group Management/TC_Delete" classname="Test Cases/Event Group Management/TC_Delete" status="PASSED">
         <system-out><![CDATA[2019-02-03 13:43:48 - [TEST_CASE][PASSED] - Test Cases/Event Group Management/TC_Delete: Test Cases/Event Group Management/TC_Delete

2019-02-03 13:43:48 - [TEST_STEP][PASSED] - pk_Functions.CS_ClickingonUpdateorDeletebutton.SelectRecordFromWebtableFun: pk_Functions.CS_ClickingonUpdateorDeletebutton.SelectRecordFromWebtableFun is PASSED

2019-02-03 13:43:48 - [MESSAGE][PASSED] - pk_Functions.CS_ClickingonUpdateorDeletebutton.SelectRecordFromWebtableFun is PASSED

2019-02-03 13:43:48 - [TEST_STEP][PASSED] - delay: Delayed 2 second(s)

2019-02-03 13:43:50 - [MESSAGE][PASSED] - Delayed 2 second(s)]]></system-out>
         <system-err><![CDATA[]]></system-err>
      </testcase>
      <testcase name="Test Cases/Event Group Management/TC_Delete" classname="Test Cases/Event Group Management/TC_Delete" status="PASSED">
         <system-out><![CDATA[2019-02-03 13:43:50 - [TEST_CASE][PASSED] - Test Cases/Event Group Management/TC_Delete: Test Cases/Event Group Management/TC_Delete

2019-02-03 13:43:50 - [TEST_STEP][PASSED] - pk_Functions.CS_ClickingonUpdateorDeletebutton.SelectRecordFromWebtableFun: pk_Functions.CS_ClickingonUpdateorDeletebutton.SelectRecordFromWebtableFun is PASSED

2019-02-03 13:43:55 - [MESSAGE][PASSED] - Delayed 4 second(s)

2019-02-03 13:43:57 - [MESSAGE][PASSED] - Delayed 2 second(s)

2019-02-03 13:43:57 - [MESSAGE][PASSED] - Object: '' is clicked on

2019-02-03 13:44:00 - [MESSAGE][PASSED] - Delayed 3 second(s)

2019-02-03 13:44:00 - [MESSAGE][PASSED] - Object: '' is clicked on

2019-02-03 13:44:00 - [MESSAGE][PASSED] - pk_Functions.CS_ClickingonUpdateorDeletebutton.SelectRecordFromWebtableFun is PASSED

2019-02-03 13:44:00 - [TEST_STEP][PASSED] - delay: Delayed 2 second(s)

2019-02-03 13:44:02 - [MESSAGE][PASSED] - Delayed 2 second(s)]]></system-out>
         <system-err><![CDATA[]]></system-err>
      </testcase>
      <testcase name="Test Cases/Event Group Management/TC_Delete" classname="Test Cases/Event Group Management/TC_Delete" status="PASSED">
         <system-out><![CDATA[2019-02-03 13:44:02 - [TEST_CASE][PASSED] - Test Cases/Event Group Management/TC_Delete: Test Cases/Event Group Management/TC_Delete

2019-02-03 13:44:02 - [TEST_STEP][PASSED] - pk_Functions.CS_ClickingonUpdateorDeletebutton.SelectRecordFromWebtableFun: pk_Functions.CS_ClickingonUpdateorDeletebutton.SelectRecordFromWebtableFun is PASSED

2019-02-03 13:44:06 - [MESSAGE][PASSED] - Delayed 4 second(s)

2019-02-03 13:44:08 - [MESSAGE][PASSED] - Delayed 2 second(s)

2019-02-03 13:44:09 - [MESSAGE][PASSED] - Object: '' is clicked on

2019-02-03 13:44:12 - [MESSAGE][PASSED] - Delayed 3 second(s)

2019-02-03 13:44:12 - [MESSAGE][PASSED] - Object: '' is clicked on

2019-02-03 13:44:12 - [MESSAGE][PASSED] - pk_Functions.CS_ClickingonUpdateorDeletebutton.SelectRecordFromWebtableFun is PASSED

2019-02-03 13:44:12 - [TEST_STEP][PASSED] - delay: Delayed 2 second(s)

2019-02-03 13:44:14 - [MESSAGE][PASSED] - Delayed 2 second(s)]]></system-out>
         <system-err><![CDATA[]]></system-err>
      </testcase>
      <testcase name="Test Cases/Event Group Management/TC_Delete" classname="Test Cases/Event Group Management/TC_Delete" status="PASSED">
         <system-out><![CDATA[2019-02-03 13:44:14 - [TEST_CASE][PASSED] - Test Cases/Event Group Management/TC_Delete: Test Cases/Event Group Management/TC_Delete

2019-02-03 13:44:14 - [TEST_STEP][PASSED] - pk_Functions.CS_ClickingonUpdateorDeletebutton.SelectRecordFromWebtableFun: pk_Functions.CS_ClickingonUpdateorDeletebutton.SelectRecordFromWebtableFun is PASSED

2019-02-03 13:44:14 - [MESSAGE][PASSED] - pk_Functions.CS_ClickingonUpdateorDeletebutton.SelectRecordFromWebtableFun is PASSED

2019-02-03 13:44:14 - [TEST_STEP][PASSED] - delay: Delayed 2 second(s)

2019-02-03 13:44:16 - [MESSAGE][PASSED] - Delayed 2 second(s)]]></system-out>
         <system-err><![CDATA[]]></system-err>
      </testcase>
      <testcase name="Test Cases/Event Group Management/TC_Delete" classname="Test Cases/Event Group Management/TC_Delete" status="PASSED">
         <system-out><![CDATA[2019-02-03 13:44:16 - [TEST_CASE][PASSED] - Test Cases/Event Group Management/TC_Delete: Test Cases/Event Group Management/TC_Delete

2019-02-03 13:44:16 - [TEST_STEP][PASSED] - pk_Functions.CS_ClickingonUpdateorDeletebutton.SelectRecordFromWebtableFun: pk_Functions.CS_ClickingonUpdateorDeletebutton.SelectRecordFromWebtableFun is PASSED

2019-02-03 13:44:16 - [MESSAGE][PASSED] - pk_Functions.CS_ClickingonUpdateorDeletebutton.SelectRecordFromWebtableFun is PASSED

2019-02-03 13:44:16 - [TEST_STEP][PASSED] - delay: Delayed 2 second(s)

2019-02-03 13:44:18 - [MESSAGE][PASSED] - Delayed 2 second(s)]]></system-out>
         <system-err><![CDATA[]]></system-err>
      </testcase>
      <system-out><![CDATA[2019-02-03 13:41:27 - [TEST_SUITE][PASSED] - TS_Event Group Management: Test Cases/Event Group Management/TC_Delete]]></system-out>
      <system-err><![CDATA[]]></system-err>
   </testsuite>
</testsuites>
