<?xml version="1.0" encoding="UTF-8"?>
<testsuites name="TS_EGMFullScenario" time="217" tests="18" failures="0" errors="0">
   <testsuite name="TS_EGMFullScenario" tests="18" failures="0" errors="0" time="217" timestamp="2019-02-20 12:27:59" hostname="aeibrahim - LPALXY0477.ejadaalex.local" id="Test Suites/Event Group Management/TS_EGMFullScenario">
      <properties>
         <property name="deviceName" value=""/>
         <property name="devicePlatform" value=""/>
         <property name="logFolder" value="C:\\Users\\aeibrahim\\git\\MOF\\Reports\\Event Group Management\\TS_EGMFullScenario\\20190220_122751"/>
         <property name="logFiles" value="C:\\Users\\aeibrahim\\git\\MOF\\Reports\\Event Group Management\\TS_EGMFullScenario\\20190220_122751\\execution0.log"/>
         <property name="attachments" value=""/>
         <property name="hostName" value="aeibrahim - LPALXY0477.ejadaalex.local"/>
         <property name="os" value="Windows 10 64bit"/>
         <property name="katalonVersion" value="5.10.1.1"/>
         <property name="browser" value="Chrome 72.0.3626.109"/>
         <property name="hostAddress" value="192.168.3.64"/>
         <property name="sessionId" value="b0fba2188cd2f997d30d5123000a1923"/>
         <property name="seleniumVersion" value="3.7.1"/>
         <property name="proxyInformation" value="ProxyInformation{proxyOption=NO_PROXY, proxyServerType=HTTP, password=, proxyServerAddress=, proxyServerPort=0}"/>
         <property name="platform" value="Windows 10"/>
      </properties>
      <testcase name="Test Cases/TC_Login" classname="Test Cases/TC_Login" status="PASSED">
         <system-out><![CDATA[2019-02-20 12:27:59 - [TEST_CASE][PASSED] - Test Cases/TC_Login: Test Cases/TC_Login

2019-02-20 12:28:00 - [TEST_STEP][PASSED] - pk_Functions.CS_Login.LoginFun(findTestObject(null), "http://192.168.0.190:8080/mof/#/", findTestObject("Login/Username"), findTestObject("Login/Password"), "AAttia", "123", findTestObject("Login/Login")): pk_Functions.CS_Login.LoginFun is PASSED

2019-02-20 12:28:00 - [MESSAGE][WARNING] - Test object id is null

2019-02-20 12:28:01 - [MESSAGE][INFO] - Starting 'Chrome' driver

2019-02-20 12:28:01 - [MESSAGE][INFO] - Action delay is set to 0 seconds

2019-02-20 12:28:23 - [MESSAGE][PASSED] - Browser is opened with url: 'http://192.168.0.190:8080/mof/#/'

2019-02-20 12:28:23 - [MESSAGE][PASSED] - Text 'AAttia' is set on object 'Object Repository/Login/Username'

2019-02-20 12:28:23 - [MESSAGE][PASSED] - Text '123' is set on object 'Object Repository/Login/Password'

2019-02-20 12:28:23 - [MESSAGE][PASSED] - Object: 'Object Repository/Login/Login' is clicked on

2019-02-20 12:28:23 - [MESSAGE][PASSED] - pk_Functions.CS_Login.LoginFun is PASSED

2019-02-20 12:28:23 - [TEST_STEP][PASSED] - maximizeWindow(): Current window maximized

2019-02-20 12:28:24 - [MESSAGE][PASSED] - Current window maximized]]></system-out>
         <system-err><![CDATA[]]></system-err>
      </testcase>
      <testcase name="Test Cases/Event Group Management/TC_Select_Screen" classname="Test Cases/Event Group Management/TC_Select_Screen" status="PASSED">
         <system-out><![CDATA[2019-02-20 12:28:24 - [TEST_CASE][PASSED] - Test Cases/Event Group Management/TC_Select_Screen: Test Cases/Event Group Management/TC_Select_Screen

2019-02-20 12:28:25 - [TEST_STEP][PASSED] - click(findTestObject("NE_SideMenu")): Object: 'Object Repository/NE_SideMenu' is clicked on

2019-02-20 12:28:25 - [MESSAGE][PASSED] - Object: 'Object Repository/NE_SideMenu' is clicked on

2019-02-20 12:28:25 - [TEST_STEP][PASSED] - click(findTestObject("NE_EventGroupManagement")): Object: 'Object Repository/NE_EventGroupManagement' is clicked on

2019-02-20 12:28:25 - [MESSAGE][PASSED] - Object: 'Object Repository/NE_EventGroupManagement' is clicked on

2019-02-20 12:28:25 - [TEST_STEP][PASSED] - click(findTestObject("Event Group Managemnt/BTN_Search")): Object: 'Object Repository/Event Group Managemnt/BTN_Search' is clicked on

2019-02-20 12:28:26 - [MESSAGE][PASSED] - Object: 'Object Repository/Event Group Managemnt/BTN_Search' is clicked on

2019-02-20 12:28:26 - [TEST_STEP][PASSED] - delay(2): Delayed 2 second(s)

2019-02-20 12:28:28 - [MESSAGE][PASSED] - Delayed 2 second(s)]]></system-out>
         <system-err><![CDATA[]]></system-err>
      </testcase>
      <testcase name="Test Cases/Event Group Management/TC_Insert_Records" classname="Test Cases/Event Group Management/TC_Insert_Records" status="PASSED">
         <system-out><![CDATA[2019-02-20 12:28:28 - [TEST_CASE][PASSED] - Test Cases/Event Group Management/TC_Insert_Records: Test Cases/Event Group Management/TC_Insert_Records

2019-02-20 12:28:28 - [TEST_STEP][PASSED] - click(findTestObject("Event Group Managemnt/BTN_Insert")): Object: 'Object Repository/Event Group Managemnt/BTN_Insert' is clicked on

2019-02-20 12:28:28 - [MESSAGE][PASSED] - Object: 'Object Repository/Event Group Managemnt/BTN_Insert' is clicked on

2019-02-20 12:28:28 - [TEST_STEP][PASSED] - pk_Functions.CS_AllPageData.AllPageDataFun("Event Group Management/MOF_NE_Event Group ManagementObjectRepository", "Sheet1", [code, arabic_des, english_des]): pk_Functions.CS_AllPageData.AllPageDataFun is PASSED

2019-02-20 12:28:31 - [MESSAGE][PASSED] - Delayed 1 second(s)

2019-02-20 12:28:31 - [MESSAGE][PASSED] - Text 'EB2' is set on object ''

2019-02-20 12:28:32 - [MESSAGE][PASSED] - Delayed 1 second(s)

2019-02-20 12:28:32 - [MESSAGE][PASSED] - Text 'English Description_1' is set on object ''

2019-02-20 12:28:33 - [MESSAGE][PASSED] - Delayed 1 second(s)

2019-02-20 12:28:33 - [MESSAGE][PASSED] - Text 'English Description_123' is set on object ''

2019-02-20 12:28:33 - [MESSAGE][PASSED] - pk_Functions.CS_AllPageData.AllPageDataFun is PASSED

2019-02-20 12:28:33 - [TEST_STEP][PASSED] - click(findTestObject("BTN_Save")): Object: 'Object Repository/BTN_Save' is clicked on

2019-02-20 12:28:33 - [MESSAGE][PASSED] - Object: 'Object Repository/BTN_Save' is clicked on

2019-02-20 12:28:33 - [TEST_STEP][PASSED] - delay(3): Delayed 3 second(s)

2019-02-20 12:28:36 - [MESSAGE][PASSED] - Delayed 3 second(s)

2019-02-20 12:28:36 - [TEST_STEP][PASSED] - click(findTestObject("Event Group Managemnt/BTN_Back (1)")): Object: 'Object Repository/Event Group Managemnt/BTN_Back (1)' is clicked on

2019-02-20 12:28:36 - [MESSAGE][PASSED] - Object: 'Object Repository/Event Group Managemnt/BTN_Back (1)' is clicked on

2019-02-20 12:28:36 - [TEST_STEP][PASSED] - delay(3): Delayed 3 second(s)

2019-02-20 12:28:39 - [MESSAGE][PASSED] - Delayed 3 second(s)]]></system-out>
         <system-err><![CDATA[]]></system-err>
      </testcase>
      <testcase name="Test Cases/Event Group Management/TC_Insert_Records" classname="Test Cases/Event Group Management/TC_Insert_Records" status="PASSED">
         <system-out><![CDATA[2019-02-20 12:28:39 - [TEST_CASE][PASSED] - Test Cases/Event Group Management/TC_Insert_Records: Test Cases/Event Group Management/TC_Insert_Records

2019-02-20 12:28:39 - [TEST_STEP][PASSED] - click(findTestObject("Event Group Managemnt/BTN_Insert")): Object: 'Object Repository/Event Group Managemnt/BTN_Insert' is clicked on

2019-02-20 12:28:40 - [MESSAGE][PASSED] - Object: 'Object Repository/Event Group Managemnt/BTN_Insert' is clicked on

2019-02-20 12:28:40 - [TEST_STEP][PASSED] - pk_Functions.CS_AllPageData.AllPageDataFun("Event Group Management/MOF_NE_Event Group ManagementObjectRepository", "Sheet1", [code, arabic_des, english_des]): pk_Functions.CS_AllPageData.AllPageDataFun is PASSED

2019-02-20 12:28:41 - [MESSAGE][PASSED] - Delayed 1 second(s)

2019-02-20 12:28:41 - [MESSAGE][PASSED] - Text 'EB3' is set on object ''

2019-02-20 12:28:42 - [MESSAGE][PASSED] - Delayed 1 second(s)

2019-02-20 12:28:42 - [MESSAGE][PASSED] - Text 'English Description_2' is set on object ''

2019-02-20 12:28:43 - [MESSAGE][PASSED] - Delayed 1 second(s)

2019-02-20 12:28:43 - [MESSAGE][PASSED] - Text 'English Description_2' is set on object ''

2019-02-20 12:28:43 - [MESSAGE][PASSED] - pk_Functions.CS_AllPageData.AllPageDataFun is PASSED

2019-02-20 12:28:43 - [TEST_STEP][PASSED] - click(findTestObject("BTN_Save")): Object: 'Object Repository/BTN_Save' is clicked on

2019-02-20 12:28:43 - [MESSAGE][PASSED] - Object: 'Object Repository/BTN_Save' is clicked on

2019-02-20 12:28:43 - [TEST_STEP][PASSED] - delay(3): Delayed 3 second(s)

2019-02-20 12:28:46 - [MESSAGE][PASSED] - Delayed 3 second(s)

2019-02-20 12:28:46 - [TEST_STEP][PASSED] - click(findTestObject("Event Group Managemnt/BTN_Back (1)")): Object: 'Object Repository/Event Group Managemnt/BTN_Back (1)' is clicked on

2019-02-20 12:28:46 - [MESSAGE][PASSED] - Object: 'Object Repository/Event Group Managemnt/BTN_Back (1)' is clicked on

2019-02-20 12:28:46 - [TEST_STEP][PASSED] - delay(3): Delayed 3 second(s)

2019-02-20 12:28:49 - [MESSAGE][PASSED] - Delayed 3 second(s)]]></system-out>
         <system-err><![CDATA[]]></system-err>
      </testcase>
      <testcase name="Test Cases/Event Group Management/TC_Insert_Records" classname="Test Cases/Event Group Management/TC_Insert_Records" status="PASSED">
         <system-out><![CDATA[2019-02-20 12:28:49 - [TEST_CASE][PASSED] - Test Cases/Event Group Management/TC_Insert_Records: Test Cases/Event Group Management/TC_Insert_Records

2019-02-20 12:28:49 - [TEST_STEP][PASSED] - click(findTestObject("Event Group Managemnt/BTN_Insert")): Object: 'Object Repository/Event Group Managemnt/BTN_Insert' is clicked on

2019-02-20 12:28:50 - [MESSAGE][PASSED] - Object: 'Object Repository/Event Group Managemnt/BTN_Insert' is clicked on

2019-02-20 12:28:50 - [TEST_STEP][PASSED] - pk_Functions.CS_AllPageData.AllPageDataFun("Event Group Management/MOF_NE_Event Group ManagementObjectRepository", "Sheet1", [code, arabic_des, english_des]): pk_Functions.CS_AllPageData.AllPageDataFun is PASSED

2019-02-20 12:28:51 - [MESSAGE][PASSED] - Delayed 1 second(s)

2019-02-20 12:28:53 - [MESSAGE][PASSED] - Text 'EB4' is set on object ''

2019-02-20 12:28:54 - [MESSAGE][PASSED] - Delayed 1 second(s)

2019-02-20 12:28:55 - [MESSAGE][PASSED] - Text 'English Description_3' is set on object ''

2019-02-20 12:28:56 - [MESSAGE][PASSED] - Delayed 1 second(s)

2019-02-20 12:28:56 - [MESSAGE][PASSED] - Text 'English Description_3' is set on object ''

2019-02-20 12:28:56 - [MESSAGE][PASSED] - pk_Functions.CS_AllPageData.AllPageDataFun is PASSED

2019-02-20 12:28:56 - [TEST_STEP][PASSED] - click(findTestObject("BTN_Save")): Object: 'Object Repository/BTN_Save' is clicked on

2019-02-20 12:28:56 - [MESSAGE][PASSED] - Object: 'Object Repository/BTN_Save' is clicked on

2019-02-20 12:28:56 - [TEST_STEP][PASSED] - delay(3): Delayed 3 second(s)

2019-02-20 12:28:59 - [MESSAGE][PASSED] - Delayed 3 second(s)

2019-02-20 12:28:59 - [TEST_STEP][PASSED] - click(findTestObject("Event Group Managemnt/BTN_Back (1)")): Object: 'Object Repository/Event Group Managemnt/BTN_Back (1)' is clicked on

2019-02-20 12:28:59 - [MESSAGE][PASSED] - Object: 'Object Repository/Event Group Managemnt/BTN_Back (1)' is clicked on

2019-02-20 12:28:59 - [TEST_STEP][PASSED] - delay(3): Delayed 3 second(s)

2019-02-20 12:29:02 - [MESSAGE][PASSED] - Delayed 3 second(s)]]></system-out>
         <system-err><![CDATA[]]></system-err>
      </testcase>
      <testcase name="Test Cases/Event Group Management/TC_Insert_Records" classname="Test Cases/Event Group Management/TC_Insert_Records" status="PASSED">
         <system-out><![CDATA[2019-02-20 12:29:02 - [TEST_CASE][PASSED] - Test Cases/Event Group Management/TC_Insert_Records: Test Cases/Event Group Management/TC_Insert_Records

2019-02-20 12:29:02 - [TEST_STEP][PASSED] - click(findTestObject("Event Group Managemnt/BTN_Insert")): Object: 'Object Repository/Event Group Managemnt/BTN_Insert' is clicked on

2019-02-20 12:29:02 - [MESSAGE][PASSED] - Object: 'Object Repository/Event Group Managemnt/BTN_Insert' is clicked on

2019-02-20 12:29:02 - [TEST_STEP][PASSED] - pk_Functions.CS_AllPageData.AllPageDataFun("Event Group Management/MOF_NE_Event Group ManagementObjectRepository", "Sheet1", [code, arabic_des, english_des]): pk_Functions.CS_AllPageData.AllPageDataFun is PASSED

2019-02-20 12:29:03 - [MESSAGE][PASSED] - Delayed 1 second(s)

2019-02-20 12:29:03 - [MESSAGE][PASSED] - Text 'EB5' is set on object ''

2019-02-20 12:29:04 - [MESSAGE][PASSED] - Delayed 1 second(s)

2019-02-20 12:29:05 - [MESSAGE][PASSED] - Text 'English Description_4' is set on object ''

2019-02-20 12:29:06 - [MESSAGE][PASSED] - Delayed 1 second(s)

2019-02-20 12:29:06 - [MESSAGE][PASSED] - Text 'English Description_4' is set on object ''

2019-02-20 12:29:06 - [MESSAGE][PASSED] - pk_Functions.CS_AllPageData.AllPageDataFun is PASSED

2019-02-20 12:29:06 - [TEST_STEP][PASSED] - click(findTestObject("BTN_Save")): Object: 'Object Repository/BTN_Save' is clicked on

2019-02-20 12:29:06 - [MESSAGE][PASSED] - Object: 'Object Repository/BTN_Save' is clicked on

2019-02-20 12:29:06 - [TEST_STEP][PASSED] - delay(3): Delayed 3 second(s)

2019-02-20 12:29:09 - [MESSAGE][PASSED] - Delayed 3 second(s)

2019-02-20 12:29:09 - [TEST_STEP][PASSED] - click(findTestObject("Event Group Managemnt/BTN_Back (1)")): Object: 'Object Repository/Event Group Managemnt/BTN_Back (1)' is clicked on

2019-02-20 12:29:09 - [MESSAGE][PASSED] - Object: 'Object Repository/Event Group Managemnt/BTN_Back (1)' is clicked on

2019-02-20 12:29:09 - [TEST_STEP][PASSED] - delay(3): Delayed 3 second(s)

2019-02-20 12:29:12 - [MESSAGE][PASSED] - Delayed 3 second(s)]]></system-out>
         <system-err><![CDATA[]]></system-err>
      </testcase>
      <testcase name="Test Cases/Event Group Management/TC_Insert_Records" classname="Test Cases/Event Group Management/TC_Insert_Records" status="PASSED">
         <system-out><![CDATA[2019-02-20 12:29:12 - [TEST_CASE][PASSED] - Test Cases/Event Group Management/TC_Insert_Records: Test Cases/Event Group Management/TC_Insert_Records

2019-02-20 12:29:12 - [TEST_STEP][PASSED] - click(findTestObject("Event Group Managemnt/BTN_Insert")): Object: 'Object Repository/Event Group Managemnt/BTN_Insert' is clicked on

2019-02-20 12:29:12 - [MESSAGE][PASSED] - Object: 'Object Repository/Event Group Managemnt/BTN_Insert' is clicked on

2019-02-20 12:29:12 - [TEST_STEP][PASSED] - pk_Functions.CS_AllPageData.AllPageDataFun("Event Group Management/MOF_NE_Event Group ManagementObjectRepository", "Sheet1", [code, arabic_des, english_des]): pk_Functions.CS_AllPageData.AllPageDataFun is PASSED

2019-02-20 12:29:13 - [MESSAGE][PASSED] - Delayed 1 second(s)

2019-02-20 12:29:13 - [MESSAGE][PASSED] - Text 'z12' is set on object ''

2019-02-20 12:29:14 - [MESSAGE][PASSED] - Delayed 1 second(s)

2019-02-20 12:29:15 - [MESSAGE][PASSED] - Text 'English Description_4' is set on object ''

2019-02-20 12:29:16 - [MESSAGE][PASSED] - Delayed 1 second(s)

2019-02-20 12:29:16 - [MESSAGE][PASSED] - Text 'English Description_4' is set on object ''

2019-02-20 12:29:16 - [MESSAGE][PASSED] - pk_Functions.CS_AllPageData.AllPageDataFun is PASSED

2019-02-20 12:29:16 - [TEST_STEP][PASSED] - click(findTestObject("BTN_Save")): Object: 'Object Repository/BTN_Save' is clicked on

2019-02-20 12:29:16 - [MESSAGE][PASSED] - Object: 'Object Repository/BTN_Save' is clicked on

2019-02-20 12:29:16 - [TEST_STEP][PASSED] - delay(3): Delayed 3 second(s)

2019-02-20 12:29:19 - [MESSAGE][PASSED] - Delayed 3 second(s)

2019-02-20 12:29:19 - [TEST_STEP][PASSED] - click(findTestObject("Event Group Managemnt/BTN_Back (1)")): Object: 'Object Repository/Event Group Managemnt/BTN_Back (1)' is clicked on

2019-02-20 12:29:19 - [MESSAGE][PASSED] - Object: 'Object Repository/Event Group Managemnt/BTN_Back (1)' is clicked on

2019-02-20 12:29:19 - [TEST_STEP][PASSED] - delay(3): Delayed 3 second(s)

2019-02-20 12:29:22 - [MESSAGE][PASSED] - Delayed 3 second(s)]]></system-out>
         <system-err><![CDATA[]]></system-err>
      </testcase>
      <testcase name="Test Cases/Event Group Management/TC_Click on Search Button" classname="Test Cases/Event Group Management/TC_Click on Search Button" status="PASSED">
         <system-out><![CDATA[2019-02-20 12:29:22 - [TEST_CASE][PASSED] - Test Cases/Event Group Management/TC_Click on Search Button: Test Cases/Event Group Management/TC_Click on Search Button

2019-02-20 12:29:22 - [TEST_STEP][PASSED] - click(findTestObject("Event Group Managemnt/BTN_Clear")): Object: 'Object Repository/Event Group Managemnt/BTN_Clear' is clicked on

2019-02-20 12:29:22 - [MESSAGE][PASSED] - Object: 'Object Repository/Event Group Managemnt/BTN_Clear' is clicked on

2019-02-20 12:29:22 - [TEST_STEP][PASSED] - delay(2): Delayed 2 second(s)

2019-02-20 12:29:24 - [MESSAGE][PASSED] - Delayed 2 second(s)

2019-02-20 12:29:24 - [TEST_STEP][PASSED] - click(findTestObject("Event Group Managemnt/BTN_Search")): Object: 'Object Repository/Event Group Managemnt/BTN_Search' is clicked on

2019-02-20 12:29:24 - [MESSAGE][PASSED] - Object: 'Object Repository/Event Group Managemnt/BTN_Search' is clicked on

2019-02-20 12:29:24 - [TEST_STEP][PASSED] - delay(1): Delayed 1 second(s)

2019-02-20 12:29:25 - [MESSAGE][PASSED] - Delayed 1 second(s)]]></system-out>
         <system-err><![CDATA[]]></system-err>
      </testcase>
      <testcase name="Test Cases/Event Group Management/TC_Delete_Records" classname="Test Cases/Event Group Management/TC_Delete_Records" status="PASSED">
         <system-out><![CDATA[2019-02-20 12:29:25 - [TEST_CASE][PASSED] - Test Cases/Event Group Management/TC_Delete_Records: Test Cases/Event Group Management/TC_Delete_Records

2019-02-20 12:29:26 - [TEST_STEP][PASSED] - if (ActionType): pk_Functions.CS_ClickingonActionButtonswithPagination.SelectRecordFromWebtableFun is PASSED

2019-02-20 12:29:26 - [TEST_STEP][PASSED] - pk_Functions.CS_ClickingonActionButtonswithPagination.SelectRecordFromWebtableFun(ActionType, 0, 3, "Event Group Management/MOF_NE_Event Group ManagementObjectRepository", "Sheet1", code): pk_Functions.CS_ClickingonActionButtonswithPagination.SelectRecordFromWebtableFun is PASSED

2019-02-20 12:29:26 - [MESSAGE][PASSED] - Object: '' is clicked on

2019-02-20 12:29:28 - [MESSAGE][PASSED] - Delayed 2 second(s)

2019-02-20 12:29:28 - [MESSAGE][PASSED] - Attribute 'tabindex' of object '' is: '0'

2019-02-20 12:29:28 - [MESSAGE][PASSED] - Object: '' is clicked on

2019-02-20 12:29:31 - [MESSAGE][PASSED] - Delayed 3 second(s)

2019-02-20 12:29:33 - [MESSAGE][PASSED] - Delayed 1 second(s)

2019-02-20 12:29:33 - [MESSAGE][PASSED] - Object: '' is clicked on

2019-02-20 12:29:34 - [MESSAGE][PASSED] - Delayed 1 second(s)

2019-02-20 12:29:34 - [MESSAGE][PASSED] - Object: '' is clicked on

2019-02-20 12:29:34 - [MESSAGE][PASSED] - pk_Functions.CS_ClickingonActionButtonswithPagination.SelectRecordFromWebtableFun is PASSED

2019-02-20 12:29:34 - [TEST_STEP][PASSED] - delay(2): Delayed 2 second(s)

2019-02-20 12:29:36 - [MESSAGE][PASSED] - Delayed 2 second(s)]]></system-out>
         <system-err><![CDATA[]]></system-err>
      </testcase>
      <testcase name="Test Cases/Event Group Management/TC_Delete_Records" classname="Test Cases/Event Group Management/TC_Delete_Records" status="PASSED">
         <system-out><![CDATA[2019-02-20 12:29:36 - [TEST_CASE][PASSED] - Test Cases/Event Group Management/TC_Delete_Records: Test Cases/Event Group Management/TC_Delete_Records

2019-02-20 12:29:36 - [TEST_STEP][PASSED] - if (ActionType): pk_Functions.CS_ClickingonActionButtonswithPagination.SelectRecordFromWebtableFun is PASSED

2019-02-20 12:29:36 - [TEST_STEP][PASSED] - pk_Functions.CS_ClickingonActionButtonswithPagination.SelectRecordFromWebtableFun(ActionType, 0, 3, "Event Group Management/MOF_NE_Event Group ManagementObjectRepository", "Sheet1", code): pk_Functions.CS_ClickingonActionButtonswithPagination.SelectRecordFromWebtableFun is PASSED

2019-02-20 12:29:36 - [MESSAGE][PASSED] - Object: '' is clicked on

2019-02-20 12:29:38 - [MESSAGE][PASSED] - Delayed 2 second(s)

2019-02-20 12:29:39 - [MESSAGE][PASSED] - Attribute 'tabindex' of object '' is: '0'

2019-02-20 12:29:39 - [MESSAGE][PASSED] - Object: '' is clicked on

2019-02-20 12:29:42 - [MESSAGE][PASSED] - Delayed 3 second(s)

2019-02-20 12:29:43 - [MESSAGE][PASSED] - Delayed 1 second(s)

2019-02-20 12:29:43 - [MESSAGE][PASSED] - Object: '' is clicked on

2019-02-20 12:29:44 - [MESSAGE][PASSED] - Delayed 1 second(s)

2019-02-20 12:29:44 - [MESSAGE][PASSED] - Object: '' is clicked on

2019-02-20 12:29:44 - [MESSAGE][PASSED] - pk_Functions.CS_ClickingonActionButtonswithPagination.SelectRecordFromWebtableFun is PASSED

2019-02-20 12:29:44 - [TEST_STEP][PASSED] - delay(2): Delayed 2 second(s)

2019-02-20 12:29:46 - [MESSAGE][PASSED] - Delayed 2 second(s)]]></system-out>
         <system-err><![CDATA[]]></system-err>
      </testcase>
      <testcase name="Test Cases/Event Group Management/TC_Delete_Records" classname="Test Cases/Event Group Management/TC_Delete_Records" status="PASSED">
         <system-out><![CDATA[2019-02-20 12:29:46 - [TEST_CASE][PASSED] - Test Cases/Event Group Management/TC_Delete_Records: Test Cases/Event Group Management/TC_Delete_Records

2019-02-20 12:29:46 - [TEST_STEP][PASSED] - if (ActionType): pk_Functions.CS_ClickingonActionButtonswithPagination.SelectRecordFromWebtableFun is PASSED

2019-02-20 12:29:46 - [TEST_STEP][PASSED] - pk_Functions.CS_ClickingonActionButtonswithPagination.SelectRecordFromWebtableFun(ActionType, 0, 3, "Event Group Management/MOF_NE_Event Group ManagementObjectRepository", "Sheet1", code): pk_Functions.CS_ClickingonActionButtonswithPagination.SelectRecordFromWebtableFun is PASSED

2019-02-20 12:29:47 - [MESSAGE][PASSED] - Object: '' is clicked on

2019-02-20 12:29:49 - [MESSAGE][PASSED] - Delayed 2 second(s)

2019-02-20 12:29:49 - [MESSAGE][PASSED] - Attribute 'tabindex' of object '' is: '0'

2019-02-20 12:29:49 - [MESSAGE][PASSED] - Object: '' is clicked on

2019-02-20 12:29:52 - [MESSAGE][PASSED] - Delayed 3 second(s)

2019-02-20 12:29:54 - [MESSAGE][PASSED] - Delayed 1 second(s)

2019-02-20 12:29:54 - [MESSAGE][PASSED] - Object: '' is clicked on

2019-02-20 12:29:55 - [MESSAGE][PASSED] - Delayed 1 second(s)

2019-02-20 12:29:55 - [MESSAGE][PASSED] - Object: '' is clicked on

2019-02-20 12:29:55 - [MESSAGE][PASSED] - pk_Functions.CS_ClickingonActionButtonswithPagination.SelectRecordFromWebtableFun is PASSED

2019-02-20 12:29:55 - [TEST_STEP][PASSED] - delay(2): Delayed 2 second(s)

2019-02-20 12:29:57 - [MESSAGE][PASSED] - Delayed 2 second(s)]]></system-out>
         <system-err><![CDATA[]]></system-err>
      </testcase>
      <testcase name="Test Cases/Event Group Management/TC_Delete_Records" classname="Test Cases/Event Group Management/TC_Delete_Records" status="PASSED">
         <system-out><![CDATA[2019-02-20 12:29:57 - [TEST_CASE][PASSED] - Test Cases/Event Group Management/TC_Delete_Records: Test Cases/Event Group Management/TC_Delete_Records

2019-02-20 12:29:57 - [TEST_STEP][PASSED] - if (ActionType): pk_Functions.CS_ClickingonActionButtonswithPagination.SelectRecordFromWebtableFun is PASSED

2019-02-20 12:29:57 - [TEST_STEP][PASSED] - pk_Functions.CS_ClickingonActionButtonswithPagination.SelectRecordFromWebtableFun(ActionType, 0, 3, "Event Group Management/MOF_NE_Event Group ManagementObjectRepository", "Sheet1", code): pk_Functions.CS_ClickingonActionButtonswithPagination.SelectRecordFromWebtableFun is PASSED

2019-02-20 12:29:57 - [MESSAGE][PASSED] - Object: '' is clicked on

2019-02-20 12:29:59 - [MESSAGE][PASSED] - Delayed 2 second(s)

2019-02-20 12:29:59 - [MESSAGE][PASSED] - Attribute 'tabindex' of object '' is: '0'

2019-02-20 12:29:59 - [MESSAGE][PASSED] - Object: '' is clicked on

2019-02-20 12:30:02 - [MESSAGE][PASSED] - Delayed 3 second(s)

2019-02-20 12:30:04 - [MESSAGE][PASSED] - Delayed 1 second(s)

2019-02-20 12:30:04 - [MESSAGE][PASSED] - Object: '' is clicked on

2019-02-20 12:30:05 - [MESSAGE][PASSED] - Delayed 1 second(s)

2019-02-20 12:30:05 - [MESSAGE][PASSED] - Object: '' is clicked on

2019-02-20 12:30:05 - [MESSAGE][PASSED] - pk_Functions.CS_ClickingonActionButtonswithPagination.SelectRecordFromWebtableFun is PASSED

2019-02-20 12:30:05 - [TEST_STEP][PASSED] - delay(2): Delayed 2 second(s)

2019-02-20 12:30:07 - [MESSAGE][PASSED] - Delayed 2 second(s)]]></system-out>
         <system-err><![CDATA[]]></system-err>
      </testcase>
      <testcase name="Test Cases/Event Group Management/TC_Delete_Records" classname="Test Cases/Event Group Management/TC_Delete_Records" status="PASSED">
         <system-out><![CDATA[2019-02-20 12:30:07 - [TEST_CASE][PASSED] - Test Cases/Event Group Management/TC_Delete_Records: Test Cases/Event Group Management/TC_Delete_Records

2019-02-20 12:30:07 - [TEST_STEP][PASSED] - if (ActionType): pk_Functions.CS_ClickingonActionButtonswithPagination.SelectRecordFromWebtableFun is PASSED

2019-02-20 12:30:07 - [TEST_STEP][PASSED] - pk_Functions.CS_ClickingonActionButtonswithPagination.SelectRecordFromWebtableFun(ActionType, 0, 3, "Event Group Management/MOF_NE_Event Group ManagementObjectRepository", "Sheet1", code): pk_Functions.CS_ClickingonActionButtonswithPagination.SelectRecordFromWebtableFun is PASSED

2019-02-20 12:30:07 - [MESSAGE][PASSED] - Object: '' is clicked on

2019-02-20 12:30:09 - [MESSAGE][PASSED] - Delayed 2 second(s)

2019-02-20 12:30:10 - [MESSAGE][PASSED] - Attribute 'tabindex' of object '' is: '0'

2019-02-20 12:30:10 - [MESSAGE][PASSED] - Object: '' is clicked on

2019-02-20 12:30:13 - [MESSAGE][PASSED] - Delayed 3 second(s)

2019-02-20 12:30:13 - [MESSAGE][PASSED] - Attribute 'tabindex' of object '' is: '0'

2019-02-20 12:30:13 - [MESSAGE][PASSED] - Object: '' is clicked on

2019-02-20 12:30:16 - [MESSAGE][PASSED] - Delayed 3 second(s)

2019-02-20 12:30:17 - [MESSAGE][PASSED] - Attribute 'tabindex' of object '' is: '0'

2019-02-20 12:30:17 - [MESSAGE][PASSED] - Object: '' is clicked on

2019-02-20 12:30:20 - [MESSAGE][PASSED] - Delayed 3 second(s)

2019-02-20 12:30:22 - [MESSAGE][PASSED] - Delayed 1 second(s)

2019-02-20 12:30:22 - [MESSAGE][PASSED] - Object: '' is clicked on

2019-02-20 12:30:23 - [MESSAGE][PASSED] - Delayed 1 second(s)

2019-02-20 12:30:23 - [MESSAGE][PASSED] - Object: '' is clicked on

2019-02-20 12:30:23 - [MESSAGE][PASSED] - pk_Functions.CS_ClickingonActionButtonswithPagination.SelectRecordFromWebtableFun is PASSED

2019-02-20 12:30:23 - [TEST_STEP][PASSED] - delay(2): Delayed 2 second(s)

2019-02-20 12:30:25 - [MESSAGE][PASSED] - Delayed 2 second(s)]]></system-out>
         <system-err><![CDATA[]]></system-err>
      </testcase>
      <testcase name="Test Cases/Event Group Management/TC_Verify_Delete and Undelete" classname="Test Cases/Event Group Management/TC_Verify_Delete and Undelete" status="PASSED">
         <system-out><![CDATA[2019-02-20 12:30:25 - [TEST_CASE][PASSED] - Test Cases/Event Group Management/TC_Verify_Delete and Undelete: Test Cases/Event Group Management/TC_Verify_Delete and Undelete

2019-02-20 12:30:25 - [TEST_STEP][PASSED] - pk_Functions.CS_WebtableVerification.ValidateSearchParameters(Delete, "Event Group Management/MOF_NE_Event Group ManagementObjectRepository", "Sheet1", [code], 0): pk_Functions.CS_WebtableVerification.ValidateSearchParameters is PASSED

2019-02-20 12:30:28 - [MESSAGE][PASSED] - Delayed 3 second(s)

2019-02-20 12:30:28 - [MESSAGE][PASSED] - Object: '' is clicked on

2019-02-20 12:30:30 - [MESSAGE][PASSED] - Delayed 2 second(s)

2019-02-20 12:30:31 - [MESSAGE][PASSED] - Attribute 'tabindex' of object '' is: '0'

2019-02-20 12:30:31 - [MESSAGE][PASSED] - Object: '' is clicked on

2019-02-20 12:30:34 - [MESSAGE][PASSED] - Delayed 3 second(s)

2019-02-20 12:30:34 - [MESSAGE][PASSED] - pk_Functions.CS_WebtableVerification.ValidateSearchParameters is PASSED

2019-02-20 12:30:34 - [TEST_STEP][PASSED] - delay(2): Delayed 2 second(s)

2019-02-20 12:30:36 - [MESSAGE][PASSED] - Delayed 2 second(s)]]></system-out>
         <system-err><![CDATA[]]></system-err>
      </testcase>
      <testcase name="Test Cases/Event Group Management/TC_Verify_Delete and Undelete" classname="Test Cases/Event Group Management/TC_Verify_Delete and Undelete" status="PASSED">
         <system-out><![CDATA[2019-02-20 12:30:36 - [TEST_CASE][PASSED] - Test Cases/Event Group Management/TC_Verify_Delete and Undelete: Test Cases/Event Group Management/TC_Verify_Delete and Undelete

2019-02-20 12:30:36 - [TEST_STEP][PASSED] - pk_Functions.CS_WebtableVerification.ValidateSearchParameters(Delete, "Event Group Management/MOF_NE_Event Group ManagementObjectRepository", "Sheet1", [code], 0): pk_Functions.CS_WebtableVerification.ValidateSearchParameters is PASSED

2019-02-20 12:30:39 - [MESSAGE][PASSED] - Delayed 3 second(s)

2019-02-20 12:30:39 - [MESSAGE][PASSED] - Object: '' is clicked on

2019-02-20 12:30:41 - [MESSAGE][PASSED] - Delayed 2 second(s)

2019-02-20 12:30:42 - [MESSAGE][PASSED] - Attribute 'tabindex' of object '' is: '0'

2019-02-20 12:30:42 - [MESSAGE][PASSED] - Object: '' is clicked on

2019-02-20 12:30:45 - [MESSAGE][PASSED] - Delayed 3 second(s)

2019-02-20 12:30:45 - [MESSAGE][PASSED] - pk_Functions.CS_WebtableVerification.ValidateSearchParameters is PASSED

2019-02-20 12:30:45 - [TEST_STEP][PASSED] - delay(2): Delayed 2 second(s)

2019-02-20 12:30:47 - [MESSAGE][PASSED] - Delayed 2 second(s)]]></system-out>
         <system-err><![CDATA[]]></system-err>
      </testcase>
      <testcase name="Test Cases/Event Group Management/TC_Verify_Delete and Undelete" classname="Test Cases/Event Group Management/TC_Verify_Delete and Undelete" status="PASSED">
         <system-out><![CDATA[2019-02-20 12:30:47 - [TEST_CASE][PASSED] - Test Cases/Event Group Management/TC_Verify_Delete and Undelete: Test Cases/Event Group Management/TC_Verify_Delete and Undelete

2019-02-20 12:30:47 - [TEST_STEP][PASSED] - pk_Functions.CS_WebtableVerification.ValidateSearchParameters(Delete, "Event Group Management/MOF_NE_Event Group ManagementObjectRepository", "Sheet1", [code], 0): pk_Functions.CS_WebtableVerification.ValidateSearchParameters is PASSED

2019-02-20 12:30:50 - [MESSAGE][PASSED] - Delayed 3 second(s)

2019-02-20 12:30:51 - [MESSAGE][PASSED] - Object: '' is clicked on

2019-02-20 12:30:53 - [MESSAGE][PASSED] - Delayed 2 second(s)

2019-02-20 12:30:53 - [MESSAGE][PASSED] - Attribute 'tabindex' of object '' is: '0'

2019-02-20 12:30:53 - [MESSAGE][PASSED] - Object: '' is clicked on

2019-02-20 12:30:56 - [MESSAGE][PASSED] - Delayed 3 second(s)

2019-02-20 12:30:57 - [MESSAGE][PASSED] - pk_Functions.CS_WebtableVerification.ValidateSearchParameters is PASSED

2019-02-20 12:30:57 - [TEST_STEP][PASSED] - delay(2): Delayed 2 second(s)

2019-02-20 12:30:59 - [MESSAGE][PASSED] - Delayed 2 second(s)]]></system-out>
         <system-err><![CDATA[]]></system-err>
      </testcase>
      <testcase name="Test Cases/Event Group Management/TC_Verify_Delete and Undelete" classname="Test Cases/Event Group Management/TC_Verify_Delete and Undelete" status="PASSED">
         <system-out><![CDATA[2019-02-20 12:30:59 - [TEST_CASE][PASSED] - Test Cases/Event Group Management/TC_Verify_Delete and Undelete: Test Cases/Event Group Management/TC_Verify_Delete and Undelete

2019-02-20 12:30:59 - [TEST_STEP][PASSED] - pk_Functions.CS_WebtableVerification.ValidateSearchParameters(Delete, "Event Group Management/MOF_NE_Event Group ManagementObjectRepository", "Sheet1", [code], 0): pk_Functions.CS_WebtableVerification.ValidateSearchParameters is PASSED

2019-02-20 12:31:02 - [MESSAGE][PASSED] - Delayed 3 second(s)

2019-02-20 12:31:02 - [MESSAGE][PASSED] - Object: '' is clicked on

2019-02-20 12:31:04 - [MESSAGE][PASSED] - Delayed 2 second(s)

2019-02-20 12:31:05 - [MESSAGE][PASSED] - Attribute 'tabindex' of object '' is: '0'

2019-02-20 12:31:05 - [MESSAGE][PASSED] - Object: '' is clicked on

2019-02-20 12:31:08 - [MESSAGE][PASSED] - Delayed 3 second(s)

2019-02-20 12:31:08 - [MESSAGE][PASSED] - Attribute 'tabindex' of object '' is: '0'

2019-02-20 12:31:08 - [MESSAGE][PASSED] - Object: '' is clicked on

2019-02-20 12:31:11 - [MESSAGE][PASSED] - Delayed 3 second(s)

2019-02-20 12:31:12 - [MESSAGE][PASSED] - Attribute 'tabindex' of object '' is: '0'

2019-02-20 12:31:12 - [MESSAGE][PASSED] - Object: '' is clicked on

2019-02-20 12:31:15 - [MESSAGE][PASSED] - Delayed 3 second(s)

2019-02-20 12:31:16 - [MESSAGE][PASSED] - Attribute 'tabindex' of object '' is: '-1'

2019-02-20 12:31:16 - [MESSAGE][PASSED] - pk_Functions.CS_WebtableVerification.ValidateSearchParameters is PASSED

2019-02-20 12:31:16 - [TEST_STEP][PASSED] - delay(2): Delayed 2 second(s)

2019-02-20 12:31:18 - [MESSAGE][PASSED] - Delayed 2 second(s)]]></system-out>
         <system-err><![CDATA[]]></system-err>
      </testcase>
      <testcase name="Test Cases/Event Group Management/TC_Verify_Delete and Undelete" classname="Test Cases/Event Group Management/TC_Verify_Delete and Undelete" status="PASSED">
         <system-out><![CDATA[2019-02-20 12:31:18 - [TEST_CASE][PASSED] - Test Cases/Event Group Management/TC_Verify_Delete and Undelete: Test Cases/Event Group Management/TC_Verify_Delete and Undelete

2019-02-20 12:31:18 - [TEST_STEP][PASSED] - pk_Functions.CS_WebtableVerification.ValidateSearchParameters(Delete, "Event Group Management/MOF_NE_Event Group ManagementObjectRepository", "Sheet1", [code], 0): pk_Functions.CS_WebtableVerification.ValidateSearchParameters is PASSED

2019-02-20 12:31:21 - [MESSAGE][PASSED] - Delayed 3 second(s)

2019-02-20 12:31:21 - [MESSAGE][PASSED] - Object: '' is clicked on

2019-02-20 12:31:23 - [MESSAGE][PASSED] - Delayed 2 second(s)

2019-02-20 12:31:23 - [MESSAGE][PASSED] - Attribute 'tabindex' of object '' is: '0'

2019-02-20 12:31:23 - [MESSAGE][PASSED] - Object: '' is clicked on

2019-02-20 12:31:26 - [MESSAGE][PASSED] - Delayed 3 second(s)

2019-02-20 12:31:27 - [MESSAGE][PASSED] - Attribute 'tabindex' of object '' is: '0'

2019-02-20 12:31:27 - [MESSAGE][PASSED] - Object: '' is clicked on

2019-02-20 12:31:30 - [MESSAGE][PASSED] - Delayed 3 second(s)

2019-02-20 12:31:31 - [MESSAGE][PASSED] - Attribute 'tabindex' of object '' is: '0'

2019-02-20 12:31:31 - [MESSAGE][PASSED] - Object: '' is clicked on

2019-02-20 12:31:34 - [MESSAGE][PASSED] - Delayed 3 second(s)

2019-02-20 12:31:34 - [MESSAGE][PASSED] - Attribute 'tabindex' of object '' is: '-1'

2019-02-20 12:31:34 - [MESSAGE][PASSED] - pk_Functions.CS_WebtableVerification.ValidateSearchParameters is PASSED

2019-02-20 12:31:34 - [TEST_STEP][PASSED] - delay(2): Delayed 2 second(s)

2019-02-20 12:31:36 - [MESSAGE][PASSED] - Delayed 2 second(s)]]></system-out>
         <system-err><![CDATA[]]></system-err>
      </testcase>
      <system-out><![CDATA[2019-02-20 12:27:59 - [TEST_SUITE][PASSED] - TS_EGMFullScenario: Test Cases/Event Group Management/TC_Verify_Delete and Undelete]]></system-out>
      <system-err><![CDATA[]]></system-err>
   </testsuite>
</testsuites>
