<?xml version="1.0" encoding="UTF-8"?>
<testsuites name="TS_Event Group Management" time="188" tests="22" failures="0" errors="4">
   <testsuite name="TS_Event Group Management" tests="22" failures="0" errors="4" time="188" timestamp="2019-02-03 15:09:44" hostname="aeibrahim - LPALXY0477.ejadaalex.local" id="Test Suites/Event Group Management/TS_Event Group Management">
      <properties>
         <property name="deviceName" value=""/>
         <property name="devicePlatform" value=""/>
         <property name="logFolder" value="C:\\Users\\aeibrahim\\git\\MOF\\Reports\\Event Group Management\\TS_Event Group Management\\20190203_150941"/>
         <property name="logFiles" value="C:\\Users\\aeibrahim\\git\\MOF\\Reports\\Event Group Management\\TS_Event Group Management\\20190203_150941\\execution0.log"/>
         <property name="attachments" value=""/>
         <property name="hostName" value="aeibrahim - LPALXY0477.ejadaalex.local"/>
         <property name="os" value="Windows 10 64bit"/>
         <property name="katalonVersion" value="5.8.6.1"/>
         <property name="browser" value="Chrome 71.0.3578.98"/>
         <property name="hostAddress" value="192.168.3.64"/>
         <property name="sessionId" value="c90d29b288b69c2cdb3ed5839278d385"/>
         <property name="seleniumVersion" value="3.7.1"/>
         <property name="proxyInformation" value="ProxyInformation{proxyOption=NO_PROXY, proxyServerType=HTTP, password=, proxyServerAddress=, proxyServerPort=0}"/>
         <property name="platform" value="Windows 10"/>
      </properties>
      <testcase name="Test Cases/TC_Login" classname="Test Cases/TC_Login" status="PASSED">
         <system-out><![CDATA[2019-02-03 15:09:44 - [TEST_CASE][PASSED] - Test Cases/TC_Login: Test Cases/TC_Login

2019-02-03 15:09:45 - [TEST_STEP][PASSED] - pk_Functions.CS_Login.LoginFun: pk_Functions.CS_Login.LoginFun is PASSED

2019-02-03 15:09:45 - [MESSAGE][WARNING] - Test object id is null

2019-02-03 15:09:58 - [MESSAGE][PASSED] - Browser is opened with url: 'http://192.168.0.190:8080/mof/#/'

2019-02-03 15:09:58 - [MESSAGE][PASSED] - Text 'AAttia' is set on object 'Object Repository/Login/Username'

2019-02-03 15:09:58 - [MESSAGE][PASSED] - Text '123' is set on object 'Object Repository/Login/Password'

2019-02-03 15:09:58 - [MESSAGE][PASSED] - Object: 'Object Repository/Login/Login' is clicked on

2019-02-03 15:09:58 - [MESSAGE][PASSED] - pk_Functions.CS_Login.LoginFun is PASSED]]></system-out>
         <system-err><![CDATA[]]></system-err>
      </testcase>
      <testcase name="Test Cases/Event Group Management/TC_Select_Screen" classname="Test Cases/Event Group Management/TC_Select_Screen" status="PASSED">
         <system-out><![CDATA[2019-02-03 15:09:58 - [TEST_CASE][PASSED] - Test Cases/Event Group Management/TC_Select_Screen: Test Cases/Event Group Management/TC_Select_Screen

2019-02-03 15:09:59 - [TEST_STEP][PASSED] - click: Object: 'Object Repository/NE_SideMenu' is clicked on

2019-02-03 15:10:07 - [MESSAGE][PASSED] - Object: 'Object Repository/NE_SideMenu' is clicked on

2019-02-03 15:10:07 - [TEST_STEP][PASSED] - click: Object: 'Object Repository/NE_EventGroupManagement' is clicked on

2019-02-03 15:10:07 - [MESSAGE][PASSED] - Object: 'Object Repository/NE_EventGroupManagement' is clicked on

2019-02-03 15:10:07 - [TEST_STEP][PASSED] - click: Object: 'Object Repository/Event Group Managemnt/BTN_Search' is clicked on

2019-02-03 15:10:07 - [MESSAGE][PASSED] - Object: 'Object Repository/Event Group Managemnt/BTN_Search' is clicked on

2019-02-03 15:10:07 - [TEST_STEP][PASSED] - delay: Delayed 2 second(s)

2019-02-03 15:10:09 - [MESSAGE][PASSED] - Delayed 2 second(s)]]></system-out>
         <system-err><![CDATA[]]></system-err>
      </testcase>
      <testcase name="Test Cases/Event Group Management/TC_Insert" classname="Test Cases/Event Group Management/TC_Insert" status="PASSED">
         <system-out><![CDATA[2019-02-03 15:10:09 - [TEST_CASE][PASSED] - Test Cases/Event Group Management/TC_Insert: Test Cases/Event Group Management/TC_Insert

2019-02-03 15:10:10 - [TEST_STEP][PASSED] - click: Object: 'Object Repository/Event Group Managemnt/BTN_Insert' is clicked on

2019-02-03 15:10:10 - [MESSAGE][PASSED] - Object: 'Object Repository/Event Group Managemnt/BTN_Insert' is clicked on

2019-02-03 15:10:10 - [TEST_STEP][PASSED] - pk_Functions.CS_AllPageData.AllPageDataFun: pk_Functions.CS_AllPageData.AllPageDataFun is PASSED

2019-02-03 15:10:12 - [MESSAGE][PASSED] - Delayed 1 second(s)

2019-02-03 15:10:12 - [MESSAGE][PASSED] - Text '123' is set on object ''

2019-02-03 15:10:13 - [MESSAGE][PASSED] - Delayed 1 second(s)

2019-02-03 15:10:15 - [MESSAGE][PASSED] - Text 'Event Group Management1' is set on object ''

2019-02-03 15:10:16 - [MESSAGE][PASSED] - Delayed 1 second(s)

2019-02-03 15:10:17 - [MESSAGE][PASSED] - Text 'Event Group Management1' is set on object ''

2019-02-03 15:10:17 - [MESSAGE][PASSED] - pk_Functions.CS_AllPageData.AllPageDataFun is PASSED

2019-02-03 15:10:17 - [TEST_STEP][PASSED] - click: Object: 'Object Repository/BTN_Save' is clicked on

2019-02-03 15:10:17 - [MESSAGE][PASSED] - Object: 'Object Repository/BTN_Save' is clicked on

2019-02-03 15:10:20 - [TEST_STEP][PASSED] - delay: Delayed 3 second(s)

2019-02-03 15:10:23 - [MESSAGE][PASSED] - Delayed 3 second(s)

2019-02-03 15:10:23 - [TEST_STEP][PASSED] - click: Object: 'Object Repository/BTN_Back' is clicked on

2019-02-03 15:10:24 - [MESSAGE][PASSED] - Object: 'Object Repository/BTN_Back' is clicked on

2019-02-03 15:10:24 - [TEST_STEP][PASSED] - delay: Delayed 3 second(s)

2019-02-03 15:10:27 - [MESSAGE][PASSED] - Delayed 3 second(s)]]></system-out>
         <system-err><![CDATA[]]></system-err>
      </testcase>
      <testcase name="Test Cases/Event Group Management/TC_Insert" classname="Test Cases/Event Group Management/TC_Insert" status="PASSED">
         <system-out><![CDATA[2019-02-03 15:10:27 - [TEST_CASE][PASSED] - Test Cases/Event Group Management/TC_Insert: Test Cases/Event Group Management/TC_Insert

2019-02-03 15:10:27 - [TEST_STEP][PASSED] - click: Object: 'Object Repository/Event Group Managemnt/BTN_Insert' is clicked on

2019-02-03 15:10:27 - [MESSAGE][PASSED] - Object: 'Object Repository/Event Group Managemnt/BTN_Insert' is clicked on

2019-02-03 15:10:27 - [TEST_STEP][PASSED] - pk_Functions.CS_AllPageData.AllPageDataFun: pk_Functions.CS_AllPageData.AllPageDataFun is PASSED

2019-02-03 15:10:28 - [MESSAGE][PASSED] - Delayed 1 second(s)

2019-02-03 15:10:28 - [MESSAGE][PASSED] - Text '223' is set on object ''

2019-02-03 15:10:29 - [MESSAGE][PASSED] - Delayed 1 second(s)

2019-02-03 15:10:29 - [MESSAGE][PASSED] - Text 'جروب الادارة ' is set on object ''

2019-02-03 15:10:30 - [MESSAGE][PASSED] - Delayed 1 second(s)

2019-02-03 15:10:31 - [MESSAGE][PASSED] - Text 'Event Group Management2' is set on object ''

2019-02-03 15:10:31 - [MESSAGE][PASSED] - pk_Functions.CS_AllPageData.AllPageDataFun is PASSED

2019-02-03 15:10:31 - [TEST_STEP][PASSED] - click: Object: 'Object Repository/BTN_Save' is clicked on

2019-02-03 15:10:31 - [MESSAGE][PASSED] - Object: 'Object Repository/BTN_Save' is clicked on

2019-02-03 15:10:31 - [TEST_STEP][PASSED] - delay: Delayed 3 second(s)

2019-02-03 15:10:34 - [MESSAGE][PASSED] - Delayed 3 second(s)

2019-02-03 15:10:34 - [TEST_STEP][PASSED] - click: Object: 'Object Repository/BTN_Back' is clicked on

2019-02-03 15:10:34 - [MESSAGE][PASSED] - Object: 'Object Repository/BTN_Back' is clicked on

2019-02-03 15:10:34 - [TEST_STEP][PASSED] - delay: Delayed 3 second(s)

2019-02-03 15:10:37 - [MESSAGE][PASSED] - Delayed 3 second(s)]]></system-out>
         <system-err><![CDATA[]]></system-err>
      </testcase>
      <testcase name="Test Cases/Event Group Management/TC_Insert" classname="Test Cases/Event Group Management/TC_Insert" status="PASSED">
         <system-out><![CDATA[2019-02-03 15:10:37 - [TEST_CASE][PASSED] - Test Cases/Event Group Management/TC_Insert: Test Cases/Event Group Management/TC_Insert

2019-02-03 15:10:37 - [TEST_STEP][PASSED] - click: Object: 'Object Repository/Event Group Managemnt/BTN_Insert' is clicked on

2019-02-03 15:10:37 - [MESSAGE][PASSED] - Object: 'Object Repository/Event Group Managemnt/BTN_Insert' is clicked on

2019-02-03 15:10:37 - [TEST_STEP][PASSED] - pk_Functions.CS_AllPageData.AllPageDataFun: pk_Functions.CS_AllPageData.AllPageDataFun is PASSED

2019-02-03 15:10:38 - [MESSAGE][PASSED] - Delayed 1 second(s)

2019-02-03 15:10:38 - [MESSAGE][PASSED] - Text '1' is set on object ''

2019-02-03 15:10:39 - [MESSAGE][PASSED] - Delayed 1 second(s)

2019-02-03 15:10:40 - [MESSAGE][PASSED] - Text 'Rome Rome' is set on object ''

2019-02-03 15:10:41 - [MESSAGE][PASSED] - Delayed 1 second(s)

2019-02-03 15:10:41 - [MESSAGE][PASSED] - Text 'Venice Venice' is set on object ''

2019-02-03 15:10:41 - [MESSAGE][PASSED] - pk_Functions.CS_AllPageData.AllPageDataFun is PASSED

2019-02-03 15:10:41 - [TEST_STEP][PASSED] - click: Object: 'Object Repository/BTN_Save' is clicked on

2019-02-03 15:10:41 - [MESSAGE][PASSED] - Object: 'Object Repository/BTN_Save' is clicked on

2019-02-03 15:10:41 - [TEST_STEP][PASSED] - delay: Delayed 3 second(s)

2019-02-03 15:10:44 - [MESSAGE][PASSED] - Delayed 3 second(s)

2019-02-03 15:10:44 - [TEST_STEP][PASSED] - click: Object: 'Object Repository/BTN_Back' is clicked on

2019-02-03 15:10:44 - [MESSAGE][PASSED] - Object: 'Object Repository/BTN_Back' is clicked on

2019-02-03 15:10:44 - [TEST_STEP][PASSED] - delay: Delayed 3 second(s)

2019-02-03 15:10:47 - [MESSAGE][PASSED] - Delayed 3 second(s)]]></system-out>
         <system-err><![CDATA[]]></system-err>
      </testcase>
      <testcase name="Test Cases/Event Group Management/TC_Insert" classname="Test Cases/Event Group Management/TC_Insert" status="PASSED">
         <system-out><![CDATA[2019-02-03 15:10:47 - [TEST_CASE][PASSED] - Test Cases/Event Group Management/TC_Insert: Test Cases/Event Group Management/TC_Insert

2019-02-03 15:10:47 - [TEST_STEP][PASSED] - click: Object: 'Object Repository/Event Group Managemnt/BTN_Insert' is clicked on

2019-02-03 15:10:47 - [MESSAGE][PASSED] - Object: 'Object Repository/Event Group Managemnt/BTN_Insert' is clicked on

2019-02-03 15:10:47 - [TEST_STEP][PASSED] - pk_Functions.CS_AllPageData.AllPageDataFun: pk_Functions.CS_AllPageData.AllPageDataFun is PASSED

2019-02-03 15:10:48 - [MESSAGE][PASSED] - Delayed 1 second(s)

2019-02-03 15:10:48 - [MESSAGE][PASSED] - Text '2' is set on object ''

2019-02-03 15:10:49 - [MESSAGE][PASSED] - Delayed 1 second(s)

2019-02-03 15:10:50 - [MESSAGE][PASSED] - Text 'Event Group Management3' is set on object ''

2019-02-03 15:10:51 - [MESSAGE][PASSED] - Delayed 1 second(s)

2019-02-03 15:10:51 - [MESSAGE][PASSED] - Text 'Event Group Management3' is set on object ''

2019-02-03 15:10:51 - [MESSAGE][PASSED] - pk_Functions.CS_AllPageData.AllPageDataFun is PASSED

2019-02-03 15:10:51 - [TEST_STEP][PASSED] - click: Object: 'Object Repository/BTN_Save' is clicked on

2019-02-03 15:10:51 - [MESSAGE][PASSED] - Object: 'Object Repository/BTN_Save' is clicked on

2019-02-03 15:10:51 - [TEST_STEP][PASSED] - delay: Delayed 3 second(s)

2019-02-03 15:10:54 - [MESSAGE][PASSED] - Delayed 3 second(s)

2019-02-03 15:10:54 - [TEST_STEP][PASSED] - click: Object: 'Object Repository/BTN_Back' is clicked on

2019-02-03 15:10:54 - [MESSAGE][PASSED] - Object: 'Object Repository/BTN_Back' is clicked on

2019-02-03 15:10:54 - [TEST_STEP][PASSED] - delay: Delayed 3 second(s)

2019-02-03 15:10:57 - [MESSAGE][PASSED] - Delayed 3 second(s)]]></system-out>
         <system-err><![CDATA[]]></system-err>
      </testcase>
      <testcase name="Test Cases/Event Group Management/TC_Insert" classname="Test Cases/Event Group Management/TC_Insert" status="PASSED">
         <system-out><![CDATA[2019-02-03 15:10:57 - [TEST_CASE][PASSED] - Test Cases/Event Group Management/TC_Insert: Test Cases/Event Group Management/TC_Insert

2019-02-03 15:10:57 - [TEST_STEP][PASSED] - click: Object: 'Object Repository/Event Group Managemnt/BTN_Insert' is clicked on

2019-02-03 15:10:57 - [MESSAGE][PASSED] - Object: 'Object Repository/Event Group Managemnt/BTN_Insert' is clicked on

2019-02-03 15:10:57 - [TEST_STEP][PASSED] - pk_Functions.CS_AllPageData.AllPageDataFun: pk_Functions.CS_AllPageData.AllPageDataFun is PASSED

2019-02-03 15:10:58 - [MESSAGE][PASSED] - Delayed 1 second(s)

2019-02-03 15:10:58 - [MESSAGE][PASSED] - Text '3' is set on object ''

2019-02-03 15:10:59 - [MESSAGE][PASSED] - Delayed 1 second(s)

2019-02-03 15:11:00 - [MESSAGE][PASSED] - Text 'Event Group Management4' is set on object ''

2019-02-03 15:11:01 - [MESSAGE][PASSED] - Delayed 1 second(s)

2019-02-03 15:11:01 - [MESSAGE][PASSED] - Text 'Event Group Management4' is set on object ''

2019-02-03 15:11:01 - [MESSAGE][PASSED] - pk_Functions.CS_AllPageData.AllPageDataFun is PASSED

2019-02-03 15:11:01 - [TEST_STEP][PASSED] - click: Object: 'Object Repository/BTN_Save' is clicked on

2019-02-03 15:11:01 - [MESSAGE][PASSED] - Object: 'Object Repository/BTN_Save' is clicked on

2019-02-03 15:11:01 - [TEST_STEP][PASSED] - delay: Delayed 3 second(s)

2019-02-03 15:11:04 - [MESSAGE][PASSED] - Delayed 3 second(s)

2019-02-03 15:11:04 - [TEST_STEP][PASSED] - click: Object: 'Object Repository/BTN_Back' is clicked on

2019-02-03 15:11:04 - [MESSAGE][PASSED] - Object: 'Object Repository/BTN_Back' is clicked on

2019-02-03 15:11:04 - [TEST_STEP][PASSED] - delay: Delayed 3 second(s)

2019-02-03 15:11:07 - [MESSAGE][PASSED] - Delayed 3 second(s)]]></system-out>
         <system-err><![CDATA[]]></system-err>
      </testcase>
      <testcase name="Test Cases/Event Group Management/TC_Insert" classname="Test Cases/Event Group Management/TC_Insert" status="PASSED">
         <system-out><![CDATA[2019-02-03 15:11:07 - [TEST_CASE][PASSED] - Test Cases/Event Group Management/TC_Insert: Test Cases/Event Group Management/TC_Insert

2019-02-03 15:11:07 - [TEST_STEP][PASSED] - click: Object: 'Object Repository/Event Group Managemnt/BTN_Insert' is clicked on

2019-02-03 15:11:07 - [MESSAGE][PASSED] - Object: 'Object Repository/Event Group Managemnt/BTN_Insert' is clicked on

2019-02-03 15:11:07 - [TEST_STEP][PASSED] - pk_Functions.CS_AllPageData.AllPageDataFun: pk_Functions.CS_AllPageData.AllPageDataFun is PASSED

2019-02-03 15:11:08 - [MESSAGE][PASSED] - Delayed 1 second(s)

2019-02-03 15:11:08 - [MESSAGE][PASSED] - Text '4' is set on object ''

2019-02-03 15:11:09 - [MESSAGE][PASSED] - Delayed 1 second(s)

2019-02-03 15:11:10 - [MESSAGE][PASSED] - Text 'Event Group Management5' is set on object ''

2019-02-03 15:11:11 - [MESSAGE][PASSED] - Delayed 1 second(s)

2019-02-03 15:11:11 - [MESSAGE][PASSED] - Text 'Event Group Management5' is set on object ''

2019-02-03 15:11:11 - [MESSAGE][PASSED] - pk_Functions.CS_AllPageData.AllPageDataFun is PASSED

2019-02-03 15:11:11 - [TEST_STEP][PASSED] - click: Object: 'Object Repository/BTN_Save' is clicked on

2019-02-03 15:11:11 - [MESSAGE][PASSED] - Object: 'Object Repository/BTN_Save' is clicked on

2019-02-03 15:11:11 - [TEST_STEP][PASSED] - delay: Delayed 3 second(s)

2019-02-03 15:11:14 - [MESSAGE][PASSED] - Delayed 3 second(s)

2019-02-03 15:11:14 - [TEST_STEP][PASSED] - click: Object: 'Object Repository/BTN_Back' is clicked on

2019-02-03 15:11:14 - [MESSAGE][PASSED] - Object: 'Object Repository/BTN_Back' is clicked on

2019-02-03 15:11:14 - [TEST_STEP][PASSED] - delay: Delayed 3 second(s)

2019-02-03 15:11:17 - [MESSAGE][PASSED] - Delayed 3 second(s)]]></system-out>
         <system-err><![CDATA[]]></system-err>
      </testcase>
      <testcase name="Test Cases/Event Group Management/TC_Insert" classname="Test Cases/Event Group Management/TC_Insert" status="PASSED">
         <system-out><![CDATA[2019-02-03 15:11:17 - [TEST_CASE][PASSED] - Test Cases/Event Group Management/TC_Insert: Test Cases/Event Group Management/TC_Insert

2019-02-03 15:11:17 - [TEST_STEP][PASSED] - click: Object: 'Object Repository/Event Group Managemnt/BTN_Insert' is clicked on

2019-02-03 15:11:17 - [MESSAGE][PASSED] - Object: 'Object Repository/Event Group Managemnt/BTN_Insert' is clicked on

2019-02-03 15:11:17 - [TEST_STEP][PASSED] - pk_Functions.CS_AllPageData.AllPageDataFun: pk_Functions.CS_AllPageData.AllPageDataFun is PASSED

2019-02-03 15:11:18 - [MESSAGE][PASSED] - Delayed 1 second(s)

2019-02-03 15:11:19 - [MESSAGE][PASSED] - Text '5' is set on object ''

2019-02-03 15:11:20 - [MESSAGE][PASSED] - Delayed 1 second(s)

2019-02-03 15:11:20 - [MESSAGE][PASSED] - Text 'Event Group Management6' is set on object ''

2019-02-03 15:11:21 - [MESSAGE][PASSED] - Delayed 1 second(s)

2019-02-03 15:11:21 - [MESSAGE][PASSED] - Text 'Event Group Management6' is set on object ''

2019-02-03 15:11:21 - [MESSAGE][PASSED] - pk_Functions.CS_AllPageData.AllPageDataFun is PASSED

2019-02-03 15:11:21 - [TEST_STEP][PASSED] - click: Object: 'Object Repository/BTN_Save' is clicked on

2019-02-03 15:11:21 - [MESSAGE][PASSED] - Object: 'Object Repository/BTN_Save' is clicked on

2019-02-03 15:11:21 - [TEST_STEP][PASSED] - delay: Delayed 3 second(s)

2019-02-03 15:11:24 - [MESSAGE][PASSED] - Delayed 3 second(s)

2019-02-03 15:11:24 - [TEST_STEP][PASSED] - click: Object: 'Object Repository/BTN_Back' is clicked on

2019-02-03 15:11:24 - [MESSAGE][PASSED] - Object: 'Object Repository/BTN_Back' is clicked on

2019-02-03 15:11:24 - [TEST_STEP][PASSED] - delay: Delayed 3 second(s)

2019-02-03 15:11:27 - [MESSAGE][PASSED] - Delayed 3 second(s)]]></system-out>
         <system-err><![CDATA[]]></system-err>
      </testcase>
      <testcase name="Test Cases/Event Group Management/TC_Insert" classname="Test Cases/Event Group Management/TC_Insert" status="PASSED">
         <system-out><![CDATA[2019-02-03 15:11:27 - [TEST_CASE][PASSED] - Test Cases/Event Group Management/TC_Insert: Test Cases/Event Group Management/TC_Insert

2019-02-03 15:11:27 - [TEST_STEP][PASSED] - click: Object: 'Object Repository/Event Group Managemnt/BTN_Insert' is clicked on

2019-02-03 15:11:27 - [MESSAGE][PASSED] - Object: 'Object Repository/Event Group Managemnt/BTN_Insert' is clicked on

2019-02-03 15:11:27 - [TEST_STEP][PASSED] - pk_Functions.CS_AllPageData.AllPageDataFun: pk_Functions.CS_AllPageData.AllPageDataFun is PASSED

2019-02-03 15:11:28 - [MESSAGE][PASSED] - Delayed 1 second(s)

2019-02-03 15:11:29 - [MESSAGE][PASSED] - Text '6' is set on object ''

2019-02-03 15:11:30 - [MESSAGE][PASSED] - Delayed 1 second(s)

2019-02-03 15:11:30 - [MESSAGE][PASSED] - Text 'Event Group Management7' is set on object ''

2019-02-03 15:11:31 - [MESSAGE][PASSED] - Delayed 1 second(s)

2019-02-03 15:11:31 - [MESSAGE][PASSED] - Text 'Event Group Management7' is set on object ''

2019-02-03 15:11:31 - [MESSAGE][PASSED] - pk_Functions.CS_AllPageData.AllPageDataFun is PASSED

2019-02-03 15:11:31 - [TEST_STEP][PASSED] - click: Object: 'Object Repository/BTN_Save' is clicked on

2019-02-03 15:11:31 - [MESSAGE][PASSED] - Object: 'Object Repository/BTN_Save' is clicked on

2019-02-03 15:11:31 - [TEST_STEP][PASSED] - delay: Delayed 3 second(s)

2019-02-03 15:11:34 - [MESSAGE][PASSED] - Delayed 3 second(s)

2019-02-03 15:11:34 - [TEST_STEP][PASSED] - click: Object: 'Object Repository/BTN_Back' is clicked on

2019-02-03 15:11:34 - [MESSAGE][PASSED] - Object: 'Object Repository/BTN_Back' is clicked on

2019-02-03 15:11:34 - [TEST_STEP][PASSED] - delay: Delayed 3 second(s)

2019-02-03 15:11:37 - [MESSAGE][PASSED] - Delayed 3 second(s)]]></system-out>
         <system-err><![CDATA[]]></system-err>
      </testcase>
      <testcase name="Test Cases/Event Group Management/TC_Delete" classname="Test Cases/Event Group Management/TC_Delete" status="PASSED">
         <system-out><![CDATA[2019-02-03 15:11:37 - [TEST_CASE][PASSED] - Test Cases/Event Group Management/TC_Delete: Test Cases/Event Group Management/TC_Delete

2019-02-03 15:11:37 - [TEST_STEP][PASSED] - pk_Functions.CS_ClickingonUpdateorDeletebutton.SelectRecordFromWebtableFun: pk_Functions.CS_ClickingonUpdateorDeletebutton.SelectRecordFromWebtableFun is PASSED

2019-02-03 15:11:42 - [MESSAGE][PASSED] - Delayed 4 second(s)

2019-02-03 15:11:44 - [MESSAGE][PASSED] - Delayed 2 second(s)

2019-02-03 15:11:44 - [MESSAGE][PASSED] - Object: '' is clicked on

2019-02-03 15:11:47 - [MESSAGE][PASSED] - Delayed 3 second(s)

2019-02-03 15:11:47 - [MESSAGE][PASSED] - Object: '' is clicked on

2019-02-03 15:11:47 - [MESSAGE][PASSED] - pk_Functions.CS_ClickingonUpdateorDeletebutton.SelectRecordFromWebtableFun is PASSED

2019-02-03 15:11:47 - [TEST_STEP][PASSED] - delay: Delayed 2 second(s)

2019-02-03 15:11:49 - [MESSAGE][PASSED] - Delayed 2 second(s)]]></system-out>
         <system-err><![CDATA[]]></system-err>
      </testcase>
      <testcase name="Test Cases/Event Group Management/TC_Delete" classname="Test Cases/Event Group Management/TC_Delete" status="PASSED">
         <system-out><![CDATA[2019-02-03 15:11:49 - [TEST_CASE][PASSED] - Test Cases/Event Group Management/TC_Delete: Test Cases/Event Group Management/TC_Delete

2019-02-03 15:11:49 - [TEST_STEP][PASSED] - pk_Functions.CS_ClickingonUpdateorDeletebutton.SelectRecordFromWebtableFun: pk_Functions.CS_ClickingonUpdateorDeletebutton.SelectRecordFromWebtableFun is PASSED

2019-02-03 15:11:53 - [MESSAGE][PASSED] - Delayed 4 second(s)

2019-02-03 15:11:55 - [MESSAGE][PASSED] - Delayed 2 second(s)

2019-02-03 15:11:56 - [MESSAGE][PASSED] - Object: '' is clicked on

2019-02-03 15:11:59 - [MESSAGE][PASSED] - Delayed 3 second(s)

2019-02-03 15:11:59 - [MESSAGE][PASSED] - Object: '' is clicked on

2019-02-03 15:11:59 - [MESSAGE][PASSED] - pk_Functions.CS_ClickingonUpdateorDeletebutton.SelectRecordFromWebtableFun is PASSED

2019-02-03 15:11:59 - [TEST_STEP][PASSED] - delay: Delayed 2 second(s)

2019-02-03 15:12:01 - [MESSAGE][PASSED] - Delayed 2 second(s)]]></system-out>
         <system-err><![CDATA[]]></system-err>
      </testcase>
      <testcase name="Test Cases/Event Group Management/TC_Delete" classname="Test Cases/Event Group Management/TC_Delete" status="PASSED">
         <system-out><![CDATA[2019-02-03 15:12:01 - [TEST_CASE][PASSED] - Test Cases/Event Group Management/TC_Delete: Test Cases/Event Group Management/TC_Delete

2019-02-03 15:12:01 - [TEST_STEP][PASSED] - pk_Functions.CS_ClickingonUpdateorDeletebutton.SelectRecordFromWebtableFun: pk_Functions.CS_ClickingonUpdateorDeletebutton.SelectRecordFromWebtableFun is PASSED

2019-02-03 15:12:05 - [MESSAGE][PASSED] - Delayed 4 second(s)

2019-02-03 15:12:07 - [MESSAGE][PASSED] - Delayed 2 second(s)

2019-02-03 15:12:07 - [MESSAGE][PASSED] - Object: '' is clicked on

2019-02-03 15:12:10 - [MESSAGE][PASSED] - Delayed 3 second(s)

2019-02-03 15:12:10 - [MESSAGE][PASSED] - Object: '' is clicked on

2019-02-03 15:12:10 - [MESSAGE][PASSED] - pk_Functions.CS_ClickingonUpdateorDeletebutton.SelectRecordFromWebtableFun is PASSED

2019-02-03 15:12:10 - [TEST_STEP][PASSED] - delay: Delayed 2 second(s)

2019-02-03 15:12:12 - [MESSAGE][PASSED] - Delayed 2 second(s)]]></system-out>
         <system-err><![CDATA[]]></system-err>
      </testcase>
      <testcase name="Test Cases/Event Group Management/TC_Delete" classname="Test Cases/Event Group Management/TC_Delete" status="PASSED">
         <system-out><![CDATA[2019-02-03 15:12:12 - [TEST_CASE][PASSED] - Test Cases/Event Group Management/TC_Delete: Test Cases/Event Group Management/TC_Delete

2019-02-03 15:12:12 - [TEST_STEP][PASSED] - pk_Functions.CS_ClickingonUpdateorDeletebutton.SelectRecordFromWebtableFun: pk_Functions.CS_ClickingonUpdateorDeletebutton.SelectRecordFromWebtableFun is PASSED

2019-02-03 15:12:12 - [MESSAGE][PASSED] - pk_Functions.CS_ClickingonUpdateorDeletebutton.SelectRecordFromWebtableFun is PASSED

2019-02-03 15:12:12 - [TEST_STEP][PASSED] - delay: Delayed 2 second(s)

2019-02-03 15:12:14 - [MESSAGE][PASSED] - Delayed 2 second(s)]]></system-out>
         <system-err><![CDATA[]]></system-err>
      </testcase>
      <testcase name="Test Cases/Event Group Management/TC_Delete" classname="Test Cases/Event Group Management/TC_Delete" status="PASSED">
         <system-out><![CDATA[2019-02-03 15:12:14 - [TEST_CASE][PASSED] - Test Cases/Event Group Management/TC_Delete: Test Cases/Event Group Management/TC_Delete

2019-02-03 15:12:14 - [TEST_STEP][PASSED] - pk_Functions.CS_ClickingonUpdateorDeletebutton.SelectRecordFromWebtableFun: pk_Functions.CS_ClickingonUpdateorDeletebutton.SelectRecordFromWebtableFun is PASSED

2019-02-03 15:12:19 - [MESSAGE][PASSED] - Delayed 4 second(s)

2019-02-03 15:12:21 - [MESSAGE][PASSED] - Delayed 2 second(s)

2019-02-03 15:12:21 - [MESSAGE][PASSED] - Object: '' is clicked on

2019-02-03 15:12:24 - [MESSAGE][PASSED] - Delayed 3 second(s)

2019-02-03 15:12:24 - [MESSAGE][PASSED] - Object: '' is clicked on

2019-02-03 15:12:24 - [MESSAGE][PASSED] - pk_Functions.CS_ClickingonUpdateorDeletebutton.SelectRecordFromWebtableFun is PASSED

2019-02-03 15:12:24 - [TEST_STEP][PASSED] - delay: Delayed 2 second(s)

2019-02-03 15:12:26 - [MESSAGE][PASSED] - Delayed 2 second(s)]]></system-out>
         <system-err><![CDATA[]]></system-err>
      </testcase>
      <testcase name="Test Cases/Event Group Management/TC_Delete" classname="Test Cases/Event Group Management/TC_Delete" status="PASSED">
         <system-out><![CDATA[2019-02-03 15:12:26 - [TEST_CASE][PASSED] - Test Cases/Event Group Management/TC_Delete: Test Cases/Event Group Management/TC_Delete

2019-02-03 15:12:26 - [TEST_STEP][PASSED] - pk_Functions.CS_ClickingonUpdateorDeletebutton.SelectRecordFromWebtableFun: pk_Functions.CS_ClickingonUpdateorDeletebutton.SelectRecordFromWebtableFun is PASSED

2019-02-03 15:12:30 - [MESSAGE][PASSED] - Delayed 4 second(s)

2019-02-03 15:12:32 - [MESSAGE][PASSED] - Delayed 2 second(s)

2019-02-03 15:12:32 - [MESSAGE][PASSED] - Object: '' is clicked on

2019-02-03 15:12:35 - [MESSAGE][PASSED] - Delayed 3 second(s)

2019-02-03 15:12:36 - [MESSAGE][PASSED] - Object: '' is clicked on

2019-02-03 15:12:36 - [MESSAGE][PASSED] - pk_Functions.CS_ClickingonUpdateorDeletebutton.SelectRecordFromWebtableFun is PASSED

2019-02-03 15:12:36 - [TEST_STEP][PASSED] - delay: Delayed 2 second(s)

2019-02-03 15:12:38 - [MESSAGE][PASSED] - Delayed 2 second(s)]]></system-out>
         <system-err><![CDATA[]]></system-err>
      </testcase>
      <testcase name="Test Cases/Event Group Management/TC_Delete" classname="Test Cases/Event Group Management/TC_Delete" status="PASSED">
         <system-out><![CDATA[2019-02-03 15:12:38 - [TEST_CASE][PASSED] - Test Cases/Event Group Management/TC_Delete: Test Cases/Event Group Management/TC_Delete

2019-02-03 15:12:38 - [TEST_STEP][PASSED] - pk_Functions.CS_ClickingonUpdateorDeletebutton.SelectRecordFromWebtableFun: pk_Functions.CS_ClickingonUpdateorDeletebutton.SelectRecordFromWebtableFun is PASSED

2019-02-03 15:12:38 - [MESSAGE][PASSED] - pk_Functions.CS_ClickingonUpdateorDeletebutton.SelectRecordFromWebtableFun is PASSED

2019-02-03 15:12:38 - [TEST_STEP][PASSED] - delay: Delayed 2 second(s)

2019-02-03 15:12:40 - [MESSAGE][PASSED] - Delayed 2 second(s)]]></system-out>
         <system-err><![CDATA[]]></system-err>
      </testcase>
      <testcase name="Test Cases/Event Group Management/TC_Delete" classname="Test Cases/Event Group Management/TC_Delete" status="PASSED">
         <system-out><![CDATA[2019-02-03 15:12:40 - [TEST_CASE][PASSED] - Test Cases/Event Group Management/TC_Delete: Test Cases/Event Group Management/TC_Delete

2019-02-03 15:12:40 - [TEST_STEP][PASSED] - pk_Functions.CS_ClickingonUpdateorDeletebutton.SelectRecordFromWebtableFun: pk_Functions.CS_ClickingonUpdateorDeletebutton.SelectRecordFromWebtableFun is PASSED

2019-02-03 15:12:40 - [MESSAGE][PASSED] - pk_Functions.CS_ClickingonUpdateorDeletebutton.SelectRecordFromWebtableFun is PASSED

2019-02-03 15:12:40 - [TEST_STEP][PASSED] - delay: Delayed 2 second(s)

2019-02-03 15:12:42 - [MESSAGE][PASSED] - Delayed 2 second(s)]]></system-out>
         <system-err><![CDATA[]]></system-err>
      </testcase>
      <testcase name="Test Cases/Event Group Management/TC_Verify_Delete" classname="Test Cases/Event Group Management/TC_Verify_Delete" status="ERROR">
         <error type="ERROR" message="Test Cases/Event Group Management/TC_Verify_Delete FAILED because (of) (Stack trace: org.codehaus.groovy.runtime.InvokerInvocationException: Assertion failed: 

assert Columns_row_text == expectedValues
       |                |  |
       []               |  [123]
                        false

	at org.codehaus.groovy.reflection.CachedMethod.invoke(CachedMethod.java:100)
	at groovy.lang.MetaMethod.doMethodInvoke(MetaMethod.java:325)
	at groovy.lang.MetaClassImpl.invokeMethod(MetaClassImpl.java:1215)
	at groovy.lang.MetaClassImpl.invokeMethod(MetaClassImpl.java:1024)
	at groovy.lang.MetaClassImpl.invokeMethod(MetaClassImpl.java:812)
	at groovy.lang.DelegatingMetaClass.invokeMethod(DelegatingMetaClass.java:144)
	at groovy.lang.GroovyObjectSupport.invokeMethod(GroovyObjectSupport.java:46)
	at groovy.lang.Script.invokeMethod(Script.java:80)
	at com.kms.katalon.core.main.CustomKeywordDelegatingMetaClass.invokeStaticMethod(CustomKeywordDelegatingMetaClass.java:46)
	at org.codehaus.groovy.runtime.callsite.StaticMetaClassSite.call(StaticMetaClassSite.java:53)
	at org.codehaus.groovy.runtime.callsite.CallSiteArray.defaultCall(CallSiteArray.java:48)
	at org.codehaus.groovy.runtime.callsite.AbstractCallSite.call(AbstractCallSite.java:113)
	at Script1548157233007.run(Script1548157233007.groovy:17)
	at com.kms.katalon.core.main.ScriptEngine.run(ScriptEngine.java:183)
	at com.kms.katalon.core.main.ScriptEngine.runScriptAsRawText(ScriptEngine.java:108)
	at com.kms.katalon.core.main.TestCaseExecutor.runScript(TestCaseExecutor.java:294)
	at com.kms.katalon.core.main.TestCaseExecutor.doExecute(TestCaseExecutor.java:285)
	at com.kms.katalon.core.main.TestCaseExecutor.processExecutionPhase(TestCaseExecutor.java:264)
	at com.kms.katalon.core.main.TestCaseExecutor.accessMainPhase(TestCaseExecutor.java:256)
	at com.kms.katalon.core.main.TestCaseExecutor.execute(TestCaseExecutor.java:200)
	at com.kms.katalon.core.main.TestSuiteExecutor.accessTestCaseMainPhase(TestSuiteExecutor.java:129)
	at com.kms.katalon.core.main.TestSuiteExecutor.accessTestSuiteMainPhase(TestSuiteExecutor.java:112)
	at com.kms.katalon.core.main.TestSuiteExecutor.execute(TestSuiteExecutor.java:81)
	at com.kms.katalon.core.main.TestCaseMain.startTestSuite(TestCaseMain.java:142)
	at com.kms.katalon.core.main.TestCaseMain$startTestSuite$0.call(Unknown Source)
	at org.codehaus.groovy.runtime.callsite.CallSiteArray.defaultCall(CallSiteArray.java:48)
	at org.codehaus.groovy.runtime.callsite.AbstractCallSite.call(AbstractCallSite.java:113)
	at org.codehaus.groovy.runtime.callsite.AbstractCallSite.call(AbstractCallSite.java:141)
	at TempTestSuite1549199381650.run(TempTestSuite1549199381650.groovy:36)
	at groovy.lang.GroovyShell.runScriptOrMainOrTestOrRunnable(GroovyShell.java:263)
	at groovy.lang.GroovyShell.run(GroovyShell.java:518)
	at groovy.lang.GroovyShell.run(GroovyShell.java:507)
	at groovy.ui.GroovyMain.processOnce(GroovyMain.java:653)
	at groovy.ui.GroovyMain.run(GroovyMain.java:384)
	at groovy.ui.GroovyMain.process(GroovyMain.java:370)
	at groovy.ui.GroovyMain.processArgs(GroovyMain.java:129)
	at groovy.ui.GroovyMain.main(GroovyMain.java:109)
	at sun.reflect.NativeMethodAccessorImpl.invoke0(Native Method)
	at sun.reflect.NativeMethodAccessorImpl.invoke(NativeMethodAccessorImpl.java:62)
	at sun.reflect.DelegatingMethodAccessorImpl.invoke(DelegatingMethodAccessorImpl.java:43)
	at java.lang.reflect.Method.invoke(Method.java:498)
	at org.codehaus.groovy.tools.GroovyStarter.rootLoader(GroovyStarter.java:109)
	at org.codehaus.groovy.tools.GroovyStarter.main(GroovyStarter.java:131)
Caused by: Assertion failed: 

assert Columns_row_text == expectedValues
       |                |  |
       []               |  [123]
                        false

	at org.codehaus.groovy.runtime.InvokerHelper.assertFailed(InvokerHelper.java:402)
	at org.codehaus.groovy.runtime.ScriptBytecodeAdapter.assertFailed(ScriptBytecodeAdapter.java:650)
	at pk_Functions.CS_ValidateSearchParameters.ValidateSearchParameters(CS_ValidateSearchParameters.groovy:93)
	at sun.reflect.NativeMethodAccessorImpl.invoke0(Native Method)
	at sun.reflect.NativeMethodAccessorImpl.invoke(NativeMethodAccessorImpl.java:62)
	at sun.reflect.DelegatingMethodAccessorImpl.invoke(DelegatingMethodAccessorImpl.java:43)
	at java.lang.reflect.Method.invoke(Method.java:498)
	at org.codehaus.groovy.reflection.CachedMethod.invoke(CachedMethod.java:93)
	... 42 more
 (caused by: (Stack trace: Assertion failed: 

assert Columns_row_text == expectedValues
       |                |  |
       []               |  [123]
                        false

	at org.codehaus.groovy.runtime.InvokerHelper.assertFailed(InvokerHelper.java:402)
	at org.codehaus.groovy.runtime.ScriptBytecodeAdapter.assertFailed(ScriptBytecodeAdapter.java:650)
	at pk_Functions.CS_ValidateSearchParameters.ValidateSearchParameters(CS_ValidateSearchParameters.groovy:93)
	at sun.reflect.NativeMethodAccessorImpl.invoke0(Native Method)
	at sun.reflect.NativeMethodAccessorImpl.invoke(NativeMethodAccessorImpl.java:62)
	at sun.reflect.DelegatingMethodAccessorImpl.invoke(DelegatingMethodAccessorImpl.java:43)
	at java.lang.reflect.Method.invoke(Method.java:498)
	at org.codehaus.groovy.reflection.CachedMethod.invoke(CachedMethod.java:93)
	at groovy.lang.MetaMethod.doMethodInvoke(MetaMethod.java:325)
	at groovy.lang.MetaClassImpl.invokeMethod(MetaClassImpl.java:1215)
	at groovy.lang.MetaClassImpl.invokeMethod(MetaClassImpl.java:1024)
	at groovy.lang.MetaClassImpl.invokeMethod(MetaClassImpl.java:812)
	at groovy.lang.DelegatingMetaClass.invokeMethod(DelegatingMetaClass.java:144)
	at groovy.lang.GroovyObjectSupport.invokeMethod(GroovyObjectSupport.java:46)
	at groovy.lang.Script.invokeMethod(Script.java:80)
	at com.kms.katalon.core.main.CustomKeywordDelegatingMetaClass.invokeStaticMethod(CustomKeywordDelegatingMetaClass.java:46)
	at org.codehaus.groovy.runtime.callsite.StaticMetaClassSite.call(StaticMetaClassSite.java:53)
	at org.codehaus.groovy.runtime.callsite.CallSiteArray.defaultCall(CallSiteArray.java:48)
	at org.codehaus.groovy.runtime.callsite.AbstractCallSite.call(AbstractCallSite.java:113)
	at Script1548157233007.run(Script1548157233007.groovy:17)
	at com.kms.katalon.core.main.ScriptEngine.run(ScriptEngine.java:183)
	at com.kms.katalon.core.main.ScriptEngine.runScriptAsRawText(ScriptEngine.java:108)
	at com.kms.katalon.core.main.TestCaseExecutor.runScript(TestCaseExecutor.java:294)
	at com.kms.katalon.core.main.TestCaseExecutor.doExecute(TestCaseExecutor.java:285)
	at com.kms.katalon.core.main.TestCaseExecutor.processExecutionPhase(TestCaseExecutor.java:264)
	at com.kms.katalon.core.main.TestCaseExecutor.accessMainPhase(TestCaseExecutor.java:256)
	at com.kms.katalon.core.main.TestCaseExecutor.execute(TestCaseExecutor.java:200)
	at com.kms.katalon.core.main.TestSuiteExecutor.accessTestCaseMainPhase(TestSuiteExecutor.java:129)
	at com.kms.katalon.core.main.TestSuiteExecutor.accessTestSuiteMainPhase(TestSuiteExecutor.java:112)
	at com.kms.katalon.core.main.TestSuiteExecutor.execute(TestSuiteExecutor.java:81)
	at com.kms.katalon.core.main.TestCaseMain.startTestSuite(TestCaseMain.java:142)
	at com.kms.katalon.core.main.TestCaseMain$startTestSuite$0.call(Unknown Source)
	at org.codehaus.groovy.runtime.callsite.CallSiteArray.defaultCall(CallSiteArray.java:48)
	at org.codehaus.groovy.runtime.callsite.AbstractCallSite.call(AbstractCallSite.java:113)
	at org.codehaus.groovy.runtime.callsite.AbstractCallSite.call(AbstractCallSite.java:141)
	at TempTestSuite1549199381650.run(TempTestSuite1549199381650.groovy:36)
	at groovy.lang.GroovyShell.runScriptOrMainOrTestOrRunnable(GroovyShell.java:263)
	at groovy.lang.GroovyShell.run(GroovyShell.java:518)
	at groovy.lang.GroovyShell.run(GroovyShell.java:507)
	at groovy.ui.GroovyMain.processOnce(GroovyMain.java:653)
	at groovy.ui.GroovyMain.run(GroovyMain.java:384)
	at groovy.ui.GroovyMain.process(GroovyMain.java:370)
	at groovy.ui.GroovyMain.processArgs(GroovyMain.java:129)
	at groovy.ui.GroovyMain.main(GroovyMain.java:109)
	at sun.reflect.NativeMethodAccessorImpl.invoke0(Native Method)
	at sun.reflect.NativeMethodAccessorImpl.invoke(NativeMethodAccessorImpl.java:62)
	at sun.reflect.DelegatingMethodAccessorImpl.invoke(DelegatingMethodAccessorImpl.java:43)
	at java.lang.reflect.Method.invoke(Method.java:498)
	at org.codehaus.groovy.tools.GroovyStarter.rootLoader(GroovyStarter.java:109)
	at org.codehaus.groovy.tools.GroovyStarter.main(GroovyStarter.java:131)
)))"/>
         <system-out><![CDATA[2019-02-03 15:12:42 - [TEST_CASE][ERROR] - Test Cases/Event Group Management/TC_Verify_Delete: Test Cases/Event Group Management/TC_Verify_Delete FAILED because (of) (Stack trace: org.codehaus.groovy.runtime.InvokerInvocationException: Assertion failed: 

assert Columns_row_text == expectedValues
       |                |  |
       []               |  [123]
                        false

	at org.codehaus.groovy.reflection.CachedMethod.invoke(CachedMethod.java:100)
	at groovy.lang.MetaMethod.doMethodInvoke(MetaMethod.java:325)
	at groovy.lang.MetaClassImpl.invokeMethod(MetaClassImpl.java:1215)
	at groovy.lang.MetaClassImpl.invokeMethod(MetaClassImpl.java:1024)
	at groovy.lang.MetaClassImpl.invokeMethod(MetaClassImpl.java:812)
	at groovy.lang.DelegatingMetaClass.invokeMethod(DelegatingMetaClass.java:144)
	at groovy.lang.GroovyObjectSupport.invokeMethod(GroovyObjectSupport.java:46)
	at groovy.lang.Script.invokeMethod(Script.java:80)
	at com.kms.katalon.core.main.CustomKeywordDelegatingMetaClass.invokeStaticMethod(CustomKeywordDelegatingMetaClass.java:46)
	at org.codehaus.groovy.runtime.callsite.StaticMetaClassSite.call(StaticMetaClassSite.java:53)
	at org.codehaus.groovy.runtime.callsite.CallSiteArray.defaultCall(CallSiteArray.java:48)
	at org.codehaus.groovy.runtime.callsite.AbstractCallSite.call(AbstractCallSite.java:113)
	at Script1548157233007.run(Script1548157233007.groovy:17)
	at com.kms.katalon.core.main.ScriptEngine.run(ScriptEngine.java:183)
	at com.kms.katalon.core.main.ScriptEngine.runScriptAsRawText(ScriptEngine.java:108)
	at com.kms.katalon.core.main.TestCaseExecutor.runScript(TestCaseExecutor.java:294)
	at com.kms.katalon.core.main.TestCaseExecutor.doExecute(TestCaseExecutor.java:285)
	at com.kms.katalon.core.main.TestCaseExecutor.processExecutionPhase(TestCaseExecutor.java:264)
	at com.kms.katalon.core.main.TestCaseExecutor.accessMainPhase(TestCaseExecutor.java:256)
	at com.kms.katalon.core.main.TestCaseExecutor.execute(TestCaseExecutor.java:200)
	at com.kms.katalon.core.main.TestSuiteExecutor.accessTestCaseMainPhase(TestSuiteExecutor.java:129)
	at com.kms.katalon.core.main.TestSuiteExecutor.accessTestSuiteMainPhase(TestSuiteExecutor.java:112)
	at com.kms.katalon.core.main.TestSuiteExecutor.execute(TestSuiteExecutor.java:81)
	at com.kms.katalon.core.main.TestCaseMain.startTestSuite(TestCaseMain.java:142)
	at com.kms.katalon.core.main.TestCaseMain$startTestSuite$0.call(Unknown Source)
	at org.codehaus.groovy.runtime.callsite.CallSiteArray.defaultCall(CallSiteArray.java:48)
	at org.codehaus.groovy.runtime.callsite.AbstractCallSite.call(AbstractCallSite.java:113)
	at org.codehaus.groovy.runtime.callsite.AbstractCallSite.call(AbstractCallSite.java:141)
	at TempTestSuite1549199381650.run(TempTestSuite1549199381650.groovy:36)
	at groovy.lang.GroovyShell.runScriptOrMainOrTestOrRunnable(GroovyShell.java:263)
	at groovy.lang.GroovyShell.run(GroovyShell.java:518)
	at groovy.lang.GroovyShell.run(GroovyShell.java:507)
	at groovy.ui.GroovyMain.processOnce(GroovyMain.java:653)
	at groovy.ui.GroovyMain.run(GroovyMain.java:384)
	at groovy.ui.GroovyMain.process(GroovyMain.java:370)
	at groovy.ui.GroovyMain.processArgs(GroovyMain.java:129)
	at groovy.ui.GroovyMain.main(GroovyMain.java:109)
	at sun.reflect.NativeMethodAccessorImpl.invoke0(Native Method)
	at sun.reflect.NativeMethodAccessorImpl.invoke(NativeMethodAccessorImpl.java:62)
	at sun.reflect.DelegatingMethodAccessorImpl.invoke(DelegatingMethodAccessorImpl.java:43)
	at java.lang.reflect.Method.invoke(Method.java:498)
	at org.codehaus.groovy.tools.GroovyStarter.rootLoader(GroovyStarter.java:109)
	at org.codehaus.groovy.tools.GroovyStarter.main(GroovyStarter.java:131)
Caused by: Assertion failed: 

assert Columns_row_text == expectedValues
       |                |  |
       []               |  [123]
                        false

	at org.codehaus.groovy.runtime.InvokerHelper.assertFailed(InvokerHelper.java:402)
	at org.codehaus.groovy.runtime.ScriptBytecodeAdapter.assertFailed(ScriptBytecodeAdapter.java:650)
	at pk_Functions.CS_ValidateSearchParameters.ValidateSearchParameters(CS_ValidateSearchParameters.groovy:93)
	at sun.reflect.NativeMethodAccessorImpl.invoke0(Native Method)
	at sun.reflect.NativeMethodAccessorImpl.invoke(NativeMethodAccessorImpl.java:62)
	at sun.reflect.DelegatingMethodAccessorImpl.invoke(DelegatingMethodAccessorImpl.java:43)
	at java.lang.reflect.Method.invoke(Method.java:498)
	at org.codehaus.groovy.reflection.CachedMethod.invoke(CachedMethod.java:93)
	... 42 more
 (caused by: (Stack trace: Assertion failed: 

assert Columns_row_text == expectedValues
       |                |  |
       []               |  [123]
                        false

	at org.codehaus.groovy.runtime.InvokerHelper.assertFailed(InvokerHelper.java:402)
	at org.codehaus.groovy.runtime.ScriptBytecodeAdapter.assertFailed(ScriptBytecodeAdapter.java:650)
	at pk_Functions.CS_ValidateSearchParameters.ValidateSearchParameters(CS_ValidateSearchParameters.groovy:93)
	at sun.reflect.NativeMethodAccessorImpl.invoke0(Native Method)
	at sun.reflect.NativeMethodAccessorImpl.invoke(NativeMethodAccessorImpl.java:62)
	at sun.reflect.DelegatingMethodAccessorImpl.invoke(DelegatingMethodAccessorImpl.java:43)
	at java.lang.reflect.Method.invoke(Method.java:498)
	at org.codehaus.groovy.reflection.CachedMethod.invoke(CachedMethod.java:93)
	at groovy.lang.MetaMethod.doMethodInvoke(MetaMethod.java:325)
	at groovy.lang.MetaClassImpl.invokeMethod(MetaClassImpl.java:1215)
	at groovy.lang.MetaClassImpl.invokeMethod(MetaClassImpl.java:1024)
	at groovy.lang.MetaClassImpl.invokeMethod(MetaClassImpl.java:812)
	at groovy.lang.DelegatingMetaClass.invokeMethod(DelegatingMetaClass.java:144)
	at groovy.lang.GroovyObjectSupport.invokeMethod(GroovyObjectSupport.java:46)
	at groovy.lang.Script.invokeMethod(Script.java:80)
	at com.kms.katalon.core.main.CustomKeywordDelegatingMetaClass.invokeStaticMethod(CustomKeywordDelegatingMetaClass.java:46)
	at org.codehaus.groovy.runtime.callsite.StaticMetaClassSite.call(StaticMetaClassSite.java:53)
	at org.codehaus.groovy.runtime.callsite.CallSiteArray.defaultCall(CallSiteArray.java:48)
	at org.codehaus.groovy.runtime.callsite.AbstractCallSite.call(AbstractCallSite.java:113)
	at Script1548157233007.run(Script1548157233007.groovy:17)
	at com.kms.katalon.core.main.ScriptEngine.run(ScriptEngine.java:183)
	at com.kms.katalon.core.main.ScriptEngine.runScriptAsRawText(ScriptEngine.java:108)
	at com.kms.katalon.core.main.TestCaseExecutor.runScript(TestCaseExecutor.java:294)
	at com.kms.katalon.core.main.TestCaseExecutor.doExecute(TestCaseExecutor.java:285)
	at com.kms.katalon.core.main.TestCaseExecutor.processExecutionPhase(TestCaseExecutor.java:264)
	at com.kms.katalon.core.main.TestCaseExecutor.accessMainPhase(TestCaseExecutor.java:256)
	at com.kms.katalon.core.main.TestCaseExecutor.execute(TestCaseExecutor.java:200)
	at com.kms.katalon.core.main.TestSuiteExecutor.accessTestCaseMainPhase(TestSuiteExecutor.java:129)
	at com.kms.katalon.core.main.TestSuiteExecutor.accessTestSuiteMainPhase(TestSuiteExecutor.java:112)
	at com.kms.katalon.core.main.TestSuiteExecutor.execute(TestSuiteExecutor.java:81)
	at com.kms.katalon.core.main.TestCaseMain.startTestSuite(TestCaseMain.java:142)
	at com.kms.katalon.core.main.TestCaseMain$startTestSuite$0.call(Unknown Source)
	at org.codehaus.groovy.runtime.callsite.CallSiteArray.defaultCall(CallSiteArray.java:48)
	at org.codehaus.groovy.runtime.callsite.AbstractCallSite.call(AbstractCallSite.java:113)
	at org.codehaus.groovy.runtime.callsite.AbstractCallSite.call(AbstractCallSite.java:141)
	at TempTestSuite1549199381650.run(TempTestSuite1549199381650.groovy:36)
	at groovy.lang.GroovyShell.runScriptOrMainOrTestOrRunnable(GroovyShell.java:263)
	at groovy.lang.GroovyShell.run(GroovyShell.java:518)
	at groovy.lang.GroovyShell.run(GroovyShell.java:507)
	at groovy.ui.GroovyMain.processOnce(GroovyMain.java:653)
	at groovy.ui.GroovyMain.run(GroovyMain.java:384)
	at groovy.ui.GroovyMain.process(GroovyMain.java:370)
	at groovy.ui.GroovyMain.processArgs(GroovyMain.java:129)
	at groovy.ui.GroovyMain.main(GroovyMain.java:109)
	at sun.reflect.NativeMethodAccessorImpl.invoke0(Native Method)
	at sun.reflect.NativeMethodAccessorImpl.invoke(NativeMethodAccessorImpl.java:62)
	at sun.reflect.DelegatingMethodAccessorImpl.invoke(DelegatingMethodAccessorImpl.java:43)
	at java.lang.reflect.Method.invoke(Method.java:498)
	at org.codehaus.groovy.tools.GroovyStarter.rootLoader(GroovyStarter.java:109)
	at org.codehaus.groovy.tools.GroovyStarter.main(GroovyStarter.java:131)
)))

2019-02-03 15:12:42 - [TEST_STEP][FAILED] - pk_Functions.CS_ValidateSearchParameters.ValidateSearchParameters: Assertion failed: 

assert Columns_row_text == expectedValues
       |                |  |
       []               |  [123]
                        false


2019-02-03 15:12:42 - [MESSAGE][FAILED] - Assertion failed: 

assert Columns_row_text == expectedValues
       |                |  |
       []               |  [123]
                        false]]></system-out>
         <system-err><![CDATA[2019-02-03 15:12:42 - [TEST_CASE][ERROR] - Test Cases/Event Group Management/TC_Verify_Delete: Test Cases/Event Group Management/TC_Verify_Delete FAILED because (of) (Stack trace: org.codehaus.groovy.runtime.InvokerInvocationException: Assertion failed: 

assert Columns_row_text == expectedValues
       |                |  |
       []               |  [123]
                        false

	at org.codehaus.groovy.reflection.CachedMethod.invoke(CachedMethod.java:100)
	at groovy.lang.MetaMethod.doMethodInvoke(MetaMethod.java:325)
	at groovy.lang.MetaClassImpl.invokeMethod(MetaClassImpl.java:1215)
	at groovy.lang.MetaClassImpl.invokeMethod(MetaClassImpl.java:1024)
	at groovy.lang.MetaClassImpl.invokeMethod(MetaClassImpl.java:812)
	at groovy.lang.DelegatingMetaClass.invokeMethod(DelegatingMetaClass.java:144)
	at groovy.lang.GroovyObjectSupport.invokeMethod(GroovyObjectSupport.java:46)
	at groovy.lang.Script.invokeMethod(Script.java:80)
	at com.kms.katalon.core.main.CustomKeywordDelegatingMetaClass.invokeStaticMethod(CustomKeywordDelegatingMetaClass.java:46)
	at org.codehaus.groovy.runtime.callsite.StaticMetaClassSite.call(StaticMetaClassSite.java:53)
	at org.codehaus.groovy.runtime.callsite.CallSiteArray.defaultCall(CallSiteArray.java:48)
	at org.codehaus.groovy.runtime.callsite.AbstractCallSite.call(AbstractCallSite.java:113)
	at Script1548157233007.run(Script1548157233007.groovy:17)
	at com.kms.katalon.core.main.ScriptEngine.run(ScriptEngine.java:183)
	at com.kms.katalon.core.main.ScriptEngine.runScriptAsRawText(ScriptEngine.java:108)
	at com.kms.katalon.core.main.TestCaseExecutor.runScript(TestCaseExecutor.java:294)
	at com.kms.katalon.core.main.TestCaseExecutor.doExecute(TestCaseExecutor.java:285)
	at com.kms.katalon.core.main.TestCaseExecutor.processExecutionPhase(TestCaseExecutor.java:264)
	at com.kms.katalon.core.main.TestCaseExecutor.accessMainPhase(TestCaseExecutor.java:256)
	at com.kms.katalon.core.main.TestCaseExecutor.execute(TestCaseExecutor.java:200)
	at com.kms.katalon.core.main.TestSuiteExecutor.accessTestCaseMainPhase(TestSuiteExecutor.java:129)
	at com.kms.katalon.core.main.TestSuiteExecutor.accessTestSuiteMainPhase(TestSuiteExecutor.java:112)
	at com.kms.katalon.core.main.TestSuiteExecutor.execute(TestSuiteExecutor.java:81)
	at com.kms.katalon.core.main.TestCaseMain.startTestSuite(TestCaseMain.java:142)
	at com.kms.katalon.core.main.TestCaseMain$startTestSuite$0.call(Unknown Source)
	at org.codehaus.groovy.runtime.callsite.CallSiteArray.defaultCall(CallSiteArray.java:48)
	at org.codehaus.groovy.runtime.callsite.AbstractCallSite.call(AbstractCallSite.java:113)
	at org.codehaus.groovy.runtime.callsite.AbstractCallSite.call(AbstractCallSite.java:141)
	at TempTestSuite1549199381650.run(TempTestSuite1549199381650.groovy:36)
	at groovy.lang.GroovyShell.runScriptOrMainOrTestOrRunnable(GroovyShell.java:263)
	at groovy.lang.GroovyShell.run(GroovyShell.java:518)
	at groovy.lang.GroovyShell.run(GroovyShell.java:507)
	at groovy.ui.GroovyMain.processOnce(GroovyMain.java:653)
	at groovy.ui.GroovyMain.run(GroovyMain.java:384)
	at groovy.ui.GroovyMain.process(GroovyMain.java:370)
	at groovy.ui.GroovyMain.processArgs(GroovyMain.java:129)
	at groovy.ui.GroovyMain.main(GroovyMain.java:109)
	at sun.reflect.NativeMethodAccessorImpl.invoke0(Native Method)
	at sun.reflect.NativeMethodAccessorImpl.invoke(NativeMethodAccessorImpl.java:62)
	at sun.reflect.DelegatingMethodAccessorImpl.invoke(DelegatingMethodAccessorImpl.java:43)
	at java.lang.reflect.Method.invoke(Method.java:498)
	at org.codehaus.groovy.tools.GroovyStarter.rootLoader(GroovyStarter.java:109)
	at org.codehaus.groovy.tools.GroovyStarter.main(GroovyStarter.java:131)
Caused by: Assertion failed: 

assert Columns_row_text == expectedValues
       |                |  |
       []               |  [123]
                        false

	at org.codehaus.groovy.runtime.InvokerHelper.assertFailed(InvokerHelper.java:402)
	at org.codehaus.groovy.runtime.ScriptBytecodeAdapter.assertFailed(ScriptBytecodeAdapter.java:650)
	at pk_Functions.CS_ValidateSearchParameters.ValidateSearchParameters(CS_ValidateSearchParameters.groovy:93)
	at sun.reflect.NativeMethodAccessorImpl.invoke0(Native Method)
	at sun.reflect.NativeMethodAccessorImpl.invoke(NativeMethodAccessorImpl.java:62)
	at sun.reflect.DelegatingMethodAccessorImpl.invoke(DelegatingMethodAccessorImpl.java:43)
	at java.lang.reflect.Method.invoke(Method.java:498)
	at org.codehaus.groovy.reflection.CachedMethod.invoke(CachedMethod.java:93)
	... 42 more
 (caused by: (Stack trace: Assertion failed: 

assert Columns_row_text == expectedValues
       |                |  |
       []               |  [123]
                        false

	at org.codehaus.groovy.runtime.InvokerHelper.assertFailed(InvokerHelper.java:402)
	at org.codehaus.groovy.runtime.ScriptBytecodeAdapter.assertFailed(ScriptBytecodeAdapter.java:650)
	at pk_Functions.CS_ValidateSearchParameters.ValidateSearchParameters(CS_ValidateSearchParameters.groovy:93)
	at sun.reflect.NativeMethodAccessorImpl.invoke0(Native Method)
	at sun.reflect.NativeMethodAccessorImpl.invoke(NativeMethodAccessorImpl.java:62)
	at sun.reflect.DelegatingMethodAccessorImpl.invoke(DelegatingMethodAccessorImpl.java:43)
	at java.lang.reflect.Method.invoke(Method.java:498)
	at org.codehaus.groovy.reflection.CachedMethod.invoke(CachedMethod.java:93)
	at groovy.lang.MetaMethod.doMethodInvoke(MetaMethod.java:325)
	at groovy.lang.MetaClassImpl.invokeMethod(MetaClassImpl.java:1215)
	at groovy.lang.MetaClassImpl.invokeMethod(MetaClassImpl.java:1024)
	at groovy.lang.MetaClassImpl.invokeMethod(MetaClassImpl.java:812)
	at groovy.lang.DelegatingMetaClass.invokeMethod(DelegatingMetaClass.java:144)
	at groovy.lang.GroovyObjectSupport.invokeMethod(GroovyObjectSupport.java:46)
	at groovy.lang.Script.invokeMethod(Script.java:80)
	at com.kms.katalon.core.main.CustomKeywordDelegatingMetaClass.invokeStaticMethod(CustomKeywordDelegatingMetaClass.java:46)
	at org.codehaus.groovy.runtime.callsite.StaticMetaClassSite.call(StaticMetaClassSite.java:53)
	at org.codehaus.groovy.runtime.callsite.CallSiteArray.defaultCall(CallSiteArray.java:48)
	at org.codehaus.groovy.runtime.callsite.AbstractCallSite.call(AbstractCallSite.java:113)
	at Script1548157233007.run(Script1548157233007.groovy:17)
	at com.kms.katalon.core.main.ScriptEngine.run(ScriptEngine.java:183)
	at com.kms.katalon.core.main.ScriptEngine.runScriptAsRawText(ScriptEngine.java:108)
	at com.kms.katalon.core.main.TestCaseExecutor.runScript(TestCaseExecutor.java:294)
	at com.kms.katalon.core.main.TestCaseExecutor.doExecute(TestCaseExecutor.java:285)
	at com.kms.katalon.core.main.TestCaseExecutor.processExecutionPhase(TestCaseExecutor.java:264)
	at com.kms.katalon.core.main.TestCaseExecutor.accessMainPhase(TestCaseExecutor.java:256)
	at com.kms.katalon.core.main.TestCaseExecutor.execute(TestCaseExecutor.java:200)
	at com.kms.katalon.core.main.TestSuiteExecutor.accessTestCaseMainPhase(TestSuiteExecutor.java:129)
	at com.kms.katalon.core.main.TestSuiteExecutor.accessTestSuiteMainPhase(TestSuiteExecutor.java:112)
	at com.kms.katalon.core.main.TestSuiteExecutor.execute(TestSuiteExecutor.java:81)
	at com.kms.katalon.core.main.TestCaseMain.startTestSuite(TestCaseMain.java:142)
	at com.kms.katalon.core.main.TestCaseMain$startTestSuite$0.call(Unknown Source)
	at org.codehaus.groovy.runtime.callsite.CallSiteArray.defaultCall(CallSiteArray.java:48)
	at org.codehaus.groovy.runtime.callsite.AbstractCallSite.call(AbstractCallSite.java:113)
	at org.codehaus.groovy.runtime.callsite.AbstractCallSite.call(AbstractCallSite.java:141)
	at TempTestSuite1549199381650.run(TempTestSuite1549199381650.groovy:36)
	at groovy.lang.GroovyShell.runScriptOrMainOrTestOrRunnable(GroovyShell.java:263)
	at groovy.lang.GroovyShell.run(GroovyShell.java:518)
	at groovy.lang.GroovyShell.run(GroovyShell.java:507)
	at groovy.ui.GroovyMain.processOnce(GroovyMain.java:653)
	at groovy.ui.GroovyMain.run(GroovyMain.java:384)
	at groovy.ui.GroovyMain.process(GroovyMain.java:370)
	at groovy.ui.GroovyMain.processArgs(GroovyMain.java:129)
	at groovy.ui.GroovyMain.main(GroovyMain.java:109)
	at sun.reflect.NativeMethodAccessorImpl.invoke0(Native Method)
	at sun.reflect.NativeMethodAccessorImpl.invoke(NativeMethodAccessorImpl.java:62)
	at sun.reflect.DelegatingMethodAccessorImpl.invoke(DelegatingMethodAccessorImpl.java:43)
	at java.lang.reflect.Method.invoke(Method.java:498)
	at org.codehaus.groovy.tools.GroovyStarter.rootLoader(GroovyStarter.java:109)
	at org.codehaus.groovy.tools.GroovyStarter.main(GroovyStarter.java:131)
)))]]></system-err>
      </testcase>
      <testcase name="Test Cases/Event Group Management/TC_Verify_Delete" classname="Test Cases/Event Group Management/TC_Verify_Delete" status="PASSED">
         <system-out><![CDATA[2019-02-03 15:12:42 - [TEST_CASE][PASSED] - Test Cases/Event Group Management/TC_Verify_Delete: Test Cases/Event Group Management/TC_Verify_Delete

2019-02-03 15:12:42 - [TEST_STEP][PASSED] - pk_Functions.CS_ValidateSearchParameters.ValidateSearchParameters: pk_Functions.CS_ValidateSearchParameters.ValidateSearchParameters is PASSED

2019-02-03 15:12:43 - [MESSAGE][PASSED] - pk_Functions.CS_ValidateSearchParameters.ValidateSearchParameters is PASSED

2019-02-03 15:12:43 - [TEST_STEP][PASSED] - delay: Delayed 2 second(s)

2019-02-03 15:12:45 - [MESSAGE][PASSED] - Delayed 2 second(s)]]></system-out>
         <system-err><![CDATA[]]></system-err>
      </testcase>
      <testcase name="Test Cases/Event Group Management/TC_Verify_Delete" classname="Test Cases/Event Group Management/TC_Verify_Delete" status="PASSED">
         <system-out><![CDATA[2019-02-03 15:12:45 - [TEST_CASE][PASSED] - Test Cases/Event Group Management/TC_Verify_Delete: Test Cases/Event Group Management/TC_Verify_Delete

2019-02-03 15:12:45 - [TEST_STEP][PASSED] - pk_Functions.CS_ValidateSearchParameters.ValidateSearchParameters: pk_Functions.CS_ValidateSearchParameters.ValidateSearchParameters is PASSED

2019-02-03 15:12:45 - [MESSAGE][PASSED] - pk_Functions.CS_ValidateSearchParameters.ValidateSearchParameters is PASSED

2019-02-03 15:12:45 - [TEST_STEP][PASSED] - delay: Delayed 2 second(s)

2019-02-03 15:12:47 - [MESSAGE][PASSED] - Delayed 2 second(s)]]></system-out>
         <system-err><![CDATA[]]></system-err>
      </testcase>
      <testcase name="Test Cases/Event Group Management/TC_Verify_Delete" classname="Test Cases/Event Group Management/TC_Verify_Delete" status="ERROR">
         <error type="ERROR" message="Test Cases/Event Group Management/TC_Verify_Delete FAILED because (of) (Stack trace: org.codehaus.groovy.runtime.InvokerInvocationException: Assertion failed: 

assert Columns_row_text == expectedValues
       |                |  |
       []               |  [2]
                        false

	at org.codehaus.groovy.reflection.CachedMethod.invoke(CachedMethod.java:100)
	at groovy.lang.MetaMethod.doMethodInvoke(MetaMethod.java:325)
	at groovy.lang.MetaClassImpl.invokeMethod(MetaClassImpl.java:1215)
	at groovy.lang.MetaClassImpl.invokeMethod(MetaClassImpl.java:1024)
	at groovy.lang.MetaClassImpl.invokeMethod(MetaClassImpl.java:812)
	at groovy.lang.DelegatingMetaClass.invokeMethod(DelegatingMetaClass.java:144)
	at groovy.lang.GroovyObjectSupport.invokeMethod(GroovyObjectSupport.java:46)
	at groovy.lang.Script.invokeMethod(Script.java:80)
	at com.kms.katalon.core.main.CustomKeywordDelegatingMetaClass.invokeStaticMethod(CustomKeywordDelegatingMetaClass.java:46)
	at org.codehaus.groovy.runtime.callsite.StaticMetaClassSite.call(StaticMetaClassSite.java:53)
	at Script1548157233007.run(Script1548157233007.groovy:17)
	at com.kms.katalon.core.main.ScriptEngine.run(ScriptEngine.java:183)
	at com.kms.katalon.core.main.ScriptEngine.runScriptAsRawText(ScriptEngine.java:108)
	at com.kms.katalon.core.main.TestCaseExecutor.runScript(TestCaseExecutor.java:294)
	at com.kms.katalon.core.main.TestCaseExecutor.doExecute(TestCaseExecutor.java:285)
	at com.kms.katalon.core.main.TestCaseExecutor.processExecutionPhase(TestCaseExecutor.java:264)
	at com.kms.katalon.core.main.TestCaseExecutor.accessMainPhase(TestCaseExecutor.java:256)
	at com.kms.katalon.core.main.TestCaseExecutor.execute(TestCaseExecutor.java:200)
	at com.kms.katalon.core.main.TestSuiteExecutor.accessTestCaseMainPhase(TestSuiteExecutor.java:129)
	at com.kms.katalon.core.main.TestSuiteExecutor.accessTestSuiteMainPhase(TestSuiteExecutor.java:112)
	at com.kms.katalon.core.main.TestSuiteExecutor.execute(TestSuiteExecutor.java:81)
	at com.kms.katalon.core.main.TestCaseMain.startTestSuite(TestCaseMain.java:142)
	at com.kms.katalon.core.main.TestCaseMain$startTestSuite$0.call(Unknown Source)
	at org.codehaus.groovy.runtime.callsite.CallSiteArray.defaultCall(CallSiteArray.java:48)
	at org.codehaus.groovy.runtime.callsite.AbstractCallSite.call(AbstractCallSite.java:113)
	at org.codehaus.groovy.runtime.callsite.AbstractCallSite.call(AbstractCallSite.java:141)
	at TempTestSuite1549199381650.run(TempTestSuite1549199381650.groovy:36)
	at groovy.lang.GroovyShell.runScriptOrMainOrTestOrRunnable(GroovyShell.java:263)
	at groovy.lang.GroovyShell.run(GroovyShell.java:518)
	at groovy.lang.GroovyShell.run(GroovyShell.java:507)
	at groovy.ui.GroovyMain.processOnce(GroovyMain.java:653)
	at groovy.ui.GroovyMain.run(GroovyMain.java:384)
	at groovy.ui.GroovyMain.process(GroovyMain.java:370)
	at groovy.ui.GroovyMain.processArgs(GroovyMain.java:129)
	at groovy.ui.GroovyMain.main(GroovyMain.java:109)
	at sun.reflect.NativeMethodAccessorImpl.invoke0(Native Method)
	at sun.reflect.NativeMethodAccessorImpl.invoke(NativeMethodAccessorImpl.java:62)
	at sun.reflect.DelegatingMethodAccessorImpl.invoke(DelegatingMethodAccessorImpl.java:43)
	at java.lang.reflect.Method.invoke(Method.java:498)
	at org.codehaus.groovy.tools.GroovyStarter.rootLoader(GroovyStarter.java:109)
	at org.codehaus.groovy.tools.GroovyStarter.main(GroovyStarter.java:131)
Caused by: Assertion failed: 

assert Columns_row_text == expectedValues
       |                |  |
       []               |  [2]
                        false

	at org.codehaus.groovy.runtime.InvokerHelper.assertFailed(InvokerHelper.java:402)
	at org.codehaus.groovy.runtime.ScriptBytecodeAdapter.assertFailed(ScriptBytecodeAdapter.java:650)
	at pk_Functions.CS_ValidateSearchParameters.ValidateSearchParameters(CS_ValidateSearchParameters.groovy:93)
	at sun.reflect.NativeMethodAccessorImpl.invoke0(Native Method)
	at sun.reflect.NativeMethodAccessorImpl.invoke(NativeMethodAccessorImpl.java:62)
	at sun.reflect.DelegatingMethodAccessorImpl.invoke(DelegatingMethodAccessorImpl.java:43)
	at java.lang.reflect.Method.invoke(Method.java:498)
	at org.codehaus.groovy.reflection.CachedMethod.invoke(CachedMethod.java:93)
	... 40 more
 (caused by: (Stack trace: Assertion failed: 

assert Columns_row_text == expectedValues
       |                |  |
       []               |  [2]
                        false

	at org.codehaus.groovy.runtime.InvokerHelper.assertFailed(InvokerHelper.java:402)
	at org.codehaus.groovy.runtime.ScriptBytecodeAdapter.assertFailed(ScriptBytecodeAdapter.java:650)
	at pk_Functions.CS_ValidateSearchParameters.ValidateSearchParameters(CS_ValidateSearchParameters.groovy:93)
	at sun.reflect.NativeMethodAccessorImpl.invoke0(Native Method)
	at sun.reflect.NativeMethodAccessorImpl.invoke(NativeMethodAccessorImpl.java:62)
	at sun.reflect.DelegatingMethodAccessorImpl.invoke(DelegatingMethodAccessorImpl.java:43)
	at java.lang.reflect.Method.invoke(Method.java:498)
	at org.codehaus.groovy.reflection.CachedMethod.invoke(CachedMethod.java:93)
	at groovy.lang.MetaMethod.doMethodInvoke(MetaMethod.java:325)
	at groovy.lang.MetaClassImpl.invokeMethod(MetaClassImpl.java:1215)
	at groovy.lang.MetaClassImpl.invokeMethod(MetaClassImpl.java:1024)
	at groovy.lang.MetaClassImpl.invokeMethod(MetaClassImpl.java:812)
	at groovy.lang.DelegatingMetaClass.invokeMethod(DelegatingMetaClass.java:144)
	at groovy.lang.GroovyObjectSupport.invokeMethod(GroovyObjectSupport.java:46)
	at groovy.lang.Script.invokeMethod(Script.java:80)
	at com.kms.katalon.core.main.CustomKeywordDelegatingMetaClass.invokeStaticMethod(CustomKeywordDelegatingMetaClass.java:46)
	at org.codehaus.groovy.runtime.callsite.StaticMetaClassSite.call(StaticMetaClassSite.java:53)
	at Script1548157233007.run(Script1548157233007.groovy:17)
	at com.kms.katalon.core.main.ScriptEngine.run(ScriptEngine.java:183)
	at com.kms.katalon.core.main.ScriptEngine.runScriptAsRawText(ScriptEngine.java:108)
	at com.kms.katalon.core.main.TestCaseExecutor.runScript(TestCaseExecutor.java:294)
	at com.kms.katalon.core.main.TestCaseExecutor.doExecute(TestCaseExecutor.java:285)
	at com.kms.katalon.core.main.TestCaseExecutor.processExecutionPhase(TestCaseExecutor.java:264)
	at com.kms.katalon.core.main.TestCaseExecutor.accessMainPhase(TestCaseExecutor.java:256)
	at com.kms.katalon.core.main.TestCaseExecutor.execute(TestCaseExecutor.java:200)
	at com.kms.katalon.core.main.TestSuiteExecutor.accessTestCaseMainPhase(TestSuiteExecutor.java:129)
	at com.kms.katalon.core.main.TestSuiteExecutor.accessTestSuiteMainPhase(TestSuiteExecutor.java:112)
	at com.kms.katalon.core.main.TestSuiteExecutor.execute(TestSuiteExecutor.java:81)
	at com.kms.katalon.core.main.TestCaseMain.startTestSuite(TestCaseMain.java:142)
	at com.kms.katalon.core.main.TestCaseMain$startTestSuite$0.call(Unknown Source)
	at org.codehaus.groovy.runtime.callsite.CallSiteArray.defaultCall(CallSiteArray.java:48)
	at org.codehaus.groovy.runtime.callsite.AbstractCallSite.call(AbstractCallSite.java:113)
	at org.codehaus.groovy.runtime.callsite.AbstractCallSite.call(AbstractCallSite.java:141)
	at TempTestSuite1549199381650.run(TempTestSuite1549199381650.groovy:36)
	at groovy.lang.GroovyShell.runScriptOrMainOrTestOrRunnable(GroovyShell.java:263)
	at groovy.lang.GroovyShell.run(GroovyShell.java:518)
	at groovy.lang.GroovyShell.run(GroovyShell.java:507)
	at groovy.ui.GroovyMain.processOnce(GroovyMain.java:653)
	at groovy.ui.GroovyMain.run(GroovyMain.java:384)
	at groovy.ui.GroovyMain.process(GroovyMain.java:370)
	at groovy.ui.GroovyMain.processArgs(GroovyMain.java:129)
	at groovy.ui.GroovyMain.main(GroovyMain.java:109)
	at sun.reflect.NativeMethodAccessorImpl.invoke0(Native Method)
	at sun.reflect.NativeMethodAccessorImpl.invoke(NativeMethodAccessorImpl.java:62)
	at sun.reflect.DelegatingMethodAccessorImpl.invoke(DelegatingMethodAccessorImpl.java:43)
	at java.lang.reflect.Method.invoke(Method.java:498)
	at org.codehaus.groovy.tools.GroovyStarter.rootLoader(GroovyStarter.java:109)
	at org.codehaus.groovy.tools.GroovyStarter.main(GroovyStarter.java:131)
)))"/>
         <system-out><![CDATA[2019-02-03 15:12:47 - [TEST_CASE][ERROR] - Test Cases/Event Group Management/TC_Verify_Delete: Test Cases/Event Group Management/TC_Verify_Delete FAILED because (of) (Stack trace: org.codehaus.groovy.runtime.InvokerInvocationException: Assertion failed: 

assert Columns_row_text == expectedValues
       |                |  |
       []               |  [2]
                        false

	at org.codehaus.groovy.reflection.CachedMethod.invoke(CachedMethod.java:100)
	at groovy.lang.MetaMethod.doMethodInvoke(MetaMethod.java:325)
	at groovy.lang.MetaClassImpl.invokeMethod(MetaClassImpl.java:1215)
	at groovy.lang.MetaClassImpl.invokeMethod(MetaClassImpl.java:1024)
	at groovy.lang.MetaClassImpl.invokeMethod(MetaClassImpl.java:812)
	at groovy.lang.DelegatingMetaClass.invokeMethod(DelegatingMetaClass.java:144)
	at groovy.lang.GroovyObjectSupport.invokeMethod(GroovyObjectSupport.java:46)
	at groovy.lang.Script.invokeMethod(Script.java:80)
	at com.kms.katalon.core.main.CustomKeywordDelegatingMetaClass.invokeStaticMethod(CustomKeywordDelegatingMetaClass.java:46)
	at org.codehaus.groovy.runtime.callsite.StaticMetaClassSite.call(StaticMetaClassSite.java:53)
	at Script1548157233007.run(Script1548157233007.groovy:17)
	at com.kms.katalon.core.main.ScriptEngine.run(ScriptEngine.java:183)
	at com.kms.katalon.core.main.ScriptEngine.runScriptAsRawText(ScriptEngine.java:108)
	at com.kms.katalon.core.main.TestCaseExecutor.runScript(TestCaseExecutor.java:294)
	at com.kms.katalon.core.main.TestCaseExecutor.doExecute(TestCaseExecutor.java:285)
	at com.kms.katalon.core.main.TestCaseExecutor.processExecutionPhase(TestCaseExecutor.java:264)
	at com.kms.katalon.core.main.TestCaseExecutor.accessMainPhase(TestCaseExecutor.java:256)
	at com.kms.katalon.core.main.TestCaseExecutor.execute(TestCaseExecutor.java:200)
	at com.kms.katalon.core.main.TestSuiteExecutor.accessTestCaseMainPhase(TestSuiteExecutor.java:129)
	at com.kms.katalon.core.main.TestSuiteExecutor.accessTestSuiteMainPhase(TestSuiteExecutor.java:112)
	at com.kms.katalon.core.main.TestSuiteExecutor.execute(TestSuiteExecutor.java:81)
	at com.kms.katalon.core.main.TestCaseMain.startTestSuite(TestCaseMain.java:142)
	at com.kms.katalon.core.main.TestCaseMain$startTestSuite$0.call(Unknown Source)
	at org.codehaus.groovy.runtime.callsite.CallSiteArray.defaultCall(CallSiteArray.java:48)
	at org.codehaus.groovy.runtime.callsite.AbstractCallSite.call(AbstractCallSite.java:113)
	at org.codehaus.groovy.runtime.callsite.AbstractCallSite.call(AbstractCallSite.java:141)
	at TempTestSuite1549199381650.run(TempTestSuite1549199381650.groovy:36)
	at groovy.lang.GroovyShell.runScriptOrMainOrTestOrRunnable(GroovyShell.java:263)
	at groovy.lang.GroovyShell.run(GroovyShell.java:518)
	at groovy.lang.GroovyShell.run(GroovyShell.java:507)
	at groovy.ui.GroovyMain.processOnce(GroovyMain.java:653)
	at groovy.ui.GroovyMain.run(GroovyMain.java:384)
	at groovy.ui.GroovyMain.process(GroovyMain.java:370)
	at groovy.ui.GroovyMain.processArgs(GroovyMain.java:129)
	at groovy.ui.GroovyMain.main(GroovyMain.java:109)
	at sun.reflect.NativeMethodAccessorImpl.invoke0(Native Method)
	at sun.reflect.NativeMethodAccessorImpl.invoke(NativeMethodAccessorImpl.java:62)
	at sun.reflect.DelegatingMethodAccessorImpl.invoke(DelegatingMethodAccessorImpl.java:43)
	at java.lang.reflect.Method.invoke(Method.java:498)
	at org.codehaus.groovy.tools.GroovyStarter.rootLoader(GroovyStarter.java:109)
	at org.codehaus.groovy.tools.GroovyStarter.main(GroovyStarter.java:131)
Caused by: Assertion failed: 

assert Columns_row_text == expectedValues
       |                |  |
       []               |  [2]
                        false

	at org.codehaus.groovy.runtime.InvokerHelper.assertFailed(InvokerHelper.java:402)
	at org.codehaus.groovy.runtime.ScriptBytecodeAdapter.assertFailed(ScriptBytecodeAdapter.java:650)
	at pk_Functions.CS_ValidateSearchParameters.ValidateSearchParameters(CS_ValidateSearchParameters.groovy:93)
	at sun.reflect.NativeMethodAccessorImpl.invoke0(Native Method)
	at sun.reflect.NativeMethodAccessorImpl.invoke(NativeMethodAccessorImpl.java:62)
	at sun.reflect.DelegatingMethodAccessorImpl.invoke(DelegatingMethodAccessorImpl.java:43)
	at java.lang.reflect.Method.invoke(Method.java:498)
	at org.codehaus.groovy.reflection.CachedMethod.invoke(CachedMethod.java:93)
	... 40 more
 (caused by: (Stack trace: Assertion failed: 

assert Columns_row_text == expectedValues
       |                |  |
       []               |  [2]
                        false

	at org.codehaus.groovy.runtime.InvokerHelper.assertFailed(InvokerHelper.java:402)
	at org.codehaus.groovy.runtime.ScriptBytecodeAdapter.assertFailed(ScriptBytecodeAdapter.java:650)
	at pk_Functions.CS_ValidateSearchParameters.ValidateSearchParameters(CS_ValidateSearchParameters.groovy:93)
	at sun.reflect.NativeMethodAccessorImpl.invoke0(Native Method)
	at sun.reflect.NativeMethodAccessorImpl.invoke(NativeMethodAccessorImpl.java:62)
	at sun.reflect.DelegatingMethodAccessorImpl.invoke(DelegatingMethodAccessorImpl.java:43)
	at java.lang.reflect.Method.invoke(Method.java:498)
	at org.codehaus.groovy.reflection.CachedMethod.invoke(CachedMethod.java:93)
	at groovy.lang.MetaMethod.doMethodInvoke(MetaMethod.java:325)
	at groovy.lang.MetaClassImpl.invokeMethod(MetaClassImpl.java:1215)
	at groovy.lang.MetaClassImpl.invokeMethod(MetaClassImpl.java:1024)
	at groovy.lang.MetaClassImpl.invokeMethod(MetaClassImpl.java:812)
	at groovy.lang.DelegatingMetaClass.invokeMethod(DelegatingMetaClass.java:144)
	at groovy.lang.GroovyObjectSupport.invokeMethod(GroovyObjectSupport.java:46)
	at groovy.lang.Script.invokeMethod(Script.java:80)
	at com.kms.katalon.core.main.CustomKeywordDelegatingMetaClass.invokeStaticMethod(CustomKeywordDelegatingMetaClass.java:46)
	at org.codehaus.groovy.runtime.callsite.StaticMetaClassSite.call(StaticMetaClassSite.java:53)
	at Script1548157233007.run(Script1548157233007.groovy:17)
	at com.kms.katalon.core.main.ScriptEngine.run(ScriptEngine.java:183)
	at com.kms.katalon.core.main.ScriptEngine.runScriptAsRawText(ScriptEngine.java:108)
	at com.kms.katalon.core.main.TestCaseExecutor.runScript(TestCaseExecutor.java:294)
	at com.kms.katalon.core.main.TestCaseExecutor.doExecute(TestCaseExecutor.java:285)
	at com.kms.katalon.core.main.TestCaseExecutor.processExecutionPhase(TestCaseExecutor.java:264)
	at com.kms.katalon.core.main.TestCaseExecutor.accessMainPhase(TestCaseExecutor.java:256)
	at com.kms.katalon.core.main.TestCaseExecutor.execute(TestCaseExecutor.java:200)
	at com.kms.katalon.core.main.TestSuiteExecutor.accessTestCaseMainPhase(TestSuiteExecutor.java:129)
	at com.kms.katalon.core.main.TestSuiteExecutor.accessTestSuiteMainPhase(TestSuiteExecutor.java:112)
	at com.kms.katalon.core.main.TestSuiteExecutor.execute(TestSuiteExecutor.java:81)
	at com.kms.katalon.core.main.TestCaseMain.startTestSuite(TestCaseMain.java:142)
	at com.kms.katalon.core.main.TestCaseMain$startTestSuite$0.call(Unknown Source)
	at org.codehaus.groovy.runtime.callsite.CallSiteArray.defaultCall(CallSiteArray.java:48)
	at org.codehaus.groovy.runtime.callsite.AbstractCallSite.call(AbstractCallSite.java:113)
	at org.codehaus.groovy.runtime.callsite.AbstractCallSite.call(AbstractCallSite.java:141)
	at TempTestSuite1549199381650.run(TempTestSuite1549199381650.groovy:36)
	at groovy.lang.GroovyShell.runScriptOrMainOrTestOrRunnable(GroovyShell.java:263)
	at groovy.lang.GroovyShell.run(GroovyShell.java:518)
	at groovy.lang.GroovyShell.run(GroovyShell.java:507)
	at groovy.ui.GroovyMain.processOnce(GroovyMain.java:653)
	at groovy.ui.GroovyMain.run(GroovyMain.java:384)
	at groovy.ui.GroovyMain.process(GroovyMain.java:370)
	at groovy.ui.GroovyMain.processArgs(GroovyMain.java:129)
	at groovy.ui.GroovyMain.main(GroovyMain.java:109)
	at sun.reflect.NativeMethodAccessorImpl.invoke0(Native Method)
	at sun.reflect.NativeMethodAccessorImpl.invoke(NativeMethodAccessorImpl.java:62)
	at sun.reflect.DelegatingMethodAccessorImpl.invoke(DelegatingMethodAccessorImpl.java:43)
	at java.lang.reflect.Method.invoke(Method.java:498)
	at org.codehaus.groovy.tools.GroovyStarter.rootLoader(GroovyStarter.java:109)
	at org.codehaus.groovy.tools.GroovyStarter.main(GroovyStarter.java:131)
)))

2019-02-03 15:12:47 - [TEST_STEP][FAILED] - pk_Functions.CS_ValidateSearchParameters.ValidateSearchParameters: Assertion failed: 

assert Columns_row_text == expectedValues
       |                |  |
       []               |  [2]
                        false


2019-02-03 15:12:47 - [MESSAGE][FAILED] - Assertion failed: 

assert Columns_row_text == expectedValues
       |                |  |
       []               |  [2]
                        false]]></system-out>
         <system-err><![CDATA[2019-02-03 15:12:47 - [TEST_CASE][ERROR] - Test Cases/Event Group Management/TC_Verify_Delete: Test Cases/Event Group Management/TC_Verify_Delete FAILED because (of) (Stack trace: org.codehaus.groovy.runtime.InvokerInvocationException: Assertion failed: 

assert Columns_row_text == expectedValues
       |                |  |
       []               |  [2]
                        false

	at org.codehaus.groovy.reflection.CachedMethod.invoke(CachedMethod.java:100)
	at groovy.lang.MetaMethod.doMethodInvoke(MetaMethod.java:325)
	at groovy.lang.MetaClassImpl.invokeMethod(MetaClassImpl.java:1215)
	at groovy.lang.MetaClassImpl.invokeMethod(MetaClassImpl.java:1024)
	at groovy.lang.MetaClassImpl.invokeMethod(MetaClassImpl.java:812)
	at groovy.lang.DelegatingMetaClass.invokeMethod(DelegatingMetaClass.java:144)
	at groovy.lang.GroovyObjectSupport.invokeMethod(GroovyObjectSupport.java:46)
	at groovy.lang.Script.invokeMethod(Script.java:80)
	at com.kms.katalon.core.main.CustomKeywordDelegatingMetaClass.invokeStaticMethod(CustomKeywordDelegatingMetaClass.java:46)
	at org.codehaus.groovy.runtime.callsite.StaticMetaClassSite.call(StaticMetaClassSite.java:53)
	at Script1548157233007.run(Script1548157233007.groovy:17)
	at com.kms.katalon.core.main.ScriptEngine.run(ScriptEngine.java:183)
	at com.kms.katalon.core.main.ScriptEngine.runScriptAsRawText(ScriptEngine.java:108)
	at com.kms.katalon.core.main.TestCaseExecutor.runScript(TestCaseExecutor.java:294)
	at com.kms.katalon.core.main.TestCaseExecutor.doExecute(TestCaseExecutor.java:285)
	at com.kms.katalon.core.main.TestCaseExecutor.processExecutionPhase(TestCaseExecutor.java:264)
	at com.kms.katalon.core.main.TestCaseExecutor.accessMainPhase(TestCaseExecutor.java:256)
	at com.kms.katalon.core.main.TestCaseExecutor.execute(TestCaseExecutor.java:200)
	at com.kms.katalon.core.main.TestSuiteExecutor.accessTestCaseMainPhase(TestSuiteExecutor.java:129)
	at com.kms.katalon.core.main.TestSuiteExecutor.accessTestSuiteMainPhase(TestSuiteExecutor.java:112)
	at com.kms.katalon.core.main.TestSuiteExecutor.execute(TestSuiteExecutor.java:81)
	at com.kms.katalon.core.main.TestCaseMain.startTestSuite(TestCaseMain.java:142)
	at com.kms.katalon.core.main.TestCaseMain$startTestSuite$0.call(Unknown Source)
	at org.codehaus.groovy.runtime.callsite.CallSiteArray.defaultCall(CallSiteArray.java:48)
	at org.codehaus.groovy.runtime.callsite.AbstractCallSite.call(AbstractCallSite.java:113)
	at org.codehaus.groovy.runtime.callsite.AbstractCallSite.call(AbstractCallSite.java:141)
	at TempTestSuite1549199381650.run(TempTestSuite1549199381650.groovy:36)
	at groovy.lang.GroovyShell.runScriptOrMainOrTestOrRunnable(GroovyShell.java:263)
	at groovy.lang.GroovyShell.run(GroovyShell.java:518)
	at groovy.lang.GroovyShell.run(GroovyShell.java:507)
	at groovy.ui.GroovyMain.processOnce(GroovyMain.java:653)
	at groovy.ui.GroovyMain.run(GroovyMain.java:384)
	at groovy.ui.GroovyMain.process(GroovyMain.java:370)
	at groovy.ui.GroovyMain.processArgs(GroovyMain.java:129)
	at groovy.ui.GroovyMain.main(GroovyMain.java:109)
	at sun.reflect.NativeMethodAccessorImpl.invoke0(Native Method)
	at sun.reflect.NativeMethodAccessorImpl.invoke(NativeMethodAccessorImpl.java:62)
	at sun.reflect.DelegatingMethodAccessorImpl.invoke(DelegatingMethodAccessorImpl.java:43)
	at java.lang.reflect.Method.invoke(Method.java:498)
	at org.codehaus.groovy.tools.GroovyStarter.rootLoader(GroovyStarter.java:109)
	at org.codehaus.groovy.tools.GroovyStarter.main(GroovyStarter.java:131)
Caused by: Assertion failed: 

assert Columns_row_text == expectedValues
       |                |  |
       []               |  [2]
                        false

	at org.codehaus.groovy.runtime.InvokerHelper.assertFailed(InvokerHelper.java:402)
	at org.codehaus.groovy.runtime.ScriptBytecodeAdapter.assertFailed(ScriptBytecodeAdapter.java:650)
	at pk_Functions.CS_ValidateSearchParameters.ValidateSearchParameters(CS_ValidateSearchParameters.groovy:93)
	at sun.reflect.NativeMethodAccessorImpl.invoke0(Native Method)
	at sun.reflect.NativeMethodAccessorImpl.invoke(NativeMethodAccessorImpl.java:62)
	at sun.reflect.DelegatingMethodAccessorImpl.invoke(DelegatingMethodAccessorImpl.java:43)
	at java.lang.reflect.Method.invoke(Method.java:498)
	at org.codehaus.groovy.reflection.CachedMethod.invoke(CachedMethod.java:93)
	... 40 more
 (caused by: (Stack trace: Assertion failed: 

assert Columns_row_text == expectedValues
       |                |  |
       []               |  [2]
                        false

	at org.codehaus.groovy.runtime.InvokerHelper.assertFailed(InvokerHelper.java:402)
	at org.codehaus.groovy.runtime.ScriptBytecodeAdapter.assertFailed(ScriptBytecodeAdapter.java:650)
	at pk_Functions.CS_ValidateSearchParameters.ValidateSearchParameters(CS_ValidateSearchParameters.groovy:93)
	at sun.reflect.NativeMethodAccessorImpl.invoke0(Native Method)
	at sun.reflect.NativeMethodAccessorImpl.invoke(NativeMethodAccessorImpl.java:62)
	at sun.reflect.DelegatingMethodAccessorImpl.invoke(DelegatingMethodAccessorImpl.java:43)
	at java.lang.reflect.Method.invoke(Method.java:498)
	at org.codehaus.groovy.reflection.CachedMethod.invoke(CachedMethod.java:93)
	at groovy.lang.MetaMethod.doMethodInvoke(MetaMethod.java:325)
	at groovy.lang.MetaClassImpl.invokeMethod(MetaClassImpl.java:1215)
	at groovy.lang.MetaClassImpl.invokeMethod(MetaClassImpl.java:1024)
	at groovy.lang.MetaClassImpl.invokeMethod(MetaClassImpl.java:812)
	at groovy.lang.DelegatingMetaClass.invokeMethod(DelegatingMetaClass.java:144)
	at groovy.lang.GroovyObjectSupport.invokeMethod(GroovyObjectSupport.java:46)
	at groovy.lang.Script.invokeMethod(Script.java:80)
	at com.kms.katalon.core.main.CustomKeywordDelegatingMetaClass.invokeStaticMethod(CustomKeywordDelegatingMetaClass.java:46)
	at org.codehaus.groovy.runtime.callsite.StaticMetaClassSite.call(StaticMetaClassSite.java:53)
	at Script1548157233007.run(Script1548157233007.groovy:17)
	at com.kms.katalon.core.main.ScriptEngine.run(ScriptEngine.java:183)
	at com.kms.katalon.core.main.ScriptEngine.runScriptAsRawText(ScriptEngine.java:108)
	at com.kms.katalon.core.main.TestCaseExecutor.runScript(TestCaseExecutor.java:294)
	at com.kms.katalon.core.main.TestCaseExecutor.doExecute(TestCaseExecutor.java:285)
	at com.kms.katalon.core.main.TestCaseExecutor.processExecutionPhase(TestCaseExecutor.java:264)
	at com.kms.katalon.core.main.TestCaseExecutor.accessMainPhase(TestCaseExecutor.java:256)
	at com.kms.katalon.core.main.TestCaseExecutor.execute(TestCaseExecutor.java:200)
	at com.kms.katalon.core.main.TestSuiteExecutor.accessTestCaseMainPhase(TestSuiteExecutor.java:129)
	at com.kms.katalon.core.main.TestSuiteExecutor.accessTestSuiteMainPhase(TestSuiteExecutor.java:112)
	at com.kms.katalon.core.main.TestSuiteExecutor.execute(TestSuiteExecutor.java:81)
	at com.kms.katalon.core.main.TestCaseMain.startTestSuite(TestCaseMain.java:142)
	at com.kms.katalon.core.main.TestCaseMain$startTestSuite$0.call(Unknown Source)
	at org.codehaus.groovy.runtime.callsite.CallSiteArray.defaultCall(CallSiteArray.java:48)
	at org.codehaus.groovy.runtime.callsite.AbstractCallSite.call(AbstractCallSite.java:113)
	at org.codehaus.groovy.runtime.callsite.AbstractCallSite.call(AbstractCallSite.java:141)
	at TempTestSuite1549199381650.run(TempTestSuite1549199381650.groovy:36)
	at groovy.lang.GroovyShell.runScriptOrMainOrTestOrRunnable(GroovyShell.java:263)
	at groovy.lang.GroovyShell.run(GroovyShell.java:518)
	at groovy.lang.GroovyShell.run(GroovyShell.java:507)
	at groovy.ui.GroovyMain.processOnce(GroovyMain.java:653)
	at groovy.ui.GroovyMain.run(GroovyMain.java:384)
	at groovy.ui.GroovyMain.process(GroovyMain.java:370)
	at groovy.ui.GroovyMain.processArgs(GroovyMain.java:129)
	at groovy.ui.GroovyMain.main(GroovyMain.java:109)
	at sun.reflect.NativeMethodAccessorImpl.invoke0(Native Method)
	at sun.reflect.NativeMethodAccessorImpl.invoke(NativeMethodAccessorImpl.java:62)
	at sun.reflect.DelegatingMethodAccessorImpl.invoke(DelegatingMethodAccessorImpl.java:43)
	at java.lang.reflect.Method.invoke(Method.java:498)
	at org.codehaus.groovy.tools.GroovyStarter.rootLoader(GroovyStarter.java:109)
	at org.codehaus.groovy.tools.GroovyStarter.main(GroovyStarter.java:131)
)))]]></system-err>
      </testcase>
      <testcase name="Test Cases/Event Group Management/TC_Verify_Delete" classname="Test Cases/Event Group Management/TC_Verify_Delete" status="PASSED">
         <system-out><![CDATA[2019-02-03 15:12:47 - [TEST_CASE][PASSED] - Test Cases/Event Group Management/TC_Verify_Delete: Test Cases/Event Group Management/TC_Verify_Delete

2019-02-03 15:12:47 - [TEST_STEP][PASSED] - pk_Functions.CS_ValidateSearchParameters.ValidateSearchParameters: pk_Functions.CS_ValidateSearchParameters.ValidateSearchParameters is PASSED

2019-02-03 15:12:47 - [MESSAGE][PASSED] - pk_Functions.CS_ValidateSearchParameters.ValidateSearchParameters is PASSED

2019-02-03 15:12:47 - [TEST_STEP][PASSED] - delay: Delayed 2 second(s)

2019-02-03 15:12:49 - [MESSAGE][PASSED] - Delayed 2 second(s)]]></system-out>
         <system-err><![CDATA[]]></system-err>
      </testcase>
      <testcase name="Test Cases/Event Group Management/TC_Verify_Delete" classname="Test Cases/Event Group Management/TC_Verify_Delete" status="PASSED">
         <system-out><![CDATA[2019-02-03 15:12:49 - [TEST_CASE][PASSED] - Test Cases/Event Group Management/TC_Verify_Delete: Test Cases/Event Group Management/TC_Verify_Delete

2019-02-03 15:12:49 - [TEST_STEP][PASSED] - pk_Functions.CS_ValidateSearchParameters.ValidateSearchParameters: pk_Functions.CS_ValidateSearchParameters.ValidateSearchParameters is PASSED

2019-02-03 15:12:50 - [MESSAGE][PASSED] - pk_Functions.CS_ValidateSearchParameters.ValidateSearchParameters is PASSED

2019-02-03 15:12:50 - [TEST_STEP][PASSED] - delay: Delayed 2 second(s)

2019-02-03 15:12:52 - [MESSAGE][PASSED] - Delayed 2 second(s)]]></system-out>
         <system-err><![CDATA[]]></system-err>
      </testcase>
      <testcase name="Test Cases/Event Group Management/TC_Verify_Delete" classname="Test Cases/Event Group Management/TC_Verify_Delete" status="ERROR">
         <error type="ERROR" message="Test Cases/Event Group Management/TC_Verify_Delete FAILED because (of) (Stack trace: org.codehaus.groovy.runtime.InvokerInvocationException: Assertion failed: 

assert Columns_row_text == expectedValues
       |                |  |
       []               |  [5]
                        false

	at org.codehaus.groovy.reflection.CachedMethod.invoke(CachedMethod.java:100)
	at groovy.lang.MetaMethod.doMethodInvoke(MetaMethod.java:325)
	at groovy.lang.MetaClassImpl.invokeMethod(MetaClassImpl.java:1215)
	at groovy.lang.MetaClassImpl.invokeMethod(MetaClassImpl.java:1024)
	at groovy.lang.MetaClassImpl.invokeMethod(MetaClassImpl.java:812)
	at groovy.lang.DelegatingMetaClass.invokeMethod(DelegatingMetaClass.java:144)
	at groovy.lang.GroovyObjectSupport.invokeMethod(GroovyObjectSupport.java:46)
	at groovy.lang.Script.invokeMethod(Script.java:80)
	at com.kms.katalon.core.main.CustomKeywordDelegatingMetaClass.invokeStaticMethod(CustomKeywordDelegatingMetaClass.java:46)
	at org.codehaus.groovy.runtime.callsite.StaticMetaClassSite.call(StaticMetaClassSite.java:53)
	at Script1548157233007.run(Script1548157233007.groovy:17)
	at com.kms.katalon.core.main.ScriptEngine.run(ScriptEngine.java:183)
	at com.kms.katalon.core.main.ScriptEngine.runScriptAsRawText(ScriptEngine.java:108)
	at com.kms.katalon.core.main.TestCaseExecutor.runScript(TestCaseExecutor.java:294)
	at com.kms.katalon.core.main.TestCaseExecutor.doExecute(TestCaseExecutor.java:285)
	at com.kms.katalon.core.main.TestCaseExecutor.processExecutionPhase(TestCaseExecutor.java:264)
	at com.kms.katalon.core.main.TestCaseExecutor.accessMainPhase(TestCaseExecutor.java:256)
	at com.kms.katalon.core.main.TestCaseExecutor.execute(TestCaseExecutor.java:200)
	at com.kms.katalon.core.main.TestSuiteExecutor.accessTestCaseMainPhase(TestSuiteExecutor.java:129)
	at com.kms.katalon.core.main.TestSuiteExecutor.accessTestSuiteMainPhase(TestSuiteExecutor.java:112)
	at com.kms.katalon.core.main.TestSuiteExecutor.execute(TestSuiteExecutor.java:81)
	at com.kms.katalon.core.main.TestCaseMain.startTestSuite(TestCaseMain.java:142)
	at com.kms.katalon.core.main.TestCaseMain$startTestSuite$0.call(Unknown Source)
	at org.codehaus.groovy.runtime.callsite.CallSiteArray.defaultCall(CallSiteArray.java:48)
	at org.codehaus.groovy.runtime.callsite.AbstractCallSite.call(AbstractCallSite.java:113)
	at org.codehaus.groovy.runtime.callsite.AbstractCallSite.call(AbstractCallSite.java:141)
	at TempTestSuite1549199381650.run(TempTestSuite1549199381650.groovy:36)
	at groovy.lang.GroovyShell.runScriptOrMainOrTestOrRunnable(GroovyShell.java:263)
	at groovy.lang.GroovyShell.run(GroovyShell.java:518)
	at groovy.lang.GroovyShell.run(GroovyShell.java:507)
	at groovy.ui.GroovyMain.processOnce(GroovyMain.java:653)
	at groovy.ui.GroovyMain.run(GroovyMain.java:384)
	at groovy.ui.GroovyMain.process(GroovyMain.java:370)
	at groovy.ui.GroovyMain.processArgs(GroovyMain.java:129)
	at groovy.ui.GroovyMain.main(GroovyMain.java:109)
	at sun.reflect.NativeMethodAccessorImpl.invoke0(Native Method)
	at sun.reflect.NativeMethodAccessorImpl.invoke(NativeMethodAccessorImpl.java:62)
	at sun.reflect.DelegatingMethodAccessorImpl.invoke(DelegatingMethodAccessorImpl.java:43)
	at java.lang.reflect.Method.invoke(Method.java:498)
	at org.codehaus.groovy.tools.GroovyStarter.rootLoader(GroovyStarter.java:109)
	at org.codehaus.groovy.tools.GroovyStarter.main(GroovyStarter.java:131)
Caused by: Assertion failed: 

assert Columns_row_text == expectedValues
       |                |  |
       []               |  [5]
                        false

	at org.codehaus.groovy.runtime.InvokerHelper.assertFailed(InvokerHelper.java:402)
	at org.codehaus.groovy.runtime.ScriptBytecodeAdapter.assertFailed(ScriptBytecodeAdapter.java:650)
	at pk_Functions.CS_ValidateSearchParameters.ValidateSearchParameters(CS_ValidateSearchParameters.groovy:93)
	at sun.reflect.NativeMethodAccessorImpl.invoke0(Native Method)
	at sun.reflect.NativeMethodAccessorImpl.invoke(NativeMethodAccessorImpl.java:62)
	at sun.reflect.DelegatingMethodAccessorImpl.invoke(DelegatingMethodAccessorImpl.java:43)
	at java.lang.reflect.Method.invoke(Method.java:498)
	at org.codehaus.groovy.reflection.CachedMethod.invoke(CachedMethod.java:93)
	... 40 more
 (caused by: (Stack trace: Assertion failed: 

assert Columns_row_text == expectedValues
       |                |  |
       []               |  [5]
                        false

	at org.codehaus.groovy.runtime.InvokerHelper.assertFailed(InvokerHelper.java:402)
	at org.codehaus.groovy.runtime.ScriptBytecodeAdapter.assertFailed(ScriptBytecodeAdapter.java:650)
	at pk_Functions.CS_ValidateSearchParameters.ValidateSearchParameters(CS_ValidateSearchParameters.groovy:93)
	at sun.reflect.NativeMethodAccessorImpl.invoke0(Native Method)
	at sun.reflect.NativeMethodAccessorImpl.invoke(NativeMethodAccessorImpl.java:62)
	at sun.reflect.DelegatingMethodAccessorImpl.invoke(DelegatingMethodAccessorImpl.java:43)
	at java.lang.reflect.Method.invoke(Method.java:498)
	at org.codehaus.groovy.reflection.CachedMethod.invoke(CachedMethod.java:93)
	at groovy.lang.MetaMethod.doMethodInvoke(MetaMethod.java:325)
	at groovy.lang.MetaClassImpl.invokeMethod(MetaClassImpl.java:1215)
	at groovy.lang.MetaClassImpl.invokeMethod(MetaClassImpl.java:1024)
	at groovy.lang.MetaClassImpl.invokeMethod(MetaClassImpl.java:812)
	at groovy.lang.DelegatingMetaClass.invokeMethod(DelegatingMetaClass.java:144)
	at groovy.lang.GroovyObjectSupport.invokeMethod(GroovyObjectSupport.java:46)
	at groovy.lang.Script.invokeMethod(Script.java:80)
	at com.kms.katalon.core.main.CustomKeywordDelegatingMetaClass.invokeStaticMethod(CustomKeywordDelegatingMetaClass.java:46)
	at org.codehaus.groovy.runtime.callsite.StaticMetaClassSite.call(StaticMetaClassSite.java:53)
	at Script1548157233007.run(Script1548157233007.groovy:17)
	at com.kms.katalon.core.main.ScriptEngine.run(ScriptEngine.java:183)
	at com.kms.katalon.core.main.ScriptEngine.runScriptAsRawText(ScriptEngine.java:108)
	at com.kms.katalon.core.main.TestCaseExecutor.runScript(TestCaseExecutor.java:294)
	at com.kms.katalon.core.main.TestCaseExecutor.doExecute(TestCaseExecutor.java:285)
	at com.kms.katalon.core.main.TestCaseExecutor.processExecutionPhase(TestCaseExecutor.java:264)
	at com.kms.katalon.core.main.TestCaseExecutor.accessMainPhase(TestCaseExecutor.java:256)
	at com.kms.katalon.core.main.TestCaseExecutor.execute(TestCaseExecutor.java:200)
	at com.kms.katalon.core.main.TestSuiteExecutor.accessTestCaseMainPhase(TestSuiteExecutor.java:129)
	at com.kms.katalon.core.main.TestSuiteExecutor.accessTestSuiteMainPhase(TestSuiteExecutor.java:112)
	at com.kms.katalon.core.main.TestSuiteExecutor.execute(TestSuiteExecutor.java:81)
	at com.kms.katalon.core.main.TestCaseMain.startTestSuite(TestCaseMain.java:142)
	at com.kms.katalon.core.main.TestCaseMain$startTestSuite$0.call(Unknown Source)
	at org.codehaus.groovy.runtime.callsite.CallSiteArray.defaultCall(CallSiteArray.java:48)
	at org.codehaus.groovy.runtime.callsite.AbstractCallSite.call(AbstractCallSite.java:113)
	at org.codehaus.groovy.runtime.callsite.AbstractCallSite.call(AbstractCallSite.java:141)
	at TempTestSuite1549199381650.run(TempTestSuite1549199381650.groovy:36)
	at groovy.lang.GroovyShell.runScriptOrMainOrTestOrRunnable(GroovyShell.java:263)
	at groovy.lang.GroovyShell.run(GroovyShell.java:518)
	at groovy.lang.GroovyShell.run(GroovyShell.java:507)
	at groovy.ui.GroovyMain.processOnce(GroovyMain.java:653)
	at groovy.ui.GroovyMain.run(GroovyMain.java:384)
	at groovy.ui.GroovyMain.process(GroovyMain.java:370)
	at groovy.ui.GroovyMain.processArgs(GroovyMain.java:129)
	at groovy.ui.GroovyMain.main(GroovyMain.java:109)
	at sun.reflect.NativeMethodAccessorImpl.invoke0(Native Method)
	at sun.reflect.NativeMethodAccessorImpl.invoke(NativeMethodAccessorImpl.java:62)
	at sun.reflect.DelegatingMethodAccessorImpl.invoke(DelegatingMethodAccessorImpl.java:43)
	at java.lang.reflect.Method.invoke(Method.java:498)
	at org.codehaus.groovy.tools.GroovyStarter.rootLoader(GroovyStarter.java:109)
	at org.codehaus.groovy.tools.GroovyStarter.main(GroovyStarter.java:131)
)))"/>
         <system-out><![CDATA[2019-02-03 15:12:52 - [TEST_CASE][ERROR] - Test Cases/Event Group Management/TC_Verify_Delete: Test Cases/Event Group Management/TC_Verify_Delete FAILED because (of) (Stack trace: org.codehaus.groovy.runtime.InvokerInvocationException: Assertion failed: 

assert Columns_row_text == expectedValues
       |                |  |
       []               |  [5]
                        false

	at org.codehaus.groovy.reflection.CachedMethod.invoke(CachedMethod.java:100)
	at groovy.lang.MetaMethod.doMethodInvoke(MetaMethod.java:325)
	at groovy.lang.MetaClassImpl.invokeMethod(MetaClassImpl.java:1215)
	at groovy.lang.MetaClassImpl.invokeMethod(MetaClassImpl.java:1024)
	at groovy.lang.MetaClassImpl.invokeMethod(MetaClassImpl.java:812)
	at groovy.lang.DelegatingMetaClass.invokeMethod(DelegatingMetaClass.java:144)
	at groovy.lang.GroovyObjectSupport.invokeMethod(GroovyObjectSupport.java:46)
	at groovy.lang.Script.invokeMethod(Script.java:80)
	at com.kms.katalon.core.main.CustomKeywordDelegatingMetaClass.invokeStaticMethod(CustomKeywordDelegatingMetaClass.java:46)
	at org.codehaus.groovy.runtime.callsite.StaticMetaClassSite.call(StaticMetaClassSite.java:53)
	at Script1548157233007.run(Script1548157233007.groovy:17)
	at com.kms.katalon.core.main.ScriptEngine.run(ScriptEngine.java:183)
	at com.kms.katalon.core.main.ScriptEngine.runScriptAsRawText(ScriptEngine.java:108)
	at com.kms.katalon.core.main.TestCaseExecutor.runScript(TestCaseExecutor.java:294)
	at com.kms.katalon.core.main.TestCaseExecutor.doExecute(TestCaseExecutor.java:285)
	at com.kms.katalon.core.main.TestCaseExecutor.processExecutionPhase(TestCaseExecutor.java:264)
	at com.kms.katalon.core.main.TestCaseExecutor.accessMainPhase(TestCaseExecutor.java:256)
	at com.kms.katalon.core.main.TestCaseExecutor.execute(TestCaseExecutor.java:200)
	at com.kms.katalon.core.main.TestSuiteExecutor.accessTestCaseMainPhase(TestSuiteExecutor.java:129)
	at com.kms.katalon.core.main.TestSuiteExecutor.accessTestSuiteMainPhase(TestSuiteExecutor.java:112)
	at com.kms.katalon.core.main.TestSuiteExecutor.execute(TestSuiteExecutor.java:81)
	at com.kms.katalon.core.main.TestCaseMain.startTestSuite(TestCaseMain.java:142)
	at com.kms.katalon.core.main.TestCaseMain$startTestSuite$0.call(Unknown Source)
	at org.codehaus.groovy.runtime.callsite.CallSiteArray.defaultCall(CallSiteArray.java:48)
	at org.codehaus.groovy.runtime.callsite.AbstractCallSite.call(AbstractCallSite.java:113)
	at org.codehaus.groovy.runtime.callsite.AbstractCallSite.call(AbstractCallSite.java:141)
	at TempTestSuite1549199381650.run(TempTestSuite1549199381650.groovy:36)
	at groovy.lang.GroovyShell.runScriptOrMainOrTestOrRunnable(GroovyShell.java:263)
	at groovy.lang.GroovyShell.run(GroovyShell.java:518)
	at groovy.lang.GroovyShell.run(GroovyShell.java:507)
	at groovy.ui.GroovyMain.processOnce(GroovyMain.java:653)
	at groovy.ui.GroovyMain.run(GroovyMain.java:384)
	at groovy.ui.GroovyMain.process(GroovyMain.java:370)
	at groovy.ui.GroovyMain.processArgs(GroovyMain.java:129)
	at groovy.ui.GroovyMain.main(GroovyMain.java:109)
	at sun.reflect.NativeMethodAccessorImpl.invoke0(Native Method)
	at sun.reflect.NativeMethodAccessorImpl.invoke(NativeMethodAccessorImpl.java:62)
	at sun.reflect.DelegatingMethodAccessorImpl.invoke(DelegatingMethodAccessorImpl.java:43)
	at java.lang.reflect.Method.invoke(Method.java:498)
	at org.codehaus.groovy.tools.GroovyStarter.rootLoader(GroovyStarter.java:109)
	at org.codehaus.groovy.tools.GroovyStarter.main(GroovyStarter.java:131)
Caused by: Assertion failed: 

assert Columns_row_text == expectedValues
       |                |  |
       []               |  [5]
                        false

	at org.codehaus.groovy.runtime.InvokerHelper.assertFailed(InvokerHelper.java:402)
	at org.codehaus.groovy.runtime.ScriptBytecodeAdapter.assertFailed(ScriptBytecodeAdapter.java:650)
	at pk_Functions.CS_ValidateSearchParameters.ValidateSearchParameters(CS_ValidateSearchParameters.groovy:93)
	at sun.reflect.NativeMethodAccessorImpl.invoke0(Native Method)
	at sun.reflect.NativeMethodAccessorImpl.invoke(NativeMethodAccessorImpl.java:62)
	at sun.reflect.DelegatingMethodAccessorImpl.invoke(DelegatingMethodAccessorImpl.java:43)
	at java.lang.reflect.Method.invoke(Method.java:498)
	at org.codehaus.groovy.reflection.CachedMethod.invoke(CachedMethod.java:93)
	... 40 more
 (caused by: (Stack trace: Assertion failed: 

assert Columns_row_text == expectedValues
       |                |  |
       []               |  [5]
                        false

	at org.codehaus.groovy.runtime.InvokerHelper.assertFailed(InvokerHelper.java:402)
	at org.codehaus.groovy.runtime.ScriptBytecodeAdapter.assertFailed(ScriptBytecodeAdapter.java:650)
	at pk_Functions.CS_ValidateSearchParameters.ValidateSearchParameters(CS_ValidateSearchParameters.groovy:93)
	at sun.reflect.NativeMethodAccessorImpl.invoke0(Native Method)
	at sun.reflect.NativeMethodAccessorImpl.invoke(NativeMethodAccessorImpl.java:62)
	at sun.reflect.DelegatingMethodAccessorImpl.invoke(DelegatingMethodAccessorImpl.java:43)
	at java.lang.reflect.Method.invoke(Method.java:498)
	at org.codehaus.groovy.reflection.CachedMethod.invoke(CachedMethod.java:93)
	at groovy.lang.MetaMethod.doMethodInvoke(MetaMethod.java:325)
	at groovy.lang.MetaClassImpl.invokeMethod(MetaClassImpl.java:1215)
	at groovy.lang.MetaClassImpl.invokeMethod(MetaClassImpl.java:1024)
	at groovy.lang.MetaClassImpl.invokeMethod(MetaClassImpl.java:812)
	at groovy.lang.DelegatingMetaClass.invokeMethod(DelegatingMetaClass.java:144)
	at groovy.lang.GroovyObjectSupport.invokeMethod(GroovyObjectSupport.java:46)
	at groovy.lang.Script.invokeMethod(Script.java:80)
	at com.kms.katalon.core.main.CustomKeywordDelegatingMetaClass.invokeStaticMethod(CustomKeywordDelegatingMetaClass.java:46)
	at org.codehaus.groovy.runtime.callsite.StaticMetaClassSite.call(StaticMetaClassSite.java:53)
	at Script1548157233007.run(Script1548157233007.groovy:17)
	at com.kms.katalon.core.main.ScriptEngine.run(ScriptEngine.java:183)
	at com.kms.katalon.core.main.ScriptEngine.runScriptAsRawText(ScriptEngine.java:108)
	at com.kms.katalon.core.main.TestCaseExecutor.runScript(TestCaseExecutor.java:294)
	at com.kms.katalon.core.main.TestCaseExecutor.doExecute(TestCaseExecutor.java:285)
	at com.kms.katalon.core.main.TestCaseExecutor.processExecutionPhase(TestCaseExecutor.java:264)
	at com.kms.katalon.core.main.TestCaseExecutor.accessMainPhase(TestCaseExecutor.java:256)
	at com.kms.katalon.core.main.TestCaseExecutor.execute(TestCaseExecutor.java:200)
	at com.kms.katalon.core.main.TestSuiteExecutor.accessTestCaseMainPhase(TestSuiteExecutor.java:129)
	at com.kms.katalon.core.main.TestSuiteExecutor.accessTestSuiteMainPhase(TestSuiteExecutor.java:112)
	at com.kms.katalon.core.main.TestSuiteExecutor.execute(TestSuiteExecutor.java:81)
	at com.kms.katalon.core.main.TestCaseMain.startTestSuite(TestCaseMain.java:142)
	at com.kms.katalon.core.main.TestCaseMain$startTestSuite$0.call(Unknown Source)
	at org.codehaus.groovy.runtime.callsite.CallSiteArray.defaultCall(CallSiteArray.java:48)
	at org.codehaus.groovy.runtime.callsite.AbstractCallSite.call(AbstractCallSite.java:113)
	at org.codehaus.groovy.runtime.callsite.AbstractCallSite.call(AbstractCallSite.java:141)
	at TempTestSuite1549199381650.run(TempTestSuite1549199381650.groovy:36)
	at groovy.lang.GroovyShell.runScriptOrMainOrTestOrRunnable(GroovyShell.java:263)
	at groovy.lang.GroovyShell.run(GroovyShell.java:518)
	at groovy.lang.GroovyShell.run(GroovyShell.java:507)
	at groovy.ui.GroovyMain.processOnce(GroovyMain.java:653)
	at groovy.ui.GroovyMain.run(GroovyMain.java:384)
	at groovy.ui.GroovyMain.process(GroovyMain.java:370)
	at groovy.ui.GroovyMain.processArgs(GroovyMain.java:129)
	at groovy.ui.GroovyMain.main(GroovyMain.java:109)
	at sun.reflect.NativeMethodAccessorImpl.invoke0(Native Method)
	at sun.reflect.NativeMethodAccessorImpl.invoke(NativeMethodAccessorImpl.java:62)
	at sun.reflect.DelegatingMethodAccessorImpl.invoke(DelegatingMethodAccessorImpl.java:43)
	at java.lang.reflect.Method.invoke(Method.java:498)
	at org.codehaus.groovy.tools.GroovyStarter.rootLoader(GroovyStarter.java:109)
	at org.codehaus.groovy.tools.GroovyStarter.main(GroovyStarter.java:131)
)))

2019-02-03 15:12:52 - [TEST_STEP][FAILED] - pk_Functions.CS_ValidateSearchParameters.ValidateSearchParameters: Assertion failed: 

assert Columns_row_text == expectedValues
       |                |  |
       []               |  [5]
                        false


2019-02-03 15:12:52 - [MESSAGE][FAILED] - Assertion failed: 

assert Columns_row_text == expectedValues
       |                |  |
       []               |  [5]
                        false]]></system-out>
         <system-err><![CDATA[2019-02-03 15:12:52 - [TEST_CASE][ERROR] - Test Cases/Event Group Management/TC_Verify_Delete: Test Cases/Event Group Management/TC_Verify_Delete FAILED because (of) (Stack trace: org.codehaus.groovy.runtime.InvokerInvocationException: Assertion failed: 

assert Columns_row_text == expectedValues
       |                |  |
       []               |  [5]
                        false

	at org.codehaus.groovy.reflection.CachedMethod.invoke(CachedMethod.java:100)
	at groovy.lang.MetaMethod.doMethodInvoke(MetaMethod.java:325)
	at groovy.lang.MetaClassImpl.invokeMethod(MetaClassImpl.java:1215)
	at groovy.lang.MetaClassImpl.invokeMethod(MetaClassImpl.java:1024)
	at groovy.lang.MetaClassImpl.invokeMethod(MetaClassImpl.java:812)
	at groovy.lang.DelegatingMetaClass.invokeMethod(DelegatingMetaClass.java:144)
	at groovy.lang.GroovyObjectSupport.invokeMethod(GroovyObjectSupport.java:46)
	at groovy.lang.Script.invokeMethod(Script.java:80)
	at com.kms.katalon.core.main.CustomKeywordDelegatingMetaClass.invokeStaticMethod(CustomKeywordDelegatingMetaClass.java:46)
	at org.codehaus.groovy.runtime.callsite.StaticMetaClassSite.call(StaticMetaClassSite.java:53)
	at Script1548157233007.run(Script1548157233007.groovy:17)
	at com.kms.katalon.core.main.ScriptEngine.run(ScriptEngine.java:183)
	at com.kms.katalon.core.main.ScriptEngine.runScriptAsRawText(ScriptEngine.java:108)
	at com.kms.katalon.core.main.TestCaseExecutor.runScript(TestCaseExecutor.java:294)
	at com.kms.katalon.core.main.TestCaseExecutor.doExecute(TestCaseExecutor.java:285)
	at com.kms.katalon.core.main.TestCaseExecutor.processExecutionPhase(TestCaseExecutor.java:264)
	at com.kms.katalon.core.main.TestCaseExecutor.accessMainPhase(TestCaseExecutor.java:256)
	at com.kms.katalon.core.main.TestCaseExecutor.execute(TestCaseExecutor.java:200)
	at com.kms.katalon.core.main.TestSuiteExecutor.accessTestCaseMainPhase(TestSuiteExecutor.java:129)
	at com.kms.katalon.core.main.TestSuiteExecutor.accessTestSuiteMainPhase(TestSuiteExecutor.java:112)
	at com.kms.katalon.core.main.TestSuiteExecutor.execute(TestSuiteExecutor.java:81)
	at com.kms.katalon.core.main.TestCaseMain.startTestSuite(TestCaseMain.java:142)
	at com.kms.katalon.core.main.TestCaseMain$startTestSuite$0.call(Unknown Source)
	at org.codehaus.groovy.runtime.callsite.CallSiteArray.defaultCall(CallSiteArray.java:48)
	at org.codehaus.groovy.runtime.callsite.AbstractCallSite.call(AbstractCallSite.java:113)
	at org.codehaus.groovy.runtime.callsite.AbstractCallSite.call(AbstractCallSite.java:141)
	at TempTestSuite1549199381650.run(TempTestSuite1549199381650.groovy:36)
	at groovy.lang.GroovyShell.runScriptOrMainOrTestOrRunnable(GroovyShell.java:263)
	at groovy.lang.GroovyShell.run(GroovyShell.java:518)
	at groovy.lang.GroovyShell.run(GroovyShell.java:507)
	at groovy.ui.GroovyMain.processOnce(GroovyMain.java:653)
	at groovy.ui.GroovyMain.run(GroovyMain.java:384)
	at groovy.ui.GroovyMain.process(GroovyMain.java:370)
	at groovy.ui.GroovyMain.processArgs(GroovyMain.java:129)
	at groovy.ui.GroovyMain.main(GroovyMain.java:109)
	at sun.reflect.NativeMethodAccessorImpl.invoke0(Native Method)
	at sun.reflect.NativeMethodAccessorImpl.invoke(NativeMethodAccessorImpl.java:62)
	at sun.reflect.DelegatingMethodAccessorImpl.invoke(DelegatingMethodAccessorImpl.java:43)
	at java.lang.reflect.Method.invoke(Method.java:498)
	at org.codehaus.groovy.tools.GroovyStarter.rootLoader(GroovyStarter.java:109)
	at org.codehaus.groovy.tools.GroovyStarter.main(GroovyStarter.java:131)
Caused by: Assertion failed: 

assert Columns_row_text == expectedValues
       |                |  |
       []               |  [5]
                        false

	at org.codehaus.groovy.runtime.InvokerHelper.assertFailed(InvokerHelper.java:402)
	at org.codehaus.groovy.runtime.ScriptBytecodeAdapter.assertFailed(ScriptBytecodeAdapter.java:650)
	at pk_Functions.CS_ValidateSearchParameters.ValidateSearchParameters(CS_ValidateSearchParameters.groovy:93)
	at sun.reflect.NativeMethodAccessorImpl.invoke0(Native Method)
	at sun.reflect.NativeMethodAccessorImpl.invoke(NativeMethodAccessorImpl.java:62)
	at sun.reflect.DelegatingMethodAccessorImpl.invoke(DelegatingMethodAccessorImpl.java:43)
	at java.lang.reflect.Method.invoke(Method.java:498)
	at org.codehaus.groovy.reflection.CachedMethod.invoke(CachedMethod.java:93)
	... 40 more
 (caused by: (Stack trace: Assertion failed: 

assert Columns_row_text == expectedValues
       |                |  |
       []               |  [5]
                        false

	at org.codehaus.groovy.runtime.InvokerHelper.assertFailed(InvokerHelper.java:402)
	at org.codehaus.groovy.runtime.ScriptBytecodeAdapter.assertFailed(ScriptBytecodeAdapter.java:650)
	at pk_Functions.CS_ValidateSearchParameters.ValidateSearchParameters(CS_ValidateSearchParameters.groovy:93)
	at sun.reflect.NativeMethodAccessorImpl.invoke0(Native Method)
	at sun.reflect.NativeMethodAccessorImpl.invoke(NativeMethodAccessorImpl.java:62)
	at sun.reflect.DelegatingMethodAccessorImpl.invoke(DelegatingMethodAccessorImpl.java:43)
	at java.lang.reflect.Method.invoke(Method.java:498)
	at org.codehaus.groovy.reflection.CachedMethod.invoke(CachedMethod.java:93)
	at groovy.lang.MetaMethod.doMethodInvoke(MetaMethod.java:325)
	at groovy.lang.MetaClassImpl.invokeMethod(MetaClassImpl.java:1215)
	at groovy.lang.MetaClassImpl.invokeMethod(MetaClassImpl.java:1024)
	at groovy.lang.MetaClassImpl.invokeMethod(MetaClassImpl.java:812)
	at groovy.lang.DelegatingMetaClass.invokeMethod(DelegatingMetaClass.java:144)
	at groovy.lang.GroovyObjectSupport.invokeMethod(GroovyObjectSupport.java:46)
	at groovy.lang.Script.invokeMethod(Script.java:80)
	at com.kms.katalon.core.main.CustomKeywordDelegatingMetaClass.invokeStaticMethod(CustomKeywordDelegatingMetaClass.java:46)
	at org.codehaus.groovy.runtime.callsite.StaticMetaClassSite.call(StaticMetaClassSite.java:53)
	at Script1548157233007.run(Script1548157233007.groovy:17)
	at com.kms.katalon.core.main.ScriptEngine.run(ScriptEngine.java:183)
	at com.kms.katalon.core.main.ScriptEngine.runScriptAsRawText(ScriptEngine.java:108)
	at com.kms.katalon.core.main.TestCaseExecutor.runScript(TestCaseExecutor.java:294)
	at com.kms.katalon.core.main.TestCaseExecutor.doExecute(TestCaseExecutor.java:285)
	at com.kms.katalon.core.main.TestCaseExecutor.processExecutionPhase(TestCaseExecutor.java:264)
	at com.kms.katalon.core.main.TestCaseExecutor.accessMainPhase(TestCaseExecutor.java:256)
	at com.kms.katalon.core.main.TestCaseExecutor.execute(TestCaseExecutor.java:200)
	at com.kms.katalon.core.main.TestSuiteExecutor.accessTestCaseMainPhase(TestSuiteExecutor.java:129)
	at com.kms.katalon.core.main.TestSuiteExecutor.accessTestSuiteMainPhase(TestSuiteExecutor.java:112)
	at com.kms.katalon.core.main.TestSuiteExecutor.execute(TestSuiteExecutor.java:81)
	at com.kms.katalon.core.main.TestCaseMain.startTestSuite(TestCaseMain.java:142)
	at com.kms.katalon.core.main.TestCaseMain$startTestSuite$0.call(Unknown Source)
	at org.codehaus.groovy.runtime.callsite.CallSiteArray.defaultCall(CallSiteArray.java:48)
	at org.codehaus.groovy.runtime.callsite.AbstractCallSite.call(AbstractCallSite.java:113)
	at org.codehaus.groovy.runtime.callsite.AbstractCallSite.call(AbstractCallSite.java:141)
	at TempTestSuite1549199381650.run(TempTestSuite1549199381650.groovy:36)
	at groovy.lang.GroovyShell.runScriptOrMainOrTestOrRunnable(GroovyShell.java:263)
	at groovy.lang.GroovyShell.run(GroovyShell.java:518)
	at groovy.lang.GroovyShell.run(GroovyShell.java:507)
	at groovy.ui.GroovyMain.processOnce(GroovyMain.java:653)
	at groovy.ui.GroovyMain.run(GroovyMain.java:384)
	at groovy.ui.GroovyMain.process(GroovyMain.java:370)
	at groovy.ui.GroovyMain.processArgs(GroovyMain.java:129)
	at groovy.ui.GroovyMain.main(GroovyMain.java:109)
	at sun.reflect.NativeMethodAccessorImpl.invoke0(Native Method)
	at sun.reflect.NativeMethodAccessorImpl.invoke(NativeMethodAccessorImpl.java:62)
	at sun.reflect.DelegatingMethodAccessorImpl.invoke(DelegatingMethodAccessorImpl.java:43)
	at java.lang.reflect.Method.invoke(Method.java:498)
	at org.codehaus.groovy.tools.GroovyStarter.rootLoader(GroovyStarter.java:109)
	at org.codehaus.groovy.tools.GroovyStarter.main(GroovyStarter.java:131)
)))]]></system-err>
      </testcase>
      <testcase name="Test Cases/Event Group Management/TC_Verify_Delete" classname="Test Cases/Event Group Management/TC_Verify_Delete" status="ERROR">
         <error type="ERROR" message="Test Cases/Event Group Management/TC_Verify_Delete FAILED because (of) (Stack trace: org.codehaus.groovy.runtime.InvokerInvocationException: Assertion failed: 

assert Columns_row_text == expectedValues
       |                |  |
       []               |  [6]
                        false

	at org.codehaus.groovy.reflection.CachedMethod.invoke(CachedMethod.java:100)
	at groovy.lang.MetaMethod.doMethodInvoke(MetaMethod.java:325)
	at groovy.lang.MetaClassImpl.invokeMethod(MetaClassImpl.java:1215)
	at groovy.lang.MetaClassImpl.invokeMethod(MetaClassImpl.java:1024)
	at groovy.lang.MetaClassImpl.invokeMethod(MetaClassImpl.java:812)
	at groovy.lang.DelegatingMetaClass.invokeMethod(DelegatingMetaClass.java:144)
	at groovy.lang.GroovyObjectSupport.invokeMethod(GroovyObjectSupport.java:46)
	at groovy.lang.Script.invokeMethod(Script.java:80)
	at com.kms.katalon.core.main.CustomKeywordDelegatingMetaClass.invokeStaticMethod(CustomKeywordDelegatingMetaClass.java:46)
	at org.codehaus.groovy.runtime.callsite.StaticMetaClassSite.call(StaticMetaClassSite.java:53)
	at Script1548157233007.run(Script1548157233007.groovy:17)
	at com.kms.katalon.core.main.ScriptEngine.run(ScriptEngine.java:183)
	at com.kms.katalon.core.main.ScriptEngine.runScriptAsRawText(ScriptEngine.java:108)
	at com.kms.katalon.core.main.TestCaseExecutor.runScript(TestCaseExecutor.java:294)
	at com.kms.katalon.core.main.TestCaseExecutor.doExecute(TestCaseExecutor.java:285)
	at com.kms.katalon.core.main.TestCaseExecutor.processExecutionPhase(TestCaseExecutor.java:264)
	at com.kms.katalon.core.main.TestCaseExecutor.accessMainPhase(TestCaseExecutor.java:256)
	at com.kms.katalon.core.main.TestCaseExecutor.execute(TestCaseExecutor.java:200)
	at com.kms.katalon.core.main.TestSuiteExecutor.accessTestCaseMainPhase(TestSuiteExecutor.java:129)
	at com.kms.katalon.core.main.TestSuiteExecutor.accessTestSuiteMainPhase(TestSuiteExecutor.java:112)
	at com.kms.katalon.core.main.TestSuiteExecutor.execute(TestSuiteExecutor.java:81)
	at com.kms.katalon.core.main.TestCaseMain.startTestSuite(TestCaseMain.java:142)
	at com.kms.katalon.core.main.TestCaseMain$startTestSuite$0.call(Unknown Source)
	at org.codehaus.groovy.runtime.callsite.CallSiteArray.defaultCall(CallSiteArray.java:48)
	at org.codehaus.groovy.runtime.callsite.AbstractCallSite.call(AbstractCallSite.java:113)
	at org.codehaus.groovy.runtime.callsite.AbstractCallSite.call(AbstractCallSite.java:141)
	at TempTestSuite1549199381650.run(TempTestSuite1549199381650.groovy:36)
	at groovy.lang.GroovyShell.runScriptOrMainOrTestOrRunnable(GroovyShell.java:263)
	at groovy.lang.GroovyShell.run(GroovyShell.java:518)
	at groovy.lang.GroovyShell.run(GroovyShell.java:507)
	at groovy.ui.GroovyMain.processOnce(GroovyMain.java:653)
	at groovy.ui.GroovyMain.run(GroovyMain.java:384)
	at groovy.ui.GroovyMain.process(GroovyMain.java:370)
	at groovy.ui.GroovyMain.processArgs(GroovyMain.java:129)
	at groovy.ui.GroovyMain.main(GroovyMain.java:109)
	at sun.reflect.NativeMethodAccessorImpl.invoke0(Native Method)
	at sun.reflect.NativeMethodAccessorImpl.invoke(NativeMethodAccessorImpl.java:62)
	at sun.reflect.DelegatingMethodAccessorImpl.invoke(DelegatingMethodAccessorImpl.java:43)
	at java.lang.reflect.Method.invoke(Method.java:498)
	at org.codehaus.groovy.tools.GroovyStarter.rootLoader(GroovyStarter.java:109)
	at org.codehaus.groovy.tools.GroovyStarter.main(GroovyStarter.java:131)
Caused by: Assertion failed: 

assert Columns_row_text == expectedValues
       |                |  |
       []               |  [6]
                        false

	at org.codehaus.groovy.runtime.InvokerHelper.assertFailed(InvokerHelper.java:402)
	at org.codehaus.groovy.runtime.ScriptBytecodeAdapter.assertFailed(ScriptBytecodeAdapter.java:650)
	at pk_Functions.CS_ValidateSearchParameters.ValidateSearchParameters(CS_ValidateSearchParameters.groovy:93)
	at sun.reflect.NativeMethodAccessorImpl.invoke0(Native Method)
	at sun.reflect.NativeMethodAccessorImpl.invoke(NativeMethodAccessorImpl.java:62)
	at sun.reflect.DelegatingMethodAccessorImpl.invoke(DelegatingMethodAccessorImpl.java:43)
	at java.lang.reflect.Method.invoke(Method.java:498)
	at org.codehaus.groovy.reflection.CachedMethod.invoke(CachedMethod.java:93)
	... 40 more
 (caused by: (Stack trace: Assertion failed: 

assert Columns_row_text == expectedValues
       |                |  |
       []               |  [6]
                        false

	at org.codehaus.groovy.runtime.InvokerHelper.assertFailed(InvokerHelper.java:402)
	at org.codehaus.groovy.runtime.ScriptBytecodeAdapter.assertFailed(ScriptBytecodeAdapter.java:650)
	at pk_Functions.CS_ValidateSearchParameters.ValidateSearchParameters(CS_ValidateSearchParameters.groovy:93)
	at sun.reflect.NativeMethodAccessorImpl.invoke0(Native Method)
	at sun.reflect.NativeMethodAccessorImpl.invoke(NativeMethodAccessorImpl.java:62)
	at sun.reflect.DelegatingMethodAccessorImpl.invoke(DelegatingMethodAccessorImpl.java:43)
	at java.lang.reflect.Method.invoke(Method.java:498)
	at org.codehaus.groovy.reflection.CachedMethod.invoke(CachedMethod.java:93)
	at groovy.lang.MetaMethod.doMethodInvoke(MetaMethod.java:325)
	at groovy.lang.MetaClassImpl.invokeMethod(MetaClassImpl.java:1215)
	at groovy.lang.MetaClassImpl.invokeMethod(MetaClassImpl.java:1024)
	at groovy.lang.MetaClassImpl.invokeMethod(MetaClassImpl.java:812)
	at groovy.lang.DelegatingMetaClass.invokeMethod(DelegatingMetaClass.java:144)
	at groovy.lang.GroovyObjectSupport.invokeMethod(GroovyObjectSupport.java:46)
	at groovy.lang.Script.invokeMethod(Script.java:80)
	at com.kms.katalon.core.main.CustomKeywordDelegatingMetaClass.invokeStaticMethod(CustomKeywordDelegatingMetaClass.java:46)
	at org.codehaus.groovy.runtime.callsite.StaticMetaClassSite.call(StaticMetaClassSite.java:53)
	at Script1548157233007.run(Script1548157233007.groovy:17)
	at com.kms.katalon.core.main.ScriptEngine.run(ScriptEngine.java:183)
	at com.kms.katalon.core.main.ScriptEngine.runScriptAsRawText(ScriptEngine.java:108)
	at com.kms.katalon.core.main.TestCaseExecutor.runScript(TestCaseExecutor.java:294)
	at com.kms.katalon.core.main.TestCaseExecutor.doExecute(TestCaseExecutor.java:285)
	at com.kms.katalon.core.main.TestCaseExecutor.processExecutionPhase(TestCaseExecutor.java:264)
	at com.kms.katalon.core.main.TestCaseExecutor.accessMainPhase(TestCaseExecutor.java:256)
	at com.kms.katalon.core.main.TestCaseExecutor.execute(TestCaseExecutor.java:200)
	at com.kms.katalon.core.main.TestSuiteExecutor.accessTestCaseMainPhase(TestSuiteExecutor.java:129)
	at com.kms.katalon.core.main.TestSuiteExecutor.accessTestSuiteMainPhase(TestSuiteExecutor.java:112)
	at com.kms.katalon.core.main.TestSuiteExecutor.execute(TestSuiteExecutor.java:81)
	at com.kms.katalon.core.main.TestCaseMain.startTestSuite(TestCaseMain.java:142)
	at com.kms.katalon.core.main.TestCaseMain$startTestSuite$0.call(Unknown Source)
	at org.codehaus.groovy.runtime.callsite.CallSiteArray.defaultCall(CallSiteArray.java:48)
	at org.codehaus.groovy.runtime.callsite.AbstractCallSite.call(AbstractCallSite.java:113)
	at org.codehaus.groovy.runtime.callsite.AbstractCallSite.call(AbstractCallSite.java:141)
	at TempTestSuite1549199381650.run(TempTestSuite1549199381650.groovy:36)
	at groovy.lang.GroovyShell.runScriptOrMainOrTestOrRunnable(GroovyShell.java:263)
	at groovy.lang.GroovyShell.run(GroovyShell.java:518)
	at groovy.lang.GroovyShell.run(GroovyShell.java:507)
	at groovy.ui.GroovyMain.processOnce(GroovyMain.java:653)
	at groovy.ui.GroovyMain.run(GroovyMain.java:384)
	at groovy.ui.GroovyMain.process(GroovyMain.java:370)
	at groovy.ui.GroovyMain.processArgs(GroovyMain.java:129)
	at groovy.ui.GroovyMain.main(GroovyMain.java:109)
	at sun.reflect.NativeMethodAccessorImpl.invoke0(Native Method)
	at sun.reflect.NativeMethodAccessorImpl.invoke(NativeMethodAccessorImpl.java:62)
	at sun.reflect.DelegatingMethodAccessorImpl.invoke(DelegatingMethodAccessorImpl.java:43)
	at java.lang.reflect.Method.invoke(Method.java:498)
	at org.codehaus.groovy.tools.GroovyStarter.rootLoader(GroovyStarter.java:109)
	at org.codehaus.groovy.tools.GroovyStarter.main(GroovyStarter.java:131)
)))"/>
         <system-out><![CDATA[2019-02-03 15:12:52 - [TEST_CASE][ERROR] - Test Cases/Event Group Management/TC_Verify_Delete: Test Cases/Event Group Management/TC_Verify_Delete FAILED because (of) (Stack trace: org.codehaus.groovy.runtime.InvokerInvocationException: Assertion failed: 

assert Columns_row_text == expectedValues
       |                |  |
       []               |  [6]
                        false

	at org.codehaus.groovy.reflection.CachedMethod.invoke(CachedMethod.java:100)
	at groovy.lang.MetaMethod.doMethodInvoke(MetaMethod.java:325)
	at groovy.lang.MetaClassImpl.invokeMethod(MetaClassImpl.java:1215)
	at groovy.lang.MetaClassImpl.invokeMethod(MetaClassImpl.java:1024)
	at groovy.lang.MetaClassImpl.invokeMethod(MetaClassImpl.java:812)
	at groovy.lang.DelegatingMetaClass.invokeMethod(DelegatingMetaClass.java:144)
	at groovy.lang.GroovyObjectSupport.invokeMethod(GroovyObjectSupport.java:46)
	at groovy.lang.Script.invokeMethod(Script.java:80)
	at com.kms.katalon.core.main.CustomKeywordDelegatingMetaClass.invokeStaticMethod(CustomKeywordDelegatingMetaClass.java:46)
	at org.codehaus.groovy.runtime.callsite.StaticMetaClassSite.call(StaticMetaClassSite.java:53)
	at Script1548157233007.run(Script1548157233007.groovy:17)
	at com.kms.katalon.core.main.ScriptEngine.run(ScriptEngine.java:183)
	at com.kms.katalon.core.main.ScriptEngine.runScriptAsRawText(ScriptEngine.java:108)
	at com.kms.katalon.core.main.TestCaseExecutor.runScript(TestCaseExecutor.java:294)
	at com.kms.katalon.core.main.TestCaseExecutor.doExecute(TestCaseExecutor.java:285)
	at com.kms.katalon.core.main.TestCaseExecutor.processExecutionPhase(TestCaseExecutor.java:264)
	at com.kms.katalon.core.main.TestCaseExecutor.accessMainPhase(TestCaseExecutor.java:256)
	at com.kms.katalon.core.main.TestCaseExecutor.execute(TestCaseExecutor.java:200)
	at com.kms.katalon.core.main.TestSuiteExecutor.accessTestCaseMainPhase(TestSuiteExecutor.java:129)
	at com.kms.katalon.core.main.TestSuiteExecutor.accessTestSuiteMainPhase(TestSuiteExecutor.java:112)
	at com.kms.katalon.core.main.TestSuiteExecutor.execute(TestSuiteExecutor.java:81)
	at com.kms.katalon.core.main.TestCaseMain.startTestSuite(TestCaseMain.java:142)
	at com.kms.katalon.core.main.TestCaseMain$startTestSuite$0.call(Unknown Source)
	at org.codehaus.groovy.runtime.callsite.CallSiteArray.defaultCall(CallSiteArray.java:48)
	at org.codehaus.groovy.runtime.callsite.AbstractCallSite.call(AbstractCallSite.java:113)
	at org.codehaus.groovy.runtime.callsite.AbstractCallSite.call(AbstractCallSite.java:141)
	at TempTestSuite1549199381650.run(TempTestSuite1549199381650.groovy:36)
	at groovy.lang.GroovyShell.runScriptOrMainOrTestOrRunnable(GroovyShell.java:263)
	at groovy.lang.GroovyShell.run(GroovyShell.java:518)
	at groovy.lang.GroovyShell.run(GroovyShell.java:507)
	at groovy.ui.GroovyMain.processOnce(GroovyMain.java:653)
	at groovy.ui.GroovyMain.run(GroovyMain.java:384)
	at groovy.ui.GroovyMain.process(GroovyMain.java:370)
	at groovy.ui.GroovyMain.processArgs(GroovyMain.java:129)
	at groovy.ui.GroovyMain.main(GroovyMain.java:109)
	at sun.reflect.NativeMethodAccessorImpl.invoke0(Native Method)
	at sun.reflect.NativeMethodAccessorImpl.invoke(NativeMethodAccessorImpl.java:62)
	at sun.reflect.DelegatingMethodAccessorImpl.invoke(DelegatingMethodAccessorImpl.java:43)
	at java.lang.reflect.Method.invoke(Method.java:498)
	at org.codehaus.groovy.tools.GroovyStarter.rootLoader(GroovyStarter.java:109)
	at org.codehaus.groovy.tools.GroovyStarter.main(GroovyStarter.java:131)
Caused by: Assertion failed: 

assert Columns_row_text == expectedValues
       |                |  |
       []               |  [6]
                        false

	at org.codehaus.groovy.runtime.InvokerHelper.assertFailed(InvokerHelper.java:402)
	at org.codehaus.groovy.runtime.ScriptBytecodeAdapter.assertFailed(ScriptBytecodeAdapter.java:650)
	at pk_Functions.CS_ValidateSearchParameters.ValidateSearchParameters(CS_ValidateSearchParameters.groovy:93)
	at sun.reflect.NativeMethodAccessorImpl.invoke0(Native Method)
	at sun.reflect.NativeMethodAccessorImpl.invoke(NativeMethodAccessorImpl.java:62)
	at sun.reflect.DelegatingMethodAccessorImpl.invoke(DelegatingMethodAccessorImpl.java:43)
	at java.lang.reflect.Method.invoke(Method.java:498)
	at org.codehaus.groovy.reflection.CachedMethod.invoke(CachedMethod.java:93)
	... 40 more
 (caused by: (Stack trace: Assertion failed: 

assert Columns_row_text == expectedValues
       |                |  |
       []               |  [6]
                        false

	at org.codehaus.groovy.runtime.InvokerHelper.assertFailed(InvokerHelper.java:402)
	at org.codehaus.groovy.runtime.ScriptBytecodeAdapter.assertFailed(ScriptBytecodeAdapter.java:650)
	at pk_Functions.CS_ValidateSearchParameters.ValidateSearchParameters(CS_ValidateSearchParameters.groovy:93)
	at sun.reflect.NativeMethodAccessorImpl.invoke0(Native Method)
	at sun.reflect.NativeMethodAccessorImpl.invoke(NativeMethodAccessorImpl.java:62)
	at sun.reflect.DelegatingMethodAccessorImpl.invoke(DelegatingMethodAccessorImpl.java:43)
	at java.lang.reflect.Method.invoke(Method.java:498)
	at org.codehaus.groovy.reflection.CachedMethod.invoke(CachedMethod.java:93)
	at groovy.lang.MetaMethod.doMethodInvoke(MetaMethod.java:325)
	at groovy.lang.MetaClassImpl.invokeMethod(MetaClassImpl.java:1215)
	at groovy.lang.MetaClassImpl.invokeMethod(MetaClassImpl.java:1024)
	at groovy.lang.MetaClassImpl.invokeMethod(MetaClassImpl.java:812)
	at groovy.lang.DelegatingMetaClass.invokeMethod(DelegatingMetaClass.java:144)
	at groovy.lang.GroovyObjectSupport.invokeMethod(GroovyObjectSupport.java:46)
	at groovy.lang.Script.invokeMethod(Script.java:80)
	at com.kms.katalon.core.main.CustomKeywordDelegatingMetaClass.invokeStaticMethod(CustomKeywordDelegatingMetaClass.java:46)
	at org.codehaus.groovy.runtime.callsite.StaticMetaClassSite.call(StaticMetaClassSite.java:53)
	at Script1548157233007.run(Script1548157233007.groovy:17)
	at com.kms.katalon.core.main.ScriptEngine.run(ScriptEngine.java:183)
	at com.kms.katalon.core.main.ScriptEngine.runScriptAsRawText(ScriptEngine.java:108)
	at com.kms.katalon.core.main.TestCaseExecutor.runScript(TestCaseExecutor.java:294)
	at com.kms.katalon.core.main.TestCaseExecutor.doExecute(TestCaseExecutor.java:285)
	at com.kms.katalon.core.main.TestCaseExecutor.processExecutionPhase(TestCaseExecutor.java:264)
	at com.kms.katalon.core.main.TestCaseExecutor.accessMainPhase(TestCaseExecutor.java:256)
	at com.kms.katalon.core.main.TestCaseExecutor.execute(TestCaseExecutor.java:200)
	at com.kms.katalon.core.main.TestSuiteExecutor.accessTestCaseMainPhase(TestSuiteExecutor.java:129)
	at com.kms.katalon.core.main.TestSuiteExecutor.accessTestSuiteMainPhase(TestSuiteExecutor.java:112)
	at com.kms.katalon.core.main.TestSuiteExecutor.execute(TestSuiteExecutor.java:81)
	at com.kms.katalon.core.main.TestCaseMain.startTestSuite(TestCaseMain.java:142)
	at com.kms.katalon.core.main.TestCaseMain$startTestSuite$0.call(Unknown Source)
	at org.codehaus.groovy.runtime.callsite.CallSiteArray.defaultCall(CallSiteArray.java:48)
	at org.codehaus.groovy.runtime.callsite.AbstractCallSite.call(AbstractCallSite.java:113)
	at org.codehaus.groovy.runtime.callsite.AbstractCallSite.call(AbstractCallSite.java:141)
	at TempTestSuite1549199381650.run(TempTestSuite1549199381650.groovy:36)
	at groovy.lang.GroovyShell.runScriptOrMainOrTestOrRunnable(GroovyShell.java:263)
	at groovy.lang.GroovyShell.run(GroovyShell.java:518)
	at groovy.lang.GroovyShell.run(GroovyShell.java:507)
	at groovy.ui.GroovyMain.processOnce(GroovyMain.java:653)
	at groovy.ui.GroovyMain.run(GroovyMain.java:384)
	at groovy.ui.GroovyMain.process(GroovyMain.java:370)
	at groovy.ui.GroovyMain.processArgs(GroovyMain.java:129)
	at groovy.ui.GroovyMain.main(GroovyMain.java:109)
	at sun.reflect.NativeMethodAccessorImpl.invoke0(Native Method)
	at sun.reflect.NativeMethodAccessorImpl.invoke(NativeMethodAccessorImpl.java:62)
	at sun.reflect.DelegatingMethodAccessorImpl.invoke(DelegatingMethodAccessorImpl.java:43)
	at java.lang.reflect.Method.invoke(Method.java:498)
	at org.codehaus.groovy.tools.GroovyStarter.rootLoader(GroovyStarter.java:109)
	at org.codehaus.groovy.tools.GroovyStarter.main(GroovyStarter.java:131)
)))

2019-02-03 15:12:52 - [TEST_STEP][FAILED] - pk_Functions.CS_ValidateSearchParameters.ValidateSearchParameters: Assertion failed: 

assert Columns_row_text == expectedValues
       |                |  |
       []               |  [6]
                        false


2019-02-03 15:12:52 - [MESSAGE][FAILED] - Assertion failed: 

assert Columns_row_text == expectedValues
       |                |  |
       []               |  [6]
                        false]]></system-out>
         <system-err><![CDATA[2019-02-03 15:12:52 - [TEST_CASE][ERROR] - Test Cases/Event Group Management/TC_Verify_Delete: Test Cases/Event Group Management/TC_Verify_Delete FAILED because (of) (Stack trace: org.codehaus.groovy.runtime.InvokerInvocationException: Assertion failed: 

assert Columns_row_text == expectedValues
       |                |  |
       []               |  [6]
                        false

	at org.codehaus.groovy.reflection.CachedMethod.invoke(CachedMethod.java:100)
	at groovy.lang.MetaMethod.doMethodInvoke(MetaMethod.java:325)
	at groovy.lang.MetaClassImpl.invokeMethod(MetaClassImpl.java:1215)
	at groovy.lang.MetaClassImpl.invokeMethod(MetaClassImpl.java:1024)
	at groovy.lang.MetaClassImpl.invokeMethod(MetaClassImpl.java:812)
	at groovy.lang.DelegatingMetaClass.invokeMethod(DelegatingMetaClass.java:144)
	at groovy.lang.GroovyObjectSupport.invokeMethod(GroovyObjectSupport.java:46)
	at groovy.lang.Script.invokeMethod(Script.java:80)
	at com.kms.katalon.core.main.CustomKeywordDelegatingMetaClass.invokeStaticMethod(CustomKeywordDelegatingMetaClass.java:46)
	at org.codehaus.groovy.runtime.callsite.StaticMetaClassSite.call(StaticMetaClassSite.java:53)
	at Script1548157233007.run(Script1548157233007.groovy:17)
	at com.kms.katalon.core.main.ScriptEngine.run(ScriptEngine.java:183)
	at com.kms.katalon.core.main.ScriptEngine.runScriptAsRawText(ScriptEngine.java:108)
	at com.kms.katalon.core.main.TestCaseExecutor.runScript(TestCaseExecutor.java:294)
	at com.kms.katalon.core.main.TestCaseExecutor.doExecute(TestCaseExecutor.java:285)
	at com.kms.katalon.core.main.TestCaseExecutor.processExecutionPhase(TestCaseExecutor.java:264)
	at com.kms.katalon.core.main.TestCaseExecutor.accessMainPhase(TestCaseExecutor.java:256)
	at com.kms.katalon.core.main.TestCaseExecutor.execute(TestCaseExecutor.java:200)
	at com.kms.katalon.core.main.TestSuiteExecutor.accessTestCaseMainPhase(TestSuiteExecutor.java:129)
	at com.kms.katalon.core.main.TestSuiteExecutor.accessTestSuiteMainPhase(TestSuiteExecutor.java:112)
	at com.kms.katalon.core.main.TestSuiteExecutor.execute(TestSuiteExecutor.java:81)
	at com.kms.katalon.core.main.TestCaseMain.startTestSuite(TestCaseMain.java:142)
	at com.kms.katalon.core.main.TestCaseMain$startTestSuite$0.call(Unknown Source)
	at org.codehaus.groovy.runtime.callsite.CallSiteArray.defaultCall(CallSiteArray.java:48)
	at org.codehaus.groovy.runtime.callsite.AbstractCallSite.call(AbstractCallSite.java:113)
	at org.codehaus.groovy.runtime.callsite.AbstractCallSite.call(AbstractCallSite.java:141)
	at TempTestSuite1549199381650.run(TempTestSuite1549199381650.groovy:36)
	at groovy.lang.GroovyShell.runScriptOrMainOrTestOrRunnable(GroovyShell.java:263)
	at groovy.lang.GroovyShell.run(GroovyShell.java:518)
	at groovy.lang.GroovyShell.run(GroovyShell.java:507)
	at groovy.ui.GroovyMain.processOnce(GroovyMain.java:653)
	at groovy.ui.GroovyMain.run(GroovyMain.java:384)
	at groovy.ui.GroovyMain.process(GroovyMain.java:370)
	at groovy.ui.GroovyMain.processArgs(GroovyMain.java:129)
	at groovy.ui.GroovyMain.main(GroovyMain.java:109)
	at sun.reflect.NativeMethodAccessorImpl.invoke0(Native Method)
	at sun.reflect.NativeMethodAccessorImpl.invoke(NativeMethodAccessorImpl.java:62)
	at sun.reflect.DelegatingMethodAccessorImpl.invoke(DelegatingMethodAccessorImpl.java:43)
	at java.lang.reflect.Method.invoke(Method.java:498)
	at org.codehaus.groovy.tools.GroovyStarter.rootLoader(GroovyStarter.java:109)
	at org.codehaus.groovy.tools.GroovyStarter.main(GroovyStarter.java:131)
Caused by: Assertion failed: 

assert Columns_row_text == expectedValues
       |                |  |
       []               |  [6]
                        false

	at org.codehaus.groovy.runtime.InvokerHelper.assertFailed(InvokerHelper.java:402)
	at org.codehaus.groovy.runtime.ScriptBytecodeAdapter.assertFailed(ScriptBytecodeAdapter.java:650)
	at pk_Functions.CS_ValidateSearchParameters.ValidateSearchParameters(CS_ValidateSearchParameters.groovy:93)
	at sun.reflect.NativeMethodAccessorImpl.invoke0(Native Method)
	at sun.reflect.NativeMethodAccessorImpl.invoke(NativeMethodAccessorImpl.java:62)
	at sun.reflect.DelegatingMethodAccessorImpl.invoke(DelegatingMethodAccessorImpl.java:43)
	at java.lang.reflect.Method.invoke(Method.java:498)
	at org.codehaus.groovy.reflection.CachedMethod.invoke(CachedMethod.java:93)
	... 40 more
 (caused by: (Stack trace: Assertion failed: 

assert Columns_row_text == expectedValues
       |                |  |
       []               |  [6]
                        false

	at org.codehaus.groovy.runtime.InvokerHelper.assertFailed(InvokerHelper.java:402)
	at org.codehaus.groovy.runtime.ScriptBytecodeAdapter.assertFailed(ScriptBytecodeAdapter.java:650)
	at pk_Functions.CS_ValidateSearchParameters.ValidateSearchParameters(CS_ValidateSearchParameters.groovy:93)
	at sun.reflect.NativeMethodAccessorImpl.invoke0(Native Method)
	at sun.reflect.NativeMethodAccessorImpl.invoke(NativeMethodAccessorImpl.java:62)
	at sun.reflect.DelegatingMethodAccessorImpl.invoke(DelegatingMethodAccessorImpl.java:43)
	at java.lang.reflect.Method.invoke(Method.java:498)
	at org.codehaus.groovy.reflection.CachedMethod.invoke(CachedMethod.java:93)
	at groovy.lang.MetaMethod.doMethodInvoke(MetaMethod.java:325)
	at groovy.lang.MetaClassImpl.invokeMethod(MetaClassImpl.java:1215)
	at groovy.lang.MetaClassImpl.invokeMethod(MetaClassImpl.java:1024)
	at groovy.lang.MetaClassImpl.invokeMethod(MetaClassImpl.java:812)
	at groovy.lang.DelegatingMetaClass.invokeMethod(DelegatingMetaClass.java:144)
	at groovy.lang.GroovyObjectSupport.invokeMethod(GroovyObjectSupport.java:46)
	at groovy.lang.Script.invokeMethod(Script.java:80)
	at com.kms.katalon.core.main.CustomKeywordDelegatingMetaClass.invokeStaticMethod(CustomKeywordDelegatingMetaClass.java:46)
	at org.codehaus.groovy.runtime.callsite.StaticMetaClassSite.call(StaticMetaClassSite.java:53)
	at Script1548157233007.run(Script1548157233007.groovy:17)
	at com.kms.katalon.core.main.ScriptEngine.run(ScriptEngine.java:183)
	at com.kms.katalon.core.main.ScriptEngine.runScriptAsRawText(ScriptEngine.java:108)
	at com.kms.katalon.core.main.TestCaseExecutor.runScript(TestCaseExecutor.java:294)
	at com.kms.katalon.core.main.TestCaseExecutor.doExecute(TestCaseExecutor.java:285)
	at com.kms.katalon.core.main.TestCaseExecutor.processExecutionPhase(TestCaseExecutor.java:264)
	at com.kms.katalon.core.main.TestCaseExecutor.accessMainPhase(TestCaseExecutor.java:256)
	at com.kms.katalon.core.main.TestCaseExecutor.execute(TestCaseExecutor.java:200)
	at com.kms.katalon.core.main.TestSuiteExecutor.accessTestCaseMainPhase(TestSuiteExecutor.java:129)
	at com.kms.katalon.core.main.TestSuiteExecutor.accessTestSuiteMainPhase(TestSuiteExecutor.java:112)
	at com.kms.katalon.core.main.TestSuiteExecutor.execute(TestSuiteExecutor.java:81)
	at com.kms.katalon.core.main.TestCaseMain.startTestSuite(TestCaseMain.java:142)
	at com.kms.katalon.core.main.TestCaseMain$startTestSuite$0.call(Unknown Source)
	at org.codehaus.groovy.runtime.callsite.CallSiteArray.defaultCall(CallSiteArray.java:48)
	at org.codehaus.groovy.runtime.callsite.AbstractCallSite.call(AbstractCallSite.java:113)
	at org.codehaus.groovy.runtime.callsite.AbstractCallSite.call(AbstractCallSite.java:141)
	at TempTestSuite1549199381650.run(TempTestSuite1549199381650.groovy:36)
	at groovy.lang.GroovyShell.runScriptOrMainOrTestOrRunnable(GroovyShell.java:263)
	at groovy.lang.GroovyShell.run(GroovyShell.java:518)
	at groovy.lang.GroovyShell.run(GroovyShell.java:507)
	at groovy.ui.GroovyMain.processOnce(GroovyMain.java:653)
	at groovy.ui.GroovyMain.run(GroovyMain.java:384)
	at groovy.ui.GroovyMain.process(GroovyMain.java:370)
	at groovy.ui.GroovyMain.processArgs(GroovyMain.java:129)
	at groovy.ui.GroovyMain.main(GroovyMain.java:109)
	at sun.reflect.NativeMethodAccessorImpl.invoke0(Native Method)
	at sun.reflect.NativeMethodAccessorImpl.invoke(NativeMethodAccessorImpl.java:62)
	at sun.reflect.DelegatingMethodAccessorImpl.invoke(DelegatingMethodAccessorImpl.java:43)
	at java.lang.reflect.Method.invoke(Method.java:498)
	at org.codehaus.groovy.tools.GroovyStarter.rootLoader(GroovyStarter.java:109)
	at org.codehaus.groovy.tools.GroovyStarter.main(GroovyStarter.java:131)
)))]]></system-err>
      </testcase>
      <system-out><![CDATA[2019-02-03 15:09:44 - [TEST_SUITE][ERROR] - TS_Event Group Management: Test Cases/Event Group Management/TC_Verify_Delete FAILED because (of) (Stack trace: org.codehaus.groovy.runtime.InvokerInvocationException: Assertion failed: 

assert Columns_row_text == expectedValues
       |                |  |
       []               |  [123]
                        false

	at org.codehaus.groovy.reflection.CachedMethod.invoke(CachedMethod.java:100)
	at groovy.lang.MetaMethod.doMethodInvoke(MetaMethod.java:325)
	at groovy.lang.MetaClassImpl.invokeMethod(MetaClassImpl.java:1215)
	at groovy.lang.MetaClassImpl.invokeMethod(MetaClassImpl.java:1024)
	at groovy.lang.MetaClassImpl.invokeMethod(MetaClassImpl.java:812)
	at groovy.lang.DelegatingMetaClass.invokeMethod(DelegatingMetaClass.java:144)
	at groovy.lang.GroovyObjectSupport.invokeMethod(GroovyObjectSupport.java:46)
	at groovy.lang.Script.invokeMethod(Script.java:80)
	at com.kms.katalon.core.main.CustomKeywordDelegatingMetaClass.invokeStaticMethod(CustomKeywordDelegatingMetaClass.java:46)
	at org.codehaus.groovy.runtime.callsite.StaticMetaClassSite.call(StaticMetaClassSite.java:53)
	at org.codehaus.groovy.runtime.callsite.CallSiteArray.defaultCall(CallSiteArray.java:48)
	at org.codehaus.groovy.runtime.callsite.AbstractCallSite.call(AbstractCallSite.java:113)
	at Script1548157233007.run(Script1548157233007.groovy:17)
	at com.kms.katalon.core.main.ScriptEngine.run(ScriptEngine.java:183)
	at com.kms.katalon.core.main.ScriptEngine.runScriptAsRawText(ScriptEngine.java:108)
	at com.kms.katalon.core.main.TestCaseExecutor.runScript(TestCaseExecutor.java:294)
	at com.kms.katalon.core.main.TestCaseExecutor.doExecute(TestCaseExecutor.java:285)
	at com.kms.katalon.core.main.TestCaseExecutor.processExecutionPhase(TestCaseExecutor.java:264)
	at com.kms.katalon.core.main.TestCaseExecutor.accessMainPhase(TestCaseExecutor.java:256)
	at com.kms.katalon.core.main.TestCaseExecutor.execute(TestCaseExecutor.java:200)
	at com.kms.katalon.core.main.TestSuiteExecutor.accessTestCaseMainPhase(TestSuiteExecutor.java:129)
	at com.kms.katalon.core.main.TestSuiteExecutor.accessTestSuiteMainPhase(TestSuiteExecutor.java:112)
	at com.kms.katalon.core.main.TestSuiteExecutor.execute(TestSuiteExecutor.java:81)
	at com.kms.katalon.core.main.TestCaseMain.startTestSuite(TestCaseMain.java:142)
	at com.kms.katalon.core.main.TestCaseMain$startTestSuite$0.call(Unknown Source)
	at org.codehaus.groovy.runtime.callsite.CallSiteArray.defaultCall(CallSiteArray.java:48)
	at org.codehaus.groovy.runtime.callsite.AbstractCallSite.call(AbstractCallSite.java:113)
	at org.codehaus.groovy.runtime.callsite.AbstractCallSite.call(AbstractCallSite.java:141)
	at TempTestSuite1549199381650.run(TempTestSuite1549199381650.groovy:36)
	at groovy.lang.GroovyShell.runScriptOrMainOrTestOrRunnable(GroovyShell.java:263)
	at groovy.lang.GroovyShell.run(GroovyShell.java:518)
	at groovy.lang.GroovyShell.run(GroovyShell.java:507)
	at groovy.ui.GroovyMain.processOnce(GroovyMain.java:653)
	at groovy.ui.GroovyMain.run(GroovyMain.java:384)
	at groovy.ui.GroovyMain.process(GroovyMain.java:370)
	at groovy.ui.GroovyMain.processArgs(GroovyMain.java:129)
	at groovy.ui.GroovyMain.main(GroovyMain.java:109)
	at sun.reflect.NativeMethodAccessorImpl.invoke0(Native Method)
	at sun.reflect.NativeMethodAccessorImpl.invoke(NativeMethodAccessorImpl.java:62)
	at sun.reflect.DelegatingMethodAccessorImpl.invoke(DelegatingMethodAccessorImpl.java:43)
	at java.lang.reflect.Method.invoke(Method.java:498)
	at org.codehaus.groovy.tools.GroovyStarter.rootLoader(GroovyStarter.java:109)
	at org.codehaus.groovy.tools.GroovyStarter.main(GroovyStarter.java:131)
Caused by: Assertion failed: 

assert Columns_row_text == expectedValues
       |                |  |
       []               |  [123]
                        false

	at org.codehaus.groovy.runtime.InvokerHelper.assertFailed(InvokerHelper.java:402)
	at org.codehaus.groovy.runtime.ScriptBytecodeAdapter.assertFailed(ScriptBytecodeAdapter.java:650)
	at pk_Functions.CS_ValidateSearchParameters.ValidateSearchParameters(CS_ValidateSearchParameters.groovy:93)
	at sun.reflect.NativeMethodAccessorImpl.invoke0(Native Method)
	at sun.reflect.NativeMethodAccessorImpl.invoke(NativeMethodAccessorImpl.java:62)
	at sun.reflect.DelegatingMethodAccessorImpl.invoke(DelegatingMethodAccessorImpl.java:43)
	at java.lang.reflect.Method.invoke(Method.java:498)
	at org.codehaus.groovy.reflection.CachedMethod.invoke(CachedMethod.java:93)
	... 42 more
 (caused by: (Stack trace: Assertion failed: 

assert Columns_row_text == expectedValues
       |                |  |
       []               |  [123]
                        false

	at org.codehaus.groovy.runtime.InvokerHelper.assertFailed(InvokerHelper.java:402)
	at org.codehaus.groovy.runtime.ScriptBytecodeAdapter.assertFailed(ScriptBytecodeAdapter.java:650)
	at pk_Functions.CS_ValidateSearchParameters.ValidateSearchParameters(CS_ValidateSearchParameters.groovy:93)
	at sun.reflect.NativeMethodAccessorImpl.invoke0(Native Method)
	at sun.reflect.NativeMethodAccessorImpl.invoke(NativeMethodAccessorImpl.java:62)
	at sun.reflect.DelegatingMethodAccessorImpl.invoke(DelegatingMethodAccessorImpl.java:43)
	at java.lang.reflect.Method.invoke(Method.java:498)
	at org.codehaus.groovy.reflection.CachedMethod.invoke(CachedMethod.java:93)
	at groovy.lang.MetaMethod.doMethodInvoke(MetaMethod.java:325)
	at groovy.lang.MetaClassImpl.invokeMethod(MetaClassImpl.java:1215)
	at groovy.lang.MetaClassImpl.invokeMethod(MetaClassImpl.java:1024)
	at groovy.lang.MetaClassImpl.invokeMethod(MetaClassImpl.java:812)
	at groovy.lang.DelegatingMetaClass.invokeMethod(DelegatingMetaClass.java:144)
	at groovy.lang.GroovyObjectSupport.invokeMethod(GroovyObjectSupport.java:46)
	at groovy.lang.Script.invokeMethod(Script.java:80)
	at com.kms.katalon.core.main.CustomKeywordDelegatingMetaClass.invokeStaticMethod(CustomKeywordDelegatingMetaClass.java:46)
	at org.codehaus.groovy.runtime.callsite.StaticMetaClassSite.call(StaticMetaClassSite.java:53)
	at org.codehaus.groovy.runtime.callsite.CallSiteArray.defaultCall(CallSiteArray.java:48)
	at org.codehaus.groovy.runtime.callsite.AbstractCallSite.call(AbstractCallSite.java:113)
	at Script1548157233007.run(Script1548157233007.groovy:17)
	at com.kms.katalon.core.main.ScriptEngine.run(ScriptEngine.java:183)
	at com.kms.katalon.core.main.ScriptEngine.runScriptAsRawText(ScriptEngine.java:108)
	at com.kms.katalon.core.main.TestCaseExecutor.runScript(TestCaseExecutor.java:294)
	at com.kms.katalon.core.main.TestCaseExecutor.doExecute(TestCaseExecutor.java:285)
	at com.kms.katalon.core.main.TestCaseExecutor.processExecutionPhase(TestCaseExecutor.java:264)
	at com.kms.katalon.core.main.TestCaseExecutor.accessMainPhase(TestCaseExecutor.java:256)
	at com.kms.katalon.core.main.TestCaseExecutor.execute(TestCaseExecutor.java:200)
	at com.kms.katalon.core.main.TestSuiteExecutor.accessTestCaseMainPhase(TestSuiteExecutor.java:129)
	at com.kms.katalon.core.main.TestSuiteExecutor.accessTestSuiteMainPhase(TestSuiteExecutor.java:112)
	at com.kms.katalon.core.main.TestSuiteExecutor.execute(TestSuiteExecutor.java:81)
	at com.kms.katalon.core.main.TestCaseMain.startTestSuite(TestCaseMain.java:142)
	at com.kms.katalon.core.main.TestCaseMain$startTestSuite$0.call(Unknown Source)
	at org.codehaus.groovy.runtime.callsite.CallSiteArray.defaultCall(CallSiteArray.java:48)
	at org.codehaus.groovy.runtime.callsite.AbstractCallSite.call(AbstractCallSite.java:113)
	at org.codehaus.groovy.runtime.callsite.AbstractCallSite.call(AbstractCallSite.java:141)
	at TempTestSuite1549199381650.run(TempTestSuite1549199381650.groovy:36)
	at groovy.lang.GroovyShell.runScriptOrMainOrTestOrRunnable(GroovyShell.java:263)
	at groovy.lang.GroovyShell.run(GroovyShell.java:518)
	at groovy.lang.GroovyShell.run(GroovyShell.java:507)
	at groovy.ui.GroovyMain.processOnce(GroovyMain.java:653)
	at groovy.ui.GroovyMain.run(GroovyMain.java:384)
	at groovy.ui.GroovyMain.process(GroovyMain.java:370)
	at groovy.ui.GroovyMain.processArgs(GroovyMain.java:129)
	at groovy.ui.GroovyMain.main(GroovyMain.java:109)
	at sun.reflect.NativeMethodAccessorImpl.invoke0(Native Method)
	at sun.reflect.NativeMethodAccessorImpl.invoke(NativeMethodAccessorImpl.java:62)
	at sun.reflect.DelegatingMethodAccessorImpl.invoke(DelegatingMethodAccessorImpl.java:43)
	at java.lang.reflect.Method.invoke(Method.java:498)
	at org.codehaus.groovy.tools.GroovyStarter.rootLoader(GroovyStarter.java:109)
	at org.codehaus.groovy.tools.GroovyStarter.main(GroovyStarter.java:131)
)))]]></system-out>
      <system-err><![CDATA[2019-02-03 15:09:44 - [TEST_SUITE][ERROR] - TS_Event Group Management: Test Cases/Event Group Management/TC_Verify_Delete FAILED because (of) (Stack trace: org.codehaus.groovy.runtime.InvokerInvocationException: Assertion failed: 

assert Columns_row_text == expectedValues
       |                |  |
       []               |  [123]
                        false

	at org.codehaus.groovy.reflection.CachedMethod.invoke(CachedMethod.java:100)
	at groovy.lang.MetaMethod.doMethodInvoke(MetaMethod.java:325)
	at groovy.lang.MetaClassImpl.invokeMethod(MetaClassImpl.java:1215)
	at groovy.lang.MetaClassImpl.invokeMethod(MetaClassImpl.java:1024)
	at groovy.lang.MetaClassImpl.invokeMethod(MetaClassImpl.java:812)
	at groovy.lang.DelegatingMetaClass.invokeMethod(DelegatingMetaClass.java:144)
	at groovy.lang.GroovyObjectSupport.invokeMethod(GroovyObjectSupport.java:46)
	at groovy.lang.Script.invokeMethod(Script.java:80)
	at com.kms.katalon.core.main.CustomKeywordDelegatingMetaClass.invokeStaticMethod(CustomKeywordDelegatingMetaClass.java:46)
	at org.codehaus.groovy.runtime.callsite.StaticMetaClassSite.call(StaticMetaClassSite.java:53)
	at org.codehaus.groovy.runtime.callsite.CallSiteArray.defaultCall(CallSiteArray.java:48)
	at org.codehaus.groovy.runtime.callsite.AbstractCallSite.call(AbstractCallSite.java:113)
	at Script1548157233007.run(Script1548157233007.groovy:17)
	at com.kms.katalon.core.main.ScriptEngine.run(ScriptEngine.java:183)
	at com.kms.katalon.core.main.ScriptEngine.runScriptAsRawText(ScriptEngine.java:108)
	at com.kms.katalon.core.main.TestCaseExecutor.runScript(TestCaseExecutor.java:294)
	at com.kms.katalon.core.main.TestCaseExecutor.doExecute(TestCaseExecutor.java:285)
	at com.kms.katalon.core.main.TestCaseExecutor.processExecutionPhase(TestCaseExecutor.java:264)
	at com.kms.katalon.core.main.TestCaseExecutor.accessMainPhase(TestCaseExecutor.java:256)
	at com.kms.katalon.core.main.TestCaseExecutor.execute(TestCaseExecutor.java:200)
	at com.kms.katalon.core.main.TestSuiteExecutor.accessTestCaseMainPhase(TestSuiteExecutor.java:129)
	at com.kms.katalon.core.main.TestSuiteExecutor.accessTestSuiteMainPhase(TestSuiteExecutor.java:112)
	at com.kms.katalon.core.main.TestSuiteExecutor.execute(TestSuiteExecutor.java:81)
	at com.kms.katalon.core.main.TestCaseMain.startTestSuite(TestCaseMain.java:142)
	at com.kms.katalon.core.main.TestCaseMain$startTestSuite$0.call(Unknown Source)
	at org.codehaus.groovy.runtime.callsite.CallSiteArray.defaultCall(CallSiteArray.java:48)
	at org.codehaus.groovy.runtime.callsite.AbstractCallSite.call(AbstractCallSite.java:113)
	at org.codehaus.groovy.runtime.callsite.AbstractCallSite.call(AbstractCallSite.java:141)
	at TempTestSuite1549199381650.run(TempTestSuite1549199381650.groovy:36)
	at groovy.lang.GroovyShell.runScriptOrMainOrTestOrRunnable(GroovyShell.java:263)
	at groovy.lang.GroovyShell.run(GroovyShell.java:518)
	at groovy.lang.GroovyShell.run(GroovyShell.java:507)
	at groovy.ui.GroovyMain.processOnce(GroovyMain.java:653)
	at groovy.ui.GroovyMain.run(GroovyMain.java:384)
	at groovy.ui.GroovyMain.process(GroovyMain.java:370)
	at groovy.ui.GroovyMain.processArgs(GroovyMain.java:129)
	at groovy.ui.GroovyMain.main(GroovyMain.java:109)
	at sun.reflect.NativeMethodAccessorImpl.invoke0(Native Method)
	at sun.reflect.NativeMethodAccessorImpl.invoke(NativeMethodAccessorImpl.java:62)
	at sun.reflect.DelegatingMethodAccessorImpl.invoke(DelegatingMethodAccessorImpl.java:43)
	at java.lang.reflect.Method.invoke(Method.java:498)
	at org.codehaus.groovy.tools.GroovyStarter.rootLoader(GroovyStarter.java:109)
	at org.codehaus.groovy.tools.GroovyStarter.main(GroovyStarter.java:131)
Caused by: Assertion failed: 

assert Columns_row_text == expectedValues
       |                |  |
       []               |  [123]
                        false

	at org.codehaus.groovy.runtime.InvokerHelper.assertFailed(InvokerHelper.java:402)
	at org.codehaus.groovy.runtime.ScriptBytecodeAdapter.assertFailed(ScriptBytecodeAdapter.java:650)
	at pk_Functions.CS_ValidateSearchParameters.ValidateSearchParameters(CS_ValidateSearchParameters.groovy:93)
	at sun.reflect.NativeMethodAccessorImpl.invoke0(Native Method)
	at sun.reflect.NativeMethodAccessorImpl.invoke(NativeMethodAccessorImpl.java:62)
	at sun.reflect.DelegatingMethodAccessorImpl.invoke(DelegatingMethodAccessorImpl.java:43)
	at java.lang.reflect.Method.invoke(Method.java:498)
	at org.codehaus.groovy.reflection.CachedMethod.invoke(CachedMethod.java:93)
	... 42 more
 (caused by: (Stack trace: Assertion failed: 

assert Columns_row_text == expectedValues
       |                |  |
       []               |  [123]
                        false

	at org.codehaus.groovy.runtime.InvokerHelper.assertFailed(InvokerHelper.java:402)
	at org.codehaus.groovy.runtime.ScriptBytecodeAdapter.assertFailed(ScriptBytecodeAdapter.java:650)
	at pk_Functions.CS_ValidateSearchParameters.ValidateSearchParameters(CS_ValidateSearchParameters.groovy:93)
	at sun.reflect.NativeMethodAccessorImpl.invoke0(Native Method)
	at sun.reflect.NativeMethodAccessorImpl.invoke(NativeMethodAccessorImpl.java:62)
	at sun.reflect.DelegatingMethodAccessorImpl.invoke(DelegatingMethodAccessorImpl.java:43)
	at java.lang.reflect.Method.invoke(Method.java:498)
	at org.codehaus.groovy.reflection.CachedMethod.invoke(CachedMethod.java:93)
	at groovy.lang.MetaMethod.doMethodInvoke(MetaMethod.java:325)
	at groovy.lang.MetaClassImpl.invokeMethod(MetaClassImpl.java:1215)
	at groovy.lang.MetaClassImpl.invokeMethod(MetaClassImpl.java:1024)
	at groovy.lang.MetaClassImpl.invokeMethod(MetaClassImpl.java:812)
	at groovy.lang.DelegatingMetaClass.invokeMethod(DelegatingMetaClass.java:144)
	at groovy.lang.GroovyObjectSupport.invokeMethod(GroovyObjectSupport.java:46)
	at groovy.lang.Script.invokeMethod(Script.java:80)
	at com.kms.katalon.core.main.CustomKeywordDelegatingMetaClass.invokeStaticMethod(CustomKeywordDelegatingMetaClass.java:46)
	at org.codehaus.groovy.runtime.callsite.StaticMetaClassSite.call(StaticMetaClassSite.java:53)
	at org.codehaus.groovy.runtime.callsite.CallSiteArray.defaultCall(CallSiteArray.java:48)
	at org.codehaus.groovy.runtime.callsite.AbstractCallSite.call(AbstractCallSite.java:113)
	at Script1548157233007.run(Script1548157233007.groovy:17)
	at com.kms.katalon.core.main.ScriptEngine.run(ScriptEngine.java:183)
	at com.kms.katalon.core.main.ScriptEngine.runScriptAsRawText(ScriptEngine.java:108)
	at com.kms.katalon.core.main.TestCaseExecutor.runScript(TestCaseExecutor.java:294)
	at com.kms.katalon.core.main.TestCaseExecutor.doExecute(TestCaseExecutor.java:285)
	at com.kms.katalon.core.main.TestCaseExecutor.processExecutionPhase(TestCaseExecutor.java:264)
	at com.kms.katalon.core.main.TestCaseExecutor.accessMainPhase(TestCaseExecutor.java:256)
	at com.kms.katalon.core.main.TestCaseExecutor.execute(TestCaseExecutor.java:200)
	at com.kms.katalon.core.main.TestSuiteExecutor.accessTestCaseMainPhase(TestSuiteExecutor.java:129)
	at com.kms.katalon.core.main.TestSuiteExecutor.accessTestSuiteMainPhase(TestSuiteExecutor.java:112)
	at com.kms.katalon.core.main.TestSuiteExecutor.execute(TestSuiteExecutor.java:81)
	at com.kms.katalon.core.main.TestCaseMain.startTestSuite(TestCaseMain.java:142)
	at com.kms.katalon.core.main.TestCaseMain$startTestSuite$0.call(Unknown Source)
	at org.codehaus.groovy.runtime.callsite.CallSiteArray.defaultCall(CallSiteArray.java:48)
	at org.codehaus.groovy.runtime.callsite.AbstractCallSite.call(AbstractCallSite.java:113)
	at org.codehaus.groovy.runtime.callsite.AbstractCallSite.call(AbstractCallSite.java:141)
	at TempTestSuite1549199381650.run(TempTestSuite1549199381650.groovy:36)
	at groovy.lang.GroovyShell.runScriptOrMainOrTestOrRunnable(GroovyShell.java:263)
	at groovy.lang.GroovyShell.run(GroovyShell.java:518)
	at groovy.lang.GroovyShell.run(GroovyShell.java:507)
	at groovy.ui.GroovyMain.processOnce(GroovyMain.java:653)
	at groovy.ui.GroovyMain.run(GroovyMain.java:384)
	at groovy.ui.GroovyMain.process(GroovyMain.java:370)
	at groovy.ui.GroovyMain.processArgs(GroovyMain.java:129)
	at groovy.ui.GroovyMain.main(GroovyMain.java:109)
	at sun.reflect.NativeMethodAccessorImpl.invoke0(Native Method)
	at sun.reflect.NativeMethodAccessorImpl.invoke(NativeMethodAccessorImpl.java:62)
	at sun.reflect.DelegatingMethodAccessorImpl.invoke(DelegatingMethodAccessorImpl.java:43)
	at java.lang.reflect.Method.invoke(Method.java:498)
	at org.codehaus.groovy.tools.GroovyStarter.rootLoader(GroovyStarter.java:109)
	at org.codehaus.groovy.tools.GroovyStarter.main(GroovyStarter.java:131)
)))]]></system-err>
   </testsuite>
</testsuites>
