<?xml version="1.0" encoding="UTF-8"?>
<testsuites name="TS_ClickUpdate_Delete" time="40" tests="8" failures="0" errors="1">
   <testsuite name="TS_ClickUpdate_Delete" tests="8" failures="0" errors="1" time="40" timestamp="2019-01-31 12:26:59" hostname="Ebtehal Gamal Yusuf - LPALXY0199.ejadaalex.local" id="Test Suites/Event Group Management/TS_ClickUpdate_Delete">
      <properties>
         <property name="deviceName" value=""/>
         <property name="devicePlatform" value=""/>
         <property name="logFolder" value="C:\\Users\\Administrator\\git\\MOF\\Reports\\Event Group Management\\TS_ClickUpdate_Delete\\20190131_122656"/>
         <property name="logFiles" value="C:\\Users\\Administrator\\git\\MOF\\Reports\\Event Group Management\\TS_ClickUpdate_Delete\\20190131_122656\\execution0.log"/>
         <property name="attachments" value=""/>
         <property name="hostName" value="Ebtehal Gamal Yusuf - LPALXY0199.ejadaalex.local"/>
         <property name="os" value="Windows 7 64bit"/>
         <property name="katalonVersion" value="5.10.1.1"/>
         <property name="browser" value="Chrome 71.0.3578.98"/>
         <property name="hostAddress" value="192.168.3.51"/>
         <property name="sessionId" value="397702cf66d1d89bd7c4d101f1a0e85b"/>
         <property name="seleniumVersion" value="3.7.1"/>
         <property name="proxyInformation" value="ProxyInformation{proxyOption=NO_PROXY, proxyServerType=HTTP, password=, proxyServerAddress=, proxyServerPort=0}"/>
         <property name="platform" value="Windows 7"/>
      </properties>
      <testcase name="Test Cases/TC_Login" classname="Test Cases/TC_Login" status="PASSED">
         <system-out><![CDATA[2019-01-31 12:27:00 - [TEST_CASE][PASSED] - Test Cases/TC_Login: Test Cases/TC_Login

2019-01-31 12:27:00 - [TEST_STEP][PASSED] - pk_Functions.CS_Login.LoginFun(findTestObject(null), "http://192.168.0.190:8080/mof/#/", findTestObject("Login/Username"), findTestObject("Login/Password"), "AAttia", "123", findTestObject("Login/Login")): pk_Functions.CS_Login.LoginFun is PASSED

2019-01-31 12:27:00 - [MESSAGE][WARNING] - Test object id is null

2019-01-31 12:27:01 - [MESSAGE][INFO] - Starting 'Chrome' driver

2019-01-31 12:27:01 - [MESSAGE][INFO] - Action delay is set to 0 seconds

2019-01-31 12:27:18 - [MESSAGE][PASSED] - Browser is opened with url: 'http://192.168.0.190:8080/mof/#/'

2019-01-31 12:27:18 - [MESSAGE][PASSED] - Text 'AAttia' is set on object 'Object Repository/Login/Username'

2019-01-31 12:27:18 - [MESSAGE][PASSED] - Text '123' is set on object 'Object Repository/Login/Password'

2019-01-31 12:27:19 - [MESSAGE][PASSED] - Object: 'Object Repository/Login/Login' is clicked on

2019-01-31 12:27:19 - [MESSAGE][PASSED] - pk_Functions.CS_Login.LoginFun is PASSED

2019-01-31 12:27:19 - [TEST_STEP][PASSED] - click(findTestObject("NE_SideMenu")): Object: 'Object Repository/NE_SideMenu' is clicked on

2019-01-31 12:27:21 - [MESSAGE][PASSED] - Object: 'Object Repository/NE_SideMenu' is clicked on

2019-01-31 12:27:21 - [TEST_STEP][PASSED] - click(findTestObject("NE_EventGroupManagement")): Object: 'Object Repository/NE_EventGroupManagement' is clicked on

2019-01-31 12:27:21 - [MESSAGE][PASSED] - Object: 'Object Repository/NE_EventGroupManagement' is clicked on]]></system-out>
         <system-err><![CDATA[]]></system-err>
      </testcase>
      <testcase name="Test Cases/Event Group Management/TC_Update and Delete test" classname="Test Cases/Event Group Management/TC_Update and Delete test" status="PASSED">
         <system-out><![CDATA[2019-01-31 12:27:21 - [TEST_CASE][PASSED] - Test Cases/Event Group Management/TC_Update and Delete test: Test Cases/Event Group Management/TC_Update and Delete test

2019-01-31 12:27:22 - [TEST_STEP][NOT_RUN] - pk_Functions.CS_Login.LoginFun(findTestObject(null), "http://192.168.0.190:8080/mof/#/", findTestObject("Login/Username"), findTestObject("Login/Password"), "AAttia", "123", findTestObject("Login/Login")): NOT_RUN: pk_Functions.CS_Login.LoginFun(findTestObject(null), "http://192.168.0.190:8080/mof/#/", findTestObject("Login/Username"), findTestObject("Login/Password"), "AAttia", "123", findTestObject("Login/Login"))

2019-01-31 12:27:22 - [MESSAGE][NOT_RUN] - NOT_RUN: pk_Functions.CS_Login.LoginFun(findTestObject(null), "http://192.168.0.190:8080/mof/#/", findTestObject("Login/Username"), findTestObject("Login/Password"), "AAttia", "123", findTestObject("Login/Login"))

2019-01-31 12:27:22 - [TEST_STEP][NOT_RUN] - click(findTestObject("NE_SideMenu")): NOT_RUN: click(findTestObject("NE_SideMenu"))

2019-01-31 12:27:22 - [MESSAGE][NOT_RUN] - NOT_RUN: click(findTestObject("NE_SideMenu"))

2019-01-31 12:27:22 - [TEST_STEP][NOT_RUN] - click(findTestObject("NE_EventGroupManagement")): NOT_RUN: click(findTestObject("NE_EventGroupManagement"))

2019-01-31 12:27:22 - [MESSAGE][NOT_RUN] - NOT_RUN: click(findTestObject("NE_EventGroupManagement"))

2019-01-31 12:27:22 - [TEST_STEP][PASSED] - click(findTestObject("Event Group Managemnt/BTN_Search")): Object: 'Object Repository/Event Group Managemnt/BTN_Search' is clicked on

2019-01-31 12:27:22 - [MESSAGE][PASSED] - Object: 'Object Repository/Event Group Managemnt/BTN_Search' is clicked on

2019-01-31 12:27:22 - [TEST_STEP][PASSED] - delay(1): Delayed 1 second(s)

2019-01-31 12:27:23 - [MESSAGE][PASSED] - Delayed 1 second(s)

2019-01-31 12:27:23 - [TEST_STEP][NOT_RUN] - pk_Functions.CS_ClickingonUpdateorDeletebutton.SelectRecordFromWebtableFun("Event Group Management/MOF_NE_Event Group ManagementData", "Sheet1"): NOT_RUN: pk_Functions.CS_ClickingonUpdateorDeletebutton.SelectRecordFromWebtableFun("Event Group Management/MOF_NE_Event Group ManagementData", "Sheet1")

2019-01-31 12:27:23 - [MESSAGE][NOT_RUN] - NOT_RUN: pk_Functions.CS_ClickingonUpdateorDeletebutton.SelectRecordFromWebtableFun("Event Group Management/MOF_NE_Event Group ManagementData", "Sheet1")

2019-01-31 12:27:23 - [TEST_STEP][NOT_RUN] - pk_Functions.CS_ClickingonUpdateorDeletebutton.SelectRecordFromWebtableFun("", 0, 3, 2, "Event Group Management/MOF_NE_Event Group ManagementObjectRepository", "Sheet1", "Event Group Management/MOF_NE_Event Group ManagementData", "Sheet1"): NOT_RUN: pk_Functions.CS_ClickingonUpdateorDeletebutton.SelectRecordFromWebtableFun("", 0, 3, 2, "Event Group Management/MOF_NE_Event Group ManagementObjectRepository", "Sheet1", "Event Group Management/MOF_NE_Event Group ManagementData", "Sheet1")

2019-01-31 12:27:23 - [MESSAGE][NOT_RUN] - NOT_RUN: pk_Functions.CS_ClickingonUpdateorDeletebutton.SelectRecordFromWebtableFun("", 0, 3, 2, "Event Group Management/MOF_NE_Event Group ManagementObjectRepository", "Sheet1", "Event Group Management/MOF_NE_Event Group ManagementData", "Sheet1")

2019-01-31 12:27:23 - [TEST_STEP][PASSED] - pk_Functions.CS_ClickingonUpdateorDeletebutton.SelectRecordFromWebtableFun(ActionType, 0, 13, 3, "Event Group Management/MOF_NE_Event Group ManagementObjectRepository", "Sheet1", "Event Group Management/MOF_NE_Event Group ManagementData", "Sheet1"): pk_Functions.CS_ClickingonUpdateorDeletebutton.SelectRecordFromWebtableFun is PASSED

2019-01-31 12:27:26 - [MESSAGE][PASSED] - pk_Functions.CS_ClickingonUpdateorDeletebutton.SelectRecordFromWebtableFun is PASSED

2019-01-31 12:27:26 - [TEST_STEP][NOT_RUN] - pk_Functions.CS_SpecificPageData.DataFun(["Arabic Description", "English Description"], "Event Group Management/MOF_NE_Event Group ManagementObjectRepository", "Sheet1", [ArabicDescription, EnglishDescription]): NOT_RUN: pk_Functions.CS_SpecificPageData.DataFun(["Arabic Description", "English Description"], "Event Group Management/MOF_NE_Event Group ManagementObjectRepository", "Sheet1", [ArabicDescription, EnglishDescription])

2019-01-31 12:27:26 - [MESSAGE][NOT_RUN] - NOT_RUN: pk_Functions.CS_SpecificPageData.DataFun(["Arabic Description", "English Description"], "Event Group Management/MOF_NE_Event Group ManagementObjectRepository", "Sheet1", [ArabicDescription, EnglishDescription])

2019-01-31 12:27:26 - [TEST_STEP][NOT_RUN] - click(findTestObject("Event Group Managemnt/BTN_Save")): NOT_RUN: click(findTestObject("Event Group Managemnt/BTN_Save"))

2019-01-31 12:27:26 - [MESSAGE][NOT_RUN] - NOT_RUN: click(findTestObject("Event Group Managemnt/BTN_Save"))

2019-01-31 12:27:26 - [TEST_STEP][NOT_RUN] - click(findTestObject("Event Group Managemnt/BTN_Back")): NOT_RUN: click(findTestObject("Event Group Managemnt/BTN_Back"))

2019-01-31 12:27:26 - [MESSAGE][NOT_RUN] - NOT_RUN: click(findTestObject("Event Group Managemnt/BTN_Back"))]]></system-out>
         <system-err><![CDATA[]]></system-err>
      </testcase>
      <testcase name="Test Cases/Event Group Management/TC_Update and Delete test" classname="Test Cases/Event Group Management/TC_Update and Delete test" status="PASSED">
         <system-out><![CDATA[2019-01-31 12:27:26 - [TEST_CASE][PASSED] - Test Cases/Event Group Management/TC_Update and Delete test: Test Cases/Event Group Management/TC_Update and Delete test

2019-01-31 12:27:26 - [TEST_STEP][NOT_RUN] - pk_Functions.CS_Login.LoginFun(findTestObject(null), "http://192.168.0.190:8080/mof/#/", findTestObject("Login/Username"), findTestObject("Login/Password"), "AAttia", "123", findTestObject("Login/Login")): NOT_RUN: pk_Functions.CS_Login.LoginFun(findTestObject(null), "http://192.168.0.190:8080/mof/#/", findTestObject("Login/Username"), findTestObject("Login/Password"), "AAttia", "123", findTestObject("Login/Login"))

2019-01-31 12:27:26 - [MESSAGE][NOT_RUN] - NOT_RUN: pk_Functions.CS_Login.LoginFun(findTestObject(null), "http://192.168.0.190:8080/mof/#/", findTestObject("Login/Username"), findTestObject("Login/Password"), "AAttia", "123", findTestObject("Login/Login"))

2019-01-31 12:27:26 - [TEST_STEP][NOT_RUN] - click(findTestObject("NE_SideMenu")): NOT_RUN: click(findTestObject("NE_SideMenu"))

2019-01-31 12:27:26 - [MESSAGE][NOT_RUN] - NOT_RUN: click(findTestObject("NE_SideMenu"))

2019-01-31 12:27:26 - [TEST_STEP][NOT_RUN] - click(findTestObject("NE_EventGroupManagement")): NOT_RUN: click(findTestObject("NE_EventGroupManagement"))

2019-01-31 12:27:26 - [MESSAGE][NOT_RUN] - NOT_RUN: click(findTestObject("NE_EventGroupManagement"))

2019-01-31 12:27:26 - [TEST_STEP][PASSED] - click(findTestObject("Event Group Managemnt/BTN_Search")): Object: 'Object Repository/Event Group Managemnt/BTN_Search' is clicked on

2019-01-31 12:27:26 - [MESSAGE][PASSED] - Object: 'Object Repository/Event Group Managemnt/BTN_Search' is clicked on

2019-01-31 12:27:26 - [TEST_STEP][PASSED] - delay(1): Delayed 1 second(s)

2019-01-31 12:27:27 - [MESSAGE][PASSED] - Delayed 1 second(s)

2019-01-31 12:27:27 - [TEST_STEP][NOT_RUN] - pk_Functions.CS_ClickingonUpdateorDeletebutton.SelectRecordFromWebtableFun("Event Group Management/MOF_NE_Event Group ManagementData", "Sheet1"): NOT_RUN: pk_Functions.CS_ClickingonUpdateorDeletebutton.SelectRecordFromWebtableFun("Event Group Management/MOF_NE_Event Group ManagementData", "Sheet1")

2019-01-31 12:27:27 - [MESSAGE][NOT_RUN] - NOT_RUN: pk_Functions.CS_ClickingonUpdateorDeletebutton.SelectRecordFromWebtableFun("Event Group Management/MOF_NE_Event Group ManagementData", "Sheet1")

2019-01-31 12:27:27 - [TEST_STEP][NOT_RUN] - pk_Functions.CS_ClickingonUpdateorDeletebutton.SelectRecordFromWebtableFun("", 0, 3, 2, "Event Group Management/MOF_NE_Event Group ManagementObjectRepository", "Sheet1", "Event Group Management/MOF_NE_Event Group ManagementData", "Sheet1"): NOT_RUN: pk_Functions.CS_ClickingonUpdateorDeletebutton.SelectRecordFromWebtableFun("", 0, 3, 2, "Event Group Management/MOF_NE_Event Group ManagementObjectRepository", "Sheet1", "Event Group Management/MOF_NE_Event Group ManagementData", "Sheet1")

2019-01-31 12:27:27 - [MESSAGE][NOT_RUN] - NOT_RUN: pk_Functions.CS_ClickingonUpdateorDeletebutton.SelectRecordFromWebtableFun("", 0, 3, 2, "Event Group Management/MOF_NE_Event Group ManagementObjectRepository", "Sheet1", "Event Group Management/MOF_NE_Event Group ManagementData", "Sheet1")

2019-01-31 12:27:27 - [TEST_STEP][PASSED] - pk_Functions.CS_ClickingonUpdateorDeletebutton.SelectRecordFromWebtableFun(ActionType, 0, 13, 3, "Event Group Management/MOF_NE_Event Group ManagementObjectRepository", "Sheet1", "Event Group Management/MOF_NE_Event Group ManagementData", "Sheet1"): pk_Functions.CS_ClickingonUpdateorDeletebutton.SelectRecordFromWebtableFun is PASSED

2019-01-31 12:27:28 - [MESSAGE][PASSED] - pk_Functions.CS_ClickingonUpdateorDeletebutton.SelectRecordFromWebtableFun is PASSED

2019-01-31 12:27:28 - [TEST_STEP][NOT_RUN] - pk_Functions.CS_SpecificPageData.DataFun(["Arabic Description", "English Description"], "Event Group Management/MOF_NE_Event Group ManagementObjectRepository", "Sheet1", [ArabicDescription, EnglishDescription]): NOT_RUN: pk_Functions.CS_SpecificPageData.DataFun(["Arabic Description", "English Description"], "Event Group Management/MOF_NE_Event Group ManagementObjectRepository", "Sheet1", [ArabicDescription, EnglishDescription])

2019-01-31 12:27:28 - [MESSAGE][NOT_RUN] - NOT_RUN: pk_Functions.CS_SpecificPageData.DataFun(["Arabic Description", "English Description"], "Event Group Management/MOF_NE_Event Group ManagementObjectRepository", "Sheet1", [ArabicDescription, EnglishDescription])

2019-01-31 12:27:28 - [TEST_STEP][NOT_RUN] - click(findTestObject("Event Group Managemnt/BTN_Save")): NOT_RUN: click(findTestObject("Event Group Managemnt/BTN_Save"))

2019-01-31 12:27:28 - [MESSAGE][NOT_RUN] - NOT_RUN: click(findTestObject("Event Group Managemnt/BTN_Save"))

2019-01-31 12:27:28 - [TEST_STEP][NOT_RUN] - click(findTestObject("Event Group Managemnt/BTN_Back")): NOT_RUN: click(findTestObject("Event Group Managemnt/BTN_Back"))

2019-01-31 12:27:28 - [MESSAGE][NOT_RUN] - NOT_RUN: click(findTestObject("Event Group Managemnt/BTN_Back"))]]></system-out>
         <system-err><![CDATA[]]></system-err>
      </testcase>
      <testcase name="Test Cases/Event Group Management/TC_Update and Delete test" classname="Test Cases/Event Group Management/TC_Update and Delete test" status="ERROR">
         <error type="ERROR" message="Test Cases/Event Group Management/TC_Update and Delete test FAILED.
Reason:
org.openqa.selenium.StaleElementReferenceException: stale element reference: element is not attached to the page document
  (Session info: chrome=71.0.3578.98)
  (Driver info: chromedriver=2.43.600210 (68dcf5eebde37173d4027fa8635e332711d2874a),platform=Windows NT 6.1.7601 SP1 x86_64) (WARNING: The server did not provide any stacktrace information)
Command duration or timeout: 0 milliseconds
For documentation on this error, please visit: http://seleniumhq.org/exceptions/stale_element_reference.html
Build info: version: '3.7.1', revision: '8a0099a', time: '2017-11-06T21:07:36.161Z'
System info: host: 'LPALXY0199', ip: '192.168.3.51', os.name: 'Windows 7', os.arch: 'amd64', os.version: '6.1', java.version: '1.8.0_181'
Driver info: com.kms.katalon.selenium.driver.CChromeDriver
Capabilities {acceptInsecureCerts: false, acceptSslCerts: false, applicationCacheEnabled: false, browserConnectionEnabled: false, browserName: chrome, chrome: {chromedriverVersion: 2.43.600210 (68dcf5eebde371..., userDataDir: C:\Users\ADMINI~1\AppData\L...}, cssSelectorsEnabled: true, databaseEnabled: false, goog:chromeOptions: {debuggerAddress: localhost:54446}, handlesAlerts: true, hasTouchScreen: false, javascriptEnabled: true, locationContextEnabled: true, mobileEmulationEnabled: false, nativeEvents: true, networkConnectionEnabled: false, pageLoadStrategy: normal, platform: XP, platformName: XP, rotatable: false, setWindowRect: true, takesHeapSnapshot: true, takesScreenshot: true, unexpectedAlertBehaviour: , unhandledPromptBehavior: , version: 71.0.3578.98, webStorageEnabled: true}
Session ID: 397702cf66d1d89bd7c4d101f1a0e85b
	at org.openqa.selenium.remote.ErrorHandler.createThrowable(ErrorHandler.java:214)
	at org.openqa.selenium.remote.ErrorHandler.throwIfResponseFailed(ErrorHandler.java:166)
	at org.openqa.selenium.remote.http.JsonHttpResponseCodec.reconstructValue(JsonHttpResponseCodec.java:40)
	at org.openqa.selenium.remote.http.AbstractHttpResponseCodec.decode(AbstractHttpResponseCodec.java:80)
	at org.openqa.selenium.remote.http.AbstractHttpResponseCodec.decode(AbstractHttpResponseCodec.java:44)
	at org.openqa.selenium.remote.HttpCommandExecutor.execute(HttpCommandExecutor.java:164)
	at org.openqa.selenium.remote.service.DriverCommandExecutor.execute(DriverCommandExecutor.java:83)
	at org.openqa.selenium.remote.RemoteWebDriver.execute(RemoteWebDriver.java:600)
	at com.kms.katalon.selenium.driver.CChromeDriver.execute(CChromeDriver.java:20)
	at org.openqa.selenium.remote.RemoteWebElement.execute(RemoteWebElement.java:279)
	at org.openqa.selenium.remote.RemoteWebElement.getText(RemoteWebElement.java:160)
	at org.openqa.selenium.WebElement$getText$0.call(Unknown Source)
	at pk_Functions.CS_ClickingonUpdateorDeletebutton.SelectRecordFromWebtableFun(CS_ClickingonUpdateorDeletebutton.groovy:123)
	at pk_Functions.CS_ClickingonUpdateorDeletebutton.invokeMethod(CS_ClickingonUpdateorDeletebutton.groovy)
	at com.kms.katalon.core.main.CustomKeywordDelegatingMetaClass.invokeStaticMethod(CustomKeywordDelegatingMetaClass.java:49)
	at TC_Update and Delete test.run(TC_Update and Delete test:33)
	at com.kms.katalon.core.main.ScriptEngine.run(ScriptEngine.java:194)
	at com.kms.katalon.core.main.ScriptEngine.runScriptAsRawText(ScriptEngine.java:119)
	at com.kms.katalon.core.main.TestCaseExecutor.runScript(TestCaseExecutor.java:328)
	at com.kms.katalon.core.main.TestCaseExecutor.doExecute(TestCaseExecutor.java:319)
	at com.kms.katalon.core.main.TestCaseExecutor.processExecutionPhase(TestCaseExecutor.java:298)
	at com.kms.katalon.core.main.TestCaseExecutor.accessMainPhase(TestCaseExecutor.java:290)
	at com.kms.katalon.core.main.TestCaseExecutor.execute(TestCaseExecutor.java:224)
	at com.kms.katalon.core.main.TestSuiteExecutor.accessTestCaseMainPhase(TestSuiteExecutor.java:129)
	at com.kms.katalon.core.main.TestSuiteExecutor.accessTestSuiteMainPhase(TestSuiteExecutor.java:112)
	at com.kms.katalon.core.main.TestSuiteExecutor.execute(TestSuiteExecutor.java:81)
	at com.kms.katalon.core.main.TestCaseMain.startTestSuite(TestCaseMain.java:149)
	at com.kms.katalon.core.main.TestCaseMain$startTestSuite$0.call(Unknown Source)
	at TempTestSuite1548930416101.run(TempTestSuite1548930416101.groovy:36)
"/>
         <system-out><![CDATA[2019-01-31 12:27:28 - [TEST_CASE][ERROR] - Test Cases/Event Group Management/TC_Update and Delete test: Test Cases/Event Group Management/TC_Update and Delete test FAILED.
Reason:
org.openqa.selenium.StaleElementReferenceException: stale element reference: element is not attached to the page document
  (Session info: chrome=71.0.3578.98)
  (Driver info: chromedriver=2.43.600210 (68dcf5eebde37173d4027fa8635e332711d2874a),platform=Windows NT 6.1.7601 SP1 x86_64) (WARNING: The server did not provide any stacktrace information)
Command duration or timeout: 0 milliseconds
For documentation on this error, please visit: http://seleniumhq.org/exceptions/stale_element_reference.html
Build info: version: '3.7.1', revision: '8a0099a', time: '2017-11-06T21:07:36.161Z'
System info: host: 'LPALXY0199', ip: '192.168.3.51', os.name: 'Windows 7', os.arch: 'amd64', os.version: '6.1', java.version: '1.8.0_181'
Driver info: com.kms.katalon.selenium.driver.CChromeDriver
Capabilities {acceptInsecureCerts: false, acceptSslCerts: false, applicationCacheEnabled: false, browserConnectionEnabled: false, browserName: chrome, chrome: {chromedriverVersion: 2.43.600210 (68dcf5eebde371..., userDataDir: C:\Users\ADMINI~1\AppData\L...}, cssSelectorsEnabled: true, databaseEnabled: false, goog:chromeOptions: {debuggerAddress: localhost:54446}, handlesAlerts: true, hasTouchScreen: false, javascriptEnabled: true, locationContextEnabled: true, mobileEmulationEnabled: false, nativeEvents: true, networkConnectionEnabled: false, pageLoadStrategy: normal, platform: XP, platformName: XP, rotatable: false, setWindowRect: true, takesHeapSnapshot: true, takesScreenshot: true, unexpectedAlertBehaviour: , unhandledPromptBehavior: , version: 71.0.3578.98, webStorageEnabled: true}
Session ID: 397702cf66d1d89bd7c4d101f1a0e85b
	at org.openqa.selenium.remote.ErrorHandler.createThrowable(ErrorHandler.java:214)
	at org.openqa.selenium.remote.ErrorHandler.throwIfResponseFailed(ErrorHandler.java:166)
	at org.openqa.selenium.remote.http.JsonHttpResponseCodec.reconstructValue(JsonHttpResponseCodec.java:40)
	at org.openqa.selenium.remote.http.AbstractHttpResponseCodec.decode(AbstractHttpResponseCodec.java:80)
	at org.openqa.selenium.remote.http.AbstractHttpResponseCodec.decode(AbstractHttpResponseCodec.java:44)
	at org.openqa.selenium.remote.HttpCommandExecutor.execute(HttpCommandExecutor.java:164)
	at org.openqa.selenium.remote.service.DriverCommandExecutor.execute(DriverCommandExecutor.java:83)
	at org.openqa.selenium.remote.RemoteWebDriver.execute(RemoteWebDriver.java:600)
	at com.kms.katalon.selenium.driver.CChromeDriver.execute(CChromeDriver.java:20)
	at org.openqa.selenium.remote.RemoteWebElement.execute(RemoteWebElement.java:279)
	at org.openqa.selenium.remote.RemoteWebElement.getText(RemoteWebElement.java:160)
	at org.openqa.selenium.WebElement$getText$0.call(Unknown Source)
	at pk_Functions.CS_ClickingonUpdateorDeletebutton.SelectRecordFromWebtableFun(CS_ClickingonUpdateorDeletebutton.groovy:123)
	at pk_Functions.CS_ClickingonUpdateorDeletebutton.invokeMethod(CS_ClickingonUpdateorDeletebutton.groovy)
	at com.kms.katalon.core.main.CustomKeywordDelegatingMetaClass.invokeStaticMethod(CustomKeywordDelegatingMetaClass.java:49)
	at TC_Update and Delete test.run(TC_Update and Delete test:33)
	at com.kms.katalon.core.main.ScriptEngine.run(ScriptEngine.java:194)
	at com.kms.katalon.core.main.ScriptEngine.runScriptAsRawText(ScriptEngine.java:119)
	at com.kms.katalon.core.main.TestCaseExecutor.runScript(TestCaseExecutor.java:328)
	at com.kms.katalon.core.main.TestCaseExecutor.doExecute(TestCaseExecutor.java:319)
	at com.kms.katalon.core.main.TestCaseExecutor.processExecutionPhase(TestCaseExecutor.java:298)
	at com.kms.katalon.core.main.TestCaseExecutor.accessMainPhase(TestCaseExecutor.java:290)
	at com.kms.katalon.core.main.TestCaseExecutor.execute(TestCaseExecutor.java:224)
	at com.kms.katalon.core.main.TestSuiteExecutor.accessTestCaseMainPhase(TestSuiteExecutor.java:129)
	at com.kms.katalon.core.main.TestSuiteExecutor.accessTestSuiteMainPhase(TestSuiteExecutor.java:112)
	at com.kms.katalon.core.main.TestSuiteExecutor.execute(TestSuiteExecutor.java:81)
	at com.kms.katalon.core.main.TestCaseMain.startTestSuite(TestCaseMain.java:149)
	at com.kms.katalon.core.main.TestCaseMain$startTestSuite$0.call(Unknown Source)
	at TempTestSuite1548930416101.run(TempTestSuite1548930416101.groovy:36)


2019-01-31 12:27:28 - [TEST_STEP][NOT_RUN] - pk_Functions.CS_Login.LoginFun(findTestObject(null), "http://192.168.0.190:8080/mof/#/", findTestObject("Login/Username"), findTestObject("Login/Password"), "AAttia", "123", findTestObject("Login/Login")): NOT_RUN: pk_Functions.CS_Login.LoginFun(findTestObject(null), "http://192.168.0.190:8080/mof/#/", findTestObject("Login/Username"), findTestObject("Login/Password"), "AAttia", "123", findTestObject("Login/Login"))

2019-01-31 12:27:28 - [MESSAGE][NOT_RUN] - NOT_RUN: pk_Functions.CS_Login.LoginFun(findTestObject(null), "http://192.168.0.190:8080/mof/#/", findTestObject("Login/Username"), findTestObject("Login/Password"), "AAttia", "123", findTestObject("Login/Login"))

2019-01-31 12:27:28 - [TEST_STEP][NOT_RUN] - click(findTestObject("NE_SideMenu")): NOT_RUN: click(findTestObject("NE_SideMenu"))

2019-01-31 12:27:28 - [MESSAGE][NOT_RUN] - NOT_RUN: click(findTestObject("NE_SideMenu"))

2019-01-31 12:27:28 - [TEST_STEP][NOT_RUN] - click(findTestObject("NE_EventGroupManagement")): NOT_RUN: click(findTestObject("NE_EventGroupManagement"))

2019-01-31 12:27:28 - [MESSAGE][NOT_RUN] - NOT_RUN: click(findTestObject("NE_EventGroupManagement"))

2019-01-31 12:27:28 - [TEST_STEP][PASSED] - click(findTestObject("Event Group Managemnt/BTN_Search")): Object: 'Object Repository/Event Group Managemnt/BTN_Search' is clicked on

2019-01-31 12:27:28 - [MESSAGE][PASSED] - Object: 'Object Repository/Event Group Managemnt/BTN_Search' is clicked on

2019-01-31 12:27:28 - [TEST_STEP][PASSED] - delay(1): Delayed 1 second(s)

2019-01-31 12:27:29 - [MESSAGE][PASSED] - Delayed 1 second(s)

2019-01-31 12:27:29 - [TEST_STEP][NOT_RUN] - pk_Functions.CS_ClickingonUpdateorDeletebutton.SelectRecordFromWebtableFun("Event Group Management/MOF_NE_Event Group ManagementData", "Sheet1"): NOT_RUN: pk_Functions.CS_ClickingonUpdateorDeletebutton.SelectRecordFromWebtableFun("Event Group Management/MOF_NE_Event Group ManagementData", "Sheet1")

2019-01-31 12:27:29 - [MESSAGE][NOT_RUN] - NOT_RUN: pk_Functions.CS_ClickingonUpdateorDeletebutton.SelectRecordFromWebtableFun("Event Group Management/MOF_NE_Event Group ManagementData", "Sheet1")

2019-01-31 12:27:29 - [TEST_STEP][NOT_RUN] - pk_Functions.CS_ClickingonUpdateorDeletebutton.SelectRecordFromWebtableFun("", 0, 3, 2, "Event Group Management/MOF_NE_Event Group ManagementObjectRepository", "Sheet1", "Event Group Management/MOF_NE_Event Group ManagementData", "Sheet1"): NOT_RUN: pk_Functions.CS_ClickingonUpdateorDeletebutton.SelectRecordFromWebtableFun("", 0, 3, 2, "Event Group Management/MOF_NE_Event Group ManagementObjectRepository", "Sheet1", "Event Group Management/MOF_NE_Event Group ManagementData", "Sheet1")

2019-01-31 12:27:29 - [MESSAGE][NOT_RUN] - NOT_RUN: pk_Functions.CS_ClickingonUpdateorDeletebutton.SelectRecordFromWebtableFun("", 0, 3, 2, "Event Group Management/MOF_NE_Event Group ManagementObjectRepository", "Sheet1", "Event Group Management/MOF_NE_Event Group ManagementData", "Sheet1")

2019-01-31 12:27:29 - [TEST_STEP][ERROR] - pk_Functions.CS_ClickingonUpdateorDeletebutton.SelectRecordFromWebtableFun(ActionType, 0, 13, 3, "Event Group Management/MOF_NE_Event Group ManagementObjectRepository", "Sheet1", "Event Group Management/MOF_NE_Event Group ManagementData", "Sheet1"): pk_Functions.CS_ClickingonUpdateorDeletebutton.SelectRecordFromWebtableFun(ActionType, 0, 13, 3, "Event Group Management/MOF_NE_Event Group ManagementObjectRepository", "Sheet1", "Event Group Management/MOF_NE_Event Group ManagementData", "Sheet1") FAILED.
Reason:
org.openqa.selenium.StaleElementReferenceException: stale element reference: element is not attached to the page document
  (Session info: chrome=71.0.3578.98)
  (Driver info: chromedriver=2.43.600210 (68dcf5eebde37173d4027fa8635e332711d2874a),platform=Windows NT 6.1.7601 SP1 x86_64) (WARNING: The server did not provide any stacktrace information)
Command duration or timeout: 0 milliseconds
For documentation on this error, please visit: http://seleniumhq.org/exceptions/stale_element_reference.html
Build info: version: '3.7.1', revision: '8a0099a', time: '2017-11-06T21:07:36.161Z'
System info: host: 'LPALXY0199', ip: '192.168.3.51', os.name: 'Windows 7', os.arch: 'amd64', os.version: '6.1', java.version: '1.8.0_181'
Driver info: com.kms.katalon.selenium.driver.CChromeDriver
Capabilities {acceptInsecureCerts: false, acceptSslCerts: false, applicationCacheEnabled: false, browserConnectionEnabled: false, browserName: chrome, chrome: {chromedriverVersion: 2.43.600210 (68dcf5eebde371..., userDataDir: C:\Users\ADMINI~1\AppData\L...}, cssSelectorsEnabled: true, databaseEnabled: false, goog:chromeOptions: {debuggerAddress: localhost:54446}, handlesAlerts: true, hasTouchScreen: false, javascriptEnabled: true, locationContextEnabled: true, mobileEmulationEnabled: false, nativeEvents: true, networkConnectionEnabled: false, pageLoadStrategy: normal, platform: XP, platformName: XP, rotatable: false, setWindowRect: true, takesHeapSnapshot: true, takesScreenshot: true, unexpectedAlertBehaviour: , unhandledPromptBehavior: , version: 71.0.3578.98, webStorageEnabled: true}
Session ID: 397702cf66d1d89bd7c4d101f1a0e85b
	at org.openqa.selenium.remote.ErrorHandler.createThrowable(ErrorHandler.java:214)
	at org.openqa.selenium.remote.ErrorHandler.throwIfResponseFailed(ErrorHandler.java:166)
	at org.openqa.selenium.remote.http.JsonHttpResponseCodec.reconstructValue(JsonHttpResponseCodec.java:40)
	at org.openqa.selenium.remote.http.AbstractHttpResponseCodec.decode(AbstractHttpResponseCodec.java:80)
	at org.openqa.selenium.remote.http.AbstractHttpResponseCodec.decode(AbstractHttpResponseCodec.java:44)
	at org.openqa.selenium.remote.HttpCommandExecutor.execute(HttpCommandExecutor.java:164)
	at org.openqa.selenium.remote.service.DriverCommandExecutor.execute(DriverCommandExecutor.java:83)
	at org.openqa.selenium.remote.RemoteWebDriver.execute(RemoteWebDriver.java:600)
	at com.kms.katalon.selenium.driver.CChromeDriver.execute(CChromeDriver.java:20)
	at org.openqa.selenium.remote.RemoteWebElement.execute(RemoteWebElement.java:279)
	at org.openqa.selenium.remote.RemoteWebElement.getText(RemoteWebElement.java:160)
	at org.openqa.selenium.WebElement$getText$0.call(Unknown Source)
	at pk_Functions.CS_ClickingonUpdateorDeletebutton.SelectRecordFromWebtableFun(CS_ClickingonUpdateorDeletebutton.groovy:123)
	at pk_Functions.CS_ClickingonUpdateorDeletebutton.invokeMethod(CS_ClickingonUpdateorDeletebutton.groovy)
	at com.kms.katalon.core.main.CustomKeywordDelegatingMetaClass.invokeStaticMethod(CustomKeywordDelegatingMetaClass.java:49)
	at TC_Update and Delete test.run(TC_Update and Delete test:33)
	at com.kms.katalon.core.main.ScriptEngine.run(ScriptEngine.java:194)
	at com.kms.katalon.core.main.ScriptEngine.runScriptAsRawText(ScriptEngine.java:119)
	at com.kms.katalon.core.main.TestCaseExecutor.runScript(TestCaseExecutor.java:328)
	at com.kms.katalon.core.main.TestCaseExecutor.doExecute(TestCaseExecutor.java:319)
	at com.kms.katalon.core.main.TestCaseExecutor.processExecutionPhase(TestCaseExecutor.java:298)
	at com.kms.katalon.core.main.TestCaseExecutor.accessMainPhase(TestCaseExecutor.java:290)
	at com.kms.katalon.core.main.TestCaseExecutor.execute(TestCaseExecutor.java:224)
	at com.kms.katalon.core.main.TestSuiteExecutor.accessTestCaseMainPhase(TestSuiteExecutor.java:129)
	at com.kms.katalon.core.main.TestSuiteExecutor.accessTestSuiteMainPhase(TestSuiteExecutor.java:112)
	at com.kms.katalon.core.main.TestSuiteExecutor.execute(TestSuiteExecutor.java:81)
	at com.kms.katalon.core.main.TestCaseMain.startTestSuite(TestCaseMain.java:149)
	at com.kms.katalon.core.main.TestCaseMain$startTestSuite$0.call(Unknown Source)
	at TempTestSuite1548930416101.run(TempTestSuite1548930416101.groovy:36)


2019-01-31 12:27:30 - [MESSAGE][ERROR] - stale element reference: element is not attached to the page document
  (Session info: chrome=71.0.3578.98)
  (Driver info: chromedriver=2.43.600210 (68dcf5eebde37173d4027fa8635e332711d2874a),platform=Windows NT 6.1.7601 SP1 x86_64) (WARNING: The server did not provide any stacktrace information)
Command duration or timeout: 0 milliseconds
For documentation on this error, please visit: http://seleniumhq.org/exceptions/stale_element_reference.html
Build info: version: '3.7.1', revision: '8a0099a', time: '2017-11-06T21:07:36.161Z'
System info: host: 'LPALXY0199', ip: '192.168.3.51', os.name: 'Windows 7', os.arch: 'amd64', os.version: '6.1', java.version: '1.8.0_181'
Driver info: com.kms.katalon.selenium.driver.CChromeDriver
Capabilities {acceptInsecureCerts: false, acceptSslCerts: false, applicationCacheEnabled: false, browserConnectionEnabled: false, browserName: chrome, chrome: {chromedriverVersion: 2.43.600210 (68dcf5eebde371..., userDataDir: C:\Users\ADMINI~1\AppData\L...}, cssSelectorsEnabled: true, databaseEnabled: false, goog:chromeOptions: {debuggerAddress: localhost:54446}, handlesAlerts: true, hasTouchScreen: false, javascriptEnabled: true, locationContextEnabled: true, mobileEmulationEnabled: false, nativeEvents: true, networkConnectionEnabled: false, pageLoadStrategy: normal, platform: XP, platformName: XP, rotatable: false, setWindowRect: true, takesHeapSnapshot: true, takesScreenshot: true, unexpectedAlertBehaviour: , unhandledPromptBehavior: , version: 71.0.3578.98, webStorageEnabled: true}
Session ID: 397702cf66d1d89bd7c4d101f1a0e85b

2019-01-31 12:27:30 - [MESSAGE][ERROR] - pk_Functions.CS_ClickingonUpdateorDeletebutton.SelectRecordFromWebtableFun(ActionType, 0, 13, 3, "Event Group Management/MOF_NE_Event Group ManagementObjectRepository", "Sheet1", "Event Group Management/MOF_NE_Event Group ManagementData", "Sheet1") FAILED.
Reason:
org.openqa.selenium.StaleElementReferenceException: stale element reference: element is not attached to the page document
  (Session info: chrome=71.0.3578.98)
  (Driver info: chromedriver=2.43.600210 (68dcf5eebde37173d4027fa8635e332711d2874a),platform=Windows NT 6.1.7601 SP1 x86_64) (WARNING: The server did not provide any stacktrace information)
Command duration or timeout: 0 milliseconds
For documentation on this error, please visit: http://seleniumhq.org/exceptions/stale_element_reference.html
Build info: version: '3.7.1', revision: '8a0099a', time: '2017-11-06T21:07:36.161Z'
System info: host: 'LPALXY0199', ip: '192.168.3.51', os.name: 'Windows 7', os.arch: 'amd64', os.version: '6.1', java.version: '1.8.0_181'
Driver info: com.kms.katalon.selenium.driver.CChromeDriver
Capabilities {acceptInsecureCerts: false, acceptSslCerts: false, applicationCacheEnabled: false, browserConnectionEnabled: false, browserName: chrome, chrome: {chromedriverVersion: 2.43.600210 (68dcf5eebde371..., userDataDir: C:\Users\ADMINI~1\AppData\L...}, cssSelectorsEnabled: true, databaseEnabled: false, goog:chromeOptions: {debuggerAddress: localhost:54446}, handlesAlerts: true, hasTouchScreen: false, javascriptEnabled: true, locationContextEnabled: true, mobileEmulationEnabled: false, nativeEvents: true, networkConnectionEnabled: false, pageLoadStrategy: normal, platform: XP, platformName: XP, rotatable: false, setWindowRect: true, takesHeapSnapshot: true, takesScreenshot: true, unexpectedAlertBehaviour: , unhandledPromptBehavior: , version: 71.0.3578.98, webStorageEnabled: true}
Session ID: 397702cf66d1d89bd7c4d101f1a0e85b
	at org.openqa.selenium.remote.ErrorHandler.createThrowable(ErrorHandler.java:214)
	at org.openqa.selenium.remote.ErrorHandler.throwIfResponseFailed(ErrorHandler.java:166)
	at org.openqa.selenium.remote.http.JsonHttpResponseCodec.reconstructValue(JsonHttpResponseCodec.java:40)
	at org.openqa.selenium.remote.http.AbstractHttpResponseCodec.decode(AbstractHttpResponseCodec.java:80)
	at org.openqa.selenium.remote.http.AbstractHttpResponseCodec.decode(AbstractHttpResponseCodec.java:44)
	at org.openqa.selenium.remote.HttpCommandExecutor.execute(HttpCommandExecutor.java:164)
	at org.openqa.selenium.remote.service.DriverCommandExecutor.execute(DriverCommandExecutor.java:83)
	at org.openqa.selenium.remote.RemoteWebDriver.execute(RemoteWebDriver.java:600)
	at com.kms.katalon.selenium.driver.CChromeDriver.execute(CChromeDriver.java:20)
	at org.openqa.selenium.remote.RemoteWebElement.execute(RemoteWebElement.java:279)
	at org.openqa.selenium.remote.RemoteWebElement.getText(RemoteWebElement.java:160)
	at org.openqa.selenium.WebElement$getText$0.call(Unknown Source)
	at pk_Functions.CS_ClickingonUpdateorDeletebutton.SelectRecordFromWebtableFun(CS_ClickingonUpdateorDeletebutton.groovy:123)
	at pk_Functions.CS_ClickingonUpdateorDeletebutton.invokeMethod(CS_ClickingonUpdateorDeletebutton.groovy)
	at com.kms.katalon.core.main.CustomKeywordDelegatingMetaClass.invokeStaticMethod(CustomKeywordDelegatingMetaClass.java:49)
	at TC_Update and Delete test.run(TC_Update and Delete test:33)
	at com.kms.katalon.core.main.ScriptEngine.run(ScriptEngine.java:194)
	at com.kms.katalon.core.main.ScriptEngine.runScriptAsRawText(ScriptEngine.java:119)
	at com.kms.katalon.core.main.TestCaseExecutor.runScript(TestCaseExecutor.java:328)
	at com.kms.katalon.core.main.TestCaseExecutor.doExecute(TestCaseExecutor.java:319)
	at com.kms.katalon.core.main.TestCaseExecutor.processExecutionPhase(TestCaseExecutor.java:298)
	at com.kms.katalon.core.main.TestCaseExecutor.accessMainPhase(TestCaseExecutor.java:290)
	at com.kms.katalon.core.main.TestCaseExecutor.execute(TestCaseExecutor.java:224)
	at com.kms.katalon.core.main.TestSuiteExecutor.accessTestCaseMainPhase(TestSuiteExecutor.java:129)
	at com.kms.katalon.core.main.TestSuiteExecutor.accessTestSuiteMainPhase(TestSuiteExecutor.java:112)
	at com.kms.katalon.core.main.TestSuiteExecutor.execute(TestSuiteExecutor.java:81)
	at com.kms.katalon.core.main.TestCaseMain.startTestSuite(TestCaseMain.java:149)
	at com.kms.katalon.core.main.TestCaseMain$startTestSuite$0.call(Unknown Source)
	at TempTestSuite1548930416101.run(TempTestSuite1548930416101.groovy:36)]]></system-out>
         <system-err><![CDATA[2019-01-31 12:27:28 - [TEST_CASE][ERROR] - Test Cases/Event Group Management/TC_Update and Delete test: Test Cases/Event Group Management/TC_Update and Delete test FAILED.
Reason:
org.openqa.selenium.StaleElementReferenceException: stale element reference: element is not attached to the page document
  (Session info: chrome=71.0.3578.98)
  (Driver info: chromedriver=2.43.600210 (68dcf5eebde37173d4027fa8635e332711d2874a),platform=Windows NT 6.1.7601 SP1 x86_64) (WARNING: The server did not provide any stacktrace information)
Command duration or timeout: 0 milliseconds
For documentation on this error, please visit: http://seleniumhq.org/exceptions/stale_element_reference.html
Build info: version: '3.7.1', revision: '8a0099a', time: '2017-11-06T21:07:36.161Z'
System info: host: 'LPALXY0199', ip: '192.168.3.51', os.name: 'Windows 7', os.arch: 'amd64', os.version: '6.1', java.version: '1.8.0_181'
Driver info: com.kms.katalon.selenium.driver.CChromeDriver
Capabilities {acceptInsecureCerts: false, acceptSslCerts: false, applicationCacheEnabled: false, browserConnectionEnabled: false, browserName: chrome, chrome: {chromedriverVersion: 2.43.600210 (68dcf5eebde371..., userDataDir: C:\Users\ADMINI~1\AppData\L...}, cssSelectorsEnabled: true, databaseEnabled: false, goog:chromeOptions: {debuggerAddress: localhost:54446}, handlesAlerts: true, hasTouchScreen: false, javascriptEnabled: true, locationContextEnabled: true, mobileEmulationEnabled: false, nativeEvents: true, networkConnectionEnabled: false, pageLoadStrategy: normal, platform: XP, platformName: XP, rotatable: false, setWindowRect: true, takesHeapSnapshot: true, takesScreenshot: true, unexpectedAlertBehaviour: , unhandledPromptBehavior: , version: 71.0.3578.98, webStorageEnabled: true}
Session ID: 397702cf66d1d89bd7c4d101f1a0e85b
	at org.openqa.selenium.remote.ErrorHandler.createThrowable(ErrorHandler.java:214)
	at org.openqa.selenium.remote.ErrorHandler.throwIfResponseFailed(ErrorHandler.java:166)
	at org.openqa.selenium.remote.http.JsonHttpResponseCodec.reconstructValue(JsonHttpResponseCodec.java:40)
	at org.openqa.selenium.remote.http.AbstractHttpResponseCodec.decode(AbstractHttpResponseCodec.java:80)
	at org.openqa.selenium.remote.http.AbstractHttpResponseCodec.decode(AbstractHttpResponseCodec.java:44)
	at org.openqa.selenium.remote.HttpCommandExecutor.execute(HttpCommandExecutor.java:164)
	at org.openqa.selenium.remote.service.DriverCommandExecutor.execute(DriverCommandExecutor.java:83)
	at org.openqa.selenium.remote.RemoteWebDriver.execute(RemoteWebDriver.java:600)
	at com.kms.katalon.selenium.driver.CChromeDriver.execute(CChromeDriver.java:20)
	at org.openqa.selenium.remote.RemoteWebElement.execute(RemoteWebElement.java:279)
	at org.openqa.selenium.remote.RemoteWebElement.getText(RemoteWebElement.java:160)
	at org.openqa.selenium.WebElement$getText$0.call(Unknown Source)
	at pk_Functions.CS_ClickingonUpdateorDeletebutton.SelectRecordFromWebtableFun(CS_ClickingonUpdateorDeletebutton.groovy:123)
	at pk_Functions.CS_ClickingonUpdateorDeletebutton.invokeMethod(CS_ClickingonUpdateorDeletebutton.groovy)
	at com.kms.katalon.core.main.CustomKeywordDelegatingMetaClass.invokeStaticMethod(CustomKeywordDelegatingMetaClass.java:49)
	at TC_Update and Delete test.run(TC_Update and Delete test:33)
	at com.kms.katalon.core.main.ScriptEngine.run(ScriptEngine.java:194)
	at com.kms.katalon.core.main.ScriptEngine.runScriptAsRawText(ScriptEngine.java:119)
	at com.kms.katalon.core.main.TestCaseExecutor.runScript(TestCaseExecutor.java:328)
	at com.kms.katalon.core.main.TestCaseExecutor.doExecute(TestCaseExecutor.java:319)
	at com.kms.katalon.core.main.TestCaseExecutor.processExecutionPhase(TestCaseExecutor.java:298)
	at com.kms.katalon.core.main.TestCaseExecutor.accessMainPhase(TestCaseExecutor.java:290)
	at com.kms.katalon.core.main.TestCaseExecutor.execute(TestCaseExecutor.java:224)
	at com.kms.katalon.core.main.TestSuiteExecutor.accessTestCaseMainPhase(TestSuiteExecutor.java:129)
	at com.kms.katalon.core.main.TestSuiteExecutor.accessTestSuiteMainPhase(TestSuiteExecutor.java:112)
	at com.kms.katalon.core.main.TestSuiteExecutor.execute(TestSuiteExecutor.java:81)
	at com.kms.katalon.core.main.TestCaseMain.startTestSuite(TestCaseMain.java:149)
	at com.kms.katalon.core.main.TestCaseMain$startTestSuite$0.call(Unknown Source)
	at TempTestSuite1548930416101.run(TempTestSuite1548930416101.groovy:36)]]></system-err>
      </testcase>
      <testcase name="Test Cases/Event Group Management/TC_Update and Delete test" classname="Test Cases/Event Group Management/TC_Update and Delete test" status="PASSED">
         <system-out><![CDATA[2019-01-31 12:27:30 - [TEST_CASE][PASSED] - Test Cases/Event Group Management/TC_Update and Delete test: Test Cases/Event Group Management/TC_Update and Delete test

2019-01-31 12:27:30 - [TEST_STEP][NOT_RUN] - pk_Functions.CS_Login.LoginFun(findTestObject(null), "http://192.168.0.190:8080/mof/#/", findTestObject("Login/Username"), findTestObject("Login/Password"), "AAttia", "123", findTestObject("Login/Login")): NOT_RUN: pk_Functions.CS_Login.LoginFun(findTestObject(null), "http://192.168.0.190:8080/mof/#/", findTestObject("Login/Username"), findTestObject("Login/Password"), "AAttia", "123", findTestObject("Login/Login"))

2019-01-31 12:27:30 - [MESSAGE][NOT_RUN] - NOT_RUN: pk_Functions.CS_Login.LoginFun(findTestObject(null), "http://192.168.0.190:8080/mof/#/", findTestObject("Login/Username"), findTestObject("Login/Password"), "AAttia", "123", findTestObject("Login/Login"))

2019-01-31 12:27:30 - [TEST_STEP][NOT_RUN] - click(findTestObject("NE_SideMenu")): NOT_RUN: click(findTestObject("NE_SideMenu"))

2019-01-31 12:27:30 - [MESSAGE][NOT_RUN] - NOT_RUN: click(findTestObject("NE_SideMenu"))

2019-01-31 12:27:30 - [TEST_STEP][NOT_RUN] - click(findTestObject("NE_EventGroupManagement")): NOT_RUN: click(findTestObject("NE_EventGroupManagement"))

2019-01-31 12:27:30 - [MESSAGE][NOT_RUN] - NOT_RUN: click(findTestObject("NE_EventGroupManagement"))

2019-01-31 12:27:30 - [TEST_STEP][PASSED] - click(findTestObject("Event Group Managemnt/BTN_Search")): Object: 'Object Repository/Event Group Managemnt/BTN_Search' is clicked on

2019-01-31 12:27:30 - [MESSAGE][PASSED] - Object: 'Object Repository/Event Group Managemnt/BTN_Search' is clicked on

2019-01-31 12:27:30 - [TEST_STEP][PASSED] - delay(1): Delayed 1 second(s)

2019-01-31 12:27:31 - [MESSAGE][PASSED] - Delayed 1 second(s)

2019-01-31 12:27:31 - [TEST_STEP][NOT_RUN] - pk_Functions.CS_ClickingonUpdateorDeletebutton.SelectRecordFromWebtableFun("Event Group Management/MOF_NE_Event Group ManagementData", "Sheet1"): NOT_RUN: pk_Functions.CS_ClickingonUpdateorDeletebutton.SelectRecordFromWebtableFun("Event Group Management/MOF_NE_Event Group ManagementData", "Sheet1")

2019-01-31 12:27:31 - [MESSAGE][NOT_RUN] - NOT_RUN: pk_Functions.CS_ClickingonUpdateorDeletebutton.SelectRecordFromWebtableFun("Event Group Management/MOF_NE_Event Group ManagementData", "Sheet1")

2019-01-31 12:27:31 - [TEST_STEP][NOT_RUN] - pk_Functions.CS_ClickingonUpdateorDeletebutton.SelectRecordFromWebtableFun("", 0, 3, 2, "Event Group Management/MOF_NE_Event Group ManagementObjectRepository", "Sheet1", "Event Group Management/MOF_NE_Event Group ManagementData", "Sheet1"): NOT_RUN: pk_Functions.CS_ClickingonUpdateorDeletebutton.SelectRecordFromWebtableFun("", 0, 3, 2, "Event Group Management/MOF_NE_Event Group ManagementObjectRepository", "Sheet1", "Event Group Management/MOF_NE_Event Group ManagementData", "Sheet1")

2019-01-31 12:27:31 - [MESSAGE][NOT_RUN] - NOT_RUN: pk_Functions.CS_ClickingonUpdateorDeletebutton.SelectRecordFromWebtableFun("", 0, 3, 2, "Event Group Management/MOF_NE_Event Group ManagementObjectRepository", "Sheet1", "Event Group Management/MOF_NE_Event Group ManagementData", "Sheet1")

2019-01-31 12:27:31 - [TEST_STEP][PASSED] - pk_Functions.CS_ClickingonUpdateorDeletebutton.SelectRecordFromWebtableFun(ActionType, 0, 13, 3, "Event Group Management/MOF_NE_Event Group ManagementObjectRepository", "Sheet1", "Event Group Management/MOF_NE_Event Group ManagementData", "Sheet1"): pk_Functions.CS_ClickingonUpdateorDeletebutton.SelectRecordFromWebtableFun is PASSED

2019-01-31 12:27:32 - [MESSAGE][PASSED] - pk_Functions.CS_ClickingonUpdateorDeletebutton.SelectRecordFromWebtableFun is PASSED

2019-01-31 12:27:32 - [TEST_STEP][NOT_RUN] - pk_Functions.CS_SpecificPageData.DataFun(["Arabic Description", "English Description"], "Event Group Management/MOF_NE_Event Group ManagementObjectRepository", "Sheet1", [ArabicDescription, EnglishDescription]): NOT_RUN: pk_Functions.CS_SpecificPageData.DataFun(["Arabic Description", "English Description"], "Event Group Management/MOF_NE_Event Group ManagementObjectRepository", "Sheet1", [ArabicDescription, EnglishDescription])

2019-01-31 12:27:32 - [MESSAGE][NOT_RUN] - NOT_RUN: pk_Functions.CS_SpecificPageData.DataFun(["Arabic Description", "English Description"], "Event Group Management/MOF_NE_Event Group ManagementObjectRepository", "Sheet1", [ArabicDescription, EnglishDescription])

2019-01-31 12:27:32 - [TEST_STEP][NOT_RUN] - click(findTestObject("Event Group Managemnt/BTN_Save")): NOT_RUN: click(findTestObject("Event Group Managemnt/BTN_Save"))

2019-01-31 12:27:32 - [MESSAGE][NOT_RUN] - NOT_RUN: click(findTestObject("Event Group Managemnt/BTN_Save"))

2019-01-31 12:27:32 - [TEST_STEP][NOT_RUN] - click(findTestObject("Event Group Managemnt/BTN_Back")): NOT_RUN: click(findTestObject("Event Group Managemnt/BTN_Back"))

2019-01-31 12:27:32 - [MESSAGE][NOT_RUN] - NOT_RUN: click(findTestObject("Event Group Managemnt/BTN_Back"))]]></system-out>
         <system-err><![CDATA[]]></system-err>
      </testcase>
      <testcase name="Test Cases/Event Group Management/TC_Update and Delete test" classname="Test Cases/Event Group Management/TC_Update and Delete test" status="PASSED">
         <system-out><![CDATA[2019-01-31 12:27:32 - [TEST_CASE][PASSED] - Test Cases/Event Group Management/TC_Update and Delete test: Test Cases/Event Group Management/TC_Update and Delete test

2019-01-31 12:27:32 - [TEST_STEP][NOT_RUN] - pk_Functions.CS_Login.LoginFun(findTestObject(null), "http://192.168.0.190:8080/mof/#/", findTestObject("Login/Username"), findTestObject("Login/Password"), "AAttia", "123", findTestObject("Login/Login")): NOT_RUN: pk_Functions.CS_Login.LoginFun(findTestObject(null), "http://192.168.0.190:8080/mof/#/", findTestObject("Login/Username"), findTestObject("Login/Password"), "AAttia", "123", findTestObject("Login/Login"))

2019-01-31 12:27:32 - [MESSAGE][NOT_RUN] - NOT_RUN: pk_Functions.CS_Login.LoginFun(findTestObject(null), "http://192.168.0.190:8080/mof/#/", findTestObject("Login/Username"), findTestObject("Login/Password"), "AAttia", "123", findTestObject("Login/Login"))

2019-01-31 12:27:32 - [TEST_STEP][NOT_RUN] - click(findTestObject("NE_SideMenu")): NOT_RUN: click(findTestObject("NE_SideMenu"))

2019-01-31 12:27:32 - [MESSAGE][NOT_RUN] - NOT_RUN: click(findTestObject("NE_SideMenu"))

2019-01-31 12:27:32 - [TEST_STEP][NOT_RUN] - click(findTestObject("NE_EventGroupManagement")): NOT_RUN: click(findTestObject("NE_EventGroupManagement"))

2019-01-31 12:27:32 - [MESSAGE][NOT_RUN] - NOT_RUN: click(findTestObject("NE_EventGroupManagement"))

2019-01-31 12:27:32 - [TEST_STEP][PASSED] - click(findTestObject("Event Group Managemnt/BTN_Search")): Object: 'Object Repository/Event Group Managemnt/BTN_Search' is clicked on

2019-01-31 12:27:32 - [MESSAGE][PASSED] - Object: 'Object Repository/Event Group Managemnt/BTN_Search' is clicked on

2019-01-31 12:27:32 - [TEST_STEP][PASSED] - delay(1): Delayed 1 second(s)

2019-01-31 12:27:33 - [MESSAGE][PASSED] - Delayed 1 second(s)

2019-01-31 12:27:33 - [TEST_STEP][NOT_RUN] - pk_Functions.CS_ClickingonUpdateorDeletebutton.SelectRecordFromWebtableFun("Event Group Management/MOF_NE_Event Group ManagementData", "Sheet1"): NOT_RUN: pk_Functions.CS_ClickingonUpdateorDeletebutton.SelectRecordFromWebtableFun("Event Group Management/MOF_NE_Event Group ManagementData", "Sheet1")

2019-01-31 12:27:33 - [MESSAGE][NOT_RUN] - NOT_RUN: pk_Functions.CS_ClickingonUpdateorDeletebutton.SelectRecordFromWebtableFun("Event Group Management/MOF_NE_Event Group ManagementData", "Sheet1")

2019-01-31 12:27:33 - [TEST_STEP][NOT_RUN] - pk_Functions.CS_ClickingonUpdateorDeletebutton.SelectRecordFromWebtableFun("", 0, 3, 2, "Event Group Management/MOF_NE_Event Group ManagementObjectRepository", "Sheet1", "Event Group Management/MOF_NE_Event Group ManagementData", "Sheet1"): NOT_RUN: pk_Functions.CS_ClickingonUpdateorDeletebutton.SelectRecordFromWebtableFun("", 0, 3, 2, "Event Group Management/MOF_NE_Event Group ManagementObjectRepository", "Sheet1", "Event Group Management/MOF_NE_Event Group ManagementData", "Sheet1")

2019-01-31 12:27:33 - [MESSAGE][NOT_RUN] - NOT_RUN: pk_Functions.CS_ClickingonUpdateorDeletebutton.SelectRecordFromWebtableFun("", 0, 3, 2, "Event Group Management/MOF_NE_Event Group ManagementObjectRepository", "Sheet1", "Event Group Management/MOF_NE_Event Group ManagementData", "Sheet1")

2019-01-31 12:27:33 - [TEST_STEP][PASSED] - pk_Functions.CS_ClickingonUpdateorDeletebutton.SelectRecordFromWebtableFun(ActionType, 0, 13, 3, "Event Group Management/MOF_NE_Event Group ManagementObjectRepository", "Sheet1", "Event Group Management/MOF_NE_Event Group ManagementData", "Sheet1"): pk_Functions.CS_ClickingonUpdateorDeletebutton.SelectRecordFromWebtableFun is PASSED

2019-01-31 12:27:34 - [MESSAGE][PASSED] - pk_Functions.CS_ClickingonUpdateorDeletebutton.SelectRecordFromWebtableFun is PASSED

2019-01-31 12:27:34 - [TEST_STEP][NOT_RUN] - pk_Functions.CS_SpecificPageData.DataFun(["Arabic Description", "English Description"], "Event Group Management/MOF_NE_Event Group ManagementObjectRepository", "Sheet1", [ArabicDescription, EnglishDescription]): NOT_RUN: pk_Functions.CS_SpecificPageData.DataFun(["Arabic Description", "English Description"], "Event Group Management/MOF_NE_Event Group ManagementObjectRepository", "Sheet1", [ArabicDescription, EnglishDescription])

2019-01-31 12:27:34 - [MESSAGE][NOT_RUN] - NOT_RUN: pk_Functions.CS_SpecificPageData.DataFun(["Arabic Description", "English Description"], "Event Group Management/MOF_NE_Event Group ManagementObjectRepository", "Sheet1", [ArabicDescription, EnglishDescription])

2019-01-31 12:27:34 - [TEST_STEP][NOT_RUN] - click(findTestObject("Event Group Managemnt/BTN_Save")): NOT_RUN: click(findTestObject("Event Group Managemnt/BTN_Save"))

2019-01-31 12:27:34 - [MESSAGE][NOT_RUN] - NOT_RUN: click(findTestObject("Event Group Managemnt/BTN_Save"))

2019-01-31 12:27:34 - [TEST_STEP][NOT_RUN] - click(findTestObject("Event Group Managemnt/BTN_Back")): NOT_RUN: click(findTestObject("Event Group Managemnt/BTN_Back"))

2019-01-31 12:27:34 - [MESSAGE][NOT_RUN] - NOT_RUN: click(findTestObject("Event Group Managemnt/BTN_Back"))]]></system-out>
         <system-err><![CDATA[]]></system-err>
      </testcase>
      <testcase name="Test Cases/Event Group Management/TC_Update and Delete test" classname="Test Cases/Event Group Management/TC_Update and Delete test" status="PASSED">
         <system-out><![CDATA[2019-01-31 12:27:34 - [TEST_CASE][PASSED] - Test Cases/Event Group Management/TC_Update and Delete test: Test Cases/Event Group Management/TC_Update and Delete test

2019-01-31 12:27:34 - [TEST_STEP][NOT_RUN] - pk_Functions.CS_Login.LoginFun(findTestObject(null), "http://192.168.0.190:8080/mof/#/", findTestObject("Login/Username"), findTestObject("Login/Password"), "AAttia", "123", findTestObject("Login/Login")): NOT_RUN: pk_Functions.CS_Login.LoginFun(findTestObject(null), "http://192.168.0.190:8080/mof/#/", findTestObject("Login/Username"), findTestObject("Login/Password"), "AAttia", "123", findTestObject("Login/Login"))

2019-01-31 12:27:34 - [MESSAGE][NOT_RUN] - NOT_RUN: pk_Functions.CS_Login.LoginFun(findTestObject(null), "http://192.168.0.190:8080/mof/#/", findTestObject("Login/Username"), findTestObject("Login/Password"), "AAttia", "123", findTestObject("Login/Login"))

2019-01-31 12:27:34 - [TEST_STEP][NOT_RUN] - click(findTestObject("NE_SideMenu")): NOT_RUN: click(findTestObject("NE_SideMenu"))

2019-01-31 12:27:34 - [MESSAGE][NOT_RUN] - NOT_RUN: click(findTestObject("NE_SideMenu"))

2019-01-31 12:27:34 - [TEST_STEP][NOT_RUN] - click(findTestObject("NE_EventGroupManagement")): NOT_RUN: click(findTestObject("NE_EventGroupManagement"))

2019-01-31 12:27:34 - [MESSAGE][NOT_RUN] - NOT_RUN: click(findTestObject("NE_EventGroupManagement"))

2019-01-31 12:27:34 - [TEST_STEP][PASSED] - click(findTestObject("Event Group Managemnt/BTN_Search")): Object: 'Object Repository/Event Group Managemnt/BTN_Search' is clicked on

2019-01-31 12:27:34 - [MESSAGE][PASSED] - Object: 'Object Repository/Event Group Managemnt/BTN_Search' is clicked on

2019-01-31 12:27:34 - [TEST_STEP][PASSED] - delay(1): Delayed 1 second(s)

2019-01-31 12:27:35 - [MESSAGE][PASSED] - Delayed 1 second(s)

2019-01-31 12:27:35 - [TEST_STEP][NOT_RUN] - pk_Functions.CS_ClickingonUpdateorDeletebutton.SelectRecordFromWebtableFun("Event Group Management/MOF_NE_Event Group ManagementData", "Sheet1"): NOT_RUN: pk_Functions.CS_ClickingonUpdateorDeletebutton.SelectRecordFromWebtableFun("Event Group Management/MOF_NE_Event Group ManagementData", "Sheet1")

2019-01-31 12:27:35 - [MESSAGE][NOT_RUN] - NOT_RUN: pk_Functions.CS_ClickingonUpdateorDeletebutton.SelectRecordFromWebtableFun("Event Group Management/MOF_NE_Event Group ManagementData", "Sheet1")

2019-01-31 12:27:35 - [TEST_STEP][NOT_RUN] - pk_Functions.CS_ClickingonUpdateorDeletebutton.SelectRecordFromWebtableFun("", 0, 3, 2, "Event Group Management/MOF_NE_Event Group ManagementObjectRepository", "Sheet1", "Event Group Management/MOF_NE_Event Group ManagementData", "Sheet1"): NOT_RUN: pk_Functions.CS_ClickingonUpdateorDeletebutton.SelectRecordFromWebtableFun("", 0, 3, 2, "Event Group Management/MOF_NE_Event Group ManagementObjectRepository", "Sheet1", "Event Group Management/MOF_NE_Event Group ManagementData", "Sheet1")

2019-01-31 12:27:35 - [MESSAGE][NOT_RUN] - NOT_RUN: pk_Functions.CS_ClickingonUpdateorDeletebutton.SelectRecordFromWebtableFun("", 0, 3, 2, "Event Group Management/MOF_NE_Event Group ManagementObjectRepository", "Sheet1", "Event Group Management/MOF_NE_Event Group ManagementData", "Sheet1")

2019-01-31 12:27:35 - [TEST_STEP][PASSED] - pk_Functions.CS_ClickingonUpdateorDeletebutton.SelectRecordFromWebtableFun(ActionType, 0, 13, 3, "Event Group Management/MOF_NE_Event Group ManagementObjectRepository", "Sheet1", "Event Group Management/MOF_NE_Event Group ManagementData", "Sheet1"): pk_Functions.CS_ClickingonUpdateorDeletebutton.SelectRecordFromWebtableFun is PASSED

2019-01-31 12:27:36 - [MESSAGE][PASSED] - pk_Functions.CS_ClickingonUpdateorDeletebutton.SelectRecordFromWebtableFun is PASSED

2019-01-31 12:27:36 - [TEST_STEP][NOT_RUN] - pk_Functions.CS_SpecificPageData.DataFun(["Arabic Description", "English Description"], "Event Group Management/MOF_NE_Event Group ManagementObjectRepository", "Sheet1", [ArabicDescription, EnglishDescription]): NOT_RUN: pk_Functions.CS_SpecificPageData.DataFun(["Arabic Description", "English Description"], "Event Group Management/MOF_NE_Event Group ManagementObjectRepository", "Sheet1", [ArabicDescription, EnglishDescription])

2019-01-31 12:27:36 - [MESSAGE][NOT_RUN] - NOT_RUN: pk_Functions.CS_SpecificPageData.DataFun(["Arabic Description", "English Description"], "Event Group Management/MOF_NE_Event Group ManagementObjectRepository", "Sheet1", [ArabicDescription, EnglishDescription])

2019-01-31 12:27:36 - [TEST_STEP][NOT_RUN] - click(findTestObject("Event Group Managemnt/BTN_Save")): NOT_RUN: click(findTestObject("Event Group Managemnt/BTN_Save"))

2019-01-31 12:27:36 - [MESSAGE][NOT_RUN] - NOT_RUN: click(findTestObject("Event Group Managemnt/BTN_Save"))

2019-01-31 12:27:36 - [TEST_STEP][NOT_RUN] - click(findTestObject("Event Group Managemnt/BTN_Back")): NOT_RUN: click(findTestObject("Event Group Managemnt/BTN_Back"))

2019-01-31 12:27:36 - [MESSAGE][NOT_RUN] - NOT_RUN: click(findTestObject("Event Group Managemnt/BTN_Back"))]]></system-out>
         <system-err><![CDATA[]]></system-err>
      </testcase>
      <testcase name="Test Cases/Event Group Management/TC_Update and Delete test" classname="Test Cases/Event Group Management/TC_Update and Delete test" status="PASSED">
         <system-out><![CDATA[2019-01-31 12:27:36 - [TEST_CASE][PASSED] - Test Cases/Event Group Management/TC_Update and Delete test: Test Cases/Event Group Management/TC_Update and Delete test

2019-01-31 12:27:36 - [TEST_STEP][NOT_RUN] - pk_Functions.CS_Login.LoginFun(findTestObject(null), "http://192.168.0.190:8080/mof/#/", findTestObject("Login/Username"), findTestObject("Login/Password"), "AAttia", "123", findTestObject("Login/Login")): NOT_RUN: pk_Functions.CS_Login.LoginFun(findTestObject(null), "http://192.168.0.190:8080/mof/#/", findTestObject("Login/Username"), findTestObject("Login/Password"), "AAttia", "123", findTestObject("Login/Login"))

2019-01-31 12:27:36 - [MESSAGE][NOT_RUN] - NOT_RUN: pk_Functions.CS_Login.LoginFun(findTestObject(null), "http://192.168.0.190:8080/mof/#/", findTestObject("Login/Username"), findTestObject("Login/Password"), "AAttia", "123", findTestObject("Login/Login"))

2019-01-31 12:27:36 - [TEST_STEP][NOT_RUN] - click(findTestObject("NE_SideMenu")): NOT_RUN: click(findTestObject("NE_SideMenu"))

2019-01-31 12:27:36 - [MESSAGE][NOT_RUN] - NOT_RUN: click(findTestObject("NE_SideMenu"))

2019-01-31 12:27:36 - [TEST_STEP][NOT_RUN] - click(findTestObject("NE_EventGroupManagement")): NOT_RUN: click(findTestObject("NE_EventGroupManagement"))

2019-01-31 12:27:36 - [MESSAGE][NOT_RUN] - NOT_RUN: click(findTestObject("NE_EventGroupManagement"))

2019-01-31 12:27:36 - [TEST_STEP][PASSED] - click(findTestObject("Event Group Managemnt/BTN_Search")): Object: 'Object Repository/Event Group Managemnt/BTN_Search' is clicked on

2019-01-31 12:27:36 - [MESSAGE][PASSED] - Object: 'Object Repository/Event Group Managemnt/BTN_Search' is clicked on

2019-01-31 12:27:36 - [TEST_STEP][PASSED] - delay(1): Delayed 1 second(s)

2019-01-31 12:27:37 - [MESSAGE][PASSED] - Delayed 1 second(s)

2019-01-31 12:27:37 - [TEST_STEP][NOT_RUN] - pk_Functions.CS_ClickingonUpdateorDeletebutton.SelectRecordFromWebtableFun("Event Group Management/MOF_NE_Event Group ManagementData", "Sheet1"): NOT_RUN: pk_Functions.CS_ClickingonUpdateorDeletebutton.SelectRecordFromWebtableFun("Event Group Management/MOF_NE_Event Group ManagementData", "Sheet1")

2019-01-31 12:27:37 - [MESSAGE][NOT_RUN] - NOT_RUN: pk_Functions.CS_ClickingonUpdateorDeletebutton.SelectRecordFromWebtableFun("Event Group Management/MOF_NE_Event Group ManagementData", "Sheet1")

2019-01-31 12:27:37 - [TEST_STEP][NOT_RUN] - pk_Functions.CS_ClickingonUpdateorDeletebutton.SelectRecordFromWebtableFun("", 0, 3, 2, "Event Group Management/MOF_NE_Event Group ManagementObjectRepository", "Sheet1", "Event Group Management/MOF_NE_Event Group ManagementData", "Sheet1"): NOT_RUN: pk_Functions.CS_ClickingonUpdateorDeletebutton.SelectRecordFromWebtableFun("", 0, 3, 2, "Event Group Management/MOF_NE_Event Group ManagementObjectRepository", "Sheet1", "Event Group Management/MOF_NE_Event Group ManagementData", "Sheet1")

2019-01-31 12:27:37 - [MESSAGE][NOT_RUN] - NOT_RUN: pk_Functions.CS_ClickingonUpdateorDeletebutton.SelectRecordFromWebtableFun("", 0, 3, 2, "Event Group Management/MOF_NE_Event Group ManagementObjectRepository", "Sheet1", "Event Group Management/MOF_NE_Event Group ManagementData", "Sheet1")

2019-01-31 12:27:37 - [TEST_STEP][PASSED] - pk_Functions.CS_ClickingonUpdateorDeletebutton.SelectRecordFromWebtableFun(ActionType, 0, 13, 3, "Event Group Management/MOF_NE_Event Group ManagementObjectRepository", "Sheet1", "Event Group Management/MOF_NE_Event Group ManagementData", "Sheet1"): pk_Functions.CS_ClickingonUpdateorDeletebutton.SelectRecordFromWebtableFun is PASSED

2019-01-31 12:27:37 - [MESSAGE][PASSED] - pk_Functions.CS_ClickingonUpdateorDeletebutton.SelectRecordFromWebtableFun is PASSED

2019-01-31 12:27:37 - [TEST_STEP][NOT_RUN] - pk_Functions.CS_SpecificPageData.DataFun(["Arabic Description", "English Description"], "Event Group Management/MOF_NE_Event Group ManagementObjectRepository", "Sheet1", [ArabicDescription, EnglishDescription]): NOT_RUN: pk_Functions.CS_SpecificPageData.DataFun(["Arabic Description", "English Description"], "Event Group Management/MOF_NE_Event Group ManagementObjectRepository", "Sheet1", [ArabicDescription, EnglishDescription])

2019-01-31 12:27:37 - [MESSAGE][NOT_RUN] - NOT_RUN: pk_Functions.CS_SpecificPageData.DataFun(["Arabic Description", "English Description"], "Event Group Management/MOF_NE_Event Group ManagementObjectRepository", "Sheet1", [ArabicDescription, EnglishDescription])

2019-01-31 12:27:37 - [TEST_STEP][NOT_RUN] - click(findTestObject("Event Group Managemnt/BTN_Save")): NOT_RUN: click(findTestObject("Event Group Managemnt/BTN_Save"))

2019-01-31 12:27:37 - [MESSAGE][NOT_RUN] - NOT_RUN: click(findTestObject("Event Group Managemnt/BTN_Save"))

2019-01-31 12:27:37 - [TEST_STEP][NOT_RUN] - click(findTestObject("Event Group Managemnt/BTN_Back")): NOT_RUN: click(findTestObject("Event Group Managemnt/BTN_Back"))

2019-01-31 12:27:37 - [MESSAGE][NOT_RUN] - NOT_RUN: click(findTestObject("Event Group Managemnt/BTN_Back"))]]></system-out>
         <system-err><![CDATA[]]></system-err>
      </testcase>
      <testcase name="Test Cases/Event Group Management/TC_Update and Delete test" classname="Test Cases/Event Group Management/TC_Update and Delete test" status="PASSED">
         <system-out><![CDATA[2019-01-31 12:27:37 - [TEST_CASE][PASSED] - Test Cases/Event Group Management/TC_Update and Delete test: Test Cases/Event Group Management/TC_Update and Delete test

2019-01-31 12:27:38 - [TEST_STEP][NOT_RUN] - pk_Functions.CS_Login.LoginFun(findTestObject(null), "http://192.168.0.190:8080/mof/#/", findTestObject("Login/Username"), findTestObject("Login/Password"), "AAttia", "123", findTestObject("Login/Login")): NOT_RUN: pk_Functions.CS_Login.LoginFun(findTestObject(null), "http://192.168.0.190:8080/mof/#/", findTestObject("Login/Username"), findTestObject("Login/Password"), "AAttia", "123", findTestObject("Login/Login"))

2019-01-31 12:27:38 - [MESSAGE][NOT_RUN] - NOT_RUN: pk_Functions.CS_Login.LoginFun(findTestObject(null), "http://192.168.0.190:8080/mof/#/", findTestObject("Login/Username"), findTestObject("Login/Password"), "AAttia", "123", findTestObject("Login/Login"))

2019-01-31 12:27:38 - [TEST_STEP][NOT_RUN] - click(findTestObject("NE_SideMenu")): NOT_RUN: click(findTestObject("NE_SideMenu"))

2019-01-31 12:27:38 - [MESSAGE][NOT_RUN] - NOT_RUN: click(findTestObject("NE_SideMenu"))

2019-01-31 12:27:38 - [TEST_STEP][NOT_RUN] - click(findTestObject("NE_EventGroupManagement")): NOT_RUN: click(findTestObject("NE_EventGroupManagement"))

2019-01-31 12:27:38 - [MESSAGE][NOT_RUN] - NOT_RUN: click(findTestObject("NE_EventGroupManagement"))

2019-01-31 12:27:38 - [TEST_STEP][PASSED] - click(findTestObject("Event Group Managemnt/BTN_Search")): Object: 'Object Repository/Event Group Managemnt/BTN_Search' is clicked on

2019-01-31 12:27:38 - [MESSAGE][PASSED] - Object: 'Object Repository/Event Group Managemnt/BTN_Search' is clicked on

2019-01-31 12:27:38 - [TEST_STEP][PASSED] - delay(1): Delayed 1 second(s)

2019-01-31 12:27:39 - [MESSAGE][PASSED] - Delayed 1 second(s)

2019-01-31 12:27:39 - [TEST_STEP][NOT_RUN] - pk_Functions.CS_ClickingonUpdateorDeletebutton.SelectRecordFromWebtableFun("Event Group Management/MOF_NE_Event Group ManagementData", "Sheet1"): NOT_RUN: pk_Functions.CS_ClickingonUpdateorDeletebutton.SelectRecordFromWebtableFun("Event Group Management/MOF_NE_Event Group ManagementData", "Sheet1")

2019-01-31 12:27:39 - [MESSAGE][NOT_RUN] - NOT_RUN: pk_Functions.CS_ClickingonUpdateorDeletebutton.SelectRecordFromWebtableFun("Event Group Management/MOF_NE_Event Group ManagementData", "Sheet1")

2019-01-31 12:27:39 - [TEST_STEP][NOT_RUN] - pk_Functions.CS_ClickingonUpdateorDeletebutton.SelectRecordFromWebtableFun("", 0, 3, 2, "Event Group Management/MOF_NE_Event Group ManagementObjectRepository", "Sheet1", "Event Group Management/MOF_NE_Event Group ManagementData", "Sheet1"): NOT_RUN: pk_Functions.CS_ClickingonUpdateorDeletebutton.SelectRecordFromWebtableFun("", 0, 3, 2, "Event Group Management/MOF_NE_Event Group ManagementObjectRepository", "Sheet1", "Event Group Management/MOF_NE_Event Group ManagementData", "Sheet1")

2019-01-31 12:27:39 - [MESSAGE][NOT_RUN] - NOT_RUN: pk_Functions.CS_ClickingonUpdateorDeletebutton.SelectRecordFromWebtableFun("", 0, 3, 2, "Event Group Management/MOF_NE_Event Group ManagementObjectRepository", "Sheet1", "Event Group Management/MOF_NE_Event Group ManagementData", "Sheet1")

2019-01-31 12:27:39 - [TEST_STEP][PASSED] - pk_Functions.CS_ClickingonUpdateorDeletebutton.SelectRecordFromWebtableFun(ActionType, 0, 13, 3, "Event Group Management/MOF_NE_Event Group ManagementObjectRepository", "Sheet1", "Event Group Management/MOF_NE_Event Group ManagementData", "Sheet1"): pk_Functions.CS_ClickingonUpdateorDeletebutton.SelectRecordFromWebtableFun is PASSED

2019-01-31 12:27:39 - [MESSAGE][PASSED] - pk_Functions.CS_ClickingonUpdateorDeletebutton.SelectRecordFromWebtableFun is PASSED

2019-01-31 12:27:39 - [TEST_STEP][NOT_RUN] - pk_Functions.CS_SpecificPageData.DataFun(["Arabic Description", "English Description"], "Event Group Management/MOF_NE_Event Group ManagementObjectRepository", "Sheet1", [ArabicDescription, EnglishDescription]): NOT_RUN: pk_Functions.CS_SpecificPageData.DataFun(["Arabic Description", "English Description"], "Event Group Management/MOF_NE_Event Group ManagementObjectRepository", "Sheet1", [ArabicDescription, EnglishDescription])

2019-01-31 12:27:39 - [MESSAGE][NOT_RUN] - NOT_RUN: pk_Functions.CS_SpecificPageData.DataFun(["Arabic Description", "English Description"], "Event Group Management/MOF_NE_Event Group ManagementObjectRepository", "Sheet1", [ArabicDescription, EnglishDescription])

2019-01-31 12:27:39 - [TEST_STEP][NOT_RUN] - click(findTestObject("Event Group Managemnt/BTN_Save")): NOT_RUN: click(findTestObject("Event Group Managemnt/BTN_Save"))

2019-01-31 12:27:39 - [MESSAGE][NOT_RUN] - NOT_RUN: click(findTestObject("Event Group Managemnt/BTN_Save"))

2019-01-31 12:27:39 - [TEST_STEP][NOT_RUN] - click(findTestObject("Event Group Managemnt/BTN_Back")): NOT_RUN: click(findTestObject("Event Group Managemnt/BTN_Back"))

2019-01-31 12:27:39 - [MESSAGE][NOT_RUN] - NOT_RUN: click(findTestObject("Event Group Managemnt/BTN_Back"))]]></system-out>
         <system-err><![CDATA[]]></system-err>
      </testcase>
      <system-out><![CDATA[2019-01-31 12:26:59 - [TEST_SUITE][ERROR] - TS_ClickUpdate_Delete: Test Cases/Event Group Management/TC_Update and Delete test FAILED.
Reason:
org.openqa.selenium.StaleElementReferenceException: stale element reference: element is not attached to the page document
  (Session info: chrome=71.0.3578.98)
  (Driver info: chromedriver=2.43.600210 (68dcf5eebde37173d4027fa8635e332711d2874a),platform=Windows NT 6.1.7601 SP1 x86_64) (WARNING: The server did not provide any stacktrace information)
Command duration or timeout: 0 milliseconds
For documentation on this error, please visit: http://seleniumhq.org/exceptions/stale_element_reference.html
Build info: version: '3.7.1', revision: '8a0099a', time: '2017-11-06T21:07:36.161Z'
System info: host: 'LPALXY0199', ip: '192.168.3.51', os.name: 'Windows 7', os.arch: 'amd64', os.version: '6.1', java.version: '1.8.0_181'
Driver info: com.kms.katalon.selenium.driver.CChromeDriver
Capabilities {acceptInsecureCerts: false, acceptSslCerts: false, applicationCacheEnabled: false, browserConnectionEnabled: false, browserName: chrome, chrome: {chromedriverVersion: 2.43.600210 (68dcf5eebde371..., userDataDir: C:\Users\ADMINI~1\AppData\L...}, cssSelectorsEnabled: true, databaseEnabled: false, goog:chromeOptions: {debuggerAddress: localhost:54446}, handlesAlerts: true, hasTouchScreen: false, javascriptEnabled: true, locationContextEnabled: true, mobileEmulationEnabled: false, nativeEvents: true, networkConnectionEnabled: false, pageLoadStrategy: normal, platform: XP, platformName: XP, rotatable: false, setWindowRect: true, takesHeapSnapshot: true, takesScreenshot: true, unexpectedAlertBehaviour: , unhandledPromptBehavior: , version: 71.0.3578.98, webStorageEnabled: true}
Session ID: 397702cf66d1d89bd7c4d101f1a0e85b
	at org.openqa.selenium.remote.ErrorHandler.createThrowable(ErrorHandler.java:214)
	at org.openqa.selenium.remote.ErrorHandler.throwIfResponseFailed(ErrorHandler.java:166)
	at org.openqa.selenium.remote.http.JsonHttpResponseCodec.reconstructValue(JsonHttpResponseCodec.java:40)
	at org.openqa.selenium.remote.http.AbstractHttpResponseCodec.decode(AbstractHttpResponseCodec.java:80)
	at org.openqa.selenium.remote.http.AbstractHttpResponseCodec.decode(AbstractHttpResponseCodec.java:44)
	at org.openqa.selenium.remote.HttpCommandExecutor.execute(HttpCommandExecutor.java:164)
	at org.openqa.selenium.remote.service.DriverCommandExecutor.execute(DriverCommandExecutor.java:83)
	at org.openqa.selenium.remote.RemoteWebDriver.execute(RemoteWebDriver.java:600)
	at com.kms.katalon.selenium.driver.CChromeDriver.execute(CChromeDriver.java:20)
	at org.openqa.selenium.remote.RemoteWebElement.execute(RemoteWebElement.java:279)
	at org.openqa.selenium.remote.RemoteWebElement.getText(RemoteWebElement.java:160)
	at org.openqa.selenium.WebElement$getText$0.call(Unknown Source)
	at pk_Functions.CS_ClickingonUpdateorDeletebutton.SelectRecordFromWebtableFun(CS_ClickingonUpdateorDeletebutton.groovy:123)
	at pk_Functions.CS_ClickingonUpdateorDeletebutton.invokeMethod(CS_ClickingonUpdateorDeletebutton.groovy)
	at com.kms.katalon.core.main.CustomKeywordDelegatingMetaClass.invokeStaticMethod(CustomKeywordDelegatingMetaClass.java:49)
	at TC_Update and Delete test.run(TC_Update and Delete test:33)
	at com.kms.katalon.core.main.ScriptEngine.run(ScriptEngine.java:194)
	at com.kms.katalon.core.main.ScriptEngine.runScriptAsRawText(ScriptEngine.java:119)
	at com.kms.katalon.core.main.TestCaseExecutor.runScript(TestCaseExecutor.java:328)
	at com.kms.katalon.core.main.TestCaseExecutor.doExecute(TestCaseExecutor.java:319)
	at com.kms.katalon.core.main.TestCaseExecutor.processExecutionPhase(TestCaseExecutor.java:298)
	at com.kms.katalon.core.main.TestCaseExecutor.accessMainPhase(TestCaseExecutor.java:290)
	at com.kms.katalon.core.main.TestCaseExecutor.execute(TestCaseExecutor.java:224)
	at com.kms.katalon.core.main.TestSuiteExecutor.accessTestCaseMainPhase(TestSuiteExecutor.java:129)
	at com.kms.katalon.core.main.TestSuiteExecutor.accessTestSuiteMainPhase(TestSuiteExecutor.java:112)
	at com.kms.katalon.core.main.TestSuiteExecutor.execute(TestSuiteExecutor.java:81)
	at com.kms.katalon.core.main.TestCaseMain.startTestSuite(TestCaseMain.java:149)
	at com.kms.katalon.core.main.TestCaseMain$startTestSuite$0.call(Unknown Source)
	at TempTestSuite1548930416101.run(TempTestSuite1548930416101.groovy:36)]]></system-out>
      <system-err><![CDATA[2019-01-31 12:26:59 - [TEST_SUITE][ERROR] - TS_ClickUpdate_Delete: Test Cases/Event Group Management/TC_Update and Delete test FAILED.
Reason:
org.openqa.selenium.StaleElementReferenceException: stale element reference: element is not attached to the page document
  (Session info: chrome=71.0.3578.98)
  (Driver info: chromedriver=2.43.600210 (68dcf5eebde37173d4027fa8635e332711d2874a),platform=Windows NT 6.1.7601 SP1 x86_64) (WARNING: The server did not provide any stacktrace information)
Command duration or timeout: 0 milliseconds
For documentation on this error, please visit: http://seleniumhq.org/exceptions/stale_element_reference.html
Build info: version: '3.7.1', revision: '8a0099a', time: '2017-11-06T21:07:36.161Z'
System info: host: 'LPALXY0199', ip: '192.168.3.51', os.name: 'Windows 7', os.arch: 'amd64', os.version: '6.1', java.version: '1.8.0_181'
Driver info: com.kms.katalon.selenium.driver.CChromeDriver
Capabilities {acceptInsecureCerts: false, acceptSslCerts: false, applicationCacheEnabled: false, browserConnectionEnabled: false, browserName: chrome, chrome: {chromedriverVersion: 2.43.600210 (68dcf5eebde371..., userDataDir: C:\Users\ADMINI~1\AppData\L...}, cssSelectorsEnabled: true, databaseEnabled: false, goog:chromeOptions: {debuggerAddress: localhost:54446}, handlesAlerts: true, hasTouchScreen: false, javascriptEnabled: true, locationContextEnabled: true, mobileEmulationEnabled: false, nativeEvents: true, networkConnectionEnabled: false, pageLoadStrategy: normal, platform: XP, platformName: XP, rotatable: false, setWindowRect: true, takesHeapSnapshot: true, takesScreenshot: true, unexpectedAlertBehaviour: , unhandledPromptBehavior: , version: 71.0.3578.98, webStorageEnabled: true}
Session ID: 397702cf66d1d89bd7c4d101f1a0e85b
	at org.openqa.selenium.remote.ErrorHandler.createThrowable(ErrorHandler.java:214)
	at org.openqa.selenium.remote.ErrorHandler.throwIfResponseFailed(ErrorHandler.java:166)
	at org.openqa.selenium.remote.http.JsonHttpResponseCodec.reconstructValue(JsonHttpResponseCodec.java:40)
	at org.openqa.selenium.remote.http.AbstractHttpResponseCodec.decode(AbstractHttpResponseCodec.java:80)
	at org.openqa.selenium.remote.http.AbstractHttpResponseCodec.decode(AbstractHttpResponseCodec.java:44)
	at org.openqa.selenium.remote.HttpCommandExecutor.execute(HttpCommandExecutor.java:164)
	at org.openqa.selenium.remote.service.DriverCommandExecutor.execute(DriverCommandExecutor.java:83)
	at org.openqa.selenium.remote.RemoteWebDriver.execute(RemoteWebDriver.java:600)
	at com.kms.katalon.selenium.driver.CChromeDriver.execute(CChromeDriver.java:20)
	at org.openqa.selenium.remote.RemoteWebElement.execute(RemoteWebElement.java:279)
	at org.openqa.selenium.remote.RemoteWebElement.getText(RemoteWebElement.java:160)
	at org.openqa.selenium.WebElement$getText$0.call(Unknown Source)
	at pk_Functions.CS_ClickingonUpdateorDeletebutton.SelectRecordFromWebtableFun(CS_ClickingonUpdateorDeletebutton.groovy:123)
	at pk_Functions.CS_ClickingonUpdateorDeletebutton.invokeMethod(CS_ClickingonUpdateorDeletebutton.groovy)
	at com.kms.katalon.core.main.CustomKeywordDelegatingMetaClass.invokeStaticMethod(CustomKeywordDelegatingMetaClass.java:49)
	at TC_Update and Delete test.run(TC_Update and Delete test:33)
	at com.kms.katalon.core.main.ScriptEngine.run(ScriptEngine.java:194)
	at com.kms.katalon.core.main.ScriptEngine.runScriptAsRawText(ScriptEngine.java:119)
	at com.kms.katalon.core.main.TestCaseExecutor.runScript(TestCaseExecutor.java:328)
	at com.kms.katalon.core.main.TestCaseExecutor.doExecute(TestCaseExecutor.java:319)
	at com.kms.katalon.core.main.TestCaseExecutor.processExecutionPhase(TestCaseExecutor.java:298)
	at com.kms.katalon.core.main.TestCaseExecutor.accessMainPhase(TestCaseExecutor.java:290)
	at com.kms.katalon.core.main.TestCaseExecutor.execute(TestCaseExecutor.java:224)
	at com.kms.katalon.core.main.TestSuiteExecutor.accessTestCaseMainPhase(TestSuiteExecutor.java:129)
	at com.kms.katalon.core.main.TestSuiteExecutor.accessTestSuiteMainPhase(TestSuiteExecutor.java:112)
	at com.kms.katalon.core.main.TestSuiteExecutor.execute(TestSuiteExecutor.java:81)
	at com.kms.katalon.core.main.TestCaseMain.startTestSuite(TestCaseMain.java:149)
	at com.kms.katalon.core.main.TestCaseMain$startTestSuite$0.call(Unknown Source)
	at TempTestSuite1548930416101.run(TempTestSuite1548930416101.groovy:36)]]></system-err>
   </testsuite>
</testsuites>
