<?xml version="1.0" encoding="UTF-8"?>
<testsuites name="TS_ClickUpdate_Delete" time="57" tests="6" failures="0" errors="0">
   <testsuite name="TS_ClickUpdate_Delete" tests="6" failures="0" errors="0" time="57" timestamp="2019-02-05 16:39:08" hostname="Ebtehal Gamal Yusuf - LPALXY0199.ejadaalex.local" id="Test Suites/Event Group Management/TS_ClickUpdate_Delete">
      <properties>
         <property name="deviceName" value=""/>
         <property name="devicePlatform" value=""/>
         <property name="logFolder" value="C:\\Users\\Administrator\\git\\MOF\\Reports\\Event Group Management\\TS_ClickUpdate_Delete\\20190205_163905"/>
         <property name="logFiles" value="C:\\Users\\Administrator\\git\\MOF\\Reports\\Event Group Management\\TS_ClickUpdate_Delete\\20190205_163905\\execution0.log"/>
         <property name="attachments" value=""/>
         <property name="hostName" value="Ebtehal Gamal Yusuf - LPALXY0199.ejadaalex.local"/>
         <property name="os" value="Windows 7 64bit"/>
         <property name="katalonVersion" value="5.10.1.1"/>
         <property name="browser" value="Chrome 71.0.3578.98"/>
         <property name="hostAddress" value="192.168.3.51"/>
         <property name="sessionId" value="30e6ff03dc5e9e4734a4ae863619ac23"/>
         <property name="seleniumVersion" value="3.7.1"/>
         <property name="proxyInformation" value="ProxyInformation{proxyOption=NO_PROXY, proxyServerType=HTTP, password=, proxyServerAddress=, proxyServerPort=0}"/>
         <property name="platform" value="Windows 7"/>
      </properties>
      <testcase name="Test Cases/TC_Login" classname="Test Cases/TC_Login" status="PASSED">
         <system-out><![CDATA[2019-02-05 16:39:08 - [TEST_CASE][PASSED] - Test Cases/TC_Login: Test Cases/TC_Login

2019-02-05 16:39:09 - [TEST_STEP][PASSED] - pk_Functions.CS_Login.LoginFun(findTestObject(null), "http://192.168.0.190:8080/mof/#/", findTestObject("Login/Username"), findTestObject("Login/Password"), "AAttia", "123", findTestObject("Login/Login")): pk_Functions.CS_Login.LoginFun is PASSED

2019-02-05 16:39:09 - [MESSAGE][WARNING] - Test object id is null

2019-02-05 16:39:09 - [MESSAGE][INFO] - Starting 'Chrome' driver

2019-02-05 16:39:10 - [MESSAGE][INFO] - Action delay is set to 0 seconds

2019-02-05 16:39:24 - [MESSAGE][PASSED] - Browser is opened with url: 'http://192.168.0.190:8080/mof/#/'

2019-02-05 16:39:24 - [MESSAGE][PASSED] - Text 'AAttia' is set on object 'Object Repository/Login/Username'

2019-02-05 16:39:24 - [MESSAGE][PASSED] - Text '123' is set on object 'Object Repository/Login/Password'

2019-02-05 16:39:25 - [MESSAGE][PASSED] - Object: 'Object Repository/Login/Login' is clicked on

2019-02-05 16:39:25 - [MESSAGE][PASSED] - pk_Functions.CS_Login.LoginFun is PASSED]]></system-out>
         <system-err><![CDATA[]]></system-err>
      </testcase>
      <testcase name="Test Cases/Event Group Management/TC_Select_Screen" classname="Test Cases/Event Group Management/TC_Select_Screen" status="PASSED">
         <system-out><![CDATA[2019-02-05 16:39:25 - [TEST_CASE][PASSED] - Test Cases/Event Group Management/TC_Select_Screen: Test Cases/Event Group Management/TC_Select_Screen

2019-02-05 16:39:25 - [TEST_STEP][PASSED] - click(findTestObject("NE_SideMenu")): Object: 'Object Repository/NE_SideMenu' is clicked on

2019-02-05 16:39:27 - [MESSAGE][PASSED] - Object: 'Object Repository/NE_SideMenu' is clicked on

2019-02-05 16:39:27 - [TEST_STEP][PASSED] - click(findTestObject("NE_EventGroupManagement")): Object: 'Object Repository/NE_EventGroupManagement' is clicked on

2019-02-05 16:39:27 - [MESSAGE][PASSED] - Object: 'Object Repository/NE_EventGroupManagement' is clicked on

2019-02-05 16:39:27 - [TEST_STEP][PASSED] - click(findTestObject("Event Group Managemnt/BTN_Search")): Object: 'Object Repository/Event Group Managemnt/BTN_Search' is clicked on

2019-02-05 16:39:28 - [MESSAGE][PASSED] - Object: 'Object Repository/Event Group Managemnt/BTN_Search' is clicked on

2019-02-05 16:39:28 - [TEST_STEP][PASSED] - delay(2): Delayed 2 second(s)

2019-02-05 16:39:30 - [MESSAGE][PASSED] - Delayed 2 second(s)]]></system-out>
         <system-err><![CDATA[]]></system-err>
      </testcase>
      <testcase name="Test Cases/Event Group Management/TC_Verify_Update" classname="Test Cases/Event Group Management/TC_Verify_Update" status="PASSED">
         <system-out><![CDATA[2019-02-05 16:39:30 - [TEST_CASE][PASSED] - Test Cases/Event Group Management/TC_Verify_Update: Test Cases/Event Group Management/TC_Verify_Update

2019-02-05 16:39:30 - [TEST_STEP][PASSED] - if (ActionType == "Update"): Delayed 2 second(s)

2019-02-05 16:39:30 - [TEST_STEP][PASSED] - delay(2): Delayed 2 second(s)

2019-02-05 16:39:32 - [MESSAGE][PASSED] - Delayed 2 second(s)

2019-02-05 16:39:32 - [TEST_STEP][PASSED] - pk_Functions.CS_SelectRecordFromWebtable_IPO.SelectRecordFromWebtableFun("Event Group Management/MOF_NE_Event Group ManagementObjectRepository", "Sheet1", Code, 0, 3, 1, "yes"): pk_Functions.CS_SelectRecordFromWebtable_IPO.SelectRecordFromWebtableFun is PASSED

2019-02-05 16:39:38 - [MESSAGE][PASSED] - Delayed 4 second(s)

2019-02-05 16:39:42 - [MESSAGE][PASSED] - Delayed 4 second(s)

2019-02-05 16:39:42 - [MESSAGE][PASSED] - pk_Functions.CS_SelectRecordFromWebtable_IPO.SelectRecordFromWebtableFun is PASSED

2019-02-05 16:39:42 - [TEST_STEP][PASSED] - delay(2): Delayed 2 second(s)

2019-02-05 16:39:44 - [MESSAGE][PASSED] - Delayed 2 second(s)

2019-02-05 16:39:44 - [TEST_STEP][PASSED] - pk_Functions.CS_VerifyPageData.CheckMatching(["Arabic Description", "English Description"], "Event Group Management/MOF_NE_Event Group ManagementObjectRepository", "Sheet1", [ArabicDescription, EnglishDescription]): pk_Functions.CS_VerifyPageData.CheckMatching is PASSED

2019-02-05 16:39:44 - [MESSAGE][PASSED] - Attribute 'ng-reflect-model' of object '' is: 'English Description_1'

2019-02-05 16:39:44 - [MESSAGE][PASSED] - Actual text 'English Description_1' and expected text 'English Description_1' are matched 

2019-02-05 16:39:44 - [MESSAGE][PASSED] - Attribute 'ng-reflect-model' of object '' is: 'English Description_1'

2019-02-05 16:39:44 - [MESSAGE][PASSED] - Actual text 'English Description_1' and expected text 'English Description_1' are matched 

2019-02-05 16:39:44 - [MESSAGE][PASSED] - pk_Functions.CS_VerifyPageData.CheckMatching is PASSED

2019-02-05 16:39:44 - [TEST_STEP][PASSED] - delay(2): Delayed 2 second(s)

2019-02-05 16:39:46 - [MESSAGE][PASSED] - Delayed 2 second(s)

2019-02-05 16:39:46 - [TEST_STEP][PASSED] - click(findTestObject("Event Group Managemnt/BTN_Back (1)")): Object: 'Object Repository/Event Group Managemnt/BTN_Back (1)' is clicked on

2019-02-05 16:39:46 - [MESSAGE][PASSED] - Object: 'Object Repository/Event Group Managemnt/BTN_Back (1)' is clicked on

2019-02-05 16:39:46 - [TEST_STEP][PASSED] - delay(2): Delayed 2 second(s)

2019-02-05 16:39:48 - [MESSAGE][PASSED] - Delayed 2 second(s)

2019-02-05 16:39:48 - [TEST_STEP][NOT_RUN] - getAttribute(findTestObject("Arabic Description"), "ng-reflect-model"): NOT_RUN: getAttribute(findTestObject("Arabic Description"), "ng-reflect-model")

2019-02-05 16:39:48 - [MESSAGE][NOT_RUN] - NOT_RUN: getAttribute(findTestObject("Arabic Description"), "ng-reflect-model")]]></system-out>
         <system-err><![CDATA[]]></system-err>
      </testcase>
      <testcase name="Test Cases/Event Group Management/TC_Verify_Update" classname="Test Cases/Event Group Management/TC_Verify_Update" status="PASSED">
         <system-out><![CDATA[2019-02-05 16:39:48 - [TEST_CASE][PASSED] - Test Cases/Event Group Management/TC_Verify_Update: Test Cases/Event Group Management/TC_Verify_Update

2019-02-05 16:39:48 - [TEST_STEP][PASSED] - if (ActionType == "Update"): Delayed 2 second(s)

2019-02-05 16:39:48 - [TEST_STEP][PASSED] - delay(2): Delayed 2 second(s)

2019-02-05 16:39:50 - [MESSAGE][PASSED] - Delayed 2 second(s)

2019-02-05 16:39:50 - [TEST_STEP][PASSED] - pk_Functions.CS_SelectRecordFromWebtable_IPO.SelectRecordFromWebtableFun("Event Group Management/MOF_NE_Event Group ManagementObjectRepository", "Sheet1", Code, 0, 3, 1, "yes"): pk_Functions.CS_SelectRecordFromWebtable_IPO.SelectRecordFromWebtableFun is PASSED

2019-02-05 16:39:55 - [MESSAGE][PASSED] - Delayed 4 second(s)

2019-02-05 16:39:59 - [MESSAGE][PASSED] - Delayed 4 second(s)

2019-02-05 16:39:59 - [MESSAGE][PASSED] - pk_Functions.CS_SelectRecordFromWebtable_IPO.SelectRecordFromWebtableFun is PASSED

2019-02-05 16:39:59 - [TEST_STEP][PASSED] - delay(2): Delayed 2 second(s)

2019-02-05 16:40:01 - [MESSAGE][PASSED] - Delayed 2 second(s)

2019-02-05 16:40:01 - [TEST_STEP][PASSED] - pk_Functions.CS_VerifyPageData.CheckMatching(["Arabic Description", "English Description"], "Event Group Management/MOF_NE_Event Group ManagementObjectRepository", "Sheet1", [ArabicDescription, EnglishDescription]): pk_Functions.CS_VerifyPageData.CheckMatching is PASSED

2019-02-05 16:40:01 - [MESSAGE][PASSED] - Attribute 'ng-reflect-model' of object '' is: 'English Description_2'

2019-02-05 16:40:01 - [MESSAGE][PASSED] - Actual text 'English Description_2' and expected text 'English Description_2' are matched 

2019-02-05 16:40:01 - [MESSAGE][PASSED] - Attribute 'ng-reflect-model' of object '' is: 'English Description_2'

2019-02-05 16:40:01 - [MESSAGE][PASSED] - Actual text 'English Description_2' and expected text 'English Description_2' are matched 

2019-02-05 16:40:01 - [MESSAGE][PASSED] - pk_Functions.CS_VerifyPageData.CheckMatching is PASSED

2019-02-05 16:40:01 - [TEST_STEP][PASSED] - delay(2): Delayed 2 second(s)

2019-02-05 16:40:03 - [MESSAGE][PASSED] - Delayed 2 second(s)

2019-02-05 16:40:03 - [TEST_STEP][PASSED] - click(findTestObject("Event Group Managemnt/BTN_Back (1)")): Object: 'Object Repository/Event Group Managemnt/BTN_Back (1)' is clicked on

2019-02-05 16:40:03 - [MESSAGE][PASSED] - Object: 'Object Repository/Event Group Managemnt/BTN_Back (1)' is clicked on

2019-02-05 16:40:03 - [TEST_STEP][PASSED] - delay(2): Delayed 2 second(s)

2019-02-05 16:40:05 - [MESSAGE][PASSED] - Delayed 2 second(s)

2019-02-05 16:40:05 - [TEST_STEP][NOT_RUN] - getAttribute(findTestObject("Arabic Description"), "ng-reflect-model"): NOT_RUN: getAttribute(findTestObject("Arabic Description"), "ng-reflect-model")

2019-02-05 16:40:05 - [MESSAGE][NOT_RUN] - NOT_RUN: getAttribute(findTestObject("Arabic Description"), "ng-reflect-model")]]></system-out>
         <system-err><![CDATA[]]></system-err>
      </testcase>
      <testcase name="Test Cases/Event Group Management/TC_Verify_Update" classname="Test Cases/Event Group Management/TC_Verify_Update" status="PASSED">
         <system-out><![CDATA[2019-02-05 16:40:05 - [TEST_CASE][PASSED] - Test Cases/Event Group Management/TC_Verify_Update: Test Cases/Event Group Management/TC_Verify_Update

2019-02-05 16:40:05 - [TEST_STEP][PASSED] - if (ActionType == "Update"): null

2019-02-05 16:40:05 - [TEST_STEP][NOT_RUN] - getAttribute(findTestObject("Arabic Description"), "ng-reflect-model"): NOT_RUN: getAttribute(findTestObject("Arabic Description"), "ng-reflect-model")

2019-02-05 16:40:05 - [MESSAGE][NOT_RUN] - NOT_RUN: getAttribute(findTestObject("Arabic Description"), "ng-reflect-model")]]></system-out>
         <system-err><![CDATA[]]></system-err>
      </testcase>
      <testcase name="Test Cases/Event Group Management/TC_Verify_Update" classname="Test Cases/Event Group Management/TC_Verify_Update" status="PASSED">
         <system-out><![CDATA[2019-02-05 16:40:05 - [TEST_CASE][PASSED] - Test Cases/Event Group Management/TC_Verify_Update: Test Cases/Event Group Management/TC_Verify_Update

2019-02-05 16:40:05 - [TEST_STEP][PASSED] - if (ActionType == "Update"): null

2019-02-05 16:40:05 - [TEST_STEP][NOT_RUN] - getAttribute(findTestObject("Arabic Description"), "ng-reflect-model"): NOT_RUN: getAttribute(findTestObject("Arabic Description"), "ng-reflect-model")

2019-02-05 16:40:05 - [MESSAGE][NOT_RUN] - NOT_RUN: getAttribute(findTestObject("Arabic Description"), "ng-reflect-model")]]></system-out>
         <system-err><![CDATA[]]></system-err>
      </testcase>
      <system-out><![CDATA[2019-02-05 16:39:08 - [TEST_SUITE][PASSED] - TS_ClickUpdate_Delete: Test Cases/Event Group Management/TC_Verify_Update]]></system-out>
      <system-err><![CDATA[]]></system-err>
   </testsuite>
</testsuites>
