<?xml version="1.0" encoding="UTF-8"?>
<testsuites name="TS_EGMFullScenario" time="352" tests="12" failures="0" errors="0">
   <testsuite name="TS_EGMFullScenario" tests="12" failures="0" errors="0" time="352" timestamp="2019-02-17 15:31:23" hostname="aeibrahim - LPALXY0477.ejadaalex.local" id="Test Suites/Event Group Management/TS_EGMFullScenario">
      <properties>
         <property name="deviceName" value=""/>
         <property name="devicePlatform" value=""/>
         <property name="logFolder" value="C:\\Users\\aeibrahim\\git\\MOF\\Reports\\Event Group Management\\TS_EGMFullScenario\\20190217_153120"/>
         <property name="logFiles" value="C:\\Users\\aeibrahim\\git\\MOF\\Reports\\Event Group Management\\TS_EGMFullScenario\\20190217_153120\\execution0.log"/>
         <property name="attachments" value=""/>
         <property name="hostName" value="aeibrahim - LPALXY0477.ejadaalex.local"/>
         <property name="os" value="Windows 10 64bit"/>
         <property name="katalonVersion" value="5.10.1.1"/>
         <property name="browser" value="Chrome 72.0.3626.109"/>
         <property name="hostAddress" value="192.168.3.64"/>
         <property name="sessionId" value="5a381f1b020b0558e8b6da4cf15e96dd"/>
         <property name="seleniumVersion" value="3.7.1"/>
         <property name="proxyInformation" value="ProxyInformation{proxyOption=NO_PROXY, proxyServerType=HTTP, password=, proxyServerAddress=, proxyServerPort=0}"/>
         <property name="platform" value="Windows 10"/>
      </properties>
      <testcase name="Test Cases/TC_Login" classname="Test Cases/TC_Login" status="PASSED">
         <system-out><![CDATA[2019-02-17 15:31:24 - [TEST_CASE][PASSED] - Test Cases/TC_Login: Test Cases/TC_Login

2019-02-17 15:31:24 - [TEST_STEP][PASSED] - pk_Functions.CS_Login.LoginFun(findTestObject(null), "http://192.168.0.190:8080/mof/#/", findTestObject("Login/Username"), findTestObject("Login/Password"), "AAttia", "123", findTestObject("Login/Login")): pk_Functions.CS_Login.LoginFun is PASSED

2019-02-17 15:31:24 - [MESSAGE][WARNING] - Test object id is null

2019-02-17 15:31:25 - [MESSAGE][INFO] - Starting 'Chrome' driver

2019-02-17 15:31:25 - [MESSAGE][INFO] - Action delay is set to 0 seconds

2019-02-17 15:31:39 - [MESSAGE][PASSED] - Browser is opened with url: 'http://192.168.0.190:8080/mof/#/'

2019-02-17 15:31:40 - [MESSAGE][PASSED] - Text 'AAttia' is set on object 'Object Repository/Login/Username'

2019-02-17 15:31:40 - [MESSAGE][PASSED] - Text '123' is set on object 'Object Repository/Login/Password'

2019-02-17 15:31:40 - [MESSAGE][PASSED] - Object: 'Object Repository/Login/Login' is clicked on

2019-02-17 15:31:40 - [MESSAGE][PASSED] - pk_Functions.CS_Login.LoginFun is PASSED]]></system-out>
         <system-err><![CDATA[]]></system-err>
      </testcase>
      <testcase name="Test Cases/Event Group Management/TC_Select_Screen" classname="Test Cases/Event Group Management/TC_Select_Screen" status="PASSED">
         <system-out><![CDATA[2019-02-17 15:31:40 - [TEST_CASE][PASSED] - Test Cases/Event Group Management/TC_Select_Screen: Test Cases/Event Group Management/TC_Select_Screen

2019-02-17 15:31:40 - [TEST_STEP][PASSED] - click(findTestObject("NE_SideMenu")): Object: 'Object Repository/NE_SideMenu' is clicked on

2019-02-17 15:31:41 - [MESSAGE][PASSED] - Object: 'Object Repository/NE_SideMenu' is clicked on

2019-02-17 15:31:41 - [TEST_STEP][PASSED] - click(findTestObject("NE_EventGroupManagement")): Object: 'Object Repository/NE_EventGroupManagement' is clicked on

2019-02-17 15:31:42 - [MESSAGE][PASSED] - Object: 'Object Repository/NE_EventGroupManagement' is clicked on

2019-02-17 15:31:42 - [TEST_STEP][PASSED] - click(findTestObject("Event Group Managemnt/BTN_Search")): Object: 'Object Repository/Event Group Managemnt/BTN_Search' is clicked on

2019-02-17 15:31:42 - [MESSAGE][PASSED] - Object: 'Object Repository/Event Group Managemnt/BTN_Search' is clicked on

2019-02-17 15:31:42 - [TEST_STEP][PASSED] - delay(2): Delayed 2 second(s)

2019-02-17 15:31:44 - [MESSAGE][PASSED] - Delayed 2 second(s)]]></system-out>
         <system-err><![CDATA[]]></system-err>
      </testcase>
      <testcase name="Test Cases/Event Group Management/TC_Delete" classname="Test Cases/Event Group Management/TC_Delete" status="PASSED">
         <system-out><![CDATA[2019-02-17 15:31:44 - [TEST_CASE][PASSED] - Test Cases/Event Group Management/TC_Delete: Test Cases/Event Group Management/TC_Delete

2019-02-17 15:31:44 - [TEST_STEP][PASSED] - if (delete): pk_Functions.CS_ClickingonActionButtonswithPagination.SelectRecordFromWebtableFun is PASSED

2019-02-17 15:31:44 - [TEST_STEP][PASSED] - pk_Functions.CS_ClickingonActionButtonswithPagination.SelectRecordFromWebtableFun(delete, 0, 3, "Event Group Management/MOF_NE_Event Group ManagementObjectRepository", "Sheet1", code): pk_Functions.CS_ClickingonActionButtonswithPagination.SelectRecordFromWebtableFun is PASSED

2019-02-17 15:31:45 - [MESSAGE][PASSED] - Object: '' is clicked on

2019-02-17 15:31:47 - [MESSAGE][PASSED] - Delayed 2 second(s)

2019-02-17 15:31:49 - [MESSAGE][PASSED] - Delayed 2 second(s)

2019-02-17 15:31:50 - [MESSAGE][PASSED] - Attribute 'tabindex' of object '' is: '0'

2019-02-17 15:31:50 - [MESSAGE][PASSED] - Attribute 'tabindex' of object '' is: '0'

2019-02-17 15:31:52 - [MESSAGE][PASSED] - Delayed 2 second(s)

2019-02-17 15:31:53 - [MESSAGE][PASSED] - Delayed 1 second(s)

2019-02-17 15:31:54 - [MESSAGE][PASSED] - Delayed 1 second(s)

2019-02-17 15:31:55 - [MESSAGE][PASSED] - Delayed 1 second(s)

2019-02-17 15:31:56 - [MESSAGE][PASSED] - Delayed 1 second(s)

2019-02-17 15:31:57 - [MESSAGE][PASSED] - Delayed 1 second(s)

2019-02-17 15:31:58 - [MESSAGE][PASSED] - Delayed 1 second(s)

2019-02-17 15:31:59 - [MESSAGE][PASSED] - Delayed 1 second(s)

2019-02-17 15:32:00 - [MESSAGE][PASSED] - Delayed 1 second(s)

2019-02-17 15:32:01 - [MESSAGE][PASSED] - Delayed 1 second(s)

2019-02-17 15:32:02 - [MESSAGE][PASSED] - Delayed 1 second(s)

2019-02-17 15:32:03 - [MESSAGE][PASSED] - Delayed 1 second(s)

2019-02-17 15:32:04 - [MESSAGE][PASSED] - Delayed 1 second(s)

2019-02-17 15:32:05 - [MESSAGE][PASSED] - Delayed 1 second(s)

2019-02-17 15:32:05 - [MESSAGE][PASSED] - Attribute 'tabindex' of object '' is: '0'

2019-02-17 15:32:07 - [MESSAGE][PASSED] - Delayed 2 second(s)

2019-02-17 15:32:07 - [MESSAGE][PASSED] - Object: '' is clicked on

2019-02-17 15:32:08 - [MESSAGE][PASSED] - Delayed 1 second(s)

2019-02-17 15:32:09 - [MESSAGE][PASSED] - Delayed 1 second(s)

2019-02-17 15:32:10 - [MESSAGE][PASSED] - Delayed 1 second(s)

2019-02-17 15:32:11 - [MESSAGE][PASSED] - Delayed 1 second(s)

2019-02-17 15:32:12 - [MESSAGE][PASSED] - Delayed 1 second(s)

2019-02-17 15:32:13 - [MESSAGE][PASSED] - Delayed 1 second(s)

2019-02-17 15:32:14 - [MESSAGE][PASSED] - Delayed 1 second(s)

2019-02-17 15:32:16 - [MESSAGE][PASSED] - Delayed 1 second(s)

2019-02-17 15:32:17 - [MESSAGE][PASSED] - Delayed 1 second(s)

2019-02-17 15:32:17 - [MESSAGE][PASSED] - Object: '' is clicked on

2019-02-17 15:32:18 - [MESSAGE][PASSED] - Delayed 1 second(s)

2019-02-17 15:32:18 - [MESSAGE][PASSED] - Object: '' is clicked on

2019-02-17 15:32:19 - [MESSAGE][PASSED] - Delayed 1 second(s)

2019-02-17 15:32:19 - [MESSAGE][PASSED] - pk_Functions.CS_ClickingonActionButtonswithPagination.SelectRecordFromWebtableFun is PASSED

2019-02-17 15:32:19 - [TEST_STEP][PASSED] - delay(2): Delayed 2 second(s)

2019-02-17 15:32:21 - [MESSAGE][PASSED] - Delayed 2 second(s)]]></system-out>
         <system-err><![CDATA[]]></system-err>
      </testcase>
      <testcase name="Test Cases/Event Group Management/TC_Delete" classname="Test Cases/Event Group Management/TC_Delete" status="PASSED">
         <system-out><![CDATA[2019-02-17 15:32:21 - [TEST_CASE][PASSED] - Test Cases/Event Group Management/TC_Delete: Test Cases/Event Group Management/TC_Delete

2019-02-17 15:32:21 - [TEST_STEP][PASSED] - if (delete): pk_Functions.CS_ClickingonActionButtonswithPagination.SelectRecordFromWebtableFun is PASSED

2019-02-17 15:32:21 - [TEST_STEP][PASSED] - pk_Functions.CS_ClickingonActionButtonswithPagination.SelectRecordFromWebtableFun(delete, 0, 3, "Event Group Management/MOF_NE_Event Group ManagementObjectRepository", "Sheet1", code): pk_Functions.CS_ClickingonActionButtonswithPagination.SelectRecordFromWebtableFun is PASSED

2019-02-17 15:32:21 - [MESSAGE][PASSED] - Object: '' is clicked on

2019-02-17 15:32:23 - [MESSAGE][PASSED] - Delayed 2 second(s)

2019-02-17 15:32:25 - [MESSAGE][PASSED] - Delayed 2 second(s)

2019-02-17 15:32:25 - [MESSAGE][PASSED] - Attribute 'tabindex' of object '' is: '0'

2019-02-17 15:32:25 - [MESSAGE][PASSED] - Attribute 'tabindex' of object '' is: '0'

2019-02-17 15:32:27 - [MESSAGE][PASSED] - Delayed 2 second(s)

2019-02-17 15:32:28 - [MESSAGE][PASSED] - Delayed 1 second(s)

2019-02-17 15:32:29 - [MESSAGE][PASSED] - Delayed 1 second(s)

2019-02-17 15:32:30 - [MESSAGE][PASSED] - Delayed 1 second(s)

2019-02-17 15:32:31 - [MESSAGE][PASSED] - Delayed 1 second(s)

2019-02-17 15:32:32 - [MESSAGE][PASSED] - Delayed 1 second(s)

2019-02-17 15:32:33 - [MESSAGE][PASSED] - Delayed 1 second(s)

2019-02-17 15:32:34 - [MESSAGE][PASSED] - Delayed 1 second(s)

2019-02-17 15:32:35 - [MESSAGE][PASSED] - Delayed 1 second(s)

2019-02-17 15:32:37 - [MESSAGE][PASSED] - Delayed 1 second(s)

2019-02-17 15:32:38 - [MESSAGE][PASSED] - Delayed 1 second(s)

2019-02-17 15:32:39 - [MESSAGE][PASSED] - Delayed 1 second(s)

2019-02-17 15:32:40 - [MESSAGE][PASSED] - Delayed 1 second(s)

2019-02-17 15:32:41 - [MESSAGE][PASSED] - Delayed 1 second(s)

2019-02-17 15:32:41 - [MESSAGE][PASSED] - Attribute 'tabindex' of object '' is: '0'

2019-02-17 15:32:43 - [MESSAGE][PASSED] - Delayed 2 second(s)

2019-02-17 15:32:43 - [MESSAGE][PASSED] - Object: '' is clicked on

2019-02-17 15:32:44 - [MESSAGE][PASSED] - Delayed 1 second(s)

2019-02-17 15:32:45 - [MESSAGE][PASSED] - Delayed 1 second(s)

2019-02-17 15:32:46 - [MESSAGE][PASSED] - Delayed 1 second(s)

2019-02-17 15:32:47 - [MESSAGE][PASSED] - Delayed 1 second(s)

2019-02-17 15:32:48 - [MESSAGE][PASSED] - Delayed 1 second(s)

2019-02-17 15:32:49 - [MESSAGE][PASSED] - Delayed 1 second(s)

2019-02-17 15:32:50 - [MESSAGE][PASSED] - Delayed 1 second(s)

2019-02-17 15:32:51 - [MESSAGE][PASSED] - Delayed 1 second(s)

2019-02-17 15:32:52 - [MESSAGE][PASSED] - Delayed 1 second(s)

2019-02-17 15:32:53 - [MESSAGE][PASSED] - Delayed 1 second(s)

2019-02-17 15:32:54 - [MESSAGE][PASSED] - Delayed 1 second(s)

2019-02-17 15:32:55 - [MESSAGE][PASSED] - Delayed 1 second(s)

2019-02-17 15:32:57 - [MESSAGE][PASSED] - Delayed 1 second(s)

2019-02-17 15:32:57 - [MESSAGE][PASSED] - Attribute 'tabindex' of object '' is: '0'

2019-02-17 15:32:59 - [MESSAGE][PASSED] - Delayed 2 second(s)

2019-02-17 15:32:59 - [MESSAGE][PASSED] - Object: '' is clicked on

2019-02-17 15:33:00 - [MESSAGE][PASSED] - Delayed 1 second(s)

2019-02-17 15:33:01 - [MESSAGE][PASSED] - Delayed 1 second(s)

2019-02-17 15:33:02 - [MESSAGE][PASSED] - Delayed 1 second(s)

2019-02-17 15:33:03 - [MESSAGE][PASSED] - Delayed 1 second(s)

2019-02-17 15:33:04 - [MESSAGE][PASSED] - Delayed 1 second(s)

2019-02-17 15:33:05 - [MESSAGE][PASSED] - Delayed 1 second(s)

2019-02-17 15:33:06 - [MESSAGE][PASSED] - Delayed 1 second(s)

2019-02-17 15:33:07 - [MESSAGE][PASSED] - Delayed 1 second(s)

2019-02-17 15:33:08 - [MESSAGE][PASSED] - Delayed 1 second(s)

2019-02-17 15:33:09 - [MESSAGE][PASSED] - Delayed 1 second(s)

2019-02-17 15:33:10 - [MESSAGE][PASSED] - Delayed 1 second(s)

2019-02-17 15:33:11 - [MESSAGE][PASSED] - Delayed 1 second(s)

2019-02-17 15:33:12 - [MESSAGE][PASSED] - Delayed 1 second(s)

2019-02-17 15:33:12 - [MESSAGE][PASSED] - Attribute 'tabindex' of object '' is: '-1'

2019-02-17 15:33:13 - [MESSAGE][PASSED] - Delayed 1 second(s)

2019-02-17 15:33:13 - [MESSAGE][PASSED] - pk_Functions.CS_ClickingonActionButtonswithPagination.SelectRecordFromWebtableFun is PASSED

2019-02-17 15:33:13 - [TEST_STEP][PASSED] - delay(2): Delayed 2 second(s)

2019-02-17 15:33:15 - [MESSAGE][PASSED] - Delayed 2 second(s)]]></system-out>
         <system-err><![CDATA[]]></system-err>
      </testcase>
      <testcase name="Test Cases/Event Group Management/TC_Delete" classname="Test Cases/Event Group Management/TC_Delete" status="PASSED">
         <system-out><![CDATA[2019-02-17 15:33:15 - [TEST_CASE][PASSED] - Test Cases/Event Group Management/TC_Delete: Test Cases/Event Group Management/TC_Delete

2019-02-17 15:33:15 - [TEST_STEP][PASSED] - if (delete): pk_Functions.CS_ClickingonActionButtonswithPagination.SelectRecordFromWebtableFun is PASSED

2019-02-17 15:33:15 - [TEST_STEP][PASSED] - pk_Functions.CS_ClickingonActionButtonswithPagination.SelectRecordFromWebtableFun(delete, 0, 3, "Event Group Management/MOF_NE_Event Group ManagementObjectRepository", "Sheet1", code): pk_Functions.CS_ClickingonActionButtonswithPagination.SelectRecordFromWebtableFun is PASSED

2019-02-17 15:33:15 - [MESSAGE][PASSED] - Object: '' is clicked on

2019-02-17 15:33:17 - [MESSAGE][PASSED] - Delayed 2 second(s)

2019-02-17 15:33:19 - [MESSAGE][PASSED] - Delayed 2 second(s)

2019-02-17 15:33:20 - [MESSAGE][PASSED] - Attribute 'tabindex' of object '' is: '0'

2019-02-17 15:33:20 - [MESSAGE][PASSED] - Attribute 'tabindex' of object '' is: '0'

2019-02-17 15:33:22 - [MESSAGE][PASSED] - Delayed 2 second(s)

2019-02-17 15:33:23 - [MESSAGE][PASSED] - Delayed 1 second(s)

2019-02-17 15:33:24 - [MESSAGE][PASSED] - Delayed 1 second(s)

2019-02-17 15:33:25 - [MESSAGE][PASSED] - Delayed 1 second(s)

2019-02-17 15:33:26 - [MESSAGE][PASSED] - Delayed 1 second(s)

2019-02-17 15:33:27 - [MESSAGE][PASSED] - Delayed 1 second(s)

2019-02-17 15:33:28 - [MESSAGE][PASSED] - Delayed 1 second(s)

2019-02-17 15:33:29 - [MESSAGE][PASSED] - Delayed 1 second(s)

2019-02-17 15:33:30 - [MESSAGE][PASSED] - Delayed 1 second(s)

2019-02-17 15:33:31 - [MESSAGE][PASSED] - Delayed 1 second(s)

2019-02-17 15:33:32 - [MESSAGE][PASSED] - Delayed 1 second(s)

2019-02-17 15:33:33 - [MESSAGE][PASSED] - Delayed 1 second(s)

2019-02-17 15:33:34 - [MESSAGE][PASSED] - Delayed 1 second(s)

2019-02-17 15:33:35 - [MESSAGE][PASSED] - Delayed 1 second(s)

2019-02-17 15:33:35 - [MESSAGE][PASSED] - Attribute 'tabindex' of object '' is: '0'

2019-02-17 15:33:37 - [MESSAGE][PASSED] - Delayed 2 second(s)

2019-02-17 15:33:37 - [MESSAGE][PASSED] - Object: '' is clicked on

2019-02-17 15:33:38 - [MESSAGE][PASSED] - Delayed 1 second(s)

2019-02-17 15:33:39 - [MESSAGE][PASSED] - Delayed 1 second(s)

2019-02-17 15:33:40 - [MESSAGE][PASSED] - Delayed 1 second(s)

2019-02-17 15:33:41 - [MESSAGE][PASSED] - Delayed 1 second(s)

2019-02-17 15:33:42 - [MESSAGE][PASSED] - Delayed 1 second(s)

2019-02-17 15:33:43 - [MESSAGE][PASSED] - Delayed 1 second(s)

2019-02-17 15:33:44 - [MESSAGE][PASSED] - Delayed 1 second(s)

2019-02-17 15:33:45 - [MESSAGE][PASSED] - Delayed 1 second(s)

2019-02-17 15:33:47 - [MESSAGE][PASSED] - Delayed 1 second(s)

2019-02-17 15:33:48 - [MESSAGE][PASSED] - Delayed 1 second(s)

2019-02-17 15:33:49 - [MESSAGE][PASSED] - Delayed 1 second(s)

2019-02-17 15:33:50 - [MESSAGE][PASSED] - Delayed 1 second(s)

2019-02-17 15:33:51 - [MESSAGE][PASSED] - Delayed 1 second(s)

2019-02-17 15:33:51 - [MESSAGE][PASSED] - Attribute 'tabindex' of object '' is: '0'

2019-02-17 15:33:53 - [MESSAGE][PASSED] - Delayed 2 second(s)

2019-02-17 15:33:53 - [MESSAGE][PASSED] - Object: '' is clicked on

2019-02-17 15:33:54 - [MESSAGE][PASSED] - Delayed 1 second(s)

2019-02-17 15:33:55 - [MESSAGE][PASSED] - Delayed 1 second(s)

2019-02-17 15:33:56 - [MESSAGE][PASSED] - Delayed 1 second(s)

2019-02-17 15:33:57 - [MESSAGE][PASSED] - Delayed 1 second(s)

2019-02-17 15:33:58 - [MESSAGE][PASSED] - Delayed 1 second(s)

2019-02-17 15:33:59 - [MESSAGE][PASSED] - Delayed 1 second(s)

2019-02-17 15:34:00 - [MESSAGE][PASSED] - Delayed 1 second(s)

2019-02-17 15:34:01 - [MESSAGE][PASSED] - Delayed 1 second(s)

2019-02-17 15:34:02 - [MESSAGE][PASSED] - Delayed 1 second(s)

2019-02-17 15:34:03 - [MESSAGE][PASSED] - Delayed 1 second(s)

2019-02-17 15:34:04 - [MESSAGE][PASSED] - Delayed 1 second(s)

2019-02-17 15:34:05 - [MESSAGE][PASSED] - Delayed 1 second(s)

2019-02-17 15:34:06 - [MESSAGE][PASSED] - Delayed 1 second(s)

2019-02-17 15:34:06 - [MESSAGE][PASSED] - Attribute 'tabindex' of object '' is: '-1'

2019-02-17 15:34:07 - [MESSAGE][PASSED] - Delayed 1 second(s)

2019-02-17 15:34:07 - [MESSAGE][PASSED] - pk_Functions.CS_ClickingonActionButtonswithPagination.SelectRecordFromWebtableFun is PASSED

2019-02-17 15:34:07 - [TEST_STEP][PASSED] - delay(2): Delayed 2 second(s)

2019-02-17 15:34:09 - [MESSAGE][PASSED] - Delayed 2 second(s)]]></system-out>
         <system-err><![CDATA[]]></system-err>
      </testcase>
      <testcase name="Test Cases/Event Group Management/TC_Delete" classname="Test Cases/Event Group Management/TC_Delete" status="PASSED">
         <system-out><![CDATA[2019-02-17 15:34:09 - [TEST_CASE][PASSED] - Test Cases/Event Group Management/TC_Delete: Test Cases/Event Group Management/TC_Delete

2019-02-17 15:34:09 - [TEST_STEP][PASSED] - if (delete): pk_Functions.CS_ClickingonActionButtonswithPagination.SelectRecordFromWebtableFun is PASSED

2019-02-17 15:34:09 - [TEST_STEP][PASSED] - pk_Functions.CS_ClickingonActionButtonswithPagination.SelectRecordFromWebtableFun(delete, 0, 3, "Event Group Management/MOF_NE_Event Group ManagementObjectRepository", "Sheet1", code): pk_Functions.CS_ClickingonActionButtonswithPagination.SelectRecordFromWebtableFun is PASSED

2019-02-17 15:34:10 - [MESSAGE][PASSED] - Object: '' is clicked on

2019-02-17 15:34:12 - [MESSAGE][PASSED] - Delayed 2 second(s)

2019-02-17 15:34:14 - [MESSAGE][PASSED] - Delayed 2 second(s)

2019-02-17 15:34:14 - [MESSAGE][PASSED] - Attribute 'tabindex' of object '' is: '0'

2019-02-17 15:34:14 - [MESSAGE][PASSED] - Attribute 'tabindex' of object '' is: '0'

2019-02-17 15:34:16 - [MESSAGE][PASSED] - Delayed 2 second(s)

2019-02-17 15:34:17 - [MESSAGE][PASSED] - Delayed 1 second(s)

2019-02-17 15:34:18 - [MESSAGE][PASSED] - Delayed 1 second(s)

2019-02-17 15:34:19 - [MESSAGE][PASSED] - Delayed 1 second(s)

2019-02-17 15:34:20 - [MESSAGE][PASSED] - Delayed 1 second(s)

2019-02-17 15:34:21 - [MESSAGE][PASSED] - Delayed 1 second(s)

2019-02-17 15:34:22 - [MESSAGE][PASSED] - Delayed 1 second(s)

2019-02-17 15:34:23 - [MESSAGE][PASSED] - Delayed 1 second(s)

2019-02-17 15:34:24 - [MESSAGE][PASSED] - Delayed 1 second(s)

2019-02-17 15:34:25 - [MESSAGE][PASSED] - Delayed 1 second(s)

2019-02-17 15:34:26 - [MESSAGE][PASSED] - Delayed 1 second(s)

2019-02-17 15:34:27 - [MESSAGE][PASSED] - Delayed 1 second(s)

2019-02-17 15:34:28 - [MESSAGE][PASSED] - Delayed 1 second(s)

2019-02-17 15:34:29 - [MESSAGE][PASSED] - Delayed 1 second(s)

2019-02-17 15:34:29 - [MESSAGE][PASSED] - Attribute 'tabindex' of object '' is: '0'

2019-02-17 15:34:31 - [MESSAGE][PASSED] - Delayed 2 second(s)

2019-02-17 15:34:31 - [MESSAGE][PASSED] - Object: '' is clicked on

2019-02-17 15:34:32 - [MESSAGE][PASSED] - Delayed 1 second(s)

2019-02-17 15:34:33 - [MESSAGE][PASSED] - Delayed 1 second(s)

2019-02-17 15:34:34 - [MESSAGE][PASSED] - Delayed 1 second(s)

2019-02-17 15:34:35 - [MESSAGE][PASSED] - Delayed 1 second(s)

2019-02-17 15:34:36 - [MESSAGE][PASSED] - Delayed 1 second(s)

2019-02-17 15:34:38 - [MESSAGE][PASSED] - Delayed 1 second(s)

2019-02-17 15:34:39 - [MESSAGE][PASSED] - Delayed 1 second(s)

2019-02-17 15:34:40 - [MESSAGE][PASSED] - Delayed 1 second(s)

2019-02-17 15:34:41 - [MESSAGE][PASSED] - Delayed 1 second(s)

2019-02-17 15:34:42 - [MESSAGE][PASSED] - Delayed 1 second(s)

2019-02-17 15:34:43 - [MESSAGE][PASSED] - Delayed 1 second(s)

2019-02-17 15:34:43 - [MESSAGE][PASSED] - Object: '' is clicked on

2019-02-17 15:34:44 - [MESSAGE][PASSED] - Delayed 1 second(s)

2019-02-17 15:34:44 - [MESSAGE][PASSED] - Object: '' is clicked on

2019-02-17 15:34:45 - [MESSAGE][PASSED] - Delayed 1 second(s)

2019-02-17 15:34:45 - [MESSAGE][PASSED] - pk_Functions.CS_ClickingonActionButtonswithPagination.SelectRecordFromWebtableFun is PASSED

2019-02-17 15:34:45 - [TEST_STEP][PASSED] - delay(2): Delayed 2 second(s)

2019-02-17 15:34:47 - [MESSAGE][PASSED] - Delayed 2 second(s)]]></system-out>
         <system-err><![CDATA[]]></system-err>
      </testcase>
      <testcase name="Test Cases/Event Group Management/TC_Delete" classname="Test Cases/Event Group Management/TC_Delete" status="PASSED">
         <system-out><![CDATA[2019-02-17 15:34:47 - [TEST_CASE][PASSED] - Test Cases/Event Group Management/TC_Delete: Test Cases/Event Group Management/TC_Delete

2019-02-17 15:34:47 - [TEST_STEP][PASSED] - if (delete): pk_Functions.CS_ClickingonActionButtonswithPagination.SelectRecordFromWebtableFun is PASSED

2019-02-17 15:34:47 - [TEST_STEP][PASSED] - pk_Functions.CS_ClickingonActionButtonswithPagination.SelectRecordFromWebtableFun(delete, 0, 3, "Event Group Management/MOF_NE_Event Group ManagementObjectRepository", "Sheet1", code): pk_Functions.CS_ClickingonActionButtonswithPagination.SelectRecordFromWebtableFun is PASSED

2019-02-17 15:34:47 - [MESSAGE][PASSED] - Object: '' is clicked on

2019-02-17 15:34:49 - [MESSAGE][PASSED] - Delayed 2 second(s)

2019-02-17 15:34:51 - [MESSAGE][PASSED] - Delayed 2 second(s)

2019-02-17 15:34:51 - [MESSAGE][PASSED] - Attribute 'tabindex' of object '' is: '0'

2019-02-17 15:34:51 - [MESSAGE][PASSED] - Attribute 'tabindex' of object '' is: '0'

2019-02-17 15:34:53 - [MESSAGE][PASSED] - Delayed 2 second(s)

2019-02-17 15:34:54 - [MESSAGE][PASSED] - Delayed 1 second(s)

2019-02-17 15:34:55 - [MESSAGE][PASSED] - Delayed 1 second(s)

2019-02-17 15:34:56 - [MESSAGE][PASSED] - Delayed 1 second(s)

2019-02-17 15:34:57 - [MESSAGE][PASSED] - Delayed 1 second(s)

2019-02-17 15:34:58 - [MESSAGE][PASSED] - Delayed 1 second(s)

2019-02-17 15:34:59 - [MESSAGE][PASSED] - Delayed 1 second(s)

2019-02-17 15:35:00 - [MESSAGE][PASSED] - Delayed 1 second(s)

2019-02-17 15:35:02 - [MESSAGE][PASSED] - Delayed 1 second(s)

2019-02-17 15:35:03 - [MESSAGE][PASSED] - Delayed 1 second(s)

2019-02-17 15:35:04 - [MESSAGE][PASSED] - Delayed 1 second(s)

2019-02-17 15:35:05 - [MESSAGE][PASSED] - Delayed 1 second(s)

2019-02-17 15:35:06 - [MESSAGE][PASSED] - Delayed 1 second(s)

2019-02-17 15:35:07 - [MESSAGE][PASSED] - Delayed 1 second(s)

2019-02-17 15:35:07 - [MESSAGE][PASSED] - Attribute 'tabindex' of object '' is: '0'

2019-02-17 15:35:09 - [MESSAGE][PASSED] - Delayed 2 second(s)

2019-02-17 15:35:09 - [MESSAGE][PASSED] - Object: '' is clicked on

2019-02-17 15:35:10 - [MESSAGE][PASSED] - Delayed 1 second(s)

2019-02-17 15:35:11 - [MESSAGE][PASSED] - Delayed 1 second(s)

2019-02-17 15:35:12 - [MESSAGE][PASSED] - Delayed 1 second(s)

2019-02-17 15:35:13 - [MESSAGE][PASSED] - Delayed 1 second(s)

2019-02-17 15:35:14 - [MESSAGE][PASSED] - Delayed 1 second(s)

2019-02-17 15:35:15 - [MESSAGE][PASSED] - Delayed 1 second(s)

2019-02-17 15:35:16 - [MESSAGE][PASSED] - Delayed 1 second(s)

2019-02-17 15:35:17 - [MESSAGE][PASSED] - Delayed 1 second(s)

2019-02-17 15:35:18 - [MESSAGE][PASSED] - Delayed 1 second(s)

2019-02-17 15:35:19 - [MESSAGE][PASSED] - Delayed 1 second(s)

2019-02-17 15:35:20 - [MESSAGE][PASSED] - Delayed 1 second(s)

2019-02-17 15:35:21 - [MESSAGE][PASSED] - Delayed 1 second(s)

2019-02-17 15:35:22 - [MESSAGE][PASSED] - Delayed 1 second(s)

2019-02-17 15:35:22 - [MESSAGE][PASSED] - Attribute 'tabindex' of object '' is: '0'

2019-02-17 15:35:24 - [MESSAGE][PASSED] - Delayed 2 second(s)

2019-02-17 15:35:24 - [MESSAGE][PASSED] - Object: '' is clicked on

2019-02-17 15:35:25 - [MESSAGE][PASSED] - Delayed 1 second(s)

2019-02-17 15:35:27 - [MESSAGE][PASSED] - Delayed 1 second(s)

2019-02-17 15:35:28 - [MESSAGE][PASSED] - Delayed 1 second(s)

2019-02-17 15:35:29 - [MESSAGE][PASSED] - Delayed 1 second(s)

2019-02-17 15:35:30 - [MESSAGE][PASSED] - Delayed 1 second(s)

2019-02-17 15:35:31 - [MESSAGE][PASSED] - Delayed 1 second(s)

2019-02-17 15:35:32 - [MESSAGE][PASSED] - Delayed 1 second(s)

2019-02-17 15:35:33 - [MESSAGE][PASSED] - Delayed 1 second(s)

2019-02-17 15:35:34 - [MESSAGE][PASSED] - Delayed 1 second(s)

2019-02-17 15:35:35 - [MESSAGE][PASSED] - Delayed 1 second(s)

2019-02-17 15:35:36 - [MESSAGE][PASSED] - Delayed 1 second(s)

2019-02-17 15:35:37 - [MESSAGE][PASSED] - Delayed 1 second(s)

2019-02-17 15:35:38 - [MESSAGE][PASSED] - Delayed 1 second(s)

2019-02-17 15:35:38 - [MESSAGE][PASSED] - Object: '' is clicked on

2019-02-17 15:35:39 - [MESSAGE][PASSED] - Delayed 1 second(s)

2019-02-17 15:35:39 - [MESSAGE][PASSED] - Object: '' is clicked on

2019-02-17 15:35:40 - [MESSAGE][PASSED] - Delayed 1 second(s)

2019-02-17 15:35:40 - [MESSAGE][PASSED] - pk_Functions.CS_ClickingonActionButtonswithPagination.SelectRecordFromWebtableFun is PASSED

2019-02-17 15:35:40 - [TEST_STEP][PASSED] - delay(2): Delayed 2 second(s)

2019-02-17 15:35:42 - [MESSAGE][PASSED] - Delayed 2 second(s)]]></system-out>
         <system-err><![CDATA[]]></system-err>
      </testcase>
      <testcase name="Test Cases/Event Group Management/TC_Verify_Delete and Undelete" classname="Test Cases/Event Group Management/TC_Verify_Delete and Undelete" status="PASSED">
         <system-out><![CDATA[2019-02-17 15:35:42 - [TEST_CASE][PASSED] - Test Cases/Event Group Management/TC_Verify_Delete and Undelete: Test Cases/Event Group Management/TC_Verify_Delete and Undelete

2019-02-17 15:35:43 - [TEST_STEP][PASSED] - pk_Functions.CS_WebtableVerification.ValidateSearchParameters(check_Delete, "Event Group Management/MOF_NE_Event Group ManagementObjectRepository", "Sheet1", [code], 0): pk_Functions.CS_WebtableVerification.ValidateSearchParameters is PASSED

2019-02-17 15:35:46 - [MESSAGE][PASSED] - Delayed 3 second(s)

2019-02-17 15:35:48 - [MESSAGE][PASSED] - Delayed 2 second(s)

2019-02-17 15:35:48 - [MESSAGE][PASSED] - Object: '' is clicked on

2019-02-17 15:35:50 - [MESSAGE][PASSED] - Delayed 2 second(s)

2019-02-17 15:35:50 - [MESSAGE][PASSED] - Attribute 'tabindex' of object '' is: '0'

2019-02-17 15:35:50 - [MESSAGE][PASSED] - Object: '' is clicked on

2019-02-17 15:35:55 - [MESSAGE][PASSED] - Delayed 5 second(s)

2019-02-17 15:35:56 - [MESSAGE][PASSED] - pk_Functions.CS_WebtableVerification.ValidateSearchParameters is PASSED

2019-02-17 15:35:56 - [TEST_STEP][PASSED] - delay(2): Delayed 2 second(s)

2019-02-17 15:35:58 - [MESSAGE][PASSED] - Delayed 2 second(s)]]></system-out>
         <system-err><![CDATA[]]></system-err>
      </testcase>
      <testcase name="Test Cases/Event Group Management/TC_Verify_Delete and Undelete" classname="Test Cases/Event Group Management/TC_Verify_Delete and Undelete" status="PASSED">
         <system-out><![CDATA[2019-02-17 15:35:58 - [TEST_CASE][PASSED] - Test Cases/Event Group Management/TC_Verify_Delete and Undelete: Test Cases/Event Group Management/TC_Verify_Delete and Undelete

2019-02-17 15:35:58 - [TEST_STEP][PASSED] - pk_Functions.CS_WebtableVerification.ValidateSearchParameters(check_Delete, "Event Group Management/MOF_NE_Event Group ManagementObjectRepository", "Sheet1", [code], 0): pk_Functions.CS_WebtableVerification.ValidateSearchParameters is PASSED

2019-02-17 15:36:01 - [MESSAGE][PASSED] - Delayed 3 second(s)

2019-02-17 15:36:03 - [MESSAGE][PASSED] - Delayed 2 second(s)

2019-02-17 15:36:03 - [MESSAGE][PASSED] - Object: '' is clicked on

2019-02-17 15:36:05 - [MESSAGE][PASSED] - Delayed 2 second(s)

2019-02-17 15:36:05 - [MESSAGE][PASSED] - Attribute 'tabindex' of object '' is: '0'

2019-02-17 15:36:06 - [MESSAGE][PASSED] - Object: '' is clicked on

2019-02-17 15:36:11 - [MESSAGE][PASSED] - Delayed 5 second(s)

2019-02-17 15:36:11 - [MESSAGE][PASSED] - Attribute 'tabindex' of object '' is: '0'

2019-02-17 15:36:11 - [MESSAGE][PASSED] - Object: '' is clicked on

2019-02-17 15:36:16 - [MESSAGE][PASSED] - Delayed 5 second(s)

2019-02-17 15:36:17 - [MESSAGE][PASSED] - Attribute 'tabindex' of object '' is: '-1'

2019-02-17 15:36:17 - [MESSAGE][PASSED] - pk_Functions.CS_WebtableVerification.ValidateSearchParameters is PASSED

2019-02-17 15:36:17 - [TEST_STEP][PASSED] - delay(2): Delayed 2 second(s)

2019-02-17 15:36:19 - [MESSAGE][PASSED] - Delayed 2 second(s)]]></system-out>
         <system-err><![CDATA[]]></system-err>
      </testcase>
      <testcase name="Test Cases/Event Group Management/TC_Verify_Delete and Undelete" classname="Test Cases/Event Group Management/TC_Verify_Delete and Undelete" status="PASSED">
         <system-out><![CDATA[2019-02-17 15:36:19 - [TEST_CASE][PASSED] - Test Cases/Event Group Management/TC_Verify_Delete and Undelete: Test Cases/Event Group Management/TC_Verify_Delete and Undelete

2019-02-17 15:36:19 - [TEST_STEP][PASSED] - pk_Functions.CS_WebtableVerification.ValidateSearchParameters(check_Delete, "Event Group Management/MOF_NE_Event Group ManagementObjectRepository", "Sheet1", [code], 0): pk_Functions.CS_WebtableVerification.ValidateSearchParameters is PASSED

2019-02-17 15:36:22 - [MESSAGE][PASSED] - Delayed 3 second(s)

2019-02-17 15:36:24 - [MESSAGE][PASSED] - Delayed 2 second(s)

2019-02-17 15:36:24 - [MESSAGE][PASSED] - Object: '' is clicked on

2019-02-17 15:36:26 - [MESSAGE][PASSED] - Delayed 2 second(s)

2019-02-17 15:36:26 - [MESSAGE][PASSED] - Attribute 'tabindex' of object '' is: '0'

2019-02-17 15:36:27 - [MESSAGE][PASSED] - Object: '' is clicked on

2019-02-17 15:36:32 - [MESSAGE][PASSED] - Delayed 5 second(s)

2019-02-17 15:36:32 - [MESSAGE][PASSED] - Attribute 'tabindex' of object '' is: '0'

2019-02-17 15:36:32 - [MESSAGE][PASSED] - Object: '' is clicked on

2019-02-17 15:36:37 - [MESSAGE][PASSED] - Delayed 5 second(s)

2019-02-17 15:36:38 - [MESSAGE][PASSED] - Attribute 'tabindex' of object '' is: '-1'

2019-02-17 15:36:38 - [MESSAGE][PASSED] - pk_Functions.CS_WebtableVerification.ValidateSearchParameters is PASSED

2019-02-17 15:36:38 - [TEST_STEP][PASSED] - delay(2): Delayed 2 second(s)

2019-02-17 15:36:40 - [MESSAGE][PASSED] - Delayed 2 second(s)]]></system-out>
         <system-err><![CDATA[]]></system-err>
      </testcase>
      <testcase name="Test Cases/Event Group Management/TC_Verify_Delete and Undelete" classname="Test Cases/Event Group Management/TC_Verify_Delete and Undelete" status="PASSED">
         <system-out><![CDATA[2019-02-17 15:36:40 - [TEST_CASE][PASSED] - Test Cases/Event Group Management/TC_Verify_Delete and Undelete: Test Cases/Event Group Management/TC_Verify_Delete and Undelete

2019-02-17 15:36:40 - [TEST_STEP][PASSED] - pk_Functions.CS_WebtableVerification.ValidateSearchParameters(check_Delete, "Event Group Management/MOF_NE_Event Group ManagementObjectRepository", "Sheet1", [code], 0): pk_Functions.CS_WebtableVerification.ValidateSearchParameters is PASSED

2019-02-17 15:36:43 - [MESSAGE][PASSED] - Delayed 3 second(s)

2019-02-17 15:36:45 - [MESSAGE][PASSED] - Delayed 2 second(s)

2019-02-17 15:36:45 - [MESSAGE][PASSED] - Object: '' is clicked on

2019-02-17 15:36:47 - [MESSAGE][PASSED] - Delayed 2 second(s)

2019-02-17 15:36:47 - [MESSAGE][PASSED] - Attribute 'tabindex' of object '' is: '0'

2019-02-17 15:36:47 - [MESSAGE][PASSED] - Object: '' is clicked on

2019-02-17 15:36:52 - [MESSAGE][PASSED] - Delayed 5 second(s)

2019-02-17 15:36:53 - [MESSAGE][PASSED] - pk_Functions.CS_WebtableVerification.ValidateSearchParameters is PASSED

2019-02-17 15:36:53 - [TEST_STEP][PASSED] - delay(2): Delayed 2 second(s)

2019-02-17 15:36:55 - [MESSAGE][PASSED] - Delayed 2 second(s)]]></system-out>
         <system-err><![CDATA[]]></system-err>
      </testcase>
      <testcase name="Test Cases/Event Group Management/TC_Verify_Delete and Undelete" classname="Test Cases/Event Group Management/TC_Verify_Delete and Undelete" status="PASSED">
         <system-out><![CDATA[2019-02-17 15:36:55 - [TEST_CASE][PASSED] - Test Cases/Event Group Management/TC_Verify_Delete and Undelete: Test Cases/Event Group Management/TC_Verify_Delete and Undelete

2019-02-17 15:36:55 - [TEST_STEP][PASSED] - pk_Functions.CS_WebtableVerification.ValidateSearchParameters(check_Delete, "Event Group Management/MOF_NE_Event Group ManagementObjectRepository", "Sheet1", [code], 0): pk_Functions.CS_WebtableVerification.ValidateSearchParameters is PASSED

2019-02-17 15:36:58 - [MESSAGE][PASSED] - Delayed 3 second(s)

2019-02-17 15:37:00 - [MESSAGE][PASSED] - Delayed 2 second(s)

2019-02-17 15:37:00 - [MESSAGE][PASSED] - Object: '' is clicked on

2019-02-17 15:37:02 - [MESSAGE][PASSED] - Delayed 2 second(s)

2019-02-17 15:37:03 - [MESSAGE][PASSED] - Attribute 'tabindex' of object '' is: '0'

2019-02-17 15:37:03 - [MESSAGE][PASSED] - Object: '' is clicked on

2019-02-17 15:37:08 - [MESSAGE][PASSED] - Delayed 5 second(s)

2019-02-17 15:37:08 - [MESSAGE][PASSED] - Attribute 'tabindex' of object '' is: '0'

2019-02-17 15:37:08 - [MESSAGE][PASSED] - Object: '' is clicked on

2019-02-17 15:37:13 - [MESSAGE][PASSED] - Delayed 5 second(s)

2019-02-17 15:37:14 - [MESSAGE][PASSED] - Attribute 'tabindex' of object '' is: '-1'

2019-02-17 15:37:14 - [MESSAGE][PASSED] - pk_Functions.CS_WebtableVerification.ValidateSearchParameters is PASSED

2019-02-17 15:37:14 - [TEST_STEP][PASSED] - delay(2): Delayed 2 second(s)

2019-02-17 15:37:16 - [MESSAGE][PASSED] - Delayed 2 second(s)]]></system-out>
         <system-err><![CDATA[]]></system-err>
      </testcase>
      <system-out><![CDATA[2019-02-17 15:31:23 - [TEST_SUITE][PASSED] - TS_EGMFullScenario: Test Cases/Event Group Management/TC_Verify_Delete and Undelete]]></system-out>
      <system-err><![CDATA[]]></system-err>
   </testsuite>
</testsuites>
