<?xml version="1.0" encoding="UTF-8"?>
<testsuites name="TS_EGMFullScenario" time="269" tests="23" failures="0" errors="1">
   <testsuite name="TS_EGMFullScenario" tests="23" failures="0" errors="1" time="269" timestamp="2019-02-14 15:35:10" hostname="aeibrahim - LPALXY0477.ejadaalex.local" id="Test Suites/Event Group Management/TS_EGMFullScenario">
      <properties>
         <property name="deviceName" value=""/>
         <property name="devicePlatform" value=""/>
         <property name="logFolder" value="C:\\Users\\aeibrahim\\git\\MOF\\Reports\\Event Group Management\\TS_EGMFullScenario\\20190214_153507"/>
         <property name="logFiles" value="C:\\Users\\aeibrahim\\git\\MOF\\Reports\\Event Group Management\\TS_EGMFullScenario\\20190214_153507\\execution0.log"/>
         <property name="attachments" value=""/>
         <property name="hostName" value="aeibrahim - LPALXY0477.ejadaalex.local"/>
         <property name="os" value="Windows 10 64bit"/>
         <property name="katalonVersion" value="5.10.1.1"/>
         <property name="browser" value="Chrome 71.0.3578.98"/>
         <property name="hostAddress" value="192.168.3.64"/>
         <property name="sessionId" value="d87cd9dff45588d0072c65f0fbfeedd3"/>
         <property name="seleniumVersion" value="3.7.1"/>
         <property name="proxyInformation" value="ProxyInformation{proxyOption=NO_PROXY, proxyServerType=HTTP, password=, proxyServerAddress=, proxyServerPort=0}"/>
         <property name="platform" value="Windows 10"/>
      </properties>
      <testcase name="Test Cases/TC_Login" classname="Test Cases/TC_Login" status="PASSED">
         <system-out><![CDATA[2019-02-14 15:35:10 - [TEST_CASE][PASSED] - Test Cases/TC_Login: Test Cases/TC_Login

2019-02-14 15:35:11 - [TEST_STEP][PASSED] - pk_Functions.CS_Login.LoginFun(findTestObject(null), "http://192.168.0.190:8080/mof/#/", findTestObject("Login/Username"), findTestObject("Login/Password"), "AAttia", "123", findTestObject("Login/Login")): pk_Functions.CS_Login.LoginFun is PASSED

2019-02-14 15:35:11 - [MESSAGE][WARNING] - Test object id is null

2019-02-14 15:35:11 - [MESSAGE][INFO] - Starting 'Chrome' driver

2019-02-14 15:35:11 - [MESSAGE][INFO] - Action delay is set to 0 seconds

2019-02-14 15:35:27 - [MESSAGE][PASSED] - Browser is opened with url: 'http://192.168.0.190:8080/mof/#/'

2019-02-14 15:35:27 - [MESSAGE][PASSED] - Text 'AAttia' is set on object 'Object Repository/Login/Username'

2019-02-14 15:35:27 - [MESSAGE][PASSED] - Text '123' is set on object 'Object Repository/Login/Password'

2019-02-14 15:35:27 - [MESSAGE][PASSED] - Object: 'Object Repository/Login/Login' is clicked on

2019-02-14 15:35:27 - [MESSAGE][PASSED] - pk_Functions.CS_Login.LoginFun is PASSED]]></system-out>
         <system-err><![CDATA[]]></system-err>
      </testcase>
      <testcase name="Test Cases/Event Group Management/TC_Select_Screen" classname="Test Cases/Event Group Management/TC_Select_Screen" status="PASSED">
         <system-out><![CDATA[2019-02-14 15:35:27 - [TEST_CASE][PASSED] - Test Cases/Event Group Management/TC_Select_Screen: Test Cases/Event Group Management/TC_Select_Screen

2019-02-14 15:35:28 - [TEST_STEP][PASSED] - click(findTestObject("NE_SideMenu")): Object: 'Object Repository/NE_SideMenu' is clicked on

2019-02-14 15:35:29 - [MESSAGE][PASSED] - Object: 'Object Repository/NE_SideMenu' is clicked on

2019-02-14 15:35:29 - [TEST_STEP][PASSED] - click(findTestObject("NE_EventGroupManagement")): Object: 'Object Repository/NE_EventGroupManagement' is clicked on

2019-02-14 15:35:29 - [MESSAGE][PASSED] - Object: 'Object Repository/NE_EventGroupManagement' is clicked on

2019-02-14 15:35:29 - [TEST_STEP][PASSED] - click(findTestObject("Event Group Managemnt/BTN_Search")): Object: 'Object Repository/Event Group Managemnt/BTN_Search' is clicked on

2019-02-14 15:35:29 - [MESSAGE][PASSED] - Object: 'Object Repository/Event Group Managemnt/BTN_Search' is clicked on

2019-02-14 15:35:29 - [TEST_STEP][PASSED] - delay(2): Delayed 2 second(s)

2019-02-14 15:35:31 - [MESSAGE][PASSED] - Delayed 2 second(s)]]></system-out>
         <system-err><![CDATA[]]></system-err>
      </testcase>
      <testcase name="Test Cases/Event Group Management/TC_Insert_Records" classname="Test Cases/Event Group Management/TC_Insert_Records" status="PASSED">
         <system-out><![CDATA[2019-02-14 15:35:31 - [TEST_CASE][PASSED] - Test Cases/Event Group Management/TC_Insert_Records: Test Cases/Event Group Management/TC_Insert_Records

2019-02-14 15:35:32 - [TEST_STEP][PASSED] - click(findTestObject("Event Group Managemnt/BTN_Insert")): Object: 'Object Repository/Event Group Managemnt/BTN_Insert' is clicked on

2019-02-14 15:35:32 - [MESSAGE][PASSED] - Object: 'Object Repository/Event Group Managemnt/BTN_Insert' is clicked on

2019-02-14 15:35:32 - [TEST_STEP][PASSED] - pk_Functions.CS_AllPageData.AllPageDataFun("Event Group Management/MOF_NE_Event Group ManagementObjectRepository", "Sheet1", [code, arabic_des, english_des]): pk_Functions.CS_AllPageData.AllPageDataFun is PASSED

2019-02-14 15:35:34 - [MESSAGE][PASSED] - Delayed 1 second(s)

2019-02-14 15:35:34 - [MESSAGE][PASSED] - Text 'EB2' is set on object ''

2019-02-14 15:35:35 - [MESSAGE][PASSED] - Delayed 1 second(s)

2019-02-14 15:35:35 - [MESSAGE][PASSED] - Text 'English Description_1' is set on object ''

2019-02-14 15:35:36 - [MESSAGE][PASSED] - Delayed 1 second(s)

2019-02-14 15:35:36 - [MESSAGE][PASSED] - Text 'English Description_123' is set on object ''

2019-02-14 15:35:36 - [MESSAGE][PASSED] - pk_Functions.CS_AllPageData.AllPageDataFun is PASSED

2019-02-14 15:35:36 - [TEST_STEP][PASSED] - click(findTestObject("BTN_Save")): Object: 'Object Repository/BTN_Save' is clicked on

2019-02-14 15:35:37 - [MESSAGE][PASSED] - Object: 'Object Repository/BTN_Save' is clicked on

2019-02-14 15:35:37 - [TEST_STEP][PASSED] - delay(3): Delayed 3 second(s)

2019-02-14 15:35:40 - [MESSAGE][PASSED] - Delayed 3 second(s)

2019-02-14 15:35:40 - [TEST_STEP][PASSED] - click(findTestObject("Event Group Managemnt/BTN_Back (1)")): Object: 'Object Repository/Event Group Managemnt/BTN_Back (1)' is clicked on

2019-02-14 15:35:40 - [MESSAGE][PASSED] - Object: 'Object Repository/Event Group Managemnt/BTN_Back (1)' is clicked on

2019-02-14 15:35:40 - [TEST_STEP][PASSED] - delay(3): Delayed 3 second(s)

2019-02-14 15:35:43 - [MESSAGE][PASSED] - Delayed 3 second(s)]]></system-out>
         <system-err><![CDATA[]]></system-err>
      </testcase>
      <testcase name="Test Cases/Event Group Management/TC_Insert_Records" classname="Test Cases/Event Group Management/TC_Insert_Records" status="PASSED">
         <system-out><![CDATA[2019-02-14 15:35:43 - [TEST_CASE][PASSED] - Test Cases/Event Group Management/TC_Insert_Records: Test Cases/Event Group Management/TC_Insert_Records

2019-02-14 15:35:43 - [TEST_STEP][PASSED] - click(findTestObject("Event Group Managemnt/BTN_Insert")): Object: 'Object Repository/Event Group Managemnt/BTN_Insert' is clicked on

2019-02-14 15:35:43 - [MESSAGE][PASSED] - Object: 'Object Repository/Event Group Managemnt/BTN_Insert' is clicked on

2019-02-14 15:35:43 - [TEST_STEP][PASSED] - pk_Functions.CS_AllPageData.AllPageDataFun("Event Group Management/MOF_NE_Event Group ManagementObjectRepository", "Sheet1", [code, arabic_des, english_des]): pk_Functions.CS_AllPageData.AllPageDataFun is PASSED

2019-02-14 15:35:44 - [MESSAGE][PASSED] - Delayed 1 second(s)

2019-02-14 15:35:44 - [MESSAGE][PASSED] - Text 'EB3' is set on object ''

2019-02-14 15:35:45 - [MESSAGE][PASSED] - Delayed 1 second(s)

2019-02-14 15:35:45 - [MESSAGE][PASSED] - Text 'English Description_2' is set on object ''

2019-02-14 15:35:46 - [MESSAGE][PASSED] - Delayed 1 second(s)

2019-02-14 15:35:47 - [MESSAGE][PASSED] - Text 'English Description_2' is set on object ''

2019-02-14 15:35:47 - [MESSAGE][PASSED] - pk_Functions.CS_AllPageData.AllPageDataFun is PASSED

2019-02-14 15:35:47 - [TEST_STEP][PASSED] - click(findTestObject("BTN_Save")): Object: 'Object Repository/BTN_Save' is clicked on

2019-02-14 15:35:47 - [MESSAGE][PASSED] - Object: 'Object Repository/BTN_Save' is clicked on

2019-02-14 15:35:47 - [TEST_STEP][PASSED] - delay(3): Delayed 3 second(s)

2019-02-14 15:35:50 - [MESSAGE][PASSED] - Delayed 3 second(s)

2019-02-14 15:35:50 - [TEST_STEP][PASSED] - click(findTestObject("Event Group Managemnt/BTN_Back (1)")): Object: 'Object Repository/Event Group Managemnt/BTN_Back (1)' is clicked on

2019-02-14 15:35:50 - [MESSAGE][PASSED] - Object: 'Object Repository/Event Group Managemnt/BTN_Back (1)' is clicked on

2019-02-14 15:35:50 - [TEST_STEP][PASSED] - delay(3): Delayed 3 second(s)

2019-02-14 15:35:53 - [MESSAGE][PASSED] - Delayed 3 second(s)]]></system-out>
         <system-err><![CDATA[]]></system-err>
      </testcase>
      <testcase name="Test Cases/Event Group Management/TC_Insert_Records" classname="Test Cases/Event Group Management/TC_Insert_Records" status="PASSED">
         <system-out><![CDATA[2019-02-14 15:35:53 - [TEST_CASE][PASSED] - Test Cases/Event Group Management/TC_Insert_Records: Test Cases/Event Group Management/TC_Insert_Records

2019-02-14 15:35:53 - [TEST_STEP][PASSED] - click(findTestObject("Event Group Managemnt/BTN_Insert")): Object: 'Object Repository/Event Group Managemnt/BTN_Insert' is clicked on

2019-02-14 15:35:53 - [MESSAGE][PASSED] - Object: 'Object Repository/Event Group Managemnt/BTN_Insert' is clicked on

2019-02-14 15:35:53 - [TEST_STEP][PASSED] - pk_Functions.CS_AllPageData.AllPageDataFun("Event Group Management/MOF_NE_Event Group ManagementObjectRepository", "Sheet1", [code, arabic_des, english_des]): pk_Functions.CS_AllPageData.AllPageDataFun is PASSED

2019-02-14 15:35:54 - [MESSAGE][PASSED] - Delayed 1 second(s)

2019-02-14 15:35:54 - [MESSAGE][PASSED] - Text 'EB4' is set on object ''

2019-02-14 15:35:55 - [MESSAGE][PASSED] - Delayed 1 second(s)

2019-02-14 15:35:56 - [MESSAGE][PASSED] - Text 'English Description_3' is set on object ''

2019-02-14 15:35:57 - [MESSAGE][PASSED] - Delayed 1 second(s)

2019-02-14 15:35:57 - [MESSAGE][PASSED] - Text 'English Description_3' is set on object ''

2019-02-14 15:35:57 - [MESSAGE][PASSED] - pk_Functions.CS_AllPageData.AllPageDataFun is PASSED

2019-02-14 15:35:57 - [TEST_STEP][PASSED] - click(findTestObject("BTN_Save")): Object: 'Object Repository/BTN_Save' is clicked on

2019-02-14 15:35:57 - [MESSAGE][PASSED] - Object: 'Object Repository/BTN_Save' is clicked on

2019-02-14 15:35:57 - [TEST_STEP][PASSED] - delay(3): Delayed 3 second(s)

2019-02-14 15:36:00 - [MESSAGE][PASSED] - Delayed 3 second(s)

2019-02-14 15:36:00 - [TEST_STEP][PASSED] - click(findTestObject("Event Group Managemnt/BTN_Back (1)")): Object: 'Object Repository/Event Group Managemnt/BTN_Back (1)' is clicked on

2019-02-14 15:36:00 - [MESSAGE][PASSED] - Object: 'Object Repository/Event Group Managemnt/BTN_Back (1)' is clicked on

2019-02-14 15:36:00 - [TEST_STEP][PASSED] - delay(3): Delayed 3 second(s)

2019-02-14 15:36:03 - [MESSAGE][PASSED] - Delayed 3 second(s)]]></system-out>
         <system-err><![CDATA[]]></system-err>
      </testcase>
      <testcase name="Test Cases/Event Group Management/TC_Insert_Records" classname="Test Cases/Event Group Management/TC_Insert_Records" status="PASSED">
         <system-out><![CDATA[2019-02-14 15:36:03 - [TEST_CASE][PASSED] - Test Cases/Event Group Management/TC_Insert_Records: Test Cases/Event Group Management/TC_Insert_Records

2019-02-14 15:36:03 - [TEST_STEP][PASSED] - click(findTestObject("Event Group Managemnt/BTN_Insert")): Object: 'Object Repository/Event Group Managemnt/BTN_Insert' is clicked on

2019-02-14 15:36:03 - [MESSAGE][PASSED] - Object: 'Object Repository/Event Group Managemnt/BTN_Insert' is clicked on

2019-02-14 15:36:03 - [TEST_STEP][PASSED] - pk_Functions.CS_AllPageData.AllPageDataFun("Event Group Management/MOF_NE_Event Group ManagementObjectRepository", "Sheet1", [code, arabic_des, english_des]): pk_Functions.CS_AllPageData.AllPageDataFun is PASSED

2019-02-14 15:36:04 - [MESSAGE][PASSED] - Delayed 1 second(s)

2019-02-14 15:36:04 - [MESSAGE][PASSED] - Text 'EB5' is set on object ''

2019-02-14 15:36:05 - [MESSAGE][PASSED] - Delayed 1 second(s)

2019-02-14 15:36:06 - [MESSAGE][PASSED] - Text 'English Description_4' is set on object ''

2019-02-14 15:36:07 - [MESSAGE][PASSED] - Delayed 1 second(s)

2019-02-14 15:36:07 - [MESSAGE][PASSED] - Text 'English Description_4' is set on object ''

2019-02-14 15:36:07 - [MESSAGE][PASSED] - pk_Functions.CS_AllPageData.AllPageDataFun is PASSED

2019-02-14 15:36:07 - [TEST_STEP][PASSED] - click(findTestObject("BTN_Save")): Object: 'Object Repository/BTN_Save' is clicked on

2019-02-14 15:36:07 - [MESSAGE][PASSED] - Object: 'Object Repository/BTN_Save' is clicked on

2019-02-14 15:36:07 - [TEST_STEP][PASSED] - delay(3): Delayed 3 second(s)

2019-02-14 15:36:10 - [MESSAGE][PASSED] - Delayed 3 second(s)

2019-02-14 15:36:10 - [TEST_STEP][PASSED] - click(findTestObject("Event Group Managemnt/BTN_Back (1)")): Object: 'Object Repository/Event Group Managemnt/BTN_Back (1)' is clicked on

2019-02-14 15:36:10 - [MESSAGE][PASSED] - Object: 'Object Repository/Event Group Managemnt/BTN_Back (1)' is clicked on

2019-02-14 15:36:10 - [TEST_STEP][PASSED] - delay(3): Delayed 3 second(s)

2019-02-14 15:36:13 - [MESSAGE][PASSED] - Delayed 3 second(s)]]></system-out>
         <system-err><![CDATA[]]></system-err>
      </testcase>
      <testcase name="Test Cases/Event Group Management/TC_Insert_Records" classname="Test Cases/Event Group Management/TC_Insert_Records" status="PASSED">
         <system-out><![CDATA[2019-02-14 15:36:13 - [TEST_CASE][PASSED] - Test Cases/Event Group Management/TC_Insert_Records: Test Cases/Event Group Management/TC_Insert_Records

2019-02-14 15:36:13 - [TEST_STEP][PASSED] - click(findTestObject("Event Group Managemnt/BTN_Insert")): Object: 'Object Repository/Event Group Managemnt/BTN_Insert' is clicked on

2019-02-14 15:36:13 - [MESSAGE][PASSED] - Object: 'Object Repository/Event Group Managemnt/BTN_Insert' is clicked on

2019-02-14 15:36:13 - [TEST_STEP][PASSED] - pk_Functions.CS_AllPageData.AllPageDataFun("Event Group Management/MOF_NE_Event Group ManagementObjectRepository", "Sheet1", [code, arabic_des, english_des]): pk_Functions.CS_AllPageData.AllPageDataFun is PASSED

2019-02-14 15:36:14 - [MESSAGE][PASSED] - Delayed 1 second(s)

2019-02-14 15:36:14 - [MESSAGE][PASSED] - Text 'z12' is set on object ''

2019-02-14 15:36:15 - [MESSAGE][PASSED] - Delayed 1 second(s)

2019-02-14 15:36:16 - [MESSAGE][PASSED] - Text 'English Description_4' is set on object ''

2019-02-14 15:36:17 - [MESSAGE][PASSED] - Delayed 1 second(s)

2019-02-14 15:36:17 - [MESSAGE][PASSED] - Text 'English Description_4' is set on object ''

2019-02-14 15:36:17 - [MESSAGE][PASSED] - pk_Functions.CS_AllPageData.AllPageDataFun is PASSED

2019-02-14 15:36:17 - [TEST_STEP][PASSED] - click(findTestObject("BTN_Save")): Object: 'Object Repository/BTN_Save' is clicked on

2019-02-14 15:36:17 - [MESSAGE][PASSED] - Object: 'Object Repository/BTN_Save' is clicked on

2019-02-14 15:36:17 - [TEST_STEP][PASSED] - delay(3): Delayed 3 second(s)

2019-02-14 15:36:20 - [MESSAGE][PASSED] - Delayed 3 second(s)

2019-02-14 15:36:20 - [TEST_STEP][PASSED] - click(findTestObject("Event Group Managemnt/BTN_Back (1)")): Object: 'Object Repository/Event Group Managemnt/BTN_Back (1)' is clicked on

2019-02-14 15:36:20 - [MESSAGE][PASSED] - Object: 'Object Repository/Event Group Managemnt/BTN_Back (1)' is clicked on

2019-02-14 15:36:20 - [TEST_STEP][PASSED] - delay(3): Delayed 3 second(s)

2019-02-14 15:36:23 - [MESSAGE][PASSED] - Delayed 3 second(s)]]></system-out>
         <system-err><![CDATA[]]></system-err>
      </testcase>
      <testcase name="Test Cases/Event Group Management/TC_Clear" classname="Test Cases/Event Group Management/TC_Clear" status="PASSED">
         <system-out><![CDATA[2019-02-14 15:36:23 - [TEST_CASE][PASSED] - Test Cases/Event Group Management/TC_Clear: Test Cases/Event Group Management/TC_Clear

2019-02-14 15:36:23 - [TEST_STEP][PASSED] - click(findTestObject("Event Group Managemnt/BTN_Clear")): Object: 'Object Repository/Event Group Managemnt/BTN_Clear' is clicked on

2019-02-14 15:36:23 - [MESSAGE][PASSED] - Object: 'Object Repository/Event Group Managemnt/BTN_Clear' is clicked on]]></system-out>
         <system-err><![CDATA[]]></system-err>
      </testcase>
      <testcase name="Test Cases/Event Group Management/TC_Verify_Insert" classname="Test Cases/Event Group Management/TC_Verify_Insert" status="PASSED">
         <system-out><![CDATA[2019-02-14 15:36:23 - [TEST_CASE][PASSED] - Test Cases/Event Group Management/TC_Verify_Insert: Test Cases/Event Group Management/TC_Verify_Insert

2019-02-14 15:36:24 - [TEST_STEP][PASSED] - if (search == "SearchYes"): pk_Functions.CS_WebtableVerification.ValidateSearchParameters is PASSED

2019-02-14 15:36:24 - [TEST_STEP][PASSED] - pk_Functions.CS_SpecificPageData.DataFun(["Code_Search"], "Event Group Management/MOF_NE_Event Group ManagementObjectRepository", "Sheet1", [Code]): pk_Functions.CS_SpecificPageData.DataFun is PASSED

2019-02-14 15:36:24 - [MESSAGE][PASSED] - Text 'EB2' is set on object ''

2019-02-14 15:36:24 - [MESSAGE][PASSED] - pk_Functions.CS_SpecificPageData.DataFun is PASSED

2019-02-14 15:36:24 - [TEST_STEP][PASSED] - delay(2): Delayed 2 second(s)

2019-02-14 15:36:26 - [MESSAGE][PASSED] - Delayed 2 second(s)

2019-02-14 15:36:26 - [TEST_STEP][PASSED] - click(findTestObject("Event Group Managemnt/BTN_Search")): Object: 'Object Repository/Event Group Managemnt/BTN_Search' is clicked on

2019-02-14 15:36:26 - [MESSAGE][PASSED] - Object: 'Object Repository/Event Group Managemnt/BTN_Search' is clicked on

2019-02-14 15:36:26 - [TEST_STEP][PASSED] - pk_Functions.CS_WebtableVerification.ValidateSearchParameters(search, "Event Group Management/MOF_NE_Event Group ManagementObjectRepository", "Sheet1", [Code, EnglishDescription, ArabicDescription], 0): pk_Functions.CS_WebtableVerification.ValidateSearchParameters is PASSED

2019-02-14 15:36:29 - [MESSAGE][PASSED] - Delayed 3 second(s)

2019-02-14 15:36:29 - [MESSAGE][PASSED] - pk_Functions.CS_WebtableVerification.ValidateSearchParameters is PASSED

2019-02-14 15:36:29 - [TEST_STEP][PASSED] - delay(1): Delayed 1 second(s)

2019-02-14 15:36:30 - [MESSAGE][PASSED] - Delayed 1 second(s)]]></system-out>
         <system-err><![CDATA[]]></system-err>
      </testcase>
      <testcase name="Test Cases/Event Group Management/TC_Verify_Insert" classname="Test Cases/Event Group Management/TC_Verify_Insert" status="PASSED">
         <system-out><![CDATA[2019-02-14 15:36:30 - [TEST_CASE][PASSED] - Test Cases/Event Group Management/TC_Verify_Insert: Test Cases/Event Group Management/TC_Verify_Insert

2019-02-14 15:36:30 - [TEST_STEP][PASSED] - if (search == "SearchYes"): pk_Functions.CS_WebtableVerification.ValidateSearchParameters is PASSED

2019-02-14 15:36:30 - [TEST_STEP][PASSED] - pk_Functions.CS_SpecificPageData.DataFun(["Code_Search"], "Event Group Management/MOF_NE_Event Group ManagementObjectRepository", "Sheet1", [Code]): pk_Functions.CS_SpecificPageData.DataFun is PASSED

2019-02-14 15:36:30 - [MESSAGE][PASSED] - Text 'EB3' is set on object ''

2019-02-14 15:36:30 - [MESSAGE][PASSED] - pk_Functions.CS_SpecificPageData.DataFun is PASSED

2019-02-14 15:36:30 - [TEST_STEP][PASSED] - delay(2): Delayed 2 second(s)

2019-02-14 15:36:32 - [MESSAGE][PASSED] - Delayed 2 second(s)

2019-02-14 15:36:32 - [TEST_STEP][PASSED] - click(findTestObject("Event Group Managemnt/BTN_Search")): Object: 'Object Repository/Event Group Managemnt/BTN_Search' is clicked on

2019-02-14 15:36:33 - [MESSAGE][PASSED] - Object: 'Object Repository/Event Group Managemnt/BTN_Search' is clicked on

2019-02-14 15:36:33 - [TEST_STEP][PASSED] - pk_Functions.CS_WebtableVerification.ValidateSearchParameters(search, "Event Group Management/MOF_NE_Event Group ManagementObjectRepository", "Sheet1", [Code, EnglishDescription, ArabicDescription], 0): pk_Functions.CS_WebtableVerification.ValidateSearchParameters is PASSED

2019-02-14 15:36:36 - [MESSAGE][PASSED] - Delayed 3 second(s)

2019-02-14 15:36:36 - [MESSAGE][PASSED] - pk_Functions.CS_WebtableVerification.ValidateSearchParameters is PASSED

2019-02-14 15:36:36 - [TEST_STEP][PASSED] - delay(1): Delayed 1 second(s)

2019-02-14 15:36:37 - [MESSAGE][PASSED] - Delayed 1 second(s)]]></system-out>
         <system-err><![CDATA[]]></system-err>
      </testcase>
      <testcase name="Test Cases/Event Group Management/TC_Verify_Insert" classname="Test Cases/Event Group Management/TC_Verify_Insert" status="PASSED">
         <system-out><![CDATA[2019-02-14 15:36:37 - [TEST_CASE][PASSED] - Test Cases/Event Group Management/TC_Verify_Insert: Test Cases/Event Group Management/TC_Verify_Insert

2019-02-14 15:36:37 - [TEST_STEP][PASSED] - if (search == "SearchYes"): null

2019-02-14 15:36:37 - [TEST_STEP][PASSED] - delay(1): Delayed 1 second(s)

2019-02-14 15:36:38 - [MESSAGE][PASSED] - Delayed 1 second(s)]]></system-out>
         <system-err><![CDATA[]]></system-err>
      </testcase>
      <testcase name="Test Cases/Event Group Management/TC_Verify_Insert" classname="Test Cases/Event Group Management/TC_Verify_Insert" status="PASSED">
         <system-out><![CDATA[2019-02-14 15:36:38 - [TEST_CASE][PASSED] - Test Cases/Event Group Management/TC_Verify_Insert: Test Cases/Event Group Management/TC_Verify_Insert

2019-02-14 15:36:38 - [TEST_STEP][PASSED] - if (search == "SearchYes"): null

2019-02-14 15:36:38 - [TEST_STEP][PASSED] - delay(1): Delayed 1 second(s)

2019-02-14 15:36:39 - [MESSAGE][PASSED] - Delayed 1 second(s)]]></system-out>
         <system-err><![CDATA[]]></system-err>
      </testcase>
      <testcase name="Test Cases/Event Group Management/TC_Verify_Insert" classname="Test Cases/Event Group Management/TC_Verify_Insert" status="PASSED">
         <system-out><![CDATA[2019-02-14 15:36:39 - [TEST_CASE][PASSED] - Test Cases/Event Group Management/TC_Verify_Insert: Test Cases/Event Group Management/TC_Verify_Insert

2019-02-14 15:36:39 - [TEST_STEP][PASSED] - if (search == "SearchYes"): null

2019-02-14 15:36:39 - [TEST_STEP][PASSED] - delay(1): Delayed 1 second(s)

2019-02-14 15:36:40 - [MESSAGE][PASSED] - Delayed 1 second(s)]]></system-out>
         <system-err><![CDATA[]]></system-err>
      </testcase>
      <testcase name="Test Cases/Event Group Management/TC_Click on Search Button" classname="Test Cases/Event Group Management/TC_Click on Search Button" status="PASSED">
         <system-out><![CDATA[2019-02-14 15:36:40 - [TEST_CASE][PASSED] - Test Cases/Event Group Management/TC_Click on Search Button: Test Cases/Event Group Management/TC_Click on Search Button

2019-02-14 15:36:40 - [TEST_STEP][PASSED] - click(findTestObject("Event Group Managemnt/BTN_Clear")): Object: 'Object Repository/Event Group Managemnt/BTN_Clear' is clicked on

2019-02-14 15:36:40 - [MESSAGE][PASSED] - Object: 'Object Repository/Event Group Managemnt/BTN_Clear' is clicked on

2019-02-14 15:36:40 - [TEST_STEP][PASSED] - delay(2): Delayed 2 second(s)

2019-02-14 15:36:42 - [MESSAGE][PASSED] - Delayed 2 second(s)

2019-02-14 15:36:42 - [TEST_STEP][PASSED] - click(findTestObject("Event Group Managemnt/BTN_Search")): Object: 'Object Repository/Event Group Managemnt/BTN_Search' is clicked on

2019-02-14 15:36:42 - [MESSAGE][PASSED] - Object: 'Object Repository/Event Group Managemnt/BTN_Search' is clicked on

2019-02-14 15:36:42 - [TEST_STEP][PASSED] - delay(1): Delayed 1 second(s)

2019-02-14 15:36:43 - [MESSAGE][PASSED] - Delayed 1 second(s)]]></system-out>
         <system-err><![CDATA[]]></system-err>
      </testcase>
      <testcase name="Test Cases/Event Group Management/TC_Delete" classname="Test Cases/Event Group Management/TC_Delete" status="PASSED">
         <system-out><![CDATA[2019-02-14 15:36:43 - [TEST_CASE][PASSED] - Test Cases/Event Group Management/TC_Delete: Test Cases/Event Group Management/TC_Delete

2019-02-14 15:36:43 - [TEST_STEP][PASSED] - if (delete): pk_Functions.CS_ClickingonActionButtonswithPagination.SelectRecordFromWebtableFun is PASSED

2019-02-14 15:36:43 - [TEST_STEP][PASSED] - pk_Functions.CS_ClickingonActionButtonswithPagination.SelectRecordFromWebtableFun(delete, 0, 3, "Event Group Management/MOF_NE_Event Group ManagementObjectRepository", "Sheet1", code): pk_Functions.CS_ClickingonActionButtonswithPagination.SelectRecordFromWebtableFun is PASSED

2019-02-14 15:36:44 - [MESSAGE][PASSED] - Object: '' is clicked on

2019-02-14 15:36:46 - [MESSAGE][PASSED] - Delayed 2 second(s)

2019-02-14 15:36:48 - [MESSAGE][PASSED] - Delayed 2 second(s)

2019-02-14 15:36:48 - [MESSAGE][PASSED] - Attribute 'tabindex' of object '' is: '0'

2019-02-14 15:36:48 - [MESSAGE][PASSED] - Attribute 'tabindex' of object '' is: '0'

2019-02-14 15:36:50 - [MESSAGE][PASSED] - Delayed 2 second(s)

2019-02-14 15:36:51 - [MESSAGE][PASSED] - Delayed 1 second(s)

2019-02-14 15:36:52 - [MESSAGE][PASSED] - Delayed 1 second(s)

2019-02-14 15:36:53 - [MESSAGE][PASSED] - Delayed 1 second(s)

2019-02-14 15:36:54 - [MESSAGE][PASSED] - Delayed 1 second(s)

2019-02-14 15:36:55 - [MESSAGE][PASSED] - Delayed 1 second(s)

2019-02-14 15:36:56 - [MESSAGE][PASSED] - Delayed 1 second(s)

2019-02-14 15:36:57 - [MESSAGE][PASSED] - Delayed 1 second(s)

2019-02-14 15:36:58 - [MESSAGE][PASSED] - Delayed 1 second(s)

2019-02-14 15:36:59 - [MESSAGE][PASSED] - Delayed 1 second(s)

2019-02-14 15:37:00 - [MESSAGE][PASSED] - Delayed 1 second(s)

2019-02-14 15:37:01 - [MESSAGE][PASSED] - Delayed 1 second(s)

2019-02-14 15:37:02 - [MESSAGE][PASSED] - Delayed 1 second(s)

2019-02-14 15:37:03 - [MESSAGE][PASSED] - Delayed 1 second(s)

2019-02-14 15:37:03 - [MESSAGE][PASSED] - Attribute 'tabindex' of object '' is: '0'

2019-02-14 15:37:05 - [MESSAGE][PASSED] - Delayed 2 second(s)

2019-02-14 15:37:05 - [MESSAGE][PASSED] - Object: '' is clicked on

2019-02-14 15:37:06 - [MESSAGE][PASSED] - Delayed 1 second(s)

2019-02-14 15:37:07 - [MESSAGE][PASSED] - Delayed 1 second(s)

2019-02-14 15:37:08 - [MESSAGE][PASSED] - Delayed 1 second(s)

2019-02-14 15:37:10 - [MESSAGE][PASSED] - Delayed 1 second(s)

2019-02-14 15:37:11 - [MESSAGE][PASSED] - Delayed 1 second(s)

2019-02-14 15:37:12 - [MESSAGE][PASSED] - Delayed 1 second(s)

2019-02-14 15:37:13 - [MESSAGE][PASSED] - Delayed 1 second(s)

2019-02-14 15:37:14 - [MESSAGE][PASSED] - Delayed 1 second(s)

2019-02-14 15:37:15 - [MESSAGE][PASSED] - Delayed 1 second(s)

2019-02-14 15:37:15 - [MESSAGE][PASSED] - Object: '' is clicked on

2019-02-14 15:37:16 - [MESSAGE][PASSED] - Delayed 1 second(s)

2019-02-14 15:37:16 - [MESSAGE][PASSED] - Object: '' is clicked on

2019-02-14 15:37:17 - [MESSAGE][PASSED] - Delayed 1 second(s)

2019-02-14 15:37:17 - [MESSAGE][PASSED] - pk_Functions.CS_ClickingonActionButtonswithPagination.SelectRecordFromWebtableFun is PASSED

2019-02-14 15:37:17 - [TEST_STEP][PASSED] - delay(2): Delayed 2 second(s)

2019-02-14 15:37:19 - [MESSAGE][PASSED] - Delayed 2 second(s)]]></system-out>
         <system-err><![CDATA[]]></system-err>
      </testcase>
      <testcase name="Test Cases/Event Group Management/TC_Delete" classname="Test Cases/Event Group Management/TC_Delete" status="PASSED">
         <system-out><![CDATA[2019-02-14 15:37:19 - [TEST_CASE][PASSED] - Test Cases/Event Group Management/TC_Delete: Test Cases/Event Group Management/TC_Delete

2019-02-14 15:37:19 - [TEST_STEP][PASSED] - if (delete): pk_Functions.CS_ClickingonActionButtonswithPagination.SelectRecordFromWebtableFun is PASSED

2019-02-14 15:37:19 - [TEST_STEP][PASSED] - pk_Functions.CS_ClickingonActionButtonswithPagination.SelectRecordFromWebtableFun(delete, 0, 3, "Event Group Management/MOF_NE_Event Group ManagementObjectRepository", "Sheet1", code): pk_Functions.CS_ClickingonActionButtonswithPagination.SelectRecordFromWebtableFun is PASSED

2019-02-14 15:37:19 - [MESSAGE][PASSED] - Object: '' is clicked on

2019-02-14 15:37:21 - [MESSAGE][PASSED] - Delayed 2 second(s)

2019-02-14 15:37:23 - [MESSAGE][PASSED] - Delayed 2 second(s)

2019-02-14 15:37:23 - [MESSAGE][PASSED] - Attribute 'tabindex' of object '' is: '0'

2019-02-14 15:37:23 - [MESSAGE][PASSED] - Attribute 'tabindex' of object '' is: '0'

2019-02-14 15:37:25 - [MESSAGE][PASSED] - Delayed 2 second(s)

2019-02-14 15:37:26 - [MESSAGE][PASSED] - Delayed 1 second(s)

2019-02-14 15:37:27 - [MESSAGE][PASSED] - Delayed 1 second(s)

2019-02-14 15:37:28 - [MESSAGE][PASSED] - Delayed 1 second(s)

2019-02-14 15:37:29 - [MESSAGE][PASSED] - Delayed 1 second(s)

2019-02-14 15:37:30 - [MESSAGE][PASSED] - Delayed 1 second(s)

2019-02-14 15:37:32 - [MESSAGE][PASSED] - Delayed 1 second(s)

2019-02-14 15:37:33 - [MESSAGE][PASSED] - Delayed 1 second(s)

2019-02-14 15:37:34 - [MESSAGE][PASSED] - Delayed 1 second(s)

2019-02-14 15:37:35 - [MESSAGE][PASSED] - Delayed 1 second(s)

2019-02-14 15:37:36 - [MESSAGE][PASSED] - Delayed 1 second(s)

2019-02-14 15:37:37 - [MESSAGE][PASSED] - Delayed 1 second(s)

2019-02-14 15:37:38 - [MESSAGE][PASSED] - Delayed 1 second(s)

2019-02-14 15:37:39 - [MESSAGE][PASSED] - Delayed 1 second(s)

2019-02-14 15:37:39 - [MESSAGE][PASSED] - Attribute 'tabindex' of object '' is: '0'

2019-02-14 15:37:41 - [MESSAGE][PASSED] - Delayed 2 second(s)

2019-02-14 15:37:41 - [MESSAGE][PASSED] - Object: '' is clicked on

2019-02-14 15:37:42 - [MESSAGE][PASSED] - Delayed 1 second(s)

2019-02-14 15:37:43 - [MESSAGE][PASSED] - Delayed 1 second(s)

2019-02-14 15:37:44 - [MESSAGE][PASSED] - Delayed 1 second(s)

2019-02-14 15:37:45 - [MESSAGE][PASSED] - Delayed 1 second(s)

2019-02-14 15:37:46 - [MESSAGE][PASSED] - Delayed 1 second(s)

2019-02-14 15:37:47 - [MESSAGE][PASSED] - Delayed 1 second(s)

2019-02-14 15:37:48 - [MESSAGE][PASSED] - Delayed 1 second(s)

2019-02-14 15:37:49 - [MESSAGE][PASSED] - Delayed 1 second(s)

2019-02-14 15:37:50 - [MESSAGE][PASSED] - Delayed 1 second(s)

2019-02-14 15:37:51 - [MESSAGE][PASSED] - Delayed 1 second(s)

2019-02-14 15:37:53 - [MESSAGE][PASSED] - Delayed 1 second(s)

2019-02-14 15:37:53 - [MESSAGE][PASSED] - Object: '' is clicked on

2019-02-14 15:37:54 - [MESSAGE][PASSED] - Delayed 1 second(s)

2019-02-14 15:37:54 - [MESSAGE][PASSED] - Object: '' is clicked on

2019-02-14 15:37:55 - [MESSAGE][PASSED] - Delayed 1 second(s)

2019-02-14 15:37:55 - [MESSAGE][PASSED] - pk_Functions.CS_ClickingonActionButtonswithPagination.SelectRecordFromWebtableFun is PASSED

2019-02-14 15:37:55 - [TEST_STEP][PASSED] - delay(2): Delayed 2 second(s)

2019-02-14 15:37:57 - [MESSAGE][PASSED] - Delayed 2 second(s)]]></system-out>
         <system-err><![CDATA[]]></system-err>
      </testcase>
      <testcase name="Test Cases/Event Group Management/TC_Delete" classname="Test Cases/Event Group Management/TC_Delete" status="PASSED">
         <system-out><![CDATA[2019-02-14 15:37:57 - [TEST_CASE][PASSED] - Test Cases/Event Group Management/TC_Delete: Test Cases/Event Group Management/TC_Delete

2019-02-14 15:37:57 - [TEST_STEP][PASSED] - if (delete): pk_Functions.CS_ClickingonActionButtonswithPagination.SelectRecordFromWebtableFun is PASSED

2019-02-14 15:37:57 - [TEST_STEP][PASSED] - pk_Functions.CS_ClickingonActionButtonswithPagination.SelectRecordFromWebtableFun(delete, 0, 3, "Event Group Management/MOF_NE_Event Group ManagementObjectRepository", "Sheet1", code): pk_Functions.CS_ClickingonActionButtonswithPagination.SelectRecordFromWebtableFun is PASSED

2019-02-14 15:37:57 - [MESSAGE][PASSED] - Object: '' is clicked on

2019-02-14 15:37:59 - [MESSAGE][PASSED] - Delayed 2 second(s)

2019-02-14 15:38:01 - [MESSAGE][PASSED] - Delayed 2 second(s)

2019-02-14 15:38:01 - [MESSAGE][PASSED] - Attribute 'tabindex' of object '' is: '0'

2019-02-14 15:38:01 - [MESSAGE][PASSED] - Attribute 'tabindex' of object '' is: '0'

2019-02-14 15:38:03 - [MESSAGE][PASSED] - Delayed 2 second(s)

2019-02-14 15:38:04 - [MESSAGE][PASSED] - Delayed 1 second(s)

2019-02-14 15:38:05 - [MESSAGE][PASSED] - Delayed 1 second(s)

2019-02-14 15:38:06 - [MESSAGE][PASSED] - Delayed 1 second(s)

2019-02-14 15:38:07 - [MESSAGE][PASSED] - Delayed 1 second(s)

2019-02-14 15:38:08 - [MESSAGE][PASSED] - Delayed 1 second(s)

2019-02-14 15:38:09 - [MESSAGE][PASSED] - Delayed 1 second(s)

2019-02-14 15:38:10 - [MESSAGE][PASSED] - Delayed 1 second(s)

2019-02-14 15:38:11 - [MESSAGE][PASSED] - Delayed 1 second(s)

2019-02-14 15:38:12 - [MESSAGE][PASSED] - Delayed 1 second(s)

2019-02-14 15:38:13 - [MESSAGE][PASSED] - Delayed 1 second(s)

2019-02-14 15:38:14 - [MESSAGE][PASSED] - Delayed 1 second(s)

2019-02-14 15:38:15 - [MESSAGE][PASSED] - Delayed 1 second(s)

2019-02-14 15:38:17 - [MESSAGE][PASSED] - Delayed 1 second(s)

2019-02-14 15:38:17 - [MESSAGE][PASSED] - Attribute 'tabindex' of object '' is: '0'

2019-02-14 15:38:19 - [MESSAGE][PASSED] - Delayed 2 second(s)

2019-02-14 15:38:19 - [MESSAGE][PASSED] - Object: '' is clicked on

2019-02-14 15:38:20 - [MESSAGE][PASSED] - Delayed 1 second(s)

2019-02-14 15:38:21 - [MESSAGE][PASSED] - Delayed 1 second(s)

2019-02-14 15:38:22 - [MESSAGE][PASSED] - Delayed 1 second(s)

2019-02-14 15:38:23 - [MESSAGE][PASSED] - Delayed 1 second(s)

2019-02-14 15:38:24 - [MESSAGE][PASSED] - Delayed 1 second(s)

2019-02-14 15:38:25 - [MESSAGE][PASSED] - Delayed 1 second(s)

2019-02-14 15:38:26 - [MESSAGE][PASSED] - Delayed 1 second(s)

2019-02-14 15:38:27 - [MESSAGE][PASSED] - Delayed 1 second(s)

2019-02-14 15:38:28 - [MESSAGE][PASSED] - Delayed 1 second(s)

2019-02-14 15:38:29 - [MESSAGE][PASSED] - Delayed 1 second(s)

2019-02-14 15:38:30 - [MESSAGE][PASSED] - Delayed 1 second(s)

2019-02-14 15:38:30 - [MESSAGE][PASSED] - Object: '' is clicked on

2019-02-14 15:38:31 - [MESSAGE][PASSED] - Delayed 1 second(s)

2019-02-14 15:38:31 - [MESSAGE][PASSED] - Object: '' is clicked on

2019-02-14 15:38:32 - [MESSAGE][PASSED] - Delayed 1 second(s)

2019-02-14 15:38:32 - [MESSAGE][PASSED] - pk_Functions.CS_ClickingonActionButtonswithPagination.SelectRecordFromWebtableFun is PASSED

2019-02-14 15:38:32 - [TEST_STEP][PASSED] - delay(2): Delayed 2 second(s)

2019-02-14 15:38:34 - [MESSAGE][PASSED] - Delayed 2 second(s)]]></system-out>
         <system-err><![CDATA[]]></system-err>
      </testcase>
      <testcase name="Test Cases/Event Group Management/TC_Delete" classname="Test Cases/Event Group Management/TC_Delete" status="PASSED">
         <system-out><![CDATA[2019-02-14 15:38:34 - [TEST_CASE][PASSED] - Test Cases/Event Group Management/TC_Delete: Test Cases/Event Group Management/TC_Delete

2019-02-14 15:38:34 - [TEST_STEP][PASSED] - if (delete): pk_Functions.CS_ClickingonActionButtonswithPagination.SelectRecordFromWebtableFun is PASSED

2019-02-14 15:38:34 - [TEST_STEP][PASSED] - pk_Functions.CS_ClickingonActionButtonswithPagination.SelectRecordFromWebtableFun(delete, 0, 3, "Event Group Management/MOF_NE_Event Group ManagementObjectRepository", "Sheet1", code): pk_Functions.CS_ClickingonActionButtonswithPagination.SelectRecordFromWebtableFun is PASSED

2019-02-14 15:38:35 - [MESSAGE][PASSED] - Object: '' is clicked on

2019-02-14 15:38:37 - [MESSAGE][PASSED] - Delayed 2 second(s)

2019-02-14 15:38:39 - [MESSAGE][PASSED] - Delayed 2 second(s)

2019-02-14 15:38:39 - [MESSAGE][PASSED] - Attribute 'tabindex' of object '' is: '0'

2019-02-14 15:38:39 - [MESSAGE][PASSED] - Attribute 'tabindex' of object '' is: '0'

2019-02-14 15:38:41 - [MESSAGE][PASSED] - Delayed 2 second(s)

2019-02-14 15:38:42 - [MESSAGE][PASSED] - Delayed 1 second(s)

2019-02-14 15:38:43 - [MESSAGE][PASSED] - Delayed 1 second(s)

2019-02-14 15:38:44 - [MESSAGE][PASSED] - Delayed 1 second(s)

2019-02-14 15:38:45 - [MESSAGE][PASSED] - Delayed 1 second(s)

2019-02-14 15:38:46 - [MESSAGE][PASSED] - Delayed 1 second(s)

2019-02-14 15:38:47 - [MESSAGE][PASSED] - Delayed 1 second(s)

2019-02-14 15:38:48 - [MESSAGE][PASSED] - Delayed 1 second(s)

2019-02-14 15:38:49 - [MESSAGE][PASSED] - Delayed 1 second(s)

2019-02-14 15:38:50 - [MESSAGE][PASSED] - Delayed 1 second(s)

2019-02-14 15:38:51 - [MESSAGE][PASSED] - Delayed 1 second(s)

2019-02-14 15:38:52 - [MESSAGE][PASSED] - Delayed 1 second(s)

2019-02-14 15:38:53 - [MESSAGE][PASSED] - Delayed 1 second(s)

2019-02-14 15:38:54 - [MESSAGE][PASSED] - Delayed 1 second(s)

2019-02-14 15:38:54 - [MESSAGE][PASSED] - Attribute 'tabindex' of object '' is: '0'

2019-02-14 15:38:56 - [MESSAGE][PASSED] - Delayed 2 second(s)

2019-02-14 15:38:56 - [MESSAGE][PASSED] - Object: '' is clicked on

2019-02-14 15:38:57 - [MESSAGE][PASSED] - Delayed 1 second(s)

2019-02-14 15:38:58 - [MESSAGE][PASSED] - Delayed 1 second(s)

2019-02-14 15:38:59 - [MESSAGE][PASSED] - Delayed 1 second(s)

2019-02-14 15:39:00 - [MESSAGE][PASSED] - Delayed 1 second(s)

2019-02-14 15:39:01 - [MESSAGE][PASSED] - Delayed 1 second(s)

2019-02-14 15:39:02 - [MESSAGE][PASSED] - Delayed 1 second(s)

2019-02-14 15:39:03 - [MESSAGE][PASSED] - Delayed 1 second(s)

2019-02-14 15:39:05 - [MESSAGE][PASSED] - Delayed 1 second(s)

2019-02-14 15:39:06 - [MESSAGE][PASSED] - Delayed 1 second(s)

2019-02-14 15:39:07 - [MESSAGE][PASSED] - Delayed 1 second(s)

2019-02-14 15:39:08 - [MESSAGE][PASSED] - Delayed 1 second(s)

2019-02-14 15:39:08 - [MESSAGE][PASSED] - Object: '' is clicked on

2019-02-14 15:39:09 - [MESSAGE][PASSED] - Delayed 1 second(s)

2019-02-14 15:39:09 - [MESSAGE][PASSED] - Object: '' is clicked on

2019-02-14 15:39:10 - [MESSAGE][PASSED] - Delayed 1 second(s)

2019-02-14 15:39:10 - [MESSAGE][PASSED] - pk_Functions.CS_ClickingonActionButtonswithPagination.SelectRecordFromWebtableFun is PASSED

2019-02-14 15:39:10 - [TEST_STEP][PASSED] - delay(2): Delayed 2 second(s)

2019-02-14 15:39:12 - [MESSAGE][PASSED] - Delayed 2 second(s)]]></system-out>
         <system-err><![CDATA[]]></system-err>
      </testcase>
      <testcase name="Test Cases/Event Group Management/TC_Delete" classname="Test Cases/Event Group Management/TC_Delete" status="PASSED">
         <system-out><![CDATA[2019-02-14 15:39:12 - [TEST_CASE][PASSED] - Test Cases/Event Group Management/TC_Delete: Test Cases/Event Group Management/TC_Delete

2019-02-14 15:39:12 - [TEST_STEP][PASSED] - if (delete): null

2019-02-14 15:39:12 - [TEST_STEP][PASSED] - delay(2): Delayed 2 second(s)

2019-02-14 15:39:14 - [MESSAGE][PASSED] - Delayed 2 second(s)]]></system-out>
         <system-err><![CDATA[]]></system-err>
      </testcase>
      <testcase name="Test Cases/Event Group Management/TC_Verify_Delete and Undelete" classname="Test Cases/Event Group Management/TC_Verify_Delete and Undelete" status="PASSED">
         <system-out><![CDATA[2019-02-14 15:39:14 - [TEST_CASE][PASSED] - Test Cases/Event Group Management/TC_Verify_Delete and Undelete: Test Cases/Event Group Management/TC_Verify_Delete and Undelete

2019-02-14 15:39:14 - [TEST_STEP][PASSED] - pk_Functions.CS_WebtableVerification.ValidateSearchParameters(check_Delete, "Event Group Management/MOF_NE_Event Group ManagementObjectRepository", "Sheet1", [code], 0): pk_Functions.CS_WebtableVerification.ValidateSearchParameters is PASSED

2019-02-14 15:39:17 - [MESSAGE][PASSED] - Delayed 3 second(s)

2019-02-14 15:39:18 - [MESSAGE][PASSED] - pk_Functions.CS_WebtableVerification.ValidateSearchParameters is PASSED

2019-02-14 15:39:18 - [TEST_STEP][PASSED] - delay(2): Delayed 2 second(s)

2019-02-14 15:39:20 - [MESSAGE][PASSED] - Delayed 2 second(s)]]></system-out>
         <system-err><![CDATA[]]></system-err>
      </testcase>
      <testcase name="Test Cases/Event Group Management/TC_Verify_Delete and Undelete" classname="Test Cases/Event Group Management/TC_Verify_Delete and Undelete" status="PASSED">
         <system-out><![CDATA[2019-02-14 15:39:20 - [TEST_CASE][PASSED] - Test Cases/Event Group Management/TC_Verify_Delete and Undelete: Test Cases/Event Group Management/TC_Verify_Delete and Undelete

2019-02-14 15:39:20 - [TEST_STEP][PASSED] - pk_Functions.CS_WebtableVerification.ValidateSearchParameters(check_Delete, "Event Group Management/MOF_NE_Event Group ManagementObjectRepository", "Sheet1", [code], 0): pk_Functions.CS_WebtableVerification.ValidateSearchParameters is PASSED

2019-02-14 15:39:23 - [MESSAGE][PASSED] - Delayed 3 second(s)

2019-02-14 15:39:23 - [MESSAGE][PASSED] - pk_Functions.CS_WebtableVerification.ValidateSearchParameters is PASSED

2019-02-14 15:39:23 - [TEST_STEP][PASSED] - delay(2): Delayed 2 second(s)

2019-02-14 15:39:25 - [MESSAGE][PASSED] - Delayed 2 second(s)]]></system-out>
         <system-err><![CDATA[]]></system-err>
      </testcase>
      <testcase name="Test Cases/Event Group Management/TC_Verify_Delete and Undelete" classname="Test Cases/Event Group Management/TC_Verify_Delete and Undelete" status="PASSED">
         <system-out><![CDATA[2019-02-14 15:39:25 - [TEST_CASE][PASSED] - Test Cases/Event Group Management/TC_Verify_Delete and Undelete: Test Cases/Event Group Management/TC_Verify_Delete and Undelete

2019-02-14 15:39:25 - [TEST_STEP][PASSED] - pk_Functions.CS_WebtableVerification.ValidateSearchParameters(check_Delete, "Event Group Management/MOF_NE_Event Group ManagementObjectRepository", "Sheet1", [code], 0): pk_Functions.CS_WebtableVerification.ValidateSearchParameters is PASSED

2019-02-14 15:39:28 - [MESSAGE][PASSED] - Delayed 3 second(s)

2019-02-14 15:39:29 - [MESSAGE][PASSED] - pk_Functions.CS_WebtableVerification.ValidateSearchParameters is PASSED

2019-02-14 15:39:29 - [TEST_STEP][PASSED] - delay(2): Delayed 2 second(s)

2019-02-14 15:39:31 - [MESSAGE][PASSED] - Delayed 2 second(s)]]></system-out>
         <system-err><![CDATA[]]></system-err>
      </testcase>
      <testcase name="Test Cases/Event Group Management/TC_Verify_Delete and Undelete" classname="Test Cases/Event Group Management/TC_Verify_Delete and Undelete" status="PASSED">
         <system-out><![CDATA[2019-02-14 15:39:31 - [TEST_CASE][PASSED] - Test Cases/Event Group Management/TC_Verify_Delete and Undelete: Test Cases/Event Group Management/TC_Verify_Delete and Undelete

2019-02-14 15:39:31 - [TEST_STEP][PASSED] - pk_Functions.CS_WebtableVerification.ValidateSearchParameters(check_Delete, "Event Group Management/MOF_NE_Event Group ManagementObjectRepository", "Sheet1", [code], 0): pk_Functions.CS_WebtableVerification.ValidateSearchParameters is PASSED

2019-02-14 15:39:34 - [MESSAGE][PASSED] - Delayed 3 second(s)

2019-02-14 15:39:34 - [MESSAGE][PASSED] - pk_Functions.CS_WebtableVerification.ValidateSearchParameters is PASSED

2019-02-14 15:39:34 - [TEST_STEP][PASSED] - delay(2): Delayed 2 second(s)

2019-02-14 15:39:36 - [MESSAGE][PASSED] - Delayed 2 second(s)]]></system-out>
         <system-err><![CDATA[]]></system-err>
      </testcase>
      <testcase name="Test Cases/Event Group Management/TC_Verify_Delete and Undelete" classname="Test Cases/Event Group Management/TC_Verify_Delete and Undelete" status="ERROR">
         <error type="ERROR" message="Test Cases/Event Group Management/TC_Verify_Delete and Undelete FAILED.
Reason:
org.codehaus.groovy.runtime.InvokerInvocationException: Assertion failed: 

assert Columns_row_text == expectedValues
       |                |  |
       []               |  [z12]
                        false

	at com.kms.katalon.core.main.CustomKeywordDelegatingMetaClass.invokeStaticMethod(CustomKeywordDelegatingMetaClass.java:49)
	at TC_Verify_Delete and Undelete.run(TC_Verify_Delete and Undelete:17)
	at com.kms.katalon.core.main.ScriptEngine.run(ScriptEngine.java:194)
	at com.kms.katalon.core.main.ScriptEngine.runScriptAsRawText(ScriptEngine.java:119)
	at com.kms.katalon.core.main.TestCaseExecutor.runScript(TestCaseExecutor.java:328)
	at com.kms.katalon.core.main.TestCaseExecutor.doExecute(TestCaseExecutor.java:319)
	at com.kms.katalon.core.main.TestCaseExecutor.processExecutionPhase(TestCaseExecutor.java:298)
	at com.kms.katalon.core.main.TestCaseExecutor.accessMainPhase(TestCaseExecutor.java:290)
	at com.kms.katalon.core.main.TestCaseExecutor.execute(TestCaseExecutor.java:224)
	at com.kms.katalon.core.main.TestSuiteExecutor.accessTestCaseMainPhase(TestSuiteExecutor.java:129)
	at com.kms.katalon.core.main.TestSuiteExecutor.accessTestSuiteMainPhase(TestSuiteExecutor.java:112)
	at com.kms.katalon.core.main.TestSuiteExecutor.execute(TestSuiteExecutor.java:81)
	at com.kms.katalon.core.main.TestCaseMain.startTestSuite(TestCaseMain.java:149)
	at com.kms.katalon.core.main.TestCaseMain$startTestSuite$0.call(Unknown Source)
	at TempTestSuite1550151307915.run(TempTestSuite1550151307915.groovy:36)
Caused by: Assertion failed: 

assert Columns_row_text == expectedValues
       |                |  |
       []               |  [z12]
                        false

	at pk_Functions.CS_WebtableVerification.ValidateSearchParameters(CS_WebtableVerification.groovy:100)
	at com.kms.katalon.core.main.CustomKeywordDelegatingMetaClass.invokeStaticMethod(CustomKeywordDelegatingMetaClass.java:49)
	at Script1549365331861.run(Script1549365331861.groovy:17)
	... 13 more
"/>
         <system-out><![CDATA[2019-02-14 15:39:36 - [TEST_CASE][ERROR] - Test Cases/Event Group Management/TC_Verify_Delete and Undelete: Test Cases/Event Group Management/TC_Verify_Delete and Undelete FAILED.
Reason:
org.codehaus.groovy.runtime.InvokerInvocationException: Assertion failed: 

assert Columns_row_text == expectedValues
       |                |  |
       []               |  [z12]
                        false

	at com.kms.katalon.core.main.CustomKeywordDelegatingMetaClass.invokeStaticMethod(CustomKeywordDelegatingMetaClass.java:49)
	at TC_Verify_Delete and Undelete.run(TC_Verify_Delete and Undelete:17)
	at com.kms.katalon.core.main.ScriptEngine.run(ScriptEngine.java:194)
	at com.kms.katalon.core.main.ScriptEngine.runScriptAsRawText(ScriptEngine.java:119)
	at com.kms.katalon.core.main.TestCaseExecutor.runScript(TestCaseExecutor.java:328)
	at com.kms.katalon.core.main.TestCaseExecutor.doExecute(TestCaseExecutor.java:319)
	at com.kms.katalon.core.main.TestCaseExecutor.processExecutionPhase(TestCaseExecutor.java:298)
	at com.kms.katalon.core.main.TestCaseExecutor.accessMainPhase(TestCaseExecutor.java:290)
	at com.kms.katalon.core.main.TestCaseExecutor.execute(TestCaseExecutor.java:224)
	at com.kms.katalon.core.main.TestSuiteExecutor.accessTestCaseMainPhase(TestSuiteExecutor.java:129)
	at com.kms.katalon.core.main.TestSuiteExecutor.accessTestSuiteMainPhase(TestSuiteExecutor.java:112)
	at com.kms.katalon.core.main.TestSuiteExecutor.execute(TestSuiteExecutor.java:81)
	at com.kms.katalon.core.main.TestCaseMain.startTestSuite(TestCaseMain.java:149)
	at com.kms.katalon.core.main.TestCaseMain$startTestSuite$0.call(Unknown Source)
	at TempTestSuite1550151307915.run(TempTestSuite1550151307915.groovy:36)
Caused by: Assertion failed: 

assert Columns_row_text == expectedValues
       |                |  |
       []               |  [z12]
                        false

	at pk_Functions.CS_WebtableVerification.ValidateSearchParameters(CS_WebtableVerification.groovy:100)
	at com.kms.katalon.core.main.CustomKeywordDelegatingMetaClass.invokeStaticMethod(CustomKeywordDelegatingMetaClass.java:49)
	at Script1549365331861.run(Script1549365331861.groovy:17)
	... 13 more


2019-02-14 15:39:36 - [TEST_STEP][ERROR] - pk_Functions.CS_WebtableVerification.ValidateSearchParameters(check_Delete, "Event Group Management/MOF_NE_Event Group ManagementObjectRepository", "Sheet1", [code], 0): pk_Functions.CS_WebtableVerification.ValidateSearchParameters(check_Delete, "Event Group Management/MOF_NE_Event Group ManagementObjectRepository", "Sheet1", [code], 0) FAILED.
Reason:
org.codehaus.groovy.runtime.InvokerInvocationException: Assertion failed: 

assert Columns_row_text == expectedValues
       |                |  |
       []               |  [z12]
                        false

	at com.kms.katalon.core.main.CustomKeywordDelegatingMetaClass.invokeStaticMethod(CustomKeywordDelegatingMetaClass.java:49)
	at TC_Verify_Delete and Undelete.run(TC_Verify_Delete and Undelete:17)
	at com.kms.katalon.core.main.ScriptEngine.run(ScriptEngine.java:194)
	at com.kms.katalon.core.main.ScriptEngine.runScriptAsRawText(ScriptEngine.java:119)
	at com.kms.katalon.core.main.TestCaseExecutor.runScript(TestCaseExecutor.java:328)
	at com.kms.katalon.core.main.TestCaseExecutor.doExecute(TestCaseExecutor.java:319)
	at com.kms.katalon.core.main.TestCaseExecutor.processExecutionPhase(TestCaseExecutor.java:298)
	at com.kms.katalon.core.main.TestCaseExecutor.accessMainPhase(TestCaseExecutor.java:290)
	at com.kms.katalon.core.main.TestCaseExecutor.execute(TestCaseExecutor.java:224)
	at com.kms.katalon.core.main.TestSuiteExecutor.accessTestCaseMainPhase(TestSuiteExecutor.java:129)
	at com.kms.katalon.core.main.TestSuiteExecutor.accessTestSuiteMainPhase(TestSuiteExecutor.java:112)
	at com.kms.katalon.core.main.TestSuiteExecutor.execute(TestSuiteExecutor.java:81)
	at com.kms.katalon.core.main.TestCaseMain.startTestSuite(TestCaseMain.java:149)
	at com.kms.katalon.core.main.TestCaseMain$startTestSuite$0.call(Unknown Source)
	at TempTestSuite1550151307915.run(TempTestSuite1550151307915.groovy:36)
Caused by: Assertion failed: 

assert Columns_row_text == expectedValues
       |                |  |
       []               |  [z12]
                        false

	at pk_Functions.CS_WebtableVerification.ValidateSearchParameters(CS_WebtableVerification.groovy:100)
	at com.kms.katalon.core.main.CustomKeywordDelegatingMetaClass.invokeStaticMethod(CustomKeywordDelegatingMetaClass.java:49)
	at Script1549365331861.run(Script1549365331861.groovy:17)
	... 13 more


2019-02-14 15:39:39 - [MESSAGE][PASSED] - Delayed 3 second(s)

2019-02-14 15:39:39 - [MESSAGE][FAILED] - Assertion failed: 

assert Columns_row_text == expectedValues
       |                |  |
       []               |  [z12]
                        false


2019-02-14 15:39:39 - [MESSAGE][ERROR] - pk_Functions.CS_WebtableVerification.ValidateSearchParameters(check_Delete, "Event Group Management/MOF_NE_Event Group ManagementObjectRepository", "Sheet1", [code], 0) FAILED.
Reason:
org.codehaus.groovy.runtime.InvokerInvocationException: Assertion failed: 

assert Columns_row_text == expectedValues
       |                |  |
       []               |  [z12]
                        false

	at com.kms.katalon.core.main.CustomKeywordDelegatingMetaClass.invokeStaticMethod(CustomKeywordDelegatingMetaClass.java:49)
	at TC_Verify_Delete and Undelete.run(TC_Verify_Delete and Undelete:17)
	at com.kms.katalon.core.main.ScriptEngine.run(ScriptEngine.java:194)
	at com.kms.katalon.core.main.ScriptEngine.runScriptAsRawText(ScriptEngine.java:119)
	at com.kms.katalon.core.main.TestCaseExecutor.runScript(TestCaseExecutor.java:328)
	at com.kms.katalon.core.main.TestCaseExecutor.doExecute(TestCaseExecutor.java:319)
	at com.kms.katalon.core.main.TestCaseExecutor.processExecutionPhase(TestCaseExecutor.java:298)
	at com.kms.katalon.core.main.TestCaseExecutor.accessMainPhase(TestCaseExecutor.java:290)
	at com.kms.katalon.core.main.TestCaseExecutor.execute(TestCaseExecutor.java:224)
	at com.kms.katalon.core.main.TestSuiteExecutor.accessTestCaseMainPhase(TestSuiteExecutor.java:129)
	at com.kms.katalon.core.main.TestSuiteExecutor.accessTestSuiteMainPhase(TestSuiteExecutor.java:112)
	at com.kms.katalon.core.main.TestSuiteExecutor.execute(TestSuiteExecutor.java:81)
	at com.kms.katalon.core.main.TestCaseMain.startTestSuite(TestCaseMain.java:149)
	at com.kms.katalon.core.main.TestCaseMain$startTestSuite$0.call(Unknown Source)
	at TempTestSuite1550151307915.run(TempTestSuite1550151307915.groovy:36)
Caused by: Assertion failed: 

assert Columns_row_text == expectedValues
       |                |  |
       []               |  [z12]
                        false

	at pk_Functions.CS_WebtableVerification.ValidateSearchParameters(CS_WebtableVerification.groovy:100)
	at com.kms.katalon.core.main.CustomKeywordDelegatingMetaClass.invokeStaticMethod(CustomKeywordDelegatingMetaClass.java:49)
	at Script1549365331861.run(Script1549365331861.groovy:17)
	... 13 more]]></system-out>
         <system-err><![CDATA[2019-02-14 15:39:36 - [TEST_CASE][ERROR] - Test Cases/Event Group Management/TC_Verify_Delete and Undelete: Test Cases/Event Group Management/TC_Verify_Delete and Undelete FAILED.
Reason:
org.codehaus.groovy.runtime.InvokerInvocationException: Assertion failed: 

assert Columns_row_text == expectedValues
       |                |  |
       []               |  [z12]
                        false

	at com.kms.katalon.core.main.CustomKeywordDelegatingMetaClass.invokeStaticMethod(CustomKeywordDelegatingMetaClass.java:49)
	at TC_Verify_Delete and Undelete.run(TC_Verify_Delete and Undelete:17)
	at com.kms.katalon.core.main.ScriptEngine.run(ScriptEngine.java:194)
	at com.kms.katalon.core.main.ScriptEngine.runScriptAsRawText(ScriptEngine.java:119)
	at com.kms.katalon.core.main.TestCaseExecutor.runScript(TestCaseExecutor.java:328)
	at com.kms.katalon.core.main.TestCaseExecutor.doExecute(TestCaseExecutor.java:319)
	at com.kms.katalon.core.main.TestCaseExecutor.processExecutionPhase(TestCaseExecutor.java:298)
	at com.kms.katalon.core.main.TestCaseExecutor.accessMainPhase(TestCaseExecutor.java:290)
	at com.kms.katalon.core.main.TestCaseExecutor.execute(TestCaseExecutor.java:224)
	at com.kms.katalon.core.main.TestSuiteExecutor.accessTestCaseMainPhase(TestSuiteExecutor.java:129)
	at com.kms.katalon.core.main.TestSuiteExecutor.accessTestSuiteMainPhase(TestSuiteExecutor.java:112)
	at com.kms.katalon.core.main.TestSuiteExecutor.execute(TestSuiteExecutor.java:81)
	at com.kms.katalon.core.main.TestCaseMain.startTestSuite(TestCaseMain.java:149)
	at com.kms.katalon.core.main.TestCaseMain$startTestSuite$0.call(Unknown Source)
	at TempTestSuite1550151307915.run(TempTestSuite1550151307915.groovy:36)
Caused by: Assertion failed: 

assert Columns_row_text == expectedValues
       |                |  |
       []               |  [z12]
                        false

	at pk_Functions.CS_WebtableVerification.ValidateSearchParameters(CS_WebtableVerification.groovy:100)
	at com.kms.katalon.core.main.CustomKeywordDelegatingMetaClass.invokeStaticMethod(CustomKeywordDelegatingMetaClass.java:49)
	at Script1549365331861.run(Script1549365331861.groovy:17)
	... 13 more]]></system-err>
      </testcase>
      <system-out><![CDATA[2019-02-14 15:35:10 - [TEST_SUITE][ERROR] - TS_EGMFullScenario: Test Cases/Event Group Management/TC_Verify_Delete and Undelete FAILED.
Reason:
org.codehaus.groovy.runtime.InvokerInvocationException: Assertion failed: 

assert Columns_row_text == expectedValues
       |                |  |
       []               |  [z12]
                        false

	at com.kms.katalon.core.main.CustomKeywordDelegatingMetaClass.invokeStaticMethod(CustomKeywordDelegatingMetaClass.java:49)
	at TC_Verify_Delete and Undelete.run(TC_Verify_Delete and Undelete:17)
	at com.kms.katalon.core.main.ScriptEngine.run(ScriptEngine.java:194)
	at com.kms.katalon.core.main.ScriptEngine.runScriptAsRawText(ScriptEngine.java:119)
	at com.kms.katalon.core.main.TestCaseExecutor.runScript(TestCaseExecutor.java:328)
	at com.kms.katalon.core.main.TestCaseExecutor.doExecute(TestCaseExecutor.java:319)
	at com.kms.katalon.core.main.TestCaseExecutor.processExecutionPhase(TestCaseExecutor.java:298)
	at com.kms.katalon.core.main.TestCaseExecutor.accessMainPhase(TestCaseExecutor.java:290)
	at com.kms.katalon.core.main.TestCaseExecutor.execute(TestCaseExecutor.java:224)
	at com.kms.katalon.core.main.TestSuiteExecutor.accessTestCaseMainPhase(TestSuiteExecutor.java:129)
	at com.kms.katalon.core.main.TestSuiteExecutor.accessTestSuiteMainPhase(TestSuiteExecutor.java:112)
	at com.kms.katalon.core.main.TestSuiteExecutor.execute(TestSuiteExecutor.java:81)
	at com.kms.katalon.core.main.TestCaseMain.startTestSuite(TestCaseMain.java:149)
	at com.kms.katalon.core.main.TestCaseMain$startTestSuite$0.call(Unknown Source)
	at TempTestSuite1550151307915.run(TempTestSuite1550151307915.groovy:36)
Caused by: Assertion failed: 

assert Columns_row_text == expectedValues
       |                |  |
       []               |  [z12]
                        false

	at pk_Functions.CS_WebtableVerification.ValidateSearchParameters(CS_WebtableVerification.groovy:100)
	at com.kms.katalon.core.main.CustomKeywordDelegatingMetaClass.invokeStaticMethod(CustomKeywordDelegatingMetaClass.java:49)
	at Script1549365331861.run(Script1549365331861.groovy:17)
	... 13 more]]></system-out>
      <system-err><![CDATA[2019-02-14 15:35:10 - [TEST_SUITE][ERROR] - TS_EGMFullScenario: Test Cases/Event Group Management/TC_Verify_Delete and Undelete FAILED.
Reason:
org.codehaus.groovy.runtime.InvokerInvocationException: Assertion failed: 

assert Columns_row_text == expectedValues
       |                |  |
       []               |  [z12]
                        false

	at com.kms.katalon.core.main.CustomKeywordDelegatingMetaClass.invokeStaticMethod(CustomKeywordDelegatingMetaClass.java:49)
	at TC_Verify_Delete and Undelete.run(TC_Verify_Delete and Undelete:17)
	at com.kms.katalon.core.main.ScriptEngine.run(ScriptEngine.java:194)
	at com.kms.katalon.core.main.ScriptEngine.runScriptAsRawText(ScriptEngine.java:119)
	at com.kms.katalon.core.main.TestCaseExecutor.runScript(TestCaseExecutor.java:328)
	at com.kms.katalon.core.main.TestCaseExecutor.doExecute(TestCaseExecutor.java:319)
	at com.kms.katalon.core.main.TestCaseExecutor.processExecutionPhase(TestCaseExecutor.java:298)
	at com.kms.katalon.core.main.TestCaseExecutor.accessMainPhase(TestCaseExecutor.java:290)
	at com.kms.katalon.core.main.TestCaseExecutor.execute(TestCaseExecutor.java:224)
	at com.kms.katalon.core.main.TestSuiteExecutor.accessTestCaseMainPhase(TestSuiteExecutor.java:129)
	at com.kms.katalon.core.main.TestSuiteExecutor.accessTestSuiteMainPhase(TestSuiteExecutor.java:112)
	at com.kms.katalon.core.main.TestSuiteExecutor.execute(TestSuiteExecutor.java:81)
	at com.kms.katalon.core.main.TestCaseMain.startTestSuite(TestCaseMain.java:149)
	at com.kms.katalon.core.main.TestCaseMain$startTestSuite$0.call(Unknown Source)
	at TempTestSuite1550151307915.run(TempTestSuite1550151307915.groovy:36)
Caused by: Assertion failed: 

assert Columns_row_text == expectedValues
       |                |  |
       []               |  [z12]
                        false

	at pk_Functions.CS_WebtableVerification.ValidateSearchParameters(CS_WebtableVerification.groovy:100)
	at com.kms.katalon.core.main.CustomKeywordDelegatingMetaClass.invokeStaticMethod(CustomKeywordDelegatingMetaClass.java:49)
	at Script1549365331861.run(Script1549365331861.groovy:17)
	... 13 more]]></system-err>
   </testsuite>
</testsuites>
