<?xml version="1.0" encoding="UTF-8"?>
<testsuites name="TS_EGMFullScenario" time="291" tests="28" failures="0" errors="0">
   <testsuite name="TS_EGMFullScenario" tests="28" failures="0" errors="0" time="291" timestamp="2019-02-19 13:28:21" hostname="aeibrahim - LPALXY0477.ejadaalex.local" id="Test Suites/Event Group Management/TS_EGMFullScenario">
      <properties>
         <property name="deviceName" value=""/>
         <property name="devicePlatform" value=""/>
         <property name="logFolder" value="C:\\Users\\aeibrahim\\git\\MOF\\Reports\\Event Group Management\\TS_EGMFullScenario\\20190219_132818"/>
         <property name="logFiles" value="C:\\Users\\aeibrahim\\git\\MOF\\Reports\\Event Group Management\\TS_EGMFullScenario\\20190219_132818\\execution0.log"/>
         <property name="attachments" value=""/>
         <property name="hostName" value="aeibrahim - LPALXY0477.ejadaalex.local"/>
         <property name="os" value="Windows 10 64bit"/>
         <property name="katalonVersion" value="5.10.1.1"/>
         <property name="browser" value="Chrome 72.0.3626.109"/>
         <property name="hostAddress" value="192.168.3.64"/>
         <property name="sessionId" value="9a132d1bcedbcfc7395d765252952aad"/>
         <property name="seleniumVersion" value="3.7.1"/>
         <property name="proxyInformation" value="ProxyInformation{proxyOption=NO_PROXY, proxyServerType=HTTP, password=, proxyServerAddress=, proxyServerPort=0}"/>
         <property name="platform" value="Windows 10"/>
      </properties>
      <testcase name="Test Cases/TC_Login" classname="Test Cases/TC_Login" status="PASSED">
         <system-out><![CDATA[2019-02-19 13:28:21 - [TEST_CASE][PASSED] - Test Cases/TC_Login: Test Cases/TC_Login

2019-02-19 13:28:22 - [TEST_STEP][PASSED] - pk_Functions.CS_Login.LoginFun(findTestObject(null), "http://192.168.0.190:8080/mof/#/", findTestObject("Login/Username"), findTestObject("Login/Password"), "AAttia", "123", findTestObject("Login/Login")): pk_Functions.CS_Login.LoginFun is PASSED

2019-02-19 13:28:22 - [MESSAGE][WARNING] - Test object id is null

2019-02-19 13:28:22 - [MESSAGE][INFO] - Starting 'Chrome' driver

2019-02-19 13:28:22 - [MESSAGE][INFO] - Action delay is set to 0 seconds

2019-02-19 13:28:37 - [MESSAGE][PASSED] - Browser is opened with url: 'http://192.168.0.190:8080/mof/#/'

2019-02-19 13:28:37 - [MESSAGE][PASSED] - Text 'AAttia' is set on object 'Object Repository/Login/Username'

2019-02-19 13:28:37 - [MESSAGE][PASSED] - Text '123' is set on object 'Object Repository/Login/Password'

2019-02-19 13:28:38 - [MESSAGE][PASSED] - Object: 'Object Repository/Login/Login' is clicked on

2019-02-19 13:28:38 - [MESSAGE][PASSED] - pk_Functions.CS_Login.LoginFun is PASSED

2019-02-19 13:28:38 - [TEST_STEP][PASSED] - maximizeWindow(): Current window maximized

2019-02-19 13:28:39 - [MESSAGE][PASSED] - Current window maximized]]></system-out>
         <system-err><![CDATA[]]></system-err>
      </testcase>
      <testcase name="Test Cases/Event Group Management/TC_Select_Screen" classname="Test Cases/Event Group Management/TC_Select_Screen" status="PASSED">
         <system-out><![CDATA[2019-02-19 13:28:39 - [TEST_CASE][PASSED] - Test Cases/Event Group Management/TC_Select_Screen: Test Cases/Event Group Management/TC_Select_Screen

2019-02-19 13:28:39 - [TEST_STEP][PASSED] - click(findTestObject("NE_SideMenu")): Object: 'Object Repository/NE_SideMenu' is clicked on

2019-02-19 13:28:40 - [MESSAGE][PASSED] - Object: 'Object Repository/NE_SideMenu' is clicked on

2019-02-19 13:28:40 - [TEST_STEP][PASSED] - click(findTestObject("NE_EventGroupManagement")): Object: 'Object Repository/NE_EventGroupManagement' is clicked on

2019-02-19 13:28:40 - [MESSAGE][PASSED] - Object: 'Object Repository/NE_EventGroupManagement' is clicked on

2019-02-19 13:28:40 - [TEST_STEP][PASSED] - click(findTestObject("Event Group Managemnt/BTN_Search")): Object: 'Object Repository/Event Group Managemnt/BTN_Search' is clicked on

2019-02-19 13:28:40 - [MESSAGE][PASSED] - Object: 'Object Repository/Event Group Managemnt/BTN_Search' is clicked on

2019-02-19 13:28:40 - [TEST_STEP][PASSED] - delay(2): Delayed 2 second(s)

2019-02-19 13:28:42 - [MESSAGE][PASSED] - Delayed 2 second(s)]]></system-out>
         <system-err><![CDATA[]]></system-err>
      </testcase>
      <testcase name="Test Cases/Event Group Management/TC_Insert_Records" classname="Test Cases/Event Group Management/TC_Insert_Records" status="PASSED">
         <system-out><![CDATA[2019-02-19 13:28:42 - [TEST_CASE][PASSED] - Test Cases/Event Group Management/TC_Insert_Records: Test Cases/Event Group Management/TC_Insert_Records

2019-02-19 13:28:43 - [TEST_STEP][PASSED] - click(findTestObject("Event Group Managemnt/BTN_Insert")): Object: 'Object Repository/Event Group Managemnt/BTN_Insert' is clicked on

2019-02-19 13:28:43 - [MESSAGE][PASSED] - Object: 'Object Repository/Event Group Managemnt/BTN_Insert' is clicked on

2019-02-19 13:28:43 - [TEST_STEP][PASSED] - pk_Functions.CS_AllPageData.AllPageDataFun("Event Group Management/MOF_NE_Event Group ManagementObjectRepository", "Sheet1", [code, arabic_des, english_des]): pk_Functions.CS_AllPageData.AllPageDataFun is PASSED

2019-02-19 13:28:45 - [MESSAGE][PASSED] - Delayed 1 second(s)

2019-02-19 13:28:45 - [MESSAGE][PASSED] - Text 'EB2' is set on object ''

2019-02-19 13:28:46 - [MESSAGE][PASSED] - Delayed 1 second(s)

2019-02-19 13:28:46 - [MESSAGE][PASSED] - Text 'English Description_1' is set on object ''

2019-02-19 13:28:47 - [MESSAGE][PASSED] - Delayed 1 second(s)

2019-02-19 13:28:47 - [MESSAGE][PASSED] - Text 'English Description_123' is set on object ''

2019-02-19 13:28:47 - [MESSAGE][PASSED] - pk_Functions.CS_AllPageData.AllPageDataFun is PASSED

2019-02-19 13:28:47 - [TEST_STEP][PASSED] - click(findTestObject("BTN_Save")): Object: 'Object Repository/BTN_Save' is clicked on

2019-02-19 13:28:47 - [MESSAGE][PASSED] - Object: 'Object Repository/BTN_Save' is clicked on

2019-02-19 13:28:47 - [TEST_STEP][PASSED] - delay(3): Delayed 3 second(s)

2019-02-19 13:28:50 - [MESSAGE][PASSED] - Delayed 3 second(s)

2019-02-19 13:28:50 - [TEST_STEP][PASSED] - click(findTestObject("Event Group Managemnt/BTN_Back (1)")): Object: 'Object Repository/Event Group Managemnt/BTN_Back (1)' is clicked on

2019-02-19 13:28:51 - [MESSAGE][PASSED] - Object: 'Object Repository/Event Group Managemnt/BTN_Back (1)' is clicked on

2019-02-19 13:28:51 - [TEST_STEP][PASSED] - delay(3): Delayed 3 second(s)

2019-02-19 13:28:54 - [MESSAGE][PASSED] - Delayed 3 second(s)]]></system-out>
         <system-err><![CDATA[]]></system-err>
      </testcase>
      <testcase name="Test Cases/Event Group Management/TC_Insert_Records" classname="Test Cases/Event Group Management/TC_Insert_Records" status="PASSED">
         <system-out><![CDATA[2019-02-19 13:28:54 - [TEST_CASE][PASSED] - Test Cases/Event Group Management/TC_Insert_Records: Test Cases/Event Group Management/TC_Insert_Records

2019-02-19 13:28:54 - [TEST_STEP][PASSED] - click(findTestObject("Event Group Managemnt/BTN_Insert")): Object: 'Object Repository/Event Group Managemnt/BTN_Insert' is clicked on

2019-02-19 13:28:54 - [MESSAGE][PASSED] - Object: 'Object Repository/Event Group Managemnt/BTN_Insert' is clicked on

2019-02-19 13:28:54 - [TEST_STEP][PASSED] - pk_Functions.CS_AllPageData.AllPageDataFun("Event Group Management/MOF_NE_Event Group ManagementObjectRepository", "Sheet1", [code, arabic_des, english_des]): pk_Functions.CS_AllPageData.AllPageDataFun is PASSED

2019-02-19 13:28:55 - [MESSAGE][PASSED] - Delayed 1 second(s)

2019-02-19 13:28:55 - [MESSAGE][PASSED] - Text 'EB3' is set on object ''

2019-02-19 13:28:56 - [MESSAGE][PASSED] - Delayed 1 second(s)

2019-02-19 13:28:56 - [MESSAGE][PASSED] - Text 'English Description_2' is set on object ''

2019-02-19 13:28:57 - [MESSAGE][PASSED] - Delayed 1 second(s)

2019-02-19 13:28:57 - [MESSAGE][PASSED] - Text 'English Description_2' is set on object ''

2019-02-19 13:28:57 - [MESSAGE][PASSED] - pk_Functions.CS_AllPageData.AllPageDataFun is PASSED

2019-02-19 13:28:57 - [TEST_STEP][PASSED] - click(findTestObject("BTN_Save")): Object: 'Object Repository/BTN_Save' is clicked on

2019-02-19 13:28:57 - [MESSAGE][PASSED] - Object: 'Object Repository/BTN_Save' is clicked on

2019-02-19 13:28:57 - [TEST_STEP][PASSED] - delay(3): Delayed 3 second(s)

2019-02-19 13:29:00 - [MESSAGE][PASSED] - Delayed 3 second(s)

2019-02-19 13:29:00 - [TEST_STEP][PASSED] - click(findTestObject("Event Group Managemnt/BTN_Back (1)")): Object: 'Object Repository/Event Group Managemnt/BTN_Back (1)' is clicked on

2019-02-19 13:29:01 - [MESSAGE][PASSED] - Object: 'Object Repository/Event Group Managemnt/BTN_Back (1)' is clicked on

2019-02-19 13:29:01 - [TEST_STEP][PASSED] - delay(3): Delayed 3 second(s)

2019-02-19 13:29:04 - [MESSAGE][PASSED] - Delayed 3 second(s)]]></system-out>
         <system-err><![CDATA[]]></system-err>
      </testcase>
      <testcase name="Test Cases/Event Group Management/TC_Insert_Records" classname="Test Cases/Event Group Management/TC_Insert_Records" status="PASSED">
         <system-out><![CDATA[2019-02-19 13:29:04 - [TEST_CASE][PASSED] - Test Cases/Event Group Management/TC_Insert_Records: Test Cases/Event Group Management/TC_Insert_Records

2019-02-19 13:29:04 - [TEST_STEP][PASSED] - click(findTestObject("Event Group Managemnt/BTN_Insert")): Object: 'Object Repository/Event Group Managemnt/BTN_Insert' is clicked on

2019-02-19 13:29:04 - [MESSAGE][PASSED] - Object: 'Object Repository/Event Group Managemnt/BTN_Insert' is clicked on

2019-02-19 13:29:04 - [TEST_STEP][PASSED] - pk_Functions.CS_AllPageData.AllPageDataFun("Event Group Management/MOF_NE_Event Group ManagementObjectRepository", "Sheet1", [code, arabic_des, english_des]): pk_Functions.CS_AllPageData.AllPageDataFun is PASSED

2019-02-19 13:29:05 - [MESSAGE][PASSED] - Delayed 1 second(s)

2019-02-19 13:29:05 - [MESSAGE][PASSED] - Text 'EB4' is set on object ''

2019-02-19 13:29:06 - [MESSAGE][PASSED] - Delayed 1 second(s)

2019-02-19 13:29:06 - [MESSAGE][PASSED] - Text 'English Description_3' is set on object ''

2019-02-19 13:29:07 - [MESSAGE][PASSED] - Delayed 1 second(s)

2019-02-19 13:29:08 - [MESSAGE][PASSED] - Text 'English Description_3' is set on object ''

2019-02-19 13:29:08 - [MESSAGE][PASSED] - pk_Functions.CS_AllPageData.AllPageDataFun is PASSED

2019-02-19 13:29:08 - [TEST_STEP][PASSED] - click(findTestObject("BTN_Save")): Object: 'Object Repository/BTN_Save' is clicked on

2019-02-19 13:29:08 - [MESSAGE][PASSED] - Object: 'Object Repository/BTN_Save' is clicked on

2019-02-19 13:29:08 - [TEST_STEP][PASSED] - delay(3): Delayed 3 second(s)

2019-02-19 13:29:11 - [MESSAGE][PASSED] - Delayed 3 second(s)

2019-02-19 13:29:11 - [TEST_STEP][PASSED] - click(findTestObject("Event Group Managemnt/BTN_Back (1)")): Object: 'Object Repository/Event Group Managemnt/BTN_Back (1)' is clicked on

2019-02-19 13:29:11 - [MESSAGE][PASSED] - Object: 'Object Repository/Event Group Managemnt/BTN_Back (1)' is clicked on

2019-02-19 13:29:11 - [TEST_STEP][PASSED] - delay(3): Delayed 3 second(s)

2019-02-19 13:29:14 - [MESSAGE][PASSED] - Delayed 3 second(s)]]></system-out>
         <system-err><![CDATA[]]></system-err>
      </testcase>
      <testcase name="Test Cases/Event Group Management/TC_Insert_Records" classname="Test Cases/Event Group Management/TC_Insert_Records" status="PASSED">
         <system-out><![CDATA[2019-02-19 13:29:14 - [TEST_CASE][PASSED] - Test Cases/Event Group Management/TC_Insert_Records: Test Cases/Event Group Management/TC_Insert_Records

2019-02-19 13:29:14 - [TEST_STEP][PASSED] - click(findTestObject("Event Group Managemnt/BTN_Insert")): Object: 'Object Repository/Event Group Managemnt/BTN_Insert' is clicked on

2019-02-19 13:29:14 - [MESSAGE][PASSED] - Object: 'Object Repository/Event Group Managemnt/BTN_Insert' is clicked on

2019-02-19 13:29:14 - [TEST_STEP][PASSED] - pk_Functions.CS_AllPageData.AllPageDataFun("Event Group Management/MOF_NE_Event Group ManagementObjectRepository", "Sheet1", [code, arabic_des, english_des]): pk_Functions.CS_AllPageData.AllPageDataFun is PASSED

2019-02-19 13:29:15 - [MESSAGE][PASSED] - Delayed 1 second(s)

2019-02-19 13:29:15 - [MESSAGE][PASSED] - Text 'EB5' is set on object ''

2019-02-19 13:29:16 - [MESSAGE][PASSED] - Delayed 1 second(s)

2019-02-19 13:29:16 - [MESSAGE][PASSED] - Text 'English Description_4' is set on object ''

2019-02-19 13:29:17 - [MESSAGE][PASSED] - Delayed 1 second(s)

2019-02-19 13:29:17 - [MESSAGE][PASSED] - Text 'English Description_4' is set on object ''

2019-02-19 13:29:17 - [MESSAGE][PASSED] - pk_Functions.CS_AllPageData.AllPageDataFun is PASSED

2019-02-19 13:29:17 - [TEST_STEP][PASSED] - click(findTestObject("BTN_Save")): Object: 'Object Repository/BTN_Save' is clicked on

2019-02-19 13:29:18 - [MESSAGE][PASSED] - Object: 'Object Repository/BTN_Save' is clicked on

2019-02-19 13:29:18 - [TEST_STEP][PASSED] - delay(3): Delayed 3 second(s)

2019-02-19 13:29:21 - [MESSAGE][PASSED] - Delayed 3 second(s)

2019-02-19 13:29:21 - [TEST_STEP][PASSED] - click(findTestObject("Event Group Managemnt/BTN_Back (1)")): Object: 'Object Repository/Event Group Managemnt/BTN_Back (1)' is clicked on

2019-02-19 13:29:21 - [MESSAGE][PASSED] - Object: 'Object Repository/Event Group Managemnt/BTN_Back (1)' is clicked on

2019-02-19 13:29:21 - [TEST_STEP][PASSED] - delay(3): Delayed 3 second(s)

2019-02-19 13:29:24 - [MESSAGE][PASSED] - Delayed 3 second(s)]]></system-out>
         <system-err><![CDATA[]]></system-err>
      </testcase>
      <testcase name="Test Cases/Event Group Management/TC_Insert_Records" classname="Test Cases/Event Group Management/TC_Insert_Records" status="PASSED">
         <system-out><![CDATA[2019-02-19 13:29:24 - [TEST_CASE][PASSED] - Test Cases/Event Group Management/TC_Insert_Records: Test Cases/Event Group Management/TC_Insert_Records

2019-02-19 13:29:24 - [TEST_STEP][PASSED] - click(findTestObject("Event Group Managemnt/BTN_Insert")): Object: 'Object Repository/Event Group Managemnt/BTN_Insert' is clicked on

2019-02-19 13:29:24 - [MESSAGE][PASSED] - Object: 'Object Repository/Event Group Managemnt/BTN_Insert' is clicked on

2019-02-19 13:29:24 - [TEST_STEP][PASSED] - pk_Functions.CS_AllPageData.AllPageDataFun("Event Group Management/MOF_NE_Event Group ManagementObjectRepository", "Sheet1", [code, arabic_des, english_des]): pk_Functions.CS_AllPageData.AllPageDataFun is PASSED

2019-02-19 13:29:25 - [MESSAGE][PASSED] - Delayed 1 second(s)

2019-02-19 13:29:25 - [MESSAGE][PASSED] - Text 'z12' is set on object ''

2019-02-19 13:29:26 - [MESSAGE][PASSED] - Delayed 1 second(s)

2019-02-19 13:29:26 - [MESSAGE][PASSED] - Text 'English Description_4' is set on object ''

2019-02-19 13:29:27 - [MESSAGE][PASSED] - Delayed 1 second(s)

2019-02-19 13:29:27 - [MESSAGE][PASSED] - Text 'English Description_4' is set on object ''

2019-02-19 13:29:27 - [MESSAGE][PASSED] - pk_Functions.CS_AllPageData.AllPageDataFun is PASSED

2019-02-19 13:29:27 - [TEST_STEP][PASSED] - click(findTestObject("BTN_Save")): Object: 'Object Repository/BTN_Save' is clicked on

2019-02-19 13:29:28 - [MESSAGE][PASSED] - Object: 'Object Repository/BTN_Save' is clicked on

2019-02-19 13:29:28 - [TEST_STEP][PASSED] - delay(3): Delayed 3 second(s)

2019-02-19 13:29:31 - [MESSAGE][PASSED] - Delayed 3 second(s)

2019-02-19 13:29:31 - [TEST_STEP][PASSED] - click(findTestObject("Event Group Managemnt/BTN_Back (1)")): Object: 'Object Repository/Event Group Managemnt/BTN_Back (1)' is clicked on

2019-02-19 13:29:31 - [MESSAGE][PASSED] - Object: 'Object Repository/Event Group Managemnt/BTN_Back (1)' is clicked on

2019-02-19 13:29:31 - [TEST_STEP][PASSED] - delay(3): Delayed 3 second(s)

2019-02-19 13:29:34 - [MESSAGE][PASSED] - Delayed 3 second(s)]]></system-out>
         <system-err><![CDATA[]]></system-err>
      </testcase>
      <testcase name="Test Cases/Event Group Management/TC_Click on Search Button" classname="Test Cases/Event Group Management/TC_Click on Search Button" status="PASSED">
         <system-out><![CDATA[2019-02-19 13:29:34 - [TEST_CASE][PASSED] - Test Cases/Event Group Management/TC_Click on Search Button: Test Cases/Event Group Management/TC_Click on Search Button

2019-02-19 13:29:34 - [TEST_STEP][PASSED] - click(findTestObject("Event Group Managemnt/BTN_Clear")): Object: 'Object Repository/Event Group Managemnt/BTN_Clear' is clicked on

2019-02-19 13:29:34 - [MESSAGE][PASSED] - Object: 'Object Repository/Event Group Managemnt/BTN_Clear' is clicked on

2019-02-19 13:29:34 - [TEST_STEP][PASSED] - delay(2): Delayed 2 second(s)

2019-02-19 13:29:36 - [MESSAGE][PASSED] - Delayed 2 second(s)

2019-02-19 13:29:36 - [TEST_STEP][PASSED] - click(findTestObject("Event Group Managemnt/BTN_Search")): Object: 'Object Repository/Event Group Managemnt/BTN_Search' is clicked on

2019-02-19 13:29:36 - [MESSAGE][PASSED] - Object: 'Object Repository/Event Group Managemnt/BTN_Search' is clicked on

2019-02-19 13:29:36 - [TEST_STEP][PASSED] - delay(1): Delayed 1 second(s)

2019-02-19 13:29:37 - [MESSAGE][PASSED] - Delayed 1 second(s)]]></system-out>
         <system-err><![CDATA[]]></system-err>
      </testcase>
      <testcase name="Test Cases/Event Group Management/TC_Update_Records" classname="Test Cases/Event Group Management/TC_Update_Records" status="PASSED">
         <system-out><![CDATA[2019-02-19 13:29:37 - [TEST_CASE][PASSED] - Test Cases/Event Group Management/TC_Update_Records: Test Cases/Event Group Management/TC_Update_Records

2019-02-19 13:29:37 - [TEST_STEP][PASSED] - if (ActionType == "UpdateYes"): Delayed 1 second(s)

2019-02-19 13:29:37 - [TEST_STEP][PASSED] - delay(1): Delayed 1 second(s)

2019-02-19 13:29:38 - [MESSAGE][PASSED] - Delayed 1 second(s)

2019-02-19 13:29:38 - [TEST_STEP][PASSED] - pk_Functions.CS_ClickingonActionButtonswithPagination.SelectRecordFromWebtableFun("UpdateYes", 0, 3, "Event Group Management/MOF_NE_Event Group ManagementObjectRepository", "Sheet1", Code): pk_Functions.CS_ClickingonActionButtonswithPagination.SelectRecordFromWebtableFun is PASSED

2019-02-19 13:29:39 - [MESSAGE][PASSED] - Object: '' is clicked on

2019-02-19 13:29:40 - [MESSAGE][PASSED] - Delayed 1 second(s)

2019-02-19 13:29:40 - [MESSAGE][PASSED] - Attribute 'tabindex' of object '' is: '0'

2019-02-19 13:29:41 - [MESSAGE][PASSED] - Delayed 1 second(s)

2019-02-19 13:29:42 - [MESSAGE][PASSED] - Delayed 1 second(s)

2019-02-19 13:29:42 - [MESSAGE][PASSED] - Attribute 'tabindex' of object '' is: '0'

2019-02-19 13:29:42 - [MESSAGE][PASSED] - Object: '' is clicked on

2019-02-19 13:29:43 - [MESSAGE][PASSED] - Delayed 1 second(s)

2019-02-19 13:29:44 - [MESSAGE][PASSED] - Delayed 1 second(s)

2019-02-19 13:29:46 - [MESSAGE][PASSED] - Delayed 1 second(s)

2019-02-19 13:29:46 - [MESSAGE][PASSED] - pk_Functions.CS_ClickingonActionButtonswithPagination.SelectRecordFromWebtableFun is PASSED

2019-02-19 13:29:46 - [TEST_STEP][PASSED] - delay(2): Delayed 2 second(s)

2019-02-19 13:29:48 - [MESSAGE][PASSED] - Delayed 2 second(s)

2019-02-19 13:29:48 - [TEST_STEP][PASSED] - pk_Functions.CS_SpecificPageData.DataFun(["Arabic Description", "English Description"], "Event Group Management/MOF_NE_Event Group ManagementObjectRepository", "Sheet1", [ArabicDescription, EnglishDescription]): pk_Functions.CS_SpecificPageData.DataFun is PASSED

2019-02-19 13:29:48 - [MESSAGE][PASSED] - Text 'English Description_1_Update' is set on object ''

2019-02-19 13:29:48 - [MESSAGE][PASSED] - Text 'English Description_1_Update' is set on object ''

2019-02-19 13:29:48 - [MESSAGE][PASSED] - pk_Functions.CS_SpecificPageData.DataFun is PASSED

2019-02-19 13:29:48 - [TEST_STEP][PASSED] - delay(2): Delayed 2 second(s)

2019-02-19 13:29:50 - [MESSAGE][PASSED] - Delayed 2 second(s)

2019-02-19 13:29:50 - [TEST_STEP][PASSED] - click(findTestObject("BTN_Save")): Object: 'Object Repository/BTN_Save' is clicked on

2019-02-19 13:29:50 - [MESSAGE][PASSED] - Object: 'Object Repository/BTN_Save' is clicked on

2019-02-19 13:29:50 - [TEST_STEP][PASSED] - delay(2): Delayed 2 second(s)

2019-02-19 13:29:52 - [MESSAGE][PASSED] - Delayed 2 second(s)

2019-02-19 13:29:52 - [TEST_STEP][PASSED] - click(findTestObject("Event Group Managemnt/BTN_Back (1)")): Object: 'Object Repository/Event Group Managemnt/BTN_Back (1)' is clicked on

2019-02-19 13:29:52 - [MESSAGE][PASSED] - Object: 'Object Repository/Event Group Managemnt/BTN_Back (1)' is clicked on

2019-02-19 13:29:52 - [TEST_STEP][PASSED] - delay(1): Delayed 1 second(s)

2019-02-19 13:29:53 - [MESSAGE][PASSED] - Delayed 1 second(s)]]></system-out>
         <system-err><![CDATA[]]></system-err>
      </testcase>
      <testcase name="Test Cases/Event Group Management/TC_Update_Records" classname="Test Cases/Event Group Management/TC_Update_Records" status="PASSED">
         <system-out><![CDATA[2019-02-19 13:29:53 - [TEST_CASE][PASSED] - Test Cases/Event Group Management/TC_Update_Records: Test Cases/Event Group Management/TC_Update_Records

2019-02-19 13:29:53 - [TEST_STEP][PASSED] - if (ActionType == "UpdateYes"): Delayed 1 second(s)

2019-02-19 13:29:53 - [TEST_STEP][PASSED] - delay(1): Delayed 1 second(s)

2019-02-19 13:29:54 - [MESSAGE][PASSED] - Delayed 1 second(s)

2019-02-19 13:29:54 - [TEST_STEP][PASSED] - pk_Functions.CS_ClickingonActionButtonswithPagination.SelectRecordFromWebtableFun("UpdateYes", 0, 3, "Event Group Management/MOF_NE_Event Group ManagementObjectRepository", "Sheet1", Code): pk_Functions.CS_ClickingonActionButtonswithPagination.SelectRecordFromWebtableFun is PASSED

2019-02-19 13:29:55 - [MESSAGE][PASSED] - Object: '' is clicked on

2019-02-19 13:29:56 - [MESSAGE][PASSED] - Delayed 1 second(s)

2019-02-19 13:29:56 - [MESSAGE][PASSED] - Attribute 'tabindex' of object '' is: '0'

2019-02-19 13:29:57 - [MESSAGE][PASSED] - Delayed 1 second(s)

2019-02-19 13:29:58 - [MESSAGE][PASSED] - Delayed 1 second(s)

2019-02-19 13:29:58 - [MESSAGE][PASSED] - Attribute 'tabindex' of object '' is: '0'

2019-02-19 13:29:58 - [MESSAGE][PASSED] - Object: '' is clicked on

2019-02-19 13:29:59 - [MESSAGE][PASSED] - Delayed 1 second(s)

2019-02-19 13:30:00 - [MESSAGE][PASSED] - Delayed 1 second(s)

2019-02-19 13:30:01 - [MESSAGE][PASSED] - Delayed 1 second(s)

2019-02-19 13:30:01 - [MESSAGE][PASSED] - pk_Functions.CS_ClickingonActionButtonswithPagination.SelectRecordFromWebtableFun is PASSED

2019-02-19 13:30:01 - [TEST_STEP][PASSED] - delay(2): Delayed 2 second(s)

2019-02-19 13:30:03 - [MESSAGE][PASSED] - Delayed 2 second(s)

2019-02-19 13:30:03 - [TEST_STEP][PASSED] - pk_Functions.CS_SpecificPageData.DataFun(["Arabic Description", "English Description"], "Event Group Management/MOF_NE_Event Group ManagementObjectRepository", "Sheet1", [ArabicDescription, EnglishDescription]): pk_Functions.CS_SpecificPageData.DataFun is PASSED

2019-02-19 13:30:04 - [MESSAGE][PASSED] - Text 'English Description_1_Update' is set on object ''

2019-02-19 13:30:04 - [MESSAGE][PASSED] - Text 'English Description_2_Update' is set on object ''

2019-02-19 13:30:04 - [MESSAGE][PASSED] - pk_Functions.CS_SpecificPageData.DataFun is PASSED

2019-02-19 13:30:04 - [TEST_STEP][PASSED] - delay(2): Delayed 2 second(s)

2019-02-19 13:30:06 - [MESSAGE][PASSED] - Delayed 2 second(s)

2019-02-19 13:30:06 - [TEST_STEP][PASSED] - click(findTestObject("BTN_Save")): Object: 'Object Repository/BTN_Save' is clicked on

2019-02-19 13:30:06 - [MESSAGE][PASSED] - Object: 'Object Repository/BTN_Save' is clicked on

2019-02-19 13:30:06 - [TEST_STEP][PASSED] - delay(2): Delayed 2 second(s)

2019-02-19 13:30:08 - [MESSAGE][PASSED] - Delayed 2 second(s)

2019-02-19 13:30:08 - [TEST_STEP][PASSED] - click(findTestObject("Event Group Managemnt/BTN_Back (1)")): Object: 'Object Repository/Event Group Managemnt/BTN_Back (1)' is clicked on

2019-02-19 13:30:08 - [MESSAGE][PASSED] - Object: 'Object Repository/Event Group Managemnt/BTN_Back (1)' is clicked on

2019-02-19 13:30:08 - [TEST_STEP][PASSED] - delay(1): Delayed 1 second(s)

2019-02-19 13:30:09 - [MESSAGE][PASSED] - Delayed 1 second(s)]]></system-out>
         <system-err><![CDATA[]]></system-err>
      </testcase>
      <testcase name="Test Cases/Event Group Management/TC_Update_Records" classname="Test Cases/Event Group Management/TC_Update_Records" status="PASSED">
         <system-out><![CDATA[2019-02-19 13:30:09 - [TEST_CASE][PASSED] - Test Cases/Event Group Management/TC_Update_Records: Test Cases/Event Group Management/TC_Update_Records

2019-02-19 13:30:09 - [TEST_STEP][PASSED] - if (ActionType == "UpdateYes"): Delayed 1 second(s)

2019-02-19 13:30:09 - [TEST_STEP][PASSED] - delay(1): Delayed 1 second(s)

2019-02-19 13:30:10 - [MESSAGE][PASSED] - Delayed 1 second(s)

2019-02-19 13:30:10 - [TEST_STEP][PASSED] - pk_Functions.CS_ClickingonActionButtonswithPagination.SelectRecordFromWebtableFun("UpdateYes", 0, 3, "Event Group Management/MOF_NE_Event Group ManagementObjectRepository", "Sheet1", Code): pk_Functions.CS_ClickingonActionButtonswithPagination.SelectRecordFromWebtableFun is PASSED

2019-02-19 13:30:10 - [MESSAGE][PASSED] - Object: '' is clicked on

2019-02-19 13:30:11 - [MESSAGE][PASSED] - Delayed 1 second(s)

2019-02-19 13:30:11 - [MESSAGE][PASSED] - Attribute 'tabindex' of object '' is: '0'

2019-02-19 13:30:12 - [MESSAGE][PASSED] - Delayed 1 second(s)

2019-02-19 13:30:13 - [MESSAGE][PASSED] - Delayed 1 second(s)

2019-02-19 13:30:14 - [MESSAGE][PASSED] - Attribute 'tabindex' of object '' is: '0'

2019-02-19 13:30:14 - [MESSAGE][PASSED] - Object: '' is clicked on

2019-02-19 13:30:15 - [MESSAGE][PASSED] - Delayed 1 second(s)

2019-02-19 13:30:16 - [MESSAGE][PASSED] - Delayed 1 second(s)

2019-02-19 13:30:17 - [MESSAGE][PASSED] - Delayed 1 second(s)

2019-02-19 13:30:17 - [MESSAGE][PASSED] - pk_Functions.CS_ClickingonActionButtonswithPagination.SelectRecordFromWebtableFun is PASSED

2019-02-19 13:30:17 - [TEST_STEP][PASSED] - delay(2): Delayed 2 second(s)

2019-02-19 13:30:19 - [MESSAGE][PASSED] - Delayed 2 second(s)

2019-02-19 13:30:19 - [TEST_STEP][PASSED] - pk_Functions.CS_SpecificPageData.DataFun(["Arabic Description", "English Description"], "Event Group Management/MOF_NE_Event Group ManagementObjectRepository", "Sheet1", [ArabicDescription, EnglishDescription]): pk_Functions.CS_SpecificPageData.DataFun is PASSED

2019-02-19 13:30:19 - [MESSAGE][PASSED] - Text '' is set on object ''

2019-02-19 13:30:20 - [MESSAGE][PASSED] - Text '' is set on object ''

2019-02-19 13:30:20 - [MESSAGE][PASSED] - pk_Functions.CS_SpecificPageData.DataFun is PASSED

2019-02-19 13:30:20 - [TEST_STEP][PASSED] - delay(2): Delayed 2 second(s)

2019-02-19 13:30:22 - [MESSAGE][PASSED] - Delayed 2 second(s)

2019-02-19 13:30:22 - [TEST_STEP][PASSED] - click(findTestObject("BTN_Save")): Object: 'Object Repository/BTN_Save' is clicked on

2019-02-19 13:30:22 - [MESSAGE][PASSED] - Object: 'Object Repository/BTN_Save' is clicked on

2019-02-19 13:30:22 - [TEST_STEP][PASSED] - delay(2): Delayed 2 second(s)

2019-02-19 13:30:24 - [MESSAGE][PASSED] - Delayed 2 second(s)

2019-02-19 13:30:24 - [TEST_STEP][PASSED] - click(findTestObject("Event Group Managemnt/BTN_Back (1)")): Object: 'Object Repository/Event Group Managemnt/BTN_Back (1)' is clicked on

2019-02-19 13:30:24 - [MESSAGE][PASSED] - Object: 'Object Repository/Event Group Managemnt/BTN_Back (1)' is clicked on

2019-02-19 13:30:24 - [TEST_STEP][PASSED] - delay(1): Delayed 1 second(s)

2019-02-19 13:30:25 - [MESSAGE][PASSED] - Delayed 1 second(s)]]></system-out>
         <system-err><![CDATA[]]></system-err>
      </testcase>
      <testcase name="Test Cases/Event Group Management/TC_Update_Records" classname="Test Cases/Event Group Management/TC_Update_Records" status="PASSED">
         <system-out><![CDATA[2019-02-19 13:30:25 - [TEST_CASE][PASSED] - Test Cases/Event Group Management/TC_Update_Records: Test Cases/Event Group Management/TC_Update_Records

2019-02-19 13:30:25 - [TEST_STEP][PASSED] - if (ActionType == "UpdateYes"): null]]></system-out>
         <system-err><![CDATA[]]></system-err>
      </testcase>
      <testcase name="Test Cases/Event Group Management/TC_Update_Records" classname="Test Cases/Event Group Management/TC_Update_Records" status="PASSED">
         <system-out><![CDATA[2019-02-19 13:30:25 - [TEST_CASE][PASSED] - Test Cases/Event Group Management/TC_Update_Records: Test Cases/Event Group Management/TC_Update_Records

2019-02-19 13:30:25 - [TEST_STEP][PASSED] - if (ActionType == "UpdateYes"): Delayed 1 second(s)

2019-02-19 13:30:25 - [TEST_STEP][PASSED] - delay(1): Delayed 1 second(s)

2019-02-19 13:30:26 - [MESSAGE][PASSED] - Delayed 1 second(s)

2019-02-19 13:30:26 - [TEST_STEP][PASSED] - pk_Functions.CS_ClickingonActionButtonswithPagination.SelectRecordFromWebtableFun("UpdateYes", 0, 3, "Event Group Management/MOF_NE_Event Group ManagementObjectRepository", "Sheet1", Code): pk_Functions.CS_ClickingonActionButtonswithPagination.SelectRecordFromWebtableFun is PASSED

2019-02-19 13:30:26 - [MESSAGE][PASSED] - Object: '' is clicked on

2019-02-19 13:30:27 - [MESSAGE][PASSED] - Delayed 1 second(s)

2019-02-19 13:30:27 - [MESSAGE][PASSED] - Attribute 'tabindex' of object '' is: '0'

2019-02-19 13:30:28 - [MESSAGE][PASSED] - Delayed 1 second(s)

2019-02-19 13:30:29 - [MESSAGE][PASSED] - Delayed 1 second(s)

2019-02-19 13:30:29 - [MESSAGE][PASSED] - Attribute 'tabindex' of object '' is: '0'

2019-02-19 13:30:29 - [MESSAGE][PASSED] - Object: '' is clicked on

2019-02-19 13:30:30 - [MESSAGE][PASSED] - Delayed 1 second(s)

2019-02-19 13:30:31 - [MESSAGE][PASSED] - Delayed 1 second(s)

2019-02-19 13:30:32 - [MESSAGE][PASSED] - Attribute 'tabindex' of object '' is: '0'

2019-02-19 13:30:32 - [MESSAGE][PASSED] - Object: '' is clicked on

2019-02-19 13:30:33 - [MESSAGE][PASSED] - Delayed 1 second(s)

2019-02-19 13:30:34 - [MESSAGE][PASSED] - Delayed 1 second(s)

2019-02-19 13:30:34 - [MESSAGE][PASSED] - Attribute 'tabindex' of object '' is: '0'

2019-02-19 13:30:34 - [MESSAGE][PASSED] - Object: '' is clicked on

2019-02-19 13:30:35 - [MESSAGE][PASSED] - Delayed 1 second(s)

2019-02-19 13:30:36 - [MESSAGE][PASSED] - Delayed 1 second(s)

2019-02-19 13:30:37 - [MESSAGE][PASSED] - Attribute 'tabindex' of object '' is: '0'

2019-02-19 13:30:37 - [MESSAGE][PASSED] - Object: '' is clicked on

2019-02-19 13:30:38 - [MESSAGE][PASSED] - Delayed 1 second(s)

2019-02-19 13:30:39 - [MESSAGE][PASSED] - Delayed 1 second(s)

2019-02-19 13:30:40 - [MESSAGE][PASSED] - Delayed 1 second(s)

2019-02-19 13:30:40 - [MESSAGE][PASSED] - pk_Functions.CS_ClickingonActionButtonswithPagination.SelectRecordFromWebtableFun is PASSED

2019-02-19 13:30:40 - [TEST_STEP][PASSED] - delay(2): Delayed 2 second(s)

2019-02-19 13:30:42 - [MESSAGE][PASSED] - Delayed 2 second(s)

2019-02-19 13:30:42 - [TEST_STEP][PASSED] - pk_Functions.CS_SpecificPageData.DataFun(["Arabic Description", "English Description"], "Event Group Management/MOF_NE_Event Group ManagementObjectRepository", "Sheet1", [ArabicDescription, EnglishDescription]): pk_Functions.CS_SpecificPageData.DataFun is PASSED

2019-02-19 13:30:42 - [MESSAGE][PASSED] - Text 'English Description_4' is set on object ''

2019-02-19 13:30:42 - [MESSAGE][PASSED] - Text 'English Description_4' is set on object ''

2019-02-19 13:30:42 - [MESSAGE][PASSED] - pk_Functions.CS_SpecificPageData.DataFun is PASSED

2019-02-19 13:30:42 - [TEST_STEP][PASSED] - delay(2): Delayed 2 second(s)

2019-02-19 13:30:44 - [MESSAGE][PASSED] - Delayed 2 second(s)

2019-02-19 13:30:44 - [TEST_STEP][PASSED] - click(findTestObject("BTN_Save")): Object: 'Object Repository/BTN_Save' is clicked on

2019-02-19 13:30:44 - [MESSAGE][PASSED] - Object: 'Object Repository/BTN_Save' is clicked on

2019-02-19 13:30:44 - [TEST_STEP][PASSED] - delay(2): Delayed 2 second(s)

2019-02-19 13:30:46 - [MESSAGE][PASSED] - Delayed 2 second(s)

2019-02-19 13:30:46 - [TEST_STEP][PASSED] - click(findTestObject("Event Group Managemnt/BTN_Back (1)")): Object: 'Object Repository/Event Group Managemnt/BTN_Back (1)' is clicked on

2019-02-19 13:30:47 - [MESSAGE][PASSED] - Object: 'Object Repository/Event Group Managemnt/BTN_Back (1)' is clicked on

2019-02-19 13:30:47 - [TEST_STEP][PASSED] - delay(1): Delayed 1 second(s)

2019-02-19 13:30:48 - [MESSAGE][PASSED] - Delayed 1 second(s)]]></system-out>
         <system-err><![CDATA[]]></system-err>
      </testcase>
      <testcase name="Test Cases/Event Group Management/TC_View_Records" classname="Test Cases/Event Group Management/TC_View_Records" status="PASSED">
         <system-out><![CDATA[2019-02-19 13:30:48 - [TEST_CASE][PASSED] - Test Cases/Event Group Management/TC_View_Records: Test Cases/Event Group Management/TC_View_Records

2019-02-19 13:30:48 - [TEST_STEP][PASSED] - if (ActionType == "ViewYes"): null]]></system-out>
         <system-err><![CDATA[]]></system-err>
      </testcase>
      <testcase name="Test Cases/Event Group Management/TC_View_Records" classname="Test Cases/Event Group Management/TC_View_Records" status="PASSED">
         <system-out><![CDATA[2019-02-19 13:30:48 - [TEST_CASE][PASSED] - Test Cases/Event Group Management/TC_View_Records: Test Cases/Event Group Management/TC_View_Records

2019-02-19 13:30:48 - [TEST_STEP][PASSED] - if (ActionType == "ViewYes"): null]]></system-out>
         <system-err><![CDATA[]]></system-err>
      </testcase>
      <testcase name="Test Cases/Event Group Management/TC_View_Records" classname="Test Cases/Event Group Management/TC_View_Records" status="PASSED">
         <system-out><![CDATA[2019-02-19 13:30:48 - [TEST_CASE][PASSED] - Test Cases/Event Group Management/TC_View_Records: Test Cases/Event Group Management/TC_View_Records

2019-02-19 13:30:48 - [TEST_STEP][PASSED] - if (ActionType == "ViewYes"): null]]></system-out>
         <system-err><![CDATA[]]></system-err>
      </testcase>
      <testcase name="Test Cases/Event Group Management/TC_View_Records" classname="Test Cases/Event Group Management/TC_View_Records" status="PASSED">
         <system-out><![CDATA[2019-02-19 13:30:48 - [TEST_CASE][PASSED] - Test Cases/Event Group Management/TC_View_Records: Test Cases/Event Group Management/TC_View_Records

2019-02-19 13:30:48 - [TEST_STEP][PASSED] - if (ActionType == "ViewYes"): null]]></system-out>
         <system-err><![CDATA[]]></system-err>
      </testcase>
      <testcase name="Test Cases/Event Group Management/TC_View_Records" classname="Test Cases/Event Group Management/TC_View_Records" status="PASSED">
         <system-out><![CDATA[2019-02-19 13:30:48 - [TEST_CASE][PASSED] - Test Cases/Event Group Management/TC_View_Records: Test Cases/Event Group Management/TC_View_Records

2019-02-19 13:30:48 - [TEST_STEP][PASSED] - if (ActionType == "ViewYes"): null]]></system-out>
         <system-err><![CDATA[]]></system-err>
      </testcase>
      <testcase name="Test Cases/Event Group Management/TC_Delete_Records" classname="Test Cases/Event Group Management/TC_Delete_Records" status="PASSED">
         <system-out><![CDATA[2019-02-19 13:30:48 - [TEST_CASE][PASSED] - Test Cases/Event Group Management/TC_Delete_Records: Test Cases/Event Group Management/TC_Delete_Records

2019-02-19 13:30:48 - [TEST_STEP][PASSED] - if (ActionType): pk_Functions.CS_ClickingonActionButtonswithPagination.SelectRecordFromWebtableFun is PASSED

2019-02-19 13:30:48 - [TEST_STEP][PASSED] - pk_Functions.CS_ClickingonActionButtonswithPagination.SelectRecordFromWebtableFun(ActionType, 0, 3, "Event Group Management/MOF_NE_Event Group ManagementObjectRepository", "Sheet1", code): pk_Functions.CS_ClickingonActionButtonswithPagination.SelectRecordFromWebtableFun is PASSED

2019-02-19 13:30:49 - [MESSAGE][PASSED] - Object: '' is clicked on

2019-02-19 13:30:50 - [MESSAGE][PASSED] - Delayed 1 second(s)

2019-02-19 13:30:50 - [MESSAGE][PASSED] - Attribute 'tabindex' of object '' is: '0'

2019-02-19 13:30:51 - [MESSAGE][PASSED] - Delayed 1 second(s)

2019-02-19 13:30:52 - [MESSAGE][PASSED] - Delayed 1 second(s)

2019-02-19 13:30:52 - [MESSAGE][PASSED] - Attribute 'tabindex' of object '' is: '0'

2019-02-19 13:30:52 - [MESSAGE][PASSED] - Object: '' is clicked on

2019-02-19 13:30:53 - [MESSAGE][PASSED] - Delayed 1 second(s)

2019-02-19 13:30:54 - [MESSAGE][PASSED] - Delayed 1 second(s)

2019-02-19 13:30:55 - [MESSAGE][PASSED] - Delayed 1 second(s)

2019-02-19 13:30:55 - [MESSAGE][PASSED] - Object: '' is clicked on

2019-02-19 13:30:56 - [MESSAGE][PASSED] - Delayed 1 second(s)

2019-02-19 13:30:57 - [MESSAGE][PASSED] - Object: '' is clicked on

2019-02-19 13:30:58 - [MESSAGE][PASSED] - Delayed 1 second(s)

2019-02-19 13:30:58 - [MESSAGE][PASSED] - pk_Functions.CS_ClickingonActionButtonswithPagination.SelectRecordFromWebtableFun is PASSED

2019-02-19 13:30:58 - [TEST_STEP][PASSED] - delay(2): Delayed 2 second(s)

2019-02-19 13:31:00 - [MESSAGE][PASSED] - Delayed 2 second(s)]]></system-out>
         <system-err><![CDATA[]]></system-err>
      </testcase>
      <testcase name="Test Cases/Event Group Management/TC_Delete_Records" classname="Test Cases/Event Group Management/TC_Delete_Records" status="PASSED">
         <system-out><![CDATA[2019-02-19 13:31:00 - [TEST_CASE][PASSED] - Test Cases/Event Group Management/TC_Delete_Records: Test Cases/Event Group Management/TC_Delete_Records

2019-02-19 13:31:00 - [TEST_STEP][PASSED] - if (ActionType): pk_Functions.CS_ClickingonActionButtonswithPagination.SelectRecordFromWebtableFun is PASSED

2019-02-19 13:31:00 - [TEST_STEP][PASSED] - pk_Functions.CS_ClickingonActionButtonswithPagination.SelectRecordFromWebtableFun(ActionType, 0, 3, "Event Group Management/MOF_NE_Event Group ManagementObjectRepository", "Sheet1", code): pk_Functions.CS_ClickingonActionButtonswithPagination.SelectRecordFromWebtableFun is PASSED

2019-02-19 13:31:00 - [MESSAGE][PASSED] - Object: '' is clicked on

2019-02-19 13:31:01 - [MESSAGE][PASSED] - Delayed 1 second(s)

2019-02-19 13:31:01 - [MESSAGE][PASSED] - Attribute 'tabindex' of object '' is: '0'

2019-02-19 13:31:02 - [MESSAGE][PASSED] - Delayed 1 second(s)

2019-02-19 13:31:03 - [MESSAGE][PASSED] - Delayed 1 second(s)

2019-02-19 13:31:03 - [MESSAGE][PASSED] - Attribute 'tabindex' of object '' is: '0'

2019-02-19 13:31:03 - [MESSAGE][PASSED] - Object: '' is clicked on

2019-02-19 13:31:04 - [MESSAGE][PASSED] - Delayed 1 second(s)

2019-02-19 13:31:05 - [MESSAGE][PASSED] - Delayed 1 second(s)

2019-02-19 13:31:07 - [MESSAGE][PASSED] - Delayed 1 second(s)

2019-02-19 13:31:07 - [MESSAGE][PASSED] - Object: '' is clicked on

2019-02-19 13:31:08 - [MESSAGE][PASSED] - Delayed 1 second(s)

2019-02-19 13:31:08 - [MESSAGE][PASSED] - Object: '' is clicked on

2019-02-19 13:31:09 - [MESSAGE][PASSED] - Delayed 1 second(s)

2019-02-19 13:31:09 - [MESSAGE][PASSED] - pk_Functions.CS_ClickingonActionButtonswithPagination.SelectRecordFromWebtableFun is PASSED

2019-02-19 13:31:09 - [TEST_STEP][PASSED] - delay(2): Delayed 2 second(s)

2019-02-19 13:31:11 - [MESSAGE][PASSED] - Delayed 2 second(s)]]></system-out>
         <system-err><![CDATA[]]></system-err>
      </testcase>
      <testcase name="Test Cases/Event Group Management/TC_Delete_Records" classname="Test Cases/Event Group Management/TC_Delete_Records" status="PASSED">
         <system-out><![CDATA[2019-02-19 13:31:11 - [TEST_CASE][PASSED] - Test Cases/Event Group Management/TC_Delete_Records: Test Cases/Event Group Management/TC_Delete_Records

2019-02-19 13:31:11 - [TEST_STEP][PASSED] - if (ActionType): pk_Functions.CS_ClickingonActionButtonswithPagination.SelectRecordFromWebtableFun is PASSED

2019-02-19 13:31:11 - [TEST_STEP][PASSED] - pk_Functions.CS_ClickingonActionButtonswithPagination.SelectRecordFromWebtableFun(ActionType, 0, 3, "Event Group Management/MOF_NE_Event Group ManagementObjectRepository", "Sheet1", code): pk_Functions.CS_ClickingonActionButtonswithPagination.SelectRecordFromWebtableFun is PASSED

2019-02-19 13:31:11 - [MESSAGE][PASSED] - Object: '' is clicked on

2019-02-19 13:31:12 - [MESSAGE][PASSED] - Delayed 1 second(s)

2019-02-19 13:31:12 - [MESSAGE][PASSED] - Attribute 'tabindex' of object '' is: '0'

2019-02-19 13:31:13 - [MESSAGE][PASSED] - Delayed 1 second(s)

2019-02-19 13:31:14 - [MESSAGE][PASSED] - Delayed 1 second(s)

2019-02-19 13:31:14 - [MESSAGE][PASSED] - Attribute 'tabindex' of object '' is: '0'

2019-02-19 13:31:14 - [MESSAGE][PASSED] - Object: '' is clicked on

2019-02-19 13:31:15 - [MESSAGE][PASSED] - Delayed 1 second(s)

2019-02-19 13:31:16 - [MESSAGE][PASSED] - Delayed 1 second(s)

2019-02-19 13:31:18 - [MESSAGE][PASSED] - Delayed 1 second(s)

2019-02-19 13:31:18 - [MESSAGE][PASSED] - Object: '' is clicked on

2019-02-19 13:31:19 - [MESSAGE][PASSED] - Delayed 1 second(s)

2019-02-19 13:31:19 - [MESSAGE][PASSED] - Object: '' is clicked on

2019-02-19 13:31:20 - [MESSAGE][PASSED] - Delayed 1 second(s)

2019-02-19 13:31:20 - [MESSAGE][PASSED] - pk_Functions.CS_ClickingonActionButtonswithPagination.SelectRecordFromWebtableFun is PASSED

2019-02-19 13:31:20 - [TEST_STEP][PASSED] - delay(2): Delayed 2 second(s)

2019-02-19 13:31:22 - [MESSAGE][PASSED] - Delayed 2 second(s)]]></system-out>
         <system-err><![CDATA[]]></system-err>
      </testcase>
      <testcase name="Test Cases/Event Group Management/TC_Delete_Records" classname="Test Cases/Event Group Management/TC_Delete_Records" status="PASSED">
         <system-out><![CDATA[2019-02-19 13:31:22 - [TEST_CASE][PASSED] - Test Cases/Event Group Management/TC_Delete_Records: Test Cases/Event Group Management/TC_Delete_Records

2019-02-19 13:31:22 - [TEST_STEP][PASSED] - if (ActionType): pk_Functions.CS_ClickingonActionButtonswithPagination.SelectRecordFromWebtableFun is PASSED

2019-02-19 13:31:22 - [TEST_STEP][PASSED] - pk_Functions.CS_ClickingonActionButtonswithPagination.SelectRecordFromWebtableFun(ActionType, 0, 3, "Event Group Management/MOF_NE_Event Group ManagementObjectRepository", "Sheet1", code): pk_Functions.CS_ClickingonActionButtonswithPagination.SelectRecordFromWebtableFun is PASSED

2019-02-19 13:31:22 - [MESSAGE][PASSED] - Object: '' is clicked on

2019-02-19 13:31:23 - [MESSAGE][PASSED] - Delayed 1 second(s)

2019-02-19 13:31:23 - [MESSAGE][PASSED] - Attribute 'tabindex' of object '' is: '0'

2019-02-19 13:31:24 - [MESSAGE][PASSED] - Delayed 1 second(s)

2019-02-19 13:31:25 - [MESSAGE][PASSED] - Delayed 1 second(s)

2019-02-19 13:31:26 - [MESSAGE][PASSED] - Attribute 'tabindex' of object '' is: '0'

2019-02-19 13:31:26 - [MESSAGE][PASSED] - Object: '' is clicked on

2019-02-19 13:31:27 - [MESSAGE][PASSED] - Delayed 1 second(s)

2019-02-19 13:31:28 - [MESSAGE][PASSED] - Delayed 1 second(s)

2019-02-19 13:31:29 - [MESSAGE][PASSED] - Delayed 1 second(s)

2019-02-19 13:31:29 - [MESSAGE][PASSED] - Object: '' is clicked on

2019-02-19 13:31:30 - [MESSAGE][PASSED] - Delayed 1 second(s)

2019-02-19 13:31:30 - [MESSAGE][PASSED] - Object: '' is clicked on

2019-02-19 13:31:31 - [MESSAGE][PASSED] - Delayed 1 second(s)

2019-02-19 13:31:31 - [MESSAGE][PASSED] - pk_Functions.CS_ClickingonActionButtonswithPagination.SelectRecordFromWebtableFun is PASSED

2019-02-19 13:31:31 - [TEST_STEP][PASSED] - delay(2): Delayed 2 second(s)

2019-02-19 13:31:33 - [MESSAGE][PASSED] - Delayed 2 second(s)]]></system-out>
         <system-err><![CDATA[]]></system-err>
      </testcase>
      <testcase name="Test Cases/Event Group Management/TC_Delete_Records" classname="Test Cases/Event Group Management/TC_Delete_Records" status="PASSED">
         <system-out><![CDATA[2019-02-19 13:31:33 - [TEST_CASE][PASSED] - Test Cases/Event Group Management/TC_Delete_Records: Test Cases/Event Group Management/TC_Delete_Records

2019-02-19 13:31:33 - [TEST_STEP][PASSED] - if (ActionType): pk_Functions.CS_ClickingonActionButtonswithPagination.SelectRecordFromWebtableFun is PASSED

2019-02-19 13:31:33 - [TEST_STEP][PASSED] - pk_Functions.CS_ClickingonActionButtonswithPagination.SelectRecordFromWebtableFun(ActionType, 0, 3, "Event Group Management/MOF_NE_Event Group ManagementObjectRepository", "Sheet1", code): pk_Functions.CS_ClickingonActionButtonswithPagination.SelectRecordFromWebtableFun is PASSED

2019-02-19 13:31:33 - [MESSAGE][PASSED] - Object: '' is clicked on

2019-02-19 13:31:34 - [MESSAGE][PASSED] - Delayed 1 second(s)

2019-02-19 13:31:34 - [MESSAGE][PASSED] - Attribute 'tabindex' of object '' is: '0'

2019-02-19 13:31:35 - [MESSAGE][PASSED] - Delayed 1 second(s)

2019-02-19 13:31:36 - [MESSAGE][PASSED] - Delayed 1 second(s)

2019-02-19 13:31:37 - [MESSAGE][PASSED] - Attribute 'tabindex' of object '' is: '0'

2019-02-19 13:31:37 - [MESSAGE][PASSED] - Object: '' is clicked on

2019-02-19 13:31:38 - [MESSAGE][PASSED] - Delayed 1 second(s)

2019-02-19 13:31:39 - [MESSAGE][PASSED] - Delayed 1 second(s)

2019-02-19 13:31:39 - [MESSAGE][PASSED] - Attribute 'tabindex' of object '' is: '0'

2019-02-19 13:31:39 - [MESSAGE][PASSED] - Object: '' is clicked on

2019-02-19 13:31:40 - [MESSAGE][PASSED] - Delayed 1 second(s)

2019-02-19 13:31:41 - [MESSAGE][PASSED] - Delayed 1 second(s)

2019-02-19 13:31:42 - [MESSAGE][PASSED] - Attribute 'tabindex' of object '' is: '0'

2019-02-19 13:31:42 - [MESSAGE][PASSED] - Object: '' is clicked on

2019-02-19 13:31:43 - [MESSAGE][PASSED] - Delayed 1 second(s)

2019-02-19 13:31:44 - [MESSAGE][PASSED] - Delayed 1 second(s)

2019-02-19 13:31:45 - [MESSAGE][PASSED] - Delayed 1 second(s)

2019-02-19 13:31:45 - [MESSAGE][PASSED] - Object: '' is clicked on

2019-02-19 13:31:46 - [MESSAGE][PASSED] - Delayed 1 second(s)

2019-02-19 13:31:46 - [MESSAGE][PASSED] - Object: '' is clicked on

2019-02-19 13:31:47 - [MESSAGE][PASSED] - Delayed 1 second(s)

2019-02-19 13:31:47 - [MESSAGE][PASSED] - pk_Functions.CS_ClickingonActionButtonswithPagination.SelectRecordFromWebtableFun is PASSED

2019-02-19 13:31:47 - [TEST_STEP][PASSED] - delay(2): Delayed 2 second(s)

2019-02-19 13:31:49 - [MESSAGE][PASSED] - Delayed 2 second(s)]]></system-out>
         <system-err><![CDATA[]]></system-err>
      </testcase>
      <testcase name="Test Cases/Event Group Management/TC_Verify_Delete and Undelete" classname="Test Cases/Event Group Management/TC_Verify_Delete and Undelete" status="PASSED">
         <system-out><![CDATA[2019-02-19 13:31:49 - [TEST_CASE][PASSED] - Test Cases/Event Group Management/TC_Verify_Delete and Undelete: Test Cases/Event Group Management/TC_Verify_Delete and Undelete

2019-02-19 13:31:50 - [TEST_STEP][PASSED] - pk_Functions.CS_WebtableVerification.ValidateSearchParameters(Delete, "Event Group Management/MOF_NE_Event Group ManagementObjectRepository", "Sheet1", [code], 0): pk_Functions.CS_WebtableVerification.ValidateSearchParameters is PASSED

2019-02-19 13:31:53 - [MESSAGE][PASSED] - Delayed 3 second(s)

2019-02-19 13:31:53 - [MESSAGE][PASSED] - Object: '' is clicked on

2019-02-19 13:31:55 - [MESSAGE][PASSED] - Delayed 2 second(s)

2019-02-19 13:31:55 - [MESSAGE][PASSED] - Attribute 'tabindex' of object '' is: '0'

2019-02-19 13:31:55 - [MESSAGE][PASSED] - Object: '' is clicked on

2019-02-19 13:31:58 - [MESSAGE][PASSED] - Delayed 3 second(s)

2019-02-19 13:31:59 - [MESSAGE][PASSED] - pk_Functions.CS_WebtableVerification.ValidateSearchParameters is PASSED

2019-02-19 13:31:59 - [TEST_STEP][PASSED] - delay(2): Delayed 2 second(s)

2019-02-19 13:32:01 - [MESSAGE][PASSED] - Delayed 2 second(s)]]></system-out>
         <system-err><![CDATA[]]></system-err>
      </testcase>
      <testcase name="Test Cases/Event Group Management/TC_Verify_Delete and Undelete" classname="Test Cases/Event Group Management/TC_Verify_Delete and Undelete" status="PASSED">
         <system-out><![CDATA[2019-02-19 13:32:01 - [TEST_CASE][PASSED] - Test Cases/Event Group Management/TC_Verify_Delete and Undelete: Test Cases/Event Group Management/TC_Verify_Delete and Undelete

2019-02-19 13:32:01 - [TEST_STEP][PASSED] - pk_Functions.CS_WebtableVerification.ValidateSearchParameters(Delete, "Event Group Management/MOF_NE_Event Group ManagementObjectRepository", "Sheet1", [code], 0): pk_Functions.CS_WebtableVerification.ValidateSearchParameters is PASSED

2019-02-19 13:32:04 - [MESSAGE][PASSED] - Delayed 3 second(s)

2019-02-19 13:32:04 - [MESSAGE][PASSED] - Object: '' is clicked on

2019-02-19 13:32:06 - [MESSAGE][PASSED] - Delayed 2 second(s)

2019-02-19 13:32:07 - [MESSAGE][PASSED] - Attribute 'tabindex' of object '' is: '0'

2019-02-19 13:32:07 - [MESSAGE][PASSED] - Object: '' is clicked on

2019-02-19 13:32:10 - [MESSAGE][PASSED] - Delayed 3 second(s)

2019-02-19 13:32:10 - [MESSAGE][PASSED] - pk_Functions.CS_WebtableVerification.ValidateSearchParameters is PASSED

2019-02-19 13:32:10 - [TEST_STEP][PASSED] - delay(2): Delayed 2 second(s)

2019-02-19 13:32:12 - [MESSAGE][PASSED] - Delayed 2 second(s)]]></system-out>
         <system-err><![CDATA[]]></system-err>
      </testcase>
      <testcase name="Test Cases/Event Group Management/TC_Verify_Delete and Undelete" classname="Test Cases/Event Group Management/TC_Verify_Delete and Undelete" status="PASSED">
         <system-out><![CDATA[2019-02-19 13:32:12 - [TEST_CASE][PASSED] - Test Cases/Event Group Management/TC_Verify_Delete and Undelete: Test Cases/Event Group Management/TC_Verify_Delete and Undelete

2019-02-19 13:32:12 - [TEST_STEP][PASSED] - pk_Functions.CS_WebtableVerification.ValidateSearchParameters(Delete, "Event Group Management/MOF_NE_Event Group ManagementObjectRepository", "Sheet1", [code], 0): pk_Functions.CS_WebtableVerification.ValidateSearchParameters is PASSED

2019-02-19 13:32:15 - [MESSAGE][PASSED] - Delayed 3 second(s)

2019-02-19 13:32:15 - [MESSAGE][PASSED] - Object: '' is clicked on

2019-02-19 13:32:17 - [MESSAGE][PASSED] - Delayed 2 second(s)

2019-02-19 13:32:18 - [MESSAGE][PASSED] - Attribute 'tabindex' of object '' is: '0'

2019-02-19 13:32:18 - [MESSAGE][PASSED] - Object: '' is clicked on

2019-02-19 13:32:21 - [MESSAGE][PASSED] - Delayed 3 second(s)

2019-02-19 13:32:21 - [MESSAGE][PASSED] - pk_Functions.CS_WebtableVerification.ValidateSearchParameters is PASSED

2019-02-19 13:32:21 - [TEST_STEP][PASSED] - delay(2): Delayed 2 second(s)

2019-02-19 13:32:23 - [MESSAGE][PASSED] - Delayed 2 second(s)]]></system-out>
         <system-err><![CDATA[]]></system-err>
      </testcase>
      <testcase name="Test Cases/Event Group Management/TC_Verify_Delete and Undelete" classname="Test Cases/Event Group Management/TC_Verify_Delete and Undelete" status="PASSED">
         <system-out><![CDATA[2019-02-19 13:32:23 - [TEST_CASE][PASSED] - Test Cases/Event Group Management/TC_Verify_Delete and Undelete: Test Cases/Event Group Management/TC_Verify_Delete and Undelete

2019-02-19 13:32:23 - [TEST_STEP][PASSED] - pk_Functions.CS_WebtableVerification.ValidateSearchParameters(Delete, "Event Group Management/MOF_NE_Event Group ManagementObjectRepository", "Sheet1", [code], 0): pk_Functions.CS_WebtableVerification.ValidateSearchParameters is PASSED

2019-02-19 13:32:26 - [MESSAGE][PASSED] - Delayed 3 second(s)

2019-02-19 13:32:27 - [MESSAGE][PASSED] - Object: '' is clicked on

2019-02-19 13:32:29 - [MESSAGE][PASSED] - Delayed 2 second(s)

2019-02-19 13:32:29 - [MESSAGE][PASSED] - Attribute 'tabindex' of object '' is: '0'

2019-02-19 13:32:29 - [MESSAGE][PASSED] - Object: '' is clicked on

2019-02-19 13:32:32 - [MESSAGE][PASSED] - Delayed 3 second(s)

2019-02-19 13:32:33 - [MESSAGE][PASSED] - Attribute 'tabindex' of object '' is: '0'

2019-02-19 13:32:33 - [MESSAGE][PASSED] - Object: '' is clicked on

2019-02-19 13:32:36 - [MESSAGE][PASSED] - Delayed 3 second(s)

2019-02-19 13:32:37 - [MESSAGE][PASSED] - Attribute 'tabindex' of object '' is: '0'

2019-02-19 13:32:37 - [MESSAGE][PASSED] - Object: '' is clicked on

2019-02-19 13:32:40 - [MESSAGE][PASSED] - Delayed 3 second(s)

2019-02-19 13:32:40 - [MESSAGE][PASSED] - Attribute 'tabindex' of object '' is: '-1'

2019-02-19 13:32:40 - [MESSAGE][PASSED] - pk_Functions.CS_WebtableVerification.ValidateSearchParameters is PASSED

2019-02-19 13:32:40 - [TEST_STEP][PASSED] - delay(2): Delayed 2 second(s)

2019-02-19 13:32:42 - [MESSAGE][PASSED] - Delayed 2 second(s)]]></system-out>
         <system-err><![CDATA[]]></system-err>
      </testcase>
      <testcase name="Test Cases/Event Group Management/TC_Verify_Delete and Undelete" classname="Test Cases/Event Group Management/TC_Verify_Delete and Undelete" status="PASSED">
         <system-out><![CDATA[2019-02-19 13:32:42 - [TEST_CASE][PASSED] - Test Cases/Event Group Management/TC_Verify_Delete and Undelete: Test Cases/Event Group Management/TC_Verify_Delete and Undelete

2019-02-19 13:32:42 - [TEST_STEP][PASSED] - pk_Functions.CS_WebtableVerification.ValidateSearchParameters(Delete, "Event Group Management/MOF_NE_Event Group ManagementObjectRepository", "Sheet1", [code], 0): pk_Functions.CS_WebtableVerification.ValidateSearchParameters is PASSED

2019-02-19 13:32:45 - [MESSAGE][PASSED] - Delayed 3 second(s)

2019-02-19 13:32:50 - [MESSAGE][PASSED] - Object: '' is clicked on

2019-02-19 13:32:52 - [MESSAGE][PASSED] - Delayed 2 second(s)

2019-02-19 13:32:53 - [MESSAGE][PASSED] - Attribute 'tabindex' of object '' is: '0'

2019-02-19 13:32:54 - [MESSAGE][PASSED] - Object: '' is clicked on

2019-02-19 13:32:57 - [MESSAGE][PASSED] - Delayed 3 second(s)

2019-02-19 13:32:58 - [MESSAGE][PASSED] - Attribute 'tabindex' of object '' is: '0'

2019-02-19 13:33:03 - [MESSAGE][PASSED] - Object: '' is clicked on

2019-02-19 13:33:06 - [MESSAGE][PASSED] - Delayed 3 second(s)

2019-02-19 13:33:07 - [MESSAGE][PASSED] - Attribute 'tabindex' of object '' is: '0'

2019-02-19 13:33:07 - [MESSAGE][PASSED] - Object: '' is clicked on

2019-02-19 13:33:10 - [MESSAGE][PASSED] - Delayed 3 second(s)

2019-02-19 13:33:10 - [MESSAGE][PASSED] - Attribute 'tabindex' of object '' is: '-1'

2019-02-19 13:33:10 - [MESSAGE][PASSED] - pk_Functions.CS_WebtableVerification.ValidateSearchParameters is PASSED

2019-02-19 13:33:10 - [TEST_STEP][PASSED] - delay(2): Delayed 2 second(s)

2019-02-19 13:33:12 - [MESSAGE][PASSED] - Delayed 2 second(s)]]></system-out>
         <system-err><![CDATA[]]></system-err>
      </testcase>
      <system-out><![CDATA[2019-02-19 13:28:21 - [TEST_SUITE][PASSED] - TS_EGMFullScenario: Test Cases/Event Group Management/TC_Verify_Delete and Undelete]]></system-out>
      <system-err><![CDATA[]]></system-err>
   </testsuite>
</testsuites>
