<?xml version="1.0" encoding="UTF-8"?>
<testsuites name="TS_Event Group Management" time="63" tests="5" failures="0" errors="0">
   <testsuite name="TS_Event Group Management" tests="5" failures="0" errors="0" time="63" timestamp="2019-01-22 12:24:02" hostname="aeibrahim - LPALXY0477.ejadaalex.local" id="Test Suites/Event Group Management/TS_Event Group Management">
      <properties>
         <property name="deviceName" value=""/>
         <property name="devicePlatform" value=""/>
         <property name="logFolder" value="C:\\Users\\aeibrahim\\git\\MOF\\Reports\\Event Group Management\\TS_Event Group Management\\20190122_122400"/>
         <property name="logFiles" value="C:\\Users\\aeibrahim\\git\\MOF\\Reports\\Event Group Management\\TS_Event Group Management\\20190122_122400\\execution0.log"/>
         <property name="attachments" value=""/>
         <property name="hostName" value="aeibrahim - LPALXY0477.ejadaalex.local"/>
         <property name="os" value="Windows 10 64bit"/>
         <property name="katalonVersion" value="5.8.6.1"/>
         <property name="browser" value="Chrome 71.0.3578.98"/>
         <property name="hostAddress" value="192.168.3.64"/>
         <property name="sessionId" value="31d58c77fe07b24788256893814c089d"/>
         <property name="seleniumVersion" value="3.7.1"/>
         <property name="proxyInformation" value="ProxyInformation{proxyOption=NO_PROXY, proxyServerType=HTTP, password=, proxyServerAddress=, proxyServerPort=0}"/>
         <property name="platform" value="Windows 10"/>
      </properties>
      <testcase name="Test Cases/TC_Login" classname="Test Cases/TC_Login" status="PASSED">
         <system-out><![CDATA[2019-01-22 12:24:03 - [TEST_CASE][PASSED] - Test Cases/TC_Login: Test Cases/TC_Login

2019-01-22 12:24:03 - [TEST_STEP][PASSED] - pk_Functions.CS_Login.LoginFun: pk_Functions.CS_Login.LoginFun is PASSED

2019-01-22 12:24:03 - [MESSAGE][WARNING] - Test object id is null

2019-01-22 12:24:18 - [MESSAGE][PASSED] - Browser is opened with url: 'http://192.168.0.190:8080/mof/#/'

2019-01-22 12:24:19 - [MESSAGE][PASSED] - Text 'AAttia' is set on object 'Object Repository/Login/Username'

2019-01-22 12:24:19 - [MESSAGE][PASSED] - Text '123' is set on object 'Object Repository/Login/Password'

2019-01-22 12:24:19 - [MESSAGE][PASSED] - Object: 'Object Repository/Login/Login' is clicked on

2019-01-22 12:24:19 - [MESSAGE][PASSED] - pk_Functions.CS_Login.LoginFun is PASSED]]></system-out>
         <system-err><![CDATA[]]></system-err>
      </testcase>
      <testcase name="Test Cases/Event Group Management/TC_Insert" classname="Test Cases/Event Group Management/TC_Insert" status="PASSED">
         <system-out><![CDATA[2019-01-22 12:24:19 - [TEST_CASE][PASSED] - Test Cases/Event Group Management/TC_Insert: Test Cases/Event Group Management/TC_Insert

2019-01-22 12:24:19 - [TEST_STEP][PASSED] - pk_Functions.CS_AllPageData.AllPageDataFun: pk_Functions.CS_AllPageData.AllPageDataFun is PASSED

2019-01-22 12:24:22 - [MESSAGE][PASSED] - Delayed 1 second(s)

2019-01-22 12:24:22 - [MESSAGE][PASSED] - Object: '' is clicked on

2019-01-22 12:24:23 - [MESSAGE][PASSED] - Delayed 1 second(s)

2019-01-22 12:24:23 - [MESSAGE][PASSED] - Object: '' is clicked on

2019-01-22 12:24:24 - [MESSAGE][PASSED] - Delayed 1 second(s)

2019-01-22 12:24:24 - [MESSAGE][PASSED] - Object: '' is clicked on

2019-01-22 12:24:25 - [MESSAGE][PASSED] - Delayed 1 second(s)

2019-01-22 12:24:25 - [MESSAGE][PASSED] - Object: '' is clicked on

2019-01-22 12:24:26 - [MESSAGE][PASSED] - Delayed 1 second(s)

2019-01-22 12:24:26 - [MESSAGE][PASSED] - Text '123' is set on object ''

2019-01-22 12:24:27 - [MESSAGE][PASSED] - Delayed 1 second(s)

2019-01-22 12:24:28 - [MESSAGE][PASSED] - Text 'Event Group Management' is set on object ''

2019-01-22 12:24:29 - [MESSAGE][PASSED] - Delayed 1 second(s)

2019-01-22 12:24:29 - [MESSAGE][PASSED] - Text 'Event Group Management' is set on object ''

2019-01-22 12:24:30 - [MESSAGE][PASSED] - Delayed 1 second(s)

2019-01-22 12:24:30 - [MESSAGE][PASSED] - Object: '' is clicked on

2019-01-22 12:24:31 - [MESSAGE][PASSED] - Delayed 1 second(s)

2019-01-22 12:24:31 - [MESSAGE][PASSED] - Object: '' is clicked on

2019-01-22 12:24:31 - [MESSAGE][PASSED] - pk_Functions.CS_AllPageData.AllPageDataFun is PASSED

2019-01-22 12:24:31 - [TEST_STEP][PASSED] - delay: Delayed 1 second(s)

2019-01-22 12:24:32 - [MESSAGE][PASSED] - Delayed 1 second(s)]]></system-out>
         <system-err><![CDATA[]]></system-err>
      </testcase>
      <testcase name="Test Cases/Event Group Management/TC_Insert" classname="Test Cases/Event Group Management/TC_Insert" status="PASSED">
         <system-out><![CDATA[2019-01-22 12:24:32 - [TEST_CASE][PASSED] - Test Cases/Event Group Management/TC_Insert: Test Cases/Event Group Management/TC_Insert

2019-01-22 12:24:32 - [TEST_STEP][PASSED] - pk_Functions.CS_AllPageData.AllPageDataFun: pk_Functions.CS_AllPageData.AllPageDataFun is PASSED

2019-01-22 12:24:33 - [MESSAGE][PASSED] - Delayed 1 second(s)

2019-01-22 12:24:33 - [MESSAGE][PASSED] - Object: '' is clicked on

2019-01-22 12:24:34 - [MESSAGE][PASSED] - Delayed 1 second(s)

2019-01-22 12:24:34 - [MESSAGE][PASSED] - Text '223' is set on object ''

2019-01-22 12:24:35 - [MESSAGE][PASSED] - Delayed 1 second(s)

2019-01-22 12:24:36 - [MESSAGE][PASSED] - Text 'جروب الادارة ' is set on object ''

2019-01-22 12:24:37 - [MESSAGE][PASSED] - Delayed 1 second(s)

2019-01-22 12:24:37 - [MESSAGE][PASSED] - Text 'Event Group Management' is set on object ''

2019-01-22 12:24:38 - [MESSAGE][PASSED] - Delayed 1 second(s)

2019-01-22 12:24:38 - [MESSAGE][PASSED] - Object: '' is clicked on

2019-01-22 12:24:39 - [MESSAGE][PASSED] - Delayed 1 second(s)

2019-01-22 12:24:39 - [MESSAGE][PASSED] - Object: '' is clicked on

2019-01-22 12:24:39 - [MESSAGE][PASSED] - pk_Functions.CS_AllPageData.AllPageDataFun is PASSED

2019-01-22 12:24:39 - [TEST_STEP][PASSED] - delay: Delayed 1 second(s)

2019-01-22 12:24:40 - [MESSAGE][PASSED] - Delayed 1 second(s)]]></system-out>
         <system-err><![CDATA[]]></system-err>
      </testcase>
      <testcase name="Test Cases/Event Group Management/TC_Delete" classname="Test Cases/Event Group Management/TC_Delete" status="PASSED">
         <system-out><![CDATA[2019-01-22 12:24:40 - [TEST_CASE][PASSED] - Test Cases/Event Group Management/TC_Delete: Test Cases/Event Group Management/TC_Delete

2019-01-22 12:24:40 - [TEST_STEP][PASSED] - pk_Functions.CS_SelectRecordFromWebtable_IPO.SelectRecordFromWebtableFun: pk_Functions.CS_SelectRecordFromWebtable_IPO.SelectRecordFromWebtableFun is PASSED

2019-01-22 12:24:44 - [MESSAGE][PASSED] - Delayed 4 second(s)

2019-01-22 12:24:49 - [MESSAGE][PASSED] - Delayed 4 second(s)

2019-01-22 12:24:49 - [MESSAGE][PASSED] - pk_Functions.CS_SelectRecordFromWebtable_IPO.SelectRecordFromWebtableFun is PASSED

2019-01-22 12:24:49 - [TEST_STEP][PASSED] - delay: Delayed 2 second(s)

2019-01-22 12:24:51 - [MESSAGE][PASSED] - Delayed 2 second(s)

2019-01-22 12:24:51 - [TEST_STEP][PASSED] - pk_Functions.CS_SpecificPageData.DataFun: pk_Functions.CS_SpecificPageData.DataFun is PASSED

2019-01-22 12:24:51 - [MESSAGE][PASSED] - Object: '' is clicked on

2019-01-22 12:24:51 - [MESSAGE][PASSED] - Object: '' is clicked on

2019-01-22 12:24:51 - [MESSAGE][PASSED] - pk_Functions.CS_SpecificPageData.DataFun is PASSED

2019-01-22 12:24:51 - [TEST_STEP][PASSED] - delay: Delayed 2 second(s)

2019-01-22 12:24:53 - [MESSAGE][PASSED] - Delayed 2 second(s)]]></system-out>
         <system-err><![CDATA[]]></system-err>
      </testcase>
      <testcase name="Test Cases/Event Group Management/TC_Delete" classname="Test Cases/Event Group Management/TC_Delete" status="PASSED">
         <system-out><![CDATA[2019-01-22 12:24:53 - [TEST_CASE][PASSED] - Test Cases/Event Group Management/TC_Delete: Test Cases/Event Group Management/TC_Delete

2019-01-22 12:24:53 - [TEST_STEP][PASSED] - pk_Functions.CS_SelectRecordFromWebtable_IPO.SelectRecordFromWebtableFun: pk_Functions.CS_SelectRecordFromWebtable_IPO.SelectRecordFromWebtableFun is PASSED

2019-01-22 12:24:57 - [MESSAGE][PASSED] - Delayed 4 second(s)

2019-01-22 12:25:01 - [MESSAGE][PASSED] - Delayed 4 second(s)

2019-01-22 12:25:01 - [MESSAGE][PASSED] - pk_Functions.CS_SelectRecordFromWebtable_IPO.SelectRecordFromWebtableFun is PASSED

2019-01-22 12:25:01 - [TEST_STEP][PASSED] - delay: Delayed 2 second(s)

2019-01-22 12:25:03 - [MESSAGE][PASSED] - Delayed 2 second(s)

2019-01-22 12:25:03 - [TEST_STEP][PASSED] - pk_Functions.CS_SpecificPageData.DataFun: pk_Functions.CS_SpecificPageData.DataFun is PASSED

2019-01-22 12:25:03 - [MESSAGE][PASSED] - Object: '' is clicked on

2019-01-22 12:25:03 - [MESSAGE][PASSED] - Object: '' is clicked on

2019-01-22 12:25:03 - [MESSAGE][PASSED] - pk_Functions.CS_SpecificPageData.DataFun is PASSED

2019-01-22 12:25:03 - [TEST_STEP][PASSED] - delay: Delayed 2 second(s)

2019-01-22 12:25:05 - [MESSAGE][PASSED] - Delayed 2 second(s)]]></system-out>
         <system-err><![CDATA[]]></system-err>
      </testcase>
      <system-out><![CDATA[2019-01-22 12:24:02 - [TEST_SUITE][PASSED] - TS_Event Group Management: Test Cases/Event Group Management/TC_Delete]]></system-out>
      <system-err><![CDATA[]]></system-err>
   </testsuite>
</testsuites>
